2014-04-12 15:21:16,181 INFO org.apache.hadoop.mapred.TaskTracker: STARTUP_MSG: 
/************************************************************
STARTUP_MSG: Starting TaskTracker
STARTUP_MSG:   host = gpu-014.davinci.rice.edu/192.168.110.214
STARTUP_MSG:   args = []
STARTUP_MSG:   version = 1.0.4-SNAPSHOT
STARTUP_MSG:   build =  -r ; compiled by 'jmg3' on Fri Apr 11 17:54:37 CDT 2014
************************************************************/
2014-04-12 15:21:16,350 INFO org.apache.hadoop.metrics2.impl.MetricsConfig: loaded properties from hadoop-metrics2.properties
2014-04-12 15:21:16,406 INFO org.apache.hadoop.metrics2.impl.MetricsSourceAdapter: MBean for source MetricsSystem,sub=Stats registered.
2014-04-12 15:21:16,407 INFO org.apache.hadoop.metrics2.impl.MetricsSystemImpl: Scheduled snapshot period at 10 second(s).
2014-04-12 15:21:16,407 INFO org.apache.hadoop.metrics2.impl.MetricsSystemImpl: TaskTracker metrics system started
2014-04-12 15:21:16,560 INFO org.apache.hadoop.metrics2.impl.MetricsSourceAdapter: MBean for source ugi registered.
2014-04-12 15:21:16,731 INFO org.mortbay.log: Logging to org.slf4j.impl.Log4jLoggerAdapter(org.mortbay.log) via org.mortbay.log.Slf4jLog
2014-04-12 15:21:16,782 INFO org.apache.hadoop.http.HttpServer: Added global filtersafety (class=org.apache.hadoop.http.HttpServer$QuotingInputFilter)
2014-04-12 15:21:16,803 INFO org.apache.hadoop.mapred.TaskLogsTruncater: Initializing logs' truncater with mapRetainSize=-1 and reduceRetainSize=-1
2014-04-12 15:21:16,807 INFO org.apache.hadoop.mapred.TaskTracker: Starting tasktracker with owner as jmg3
2014-04-12 15:21:16,808 INFO org.apache.hadoop.mapred.TaskTracker: Good mapred local directories are: /tmp/hadoop/hadoop-jmg3/mapred/local
2014-04-12 15:21:16,812 WARN org.apache.hadoop.util.NativeCodeLoader: Unable to load native-hadoop library for your platform... using builtin-java classes where applicable
2014-04-12 15:21:16,818 INFO org.apache.hadoop.metrics2.impl.MetricsSourceAdapter: MBean for source jvm registered.
2014-04-12 15:21:16,819 INFO org.apache.hadoop.metrics2.impl.MetricsSourceAdapter: MBean for source TaskTrackerMetrics registered.
2014-04-12 15:21:16,832 INFO org.apache.hadoop.ipc.Server: Starting SocketReader
2014-04-12 15:21:16,834 INFO org.apache.hadoop.metrics2.impl.MetricsSourceAdapter: MBean for source RpcDetailedActivityForPort57783 registered.
2014-04-12 15:21:16,834 INFO org.apache.hadoop.metrics2.impl.MetricsSourceAdapter: MBean for source RpcActivityForPort57783 registered.
2014-04-12 15:21:16,836 INFO org.apache.hadoop.ipc.Server: IPC Server listener on 57783: starting
2014-04-12 15:21:16,836 INFO org.apache.hadoop.ipc.Server: IPC Server Responder: starting
2014-04-12 15:21:16,837 INFO org.apache.hadoop.ipc.Server: IPC Server handler 0 on 57783: starting
2014-04-12 15:21:16,838 INFO org.apache.hadoop.ipc.Server: IPC Server handler 1 on 57783: starting
2014-04-12 15:21:16,838 INFO org.apache.hadoop.ipc.Server: IPC Server handler 3 on 57783: starting
2014-04-12 15:21:16,839 INFO org.apache.hadoop.ipc.Server: IPC Server handler 2 on 57783: starting
2014-04-12 15:21:16,839 INFO org.apache.hadoop.ipc.Server: IPC Server handler 4 on 57783: starting
2014-04-12 15:21:16,840 INFO org.apache.hadoop.ipc.Server: IPC Server handler 5 on 57783: starting
2014-04-12 15:21:16,840 INFO org.apache.hadoop.ipc.Server: IPC Server handler 6 on 57783: starting
2014-04-12 15:21:16,841 INFO org.apache.hadoop.ipc.Server: IPC Server handler 7 on 57783: starting
2014-04-12 15:21:16,841 INFO org.apache.hadoop.ipc.Server: IPC Server handler 8 on 57783: starting
2014-04-12 15:21:16,842 INFO org.apache.hadoop.ipc.Server: IPC Server handler 9 on 57783: starting
2014-04-12 15:21:16,842 INFO org.apache.hadoop.ipc.Server: IPC Server handler 10 on 57783: starting
2014-04-12 15:21:16,842 INFO org.apache.hadoop.ipc.Server: IPC Server handler 11 on 57783: starting
2014-04-12 15:21:16,843 INFO org.apache.hadoop.ipc.Server: IPC Server handler 12 on 57783: starting
2014-04-12 15:21:16,843 INFO org.apache.hadoop.ipc.Server: IPC Server handler 13 on 57783: starting
2014-04-12 15:21:16,844 INFO org.apache.hadoop.ipc.Server: IPC Server handler 14 on 57783: starting
2014-04-12 15:21:16,844 INFO org.apache.hadoop.ipc.Server: IPC Server handler 15 on 57783: starting
2014-04-12 15:21:16,845 INFO org.apache.hadoop.ipc.Server: IPC Server handler 16 on 57783: starting
2014-04-12 15:21:16,845 INFO org.apache.hadoop.ipc.Server: IPC Server handler 17 on 57783: starting
2014-04-12 15:21:16,845 INFO org.apache.hadoop.ipc.Server: IPC Server handler 18 on 57783: starting
2014-04-12 15:21:16,846 INFO org.apache.hadoop.ipc.Server: IPC Server handler 19 on 57783: starting
2014-04-12 15:21:16,846 INFO org.apache.hadoop.ipc.Server: IPC Server handler 20 on 57783: starting
2014-04-12 15:21:16,846 INFO org.apache.hadoop.ipc.Server: IPC Server handler 21 on 57783: starting
2014-04-12 15:21:16,847 INFO org.apache.hadoop.mapred.TaskTracker: TaskTracker up at: localhost/127.0.0.1:57783
2014-04-12 15:21:16,847 INFO org.apache.hadoop.mapred.TaskTracker: Starting tracker tracker_gpu-014.davinci.rice.edu:localhost/127.0.0.1:57783
2014-04-12 15:21:16,847 INFO org.apache.hadoop.ipc.Server: IPC Server handler 22 on 57783: starting
2014-04-12 15:21:16,847 INFO org.apache.hadoop.ipc.Server: IPC Server handler 23 on 57783: starting
2014-04-12 15:21:16,886 INFO org.apache.hadoop.mapred.TaskTracker: Starting thread: Map-events fetcher for all reduce tasks on tracker_gpu-014.davinci.rice.edu:localhost/127.0.0.1:57783
2014-04-12 15:21:16,895 INFO org.apache.hadoop.util.ProcessTree: setsid exited with exit code 0
2014-04-12 15:21:16,898 INFO org.apache.hadoop.mapred.TaskTracker:  Using ResourceCalculatorPlugin : org.apache.hadoop.util.LinuxResourceCalculatorPlugin@238258f1
2014-04-12 15:21:16,901 WARN org.apache.hadoop.mapred.TaskTracker: TaskTracker's totalMemoryAllottedForTasks is -1. TaskMemoryManager is disabled.
2014-04-12 15:21:16,904 INFO org.apache.hadoop.mapred.IndexCache: IndexCache created with max memory = 10485760
2014-04-12 15:21:18,490 INFO org.apache.hadoop.metrics2.impl.MetricsSourceAdapter: MBean for source ShuffleServerMetrics registered.
2014-04-12 15:21:18,493 INFO org.apache.hadoop.http.HttpServer: Port returned by webServer.getConnectors()[0].getLocalPort() before open() is -1. Opening the listener on 50061
2014-04-12 15:21:18,493 INFO org.apache.hadoop.http.HttpServer: listener.getLocalPort() returned 50061 webServer.getConnectors()[0].getLocalPort() returned 50061
2014-04-12 15:21:18,493 INFO org.apache.hadoop.http.HttpServer: Jetty bound to port 50061
2014-04-12 15:21:18,493 INFO org.mortbay.log: jetty-6.1.26
2014-04-12 15:21:18,770 INFO org.mortbay.log: Started SelectChannelConnector@0.0.0.0:50061
2014-04-12 15:21:18,770 INFO org.apache.hadoop.mapred.TaskTracker: FILE_CACHE_SIZE for mapOutputServlet set to : 2000
2014-04-12 15:22:40,026 INFO org.apache.hadoop.mapred.TaskTracker: LaunchTaskAction (registerTask): attempt_201404121521_0001_m_000013_0 task's state:UNASSIGNED
2014-04-12 15:22:40,029 INFO org.apache.hadoop.mapred.TaskTracker: Trying to launch : attempt_201404121521_0001_m_000013_0 which needs 1 slots
2014-04-12 15:22:40,029 INFO org.apache.hadoop.mapred.TaskTracker: In TaskLauncher, current free slots : 12 and trying to launch attempt_201404121521_0001_m_000013_0 which needs 1 slots
2014-04-12 15:22:40,179 INFO org.apache.hadoop.mapred.JobLocalizer: Initializing user jmg3 on this TT.
2014-04-12 15:22:40,310 INFO org.apache.hadoop.mapred.JvmManager: In JvmRunner constructed JVM ID: jvm_201404121521_0001_m_132143325
2014-04-12 15:22:40,311 INFO org.apache.hadoop.mapred.JvmManager: JVM Runner jvm_201404121521_0001_m_132143325 spawned.
2014-04-12 15:22:40,312 INFO org.apache.hadoop.mapred.TaskController: Writing commands to /tmp/hadoop/hadoop-jmg3/mapred/local/ttprivate/taskTracker/jmg3/jobcache/job_201404121521_0001/attempt_201404121521_0001_m_000013_0/taskjvm.sh
2014-04-12 15:22:40,972 INFO org.apache.hadoop.mapred.TaskTracker: JVM with ID: jvm_201404121521_0001_m_132143325 given task: attempt_201404121521_0001_m_000013_0
2014-04-12 15:22:44,404 INFO org.apache.hadoop.mapred.TaskTracker: attempt_201404121521_0001_m_000013_0 0.0% setup
2014-04-12 15:22:44,407 INFO org.apache.hadoop.mapred.TaskTracker: Task attempt_201404121521_0001_m_000013_0 is done.
2014-04-12 15:22:44,407 INFO org.apache.hadoop.mapred.TaskTracker: reported output size for attempt_201404121521_0001_m_000013_0  was -1
2014-04-12 15:22:44,407 INFO org.apache.hadoop.mapred.TaskTracker: addFreeSlot : current free slots : 12
2014-04-12 15:22:44,556 INFO org.apache.hadoop.mapred.JvmManager: JVM : jvm_201404121521_0001_m_132143325 exited with exit code 0. Number of tasks it ran: 1
2014-04-12 15:22:46,055 INFO org.apache.hadoop.mapred.TaskTracker: LaunchTaskAction (registerTask): attempt_201404121521_0001_m_000000_0 task's state:UNASSIGNED
2014-04-12 15:22:46,056 INFO org.apache.hadoop.mapred.TaskTracker: LaunchTaskAction (registerTask): attempt_201404121521_0001_m_000001_0 task's state:UNASSIGNED
2014-04-12 15:22:46,056 INFO org.apache.hadoop.mapred.TaskTracker: LaunchTaskAction (registerTask): attempt_201404121521_0001_m_000002_0 task's state:UNASSIGNED
2014-04-12 15:22:46,057 INFO org.apache.hadoop.mapred.TaskTracker: LaunchTaskAction (registerTask): attempt_201404121521_0001_m_000003_0 task's state:UNASSIGNED
2014-04-12 15:22:46,057 INFO org.apache.hadoop.mapred.TaskTracker: LaunchTaskAction (registerTask): attempt_201404121521_0001_m_000004_0 task's state:UNASSIGNED
2014-04-12 15:22:46,057 INFO org.apache.hadoop.mapred.TaskTracker: LaunchTaskAction (registerTask): attempt_201404121521_0001_m_000005_0 task's state:UNASSIGNED
2014-04-12 15:22:46,058 INFO org.apache.hadoop.mapred.TaskTracker: LaunchTaskAction (registerTask): attempt_201404121521_0001_m_000006_0 task's state:UNASSIGNED
2014-04-12 15:22:46,059 INFO org.apache.hadoop.mapred.TaskTracker: LaunchTaskAction (registerTask): attempt_201404121521_0001_m_000007_0 task's state:UNASSIGNED
2014-04-12 15:22:46,059 INFO org.apache.hadoop.mapred.TaskTracker: LaunchTaskAction (registerTask): attempt_201404121521_0001_m_000008_0 task's state:UNASSIGNED
2014-04-12 15:22:46,060 INFO org.apache.hadoop.mapred.TaskTracker: LaunchTaskAction (registerTask): attempt_201404121521_0001_m_000009_0 task's state:UNASSIGNED
2014-04-12 15:22:46,060 INFO org.apache.hadoop.mapred.TaskTracker: LaunchTaskAction (registerTask): attempt_201404121521_0001_m_000010_0 task's state:UNASSIGNED
2014-04-12 15:22:46,061 INFO org.apache.hadoop.mapred.TaskTracker: LaunchTaskAction (registerTask): attempt_201404121521_0001_m_000011_0 task's state:UNASSIGNED
2014-04-12 15:22:46,061 INFO org.apache.hadoop.mapred.TaskTracker: Trying to launch : attempt_201404121521_0001_m_000000_0 which needs 1 slots
2014-04-12 15:22:46,061 INFO org.apache.hadoop.mapred.TaskTracker: In TaskLauncher, current free slots : 12 and trying to launch attempt_201404121521_0001_m_000000_0 which needs 1 slots
2014-04-12 15:22:46,061 INFO org.apache.hadoop.mapred.TaskTracker: Received KillTaskAction for task: attempt_201404121521_0001_m_000013_0
2014-04-12 15:22:46,061 INFO org.apache.hadoop.mapred.TaskTracker: About to purge task: attempt_201404121521_0001_m_000013_0
2014-04-12 15:22:46,061 INFO org.apache.hadoop.mapred.TaskTracker: Trying to launch : attempt_201404121521_0001_m_000001_0 which needs 1 slots
2014-04-12 15:22:46,061 INFO org.apache.hadoop.mapred.TaskTracker: In TaskLauncher, current free slots : 11 and trying to launch attempt_201404121521_0001_m_000001_0 which needs 1 slots
2014-04-12 15:22:46,061 INFO org.apache.hadoop.mapred.IndexCache: Map ID attempt_201404121521_0001_m_000013_0 not found in cache
2014-04-12 15:22:46,062 INFO org.apache.hadoop.mapred.TaskTracker: Trying to launch : attempt_201404121521_0001_m_000002_0 which needs 1 slots
2014-04-12 15:22:46,062 INFO org.apache.hadoop.mapred.TaskTracker: In TaskLauncher, current free slots : 10 and trying to launch attempt_201404121521_0001_m_000002_0 which needs 1 slots
2014-04-12 15:22:46,062 INFO org.apache.hadoop.mapred.TaskTracker: Trying to launch : attempt_201404121521_0001_m_000003_0 which needs 1 slots
2014-04-12 15:22:46,063 INFO org.apache.hadoop.mapred.TaskTracker: In TaskLauncher, current free slots : 9 and trying to launch attempt_201404121521_0001_m_000003_0 which needs 1 slots
2014-04-12 15:22:46,064 INFO org.apache.hadoop.mapred.TaskTracker: Trying to launch : attempt_201404121521_0001_m_000004_0 which needs 1 slots
2014-04-12 15:22:46,064 INFO org.apache.hadoop.mapred.TaskTracker: In TaskLauncher, current free slots : 8 and trying to launch attempt_201404121521_0001_m_000004_0 which needs 1 slots
2014-04-12 15:22:46,065 INFO org.apache.hadoop.mapred.TaskTracker: Trying to launch : attempt_201404121521_0001_m_000005_0 which needs 1 slots
2014-04-12 15:22:46,066 INFO org.apache.hadoop.mapred.TaskTracker: In TaskLauncher, current free slots : 7 and trying to launch attempt_201404121521_0001_m_000005_0 which needs 1 slots
2014-04-12 15:22:46,066 INFO org.apache.hadoop.mapred.TaskTracker: Trying to launch : attempt_201404121521_0001_m_000006_0 which needs 1 slots
2014-04-12 15:22:46,066 INFO org.apache.hadoop.mapred.TaskTracker: In TaskLauncher, current free slots : 6 and trying to launch attempt_201404121521_0001_m_000006_0 which needs 1 slots
2014-04-12 15:22:46,067 INFO org.apache.hadoop.mapred.TaskTracker: Trying to launch : attempt_201404121521_0001_m_000007_0 which needs 1 slots
2014-04-12 15:22:46,067 INFO org.apache.hadoop.mapred.TaskTracker: In TaskLauncher, current free slots : 5 and trying to launch attempt_201404121521_0001_m_000007_0 which needs 1 slots
2014-04-12 15:22:46,068 INFO org.apache.hadoop.mapred.TaskTracker: Trying to launch : attempt_201404121521_0001_m_000008_0 which needs 1 slots
2014-04-12 15:22:46,069 INFO org.apache.hadoop.mapred.TaskTracker: In TaskLauncher, current free slots : 4 and trying to launch attempt_201404121521_0001_m_000008_0 which needs 1 slots
2014-04-12 15:22:46,070 INFO org.apache.hadoop.mapred.TaskTracker: Trying to launch : attempt_201404121521_0001_m_000009_0 which needs 1 slots
2014-04-12 15:22:46,070 INFO org.apache.hadoop.mapred.TaskTracker: In TaskLauncher, current free slots : 3 and trying to launch attempt_201404121521_0001_m_000009_0 which needs 1 slots
2014-04-12 15:22:46,070 INFO org.apache.hadoop.mapred.TaskTracker: Trying to launch : attempt_201404121521_0001_m_000010_0 which needs 1 slots
2014-04-12 15:22:46,071 INFO org.apache.hadoop.mapred.TaskTracker: In TaskLauncher, current free slots : 2 and trying to launch attempt_201404121521_0001_m_000010_0 which needs 1 slots
2014-04-12 15:22:46,071 INFO org.apache.hadoop.mapred.TaskTracker: Trying to launch : attempt_201404121521_0001_m_000011_0 which needs 1 slots
2014-04-12 15:22:46,072 INFO org.apache.hadoop.mapred.TaskTracker: In TaskLauncher, current free slots : 1 and trying to launch attempt_201404121521_0001_m_000011_0 which needs 1 slots
2014-04-12 15:22:46,077 INFO org.apache.hadoop.mapred.JvmManager: In JvmRunner constructed JVM ID: jvm_201404121521_0001_m_1132927239
2014-04-12 15:22:46,078 INFO org.apache.hadoop.mapred.JvmManager: JVM Runner jvm_201404121521_0001_m_1132927239 spawned.
2014-04-12 15:22:46,080 INFO org.apache.hadoop.mapred.JvmManager: In JvmRunner constructed JVM ID: jvm_201404121521_0001_m_1858629108
2014-04-12 15:22:46,080 INFO org.apache.hadoop.mapred.JvmManager: JVM Runner jvm_201404121521_0001_m_1858629108 spawned.
2014-04-12 15:22:46,081 INFO org.apache.hadoop.mapred.JvmManager: In JvmRunner constructed JVM ID: jvm_201404121521_0001_m_574238265
2014-04-12 15:22:46,081 INFO org.apache.hadoop.mapred.JvmManager: JVM Runner jvm_201404121521_0001_m_574238265 spawned.
2014-04-12 15:22:46,081 INFO org.apache.hadoop.mapred.JvmManager: In JvmRunner constructed JVM ID: jvm_201404121521_0001_m_110043716
2014-04-12 15:22:46,081 INFO org.apache.hadoop.mapred.JvmManager: JVM Runner jvm_201404121521_0001_m_110043716 spawned.
2014-04-12 15:22:46,082 INFO org.apache.hadoop.mapred.TaskController: Writing commands to /tmp/hadoop/hadoop-jmg3/mapred/local/ttprivate/taskTracker/jmg3/jobcache/job_201404121521_0001/attempt_201404121521_0001_m_000000_0/taskjvm.sh
2014-04-12 15:22:46,082 INFO org.apache.hadoop.mapred.JvmManager: In JvmRunner constructed JVM ID: jvm_201404121521_0001_m_337352687
2014-04-12 15:22:46,082 INFO org.apache.hadoop.mapred.JvmManager: JVM Runner jvm_201404121521_0001_m_337352687 spawned.
2014-04-12 15:22:46,083 INFO org.apache.hadoop.mapred.JvmManager: In JvmRunner constructed JVM ID: jvm_201404121521_0001_m_1521100065
2014-04-12 15:22:46,083 INFO org.apache.hadoop.mapred.JvmManager: JVM Runner jvm_201404121521_0001_m_1521100065 spawned.
2014-04-12 15:22:46,083 INFO org.apache.hadoop.mapred.JvmManager: In JvmRunner constructed JVM ID: jvm_201404121521_0001_m_1993216286
2014-04-12 15:22:46,084 INFO org.apache.hadoop.mapred.JvmManager: JVM Runner jvm_201404121521_0001_m_1993216286 spawned.
2014-04-12 15:22:46,084 INFO org.apache.hadoop.mapred.TaskController: Writing commands to /tmp/hadoop/hadoop-jmg3/mapred/local/ttprivate/taskTracker/jmg3/jobcache/job_201404121521_0001/attempt_201404121521_0001_m_000002_0/taskjvm.sh
2014-04-12 15:22:46,084 INFO org.apache.hadoop.mapred.JvmManager: In JvmRunner constructed JVM ID: jvm_201404121521_0001_m_333835043
2014-04-12 15:22:46,085 INFO org.apache.hadoop.mapred.JvmManager: JVM Runner jvm_201404121521_0001_m_333835043 spawned.
2014-04-12 15:22:46,085 INFO org.apache.hadoop.mapred.JvmManager: In JvmRunner constructed JVM ID: jvm_201404121521_0001_m_1123950297
2014-04-12 15:22:46,085 INFO org.apache.hadoop.mapred.TaskController: Writing commands to /tmp/hadoop/hadoop-jmg3/mapred/local/ttprivate/taskTracker/jmg3/jobcache/job_201404121521_0001/attempt_201404121521_0001_m_000006_0/taskjvm.sh
2014-04-12 15:22:46,085 INFO org.apache.hadoop.mapred.JvmManager: JVM Runner jvm_201404121521_0001_m_1123950297 spawned.
2014-04-12 15:22:46,085 INFO org.apache.hadoop.mapred.TaskController: Writing commands to /tmp/hadoop/hadoop-jmg3/mapred/local/ttprivate/taskTracker/jmg3/jobcache/job_201404121521_0001/attempt_201404121521_0001_m_000003_0/taskjvm.sh
2014-04-12 15:22:46,085 INFO org.apache.hadoop.mapred.TaskController: Writing commands to /tmp/hadoop/hadoop-jmg3/mapred/local/ttprivate/taskTracker/jmg3/jobcache/job_201404121521_0001/attempt_201404121521_0001_m_000005_0/taskjvm.sh
2014-04-12 15:22:46,086 INFO org.apache.hadoop.mapred.TaskController: Writing commands to /tmp/hadoop/hadoop-jmg3/mapred/local/ttprivate/taskTracker/jmg3/jobcache/job_201404121521_0001/attempt_201404121521_0001_m_000010_0/taskjvm.sh
2014-04-12 15:22:46,086 INFO org.apache.hadoop.mapred.TaskController: Writing commands to /tmp/hadoop/hadoop-jmg3/mapred/local/ttprivate/taskTracker/jmg3/jobcache/job_201404121521_0001/attempt_201404121521_0001_m_000001_0/taskjvm.sh
2014-04-12 15:22:46,093 INFO org.apache.hadoop.mapred.JvmManager: In JvmRunner constructed JVM ID: jvm_201404121521_0001_m_2143679991
2014-04-12 15:22:46,095 INFO org.apache.hadoop.mapred.JvmManager: JVM Runner jvm_201404121521_0001_m_2143679991 spawned.
2014-04-12 15:22:46,095 INFO org.apache.hadoop.mapred.JvmManager: In JvmRunner constructed JVM ID: jvm_201404121521_0001_m_892466820
2014-04-12 15:22:46,096 INFO org.apache.hadoop.mapred.TaskController: Writing commands to /tmp/hadoop/hadoop-jmg3/mapred/local/ttprivate/taskTracker/jmg3/jobcache/job_201404121521_0001/attempt_201404121521_0001_m_000007_0/taskjvm.sh
2014-04-12 15:22:46,096 INFO org.apache.hadoop.mapred.JvmManager: JVM Runner jvm_201404121521_0001_m_892466820 spawned.
2014-04-12 15:22:46,097 INFO org.apache.hadoop.mapred.JvmManager: In JvmRunner constructed JVM ID: jvm_201404121521_0001_m_764177274
2014-04-12 15:22:46,097 INFO org.apache.hadoop.mapred.TaskController: Writing commands to /tmp/hadoop/hadoop-jmg3/mapred/local/ttprivate/taskTracker/jmg3/jobcache/job_201404121521_0001/attempt_201404121521_0001_m_000004_0/taskjvm.sh
2014-04-12 15:22:46,099 INFO org.apache.hadoop.mapred.JvmManager: JVM Runner jvm_201404121521_0001_m_764177274 spawned.
2014-04-12 15:22:46,102 INFO org.apache.hadoop.mapred.TaskController: Writing commands to /tmp/hadoop/hadoop-jmg3/mapred/local/ttprivate/taskTracker/jmg3/jobcache/job_201404121521_0001/attempt_201404121521_0001_m_000009_0/taskjvm.sh
2014-04-12 15:22:46,102 INFO org.apache.hadoop.mapred.TaskController: Writing commands to /tmp/hadoop/hadoop-jmg3/mapred/local/ttprivate/taskTracker/jmg3/jobcache/job_201404121521_0001/attempt_201404121521_0001_m_000008_0/taskjvm.sh
2014-04-12 15:22:46,115 INFO org.apache.hadoop.mapred.TaskController: Writing commands to /tmp/hadoop/hadoop-jmg3/mapred/local/ttprivate/taskTracker/jmg3/jobcache/job_201404121521_0001/attempt_201404121521_0001_m_000011_0/taskjvm.sh
2014-04-12 15:22:47,123 INFO org.apache.hadoop.mapred.TaskTracker: JVM with ID: jvm_201404121521_0001_m_574238265 given task: attempt_201404121521_0001_m_000003_0
2014-04-12 15:22:47,124 INFO org.apache.hadoop.mapred.TaskTracker: JVM with ID: jvm_201404121521_0001_m_1132927239 given task: attempt_201404121521_0001_m_000000_0
2014-04-12 15:22:47,129 INFO org.apache.hadoop.mapred.TaskTracker: JVM with ID: jvm_201404121521_0001_m_1993216286 given task: attempt_201404121521_0001_m_000001_0
2014-04-12 15:22:47,135 INFO org.apache.hadoop.mapred.TaskTracker: JVM with ID: jvm_201404121521_0001_m_110043716 given task: attempt_201404121521_0001_m_000006_0
2014-04-12 15:22:47,157 INFO org.apache.hadoop.mapred.TaskTracker: JVM with ID: jvm_201404121521_0001_m_892466820 given task: attempt_201404121521_0001_m_000011_0
2014-04-12 15:22:47,168 INFO org.apache.hadoop.mapred.TaskTracker: JVM with ID: jvm_201404121521_0001_m_1521100065 given task: attempt_201404121521_0001_m_000005_0
2014-04-12 15:22:47,170 INFO org.apache.hadoop.mapred.TaskTracker: JVM with ID: jvm_201404121521_0001_m_333835043 given task: attempt_201404121521_0001_m_000007_0
2014-04-12 15:22:47,173 INFO org.apache.hadoop.mapred.TaskTracker: JVM with ID: jvm_201404121521_0001_m_1858629108 given task: attempt_201404121521_0001_m_000002_0
2014-04-12 15:22:47,174 INFO org.apache.hadoop.mapred.TaskTracker: JVM with ID: jvm_201404121521_0001_m_1123950297 given task: attempt_201404121521_0001_m_000009_0
2014-04-12 15:22:47,184 INFO org.apache.hadoop.mapred.TaskTracker: JVM with ID: jvm_201404121521_0001_m_764177274 given task: attempt_201404121521_0001_m_000008_0
2014-04-12 15:22:47,230 INFO org.apache.hadoop.mapred.TaskTracker: JVM with ID: jvm_201404121521_0001_m_337352687 given task: attempt_201404121521_0001_m_000010_0
2014-04-12 15:22:47,257 INFO org.apache.hadoop.mapred.TaskTracker: JVM with ID: jvm_201404121521_0001_m_2143679991 given task: attempt_201404121521_0001_m_000004_0
2014-04-12 15:22:54,802 INFO org.apache.hadoop.mapred.TaskTracker: attempt_201404121521_0001_m_000003_0 0.37596342% 
2014-04-12 15:22:55,074 INFO org.apache.hadoop.mapred.TaskTracker: attempt_201404121521_0001_m_000005_0 0.18125641% 
2014-04-12 15:22:55,081 INFO org.apache.hadoop.mapred.TaskTracker: attempt_201404121521_0001_m_000002_0 0.14243527% 
2014-04-12 15:22:55,377 INFO org.apache.hadoop.mapred.TaskTracker: attempt_201404121521_0001_m_000010_0 0.14348225% 
2014-04-12 15:22:55,430 INFO org.apache.hadoop.mapred.TaskTracker: attempt_201404121521_0001_m_000011_0 0.13886599% 
2014-04-12 15:22:55,463 INFO org.apache.hadoop.mapred.TaskTracker: attempt_201404121521_0001_m_000000_0 0.14243063% 
2014-04-12 15:22:55,558 INFO org.apache.hadoop.mapred.TaskTracker: attempt_201404121521_0001_m_000004_0 0.1493435% 
2014-04-12 15:22:57,495 INFO org.apache.hadoop.mapred.TaskTracker: attempt_201404121521_0001_m_000008_0 0.25185427% 
2014-04-12 15:22:57,551 INFO org.apache.hadoop.mapred.TaskTracker: attempt_201404121521_0001_m_000001_0 0.23144822% 
2014-04-12 15:22:57,570 INFO org.apache.hadoop.mapred.TaskTracker: attempt_201404121521_0001_m_000006_0 0.25164226% 
2014-04-12 15:22:57,574 INFO org.apache.hadoop.mapred.TaskTracker: attempt_201404121521_0001_m_000007_0 0.35917595% 
2014-04-12 15:22:57,602 INFO org.apache.hadoop.mapred.TaskTracker: attempt_201404121521_0001_m_000009_0 0.24128968% 
2014-04-12 15:22:58,175 INFO org.apache.hadoop.mapred.TaskTracker: attempt_201404121521_0001_m_000003_0 0.6060571% 
2014-04-12 15:22:58,452 INFO org.apache.hadoop.mapred.TaskTracker: attempt_201404121521_0001_m_000002_0 0.30111057% 
2014-04-12 15:22:58,495 INFO org.apache.hadoop.mapred.TaskTracker: attempt_201404121521_0001_m_000005_0 0.31921792% 
2014-04-12 15:22:58,835 INFO org.apache.hadoop.mapred.TaskTracker: attempt_201404121521_0001_m_000010_0 0.2918556% 
2014-04-12 15:22:58,852 INFO org.apache.hadoop.mapred.TaskTracker: attempt_201404121521_0001_m_000011_0 0.3237101% 
2014-04-12 15:22:58,870 INFO org.apache.hadoop.mapred.TaskTracker: attempt_201404121521_0001_m_000000_0 0.29584432% 
2014-04-12 15:22:58,940 INFO org.apache.hadoop.mapred.TaskTracker: attempt_201404121521_0001_m_000004_0 0.27621248% 
2014-04-12 15:23:00,945 INFO org.apache.hadoop.mapred.TaskTracker: attempt_201404121521_0001_m_000001_0 0.3230848% 
2014-04-12 15:23:00,972 INFO org.apache.hadoop.mapred.TaskTracker: attempt_201404121521_0001_m_000006_0 0.32086903% 
2014-04-12 15:23:01,011 INFO org.apache.hadoop.mapred.TaskTracker: attempt_201404121521_0001_m_000008_0 0.34217036% 
2014-04-12 15:23:01,013 INFO org.apache.hadoop.mapred.TaskTracker: attempt_201404121521_0001_m_000007_0 0.41162214% 
2014-04-12 15:23:01,082 INFO org.apache.hadoop.mapred.TaskTracker: attempt_201404121521_0001_m_000009_0 0.3452421% 
2014-04-12 15:23:01,421 INFO org.apache.hadoop.mapred.TaskTracker: attempt_201404121521_0001_m_000003_0 0.69180644% 
2014-04-12 15:23:01,866 INFO org.apache.hadoop.mapred.TaskTracker: attempt_201404121521_0001_m_000005_0 0.41930836% 
2014-04-12 15:23:02,188 INFO org.apache.hadoop.mapred.TaskTracker: attempt_201404121521_0001_m_000002_0 0.38347018% 
2014-04-12 15:23:02,272 INFO org.apache.hadoop.mapred.TaskTracker: attempt_201404121521_0001_m_000000_0 0.40502182% 
2014-04-12 15:23:02,274 INFO org.apache.hadoop.mapred.TaskTracker: attempt_201404121521_0001_m_000011_0 0.41795182% 
2014-04-12 15:23:02,309 INFO org.apache.hadoop.mapred.TaskTracker: attempt_201404121521_0001_m_000004_0 0.37622207% 
2014-04-12 15:23:02,522 INFO org.apache.hadoop.mapred.TaskTracker: attempt_201404121521_0001_m_000010_0 0.39715502% 
2014-04-12 15:23:04,385 INFO org.apache.hadoop.mapred.TaskTracker: attempt_201404121521_0001_m_000007_0 0.50084686% 
2014-04-12 15:23:04,412 INFO org.apache.hadoop.mapred.TaskTracker: attempt_201404121521_0001_m_000001_0 0.42219883% 
2014-04-12 15:23:04,597 INFO org.apache.hadoop.mapred.TaskTracker: attempt_201404121521_0001_m_000006_0 0.39263645% 
2014-04-12 15:23:04,629 INFO org.apache.hadoop.mapred.TaskTracker: attempt_201404121521_0001_m_000008_0 0.40906152% 
2014-04-12 15:23:04,696 INFO org.apache.hadoop.mapred.TaskTracker: attempt_201404121521_0001_m_000009_0 0.3877047% 
2014-04-12 15:23:05,262 INFO org.apache.hadoop.mapred.TaskTracker: attempt_201404121521_0001_m_000005_0 0.5201903% 
2014-04-12 15:23:05,425 INFO org.apache.hadoop.mapred.TaskTracker: attempt_201404121521_0001_m_000003_0 0.780545% 
2014-04-12 15:23:05,461 INFO org.apache.hadoop.mapred.TaskTracker: attempt_201404121521_0001_m_000002_0 0.4532414% 
2014-04-12 15:23:05,748 INFO org.apache.hadoop.mapred.TaskTracker: attempt_201404121521_0001_m_000000_0 0.48343378% 
2014-04-12 15:23:05,750 INFO org.apache.hadoop.mapred.TaskTracker: attempt_201404121521_0001_m_000004_0 0.46380913% 
2014-04-12 15:23:05,787 INFO org.apache.hadoop.mapred.TaskTracker: attempt_201404121521_0001_m_000011_0 0.5070408% 
2014-04-12 15:23:05,910 INFO org.apache.hadoop.mapred.TaskTracker: attempt_201404121521_0001_m_000010_0 0.48453742% 
2014-04-12 15:23:07,719 INFO org.apache.hadoop.mapred.TaskTracker: attempt_201404121521_0001_m_000007_0 0.5625495% 
2014-04-12 15:23:08,148 INFO org.apache.hadoop.mapred.TaskTracker: attempt_201404121521_0001_m_000009_0 0.43318793% 
2014-04-12 15:23:08,149 INFO org.apache.hadoop.mapred.TaskTracker: attempt_201404121521_0001_m_000001_0 0.5275439% 
2014-04-12 15:23:08,149 INFO org.apache.hadoop.mapred.TaskTracker: attempt_201404121521_0001_m_000008_0 0.501199% 
2014-04-12 15:23:08,150 INFO org.apache.hadoop.mapred.TaskTracker: attempt_201404121521_0001_m_000006_0 0.4974312% 
2014-04-12 15:23:08,847 INFO org.apache.hadoop.mapred.TaskTracker: attempt_201404121521_0001_m_000003_0 0.8666002% 
2014-04-12 15:23:09,133 INFO org.apache.hadoop.mapred.TaskTracker: attempt_201404121521_0001_m_000000_0 0.53279835% 
2014-04-12 15:23:09,266 INFO org.apache.hadoop.mapred.TaskTracker: attempt_201404121521_0001_m_000005_0 0.6037301% 
2014-04-12 15:23:09,314 INFO org.apache.hadoop.mapred.TaskTracker: attempt_201404121521_0001_m_000004_0 0.54370904% 
2014-04-12 15:23:09,323 INFO org.apache.hadoop.mapred.TaskTracker: attempt_201404121521_0001_m_000010_0 0.5604306% 
2014-04-12 15:23:09,336 INFO org.apache.hadoop.mapred.TaskTracker: attempt_201404121521_0001_m_000011_0 0.58059996% 
2014-04-12 15:23:09,622 INFO org.apache.hadoop.mapred.TaskTracker: attempt_201404121521_0001_m_000002_0 0.53388935% 
2014-04-12 15:23:11,469 INFO org.apache.hadoop.mapred.TaskTracker: attempt_201404121521_0001_m_000001_0 0.61318654% 
2014-04-12 15:23:11,479 INFO org.apache.hadoop.mapred.TaskTracker: attempt_201404121521_0001_m_000009_0 0.5190605% 
2014-04-12 15:23:11,495 INFO org.apache.hadoop.mapred.TaskTracker: attempt_201404121521_0001_m_000006_0 0.5680413% 
2014-04-12 15:23:11,547 INFO org.apache.hadoop.mapred.TaskTracker: attempt_201404121521_0001_m_000008_0 0.56610644% 
2014-04-12 15:23:12,002 INFO org.apache.hadoop.mapred.TaskTracker: attempt_201404121521_0001_m_000007_0 0.65809065% 
2014-04-12 15:23:12,091 INFO org.apache.hadoop.mapred.TaskTracker: attempt_201404121521_0001_m_000003_0 0.9316055% 
2014-04-12 15:23:12,601 INFO org.apache.hadoop.mapred.TaskTracker: attempt_201404121521_0001_m_000000_0 0.6198619% 
2014-04-12 15:23:12,648 INFO org.apache.hadoop.mapred.TaskTracker: attempt_201404121521_0001_m_000011_0 0.66512936% 
2014-04-12 15:23:12,707 INFO org.apache.hadoop.mapred.TaskTracker: attempt_201404121521_0001_m_000004_0 0.6289349% 
2014-04-12 15:23:12,714 INFO org.apache.hadoop.mapred.TaskTracker: attempt_201404121521_0001_m_000005_0 0.67186373% 
2014-04-12 15:23:12,763 INFO org.apache.hadoop.mapred.TaskTracker: attempt_201404121521_0001_m_000010_0 0.6504834% 
2014-04-12 15:23:12,970 INFO org.apache.hadoop.mapred.TaskTracker: attempt_201404121521_0001_m_000002_0 0.63052624% 
2014-04-12 15:23:14,793 INFO org.apache.hadoop.mapred.TaskTracker: attempt_201404121521_0001_m_000009_0 0.55926526% 
2014-04-12 15:23:14,835 INFO org.apache.hadoop.mapred.TaskTracker: attempt_201404121521_0001_m_000001_0 0.695383% 
2014-04-12 15:23:14,969 INFO org.apache.hadoop.mapred.TaskTracker: attempt_201404121521_0001_m_000008_0 0.6555877% 
2014-04-12 15:23:15,308 INFO org.apache.hadoop.mapred.TaskTracker: attempt_201404121521_0001_m_000007_0 0.7647243% 
2014-04-12 15:23:15,417 INFO org.apache.hadoop.mapred.TaskTracker: attempt_201404121521_0001_m_000003_0 1.0% 
2014-04-12 15:23:15,522 INFO org.apache.hadoop.mapred.TaskTracker: attempt_201404121521_0001_m_000006_0 0.659544% 
2014-04-12 15:23:16,010 INFO org.apache.hadoop.mapred.TaskTracker: attempt_201404121521_0001_m_000004_0 0.6735401% 
2014-04-12 15:23:16,185 INFO org.apache.hadoop.mapred.TaskTracker: attempt_201404121521_0001_m_000010_0 0.7316981% 
2014-04-12 15:23:16,224 INFO org.apache.hadoop.mapred.TaskTracker: attempt_201404121521_0001_m_000000_0 0.6659093% 
2014-04-12 15:23:16,263 INFO org.apache.hadoop.mapred.TaskTracker: attempt_201404121521_0001_m_000011_0 0.7768401% 
2014-04-12 15:23:16,289 INFO org.apache.hadoop.mapred.TaskTracker: attempt_201404121521_0001_m_000002_0 0.74019974% 
2014-04-12 15:23:16,300 INFO org.apache.hadoop.mapred.TaskTracker: attempt_201404121521_0001_m_000005_0 0.7830485% 
2014-04-12 15:23:18,102 INFO org.apache.hadoop.mapred.TaskTracker: attempt_201404121521_0001_m_000001_0 0.7984158% 
2014-04-12 15:23:18,637 INFO org.apache.hadoop.mapred.TaskTracker: attempt_201404121521_0001_m_000007_0 0.8534006% 
2014-04-12 15:23:18,685 INFO org.apache.hadoop.mapred.TaskTracker: attempt_201404121521_0001_m_000009_0 0.6588517% 
2014-04-12 15:23:18,769 INFO org.apache.hadoop.mapred.TaskTracker: attempt_201404121521_0001_m_000003_0 1.0% 
2014-04-12 15:23:19,222 INFO org.apache.hadoop.mapred.TaskTracker: attempt_201404121521_0001_m_000006_0 0.77466494% 
2014-04-12 15:23:19,324 INFO org.apache.hadoop.mapred.TaskTracker: attempt_201404121521_0001_m_000008_0 0.76240444% 
2014-04-12 15:23:19,448 INFO org.apache.hadoop.mapred.TaskTracker: attempt_201404121521_0001_m_000004_0 0.77987874% 
2014-04-12 15:23:19,526 INFO org.apache.hadoop.mapred.TaskTracker: attempt_201404121521_0001_m_000000_0 0.77495754% 
2014-04-12 15:23:19,544 INFO org.apache.hadoop.mapred.TaskTracker: attempt_201404121521_0001_m_000010_0 0.8164743% 
2014-04-12 15:23:19,567 INFO org.apache.hadoop.mapred.TaskTracker: attempt_201404121521_0001_m_000002_0 0.819279% 
2014-04-12 15:23:19,674 INFO org.apache.hadoop.mapred.TaskTracker: attempt_201404121521_0001_m_000005_0 0.8800335% 
2014-04-12 15:23:19,684 INFO org.apache.hadoop.mapred.TaskTracker: attempt_201404121521_0001_m_000011_0 0.8790312% 
2014-04-12 15:23:21,850 INFO org.apache.hadoop.mapred.TaskTracker: attempt_201404121521_0001_m_000001_0 0.89714336% 
2014-04-12 15:23:21,927 INFO org.apache.hadoop.mapred.TaskTracker: attempt_201404121521_0001_m_000007_0 0.9284945% 
2014-04-12 15:23:22,001 INFO org.apache.hadoop.mapred.TaskTracker: attempt_201404121521_0001_m_000003_0 1.0% 
2014-04-12 15:23:22,274 INFO org.apache.hadoop.mapred.TaskTracker: attempt_201404121521_0001_m_000009_0 0.77269965% 
2014-04-12 15:23:22,525 INFO org.apache.hadoop.mapred.TaskTracker: attempt_201404121521_0001_m_000006_0 0.87383366% 
2014-04-12 15:23:22,597 INFO org.apache.hadoop.mapred.TaskTracker: attempt_201404121521_0001_m_000008_0 0.85129166% 
2014-04-12 15:23:22,693 INFO org.apache.hadoop.mapred.TaskTracker: attempt_201404121521_0001_m_000004_0 0.87995416% 
2014-04-12 15:23:22,914 INFO org.apache.hadoop.mapred.TaskTracker: attempt_201404121521_0001_m_000000_0 0.8730911% 
2014-04-12 15:23:22,930 INFO org.apache.hadoop.mapred.TaskTracker: attempt_201404121521_0001_m_000011_0 0.9538752% 
2014-04-12 15:23:22,975 INFO org.apache.hadoop.mapred.TaskTracker: attempt_201404121521_0001_m_000005_0 0.9653879% 
2014-04-12 15:23:23,315 INFO org.apache.hadoop.mapred.TaskTracker: attempt_201404121521_0001_m_000002_0 0.9076791% 
2014-04-12 15:23:23,426 INFO org.apache.hadoop.mapred.TaskTracker: attempt_201404121521_0001_m_000010_0 0.9091042% 
2014-04-12 15:23:25,134 INFO org.apache.hadoop.mapred.TaskTracker: attempt_201404121521_0001_m_000007_0 1.0% 
2014-04-12 15:23:25,141 INFO org.apache.hadoop.mapred.TaskTracker: attempt_201404121521_0001_m_000001_0 1.0% 
2014-04-12 15:23:25,290 INFO org.apache.hadoop.mapred.TaskTracker: attempt_201404121521_0001_m_000003_0 1.0% 
2014-04-12 15:23:25,776 INFO org.apache.hadoop.mapred.TaskTracker: attempt_201404121521_0001_m_000006_0 0.9819839% 
2014-04-12 15:23:25,865 INFO org.apache.hadoop.mapred.TaskTracker: attempt_201404121521_0001_m_000004_0 0.98170096% 
2014-04-12 15:23:25,956 INFO org.apache.hadoop.mapred.TaskTracker: attempt_201404121521_0001_m_000008_0 0.97867% 
2014-04-12 15:23:26,141 INFO org.apache.hadoop.mapred.TaskTracker: attempt_201404121521_0001_m_000009_0 0.9049503% 
2014-04-12 15:23:26,173 INFO org.apache.hadoop.mapred.TaskTracker: attempt_201404121521_0001_m_000000_0 0.99160355% 
2014-04-12 15:23:26,220 INFO org.apache.hadoop.mapred.TaskTracker: attempt_201404121521_0001_m_000011_0 1.0% 
2014-04-12 15:23:26,239 INFO org.apache.hadoop.mapred.TaskTracker: attempt_201404121521_0001_m_000005_0 1.0% 
2014-04-12 15:23:26,575 INFO org.apache.hadoop.mapred.TaskTracker: attempt_201404121521_0001_m_000002_0 1.0% 
2014-04-12 15:23:26,654 INFO org.apache.hadoop.mapred.TaskTracker: attempt_201404121521_0001_m_000010_0 1.0% 
2014-04-12 15:23:28,271 INFO org.apache.hadoop.mapred.TaskTracker: attempt_201404121521_0001_m_000007_0 1.0% 
2014-04-12 15:23:28,332 INFO org.apache.hadoop.mapred.TaskTracker: attempt_201404121521_0001_m_000001_0 1.0% 
2014-04-12 15:23:28,445 INFO org.apache.hadoop.mapred.TaskTracker: attempt_201404121521_0001_m_000003_0 1.0% 
2014-04-12 15:23:29,016 INFO org.apache.hadoop.mapred.TaskTracker: attempt_201404121521_0001_m_000006_0 1.0% 
2014-04-12 15:23:29,079 INFO org.apache.hadoop.mapred.TaskTracker: attempt_201404121521_0001_m_000004_0 1.0% 
2014-04-12 15:23:29,238 INFO org.apache.hadoop.mapred.TaskTracker: attempt_201404121521_0001_m_000008_0 1.0% 
2014-04-12 15:23:29,338 INFO org.apache.hadoop.mapred.TaskTracker: attempt_201404121521_0001_m_000000_0 1.0% 
2014-04-12 15:23:29,409 INFO org.apache.hadoop.mapred.TaskTracker: attempt_201404121521_0001_m_000011_0 1.0% 
2014-04-12 15:23:29,412 INFO org.apache.hadoop.mapred.TaskTracker: attempt_201404121521_0001_m_000005_0 1.0% 
2014-04-12 15:23:29,440 INFO org.apache.hadoop.mapred.TaskTracker: attempt_201404121521_0001_m_000009_0 1.0% 
2014-04-12 15:23:29,763 INFO org.apache.hadoop.mapred.TaskTracker: attempt_201404121521_0001_m_000002_0 1.0% 
2014-04-12 15:23:29,820 INFO org.apache.hadoop.mapred.TaskTracker: attempt_201404121521_0001_m_000010_0 1.0% 
2014-04-12 15:23:31,438 INFO org.apache.hadoop.mapred.TaskTracker: attempt_201404121521_0001_m_000007_0 1.0% 
2014-04-12 15:23:31,529 INFO org.apache.hadoop.mapred.TaskTracker: attempt_201404121521_0001_m_000001_0 1.0% 
2014-04-12 15:23:31,546 INFO org.apache.hadoop.mapred.TaskTracker: attempt_201404121521_0001_m_000003_0 1.0% 
2014-04-12 15:23:32,143 INFO org.apache.hadoop.mapred.TaskTracker: attempt_201404121521_0001_m_000006_0 1.0% 
2014-04-12 15:23:32,174 INFO org.apache.hadoop.mapred.TaskTracker: attempt_201404121521_0001_m_000004_0 1.0% 
2014-04-12 15:23:32,360 INFO org.apache.hadoop.mapred.TaskTracker: attempt_201404121521_0001_m_000008_0 1.0% 
2014-04-12 15:23:32,483 INFO org.apache.hadoop.mapred.TaskTracker: attempt_201404121521_0001_m_000011_0 1.0% 
2014-04-12 15:23:32,510 INFO org.apache.hadoop.mapred.TaskTracker: attempt_201404121521_0001_m_000000_0 1.0% 
2014-04-12 15:23:32,537 INFO org.apache.hadoop.mapred.TaskTracker: attempt_201404121521_0001_m_000009_0 1.0% 
2014-04-12 15:23:32,866 INFO org.apache.hadoop.mapred.TaskTracker: attempt_201404121521_0001_m_000002_0 1.0% 
2014-04-12 15:23:32,921 INFO org.apache.hadoop.mapred.TaskTracker: attempt_201404121521_0001_m_000010_0 1.0% 
2014-04-12 15:23:32,999 INFO org.apache.hadoop.mapred.TaskTracker: attempt_201404121521_0001_m_000005_0 1.0% 
2014-04-12 15:23:34,585 INFO org.apache.hadoop.mapred.TaskTracker: attempt_201404121521_0001_m_000007_0 1.0% 
2014-04-12 15:23:34,618 INFO org.apache.hadoop.mapred.TaskTracker: attempt_201404121521_0001_m_000003_0 1.0% 
2014-04-12 15:23:34,635 INFO org.apache.hadoop.mapred.TaskTracker: attempt_201404121521_0001_m_000001_0 1.0% 
2014-04-12 15:23:35,209 INFO org.apache.hadoop.mapred.TaskTracker: attempt_201404121521_0001_m_000006_0 1.0% 
2014-04-12 15:23:35,245 INFO org.apache.hadoop.mapred.TaskTracker: attempt_201404121521_0001_m_000004_0 1.0% 
2014-04-12 15:23:35,450 INFO org.apache.hadoop.mapred.TaskTracker: attempt_201404121521_0001_m_000008_0 1.0% 
2014-04-12 15:23:35,589 INFO org.apache.hadoop.mapred.TaskTracker: attempt_201404121521_0001_m_000000_0 1.0% 
2014-04-12 15:23:35,667 INFO org.apache.hadoop.mapred.TaskTracker: attempt_201404121521_0001_m_000011_0 1.0% 
2014-04-12 15:23:35,673 INFO org.apache.hadoop.mapred.TaskTracker: attempt_201404121521_0001_m_000009_0 1.0% 
2014-04-12 15:23:35,950 INFO org.apache.hadoop.mapred.TaskTracker: attempt_201404121521_0001_m_000002_0 1.0% 
2014-04-12 15:23:35,999 INFO org.apache.hadoop.mapred.TaskTracker: attempt_201404121521_0001_m_000010_0 1.0% 
2014-04-12 15:23:36,101 INFO org.apache.hadoop.mapred.TaskTracker: attempt_201404121521_0001_m_000005_0 1.0% 
2014-04-12 15:23:37,618 INFO org.apache.hadoop.mapred.TaskTracker: attempt_201404121521_0001_m_000007_0 1.0% 
2014-04-12 15:23:38,662 INFO org.apache.hadoop.mapred.TaskTracker: attempt_201404121521_0001_m_000000_0 1.0% 
2014-04-12 15:23:38,663 INFO org.apache.hadoop.mapred.TaskTracker: attempt_201404121521_0001_m_000008_0 1.0% 
2014-04-12 15:23:38,663 INFO org.apache.hadoop.mapred.TaskTracker: attempt_201404121521_0001_m_000004_0 1.0% 
2014-04-12 15:23:38,664 INFO org.apache.hadoop.mapred.TaskTracker: attempt_201404121521_0001_m_000006_0 1.0% 
2014-04-12 15:23:38,664 INFO org.apache.hadoop.mapred.TaskTracker: attempt_201404121521_0001_m_000001_0 1.0% 
2014-04-12 15:23:38,664 INFO org.apache.hadoop.mapred.TaskTracker: attempt_201404121521_0001_m_000003_0 1.0% 
2014-04-12 15:23:38,725 INFO org.apache.hadoop.mapred.TaskTracker: attempt_201404121521_0001_m_000011_0 1.0% 
2014-04-12 15:23:38,754 INFO org.apache.hadoop.mapred.TaskTracker: attempt_201404121521_0001_m_000009_0 1.0% 
2014-04-12 15:23:39,024 INFO org.apache.hadoop.mapred.TaskTracker: attempt_201404121521_0001_m_000002_0 1.0% 
2014-04-12 15:23:39,087 INFO org.apache.hadoop.mapred.TaskTracker: attempt_201404121521_0001_m_000010_0 1.0% 
2014-04-12 15:23:39,181 INFO org.apache.hadoop.mapred.TaskTracker: attempt_201404121521_0001_m_000005_0 1.0% 
2014-04-12 15:23:41,706 INFO org.apache.hadoop.mapred.TaskTracker: attempt_201404121521_0001_m_000000_0 1.0% 
2014-04-12 15:23:42,249 INFO org.apache.hadoop.mapred.TaskTracker: attempt_201404121521_0001_m_000005_0 1.0% 
2014-04-12 15:23:42,249 INFO org.apache.hadoop.mapred.TaskTracker: attempt_201404121521_0001_m_000010_0 1.0% 
2014-04-12 15:23:42,249 INFO org.apache.hadoop.mapred.TaskTracker: attempt_201404121521_0001_m_000002_0 1.0% 
2014-04-12 15:23:42,250 INFO org.apache.hadoop.mapred.TaskTracker: attempt_201404121521_0001_m_000009_0 1.0% 
2014-04-12 15:23:42,259 INFO org.apache.hadoop.mapred.TaskTracker: attempt_201404121521_0001_m_000011_0 1.0% 
2014-04-12 15:23:42,260 INFO org.apache.hadoop.mapred.TaskTracker: attempt_201404121521_0001_m_000008_0 1.0% 
2014-04-12 15:23:42,260 INFO org.apache.hadoop.mapred.TaskTracker: attempt_201404121521_0001_m_000007_0 1.0% 
2014-04-12 15:23:42,261 INFO org.apache.hadoop.mapred.TaskTracker: attempt_201404121521_0001_m_000001_0 1.0% 
2014-04-12 15:23:42,261 INFO org.apache.hadoop.mapred.TaskTracker: attempt_201404121521_0001_m_000003_0 1.0% 
2014-04-12 15:23:42,261 INFO org.apache.hadoop.mapred.TaskTracker: attempt_201404121521_0001_m_000004_0 1.0% 
2014-04-12 15:23:42,262 INFO org.apache.hadoop.mapred.TaskTracker: attempt_201404121521_0001_m_000006_0 1.0% 
2014-04-12 15:23:45,285 INFO org.apache.hadoop.mapred.TaskTracker: attempt_201404121521_0001_m_000002_0 1.0% 
2014-04-12 15:23:45,295 INFO org.apache.hadoop.mapred.TaskTracker: attempt_201404121521_0001_m_000006_0 1.0% 
2014-04-12 15:23:45,297 INFO org.apache.hadoop.mapred.TaskTracker: attempt_201404121521_0001_m_000008_0 1.0% 
2014-04-12 15:23:45,299 INFO org.apache.hadoop.mapred.TaskTracker: attempt_201404121521_0001_m_000008_0 1.0% 
2014-04-12 15:23:45,300 INFO org.apache.hadoop.mapred.TaskTracker: Task attempt_201404121521_0001_m_000008_0 is done.
2014-04-12 15:23:45,300 INFO org.apache.hadoop.mapred.TaskTracker: reported output size for attempt_201404121521_0001_m_000008_0  was 52484374
2014-04-12 15:23:45,300 INFO org.apache.hadoop.mapred.TaskTracker: attempt_201404121521_0001_m_000003_0 1.0% 
2014-04-12 15:23:45,301 INFO org.apache.hadoop.mapred.TaskTracker: attempt_201404121521_0001_m_000011_0 1.0% 
2014-04-12 15:23:45,302 INFO org.apache.hadoop.mapred.TaskTracker: attempt_201404121521_0001_m_000001_0 1.0% 
2014-04-12 15:23:45,302 INFO org.apache.hadoop.mapred.TaskTracker: addFreeSlot : current free slots : 1
2014-04-12 15:23:45,303 INFO org.apache.hadoop.mapred.TaskTracker: attempt_201404121521_0001_m_000005_0 1.0% 
2014-04-12 15:23:45,306 INFO org.apache.hadoop.mapred.TaskTracker: attempt_201404121521_0001_m_000005_0 1.0% 
2014-04-12 15:23:45,306 INFO org.apache.hadoop.mapred.TaskTracker: attempt_201404121521_0001_m_000003_0 1.0% 
2014-04-12 15:23:45,307 INFO org.apache.hadoop.mapred.TaskTracker: attempt_201404121521_0001_m_000009_0 1.0% 
2014-04-12 15:23:45,307 INFO org.apache.hadoop.mapred.TaskTracker: Task attempt_201404121521_0001_m_000005_0 is done.
2014-04-12 15:23:45,307 INFO org.apache.hadoop.mapred.TaskTracker: reported output size for attempt_201404121521_0001_m_000005_0  was 52189665
2014-04-12 15:23:45,307 INFO org.apache.hadoop.mapred.TaskTracker: addFreeSlot : current free slots : 2
2014-04-12 15:23:45,310 INFO org.apache.hadoop.mapred.TaskTracker: attempt_201404121521_0001_m_000007_0 1.0% 
2014-04-12 15:23:45,312 INFO org.apache.hadoop.mapred.TaskTracker: attempt_201404121521_0001_m_000004_0 1.0% 
2014-04-12 15:23:45,312 INFO org.apache.hadoop.mapred.TaskTracker: Task attempt_201404121521_0001_m_000003_0 is done.
2014-04-12 15:23:45,312 INFO org.apache.hadoop.mapred.TaskTracker: reported output size for attempt_201404121521_0001_m_000003_0  was 52832570
2014-04-12 15:23:45,312 INFO org.apache.hadoop.mapred.TaskTracker: addFreeSlot : current free slots : 3
2014-04-12 15:23:45,313 INFO org.apache.hadoop.mapred.TaskTracker: attempt_201404121521_0001_m_000000_0 1.0% 
2014-04-12 15:23:45,317 INFO org.apache.hadoop.mapred.TaskTracker: attempt_201404121521_0001_m_000009_0 1.0% 
2014-04-12 15:23:45,318 INFO org.apache.hadoop.mapred.TaskTracker: Task attempt_201404121521_0001_m_000009_0 is done.
2014-04-12 15:23:45,318 INFO org.apache.hadoop.mapred.TaskTracker: reported output size for attempt_201404121521_0001_m_000009_0  was 52197794
2014-04-12 15:23:45,318 INFO org.apache.hadoop.mapred.TaskTracker: addFreeSlot : current free slots : 4
2014-04-12 15:23:45,456 INFO org.apache.hadoop.mapred.TaskTracker: attempt_201404121521_0001_m_000010_0 1.0% 
2014-04-12 15:23:46,189 INFO org.apache.hadoop.mapred.TaskTracker: LaunchTaskAction (registerTask): attempt_201404121521_0001_r_000000_0 task's state:UNASSIGNED
2014-04-12 15:23:46,195 INFO org.apache.hadoop.mapred.TaskTracker: Trying to launch : attempt_201404121521_0001_r_000000_0 which needs 1 slots
2014-04-12 15:23:46,195 INFO org.apache.hadoop.mapred.TaskTracker: In TaskLauncher, current free slots : 2 and trying to launch attempt_201404121521_0001_r_000000_0 which needs 1 slots
2014-04-12 15:23:46,205 INFO org.apache.hadoop.mapred.JvmManager: In JvmRunner constructed JVM ID: jvm_201404121521_0001_r_132143325
2014-04-12 15:23:46,205 INFO org.apache.hadoop.mapred.JvmManager: JVM Runner jvm_201404121521_0001_r_132143325 spawned.
2014-04-12 15:23:46,206 INFO org.apache.hadoop.mapred.TaskController: Writing commands to /tmp/hadoop/hadoop-jmg3/mapred/local/ttprivate/taskTracker/jmg3/jobcache/job_201404121521_0001/attempt_201404121521_0001_r_000000_0/taskjvm.sh
2014-04-12 15:23:48,293 INFO org.apache.hadoop.mapred.TaskTracker: attempt_201404121521_0001_m_000002_0 1.0% 
2014-04-12 15:23:48,437 INFO org.apache.hadoop.mapred.TaskTracker: Task attempt_201404121521_0001_m_000002_0 is done.
2014-04-12 15:23:48,437 INFO org.apache.hadoop.mapred.TaskTracker: reported output size for attempt_201404121521_0001_m_000002_0  was 52183163
2014-04-12 15:23:48,438 INFO org.apache.hadoop.mapred.TaskTracker: addFreeSlot : current free slots : 5
2014-04-12 15:23:48,439 INFO org.apache.hadoop.mapred.TaskTracker: attempt_201404121521_0001_m_000000_0 1.0% 
2014-04-12 15:23:48,439 INFO org.apache.hadoop.mapred.TaskTracker: attempt_201404121521_0001_m_000007_0 1.0% 
2014-04-12 15:23:48,440 INFO org.apache.hadoop.mapred.TaskTracker: attempt_201404121521_0001_m_000011_0 1.0% 
2014-04-12 15:23:48,440 INFO org.apache.hadoop.mapred.TaskTracker: attempt_201404121521_0001_m_000001_0 1.0% 
2014-04-12 15:23:48,441 INFO org.apache.hadoop.mapred.TaskTracker: Task attempt_201404121521_0001_m_000000_0 is done.
2014-04-12 15:23:48,441 INFO org.apache.hadoop.mapred.TaskTracker: reported output size for attempt_201404121521_0001_m_000000_0  was 52413246
2014-04-12 15:23:48,441 INFO org.apache.hadoop.mapred.TaskTracker: Task attempt_201404121521_0001_m_000007_0 is done.
2014-04-12 15:23:48,441 INFO org.apache.hadoop.mapred.TaskTracker: reported output size for attempt_201404121521_0001_m_000007_0  was 52759605
2014-04-12 15:23:48,441 INFO org.apache.hadoop.mapred.TaskTracker: Task attempt_201404121521_0001_m_000001_0 is done.
2014-04-12 15:23:48,441 INFO org.apache.hadoop.mapred.TaskTracker: reported output size for attempt_201404121521_0001_m_000001_0  was 51907111
2014-04-12 15:23:48,442 INFO org.apache.hadoop.mapred.TaskTracker: addFreeSlot : current free slots : 6
2014-04-12 15:23:48,442 INFO org.apache.hadoop.mapred.TaskTracker: addFreeSlot : current free slots : 7
2014-04-12 15:23:48,442 INFO org.apache.hadoop.mapred.TaskTracker: Task attempt_201404121521_0001_m_000011_0 is done.
2014-04-12 15:23:48,442 INFO org.apache.hadoop.mapred.TaskTracker: reported output size for attempt_201404121521_0001_m_000011_0  was 51282238
2014-04-12 15:23:48,442 INFO org.apache.hadoop.mapred.TaskTracker: addFreeSlot : current free slots : 8
2014-04-12 15:23:48,442 INFO org.apache.hadoop.mapred.TaskTracker: addFreeSlot : current free slots : 9
2014-04-12 15:23:48,460 INFO org.apache.hadoop.mapred.TaskTracker: attempt_201404121521_0001_m_000010_0 1.0% 
2014-04-12 15:23:48,461 INFO org.apache.hadoop.mapred.TaskTracker: Task attempt_201404121521_0001_m_000010_0 is done.
2014-04-12 15:23:48,461 INFO org.apache.hadoop.mapred.TaskTracker: reported output size for attempt_201404121521_0001_m_000010_0  was 52534999
2014-04-12 15:23:48,461 INFO org.apache.hadoop.mapred.TaskTracker: addFreeSlot : current free slots : 10
2014-04-12 15:23:48,720 INFO org.apache.hadoop.mapred.JvmManager: JVM : jvm_201404121521_0001_m_764177274 exited with exit code 0. Number of tasks it ran: 1
2014-04-12 15:23:48,848 INFO org.apache.hadoop.mapred.TaskTracker: JVM with ID: jvm_201404121521_0001_r_132143325 given task: attempt_201404121521_0001_r_000000_0
2014-04-12 15:23:48,982 INFO org.apache.hadoop.mapred.JvmManager: JVM : jvm_201404121521_0001_m_892466820 exited with exit code 0. Number of tasks it ran: 1
2014-04-12 15:23:48,982 INFO org.apache.hadoop.mapred.JvmManager: JVM : jvm_201404121521_0001_m_1123950297 exited with exit code 0. Number of tasks it ran: 1
2014-04-12 15:23:48,983 INFO org.apache.hadoop.mapred.JvmManager: JVM : jvm_201404121521_0001_m_1132927239 exited with exit code 0. Number of tasks it ran: 1
2014-04-12 15:23:48,983 INFO org.apache.hadoop.mapred.JvmManager: JVM : jvm_201404121521_0001_m_333835043 exited with exit code 0. Number of tasks it ran: 1
2014-04-12 15:23:48,983 INFO org.apache.hadoop.mapred.JvmManager: JVM : jvm_201404121521_0001_m_1521100065 exited with exit code 0. Number of tasks it ran: 1
2014-04-12 15:23:48,983 INFO org.apache.hadoop.mapred.JvmManager: JVM : jvm_201404121521_0001_m_1858629108 exited with exit code 0. Number of tasks it ran: 1
2014-04-12 15:23:48,984 INFO org.apache.hadoop.mapred.JvmManager: JVM : jvm_201404121521_0001_m_337352687 exited with exit code 0. Number of tasks it ran: 1
2014-04-12 15:23:48,984 INFO org.apache.hadoop.mapred.JvmManager: JVM : jvm_201404121521_0001_m_1993216286 exited with exit code 0. Number of tasks it ran: 1
2014-04-12 15:23:48,984 INFO org.apache.hadoop.mapred.JvmManager: JVM : jvm_201404121521_0001_m_574238265 exited with exit code 0. Number of tasks it ran: 1
2014-04-12 15:23:49,206 INFO org.apache.hadoop.mapred.TaskTracker: LaunchTaskAction (registerTask): attempt_201404121521_0001_r_000001_0 task's state:UNASSIGNED
2014-04-12 15:23:49,206 INFO org.apache.hadoop.mapred.TaskTracker: Trying to launch : attempt_201404121521_0001_r_000001_0 which needs 1 slots
2014-04-12 15:23:49,206 INFO org.apache.hadoop.mapred.TaskTracker: In TaskLauncher, current free slots : 1 and trying to launch attempt_201404121521_0001_r_000001_0 which needs 1 slots
2014-04-12 15:23:49,211 INFO org.apache.hadoop.mapred.JvmManager: In JvmRunner constructed JVM ID: jvm_201404121521_0001_r_1132927239
2014-04-12 15:23:49,212 INFO org.apache.hadoop.mapred.JvmManager: JVM Runner jvm_201404121521_0001_r_1132927239 spawned.
2014-04-12 15:23:49,213 INFO org.apache.hadoop.mapred.TaskController: Writing commands to /tmp/hadoop/hadoop-jmg3/mapred/local/ttprivate/taskTracker/jmg3/jobcache/job_201404121521_0001/attempt_201404121521_0001_r_000001_0/taskjvm.sh
2014-04-12 15:23:49,857 INFO org.apache.hadoop.mapred.TaskTracker: JVM with ID: jvm_201404121521_0001_r_1132927239 given task: attempt_201404121521_0001_r_000001_0
2014-04-12 15:23:51,441 INFO org.apache.hadoop.mapred.TaskTracker: attempt_201404121521_0001_m_000004_0 1.0% 
2014-04-12 15:23:51,442 INFO org.apache.hadoop.mapred.TaskTracker: attempt_201404121521_0001_m_000006_0 1.0% 
2014-04-12 15:23:51,442 INFO org.apache.hadoop.mapred.TaskTracker: Task attempt_201404121521_0001_m_000004_0 is done.
2014-04-12 15:23:51,442 INFO org.apache.hadoop.mapred.TaskTracker: reported output size for attempt_201404121521_0001_m_000004_0  was 51956014
2014-04-12 15:23:51,443 INFO org.apache.hadoop.mapred.TaskTracker: addFreeSlot : current free slots : 11
2014-04-12 15:23:51,443 INFO org.apache.hadoop.mapred.TaskTracker: Task attempt_201404121521_0001_m_000006_0 is done.
2014-04-12 15:23:51,443 INFO org.apache.hadoop.mapred.TaskTracker: reported output size for attempt_201404121521_0001_m_000006_0  was 51759015
2014-04-12 15:23:51,443 INFO org.apache.hadoop.mapred.TaskTracker: addFreeSlot : current free slots : 12
2014-04-12 15:23:51,652 INFO org.apache.hadoop.mapred.JvmManager: JVM : jvm_201404121521_0001_m_110043716 exited with exit code 0. Number of tasks it ran: 1
2014-04-12 15:23:51,652 INFO org.apache.hadoop.mapred.JvmManager: JVM : jvm_201404121521_0001_m_2143679991 exited with exit code 0. Number of tasks it ran: 1
2014-04-12 15:23:54,993 INFO org.apache.hadoop.mapred.TaskTracker.clienttrace: src: 192.168.110.214:50061, dest: 192.168.110.214:56280, bytes: 26070037, op: MAPRED_SHUFFLE, cliID: attempt_201404121521_0001_m_000003_0, duration: 103122603
2014-04-12 15:23:55,626 INFO org.apache.hadoop.mapred.TaskTracker: attempt_201404121521_0001_r_000000_0 0.02777778% reduce > copy (1 of 12 at 4.14 MB/s) > 
2014-04-12 15:23:55,841 INFO org.apache.hadoop.mapred.TaskTracker.clienttrace: src: 192.168.110.214:50061, dest: 192.168.110.214:56281, bytes: 25752977, op: MAPRED_SHUFFLE, cliID: attempt_201404121521_0001_m_000005_0, duration: 845894918
2014-04-12 15:23:56,325 INFO org.apache.hadoop.mapred.TaskTracker: attempt_201404121521_0001_r_000001_0 0.0% reduce > copy > 
2014-04-12 15:23:56,472 INFO org.apache.hadoop.mapred.TaskTracker.clienttrace: src: 192.168.110.214:50061, dest: 192.168.110.214:56282, bytes: 26762533, op: MAPRED_SHUFFLE, cliID: attempt_201404121521_0001_m_000003_0, duration: 938493457
2014-04-12 15:23:56,886 INFO org.apache.hadoop.mapred.TaskTracker.clienttrace: src: 192.168.110.214:50061, dest: 192.168.110.214:56283, bytes: 25848634, op: MAPRED_SHUFFLE, cliID: attempt_201404121521_0001_m_000008_0, duration: 1041971294
2014-04-12 15:23:56,904 INFO org.apache.hadoop.mapred.TaskTracker.clienttrace: src: 192.168.110.214:50061, dest: 192.168.110.214:56284, bytes: 26436688, op: MAPRED_SHUFFLE, cliID: attempt_201404121521_0001_m_000005_0, duration: 381181520
2014-04-12 15:23:57,903 INFO org.apache.hadoop.mapred.TaskTracker.clienttrace: src: 192.168.110.214:50061, dest: 192.168.110.214:56285, bytes: 25672726, op: MAPRED_SHUFFLE, cliID: attempt_201404121521_0001_m_000009_0, duration: 1014915703
2014-04-12 15:23:57,917 INFO org.apache.hadoop.mapred.TaskTracker.clienttrace: src: 192.168.110.214:50061, dest: 192.168.110.214:56286, bytes: 26635740, op: MAPRED_SHUFFLE, cliID: attempt_201404121521_0001_m_000008_0, duration: 1009830450
2014-04-12 15:23:58,662 INFO org.apache.hadoop.mapred.TaskTracker: attempt_201404121521_0001_r_000000_0 0.11111112% reduce > copy (4 of 12 at 10.95 MB/s) > 
2014-04-12 15:23:58,895 INFO org.apache.hadoop.mapred.TaskTracker.clienttrace: src: 192.168.110.214:50061, dest: 192.168.110.214:56287, bytes: 25810925, op: MAPRED_SHUFFLE, cliID: attempt_201404121521_0001_m_000000_0, duration: 990751909
2014-04-12 15:23:58,902 INFO org.apache.hadoop.mapred.TaskTracker.clienttrace: src: 192.168.110.214:50061, dest: 192.168.110.214:56288, bytes: 26525068, op: MAPRED_SHUFFLE, cliID: attempt_201404121521_0001_m_000009_0, duration: 983486378
2014-04-12 15:23:59,361 INFO org.apache.hadoop.mapred.TaskTracker: attempt_201404121521_0001_r_000001_0 0.11111112% reduce > copy (4 of 12 at 11.27 MB/s) > 
2014-04-12 15:23:59,926 INFO org.apache.hadoop.mapred.TaskTracker.clienttrace: src: 192.168.110.214:50061, dest: 192.168.110.214:56290, bytes: 26602321, op: MAPRED_SHUFFLE, cliID: attempt_201404121521_0001_m_000000_0, duration: 1021487076
2014-04-12 15:23:59,929 INFO org.apache.hadoop.mapred.TaskTracker.clienttrace: src: 192.168.110.214:50061, dest: 192.168.110.214:56289, bytes: 25567725, op: MAPRED_SHUFFLE, cliID: attempt_201404121521_0001_m_000001_0, duration: 1031837577
2014-04-12 15:24:00,953 INFO org.apache.hadoop.mapred.TaskTracker.clienttrace: src: 192.168.110.214:50061, dest: 192.168.110.214:56291, bytes: 26339386, op: MAPRED_SHUFFLE, cliID: attempt_201404121521_0001_m_000001_0, duration: 1024661531
2014-04-12 15:24:00,956 INFO org.apache.hadoop.mapred.TaskTracker.clienttrace: src: 192.168.110.214:50061, dest: 192.168.110.214:56292, bytes: 25708849, op: MAPRED_SHUFFLE, cliID: attempt_201404121521_0001_m_000002_0, duration: 1024996029
2014-04-12 15:24:01,698 INFO org.apache.hadoop.mapred.TaskTracker: attempt_201404121521_0001_r_000000_0 0.19444446% reduce > copy (7 of 12 at 14.34 MB/s) > 
2014-04-12 15:24:01,969 INFO org.apache.hadoop.mapred.TaskTracker.clienttrace: src: 192.168.110.214:50061, dest: 192.168.110.214:56293, bytes: 26474314, op: MAPRED_SHUFFLE, cliID: attempt_201404121521_0001_m_000002_0, duration: 1014500113
2014-04-12 15:24:01,971 INFO org.apache.hadoop.mapred.TaskTracker.clienttrace: src: 192.168.110.214:50061, dest: 192.168.110.214:56292, bytes: 26022662, op: MAPRED_SHUFFLE, cliID: attempt_201404121521_0001_m_000007_0, duration: 1012151648
2014-04-12 15:24:02,397 INFO org.apache.hadoop.mapred.TaskTracker: attempt_201404121521_0001_r_000001_0 0.19444446% reduce > copy (7 of 12 at 14.76 MB/s) > 
2014-04-12 15:24:02,979 INFO org.apache.hadoop.mapred.TaskTracker.clienttrace: src: 192.168.110.214:50061, dest: 192.168.110.214:56292, bytes: 25863694, op: MAPRED_SHUFFLE, cliID: attempt_201404121521_0001_m_000010_0, duration: 1006545195
2014-04-12 15:24:03,896 INFO org.apache.hadoop.mapred.TaskTracker.clienttrace: src: 192.168.110.214:50061, dest: 192.168.110.214:56293, bytes: 26736943, op: MAPRED_SHUFFLE, cliID: attempt_201404121521_0001_m_000007_0, duration: 1920358348
2014-04-12 15:24:04,137 INFO org.apache.hadoop.mapred.TaskTracker.clienttrace: src: 192.168.110.214:50061, dest: 192.168.110.214:56292, bytes: 25314866, op: MAPRED_SHUFFLE, cliID: attempt_201404121521_0001_m_000011_0, duration: 1152122137
2014-04-12 15:24:04,731 INFO org.apache.hadoop.mapred.TaskTracker: attempt_201404121521_0001_r_000000_0 0.2777778% reduce > copy (10 of 12 at 16.38 MB/s) > 
2014-04-12 15:24:05,009 INFO org.apache.hadoop.mapred.TaskTracker.clienttrace: src: 192.168.110.214:50061, dest: 192.168.110.214:56294, bytes: 26671305, op: MAPRED_SHUFFLE, cliID: attempt_201404121521_0001_m_000010_0, duration: 1061844103
2014-04-12 15:24:05,430 INFO org.apache.hadoop.mapred.TaskTracker: attempt_201404121521_0001_r_000001_0 0.25% reduce > copy (9 of 12 at 15.21 MB/s) > 
2014-04-12 15:24:06,001 INFO org.apache.hadoop.mapred.TaskTracker.clienttrace: src: 192.168.110.214:50061, dest: 192.168.110.214:56295, bytes: 25573368, op: MAPRED_SHUFFLE, cliID: attempt_201404121521_0001_m_000004_0, duration: 1812478647
2014-04-12 15:24:06,028 INFO org.apache.hadoop.mapred.TaskTracker.clienttrace: src: 192.168.110.214:50061, dest: 192.168.110.214:56294, bytes: 25967372, op: MAPRED_SHUFFLE, cliID: attempt_201404121521_0001_m_000011_0, duration: 1017096534
2014-04-12 15:24:07,023 INFO org.apache.hadoop.mapred.TaskTracker.clienttrace: src: 192.168.110.214:50061, dest: 192.168.110.214:56296, bytes: 25571809, op: MAPRED_SHUFFLE, cliID: attempt_201404121521_0001_m_000006_0, duration: 1020399021
2014-04-12 15:24:07,044 INFO org.apache.hadoop.mapred.TaskTracker.clienttrace: src: 192.168.110.214:50061, dest: 192.168.110.214:56297, bytes: 26382646, op: MAPRED_SHUFFLE, cliID: attempt_201404121521_0001_m_000004_0, duration: 1014774128
2014-04-12 15:24:07,711 INFO org.apache.hadoop.mapred.TaskTracker: attempt_201404121521_0001_r_000000_0 0.2777778% reduce > copy (10 of 12 at 16.38 MB/s) > 
2014-04-12 15:24:07,763 INFO org.apache.hadoop.mapred.TaskTracker: attempt_201404121521_0001_r_000000_0 0.33333334% reduce > sort
2014-04-12 15:24:08,054 INFO org.apache.hadoop.mapred.TaskTracker.clienttrace: src: 192.168.110.214:50061, dest: 192.168.110.214:56297, bytes: 26187206, op: MAPRED_SHUFFLE, cliID: attempt_201404121521_0001_m_000006_0, duration: 1003422611
2014-04-12 15:24:08,395 INFO org.apache.hadoop.mapred.TaskTracker: attempt_201404121521_0001_r_000001_0 0.25% reduce > copy (9 of 12 at 15.21 MB/s) > 
2014-04-12 15:24:08,462 INFO org.apache.hadoop.mapred.TaskTracker: attempt_201404121521_0001_r_000001_0 0.33333334% reduce > sort
2014-04-12 15:24:08,579 INFO org.apache.hadoop.mapred.TaskTracker: attempt_201404121521_0001_r_000000_0 0.33333334% reduce > sort
2014-04-12 15:24:09,279 INFO org.apache.hadoop.mapred.TaskTracker: attempt_201404121521_0001_r_000001_0 0.33333334% reduce > sort
2014-04-12 15:24:10,813 INFO org.apache.hadoop.mapred.TaskTracker: attempt_201404121521_0001_r_000000_0 0.6666822% reduce > reduce
2014-04-12 15:24:11,496 INFO org.apache.hadoop.mapred.TaskTracker: attempt_201404121521_0001_r_000001_0 0.66669273% reduce > reduce
2014-04-12 15:24:13,260 INFO org.apache.hadoop.mapred.TaskTracker: Task attempt_201404121521_0001_r_000000_0 is in commit-pending, task state:COMMIT_PENDING
2014-04-12 15:24:13,260 INFO org.apache.hadoop.mapred.TaskTracker: attempt_201404121521_0001_r_000000_0 0.6666822% reduce > reduce
2014-04-12 15:24:13,844 INFO org.apache.hadoop.mapred.TaskTracker: attempt_201404121521_0001_r_000000_0 0.6666822% reduce > reduce
2014-04-12 15:24:14,184 INFO org.apache.hadoop.mapred.TaskTracker: Task attempt_201404121521_0001_r_000001_0 is in commit-pending, task state:COMMIT_PENDING
2014-04-12 15:24:14,185 INFO org.apache.hadoop.mapred.TaskTracker: attempt_201404121521_0001_r_000001_0 0.66669273% reduce > reduce
2014-04-12 15:24:14,526 INFO org.apache.hadoop.mapred.TaskTracker: attempt_201404121521_0001_r_000001_0 0.66669273% reduce > reduce
2014-04-12 15:24:16,236 INFO org.apache.hadoop.mapred.TaskTracker: Received commit task action for attempt_201404121521_0001_r_000000_0
2014-04-12 15:24:16,237 INFO org.apache.hadoop.mapred.TaskTracker: Received commit task action for attempt_201404121521_0001_r_000001_0
2014-04-12 15:24:16,847 INFO org.apache.hadoop.mapred.TaskTracker: attempt_201404121521_0001_r_000000_0 0.6666822% reduce > reduce
2014-04-12 15:24:16,848 INFO org.apache.hadoop.mapred.TaskTracker: Task attempt_201404121521_0001_r_000000_0 is done.
2014-04-12 15:24:16,848 INFO org.apache.hadoop.mapred.TaskTracker: reported output size for attempt_201404121521_0001_r_000000_0  was -1
2014-04-12 15:24:16,849 INFO org.apache.hadoop.mapred.TaskTracker: addFreeSlot : current free slots : 1
2014-04-12 15:24:17,529 INFO org.apache.hadoop.mapred.TaskTracker: attempt_201404121521_0001_r_000001_0 0.66669273% reduce > reduce
2014-04-12 15:24:17,530 INFO org.apache.hadoop.mapred.TaskTracker: Task attempt_201404121521_0001_r_000001_0 is done.
2014-04-12 15:24:17,530 INFO org.apache.hadoop.mapred.TaskTracker: reported output size for attempt_201404121521_0001_r_000001_0  was -1
2014-04-12 15:24:17,530 INFO org.apache.hadoop.mapred.TaskTracker: addFreeSlot : current free slots : 2
2014-04-12 15:24:17,635 INFO org.apache.hadoop.mapred.JvmManager: JVM : jvm_201404121521_0001_r_132143325 exited with exit code 0. Number of tasks it ran: 1
2014-04-12 15:24:18,961 INFO org.apache.hadoop.mapred.JvmManager: JVM : jvm_201404121521_0001_r_1132927239 exited with exit code 0. Number of tasks it ran: 1
2014-04-12 15:24:19,249 INFO org.apache.hadoop.mapred.TaskTracker: LaunchTaskAction (registerTask): attempt_201404121521_0001_m_000012_0 task's state:UNASSIGNED
2014-04-12 15:24:19,249 INFO org.apache.hadoop.mapred.TaskTracker: Received KillTaskAction for task: attempt_201404121521_0001_r_000000_0
2014-04-12 15:24:19,249 INFO org.apache.hadoop.mapred.TaskTracker: Trying to launch : attempt_201404121521_0001_m_000012_0 which needs 1 slots
2014-04-12 15:24:19,249 INFO org.apache.hadoop.mapred.TaskTracker: About to purge task: attempt_201404121521_0001_r_000000_0
2014-04-12 15:24:19,249 INFO org.apache.hadoop.mapred.TaskTracker: In TaskLauncher, current free slots : 12 and trying to launch attempt_201404121521_0001_m_000012_0 which needs 1 slots
2014-04-12 15:24:19,249 INFO org.apache.hadoop.mapred.TaskTracker: Received KillTaskAction for task: attempt_201404121521_0001_r_000001_0
2014-04-12 15:24:19,249 INFO org.apache.hadoop.mapred.TaskTracker: About to purge task: attempt_201404121521_0001_r_000001_0
2014-04-12 15:24:19,267 INFO org.apache.hadoop.mapred.JvmManager: In JvmRunner constructed JVM ID: jvm_201404121521_0001_m_172196926
2014-04-12 15:24:19,267 INFO org.apache.hadoop.mapred.JvmManager: JVM Runner jvm_201404121521_0001_m_172196926 spawned.
2014-04-12 15:24:19,269 INFO org.apache.hadoop.mapred.TaskController: Writing commands to /tmp/hadoop/hadoop-jmg3/mapred/local/ttprivate/taskTracker/jmg3/jobcache/job_201404121521_0001/attempt_201404121521_0001_m_000012_0/taskjvm.sh
2014-04-12 15:24:19,884 INFO org.apache.hadoop.mapred.TaskTracker: JVM with ID: jvm_201404121521_0001_m_172196926 given task: attempt_201404121521_0001_m_000012_0
2014-04-12 15:24:20,051 INFO org.mortbay.log: org.mortbay.io.nio.SelectorManager$SelectSet@5c0870fb JVM BUG(s) - injecting delay13 times
2014-04-12 15:24:20,051 INFO org.mortbay.log: org.mortbay.io.nio.SelectorManager$SelectSet@5c0870fb JVM BUG(s) - recreating selector 13 times, canceled keys 214 times
2014-04-12 15:24:20,378 INFO org.apache.hadoop.mapred.TaskTracker: attempt_201404121521_0001_m_000012_0 0.0% 
2014-04-12 15:24:23,295 INFO org.apache.hadoop.mapred.TaskTracker: attempt_201404121521_0001_m_000012_0 0.0% cleanup
2014-04-12 15:24:23,296 INFO org.apache.hadoop.mapred.TaskTracker: Task attempt_201404121521_0001_m_000012_0 is done.
2014-04-12 15:24:23,296 INFO org.apache.hadoop.mapred.TaskTracker: reported output size for attempt_201404121521_0001_m_000012_0  was -1
2014-04-12 15:24:23,297 INFO org.apache.hadoop.mapred.TaskTracker: addFreeSlot : current free slots : 12
2014-04-12 15:24:25,294 INFO org.apache.hadoop.mapred.TaskTracker: Received 'KillJobAction' for job: job_201404121521_0001
2014-04-12 15:24:25,295 INFO org.apache.hadoop.mapred.IndexCache: Map ID attempt_201404121521_0001_m_000012_0 not found in cache
2014-04-12 15:24:25,296 INFO org.apache.hadoop.mapred.UserLogCleaner: Adding job_201404121521_0001 for user-log deletion with retainTimeStamp:1397420665296
