2014-04-12 15:38:02,735 INFO org.apache.hadoop.mapred.TaskTracker: STARTUP_MSG: 
/************************************************************
STARTUP_MSG: Starting TaskTracker
STARTUP_MSG:   host = gpu-014.davinci.rice.edu/192.168.110.214
STARTUP_MSG:   args = []
STARTUP_MSG:   version = 1.0.4-SNAPSHOT
STARTUP_MSG:   build =  -r ; compiled by 'jmg3' on Fri Apr 11 17:54:37 CDT 2014
************************************************************/
2014-04-12 15:38:02,905 INFO org.apache.hadoop.metrics2.impl.MetricsConfig: loaded properties from hadoop-metrics2.properties
2014-04-12 15:38:02,960 INFO org.apache.hadoop.metrics2.impl.MetricsSourceAdapter: MBean for source MetricsSystem,sub=Stats registered.
2014-04-12 15:38:02,961 INFO org.apache.hadoop.metrics2.impl.MetricsSystemImpl: Scheduled snapshot period at 10 second(s).
2014-04-12 15:38:02,961 INFO org.apache.hadoop.metrics2.impl.MetricsSystemImpl: TaskTracker metrics system started
2014-04-12 15:38:03,115 INFO org.apache.hadoop.metrics2.impl.MetricsSourceAdapter: MBean for source ugi registered.
2014-04-12 15:38:03,286 INFO org.mortbay.log: Logging to org.slf4j.impl.Log4jLoggerAdapter(org.mortbay.log) via org.mortbay.log.Slf4jLog
2014-04-12 15:38:03,337 INFO org.apache.hadoop.http.HttpServer: Added global filtersafety (class=org.apache.hadoop.http.HttpServer$QuotingInputFilter)
2014-04-12 15:38:03,358 INFO org.apache.hadoop.mapred.TaskLogsTruncater: Initializing logs' truncater with mapRetainSize=-1 and reduceRetainSize=-1
2014-04-12 15:38:03,362 INFO org.apache.hadoop.mapred.TaskTracker: Starting tasktracker with owner as jmg3
2014-04-12 15:38:03,363 INFO org.apache.hadoop.mapred.TaskTracker: Good mapred local directories are: /tmp/hadoop/hadoop-jmg3/mapred/local
2014-04-12 15:38:03,367 WARN org.apache.hadoop.util.NativeCodeLoader: Unable to load native-hadoop library for your platform... using builtin-java classes where applicable
2014-04-12 15:38:03,373 INFO org.apache.hadoop.metrics2.impl.MetricsSourceAdapter: MBean for source jvm registered.
2014-04-12 15:38:03,373 INFO org.apache.hadoop.metrics2.impl.MetricsSourceAdapter: MBean for source TaskTrackerMetrics registered.
2014-04-12 15:38:03,386 INFO org.apache.hadoop.ipc.Server: Starting SocketReader
2014-04-12 15:38:03,388 INFO org.apache.hadoop.metrics2.impl.MetricsSourceAdapter: MBean for source RpcDetailedActivityForPort51733 registered.
2014-04-12 15:38:03,389 INFO org.apache.hadoop.metrics2.impl.MetricsSourceAdapter: MBean for source RpcActivityForPort51733 registered.
2014-04-12 15:38:03,391 INFO org.apache.hadoop.ipc.Server: IPC Server Responder: starting
2014-04-12 15:38:03,391 INFO org.apache.hadoop.ipc.Server: IPC Server listener on 51733: starting
2014-04-12 15:38:03,392 INFO org.apache.hadoop.ipc.Server: IPC Server handler 0 on 51733: starting
2014-04-12 15:38:03,393 INFO org.apache.hadoop.ipc.Server: IPC Server handler 1 on 51733: starting
2014-04-12 15:38:03,393 INFO org.apache.hadoop.ipc.Server: IPC Server handler 2 on 51733: starting
2014-04-12 15:38:03,394 INFO org.apache.hadoop.ipc.Server: IPC Server handler 3 on 51733: starting
2014-04-12 15:38:03,394 INFO org.apache.hadoop.ipc.Server: IPC Server handler 4 on 51733: starting
2014-04-12 15:38:03,395 INFO org.apache.hadoop.ipc.Server: IPC Server handler 5 on 51733: starting
2014-04-12 15:38:03,395 INFO org.apache.hadoop.ipc.Server: IPC Server handler 6 on 51733: starting
2014-04-12 15:38:03,396 INFO org.apache.hadoop.ipc.Server: IPC Server handler 8 on 51733: starting
2014-04-12 15:38:03,396 INFO org.apache.hadoop.ipc.Server: IPC Server handler 7 on 51733: starting
2014-04-12 15:38:03,397 INFO org.apache.hadoop.ipc.Server: IPC Server handler 9 on 51733: starting
2014-04-12 15:38:03,397 INFO org.apache.hadoop.ipc.Server: IPC Server handler 10 on 51733: starting
2014-04-12 15:38:03,397 INFO org.apache.hadoop.ipc.Server: IPC Server handler 11 on 51733: starting
2014-04-12 15:38:03,398 INFO org.apache.hadoop.ipc.Server: IPC Server handler 12 on 51733: starting
2014-04-12 15:38:03,398 INFO org.apache.hadoop.ipc.Server: IPC Server handler 13 on 51733: starting
2014-04-12 15:38:03,399 INFO org.apache.hadoop.ipc.Server: IPC Server handler 14 on 51733: starting
2014-04-12 15:38:03,399 INFO org.apache.hadoop.ipc.Server: IPC Server handler 15 on 51733: starting
2014-04-12 15:38:03,400 INFO org.apache.hadoop.ipc.Server: IPC Server handler 16 on 51733: starting
2014-04-12 15:38:03,400 INFO org.apache.hadoop.ipc.Server: IPC Server handler 17 on 51733: starting
2014-04-12 15:38:03,400 INFO org.apache.hadoop.ipc.Server: IPC Server handler 18 on 51733: starting
2014-04-12 15:38:03,401 INFO org.apache.hadoop.ipc.Server: IPC Server handler 19 on 51733: starting
2014-04-12 15:38:03,401 INFO org.apache.hadoop.ipc.Server: IPC Server handler 20 on 51733: starting
2014-04-12 15:38:03,402 INFO org.apache.hadoop.ipc.Server: IPC Server handler 21 on 51733: starting
2014-04-12 15:38:03,402 INFO org.apache.hadoop.mapred.TaskTracker: TaskTracker up at: localhost/127.0.0.1:51733
2014-04-12 15:38:03,402 INFO org.apache.hadoop.mapred.TaskTracker: Starting tracker tracker_gpu-014.davinci.rice.edu:localhost/127.0.0.1:51733
2014-04-12 15:38:03,402 INFO org.apache.hadoop.ipc.Server: IPC Server handler 22 on 51733: starting
2014-04-12 15:38:03,402 INFO org.apache.hadoop.ipc.Server: IPC Server handler 23 on 51733: starting
2014-04-12 15:38:03,441 INFO org.apache.hadoop.mapred.TaskTracker: Starting thread: Map-events fetcher for all reduce tasks on tracker_gpu-014.davinci.rice.edu:localhost/127.0.0.1:51733
2014-04-12 15:38:03,450 INFO org.apache.hadoop.util.ProcessTree: setsid exited with exit code 0
2014-04-12 15:38:03,453 INFO org.apache.hadoop.mapred.TaskTracker:  Using ResourceCalculatorPlugin : org.apache.hadoop.util.LinuxResourceCalculatorPlugin@238258f1
2014-04-12 15:38:03,455 WARN org.apache.hadoop.mapred.TaskTracker: TaskTracker's totalMemoryAllottedForTasks is -1. TaskMemoryManager is disabled.
2014-04-12 15:38:03,458 INFO org.apache.hadoop.mapred.IndexCache: IndexCache created with max memory = 10485760
2014-04-12 15:38:05,034 INFO org.apache.hadoop.metrics2.impl.MetricsSourceAdapter: MBean for source ShuffleServerMetrics registered.
2014-04-12 15:38:05,037 INFO org.apache.hadoop.http.HttpServer: Port returned by webServer.getConnectors()[0].getLocalPort() before open() is -1. Opening the listener on 50061
2014-04-12 15:38:05,037 INFO org.apache.hadoop.http.HttpServer: listener.getLocalPort() returned 50061 webServer.getConnectors()[0].getLocalPort() returned 50061
2014-04-12 15:38:05,037 INFO org.apache.hadoop.http.HttpServer: Jetty bound to port 50061
2014-04-12 15:38:05,037 INFO org.mortbay.log: jetty-6.1.26
2014-04-12 15:38:05,314 INFO org.mortbay.log: Started SelectChannelConnector@0.0.0.0:50061
2014-04-12 15:38:05,314 INFO org.apache.hadoop.mapred.TaskTracker: FILE_CACHE_SIZE for mapOutputServlet set to : 2000
2014-04-12 15:39:26,590 INFO org.apache.hadoop.mapred.TaskTracker: LaunchTaskAction (registerTask): attempt_201404121538_0001_m_000013_0 task's state:UNASSIGNED
2014-04-12 15:39:26,594 INFO org.apache.hadoop.mapred.TaskTracker: Trying to launch : attempt_201404121538_0001_m_000013_0 which needs 1 slots
2014-04-12 15:39:26,594 INFO org.apache.hadoop.mapred.TaskTracker: In TaskLauncher, current free slots : 12 and trying to launch attempt_201404121538_0001_m_000013_0 which needs 1 slots
2014-04-12 15:39:26,746 INFO org.apache.hadoop.mapred.JobLocalizer: Initializing user jmg3 on this TT.
2014-04-12 15:39:26,881 INFO org.apache.hadoop.mapred.JvmManager: In JvmRunner constructed JVM ID: jvm_201404121538_0001_m_388358209
2014-04-12 15:39:26,881 INFO org.apache.hadoop.mapred.JvmManager: JVM Runner jvm_201404121538_0001_m_388358209 spawned.
2014-04-12 15:39:26,883 INFO org.apache.hadoop.mapred.TaskController: Writing commands to /tmp/hadoop/hadoop-jmg3/mapred/local/ttprivate/taskTracker/jmg3/jobcache/job_201404121538_0001/attempt_201404121538_0001_m_000013_0/taskjvm.sh
2014-04-12 15:39:27,542 INFO org.apache.hadoop.mapred.TaskTracker: JVM with ID: jvm_201404121538_0001_m_388358209 given task: attempt_201404121538_0001_m_000013_0
2014-04-12 15:39:30,973 INFO org.apache.hadoop.mapred.TaskTracker: attempt_201404121538_0001_m_000013_0 0.0% setup
2014-04-12 15:39:30,976 INFO org.apache.hadoop.mapred.TaskTracker: Task attempt_201404121538_0001_m_000013_0 is done.
2014-04-12 15:39:30,976 INFO org.apache.hadoop.mapred.TaskTracker: reported output size for attempt_201404121538_0001_m_000013_0  was -1
2014-04-12 15:39:30,977 INFO org.apache.hadoop.mapred.TaskTracker: addFreeSlot : current free slots : 12
2014-04-12 15:39:31,123 INFO org.apache.hadoop.mapred.JvmManager: JVM : jvm_201404121538_0001_m_388358209 exited with exit code 0. Number of tasks it ran: 1
2014-04-12 15:39:32,621 INFO org.apache.hadoop.mapred.TaskTracker: LaunchTaskAction (registerTask): attempt_201404121538_0001_m_000000_0 task's state:UNASSIGNED
2014-04-12 15:39:32,621 INFO org.apache.hadoop.mapred.TaskTracker: LaunchTaskAction (registerTask): attempt_201404121538_0001_m_000001_0 task's state:UNASSIGNED
2014-04-12 15:39:32,654 INFO org.apache.hadoop.mapred.TaskTracker: LaunchTaskAction (registerTask): attempt_201404121538_0001_m_000002_0 task's state:UNASSIGNED
2014-04-12 15:39:32,655 INFO org.apache.hadoop.mapred.TaskTracker: LaunchTaskAction (registerTask): attempt_201404121538_0001_m_000003_0 task's state:UNASSIGNED
2014-04-12 15:39:32,655 INFO org.apache.hadoop.mapred.TaskTracker: LaunchTaskAction (registerTask): attempt_201404121538_0001_m_000004_0 task's state:UNASSIGNED
2014-04-12 15:39:32,656 INFO org.apache.hadoop.mapred.TaskTracker: LaunchTaskAction (registerTask): attempt_201404121538_0001_m_000005_0 task's state:UNASSIGNED
2014-04-12 15:39:32,656 INFO org.apache.hadoop.mapred.TaskTracker: LaunchTaskAction (registerTask): attempt_201404121538_0001_m_000006_0 task's state:UNASSIGNED
2014-04-12 15:39:32,657 INFO org.apache.hadoop.mapred.TaskTracker: LaunchTaskAction (registerTask): attempt_201404121538_0001_m_000007_0 task's state:UNASSIGNED
2014-04-12 15:39:32,657 INFO org.apache.hadoop.mapred.TaskTracker: LaunchTaskAction (registerTask): attempt_201404121538_0001_m_000008_0 task's state:UNASSIGNED
2014-04-12 15:39:32,658 INFO org.apache.hadoop.mapred.TaskTracker: LaunchTaskAction (registerTask): attempt_201404121538_0001_m_000009_0 task's state:UNASSIGNED
2014-04-12 15:39:32,659 INFO org.apache.hadoop.mapred.TaskTracker: LaunchTaskAction (registerTask): attempt_201404121538_0001_m_000010_0 task's state:UNASSIGNED
2014-04-12 15:39:32,659 INFO org.apache.hadoop.mapred.TaskTracker: LaunchTaskAction (registerTask): attempt_201404121538_0001_m_000011_0 task's state:UNASSIGNED
2014-04-12 15:39:32,659 INFO org.apache.hadoop.mapred.TaskTracker: Received KillTaskAction for task: attempt_201404121538_0001_m_000013_0
2014-04-12 15:39:32,659 INFO org.apache.hadoop.mapred.TaskTracker: About to purge task: attempt_201404121538_0001_m_000013_0
2014-04-12 15:39:32,660 INFO org.apache.hadoop.mapred.IndexCache: Map ID attempt_201404121538_0001_m_000013_0 not found in cache
2014-04-12 15:39:32,660 INFO org.apache.hadoop.mapred.TaskTracker: Trying to launch : attempt_201404121538_0001_m_000000_0 which needs 1 slots
2014-04-12 15:39:32,660 INFO org.apache.hadoop.mapred.TaskTracker: In TaskLauncher, current free slots : 12 and trying to launch attempt_201404121538_0001_m_000000_0 which needs 1 slots
2014-04-12 15:39:32,660 INFO org.apache.hadoop.mapred.TaskTracker: Trying to launch : attempt_201404121538_0001_m_000001_0 which needs 1 slots
2014-04-12 15:39:32,660 INFO org.apache.hadoop.mapred.TaskTracker: In TaskLauncher, current free slots : 11 and trying to launch attempt_201404121538_0001_m_000001_0 which needs 1 slots
2014-04-12 15:39:32,660 INFO org.apache.hadoop.mapred.TaskTracker: Trying to launch : attempt_201404121538_0001_m_000002_0 which needs 1 slots
2014-04-12 15:39:32,660 INFO org.apache.hadoop.mapred.TaskTracker: In TaskLauncher, current free slots : 10 and trying to launch attempt_201404121538_0001_m_000002_0 which needs 1 slots
2014-04-12 15:39:32,661 INFO org.apache.hadoop.mapred.TaskTracker: Trying to launch : attempt_201404121538_0001_m_000003_0 which needs 1 slots
2014-04-12 15:39:32,662 INFO org.apache.hadoop.mapred.TaskTracker: In TaskLauncher, current free slots : 9 and trying to launch attempt_201404121538_0001_m_000003_0 which needs 1 slots
2014-04-12 15:39:32,662 INFO org.apache.hadoop.mapred.TaskTracker: Trying to launch : attempt_201404121538_0001_m_000004_0 which needs 1 slots
2014-04-12 15:39:32,663 INFO org.apache.hadoop.mapred.TaskTracker: In TaskLauncher, current free slots : 8 and trying to launch attempt_201404121538_0001_m_000004_0 which needs 1 slots
2014-04-12 15:39:32,663 INFO org.apache.hadoop.mapred.TaskTracker: Trying to launch : attempt_201404121538_0001_m_000005_0 which needs 1 slots
2014-04-12 15:39:32,664 INFO org.apache.hadoop.mapred.TaskTracker: In TaskLauncher, current free slots : 7 and trying to launch attempt_201404121538_0001_m_000005_0 which needs 1 slots
2014-04-12 15:39:32,667 INFO org.apache.hadoop.mapred.TaskTracker: Trying to launch : attempt_201404121538_0001_m_000006_0 which needs 1 slots
2014-04-12 15:39:32,667 INFO org.apache.hadoop.mapred.TaskTracker: In TaskLauncher, current free slots : 6 and trying to launch attempt_201404121538_0001_m_000006_0 which needs 1 slots
2014-04-12 15:39:32,669 INFO org.apache.hadoop.mapred.TaskTracker: Trying to launch : attempt_201404121538_0001_m_000007_0 which needs 1 slots
2014-04-12 15:39:32,669 INFO org.apache.hadoop.mapred.TaskTracker: In TaskLauncher, current free slots : 5 and trying to launch attempt_201404121538_0001_m_000007_0 which needs 1 slots
2014-04-12 15:39:32,671 INFO org.apache.hadoop.mapred.TaskTracker: Trying to launch : attempt_201404121538_0001_m_000008_0 which needs 1 slots
2014-04-12 15:39:32,671 INFO org.apache.hadoop.mapred.TaskTracker: In TaskLauncher, current free slots : 4 and trying to launch attempt_201404121538_0001_m_000008_0 which needs 1 slots
2014-04-12 15:39:32,673 INFO org.apache.hadoop.mapred.TaskTracker: Trying to launch : attempt_201404121538_0001_m_000009_0 which needs 1 slots
2014-04-12 15:39:32,673 INFO org.apache.hadoop.mapred.TaskTracker: In TaskLauncher, current free slots : 3 and trying to launch attempt_201404121538_0001_m_000009_0 which needs 1 slots
2014-04-12 15:39:32,675 INFO org.apache.hadoop.mapred.TaskTracker: Trying to launch : attempt_201404121538_0001_m_000010_0 which needs 1 slots
2014-04-12 15:39:32,676 INFO org.apache.hadoop.mapred.TaskTracker: In TaskLauncher, current free slots : 2 and trying to launch attempt_201404121538_0001_m_000010_0 which needs 1 slots
2014-04-12 15:39:32,677 INFO org.apache.hadoop.mapred.TaskTracker: Trying to launch : attempt_201404121538_0001_m_000011_0 which needs 1 slots
2014-04-12 15:39:32,677 INFO org.apache.hadoop.mapred.TaskTracker: In TaskLauncher, current free slots : 1 and trying to launch attempt_201404121538_0001_m_000011_0 which needs 1 slots
2014-04-12 15:39:32,677 INFO org.apache.hadoop.mapred.JvmManager: In JvmRunner constructed JVM ID: jvm_201404121538_0001_m_662396072
2014-04-12 15:39:32,682 INFO org.apache.hadoop.mapred.JvmManager: JVM Runner jvm_201404121538_0001_m_662396072 spawned.
2014-04-12 15:39:32,685 INFO org.apache.hadoop.mapred.JvmManager: In JvmRunner constructed JVM ID: jvm_201404121538_0001_m_1233122140
2014-04-12 15:39:32,685 INFO org.apache.hadoop.mapred.JvmManager: JVM Runner jvm_201404121538_0001_m_1233122140 spawned.
2014-04-12 15:39:32,686 INFO org.apache.hadoop.mapred.JvmManager: In JvmRunner constructed JVM ID: jvm_201404121538_0001_m_1016885167
2014-04-12 15:39:32,686 INFO org.apache.hadoop.mapred.JvmManager: JVM Runner jvm_201404121538_0001_m_1016885167 spawned.
2014-04-12 15:39:32,687 INFO org.apache.hadoop.mapred.JvmManager: In JvmRunner constructed JVM ID: jvm_201404121538_0001_m_163101819
2014-04-12 15:39:32,687 INFO org.apache.hadoop.mapred.JvmManager: JVM Runner jvm_201404121538_0001_m_163101819 spawned.
2014-04-12 15:39:32,687 INFO org.apache.hadoop.mapred.JvmManager: In JvmRunner constructed JVM ID: jvm_201404121538_0001_m_182042859
2014-04-12 15:39:32,687 INFO org.apache.hadoop.mapred.JvmManager: JVM Runner jvm_201404121538_0001_m_182042859 spawned.
2014-04-12 15:39:32,688 INFO org.apache.hadoop.mapred.JvmManager: In JvmRunner constructed JVM ID: jvm_201404121538_0001_m_666166552
2014-04-12 15:39:32,688 INFO org.apache.hadoop.mapred.TaskController: Writing commands to /tmp/hadoop/hadoop-jmg3/mapred/local/ttprivate/taskTracker/jmg3/jobcache/job_201404121538_0001/attempt_201404121538_0001_m_000003_0/taskjvm.sh
2014-04-12 15:39:32,688 INFO org.apache.hadoop.mapred.JvmManager: JVM Runner jvm_201404121538_0001_m_666166552 spawned.
2014-04-12 15:39:32,688 INFO org.apache.hadoop.mapred.TaskController: Writing commands to /tmp/hadoop/hadoop-jmg3/mapred/local/ttprivate/taskTracker/jmg3/jobcache/job_201404121538_0001/attempt_201404121538_0001_m_000004_0/taskjvm.sh
2014-04-12 15:39:32,688 INFO org.apache.hadoop.mapred.JvmManager: In JvmRunner constructed JVM ID: jvm_201404121538_0001_m_56440942
2014-04-12 15:39:32,689 INFO org.apache.hadoop.mapred.JvmManager: JVM Runner jvm_201404121538_0001_m_56440942 spawned.
2014-04-12 15:39:32,689 INFO org.apache.hadoop.mapred.JvmManager: In JvmRunner constructed JVM ID: jvm_201404121538_0001_m_2059536900
2014-04-12 15:39:32,690 INFO org.apache.hadoop.mapred.JvmManager: JVM Runner jvm_201404121538_0001_m_2059536900 spawned.
2014-04-12 15:39:32,690 INFO org.apache.hadoop.mapred.JvmManager: In JvmRunner constructed JVM ID: jvm_201404121538_0001_m_928024092
2014-04-12 15:39:32,690 INFO org.apache.hadoop.mapred.TaskController: Writing commands to /tmp/hadoop/hadoop-jmg3/mapred/local/ttprivate/taskTracker/jmg3/jobcache/job_201404121538_0001/attempt_201404121538_0001_m_000001_0/taskjvm.sh
2014-04-12 15:39:32,690 INFO org.apache.hadoop.mapred.JvmManager: JVM Runner jvm_201404121538_0001_m_928024092 spawned.
2014-04-12 15:39:32,691 INFO org.apache.hadoop.mapred.TaskController: Writing commands to /tmp/hadoop/hadoop-jmg3/mapred/local/ttprivate/taskTracker/jmg3/jobcache/job_201404121538_0001/attempt_201404121538_0001_m_000005_0/taskjvm.sh
2014-04-12 15:39:32,691 INFO org.apache.hadoop.mapred.TaskController: Writing commands to /tmp/hadoop/hadoop-jmg3/mapred/local/ttprivate/taskTracker/jmg3/jobcache/job_201404121538_0001/attempt_201404121538_0001_m_000007_0/taskjvm.sh
2014-04-12 15:39:32,691 INFO org.apache.hadoop.mapred.TaskController: Writing commands to /tmp/hadoop/hadoop-jmg3/mapred/local/ttprivate/taskTracker/jmg3/jobcache/job_201404121538_0001/attempt_201404121538_0001_m_000000_0/taskjvm.sh
2014-04-12 15:39:32,691 INFO org.apache.hadoop.mapred.TaskController: Writing commands to /tmp/hadoop/hadoop-jmg3/mapred/local/ttprivate/taskTracker/jmg3/jobcache/job_201404121538_0001/attempt_201404121538_0001_m_000006_0/taskjvm.sh
2014-04-12 15:39:32,692 INFO org.apache.hadoop.mapred.TaskController: Writing commands to /tmp/hadoop/hadoop-jmg3/mapred/local/ttprivate/taskTracker/jmg3/jobcache/job_201404121538_0001/attempt_201404121538_0001_m_000002_0/taskjvm.sh
2014-04-12 15:39:32,694 INFO org.apache.hadoop.mapred.JvmManager: In JvmRunner constructed JVM ID: jvm_201404121538_0001_m_1187227104
2014-04-12 15:39:32,694 INFO org.apache.hadoop.mapred.JvmManager: JVM Runner jvm_201404121538_0001_m_1187227104 spawned.
2014-04-12 15:39:32,695 INFO org.apache.hadoop.mapred.JvmManager: In JvmRunner constructed JVM ID: jvm_201404121538_0001_m_1636751654
2014-04-12 15:39:32,695 INFO org.apache.hadoop.mapred.JvmManager: JVM Runner jvm_201404121538_0001_m_1636751654 spawned.
2014-04-12 15:39:32,695 INFO org.apache.hadoop.mapred.TaskController: Writing commands to /tmp/hadoop/hadoop-jmg3/mapred/local/ttprivate/taskTracker/jmg3/jobcache/job_201404121538_0001/attempt_201404121538_0001_m_000008_0/taskjvm.sh
2014-04-12 15:39:32,696 INFO org.apache.hadoop.mapred.JvmManager: In JvmRunner constructed JVM ID: jvm_201404121538_0001_m_2017108099
2014-04-12 15:39:32,697 INFO org.apache.hadoop.mapred.TaskController: Writing commands to /tmp/hadoop/hadoop-jmg3/mapred/local/ttprivate/taskTracker/jmg3/jobcache/job_201404121538_0001/attempt_201404121538_0001_m_000009_0/taskjvm.sh
2014-04-12 15:39:32,698 INFO org.apache.hadoop.mapred.TaskController: Writing commands to /tmp/hadoop/hadoop-jmg3/mapred/local/ttprivate/taskTracker/jmg3/jobcache/job_201404121538_0001/attempt_201404121538_0001_m_000010_0/taskjvm.sh
2014-04-12 15:39:32,700 INFO org.apache.hadoop.mapred.JvmManager: JVM Runner jvm_201404121538_0001_m_2017108099 spawned.
2014-04-12 15:39:32,704 INFO org.apache.hadoop.mapred.TaskController: Writing commands to /tmp/hadoop/hadoop-jmg3/mapred/local/ttprivate/taskTracker/jmg3/jobcache/job_201404121538_0001/attempt_201404121538_0001_m_000011_0/taskjvm.sh
2014-04-12 15:39:33,735 INFO org.apache.hadoop.mapred.TaskTracker: JVM with ID: jvm_201404121538_0001_m_163101819 given task: attempt_201404121538_0001_m_000001_0
2014-04-12 15:39:33,736 INFO org.apache.hadoop.mapred.TaskTracker: JVM with ID: jvm_201404121538_0001_m_662396072 given task: attempt_201404121538_0001_m_000003_0
2014-04-12 15:39:33,748 INFO org.apache.hadoop.mapred.TaskTracker: JVM with ID: jvm_201404121538_0001_m_1636751654 given task: attempt_201404121538_0001_m_000010_0
2014-04-12 15:39:33,765 INFO org.apache.hadoop.mapred.TaskTracker: JVM with ID: jvm_201404121538_0001_m_1233122140 given task: attempt_201404121538_0001_m_000004_0
2014-04-12 15:39:33,769 INFO org.apache.hadoop.mapred.TaskTracker: JVM with ID: jvm_201404121538_0001_m_1187227104 given task: attempt_201404121538_0001_m_000009_0
2014-04-12 15:39:33,783 INFO org.apache.hadoop.mapred.TaskTracker: JVM with ID: jvm_201404121538_0001_m_666166552 given task: attempt_201404121538_0001_m_000007_0
2014-04-12 15:39:33,788 INFO org.apache.hadoop.mapred.TaskTracker: JVM with ID: jvm_201404121538_0001_m_56440942 given task: attempt_201404121538_0001_m_000006_0
2014-04-12 15:39:33,796 INFO org.apache.hadoop.mapred.TaskTracker: JVM with ID: jvm_201404121538_0001_m_1016885167 given task: attempt_201404121538_0001_m_000005_0
2014-04-12 15:39:33,805 INFO org.apache.hadoop.mapred.TaskTracker: JVM with ID: jvm_201404121538_0001_m_182042859 given task: attempt_201404121538_0001_m_000000_0
2014-04-12 15:39:33,834 INFO org.apache.hadoop.mapred.TaskTracker: JVM with ID: jvm_201404121538_0001_m_2017108099 given task: attempt_201404121538_0001_m_000011_0
2014-04-12 15:39:33,873 INFO org.apache.hadoop.mapred.TaskTracker: JVM with ID: jvm_201404121538_0001_m_928024092 given task: attempt_201404121538_0001_m_000008_0
2014-04-12 15:39:33,907 INFO org.apache.hadoop.mapred.TaskTracker: JVM with ID: jvm_201404121538_0001_m_2059536900 given task: attempt_201404121538_0001_m_000002_0
2014-04-12 15:39:41,247 INFO org.apache.hadoop.mapred.TaskTracker: attempt_201404121538_0001_m_000001_0 0.239572% 
2014-04-12 15:39:41,322 INFO org.apache.hadoop.mapred.TaskTracker: attempt_201404121538_0001_m_000003_0 0.49209872% 
2014-04-12 15:39:41,475 INFO org.apache.hadoop.mapred.TaskTracker: attempt_201404121538_0001_m_000006_0 0.1397141% 
2014-04-12 15:39:41,538 INFO org.apache.hadoop.mapred.TaskTracker: attempt_201404121538_0001_m_000004_0 0.15407906% 
2014-04-12 15:39:41,580 INFO org.apache.hadoop.mapred.TaskTracker: attempt_201404121538_0001_m_000009_0 0.177036% 
2014-04-12 15:39:41,740 INFO org.apache.hadoop.mapred.TaskTracker: attempt_201404121538_0001_m_000008_0 0.14002456% 
2014-04-12 15:39:41,810 INFO org.apache.hadoop.mapred.TaskTracker: attempt_201404121538_0001_m_000007_0 0.16503252% 
2014-04-12 15:39:41,842 INFO org.apache.hadoop.mapred.TaskTracker: attempt_201404121538_0001_m_000010_0 0.15939565% 
2014-04-12 15:39:41,843 INFO org.apache.hadoop.mapred.TaskTracker: attempt_201404121538_0001_m_000000_0 0.14556992% 
2014-04-12 15:39:41,985 INFO org.apache.hadoop.mapred.TaskTracker: attempt_201404121538_0001_m_000005_0 0.13821854% 
2014-04-12 15:39:44,474 INFO org.apache.hadoop.mapred.TaskTracker: attempt_201404121538_0001_m_000011_0 0.20008774% 
2014-04-12 15:39:45,807 INFO org.apache.hadoop.mapred.TaskTracker: attempt_201404121538_0001_m_000005_0 0.3085219% 
2014-04-12 15:39:45,807 INFO org.apache.hadoop.mapred.TaskTracker: attempt_201404121538_0001_m_000001_0 0.39766562% 
2014-04-12 15:39:45,808 INFO org.apache.hadoop.mapred.TaskTracker: attempt_201404121538_0001_m_000000_0 0.2770244% 
2014-04-12 15:39:45,808 INFO org.apache.hadoop.mapred.TaskTracker: attempt_201404121538_0001_m_000007_0 0.32899326% 
2014-04-12 15:39:45,808 INFO org.apache.hadoop.mapred.TaskTracker: attempt_201404121538_0001_m_000010_0 0.28085643% 
2014-04-12 15:39:45,809 INFO org.apache.hadoop.mapred.TaskTracker: attempt_201404121538_0001_m_000008_0 0.28822008% 
2014-04-12 15:39:45,809 INFO org.apache.hadoop.mapred.TaskTracker: attempt_201404121538_0001_m_000004_0 0.29397652% 
2014-04-12 15:39:45,810 INFO org.apache.hadoop.mapred.TaskTracker: attempt_201404121538_0001_m_000009_0 0.2885071% 
2014-04-12 15:39:45,810 INFO org.apache.hadoop.mapred.TaskTracker: attempt_201404121538_0001_m_000002_0 0.2550434% 
2014-04-12 15:39:45,811 INFO org.apache.hadoop.mapred.TaskTracker: attempt_201404121538_0001_m_000006_0 0.26842844% 
2014-04-12 15:39:45,812 INFO org.apache.hadoop.mapred.TaskTracker: attempt_201404121538_0001_m_000003_0 0.64411914% 
2014-04-12 15:39:49,203 INFO org.apache.hadoop.mapred.TaskTracker: attempt_201404121538_0001_m_000000_0 0.38927698% 
2014-04-12 15:39:49,207 INFO org.apache.hadoop.mapred.TaskTracker: attempt_201404121538_0001_m_000005_0 0.41461483% 
2014-04-12 15:39:49,208 INFO org.apache.hadoop.mapred.TaskTracker: attempt_201404121538_0001_m_000009_0 0.3877047% 
2014-04-12 15:39:49,269 INFO org.apache.hadoop.mapred.TaskTracker: attempt_201404121538_0001_m_000004_0 0.40034488% 
2014-04-12 15:39:49,310 INFO org.apache.hadoop.mapred.TaskTracker: attempt_201404121538_0001_m_000002_0 0.3819274% 
2014-04-12 15:39:49,311 INFO org.apache.hadoop.mapred.TaskTracker: attempt_201404121538_0001_m_000011_0 0.3397283% 
2014-04-12 15:39:49,553 INFO org.apache.hadoop.mapred.TaskTracker: attempt_201404121538_0001_m_000010_0 0.3955763% 
2014-04-12 15:39:49,650 INFO org.apache.hadoop.mapred.TaskTracker: attempt_201404121538_0001_m_000007_0 0.4565907% 
2014-04-12 15:39:49,778 INFO org.apache.hadoop.mapred.TaskTracker: attempt_201404121538_0001_m_000008_0 0.3900479% 
2014-04-12 15:39:49,952 INFO org.apache.hadoop.mapred.TaskTracker: attempt_201404121538_0001_m_000003_0 0.7689152% 
2014-04-12 15:39:50,623 INFO org.apache.hadoop.mapred.TaskTracker: attempt_201404121538_0001_m_000006_0 0.40188968% 
2014-04-12 15:39:50,721 INFO org.apache.hadoop.mapred.TaskTracker: attempt_201404121538_0001_m_000001_0 0.52091646% 
2014-04-12 15:39:52,644 INFO org.apache.hadoop.mapred.TaskTracker: attempt_201404121538_0001_m_000000_0 0.47122878% 
2014-04-12 15:39:52,653 INFO org.apache.hadoop.mapred.TaskTracker: attempt_201404121538_0001_m_000005_0 0.50991106% 
2014-04-12 15:39:52,692 INFO org.apache.hadoop.mapred.TaskTracker: attempt_201404121538_0001_m_000009_0 0.43000686% 
2014-04-12 15:39:52,704 INFO org.apache.hadoop.mapred.TaskTracker: attempt_201404121538_0001_m_000004_0 0.4919228% 
2014-04-12 15:39:52,788 INFO org.apache.hadoop.mapred.TaskTracker: attempt_201404121538_0001_m_000011_0 0.42270774% 
2014-04-12 15:39:52,885 INFO org.apache.hadoop.mapred.TaskTracker: attempt_201404121538_0001_m_000002_0 0.45287198% 
2014-04-12 15:39:52,952 INFO org.apache.hadoop.mapred.TaskTracker: attempt_201404121538_0001_m_000010_0 0.48613277% 
2014-04-12 15:39:53,028 INFO org.apache.hadoop.mapred.TaskTracker: attempt_201404121538_0001_m_000007_0 0.535615% 
2014-04-12 15:39:53,209 INFO org.apache.hadoop.mapred.TaskTracker: attempt_201404121538_0001_m_000008_0 0.48196012% 
2014-04-12 15:39:53,434 INFO org.apache.hadoop.mapred.TaskTracker: attempt_201404121538_0001_m_000003_0 0.8567838% 
2014-04-12 15:39:54,057 INFO org.apache.hadoop.mapred.TaskTracker: attempt_201404121538_0001_m_000006_0 0.47813478% 
2014-04-12 15:39:55,840 INFO org.apache.hadoop.mapred.TaskTracker: attempt_201404121538_0001_m_000001_0 0.6100482% 
2014-04-12 15:39:55,895 INFO org.apache.hadoop.mapred.TaskTracker: attempt_201404121538_0001_m_000005_0 0.5860488% 
2014-04-12 15:39:56,075 INFO org.apache.hadoop.mapred.TaskTracker: attempt_201404121538_0001_m_000009_0 0.5127306% 
2014-04-12 15:39:56,117 INFO org.apache.hadoop.mapred.TaskTracker: attempt_201404121538_0001_m_000000_0 0.5286766% 
2014-04-12 15:39:56,220 INFO org.apache.hadoop.mapred.TaskTracker: attempt_201404121538_0001_m_000011_0 0.50576216% 
2014-04-12 15:39:56,221 INFO org.apache.hadoop.mapred.TaskTracker: attempt_201404121538_0001_m_000004_0 0.532052% 
2014-04-12 15:39:56,249 INFO org.apache.hadoop.mapred.TaskTracker: attempt_201404121538_0001_m_000002_0 0.5354484% 
2014-04-12 15:39:56,283 INFO org.apache.hadoop.mapred.TaskTracker: attempt_201404121538_0001_m_000010_0 0.5627347% 
2014-04-12 15:39:56,357 INFO org.apache.hadoop.mapred.TaskTracker: attempt_201404121538_0001_m_000007_0 0.61209834% 
2014-04-12 15:39:56,584 INFO org.apache.hadoop.mapred.TaskTracker: attempt_201404121538_0001_m_000008_0 0.5343072% 
2014-04-12 15:39:56,749 INFO org.apache.hadoop.mapred.TaskTracker: attempt_201404121538_0001_m_000003_0 0.9220118% 
2014-04-12 15:39:59,108 INFO org.apache.hadoop.mapred.TaskTracker: attempt_201404121538_0001_m_000006_0 0.56567615% 
2014-04-12 15:39:59,264 INFO org.apache.hadoop.mapred.TaskTracker: attempt_201404121538_0001_m_000005_0 0.6717604% 
2014-04-12 15:39:59,281 INFO org.apache.hadoop.mapred.TaskTracker: attempt_201404121538_0001_m_000001_0 0.7637478% 
2014-04-12 15:39:59,401 INFO org.apache.hadoop.mapred.TaskTracker: attempt_201404121538_0001_m_000000_0 0.61878896% 
2014-04-12 15:39:59,411 INFO org.apache.hadoop.mapred.TaskTracker: attempt_201404121538_0001_m_000009_0 0.5845684% 
2014-04-12 15:39:59,500 INFO org.apache.hadoop.mapred.TaskTracker: attempt_201404121538_0001_m_000010_0 0.6571253% 
2014-04-12 15:39:59,531 INFO org.apache.hadoop.mapred.TaskTracker: attempt_201404121538_0001_m_000004_0 0.6257224% 
2014-04-12 15:39:59,548 INFO org.apache.hadoop.mapred.TaskTracker: attempt_201404121538_0001_m_000011_0 0.581425% 
2014-04-12 15:39:59,628 INFO org.apache.hadoop.mapred.TaskTracker: attempt_201404121538_0001_m_000002_0 0.62411547% 
2014-04-12 15:39:59,711 INFO org.apache.hadoop.mapred.TaskTracker: attempt_201404121538_0001_m_000007_0 0.6945468% 
2014-04-12 15:39:59,958 INFO org.apache.hadoop.mapred.TaskTracker: attempt_201404121538_0001_m_000008_0 0.6236909% 
2014-04-12 15:40:00,075 INFO org.apache.hadoop.mapred.TaskTracker: attempt_201404121538_0001_m_000003_0 1.0% 
2014-04-12 15:40:02,612 INFO org.apache.hadoop.mapred.TaskTracker: attempt_201404121538_0001_m_000006_0 0.67211705% 
2014-04-12 15:40:02,674 INFO org.apache.hadoop.mapred.TaskTracker: attempt_201404121538_0001_m_000001_0 0.86020166% 
2014-04-12 15:40:02,829 INFO org.apache.hadoop.mapred.TaskTracker: attempt_201404121538_0001_m_000000_0 0.7088209% 
2014-04-12 15:40:02,841 INFO org.apache.hadoop.mapred.TaskTracker: attempt_201404121538_0001_m_000009_0 0.69601333% 
2014-04-12 15:40:02,881 INFO org.apache.hadoop.mapred.TaskTracker: attempt_201404121538_0001_m_000010_0 0.7716667% 
2014-04-12 15:40:02,900 INFO org.apache.hadoop.mapred.TaskTracker: attempt_201404121538_0001_m_000011_0 0.6732651% 
2014-04-12 15:40:02,933 INFO org.apache.hadoop.mapred.TaskTracker: attempt_201404121538_0001_m_000004_0 0.74641424% 
2014-04-12 15:40:03,058 INFO org.apache.hadoop.mapred.TaskTracker: attempt_201404121538_0001_m_000002_0 0.7146711% 
2014-04-12 15:40:03,173 INFO org.apache.hadoop.mapred.TaskTracker: attempt_201404121538_0001_m_000007_0 0.80583096% 
2014-04-12 15:40:03,352 INFO org.apache.hadoop.mapred.TaskTracker: attempt_201404121538_0001_m_000008_0 0.72253644% 
2014-04-12 15:40:03,418 INFO org.apache.hadoop.mapred.TaskTracker: attempt_201404121538_0001_m_000003_0 1.0% 
2014-04-12 15:40:03,455 INFO org.apache.hadoop.mapred.TaskTracker: attempt_201404121538_0001_m_000005_0 0.7830485% 
2014-04-12 15:40:05,956 INFO org.apache.hadoop.mapred.TaskTracker: attempt_201404121538_0001_m_000001_0 0.94419914% 
2014-04-12 15:40:06,097 INFO org.apache.hadoop.mapred.TaskTracker: attempt_201404121538_0001_m_000000_0 0.8000235% 
2014-04-12 15:40:06,232 INFO org.apache.hadoop.mapred.TaskTracker: attempt_201404121538_0001_m_000004_0 0.8418075% 
2014-04-12 15:40:06,243 INFO org.apache.hadoop.mapred.TaskTracker: attempt_201404121538_0001_m_000010_0 0.8591876% 
2014-04-12 15:40:06,289 INFO org.apache.hadoop.mapred.TaskTracker: attempt_201404121538_0001_m_000009_0 0.7852834% 
2014-04-12 15:40:06,375 INFO org.apache.hadoop.mapred.TaskTracker: attempt_201404121538_0001_m_000002_0 0.80295247% 
2014-04-12 15:40:06,487 INFO org.apache.hadoop.mapred.TaskTracker: attempt_201404121538_0001_m_000011_0 0.7804652% 
2014-04-12 15:40:06,746 INFO org.apache.hadoop.mapred.TaskTracker: attempt_201404121538_0001_m_000008_0 0.8035403% 
2014-04-12 15:40:06,810 INFO org.apache.hadoop.mapred.TaskTracker: attempt_201404121538_0001_m_000003_0 1.0% 
2014-04-12 15:40:06,819 INFO org.apache.hadoop.mapred.TaskTracker: attempt_201404121538_0001_m_000005_0 0.8799548% 
2014-04-12 15:40:07,225 INFO org.apache.hadoop.mapred.TaskTracker: attempt_201404121538_0001_m_000007_0 0.9011124% 
2014-04-12 15:40:07,345 INFO org.apache.hadoop.mapred.TaskTracker: attempt_201404121538_0001_m_000006_0 0.7817354% 
2014-04-12 15:40:09,291 INFO org.apache.hadoop.mapred.TaskTracker: attempt_201404121538_0001_m_000001_0 1.0% 
2014-04-12 15:40:09,427 INFO org.apache.hadoop.mapred.TaskTracker: attempt_201404121538_0001_m_000000_0 0.89488924% 
2014-04-12 15:40:09,467 INFO org.apache.hadoop.mapred.TaskTracker: attempt_201404121538_0001_m_000004_0 0.9128565% 
2014-04-12 15:40:09,550 INFO org.apache.hadoop.mapred.TaskTracker: attempt_201404121538_0001_m_000010_0 0.9517663% 
2014-04-12 15:40:09,661 INFO org.apache.hadoop.mapred.TaskTracker: attempt_201404121538_0001_m_000009_0 0.89642686% 
2014-04-12 15:40:09,753 INFO org.apache.hadoop.mapred.TaskTracker: attempt_201404121538_0001_m_000011_0 0.8821921% 
2014-04-12 15:40:09,957 INFO org.apache.hadoop.mapred.TaskTracker: attempt_201404121538_0001_m_000008_0 0.9004752% 
2014-04-12 15:40:09,963 INFO org.apache.hadoop.mapred.TaskTracker: attempt_201404121538_0001_m_000002_0 0.91151243% 
2014-04-12 15:40:10,017 INFO org.apache.hadoop.mapred.TaskTracker: attempt_201404121538_0001_m_000005_0 0.9817351% 
2014-04-12 15:40:10,108 INFO org.apache.hadoop.mapred.TaskTracker: attempt_201404121538_0001_m_000003_0 1.0% 
2014-04-12 15:40:10,483 INFO org.apache.hadoop.mapred.TaskTracker: attempt_201404121538_0001_m_000007_0 1.0% 
2014-04-12 15:40:10,555 INFO org.apache.hadoop.mapred.TaskTracker: attempt_201404121538_0001_m_000006_0 0.8991578% 
2014-04-12 15:40:12,559 INFO org.apache.hadoop.mapred.TaskTracker: attempt_201404121538_0001_m_000001_0 1.0% 
2014-04-12 15:40:12,604 INFO org.apache.hadoop.mapred.TaskTracker: attempt_201404121538_0001_m_000000_0 1.0% 
2014-04-12 15:40:12,750 INFO org.apache.hadoop.mapred.TaskTracker: attempt_201404121538_0001_m_000004_0 1.0% 
2014-04-12 15:40:12,789 INFO org.apache.hadoop.mapred.TaskTracker: attempt_201404121538_0001_m_000010_0 1.0% 
2014-04-12 15:40:12,895 INFO org.apache.hadoop.mapred.TaskTracker: attempt_201404121538_0001_m_000009_0 1.0% 
2014-04-12 15:40:12,962 INFO org.apache.hadoop.mapred.TaskTracker: attempt_201404121538_0001_m_000011_0 1.0% 
2014-04-12 15:40:13,212 INFO org.apache.hadoop.mapred.TaskTracker: attempt_201404121538_0001_m_000005_0 1.0% 
2014-04-12 15:40:13,249 INFO org.apache.hadoop.mapred.TaskTracker: attempt_201404121538_0001_m_000002_0 1.0% 
2014-04-12 15:40:13,281 INFO org.apache.hadoop.mapred.TaskTracker: attempt_201404121538_0001_m_000008_0 1.0% 
2014-04-12 15:40:13,389 INFO org.apache.hadoop.mapred.TaskTracker: attempt_201404121538_0001_m_000003_0 1.0% 
2014-04-12 15:40:13,638 INFO org.apache.hadoop.mapred.TaskTracker: attempt_201404121538_0001_m_000007_0 1.0% 
2014-04-12 15:40:13,786 INFO org.apache.hadoop.mapred.TaskTracker: attempt_201404121538_0001_m_000006_0 1.0% 
2014-04-12 15:40:15,774 INFO org.apache.hadoop.mapred.TaskTracker: attempt_201404121538_0001_m_000001_0 1.0% 
2014-04-12 15:40:15,815 INFO org.apache.hadoop.mapred.TaskTracker: attempt_201404121538_0001_m_000000_0 1.0% 
2014-04-12 15:40:15,904 INFO org.apache.hadoop.mapred.TaskTracker: attempt_201404121538_0001_m_000004_0 1.0% 
2014-04-12 15:40:15,958 INFO org.apache.hadoop.mapred.TaskTracker: attempt_201404121538_0001_m_000010_0 1.0% 
2014-04-12 15:40:16,090 INFO org.apache.hadoop.mapred.TaskTracker: attempt_201404121538_0001_m_000009_0 1.0% 
2014-04-12 15:40:16,197 INFO org.apache.hadoop.mapred.TaskTracker: attempt_201404121538_0001_m_000011_0 1.0% 
2014-04-12 15:40:16,363 INFO org.apache.hadoop.mapred.TaskTracker: attempt_201404121538_0001_m_000002_0 1.0% 
2014-04-12 15:40:16,394 INFO org.apache.hadoop.mapred.TaskTracker: attempt_201404121538_0001_m_000005_0 1.0% 
2014-04-12 15:40:16,427 INFO org.apache.hadoop.mapred.TaskTracker: attempt_201404121538_0001_m_000008_0 1.0% 
2014-04-12 15:40:16,522 INFO org.apache.hadoop.mapred.TaskTracker: attempt_201404121538_0001_m_000003_0 1.0% 
2014-04-12 15:40:16,756 INFO org.apache.hadoop.mapred.TaskTracker: attempt_201404121538_0001_m_000007_0 1.0% 
2014-04-12 15:40:16,948 INFO org.apache.hadoop.mapred.TaskTracker: attempt_201404121538_0001_m_000006_0 1.0% 
2014-04-12 15:40:18,879 INFO org.apache.hadoop.mapred.TaskTracker: attempt_201404121538_0001_m_000001_0 1.0% 
2014-04-12 15:40:18,905 INFO org.apache.hadoop.mapred.TaskTracker: attempt_201404121538_0001_m_000000_0 1.0% 
2014-04-12 15:40:19,202 INFO org.apache.hadoop.mapred.TaskTracker: attempt_201404121538_0001_m_000009_0 1.0% 
2014-04-12 15:40:19,216 INFO org.apache.hadoop.mapred.TaskTracker: attempt_201404121538_0001_m_000004_0 1.0% 
2014-04-12 15:40:19,217 INFO org.apache.hadoop.mapred.TaskTracker: attempt_201404121538_0001_m_000010_0 1.0% 
2014-04-12 15:40:19,244 INFO org.apache.hadoop.mapred.TaskTracker: attempt_201404121538_0001_m_000011_0 1.0% 
2014-04-12 15:40:19,476 INFO org.apache.hadoop.mapred.TaskTracker: attempt_201404121538_0001_m_000005_0 1.0% 
2014-04-12 15:40:19,496 INFO org.apache.hadoop.mapred.TaskTracker: attempt_201404121538_0001_m_000002_0 1.0% 
2014-04-12 15:40:19,585 INFO org.apache.hadoop.mapred.TaskTracker: attempt_201404121538_0001_m_000003_0 1.0% 
2014-04-12 15:40:19,627 INFO org.apache.hadoop.mapred.TaskTracker: attempt_201404121538_0001_m_000008_0 1.0% 
2014-04-12 15:40:19,831 INFO org.apache.hadoop.mapred.TaskTracker: attempt_201404121538_0001_m_000007_0 1.0% 
2014-04-12 15:40:19,991 INFO org.apache.hadoop.mapred.TaskTracker: attempt_201404121538_0001_m_000006_0 1.0% 
2014-04-12 15:40:21,926 INFO org.apache.hadoop.mapred.TaskTracker: attempt_201404121538_0001_m_000001_0 1.0% 
2014-04-12 15:40:22,159 INFO org.apache.hadoop.mapred.TaskTracker: attempt_201404121538_0001_m_000000_0 1.0% 
2014-04-12 15:40:22,254 INFO org.apache.hadoop.mapred.TaskTracker: attempt_201404121538_0001_m_000004_0 1.0% 
2014-04-12 15:40:22,256 INFO org.apache.hadoop.mapred.TaskTracker: attempt_201404121538_0001_m_000010_0 1.0% 
2014-04-12 15:40:22,258 INFO org.apache.hadoop.mapred.TaskTracker: attempt_201404121538_0001_m_000009_0 1.0% 
2014-04-12 15:40:22,296 INFO org.apache.hadoop.mapred.TaskTracker: attempt_201404121538_0001_m_000011_0 1.0% 
2014-04-12 15:40:22,507 INFO org.apache.hadoop.mapred.TaskTracker: attempt_201404121538_0001_m_000005_0 1.0% 
2014-04-12 15:40:22,548 INFO org.apache.hadoop.mapred.TaskTracker: attempt_201404121538_0001_m_000002_0 1.0% 
2014-04-12 15:40:22,615 INFO org.apache.hadoop.mapred.TaskTracker: attempt_201404121538_0001_m_000003_0 1.0% 
2014-04-12 15:40:22,662 INFO org.apache.hadoop.mapred.TaskTracker: attempt_201404121538_0001_m_000008_0 1.0% 
2014-04-12 15:40:22,873 INFO org.apache.hadoop.mapred.TaskTracker: attempt_201404121538_0001_m_000007_0 1.0% 
2014-04-12 15:40:23,032 INFO org.apache.hadoop.mapred.TaskTracker: attempt_201404121538_0001_m_000006_0 1.0% 
2014-04-12 15:40:25,229 INFO org.apache.hadoop.mapred.TaskTracker: attempt_201404121538_0001_m_000001_0 1.0% 
2014-04-12 15:40:25,270 INFO org.apache.hadoop.mapred.TaskTracker: attempt_201404121538_0001_m_000000_0 1.0% 
2014-04-12 15:40:25,322 INFO org.apache.hadoop.mapred.TaskTracker: attempt_201404121538_0001_m_000010_0 1.0% 
2014-04-12 15:40:25,349 INFO org.apache.hadoop.mapred.TaskTracker: attempt_201404121538_0001_m_000004_0 1.0% 
2014-04-12 15:40:25,364 INFO org.apache.hadoop.mapred.TaskTracker: attempt_201404121538_0001_m_000009_0 1.0% 
2014-04-12 15:40:25,379 INFO org.apache.hadoop.mapred.TaskTracker: attempt_201404121538_0001_m_000011_0 1.0% 
2014-04-12 15:40:25,601 INFO org.apache.hadoop.mapred.TaskTracker: attempt_201404121538_0001_m_000005_0 1.0% 
2014-04-12 15:40:25,626 INFO org.apache.hadoop.mapred.TaskTracker: attempt_201404121538_0001_m_000002_0 1.0% 
2014-04-12 15:40:25,670 INFO org.apache.hadoop.mapred.TaskTracker: attempt_201404121538_0001_m_000003_0 1.0% 
2014-04-12 15:40:25,673 INFO org.apache.hadoop.mapred.TaskTracker: attempt_201404121538_0001_m_000003_0 1.0% 
2014-04-12 15:40:25,675 INFO org.apache.hadoop.mapred.TaskTracker: Task attempt_201404121538_0001_m_000003_0 is done.
2014-04-12 15:40:25,675 INFO org.apache.hadoop.mapred.TaskTracker: reported output size for attempt_201404121538_0001_m_000003_0  was 52817318
2014-04-12 15:40:25,676 INFO org.apache.hadoop.mapred.TaskTracker: addFreeSlot : current free slots : 1
2014-04-12 15:40:25,732 INFO org.apache.hadoop.mapred.TaskTracker: attempt_201404121538_0001_m_000008_0 1.0% 
2014-04-12 15:40:25,921 INFO org.apache.hadoop.mapred.TaskTracker: attempt_201404121538_0001_m_000007_0 1.0% 
2014-04-12 15:40:25,931 INFO org.apache.hadoop.mapred.TaskTracker: LaunchTaskAction (registerTask): attempt_201404121538_0001_r_000000_0 task's state:UNASSIGNED
2014-04-12 15:40:25,932 INFO org.apache.hadoop.mapred.TaskTracker: Trying to launch : attempt_201404121538_0001_r_000000_0 which needs 1 slots
2014-04-12 15:40:25,932 INFO org.apache.hadoop.mapred.TaskTracker: In TaskLauncher, current free slots : 2 and trying to launch attempt_201404121538_0001_r_000000_0 which needs 1 slots
2014-04-12 15:40:25,987 INFO org.apache.hadoop.mapred.JvmManager: In JvmRunner constructed JVM ID: jvm_201404121538_0001_r_388358209
2014-04-12 15:40:25,987 INFO org.apache.hadoop.mapred.JvmManager: JVM Runner jvm_201404121538_0001_r_388358209 spawned.
2014-04-12 15:40:26,006 INFO org.apache.hadoop.mapred.TaskController: Writing commands to /tmp/hadoop/hadoop-jmg3/mapred/local/ttprivate/taskTracker/jmg3/jobcache/job_201404121538_0001/attempt_201404121538_0001_r_000000_0/taskjvm.sh
2014-04-12 15:40:26,109 INFO org.apache.hadoop.mapred.TaskTracker: attempt_201404121538_0001_m_000006_0 1.0% 
2014-04-12 15:40:27,304 INFO org.apache.hadoop.mapred.TaskTracker: JVM with ID: jvm_201404121538_0001_r_388358209 given task: attempt_201404121538_0001_r_000000_0
2014-04-12 15:40:29,557 INFO org.apache.hadoop.mapred.TaskTracker: attempt_201404121538_0001_m_000006_0 1.0% 
2014-04-12 15:40:29,557 INFO org.apache.hadoop.mapred.TaskTracker: attempt_201404121538_0001_m_000007_0 1.0% 
2014-04-12 15:40:29,558 INFO org.apache.hadoop.mapred.TaskTracker: attempt_201404121538_0001_m_000008_0 1.0% 
2014-04-12 15:40:29,559 INFO org.apache.hadoop.mapred.TaskTracker: attempt_201404121538_0001_m_000002_0 1.0% 
2014-04-12 15:40:29,559 INFO org.apache.hadoop.mapred.TaskTracker: attempt_201404121538_0001_m_000005_0 1.0% 
2014-04-12 15:40:29,559 INFO org.apache.hadoop.mapred.TaskTracker: attempt_201404121538_0001_m_000011_0 1.0% 
2014-04-12 15:40:29,560 INFO org.apache.hadoop.mapred.TaskTracker: attempt_201404121538_0001_m_000009_0 1.0% 
2014-04-12 15:40:29,560 INFO org.apache.hadoop.mapred.TaskTracker: attempt_201404121538_0001_m_000004_0 1.0% 
2014-04-12 15:40:29,561 INFO org.apache.hadoop.mapred.TaskTracker: attempt_201404121538_0001_m_000000_0 1.0% 
2014-04-12 15:40:29,566 INFO org.apache.hadoop.mapred.TaskTracker: LaunchTaskAction (registerTask): attempt_201404121538_0001_r_000001_0 task's state:UNASSIGNED
2014-04-12 15:40:29,566 INFO org.apache.hadoop.mapred.TaskTracker: Trying to launch : attempt_201404121538_0001_r_000001_0 which needs 1 slots
2014-04-12 15:40:29,566 INFO org.apache.hadoop.mapred.TaskTracker: In TaskLauncher, current free slots : 1 and trying to launch attempt_201404121538_0001_r_000001_0 which needs 1 slots
2014-04-12 15:40:29,573 INFO org.apache.hadoop.mapred.TaskTracker: attempt_201404121538_0001_m_000004_0 1.0% 
2014-04-12 15:40:29,574 INFO org.apache.hadoop.mapred.TaskTracker: attempt_201404121538_0001_m_000001_0 1.0% 
2014-04-12 15:40:29,574 INFO org.apache.hadoop.mapred.TaskTracker: Task attempt_201404121538_0001_m_000004_0 is done.
2014-04-12 15:40:29,574 INFO org.apache.hadoop.mapred.TaskTracker: reported output size for attempt_201404121538_0001_m_000004_0  was 51961174
2014-04-12 15:40:29,575 INFO org.apache.hadoop.mapred.TaskTracker: addFreeSlot : current free slots : 2
2014-04-12 15:40:29,575 INFO org.apache.hadoop.mapred.TaskTracker: Task attempt_201404121538_0001_m_000001_0 is done.
2014-04-12 15:40:29,575 INFO org.apache.hadoop.mapred.TaskTracker: reported output size for attempt_201404121538_0001_m_000001_0  was 51879895
2014-04-12 15:40:29,576 INFO org.apache.hadoop.mapred.TaskTracker: addFreeSlot : current free slots : 3
2014-04-12 15:40:29,584 INFO org.apache.hadoop.mapred.JvmManager: In JvmRunner constructed JVM ID: jvm_201404121538_0001_r_662396072
2014-04-12 15:40:29,585 INFO org.apache.hadoop.mapred.JvmManager: JVM Runner jvm_201404121538_0001_r_662396072 spawned.
2014-04-12 15:40:29,587 INFO org.apache.hadoop.mapred.TaskController: Writing commands to /tmp/hadoop/hadoop-jmg3/mapred/local/ttprivate/taskTracker/jmg3/jobcache/job_201404121538_0001/attempt_201404121538_0001_r_000001_0/taskjvm.sh
2014-04-12 15:40:29,625 INFO org.apache.hadoop.mapred.JvmManager: JVM : jvm_201404121538_0001_m_662396072 exited with exit code 0. Number of tasks it ran: 1
2014-04-12 15:40:30,259 INFO org.apache.hadoop.mapred.TaskTracker: JVM with ID: jvm_201404121538_0001_r_662396072 given task: attempt_201404121538_0001_r_000001_0
2014-04-12 15:40:30,745 INFO org.apache.hadoop.mapred.JvmManager: JVM : jvm_201404121538_0001_m_1233122140 exited with exit code 0. Number of tasks it ran: 1
2014-04-12 15:40:30,745 INFO org.apache.hadoop.mapred.JvmManager: JVM : jvm_201404121538_0001_m_163101819 exited with exit code 0. Number of tasks it ran: 1
2014-04-12 15:40:32,592 INFO org.apache.hadoop.mapred.TaskTracker: attempt_201404121538_0001_m_000011_0 1.0% 
2014-04-12 15:40:32,593 INFO org.apache.hadoop.mapred.TaskTracker: attempt_201404121538_0001_m_000000_0 1.0% 
2014-04-12 15:40:32,594 INFO org.apache.hadoop.mapred.TaskTracker: attempt_201404121538_0001_m_000011_0 1.0% 
2014-04-12 15:40:32,595 INFO org.apache.hadoop.mapred.TaskTracker: attempt_201404121538_0001_m_000000_0 1.0% 
2014-04-12 15:40:32,595 INFO org.apache.hadoop.mapred.TaskTracker: Task attempt_201404121538_0001_m_000011_0 is done.
2014-04-12 15:40:32,595 INFO org.apache.hadoop.mapred.TaskTracker: reported output size for attempt_201404121538_0001_m_000011_0  was 51261824
2014-04-12 15:40:32,596 INFO org.apache.hadoop.mapred.TaskTracker: addFreeSlot : current free slots : 4
2014-04-12 15:40:32,596 INFO org.apache.hadoop.mapred.TaskTracker: Task attempt_201404121538_0001_m_000000_0 is done.
2014-04-12 15:40:32,596 INFO org.apache.hadoop.mapred.TaskTracker: reported output size for attempt_201404121538_0001_m_000000_0  was 52440243
2014-04-12 15:40:32,596 INFO org.apache.hadoop.mapred.TaskTracker: addFreeSlot : current free slots : 5
2014-04-12 15:40:32,606 INFO org.apache.hadoop.mapred.TaskTracker: attempt_201404121538_0001_m_000010_0 1.0% 
2014-04-12 15:40:32,610 INFO org.apache.hadoop.mapred.TaskTracker: attempt_201404121538_0001_m_000010_0 1.0% 
2014-04-12 15:40:32,611 INFO org.apache.hadoop.mapred.TaskTracker: attempt_201404121538_0001_m_000002_0 1.0% 
2014-04-12 15:40:32,611 INFO org.apache.hadoop.mapred.TaskTracker: Task attempt_201404121538_0001_m_000010_0 is done.
2014-04-12 15:40:32,611 INFO org.apache.hadoop.mapred.TaskTracker: reported output size for attempt_201404121538_0001_m_000010_0  was 52589803
2014-04-12 15:40:32,611 INFO org.apache.hadoop.mapred.TaskTracker: addFreeSlot : current free slots : 6
2014-04-12 15:40:32,613 INFO org.apache.hadoop.mapred.TaskTracker: attempt_201404121538_0001_m_000002_0 1.0% 
2014-04-12 15:40:32,614 INFO org.apache.hadoop.mapred.TaskTracker: attempt_201404121538_0001_m_000008_0 1.0% 
2014-04-12 15:40:32,615 INFO org.apache.hadoop.mapred.TaskTracker: attempt_201404121538_0001_m_000006_0 1.0% 
2014-04-12 15:40:32,615 INFO org.apache.hadoop.mapred.TaskTracker: Task attempt_201404121538_0001_m_000002_0 is done.
2014-04-12 15:40:32,615 INFO org.apache.hadoop.mapred.TaskTracker: reported output size for attempt_201404121538_0001_m_000002_0  was 52184483
2014-04-12 15:40:32,616 INFO org.apache.hadoop.mapred.TaskTracker: addFreeSlot : current free slots : 7
2014-04-12 15:40:32,617 INFO org.apache.hadoop.mapred.TaskTracker: attempt_201404121538_0001_m_000007_0 1.0% 
2014-04-12 15:40:32,617 INFO org.apache.hadoop.mapred.TaskTracker: attempt_201404121538_0001_m_000008_0 1.0% 
2014-04-12 15:40:32,618 INFO org.apache.hadoop.mapred.TaskTracker: attempt_201404121538_0001_m_000006_0 1.0% 
2014-04-12 15:40:32,618 INFO org.apache.hadoop.mapred.TaskTracker: attempt_201404121538_0001_m_000009_0 1.0% 
2014-04-12 15:40:32,618 INFO org.apache.hadoop.mapred.TaskTracker: Task attempt_201404121538_0001_m_000006_0 is done.
2014-04-12 15:40:32,618 INFO org.apache.hadoop.mapred.TaskTracker: reported output size for attempt_201404121538_0001_m_000006_0  was 51727265
2014-04-12 15:40:32,619 INFO org.apache.hadoop.mapred.TaskTracker: addFreeSlot : current free slots : 8
2014-04-12 15:40:32,619 INFO org.apache.hadoop.mapred.TaskTracker: Task attempt_201404121538_0001_m_000008_0 is done.
2014-04-12 15:40:32,619 INFO org.apache.hadoop.mapred.TaskTracker: reported output size for attempt_201404121538_0001_m_000008_0  was 52484422
2014-04-12 15:40:32,619 INFO org.apache.hadoop.mapred.TaskTracker: addFreeSlot : current free slots : 9
2014-04-12 15:40:32,619 INFO org.apache.hadoop.mapred.TaskTracker: attempt_201404121538_0001_m_000007_0 1.0% 
2014-04-12 15:40:32,621 INFO org.apache.hadoop.mapred.TaskTracker: attempt_201404121538_0001_m_000009_0 1.0% 
2014-04-12 15:40:32,621 INFO org.apache.hadoop.mapred.TaskTracker: Task attempt_201404121538_0001_m_000007_0 is done.
2014-04-12 15:40:32,621 INFO org.apache.hadoop.mapred.TaskTracker: reported output size for attempt_201404121538_0001_m_000007_0  was 52774197
2014-04-12 15:40:32,622 INFO org.apache.hadoop.mapred.TaskTracker: addFreeSlot : current free slots : 10
2014-04-12 15:40:32,623 INFO org.apache.hadoop.mapred.TaskTracker: attempt_201404121538_0001_m_000005_0 1.0% 
2014-04-12 15:40:32,623 INFO org.apache.hadoop.mapred.TaskTracker: Task attempt_201404121538_0001_m_000009_0 is done.
2014-04-12 15:40:32,623 INFO org.apache.hadoop.mapred.TaskTracker: reported output size for attempt_201404121538_0001_m_000009_0  was 52275878
2014-04-12 15:40:32,623 INFO org.apache.hadoop.mapred.TaskTracker: addFreeSlot : current free slots : 11
2014-04-12 15:40:32,626 INFO org.apache.hadoop.mapred.TaskTracker: attempt_201404121538_0001_m_000005_0 1.0% 
2014-04-12 15:40:32,627 INFO org.apache.hadoop.mapred.TaskTracker: Task attempt_201404121538_0001_m_000005_0 is done.
2014-04-12 15:40:32,627 INFO org.apache.hadoop.mapred.TaskTracker: reported output size for attempt_201404121538_0001_m_000005_0  was 52209478
2014-04-12 15:40:32,628 INFO org.apache.hadoop.mapred.TaskTracker: addFreeSlot : current free slots : 12
2014-04-12 15:40:32,686 INFO org.apache.hadoop.mapred.JvmManager: JVM : jvm_201404121538_0001_m_2017108099 exited with exit code 0. Number of tasks it ran: 1
2014-04-12 15:40:33,076 INFO org.apache.hadoop.mapred.JvmManager: JVM : jvm_201404121538_0001_m_1636751654 exited with exit code 0. Number of tasks it ran: 1
2014-04-12 15:40:33,160 INFO org.apache.hadoop.mapred.JvmManager: JVM : jvm_201404121538_0001_m_928024092 exited with exit code 0. Number of tasks it ran: 1
2014-04-12 15:40:33,160 INFO org.apache.hadoop.mapred.JvmManager: JVM : jvm_201404121538_0001_m_1187227104 exited with exit code 0. Number of tasks it ran: 1
2014-04-12 15:40:33,160 INFO org.apache.hadoop.mapred.JvmManager: JVM : jvm_201404121538_0001_m_666166552 exited with exit code 0. Number of tasks it ran: 1
2014-04-12 15:40:33,160 INFO org.apache.hadoop.mapred.JvmManager: JVM : jvm_201404121538_0001_m_182042859 exited with exit code 0. Number of tasks it ran: 1
2014-04-12 15:40:33,160 INFO org.apache.hadoop.mapred.JvmManager: JVM : jvm_201404121538_0001_m_2059536900 exited with exit code 0. Number of tasks it ran: 1
2014-04-12 15:40:33,160 INFO org.apache.hadoop.mapred.JvmManager: JVM : jvm_201404121538_0001_m_1016885167 exited with exit code 0. Number of tasks it ran: 1
2014-04-12 15:40:33,160 INFO org.apache.hadoop.mapred.JvmManager: JVM : jvm_201404121538_0001_m_56440942 exited with exit code 0. Number of tasks it ran: 1
2014-04-12 15:40:35,434 INFO org.apache.hadoop.mapred.TaskTracker.clienttrace: src: 192.168.110.214:50061, dest: 192.168.110.214:57680, bytes: 26063677, op: MAPRED_SHUFFLE, cliID: attempt_201404121538_0001_m_000003_0, duration: 108049074
2014-04-12 15:40:36,056 INFO org.apache.hadoop.mapred.TaskTracker: attempt_201404121538_0001_r_000000_0 0.02777778% reduce > copy (1 of 12 at 4.14 MB/s) > 
2014-04-12 15:40:36,435 INFO org.apache.hadoop.mapred.TaskTracker.clienttrace: src: 192.168.110.214:50061, dest: 192.168.110.214:57681, bytes: 26753641, op: MAPRED_SHUFFLE, cliID: attempt_201404121538_0001_m_000003_0, duration: 497812434
2014-04-12 15:40:36,743 INFO org.apache.hadoop.mapred.TaskTracker: attempt_201404121538_0001_r_000001_0 0.02777778% reduce > copy (1 of 12 at 4.25 MB/s) > 
2014-04-12 15:40:37,433 INFO org.apache.hadoop.mapred.TaskTracker.clienttrace: src: 192.168.110.214:50061, dest: 192.168.110.214:57682, bytes: 26322214, op: MAPRED_SHUFFLE, cliID: attempt_201404121538_0001_m_000001_0, duration: 995338240
2014-04-12 15:40:38,443 INFO org.apache.hadoop.mapred.TaskTracker.clienttrace: src: 192.168.110.214:50061, dest: 192.168.110.214:57683, bytes: 26385406, op: MAPRED_SHUFFLE, cliID: attempt_201404121538_0001_m_000004_0, duration: 1006896981
2014-04-12 15:40:39,094 INFO org.apache.hadoop.mapred.TaskTracker: attempt_201404121538_0001_r_000000_0 0.02777778% reduce > copy (1 of 12 at 4.14 MB/s) > 
2014-04-12 15:40:39,778 INFO org.apache.hadoop.mapred.TaskTracker: attempt_201404121538_0001_r_000001_0 0.083333336% reduce > copy (3 of 12 at 9.47 MB/s) > 
2014-04-12 15:40:40,524 INFO org.apache.hadoop.mapred.TaskTracker.clienttrace: src: 192.168.110.214:50061, dest: 192.168.110.214:57684, bytes: 25557681, op: MAPRED_SHUFFLE, cliID: attempt_201404121538_0001_m_000001_0, duration: 80577682
2014-04-12 15:40:41,513 INFO org.apache.hadoop.mapred.TaskTracker.clienttrace: src: 192.168.110.214:50061, dest: 192.168.110.214:57685, bytes: 25575768, op: MAPRED_SHUFFLE, cliID: attempt_201404121538_0001_m_000004_0, duration: 986879073
2014-04-12 15:40:42,500 INFO org.apache.hadoop.mapred.TaskTracker.clienttrace: src: 192.168.110.214:50061, dest: 192.168.110.214:57686, bytes: 25823427, op: MAPRED_SHUFFLE, cliID: attempt_201404121538_0001_m_000000_0, duration: 985604036
2014-04-12 15:40:42,813 INFO org.apache.hadoop.mapred.TaskTracker: attempt_201404121538_0001_r_000001_0 0.083333336% reduce > copy (3 of 12 at 9.47 MB/s) > 
2014-04-12 15:40:43,490 INFO org.apache.hadoop.mapred.TaskTracker.clienttrace: src: 192.168.110.214:50061, dest: 192.168.110.214:57687, bytes: 25709461, op: MAPRED_SHUFFLE, cliID: attempt_201404121538_0001_m_000002_0, duration: 987927981
2014-04-12 15:40:44,520 INFO org.apache.hadoop.mapred.TaskTracker.clienttrace: src: 192.168.110.214:50061, dest: 192.168.110.214:57688, bytes: 26616816, op: MAPRED_SHUFFLE, cliID: attempt_201404121538_0001_m_000000_0, duration: 1034085881
2014-04-12 15:40:44,522 INFO org.apache.hadoop.mapred.TaskTracker.clienttrace: src: 192.168.110.214:50061, dest: 192.168.110.214:57689, bytes: 25763742, op: MAPRED_SHUFFLE, cliID: attempt_201404121538_0001_m_000005_0, duration: 1030299492
2014-04-12 15:40:45,132 INFO org.apache.hadoop.mapred.TaskTracker: attempt_201404121538_0001_r_000000_0 0.16666667% reduce > copy (6 of 12 at 9.82 MB/s) > 
2014-04-12 15:40:45,555 INFO org.apache.hadoop.mapred.TaskTracker.clienttrace: src: 192.168.110.214:50061, dest: 192.168.110.214:57690, bytes: 26475022, op: MAPRED_SHUFFLE, cliID: attempt_201404121538_0001_m_000002_0, duration: 1032697550
2014-04-12 15:40:45,561 INFO org.apache.hadoop.mapred.TaskTracker.clienttrace: src: 192.168.110.214:50061, dest: 192.168.110.214:57691, bytes: 25560699, op: MAPRED_SHUFFLE, cliID: attempt_201404121538_0001_m_000006_0, duration: 1036971565
2014-04-12 15:40:46,594 INFO org.apache.hadoop.mapred.TaskTracker.clienttrace: src: 192.168.110.214:50061, dest: 192.168.110.214:57692, bytes: 26029526, op: MAPRED_SHUFFLE, cliID: attempt_201404121538_0001_m_000007_0, duration: 1031854913
2014-04-12 15:40:46,598 INFO org.apache.hadoop.mapred.TaskTracker.clienttrace: src: 192.168.110.214:50061, dest: 192.168.110.214:57690, bytes: 26445736, op: MAPRED_SHUFFLE, cliID: attempt_201404121538_0001_m_000005_0, duration: 1039894274
2014-04-12 15:40:47,608 INFO org.apache.hadoop.mapred.TaskTracker.clienttrace: src: 192.168.110.214:50061, dest: 192.168.110.214:57692, bytes: 25848670, op: MAPRED_SHUFFLE, cliID: attempt_201404121538_0001_m_000008_0, duration: 1010063413
2014-04-12 15:40:47,614 INFO org.apache.hadoop.mapred.TaskTracker.clienttrace: src: 192.168.110.214:50061, dest: 192.168.110.214:57690, bytes: 26166566, op: MAPRED_SHUFFLE, cliID: attempt_201404121538_0001_m_000006_0, duration: 1010975544
2014-04-12 15:40:48,167 INFO org.apache.hadoop.mapred.TaskTracker: attempt_201404121538_0001_r_000000_0 0.25% reduce > copy (9 of 12 at 12.29 MB/s) > 
2014-04-12 15:40:48,627 INFO org.apache.hadoop.mapred.TaskTracker.clienttrace: src: 192.168.110.214:50061, dest: 192.168.110.214:57692, bytes: 25709950, op: MAPRED_SHUFFLE, cliID: attempt_201404121538_0001_m_000009_0, duration: 1015608528
2014-04-12 15:40:48,638 INFO org.apache.hadoop.mapred.TaskTracker.clienttrace: src: 192.168.110.214:50061, dest: 192.168.110.214:57690, bytes: 26744671, op: MAPRED_SHUFFLE, cliID: attempt_201404121538_0001_m_000007_0, duration: 1017455815
2014-04-12 15:40:48,848 INFO org.apache.hadoop.mapred.TaskTracker: attempt_201404121538_0001_r_000001_0 0.22222224% reduce > copy (8 of 12 at 11.23 MB/s) > 
2014-04-12 15:40:49,649 INFO org.apache.hadoop.mapred.TaskTracker.clienttrace: src: 192.168.110.214:50061, dest: 192.168.110.214:57692, bytes: 25886158, op: MAPRED_SHUFFLE, cliID: attempt_201404121538_0001_m_000010_0, duration: 1017104547
2014-04-12 15:40:49,654 INFO org.apache.hadoop.mapred.TaskTracker.clienttrace: src: 192.168.110.214:50061, dest: 192.168.110.214:57690, bytes: 26635752, op: MAPRED_SHUFFLE, cliID: attempt_201404121538_0001_m_000008_0, duration: 1014469672
2014-04-12 15:40:51,200 INFO org.apache.hadoop.mapred.TaskTracker: attempt_201404121538_0001_r_000000_0 0.30555558% reduce > copy (11 of 12 at 13.52 MB/s) > 
2014-04-12 15:40:51,668 INFO org.apache.hadoop.mapred.TaskTracker.clienttrace: src: 192.168.110.214:50061, dest: 192.168.110.214:57690, bytes: 26565928, op: MAPRED_SHUFFLE, cliID: attempt_201404121538_0001_m_000009_0, duration: 1957169208
2014-04-12 15:40:51,670 INFO org.apache.hadoop.mapred.TaskTracker.clienttrace: src: 192.168.110.214:50061, dest: 192.168.110.214:57692, bytes: 25306417, op: MAPRED_SHUFFLE, cliID: attempt_201404121538_0001_m_000011_0, duration: 2015677663
2014-04-12 15:40:51,720 INFO org.apache.hadoop.mapred.TaskTracker.clienttrace: src: 192.168.110.214:50061, dest: 192.168.110.214:57690, bytes: 26703645, op: MAPRED_SHUFFLE, cliID: attempt_201404121538_0001_m_000010_0, duration: 47264166
2014-04-12 15:40:51,880 INFO org.apache.hadoop.mapred.TaskTracker: attempt_201404121538_0001_r_000001_0 0.30555558% reduce > copy (11 of 12 at 13.25 MB/s) > 
2014-04-12 15:40:52,160 INFO org.apache.hadoop.mapred.TaskTracker: attempt_201404121538_0001_r_000000_0 0.30555558% reduce > copy (11 of 12 at 13.52 MB/s) > 
2014-04-12 15:40:52,732 INFO org.apache.hadoop.mapred.TaskTracker.clienttrace: src: 192.168.110.214:50061, dest: 192.168.110.214:57690, bytes: 25955407, op: MAPRED_SHUFFLE, cliID: attempt_201404121538_0001_m_000011_0, duration: 1002301729
2014-04-12 15:40:53,794 INFO org.apache.hadoop.mapred.TaskTracker: attempt_201404121538_0001_r_000000_0 0.30555558% reduce > copy (11 of 12 at 13.52 MB/s) > 
2014-04-12 15:40:53,794 INFO org.apache.hadoop.mapred.TaskTracker: attempt_201404121538_0001_r_000001_0 0.30555558% reduce > copy (11 of 12 at 13.25 MB/s) > 
2014-04-12 15:40:54,235 INFO org.apache.hadoop.mapred.TaskTracker: attempt_201404121538_0001_r_000000_0 0.666682% reduce > reduce
2014-04-12 15:40:54,686 INFO org.apache.hadoop.mapred.TaskTracker: attempt_201404121538_0001_r_000001_0 0.30555558% reduce > copy (11 of 12 at 13.25 MB/s) > 
2014-04-12 15:40:54,914 INFO org.apache.hadoop.mapred.TaskTracker: attempt_201404121538_0001_r_000001_0 0.66669273% reduce > reduce
2014-04-12 15:40:57,268 INFO org.apache.hadoop.mapred.TaskTracker: attempt_201404121538_0001_r_000000_0 0.666682% reduce > reduce
2014-04-12 15:40:57,412 INFO org.apache.hadoop.mapred.TaskTracker: Task attempt_201404121538_0001_r_000000_0 is in commit-pending, task state:COMMIT_PENDING
2014-04-12 15:40:57,412 INFO org.apache.hadoop.mapred.TaskTracker: attempt_201404121538_0001_r_000000_0 0.666682% reduce > reduce
2014-04-12 15:40:57,945 INFO org.apache.hadoop.mapred.TaskTracker: attempt_201404121538_0001_r_000001_0 0.66669273% reduce > reduce
2014-04-12 15:40:59,626 INFO org.apache.hadoop.mapred.TaskTracker: Received commit task action for attempt_201404121538_0001_r_000000_0
2014-04-12 15:41:00,404 INFO org.apache.hadoop.mapred.TaskTracker: Task attempt_201404121538_0001_r_000001_0 is in commit-pending, task state:COMMIT_PENDING
2014-04-12 15:41:00,404 INFO org.apache.hadoop.mapred.TaskTracker: attempt_201404121538_0001_r_000001_0 0.66669273% reduce > reduce
2014-04-12 15:41:02,630 INFO org.apache.hadoop.mapred.TaskTracker: Received commit task action for attempt_201404121538_0001_r_000001_0
2014-04-12 15:41:05,087 INFO org.apache.hadoop.mapred.TaskTracker: attempt_201404121538_0001_r_000000_0 0.666682% reduce > reduce
2014-04-12 15:41:05,089 INFO org.apache.hadoop.mapred.TaskTracker: attempt_201404121538_0001_r_000000_0 0.666682% reduce > reduce
2014-04-12 15:41:05,090 INFO org.apache.hadoop.mapred.TaskTracker: Task attempt_201404121538_0001_r_000000_0 is done.
2014-04-12 15:41:05,090 INFO org.apache.hadoop.mapred.TaskTracker: reported output size for attempt_201404121538_0001_r_000000_0  was -1
2014-04-12 15:41:05,090 INFO org.apache.hadoop.mapred.TaskTracker: addFreeSlot : current free slots : 1
2014-04-12 15:41:05,387 INFO org.apache.hadoop.mapred.JvmManager: JVM : jvm_201404121538_0001_r_388358209 exited with exit code 0. Number of tasks it ran: 1
2014-04-12 15:41:05,637 INFO org.apache.hadoop.mapred.TaskTracker: Received KillTaskAction for task: attempt_201404121538_0001_r_000000_0
2014-04-12 15:41:05,637 INFO org.apache.hadoop.mapred.TaskTracker: About to purge task: attempt_201404121538_0001_r_000000_0
2014-04-12 15:41:05,673 INFO org.mortbay.log: org.mortbay.io.nio.SelectorManager$SelectSet@6dc74dfb JVM BUG(s) - injecting delay15 times
2014-04-12 15:41:05,673 INFO org.mortbay.log: org.mortbay.io.nio.SelectorManager$SelectSet@6dc74dfb JVM BUG(s) - recreating selector 15 times, canceled keys 253 times
2014-04-12 15:41:06,977 INFO org.apache.hadoop.mapred.TaskTracker: attempt_201404121538_0001_r_000001_0 0.66669273% reduce > reduce
2014-04-12 15:41:06,979 INFO org.apache.hadoop.mapred.TaskTracker: attempt_201404121538_0001_r_000001_0 0.66669273% reduce > reduce
2014-04-12 15:41:06,980 INFO org.apache.hadoop.mapred.TaskTracker: Task attempt_201404121538_0001_r_000001_0 is done.
2014-04-12 15:41:06,980 INFO org.apache.hadoop.mapred.TaskTracker: reported output size for attempt_201404121538_0001_r_000001_0  was -1
2014-04-12 15:41:06,981 INFO org.apache.hadoop.mapred.TaskTracker: addFreeSlot : current free slots : 2
2014-04-12 15:41:08,648 INFO org.apache.hadoop.mapred.TaskTracker: LaunchTaskAction (registerTask): attempt_201404121538_0001_m_000012_0 task's state:UNASSIGNED
2014-04-12 15:41:08,648 INFO org.apache.hadoop.mapred.TaskTracker: Trying to launch : attempt_201404121538_0001_m_000012_0 which needs 1 slots
2014-04-12 15:41:08,648 INFO org.apache.hadoop.mapred.TaskTracker: Received KillTaskAction for task: attempt_201404121538_0001_r_000001_0
2014-04-12 15:41:08,648 INFO org.apache.hadoop.mapred.TaskTracker: In TaskLauncher, current free slots : 12 and trying to launch attempt_201404121538_0001_m_000012_0 which needs 1 slots
2014-04-12 15:41:08,648 INFO org.apache.hadoop.mapred.TaskTracker: About to purge task: attempt_201404121538_0001_r_000001_0
2014-04-12 15:41:08,653 INFO org.apache.hadoop.mapred.JvmManager: In JvmRunner constructed JVM ID: jvm_201404121538_0001_m_1781799569
2014-04-12 15:41:08,654 INFO org.apache.hadoop.mapred.JvmManager: JVM Runner jvm_201404121538_0001_m_1781799569 spawned.
2014-04-12 15:41:08,655 INFO org.apache.hadoop.mapred.TaskController: Writing commands to /tmp/hadoop/hadoop-jmg3/mapred/local/ttprivate/taskTracker/jmg3/jobcache/job_201404121538_0001/attempt_201404121538_0001_m_000012_0/taskjvm.sh
2014-04-12 15:41:09,285 INFO org.apache.hadoop.mapred.TaskTracker: JVM with ID: jvm_201404121538_0001_m_1781799569 given task: attempt_201404121538_0001_m_000012_0
2014-04-12 15:41:09,779 INFO org.apache.hadoop.mapred.TaskTracker: attempt_201404121538_0001_m_000012_0 0.0% 
2014-04-12 15:41:11,308 INFO org.apache.hadoop.mapred.JvmManager: JVM : jvm_201404121538_0001_r_662396072 exited with exit code 0. Number of tasks it ran: 1
2014-04-12 15:41:12,697 INFO org.apache.hadoop.mapred.TaskTracker: attempt_201404121538_0001_m_000012_0 0.0% cleanup
2014-04-12 15:41:12,698 INFO org.apache.hadoop.mapred.TaskTracker: Task attempt_201404121538_0001_m_000012_0 is done.
2014-04-12 15:41:12,698 INFO org.apache.hadoop.mapred.TaskTracker: reported output size for attempt_201404121538_0001_m_000012_0  was -1
2014-04-12 15:41:12,698 INFO org.apache.hadoop.mapred.TaskTracker: addFreeSlot : current free slots : 12
2014-04-12 15:41:14,427 INFO org.apache.hadoop.mapred.JvmManager: JVM : jvm_201404121538_0001_m_1781799569 exited with exit code 0. Number of tasks it ran: 1
2014-04-12 15:41:14,688 INFO org.apache.hadoop.mapred.TaskTracker: Received 'KillJobAction' for job: job_201404121538_0001
2014-04-12 15:41:14,688 INFO org.apache.hadoop.mapred.IndexCache: Map ID attempt_201404121538_0001_m_000012_0 not found in cache
2014-04-12 15:41:14,690 INFO org.apache.hadoop.mapred.UserLogCleaner: Adding job_201404121538_0001 for user-log deletion with retainTimeStamp:1397421674689
