2014-04-12 14:19:55,686 INFO org.apache.hadoop.mapred.TaskTracker: STARTUP_MSG: 
/************************************************************
STARTUP_MSG: Starting TaskTracker
STARTUP_MSG:   host = gpu-014.davinci.rice.edu/192.168.110.214
STARTUP_MSG:   args = []
STARTUP_MSG:   version = 1.0.4-SNAPSHOT
STARTUP_MSG:   build =  -r ; compiled by 'jmg3' on Fri Apr 11 17:54:37 CDT 2014
************************************************************/
2014-04-12 14:19:55,855 INFO org.apache.hadoop.metrics2.impl.MetricsConfig: loaded properties from hadoop-metrics2.properties
2014-04-12 14:19:55,911 INFO org.apache.hadoop.metrics2.impl.MetricsSourceAdapter: MBean for source MetricsSystem,sub=Stats registered.
2014-04-12 14:19:55,911 INFO org.apache.hadoop.metrics2.impl.MetricsSystemImpl: Scheduled snapshot period at 10 second(s).
2014-04-12 14:19:55,911 INFO org.apache.hadoop.metrics2.impl.MetricsSystemImpl: TaskTracker metrics system started
2014-04-12 14:19:56,065 INFO org.apache.hadoop.metrics2.impl.MetricsSourceAdapter: MBean for source ugi registered.
2014-04-12 14:19:56,236 INFO org.mortbay.log: Logging to org.slf4j.impl.Log4jLoggerAdapter(org.mortbay.log) via org.mortbay.log.Slf4jLog
2014-04-12 14:19:56,287 INFO org.apache.hadoop.http.HttpServer: Added global filtersafety (class=org.apache.hadoop.http.HttpServer$QuotingInputFilter)
2014-04-12 14:19:56,308 INFO org.apache.hadoop.mapred.TaskLogsTruncater: Initializing logs' truncater with mapRetainSize=-1 and reduceRetainSize=-1
2014-04-12 14:19:56,312 INFO org.apache.hadoop.mapred.TaskTracker: Starting tasktracker with owner as jmg3
2014-04-12 14:19:56,313 INFO org.apache.hadoop.mapred.TaskTracker: Good mapred local directories are: /tmp/hadoop/hadoop-jmg3/mapred/local
2014-04-12 14:19:56,317 WARN org.apache.hadoop.util.NativeCodeLoader: Unable to load native-hadoop library for your platform... using builtin-java classes where applicable
2014-04-12 14:19:56,323 INFO org.apache.hadoop.metrics2.impl.MetricsSourceAdapter: MBean for source jvm registered.
2014-04-12 14:19:56,323 INFO org.apache.hadoop.metrics2.impl.MetricsSourceAdapter: MBean for source TaskTrackerMetrics registered.
2014-04-12 14:19:56,336 INFO org.apache.hadoop.ipc.Server: Starting SocketReader
2014-04-12 14:19:56,338 INFO org.apache.hadoop.metrics2.impl.MetricsSourceAdapter: MBean for source RpcDetailedActivityForPort38624 registered.
2014-04-12 14:19:56,339 INFO org.apache.hadoop.metrics2.impl.MetricsSourceAdapter: MBean for source RpcActivityForPort38624 registered.
2014-04-12 14:19:56,341 INFO org.apache.hadoop.ipc.Server: IPC Server Responder: starting
2014-04-12 14:19:56,341 INFO org.apache.hadoop.ipc.Server: IPC Server listener on 38624: starting
2014-04-12 14:19:56,342 INFO org.apache.hadoop.ipc.Server: IPC Server handler 0 on 38624: starting
2014-04-12 14:19:56,343 INFO org.apache.hadoop.ipc.Server: IPC Server handler 1 on 38624: starting
2014-04-12 14:19:56,343 INFO org.apache.hadoop.ipc.Server: IPC Server handler 2 on 38624: starting
2014-04-12 14:19:56,344 INFO org.apache.hadoop.ipc.Server: IPC Server handler 4 on 38624: starting
2014-04-12 14:19:56,345 INFO org.apache.hadoop.ipc.Server: IPC Server handler 3 on 38624: starting
2014-04-12 14:19:56,345 INFO org.apache.hadoop.ipc.Server: IPC Server handler 5 on 38624: starting
2014-04-12 14:19:56,346 INFO org.apache.hadoop.ipc.Server: IPC Server handler 6 on 38624: starting
2014-04-12 14:19:56,346 INFO org.apache.hadoop.ipc.Server: IPC Server handler 7 on 38624: starting
2014-04-12 14:19:56,347 INFO org.apache.hadoop.ipc.Server: IPC Server handler 8 on 38624: starting
2014-04-12 14:19:56,348 INFO org.apache.hadoop.ipc.Server: IPC Server handler 9 on 38624: starting
2014-04-12 14:19:56,348 INFO org.apache.hadoop.ipc.Server: IPC Server handler 10 on 38624: starting
2014-04-12 14:19:56,348 INFO org.apache.hadoop.ipc.Server: IPC Server handler 11 on 38624: starting
2014-04-12 14:19:56,349 INFO org.apache.hadoop.ipc.Server: IPC Server handler 12 on 38624: starting
2014-04-12 14:19:56,349 INFO org.apache.hadoop.ipc.Server: IPC Server handler 13 on 38624: starting
2014-04-12 14:19:56,349 INFO org.apache.hadoop.ipc.Server: IPC Server handler 14 on 38624: starting
2014-04-12 14:19:56,350 INFO org.apache.hadoop.ipc.Server: IPC Server handler 15 on 38624: starting
2014-04-12 14:19:56,350 INFO org.apache.hadoop.ipc.Server: IPC Server handler 16 on 38624: starting
2014-04-12 14:19:56,351 INFO org.apache.hadoop.ipc.Server: IPC Server handler 17 on 38624: starting
2014-04-12 14:19:56,351 INFO org.apache.hadoop.ipc.Server: IPC Server handler 18 on 38624: starting
2014-04-12 14:19:56,352 INFO org.apache.hadoop.ipc.Server: IPC Server handler 19 on 38624: starting
2014-04-12 14:19:56,352 INFO org.apache.hadoop.ipc.Server: IPC Server handler 20 on 38624: starting
2014-04-12 14:19:56,353 INFO org.apache.hadoop.ipc.Server: IPC Server handler 21 on 38624: starting
2014-04-12 14:19:56,353 INFO org.apache.hadoop.mapred.TaskTracker: TaskTracker up at: localhost/127.0.0.1:38624
2014-04-12 14:19:56,353 INFO org.apache.hadoop.mapred.TaskTracker: Starting tracker tracker_gpu-014.davinci.rice.edu:localhost/127.0.0.1:38624
2014-04-12 14:19:56,353 INFO org.apache.hadoop.ipc.Server: IPC Server handler 22 on 38624: starting
2014-04-12 14:19:56,353 INFO org.apache.hadoop.ipc.Server: IPC Server handler 23 on 38624: starting
2014-04-12 14:19:56,392 INFO org.apache.hadoop.mapred.TaskTracker: Starting thread: Map-events fetcher for all reduce tasks on tracker_gpu-014.davinci.rice.edu:localhost/127.0.0.1:38624
2014-04-12 14:19:56,401 INFO org.apache.hadoop.util.ProcessTree: setsid exited with exit code 0
2014-04-12 14:19:56,404 INFO org.apache.hadoop.mapred.TaskTracker:  Using ResourceCalculatorPlugin : org.apache.hadoop.util.LinuxResourceCalculatorPlugin@238258f1
2014-04-12 14:19:56,407 WARN org.apache.hadoop.mapred.TaskTracker: TaskTracker's totalMemoryAllottedForTasks is -1. TaskMemoryManager is disabled.
2014-04-12 14:19:56,410 INFO org.apache.hadoop.mapred.IndexCache: IndexCache created with max memory = 10485760
2014-04-12 14:19:57,023 INFO org.apache.hadoop.metrics2.impl.MetricsSourceAdapter: MBean for source ShuffleServerMetrics registered.
2014-04-12 14:19:57,026 INFO org.apache.hadoop.http.HttpServer: Port returned by webServer.getConnectors()[0].getLocalPort() before open() is -1. Opening the listener on 50061
2014-04-12 14:19:57,026 INFO org.apache.hadoop.http.HttpServer: listener.getLocalPort() returned 50061 webServer.getConnectors()[0].getLocalPort() returned 50061
2014-04-12 14:19:57,026 INFO org.apache.hadoop.http.HttpServer: Jetty bound to port 50061
2014-04-12 14:19:57,026 INFO org.mortbay.log: jetty-6.1.26
2014-04-12 14:19:57,290 INFO org.mortbay.log: Started SelectChannelConnector@0.0.0.0:50061
2014-04-12 14:19:57,302 INFO org.apache.hadoop.mapred.TaskTracker: FILE_CACHE_SIZE for mapOutputServlet set to : 2000
2014-04-12 14:21:21,557 INFO org.apache.hadoop.mapred.TaskTracker: LaunchTaskAction (registerTask): attempt_201404121419_0001_m_000013_0 task's state:UNASSIGNED
2014-04-12 14:21:21,561 INFO org.apache.hadoop.mapred.TaskTracker: Trying to launch : attempt_201404121419_0001_m_000013_0 which needs 1 slots
2014-04-12 14:21:21,561 INFO org.apache.hadoop.mapred.TaskTracker: In TaskLauncher, current free slots : 12 and trying to launch attempt_201404121419_0001_m_000013_0 which needs 1 slots
2014-04-12 14:21:21,714 INFO org.apache.hadoop.mapred.JobLocalizer: Initializing user jmg3 on this TT.
2014-04-12 14:21:21,848 INFO org.apache.hadoop.mapred.JvmManager: In JvmRunner constructed JVM ID: jvm_201404121419_0001_m_1681710775
2014-04-12 14:21:21,849 INFO org.apache.hadoop.mapred.JvmManager: JVM Runner jvm_201404121419_0001_m_1681710775 spawned.
2014-04-12 14:21:21,851 INFO org.apache.hadoop.mapred.TaskController: Writing commands to /tmp/hadoop/hadoop-jmg3/mapred/local/ttprivate/taskTracker/jmg3/jobcache/job_201404121419_0001/attempt_201404121419_0001_m_000013_0/taskjvm.sh
2014-04-12 14:21:22,533 INFO org.apache.hadoop.mapred.TaskTracker: JVM with ID: jvm_201404121419_0001_m_1681710775 given task: attempt_201404121419_0001_m_000013_0
2014-04-12 14:21:25,964 INFO org.apache.hadoop.mapred.TaskTracker: attempt_201404121419_0001_m_000013_0 0.0% setup
2014-04-12 14:21:25,967 INFO org.apache.hadoop.mapred.TaskTracker: Task attempt_201404121419_0001_m_000013_0 is done.
2014-04-12 14:21:25,967 INFO org.apache.hadoop.mapred.TaskTracker: reported output size for attempt_201404121419_0001_m_000013_0  was -1
2014-04-12 14:21:25,968 INFO org.apache.hadoop.mapred.TaskTracker: addFreeSlot : current free slots : 12
2014-04-12 14:21:26,113 INFO org.apache.hadoop.mapred.JvmManager: JVM : jvm_201404121419_0001_m_1681710775 exited with exit code 0. Number of tasks it ran: 1
2014-04-12 14:21:27,584 INFO org.apache.hadoop.mapred.TaskTracker: LaunchTaskAction (registerTask): attempt_201404121419_0001_m_000000_0 task's state:UNASSIGNED
2014-04-12 14:21:27,585 INFO org.apache.hadoop.mapred.TaskTracker: LaunchTaskAction (registerTask): attempt_201404121419_0001_m_000001_0 task's state:UNASSIGNED
2014-04-12 14:21:27,609 INFO org.apache.hadoop.mapred.TaskTracker: LaunchTaskAction (registerTask): attempt_201404121419_0001_m_000002_0 task's state:UNASSIGNED
2014-04-12 14:21:27,610 INFO org.apache.hadoop.mapred.TaskTracker: LaunchTaskAction (registerTask): attempt_201404121419_0001_m_000003_0 task's state:UNASSIGNED
2014-04-12 14:21:27,610 INFO org.apache.hadoop.mapred.TaskTracker: LaunchTaskAction (registerTask): attempt_201404121419_0001_m_000004_0 task's state:UNASSIGNED
2014-04-12 14:21:27,610 INFO org.apache.hadoop.mapred.TaskTracker: LaunchTaskAction (registerTask): attempt_201404121419_0001_m_000005_0 task's state:UNASSIGNED
2014-04-12 14:21:27,611 INFO org.apache.hadoop.mapred.TaskTracker: LaunchTaskAction (registerTask): attempt_201404121419_0001_m_000006_0 task's state:UNASSIGNED
2014-04-12 14:21:27,613 INFO org.apache.hadoop.mapred.TaskTracker: LaunchTaskAction (registerTask): attempt_201404121419_0001_m_000007_0 task's state:UNASSIGNED
2014-04-12 14:21:27,613 INFO org.apache.hadoop.mapred.TaskTracker: LaunchTaskAction (registerTask): attempt_201404121419_0001_m_000008_0 task's state:UNASSIGNED
2014-04-12 14:21:27,614 INFO org.apache.hadoop.mapred.TaskTracker: LaunchTaskAction (registerTask): attempt_201404121419_0001_m_000009_0 task's state:UNASSIGNED
2014-04-12 14:21:27,614 INFO org.apache.hadoop.mapred.TaskTracker: LaunchTaskAction (registerTask): attempt_201404121419_0001_m_000010_0 task's state:UNASSIGNED
2014-04-12 14:21:27,614 INFO org.apache.hadoop.mapred.TaskTracker: LaunchTaskAction (registerTask): attempt_201404121419_0001_m_000011_0 task's state:UNASSIGNED
2014-04-12 14:21:27,615 INFO org.apache.hadoop.mapred.TaskTracker: Trying to launch : attempt_201404121419_0001_m_000000_0 which needs 1 slots
2014-04-12 14:21:27,615 INFO org.apache.hadoop.mapred.TaskTracker: In TaskLauncher, current free slots : 12 and trying to launch attempt_201404121419_0001_m_000000_0 which needs 1 slots
2014-04-12 14:21:27,615 INFO org.apache.hadoop.mapred.TaskTracker: Received KillTaskAction for task: attempt_201404121419_0001_m_000013_0
2014-04-12 14:21:27,615 INFO org.apache.hadoop.mapred.TaskTracker: Trying to launch : attempt_201404121419_0001_m_000001_0 which needs 1 slots
2014-04-12 14:21:27,615 INFO org.apache.hadoop.mapred.TaskTracker: About to purge task: attempt_201404121419_0001_m_000013_0
2014-04-12 14:21:27,615 INFO org.apache.hadoop.mapred.TaskTracker: In TaskLauncher, current free slots : 11 and trying to launch attempt_201404121419_0001_m_000001_0 which needs 1 slots
2014-04-12 14:21:27,616 INFO org.apache.hadoop.mapred.TaskTracker: Trying to launch : attempt_201404121419_0001_m_000002_0 which needs 1 slots
2014-04-12 14:21:27,616 INFO org.apache.hadoop.mapred.IndexCache: Map ID attempt_201404121419_0001_m_000013_0 not found in cache
2014-04-12 14:21:27,616 INFO org.apache.hadoop.mapred.TaskTracker: In TaskLauncher, current free slots : 10 and trying to launch attempt_201404121419_0001_m_000002_0 which needs 1 slots
2014-04-12 14:21:27,617 INFO org.apache.hadoop.mapred.TaskTracker: Trying to launch : attempt_201404121419_0001_m_000003_0 which needs 1 slots
2014-04-12 14:21:27,617 INFO org.apache.hadoop.mapred.TaskTracker: In TaskLauncher, current free slots : 9 and trying to launch attempt_201404121419_0001_m_000003_0 which needs 1 slots
2014-04-12 14:21:27,618 INFO org.apache.hadoop.mapred.TaskTracker: Trying to launch : attempt_201404121419_0001_m_000004_0 which needs 1 slots
2014-04-12 14:21:27,618 INFO org.apache.hadoop.mapred.TaskTracker: In TaskLauncher, current free slots : 8 and trying to launch attempt_201404121419_0001_m_000004_0 which needs 1 slots
2014-04-12 14:21:27,619 INFO org.apache.hadoop.mapred.TaskTracker: Trying to launch : attempt_201404121419_0001_m_000005_0 which needs 1 slots
2014-04-12 14:21:27,619 INFO org.apache.hadoop.mapred.TaskTracker: In TaskLauncher, current free slots : 7 and trying to launch attempt_201404121419_0001_m_000005_0 which needs 1 slots
2014-04-12 14:21:27,619 INFO org.apache.hadoop.mapred.TaskTracker: Trying to launch : attempt_201404121419_0001_m_000006_0 which needs 1 slots
2014-04-12 14:21:27,620 INFO org.apache.hadoop.mapred.TaskTracker: In TaskLauncher, current free slots : 6 and trying to launch attempt_201404121419_0001_m_000006_0 which needs 1 slots
2014-04-12 14:21:27,621 INFO org.apache.hadoop.mapred.TaskTracker: Trying to launch : attempt_201404121419_0001_m_000007_0 which needs 1 slots
2014-04-12 14:21:27,621 INFO org.apache.hadoop.mapred.TaskTracker: In TaskLauncher, current free slots : 5 and trying to launch attempt_201404121419_0001_m_000007_0 which needs 1 slots
2014-04-12 14:21:27,622 INFO org.apache.hadoop.mapred.TaskTracker: Trying to launch : attempt_201404121419_0001_m_000008_0 which needs 1 slots
2014-04-12 14:21:27,622 INFO org.apache.hadoop.mapred.TaskTracker: In TaskLauncher, current free slots : 4 and trying to launch attempt_201404121419_0001_m_000008_0 which needs 1 slots
2014-04-12 14:21:27,622 INFO org.apache.hadoop.mapred.TaskTracker: Trying to launch : attempt_201404121419_0001_m_000009_0 which needs 1 slots
2014-04-12 14:21:27,625 INFO org.apache.hadoop.mapred.TaskTracker: In TaskLauncher, current free slots : 3 and trying to launch attempt_201404121419_0001_m_000009_0 which needs 1 slots
2014-04-12 14:21:27,626 INFO org.apache.hadoop.mapred.TaskTracker: Trying to launch : attempt_201404121419_0001_m_000010_0 which needs 1 slots
2014-04-12 14:21:27,626 INFO org.apache.hadoop.mapred.TaskTracker: In TaskLauncher, current free slots : 2 and trying to launch attempt_201404121419_0001_m_000010_0 which needs 1 slots
2014-04-12 14:21:27,626 INFO org.apache.hadoop.mapred.TaskTracker: Trying to launch : attempt_201404121419_0001_m_000011_0 which needs 1 slots
2014-04-12 14:21:27,626 INFO org.apache.hadoop.mapred.TaskTracker: In TaskLauncher, current free slots : 1 and trying to launch attempt_201404121419_0001_m_000011_0 which needs 1 slots
2014-04-12 14:21:27,628 INFO org.apache.hadoop.mapred.JvmManager: In JvmRunner constructed JVM ID: jvm_201404121419_0001_m_1266298220
2014-04-12 14:21:27,630 INFO org.apache.hadoop.mapred.JvmManager: JVM Runner jvm_201404121419_0001_m_1266298220 spawned.
2014-04-12 14:21:27,630 INFO org.apache.hadoop.mapred.JvmManager: In JvmRunner constructed JVM ID: jvm_201404121419_0001_m_797616009
2014-04-12 14:21:27,634 INFO org.apache.hadoop.mapred.JvmManager: JVM Runner jvm_201404121419_0001_m_797616009 spawned.
2014-04-12 14:21:27,635 INFO org.apache.hadoop.mapred.JvmManager: In JvmRunner constructed JVM ID: jvm_201404121419_0001_m_1922164844
2014-04-12 14:21:27,635 INFO org.apache.hadoop.mapred.JvmManager: JVM Runner jvm_201404121419_0001_m_1922164844 spawned.
2014-04-12 14:21:27,636 INFO org.apache.hadoop.mapred.JvmManager: In JvmRunner constructed JVM ID: jvm_201404121419_0001_m_1184569364
2014-04-12 14:21:27,636 INFO org.apache.hadoop.mapred.JvmManager: JVM Runner jvm_201404121419_0001_m_1184569364 spawned.
2014-04-12 14:21:27,636 INFO org.apache.hadoop.mapred.JvmManager: In JvmRunner constructed JVM ID: jvm_201404121419_0001_m_311570535
2014-04-12 14:21:27,636 INFO org.apache.hadoop.mapred.TaskController: Writing commands to /tmp/hadoop/hadoop-jmg3/mapred/local/ttprivate/taskTracker/jmg3/jobcache/job_201404121419_0001/attempt_201404121419_0001_m_000000_0/taskjvm.sh
2014-04-12 14:21:27,637 INFO org.apache.hadoop.mapred.JvmManager: JVM Runner jvm_201404121419_0001_m_311570535 spawned.
2014-04-12 14:21:27,637 INFO org.apache.hadoop.mapred.JvmManager: In JvmRunner constructed JVM ID: jvm_201404121419_0001_m_849608600
2014-04-12 14:21:27,637 INFO org.apache.hadoop.mapred.JvmManager: JVM Runner jvm_201404121419_0001_m_849608600 spawned.
2014-04-12 14:21:27,637 INFO org.apache.hadoop.mapred.JvmManager: In JvmRunner constructed JVM ID: jvm_201404121419_0001_m_1975183182
2014-04-12 14:21:27,638 INFO org.apache.hadoop.mapred.TaskController: Writing commands to /tmp/hadoop/hadoop-jmg3/mapred/local/ttprivate/taskTracker/jmg3/jobcache/job_201404121419_0001/attempt_201404121419_0001_m_000004_0/taskjvm.sh
2014-04-12 14:21:27,639 INFO org.apache.hadoop.mapred.JvmManager: JVM Runner jvm_201404121419_0001_m_1975183182 spawned.
2014-04-12 14:21:27,639 INFO org.apache.hadoop.mapred.JvmManager: In JvmRunner constructed JVM ID: jvm_201404121419_0001_m_1959068065
2014-04-12 14:21:27,639 INFO org.apache.hadoop.mapred.TaskController: Writing commands to /tmp/hadoop/hadoop-jmg3/mapred/local/ttprivate/taskTracker/jmg3/jobcache/job_201404121419_0001/attempt_201404121419_0001_m_000001_0/taskjvm.sh
2014-04-12 14:21:27,639 INFO org.apache.hadoop.mapred.JvmManager: JVM Runner jvm_201404121419_0001_m_1959068065 spawned.
2014-04-12 14:21:27,639 INFO org.apache.hadoop.mapred.TaskController: Writing commands to /tmp/hadoop/hadoop-jmg3/mapred/local/ttprivate/taskTracker/jmg3/jobcache/job_201404121419_0001/attempt_201404121419_0001_m_000002_0/taskjvm.sh
2014-04-12 14:21:27,641 INFO org.apache.hadoop.mapred.TaskController: Writing commands to /tmp/hadoop/hadoop-jmg3/mapred/local/ttprivate/taskTracker/jmg3/jobcache/job_201404121419_0001/attempt_201404121419_0001_m_000008_0/taskjvm.sh
2014-04-12 14:21:27,641 INFO org.apache.hadoop.mapred.JvmManager: In JvmRunner constructed JVM ID: jvm_201404121419_0001_m_1967158417
2014-04-12 14:21:27,641 INFO org.apache.hadoop.mapred.TaskController: Writing commands to /tmp/hadoop/hadoop-jmg3/mapred/local/ttprivate/taskTracker/jmg3/jobcache/job_201404121419_0001/attempt_201404121419_0001_m_000010_0/taskjvm.sh
2014-04-12 14:21:27,641 INFO org.apache.hadoop.mapred.JvmManager: JVM Runner jvm_201404121419_0001_m_1967158417 spawned.
2014-04-12 14:21:27,642 INFO org.apache.hadoop.mapred.TaskController: Writing commands to /tmp/hadoop/hadoop-jmg3/mapred/local/ttprivate/taskTracker/jmg3/jobcache/job_201404121419_0001/attempt_201404121419_0001_m_000007_0/taskjvm.sh
2014-04-12 14:21:27,642 INFO org.apache.hadoop.mapred.TaskController: Writing commands to /tmp/hadoop/hadoop-jmg3/mapred/local/ttprivate/taskTracker/jmg3/jobcache/job_201404121419_0001/attempt_201404121419_0001_m_000005_0/taskjvm.sh
2014-04-12 14:21:27,645 INFO org.apache.hadoop.mapred.JvmManager: In JvmRunner constructed JVM ID: jvm_201404121419_0001_m_724951413
2014-04-12 14:21:27,645 INFO org.apache.hadoop.mapred.JvmManager: JVM Runner jvm_201404121419_0001_m_724951413 spawned.
2014-04-12 14:21:27,645 INFO org.apache.hadoop.mapred.JvmManager: In JvmRunner constructed JVM ID: jvm_201404121419_0001_m_843572712
2014-04-12 14:21:27,646 INFO org.apache.hadoop.mapred.JvmManager: JVM Runner jvm_201404121419_0001_m_843572712 spawned.
2014-04-12 14:21:27,646 INFO org.apache.hadoop.mapred.JvmManager: In JvmRunner constructed JVM ID: jvm_201404121419_0001_m_747225725
2014-04-12 14:21:27,646 INFO org.apache.hadoop.mapred.TaskController: Writing commands to /tmp/hadoop/hadoop-jmg3/mapred/local/ttprivate/taskTracker/jmg3/jobcache/job_201404121419_0001/attempt_201404121419_0001_m_000006_0/taskjvm.sh
2014-04-12 14:21:27,647 INFO org.apache.hadoop.mapred.JvmManager: JVM Runner jvm_201404121419_0001_m_747225725 spawned.
2014-04-12 14:21:27,648 INFO org.apache.hadoop.mapred.TaskController: Writing commands to /tmp/hadoop/hadoop-jmg3/mapred/local/ttprivate/taskTracker/jmg3/jobcache/job_201404121419_0001/attempt_201404121419_0001_m_000003_0/taskjvm.sh
2014-04-12 14:21:27,648 INFO org.apache.hadoop.mapred.TaskController: Writing commands to /tmp/hadoop/hadoop-jmg3/mapred/local/ttprivate/taskTracker/jmg3/jobcache/job_201404121419_0001/attempt_201404121419_0001_m_000011_0/taskjvm.sh
2014-04-12 14:21:27,657 INFO org.apache.hadoop.mapred.TaskController: Writing commands to /tmp/hadoop/hadoop-jmg3/mapred/local/ttprivate/taskTracker/jmg3/jobcache/job_201404121419_0001/attempt_201404121419_0001_m_000009_0/taskjvm.sh
2014-04-12 14:21:28,675 INFO org.apache.hadoop.mapred.TaskTracker: JVM with ID: jvm_201404121419_0001_m_1959068065 given task: attempt_201404121419_0001_m_000005_0
2014-04-12 14:21:28,682 INFO org.apache.hadoop.mapred.TaskTracker: JVM with ID: jvm_201404121419_0001_m_797616009 given task: attempt_201404121419_0001_m_000001_0
2014-04-12 14:21:28,691 INFO org.apache.hadoop.mapred.TaskTracker: JVM with ID: jvm_201404121419_0001_m_1967158417 given task: attempt_201404121419_0001_m_000006_0
2014-04-12 14:21:28,701 INFO org.apache.hadoop.mapred.TaskTracker: JVM with ID: jvm_201404121419_0001_m_1266298220 given task: attempt_201404121419_0001_m_000000_0
2014-04-12 14:21:28,711 INFO org.apache.hadoop.mapred.TaskTracker: JVM with ID: jvm_201404121419_0001_m_1184569364 given task: attempt_201404121419_0001_m_000002_0
2014-04-12 14:21:28,725 INFO org.apache.hadoop.mapred.TaskTracker: JVM with ID: jvm_201404121419_0001_m_724951413 given task: attempt_201404121419_0001_m_000011_0
2014-04-12 14:21:28,728 INFO org.apache.hadoop.mapred.TaskTracker: JVM with ID: jvm_201404121419_0001_m_849608600 given task: attempt_201404121419_0001_m_000007_0
2014-04-12 14:21:28,731 INFO org.apache.hadoop.mapred.TaskTracker: JVM with ID: jvm_201404121419_0001_m_747225725 given task: attempt_201404121419_0001_m_000009_0
2014-04-12 14:21:28,732 INFO org.apache.hadoop.mapred.TaskTracker: JVM with ID: jvm_201404121419_0001_m_1922164844 given task: attempt_201404121419_0001_m_000004_0
2014-04-12 14:21:28,745 INFO org.apache.hadoop.mapred.TaskTracker: JVM with ID: jvm_201404121419_0001_m_1975183182 given task: attempt_201404121419_0001_m_000010_0
2014-04-12 14:21:28,774 INFO org.apache.hadoop.mapred.TaskTracker: JVM with ID: jvm_201404121419_0001_m_311570535 given task: attempt_201404121419_0001_m_000008_0
2014-04-12 14:21:28,876 INFO org.apache.hadoop.mapred.TaskTracker: JVM with ID: jvm_201404121419_0001_m_843572712 given task: attempt_201404121419_0001_m_000003_0
2014-04-12 14:21:36,118 INFO org.apache.hadoop.mapred.TaskTracker: attempt_201404121419_0001_m_000008_0 0.16382658% 
2014-04-12 14:21:36,294 INFO org.apache.hadoop.mapred.TaskTracker: attempt_201404121419_0001_m_000011_0 0.1404257% 
2014-04-12 14:21:36,366 INFO org.apache.hadoop.mapred.TaskTracker: attempt_201404121419_0001_m_000001_0 0.1804558% 
2014-04-12 14:21:36,517 INFO org.apache.hadoop.mapred.TaskTracker: attempt_201404121419_0001_m_000009_0 0.163987% 
2014-04-12 14:21:36,811 INFO org.apache.hadoop.mapred.TaskTracker: attempt_201404121419_0001_m_000010_0 0.14386879% 
2014-04-12 14:21:36,827 INFO org.apache.hadoop.mapred.TaskTracker: attempt_201404121419_0001_m_000006_0 0.15093352% 
2014-04-12 14:21:36,968 INFO org.apache.hadoop.mapred.TaskTracker: attempt_201404121419_0001_m_000007_0 0.14630364% 
2014-04-12 14:21:37,293 INFO org.apache.hadoop.mapred.TaskTracker: attempt_201404121419_0001_m_000004_0 0.15088959% 
2014-04-12 14:21:38,988 INFO org.apache.hadoop.mapred.TaskTracker: attempt_201404121419_0001_m_000000_0 0.24517481% 
2014-04-12 14:21:40,601 INFO org.apache.hadoop.mapred.TaskTracker: attempt_201404121419_0001_m_000007_0 0.36712706% 
2014-04-12 14:21:40,602 INFO org.apache.hadoop.mapred.TaskTracker: attempt_201404121419_0001_m_000010_0 0.25222483% 
2014-04-12 14:21:40,602 INFO org.apache.hadoop.mapred.TaskTracker: attempt_201404121419_0001_m_000006_0 0.29249194% 
2014-04-12 14:21:40,603 INFO org.apache.hadoop.mapred.TaskTracker: attempt_201404121419_0001_m_000002_0 0.29011917% 
2014-04-12 14:21:40,604 INFO org.apache.hadoop.mapred.TaskTracker: attempt_201404121419_0001_m_000009_0 0.3199945% 
2014-04-12 14:21:40,604 INFO org.apache.hadoop.mapred.TaskTracker: attempt_201404121419_0001_m_000001_0 0.32976684% 
2014-04-12 14:21:40,608 INFO org.apache.hadoop.mapred.TaskTracker: attempt_201404121419_0001_m_000011_0 0.3047245% 
2014-04-12 14:21:40,609 INFO org.apache.hadoop.mapred.TaskTracker: attempt_201404121419_0001_m_000003_0 0.2499948% 
2014-04-12 14:21:40,610 INFO org.apache.hadoop.mapred.TaskTracker: attempt_201404121419_0001_m_000008_0 0.33279836% 
2014-04-12 14:21:40,611 INFO org.apache.hadoop.mapred.TaskTracker: attempt_201404121419_0001_m_000005_0 0.24617662% 
2014-04-12 14:21:40,706 INFO org.apache.hadoop.mapred.TaskTracker: attempt_201404121419_0001_m_000004_0 0.26357374% 
2014-04-12 14:21:43,990 INFO org.apache.hadoop.mapred.TaskTracker: attempt_201404121419_0001_m_000010_0 0.35551244% 
2014-04-12 14:21:44,026 INFO org.apache.hadoop.mapred.TaskTracker: attempt_201404121419_0001_m_000004_0 0.36040446% 
2014-04-12 14:21:44,034 INFO org.apache.hadoop.mapred.TaskTracker: attempt_201404121419_0001_m_000001_0 0.4469209% 
2014-04-12 14:21:44,047 INFO org.apache.hadoop.mapred.TaskTracker: attempt_201404121419_0001_m_000005_0 0.38104936% 
2014-04-12 14:21:44,073 INFO org.apache.hadoop.mapred.TaskTracker: attempt_201404121419_0001_m_000006_0 0.39983433% 
2014-04-12 14:21:44,100 INFO org.apache.hadoop.mapred.TaskTracker: attempt_201404121419_0001_m_000007_0 0.46063933% 
2014-04-12 14:21:44,117 INFO org.apache.hadoop.mapred.TaskTracker: attempt_201404121419_0001_m_000000_0 0.3985811% 
2014-04-12 14:21:44,131 INFO org.apache.hadoop.mapred.TaskTracker: attempt_201404121419_0001_m_000002_0 0.40568072% 
2014-04-12 14:21:44,146 INFO org.apache.hadoop.mapred.TaskTracker: attempt_201404121419_0001_m_000003_0 0.38077512% 
2014-04-12 14:21:44,152 INFO org.apache.hadoop.mapred.TaskTracker: attempt_201404121419_0001_m_000009_0 0.3877047% 
2014-04-12 14:21:44,175 INFO org.apache.hadoop.mapred.TaskTracker: attempt_201404121419_0001_m_000008_0 0.4802857% 
2014-04-12 14:21:44,520 INFO org.apache.hadoop.mapred.TaskTracker: attempt_201404121419_0001_m_000011_0 0.32683957% 
2014-04-12 14:21:47,317 INFO org.apache.hadoop.mapred.TaskTracker: attempt_201404121419_0001_m_000006_0 0.5053189% 
2014-04-12 14:21:47,483 INFO org.apache.hadoop.mapred.TaskTracker: attempt_201404121419_0001_m_000005_0 0.476458% 
2014-04-12 14:21:47,484 INFO org.apache.hadoop.mapred.TaskTracker: attempt_201404121419_0001_m_000009_0 0.4807784% 
2014-04-12 14:21:47,534 INFO org.apache.hadoop.mapred.TaskTracker: attempt_201404121419_0001_m_000000_0 0.4887215% 
2014-04-12 14:21:47,535 INFO org.apache.hadoop.mapred.TaskTracker: attempt_201404121419_0001_m_000008_0 0.5478621% 
2014-04-12 14:21:47,543 INFO org.apache.hadoop.mapred.TaskTracker: attempt_201404121419_0001_m_000004_0 0.45332998% 
2014-04-12 14:21:47,556 INFO org.apache.hadoop.mapred.TaskTracker: attempt_201404121419_0001_m_000010_0 0.4402332% 
2014-04-12 14:21:47,572 INFO org.apache.hadoop.mapred.TaskTracker: attempt_201404121419_0001_m_000002_0 0.5019969% 
2014-04-12 14:21:47,639 INFO org.apache.hadoop.mapred.TaskTracker: attempt_201404121419_0001_m_000003_0 0.4397828% 
2014-04-12 14:21:47,722 INFO org.apache.hadoop.mapred.TaskTracker: attempt_201404121419_0001_m_000007_0 0.534048% 
2014-04-12 14:21:47,939 INFO org.apache.hadoop.mapred.TaskTracker: attempt_201404121419_0001_m_000011_0 0.41953036% 
2014-04-12 14:21:48,170 INFO org.apache.hadoop.mapred.TaskTracker: attempt_201404121419_0001_m_000001_0 0.5336321% 
2014-04-12 14:21:50,696 INFO org.apache.hadoop.mapred.TaskTracker: attempt_201404121419_0001_m_000006_0 0.5777334% 
2014-04-12 14:21:50,859 INFO org.apache.hadoop.mapred.TaskTracker: attempt_201404121419_0001_m_000008_0 0.6358301% 
2014-04-12 14:21:50,886 INFO org.apache.hadoop.mapred.TaskTracker: attempt_201404121419_0001_m_000000_0 0.55995536% 
2014-04-12 14:21:50,903 INFO org.apache.hadoop.mapred.TaskTracker: attempt_201404121419_0001_m_000009_0 0.548385% 
2014-04-12 14:21:50,905 INFO org.apache.hadoop.mapred.TaskTracker: attempt_201404121419_0001_m_000010_0 0.5193121% 
2014-04-12 14:21:50,928 INFO org.apache.hadoop.mapred.TaskTracker: attempt_201404121419_0001_m_000002_0 0.5507184% 
2014-04-12 14:21:51,029 INFO org.apache.hadoop.mapred.TaskTracker: attempt_201404121419_0001_m_000007_0 0.62468594% 
2014-04-12 14:21:51,167 INFO org.apache.hadoop.mapred.TaskTracker: attempt_201404121419_0001_m_000004_0 0.5288956% 
2014-04-12 14:21:51,224 INFO org.apache.hadoop.mapred.TaskTracker: attempt_201404121419_0001_m_000005_0 0.53365725% 
2014-04-12 14:21:51,229 INFO org.apache.hadoop.mapred.TaskTracker: attempt_201404121419_0001_m_000011_0 0.44777608% 
2014-04-12 14:21:51,619 INFO org.apache.hadoop.mapred.TaskTracker: attempt_201404121419_0001_m_000001_0 0.62726533% 
2014-04-12 14:21:52,517 INFO org.apache.hadoop.mapred.TaskTracker: attempt_201404121419_0001_m_000003_0 0.522806% 
2014-04-12 14:21:54,047 INFO org.apache.hadoop.mapred.TaskTracker: attempt_201404121419_0001_m_000006_0 0.6674237% 
2014-04-12 14:21:54,146 INFO org.apache.hadoop.mapred.TaskTracker: attempt_201404121419_0001_m_000008_0 0.7375636% 
2014-04-12 14:21:54,223 INFO org.apache.hadoop.mapred.TaskTracker: attempt_201404121419_0001_m_000009_0 0.65195316% 
2014-04-12 14:21:54,273 INFO org.apache.hadoop.mapred.TaskTracker: attempt_201404121419_0001_m_000010_0 0.60439855% 
2014-04-12 14:21:54,360 INFO org.apache.hadoop.mapred.TaskTracker: attempt_201404121419_0001_m_000002_0 0.66862136% 
2014-04-12 14:21:54,406 INFO org.apache.hadoop.mapred.TaskTracker: attempt_201404121419_0001_m_000007_0 0.7391085% 
2014-04-12 14:21:54,529 INFO org.apache.hadoop.mapred.TaskTracker: attempt_201404121419_0001_m_000004_0 0.63048685% 
2014-04-12 14:21:54,580 INFO org.apache.hadoop.mapred.TaskTracker: attempt_201404121419_0001_m_000005_0 0.6365748% 
2014-04-12 14:21:54,640 INFO org.apache.hadoop.mapred.TaskTracker: attempt_201404121419_0001_m_000011_0 0.44777608% 
2014-04-12 14:21:54,923 INFO org.apache.hadoop.mapred.TaskTracker: attempt_201404121419_0001_m_000000_0 0.6643705% 
2014-04-12 14:21:54,979 INFO org.apache.hadoop.mapred.TaskTracker: attempt_201404121419_0001_m_000001_0 0.73110384% 
2014-04-12 14:21:55,794 INFO org.apache.hadoop.mapred.TaskTracker: attempt_201404121419_0001_m_000003_0 0.62600833% 
2014-04-12 14:21:57,452 INFO org.apache.hadoop.mapred.TaskTracker: attempt_201404121419_0001_m_000008_0 0.810071% 
2014-04-12 14:21:57,520 INFO org.apache.hadoop.mapred.TaskTracker: attempt_201404121419_0001_m_000009_0 0.76928425% 
2014-04-12 14:21:57,658 INFO org.apache.hadoop.mapred.TaskTracker: attempt_201404121419_0001_m_000006_0 0.7808586% 
2014-04-12 14:21:57,684 INFO org.apache.hadoop.mapred.TaskTracker: attempt_201404121419_0001_m_000010_0 0.6886937% 
2014-04-12 14:21:57,693 INFO org.apache.hadoop.mapred.TaskTracker: attempt_201404121419_0001_m_000007_0 0.8242224% 
2014-04-12 14:21:57,712 INFO org.apache.hadoop.mapred.TaskTracker: attempt_201404121419_0001_m_000002_0 0.7840477% 
2014-04-12 14:21:57,863 INFO org.apache.hadoop.mapred.TaskTracker: attempt_201404121419_0001_m_000004_0 0.7331619% 
2014-04-12 14:21:57,972 INFO org.apache.hadoop.mapred.TaskTracker: attempt_201404121419_0001_m_000011_0 0.44777608% 
2014-04-12 14:21:58,007 INFO org.apache.hadoop.mapred.TaskTracker: attempt_201404121419_0001_m_000005_0 0.740112% 
2014-04-12 14:21:58,266 INFO org.apache.hadoop.mapred.TaskTracker: attempt_201404121419_0001_m_000000_0 0.78120387% 
2014-04-12 14:21:58,294 INFO org.apache.hadoop.mapred.TaskTracker: attempt_201404121419_0001_m_000001_0 0.82080394% 
2014-04-12 14:21:59,114 INFO org.apache.hadoop.mapred.TaskTracker: attempt_201404121419_0001_m_000003_0 0.7394193% 
2014-04-12 14:22:00,855 INFO org.apache.hadoop.mapred.TaskTracker: attempt_201404121419_0001_m_000009_0 0.84249663% 
2014-04-12 14:22:00,866 INFO org.apache.hadoop.mapred.TaskTracker: attempt_201404121419_0001_m_000008_0 0.89411104% 
2014-04-12 14:22:00,958 INFO org.apache.hadoop.mapred.TaskTracker: attempt_201404121419_0001_m_000010_0 0.78761977% 
2014-04-12 14:22:00,963 INFO org.apache.hadoop.mapred.TaskTracker: attempt_201404121419_0001_m_000006_0 0.88147175% 
2014-04-12 14:22:00,989 INFO org.apache.hadoop.mapred.TaskTracker: attempt_201404121419_0001_m_000002_0 0.8730484% 
2014-04-12 14:22:01,026 INFO org.apache.hadoop.mapred.TaskTracker: attempt_201404121419_0001_m_000007_0 0.9137495% 
2014-04-12 14:22:01,166 INFO org.apache.hadoop.mapred.TaskTracker: attempt_201404121419_0001_m_000004_0 0.82077384% 
2014-04-12 14:22:01,240 INFO org.apache.hadoop.mapred.TaskTracker: attempt_201404121419_0001_m_000011_0 0.5089807% 
2014-04-12 14:22:01,282 INFO org.apache.hadoop.mapred.TaskTracker: attempt_201404121419_0001_m_000005_0 0.8260775% 
2014-04-12 14:22:01,634 INFO org.apache.hadoop.mapred.TaskTracker: attempt_201404121419_0001_m_000001_0 0.9090815% 
2014-04-12 14:22:01,737 INFO org.apache.hadoop.mapred.TaskTracker: attempt_201404121419_0001_m_000000_0 0.8793446% 
2014-04-12 14:22:02,390 INFO org.apache.hadoop.mapred.TaskTracker: attempt_201404121419_0001_m_000003_0 0.8103512% 
2014-04-12 14:22:04,037 INFO org.apache.hadoop.mapred.TaskTracker: attempt_201404121419_0001_m_000008_0 0.98197114% 
2014-04-12 14:22:04,164 INFO org.apache.hadoop.mapred.TaskTracker: attempt_201404121419_0001_m_000009_0 0.92558396% 
2014-04-12 14:22:04,171 INFO org.apache.hadoop.mapred.TaskTracker: attempt_201404121419_0001_m_000010_0 0.89431816% 
2014-04-12 14:22:04,227 INFO org.apache.hadoop.mapred.TaskTracker: attempt_201404121419_0001_m_000006_0 0.96580005% 
2014-04-12 14:22:04,276 INFO org.apache.hadoop.mapred.TaskTracker: attempt_201404121419_0001_m_000002_0 0.95373833% 
2014-04-12 14:22:04,422 INFO org.apache.hadoop.mapred.TaskTracker: attempt_201404121419_0001_m_000004_0 0.9198669% 
2014-04-12 14:22:04,451 INFO org.apache.hadoop.mapred.TaskTracker: attempt_201404121419_0001_m_000007_0 1.0% 
2014-04-12 14:22:04,485 INFO org.apache.hadoop.mapred.TaskTracker: attempt_201404121419_0001_m_000005_0 0.9277851% 
2014-04-12 14:22:04,900 INFO org.apache.hadoop.mapred.TaskTracker: attempt_201404121419_0001_m_000001_0 0.99991876% 
2014-04-12 14:22:05,015 INFO org.apache.hadoop.mapred.TaskTracker: attempt_201404121419_0001_m_000000_0 0.99654514% 
2014-04-12 14:22:05,841 INFO org.apache.hadoop.mapred.TaskTracker: attempt_201404121419_0001_m_000003_0 0.9379146% 
2014-04-12 14:22:06,613 INFO org.apache.hadoop.mapred.TaskTracker: attempt_201404121419_0001_m_000011_0 0.586122% 
2014-04-12 14:22:07,316 INFO org.apache.hadoop.mapred.TaskTracker: attempt_201404121419_0001_m_000008_0 1.0% 
2014-04-12 14:22:07,388 INFO org.apache.hadoop.mapred.TaskTracker: attempt_201404121419_0001_m_000009_0 1.0% 
2014-04-12 14:22:07,408 INFO org.apache.hadoop.mapred.TaskTracker: attempt_201404121419_0001_m_000010_0 1.0% 
2014-04-12 14:22:07,472 INFO org.apache.hadoop.mapred.TaskTracker: attempt_201404121419_0001_m_000006_0 1.0% 
2014-04-12 14:22:07,657 INFO org.apache.hadoop.mapred.TaskTracker: attempt_201404121419_0001_m_000002_0 1.0% 
2014-04-12 14:22:07,665 INFO org.apache.hadoop.mapred.TaskTracker: attempt_201404121419_0001_m_000004_0 1.0% 
2014-04-12 14:22:07,666 INFO org.apache.hadoop.mapred.TaskTracker: attempt_201404121419_0001_m_000005_0 1.0% 
2014-04-12 14:22:07,686 INFO org.apache.hadoop.mapred.TaskTracker: attempt_201404121419_0001_m_000007_0 1.0% 
2014-04-12 14:22:08,120 INFO org.apache.hadoop.mapred.TaskTracker: attempt_201404121419_0001_m_000001_0 1.0% 
2014-04-12 14:22:08,198 INFO org.apache.hadoop.mapred.TaskTracker: attempt_201404121419_0001_m_000000_0 1.0% 
2014-04-12 14:22:08,978 INFO org.apache.hadoop.mapred.TaskTracker: attempt_201404121419_0001_m_000003_0 1.0% 
2014-04-12 14:22:09,815 INFO org.apache.hadoop.mapred.TaskTracker: attempt_201404121419_0001_m_000011_0 0.7132035% 
2014-04-12 14:22:10,443 INFO org.apache.hadoop.mapred.TaskTracker: attempt_201404121419_0001_m_000008_0 1.0% 
2014-04-12 14:22:10,517 INFO org.apache.hadoop.mapred.TaskTracker: attempt_201404121419_0001_m_000009_0 1.0% 
2014-04-12 14:22:10,625 INFO org.apache.hadoop.mapred.TaskTracker: attempt_201404121419_0001_m_000010_0 1.0% 
2014-04-12 14:22:10,675 INFO org.apache.hadoop.mapred.TaskTracker: attempt_201404121419_0001_m_000006_0 1.0% 
2014-04-12 14:22:10,784 INFO org.apache.hadoop.mapred.TaskTracker: attempt_201404121419_0001_m_000007_0 1.0% 
2014-04-12 14:22:10,792 INFO org.apache.hadoop.mapred.TaskTracker: attempt_201404121419_0001_m_000002_0 1.0% 
2014-04-12 14:22:10,804 INFO org.apache.hadoop.mapred.TaskTracker: attempt_201404121419_0001_m_000005_0 1.0% 
2014-04-12 14:22:10,827 INFO org.apache.hadoop.mapred.TaskTracker: attempt_201404121419_0001_m_000004_0 1.0% 
2014-04-12 14:22:11,185 INFO org.apache.hadoop.mapred.TaskTracker: attempt_201404121419_0001_m_000001_0 1.0% 
2014-04-12 14:22:11,289 INFO org.apache.hadoop.mapred.TaskTracker: attempt_201404121419_0001_m_000000_0 1.0% 
2014-04-12 14:22:12,075 INFO org.apache.hadoop.mapred.TaskTracker: attempt_201404121419_0001_m_000003_0 1.0% 
2014-04-12 14:22:12,911 INFO org.apache.hadoop.mapred.TaskTracker: attempt_201404121419_0001_m_000011_0 0.75953484% 
2014-04-12 14:22:13,532 INFO org.apache.hadoop.mapred.TaskTracker: attempt_201404121419_0001_m_000008_0 1.0% 
2014-04-12 14:22:13,613 INFO org.apache.hadoop.mapred.TaskTracker: attempt_201404121419_0001_m_000009_0 1.0% 
2014-04-12 14:22:13,715 INFO org.apache.hadoop.mapred.TaskTracker: attempt_201404121419_0001_m_000010_0 1.0% 
2014-04-12 14:22:13,757 INFO org.apache.hadoop.mapred.TaskTracker: attempt_201404121419_0001_m_000006_0 1.0% 
2014-04-12 14:22:13,868 INFO org.apache.hadoop.mapred.TaskTracker: attempt_201404121419_0001_m_000002_0 1.0% 
2014-04-12 14:22:13,913 INFO org.apache.hadoop.mapred.TaskTracker: attempt_201404121419_0001_m_000007_0 1.0% 
2014-04-12 14:22:13,920 INFO org.apache.hadoop.mapred.TaskTracker: attempt_201404121419_0001_m_000005_0 1.0% 
2014-04-12 14:22:14,101 INFO org.apache.hadoop.mapred.TaskTracker: attempt_201404121419_0001_m_000004_0 1.0% 
2014-04-12 14:22:14,253 INFO org.apache.hadoop.mapred.TaskTracker: attempt_201404121419_0001_m_000001_0 1.0% 
2014-04-12 14:22:14,353 INFO org.apache.hadoop.mapred.TaskTracker: attempt_201404121419_0001_m_000000_0 1.0% 
2014-04-12 14:22:15,209 INFO org.apache.hadoop.mapred.TaskTracker: attempt_201404121419_0001_m_000003_0 1.0% 
2014-04-12 14:22:16,007 INFO org.apache.hadoop.mapred.TaskTracker: attempt_201404121419_0001_m_000011_0 0.75953484% 
2014-04-12 14:22:16,639 INFO org.apache.hadoop.mapred.TaskTracker: attempt_201404121419_0001_m_000008_0 1.0% 
2014-04-12 14:22:16,679 INFO org.apache.hadoop.mapred.TaskTracker: attempt_201404121419_0001_m_000009_0 1.0% 
2014-04-12 14:22:16,808 INFO org.apache.hadoop.mapred.TaskTracker: attempt_201404121419_0001_m_000010_0 1.0% 
2014-04-12 14:22:16,846 INFO org.apache.hadoop.mapred.TaskTracker: attempt_201404121419_0001_m_000006_0 1.0% 
2014-04-12 14:22:16,961 INFO org.apache.hadoop.mapred.TaskTracker: attempt_201404121419_0001_m_000002_0 1.0% 
2014-04-12 14:22:17,030 INFO org.apache.hadoop.mapred.TaskTracker: attempt_201404121419_0001_m_000005_0 1.0% 
2014-04-12 14:22:17,069 INFO org.apache.hadoop.mapred.TaskTracker: attempt_201404121419_0001_m_000007_0 1.0% 
2014-04-12 14:22:17,197 INFO org.apache.hadoop.mapred.TaskTracker: attempt_201404121419_0001_m_000004_0 1.0% 
2014-04-12 14:22:17,313 INFO org.apache.hadoop.mapred.TaskTracker: attempt_201404121419_0001_m_000001_0 1.0% 
2014-04-12 14:22:17,476 INFO org.apache.hadoop.mapred.TaskTracker: attempt_201404121419_0001_m_000000_0 1.0% 
2014-04-12 14:22:18,250 INFO org.apache.hadoop.mapred.TaskTracker: attempt_201404121419_0001_m_000003_0 1.0% 
2014-04-12 14:22:19,764 INFO org.apache.hadoop.mapred.TaskTracker: attempt_201404121419_0001_m_000008_0 1.0% 
2014-04-12 14:22:19,824 INFO org.apache.hadoop.mapred.TaskTracker: attempt_201404121419_0001_m_000009_0 1.0% 
2014-04-12 14:22:19,904 INFO org.apache.hadoop.mapred.TaskTracker: attempt_201404121419_0001_m_000006_0 1.0% 
2014-04-12 14:22:19,906 INFO org.apache.hadoop.mapred.TaskTracker: attempt_201404121419_0001_m_000006_0 1.0% 
2014-04-12 14:22:19,907 INFO org.apache.hadoop.mapred.TaskTracker: Task attempt_201404121419_0001_m_000006_0 is done.
2014-04-12 14:22:19,908 INFO org.apache.hadoop.mapred.TaskTracker: reported output size for attempt_201404121419_0001_m_000006_0  was 51728607
2014-04-12 14:22:19,956 INFO org.apache.hadoop.mapred.TaskTracker: attempt_201404121419_0001_m_000010_0 1.0% 
2014-04-12 14:22:20,030 INFO org.apache.hadoop.mapred.TaskTracker: attempt_201404121419_0001_m_000002_0 1.0% 
2014-04-12 14:22:20,120 INFO org.apache.hadoop.mapred.TaskTracker: attempt_201404121419_0001_m_000007_0 1.0% 
2014-04-12 14:22:20,131 INFO org.apache.hadoop.mapred.TaskTracker: attempt_201404121419_0001_m_000005_0 1.0% 
2014-04-12 14:22:20,135 INFO org.apache.hadoop.mapred.TaskTracker: attempt_201404121419_0001_m_000005_0 1.0% 
2014-04-12 14:22:20,136 INFO org.apache.hadoop.mapred.TaskTracker: Task attempt_201404121419_0001_m_000005_0 is done.
2014-04-12 14:22:20,136 INFO org.apache.hadoop.mapred.TaskTracker: reported output size for attempt_201404121419_0001_m_000005_0  was 52209478
2014-04-12 14:22:20,231 INFO org.apache.hadoop.mapred.TaskTracker: attempt_201404121419_0001_m_000004_0 1.0% 
2014-04-12 14:22:20,348 INFO org.apache.hadoop.mapred.TaskTracker: attempt_201404121419_0001_m_000001_0 1.0% 
2014-04-12 14:22:20,537 INFO org.apache.hadoop.mapred.TaskTracker: attempt_201404121419_0001_m_000000_0 1.0% 
2014-04-12 14:22:21,283 INFO org.apache.hadoop.mapred.TaskTracker: attempt_201404121419_0001_m_000003_0 1.0% 
2014-04-12 14:22:23,145 INFO org.apache.hadoop.mapred.TaskTracker: addFreeSlot : current free slots : 1
2014-04-12 14:22:23,146 INFO org.apache.hadoop.mapred.TaskTracker: addFreeSlot : current free slots : 2
2014-04-12 14:22:23,146 INFO org.apache.hadoop.mapred.TaskTracker: attempt_201404121419_0001_m_000002_0 1.0% 
2014-04-12 14:22:23,147 INFO org.apache.hadoop.mapred.TaskTracker: attempt_201404121419_0001_m_000010_0 1.0% 
2014-04-12 14:22:23,147 INFO org.apache.hadoop.mapred.TaskTracker: attempt_201404121419_0001_m_000011_0 0.9019602% 
2014-04-12 14:22:23,147 INFO org.apache.hadoop.mapred.TaskTracker: attempt_201404121419_0001_m_000009_0 1.0% 
2014-04-12 14:22:23,148 INFO org.apache.hadoop.mapred.TaskTracker: attempt_201404121419_0001_m_000008_0 1.0% 
2014-04-12 14:22:23,152 INFO org.apache.hadoop.mapred.TaskTracker: attempt_201404121419_0001_m_000002_0 1.0% 
2014-04-12 14:22:23,152 INFO org.apache.hadoop.mapred.TaskTracker: attempt_201404121419_0001_m_000008_0 1.0% 
2014-04-12 14:22:23,153 INFO org.apache.hadoop.mapred.TaskTracker: attempt_201404121419_0001_m_000010_0 1.0% 
2014-04-12 14:22:23,153 INFO org.apache.hadoop.mapred.TaskTracker: Task attempt_201404121419_0001_m_000002_0 is done.
2014-04-12 14:22:23,153 INFO org.apache.hadoop.mapred.TaskTracker: reported output size for attempt_201404121419_0001_m_000002_0  was 52183163
2014-04-12 14:22:23,153 INFO org.apache.hadoop.mapred.TaskTracker: attempt_201404121419_0001_m_000007_0 1.0% 
2014-04-12 14:22:23,154 INFO org.apache.hadoop.mapred.TaskTracker: Task attempt_201404121419_0001_m_000010_0 is done.
2014-04-12 14:22:23,154 INFO org.apache.hadoop.mapred.TaskTracker: reported output size for attempt_201404121419_0001_m_000010_0  was 52661119
2014-04-12 14:22:23,154 INFO org.apache.hadoop.mapred.TaskTracker: Task attempt_201404121419_0001_m_000008_0 is done.
2014-04-12 14:22:23,154 INFO org.apache.hadoop.mapred.TaskTracker: reported output size for attempt_201404121419_0001_m_000008_0  was 52430196
2014-04-12 14:22:23,156 INFO org.apache.hadoop.mapred.TaskTracker: attempt_201404121419_0001_m_000007_0 1.0% 
2014-04-12 14:22:23,157 INFO org.apache.hadoop.mapred.TaskTracker: Task attempt_201404121419_0001_m_000007_0 is done.
2014-04-12 14:22:23,157 INFO org.apache.hadoop.mapred.TaskTracker: reported output size for attempt_201404121419_0001_m_000007_0  was 52746716
2014-04-12 14:22:24,132 INFO org.apache.hadoop.mapred.TaskTracker: addFreeSlot : current free slots : 3
2014-04-12 14:22:24,132 INFO org.apache.hadoop.mapred.TaskTracker: addFreeSlot : current free slots : 4
2014-04-12 14:22:24,133 INFO org.apache.hadoop.mapred.TaskTracker: addFreeSlot : current free slots : 5
2014-04-12 14:22:24,133 INFO org.apache.hadoop.mapred.TaskTracker: LaunchTaskAction (registerTask): attempt_201404121419_0001_r_000000_0 task's state:UNASSIGNED
2014-04-12 14:22:24,133 INFO org.apache.hadoop.mapred.TaskTracker: attempt_201404121419_0001_m_000000_0 1.0% 
2014-04-12 14:22:24,134 INFO org.apache.hadoop.mapred.TaskTracker: attempt_201404121419_0001_m_000004_0 1.0% 
2014-04-12 14:22:24,134 INFO org.apache.hadoop.mapred.TaskTracker: Trying to launch : attempt_201404121419_0001_r_000000_0 which needs 1 slots
2014-04-12 14:22:24,134 INFO org.apache.hadoop.mapred.TaskTracker: In TaskLauncher, current free slots : 2 and trying to launch attempt_201404121419_0001_r_000000_0 which needs 1 slots
2014-04-12 14:22:24,136 INFO org.apache.hadoop.mapred.TaskTracker: attempt_201404121419_0001_m_000000_0 1.0% 
2014-04-12 14:22:24,136 INFO org.apache.hadoop.mapred.TaskTracker: attempt_201404121419_0001_m_000001_0 1.0% 
2014-04-12 14:22:24,138 INFO org.apache.hadoop.mapred.TaskTracker: attempt_201404121419_0001_m_000004_0 1.0% 
2014-04-12 14:22:24,138 INFO org.apache.hadoop.mapred.TaskTracker: Task attempt_201404121419_0001_m_000001_0 is done.
2014-04-12 14:22:24,138 INFO org.apache.hadoop.mapred.TaskTracker: reported output size for attempt_201404121419_0001_m_000001_0  was 51879895
2014-04-12 14:22:24,139 INFO org.apache.hadoop.mapred.TaskTracker: Task attempt_201404121419_0001_m_000000_0 is done.
2014-04-12 14:22:24,139 INFO org.apache.hadoop.mapred.TaskTracker: reported output size for attempt_201404121419_0001_m_000000_0  was 52440243
2014-04-12 14:22:24,139 INFO org.apache.hadoop.mapred.TaskTracker: Task attempt_201404121419_0001_m_000004_0 is done.
2014-04-12 14:22:24,139 INFO org.apache.hadoop.mapred.TaskTracker: reported output size for attempt_201404121419_0001_m_000004_0  was 51961174
2014-04-12 14:22:24,287 INFO org.apache.hadoop.mapred.TaskTracker: attempt_201404121419_0001_m_000003_0 1.0% 
2014-04-12 14:22:24,288 INFO org.apache.hadoop.mapred.TaskTracker: Task attempt_201404121419_0001_m_000003_0 is done.
2014-04-12 14:22:24,288 INFO org.apache.hadoop.mapred.TaskTracker: reported output size for attempt_201404121419_0001_m_000003_0  was 52854458
2014-04-12 14:22:24,381 INFO org.apache.hadoop.mapred.TaskTracker: addFreeSlot : current free slots : 6
2014-04-12 14:22:24,383 INFO org.apache.hadoop.mapred.TaskTracker: addFreeSlot : current free slots : 7
2014-04-12 14:22:24,383 INFO org.apache.hadoop.mapred.TaskTracker: addFreeSlot : current free slots : 8
2014-04-12 14:22:24,530 INFO org.apache.hadoop.mapred.TaskTracker: addFreeSlot : current free slots : 9
2014-04-12 14:22:26,072 INFO org.apache.hadoop.mapred.JvmManager: In JvmRunner constructed JVM ID: jvm_201404121419_0001_r_1681710775
2014-04-12 14:22:26,073 INFO org.apache.hadoop.mapred.JvmManager: JVM Runner jvm_201404121419_0001_r_1681710775 spawned.
2014-04-12 14:22:26,151 INFO org.apache.hadoop.mapred.TaskTracker: attempt_201404121419_0001_m_000009_0 1.0% 
2014-04-12 14:22:26,152 INFO org.apache.hadoop.mapred.TaskTracker: Task attempt_201404121419_0001_m_000009_0 is done.
2014-04-12 14:22:26,152 INFO org.apache.hadoop.mapred.TaskTracker: reported output size for attempt_201404121419_0001_m_000009_0  was 52197974
2014-04-12 14:22:27,483 INFO org.apache.hadoop.mapred.TaskController: Writing commands to /tmp/hadoop/hadoop-jmg3/mapred/local/ttprivate/taskTracker/jmg3/jobcache/job_201404121419_0001/attempt_201404121419_0001_r_000000_0/taskjvm.sh
2014-04-12 14:22:27,491 INFO org.apache.hadoop.mapred.JvmManager: JVM : jvm_201404121419_0001_m_1922164844 exited with exit code 0. Number of tasks it ran: 1
2014-04-12 14:22:27,491 INFO org.apache.hadoop.mapred.JvmManager: JVM : jvm_201404121419_0001_m_849608600 exited with exit code 0. Number of tasks it ran: 1
2014-04-12 14:22:27,491 INFO org.apache.hadoop.mapred.JvmManager: JVM : jvm_201404121419_0001_m_797616009 exited with exit code 0. Number of tasks it ran: 1
2014-04-12 14:22:27,491 INFO org.apache.hadoop.mapred.JvmManager: JVM : jvm_201404121419_0001_m_311570535 exited with exit code 0. Number of tasks it ran: 1
2014-04-12 14:22:27,491 INFO org.apache.hadoop.mapred.JvmManager: JVM : jvm_201404121419_0001_m_1959068065 exited with exit code 0. Number of tasks it ran: 1
2014-04-12 14:22:27,493 INFO org.apache.hadoop.mapred.JvmManager: JVM : jvm_201404121419_0001_m_1184569364 exited with exit code 0. Number of tasks it ran: 1
2014-04-12 14:22:27,493 INFO org.apache.hadoop.mapred.JvmManager: JVM : jvm_201404121419_0001_m_1967158417 exited with exit code 0. Number of tasks it ran: 1
2014-04-12 14:22:27,493 INFO org.apache.hadoop.mapred.JvmManager: JVM : jvm_201404121419_0001_m_1975183182 exited with exit code 0. Number of tasks it ran: 1
2014-04-12 14:22:27,618 INFO org.apache.hadoop.mapred.TaskTracker: addFreeSlot : current free slots : 10
2014-04-12 14:22:27,641 INFO org.apache.hadoop.mapred.TaskTracker: LaunchTaskAction (registerTask): attempt_201404121419_0001_r_000001_0 task's state:UNASSIGNED
2014-04-12 14:22:27,641 INFO org.apache.hadoop.mapred.TaskTracker: Trying to launch : attempt_201404121419_0001_r_000001_0 which needs 1 slots
2014-04-12 14:22:27,641 INFO org.apache.hadoop.mapred.TaskTracker: In TaskLauncher, current free slots : 1 and trying to launch attempt_201404121419_0001_r_000001_0 which needs 1 slots
2014-04-12 14:22:27,648 INFO org.apache.hadoop.mapred.JvmManager: In JvmRunner constructed JVM ID: jvm_201404121419_0001_r_1266298220
2014-04-12 14:22:27,648 INFO org.apache.hadoop.mapred.JvmManager: JVM Runner jvm_201404121419_0001_r_1266298220 spawned.
2014-04-12 14:22:27,650 INFO org.apache.hadoop.mapred.TaskController: Writing commands to /tmp/hadoop/hadoop-jmg3/mapred/local/ttprivate/taskTracker/jmg3/jobcache/job_201404121419_0001/attempt_201404121419_0001_r_000001_0/taskjvm.sh
2014-04-12 14:22:27,732 INFO org.apache.hadoop.mapred.JvmManager: JVM : jvm_201404121419_0001_m_747225725 exited with exit code 0. Number of tasks it ran: 1
2014-04-12 14:22:27,733 INFO org.apache.hadoop.mapred.JvmManager: JVM : jvm_201404121419_0001_m_1266298220 exited with exit code 0. Number of tasks it ran: 1
2014-04-12 14:22:27,733 INFO org.apache.hadoop.mapred.JvmManager: JVM : jvm_201404121419_0001_m_843572712 exited with exit code 0. Number of tasks it ran: 1
2014-04-12 14:22:29,128 INFO org.apache.hadoop.mapred.TaskTracker: JVM with ID: jvm_201404121419_0001_r_1681710775 given task: attempt_201404121419_0001_r_000000_0
2014-04-12 14:22:29,129 INFO org.apache.hadoop.mapred.TaskTracker: JVM with ID: jvm_201404121419_0001_r_1266298220 given task: attempt_201404121419_0001_r_000001_0
2014-04-12 14:22:29,179 INFO org.apache.hadoop.mapred.TaskTracker: attempt_201404121419_0001_m_000011_0 1.0% 
2014-04-12 14:22:32,209 INFO org.apache.hadoop.mapred.TaskTracker: attempt_201404121419_0001_m_000011_0 1.0% 
2014-04-12 14:22:35,810 INFO org.apache.hadoop.mapred.TaskTracker.clienttrace: src: 192.168.110.214:50061, dest: 192.168.110.214:52015, bytes: 26445736, op: MAPRED_SHUFFLE, cliID: attempt_201404121419_0001_m_000005_0, duration: 380590980
2014-04-12 14:22:36,321 INFO org.apache.hadoop.mapred.TaskTracker.clienttrace: src: 192.168.110.214:50061, dest: 192.168.110.214:52014, bytes: 25763742, op: MAPRED_SHUFFLE, cliID: attempt_201404121419_0001_m_000005_0, duration: 890915365
2014-04-12 14:22:36,992 INFO org.apache.hadoop.mapred.TaskTracker.clienttrace: src: 192.168.110.214:50061, dest: 192.168.110.214:52016, bytes: 26171498, op: MAPRED_SHUFFLE, cliID: attempt_201404121419_0001_m_000006_0, duration: 1131779864
2014-04-12 14:22:37,391 INFO org.apache.hadoop.mapred.TaskTracker.clienttrace: src: 192.168.110.214:50061, dest: 192.168.110.214:52017, bytes: 25557109, op: MAPRED_SHUFFLE, cliID: attempt_201404121419_0001_m_000006_0, duration: 1067694340
2014-04-12 14:22:37,364 INFO org.apache.hadoop.mapred.TaskTracker: attempt_201404121419_0001_m_000011_0 1.0% 
2014-04-12 14:22:39,001 INFO org.apache.hadoop.mapred.TaskTracker: attempt_201404121419_0001_r_000000_0 0.05555556% reduce > copy (2 of 12 at 6.12 MB/s) > 
2014-04-12 14:22:39,001 INFO org.apache.hadoop.mapred.TaskTracker: attempt_201404121419_0001_r_000001_0 0.05555556% reduce > copy (2 of 12 at 7.17 MB/s) > 
2014-04-12 14:22:39,414 INFO org.apache.hadoop.mapred.TaskTracker.clienttrace: src: 192.168.110.214:50061, dest: 192.168.110.214:52019, bytes: 25823427, op: MAPRED_SHUFFLE, cliID: attempt_201404121419_0001_m_000000_0, duration: 2003846273
2014-04-12 14:22:39,418 INFO org.apache.hadoop.mapred.TaskTracker.clienttrace: src: 192.168.110.214:50061, dest: 192.168.110.214:52018, bytes: 26616816, op: MAPRED_SHUFFLE, cliID: attempt_201404121419_0001_m_000000_0, duration: 2374278231
2014-04-12 14:22:40,469 INFO org.apache.hadoop.mapred.TaskTracker.clienttrace: src: 192.168.110.214:50061, dest: 192.168.110.214:52020, bytes: 25557681, op: MAPRED_SHUFFLE, cliID: attempt_201404121419_0001_m_000001_0, duration: 1053088368
2014-04-12 14:22:40,471 INFO org.apache.hadoop.mapred.TaskTracker.clienttrace: src: 192.168.110.214:50061, dest: 192.168.110.214:52021, bytes: 26322214, op: MAPRED_SHUFFLE, cliID: attempt_201404121419_0001_m_000001_0, duration: 1050762702
2014-04-12 14:22:41,503 INFO org.apache.hadoop.mapred.TaskTracker.clienttrace: src: 192.168.110.214:50061, dest: 192.168.110.214:52023, bytes: 26474314, op: MAPRED_SHUFFLE, cliID: attempt_201404121419_0001_m_000002_0, duration: 1030167129
2014-04-12 14:22:41,509 INFO org.apache.hadoop.mapred.TaskTracker.clienttrace: src: 192.168.110.214:50061, dest: 192.168.110.214:52022, bytes: 25708849, op: MAPRED_SHUFFLE, cliID: attempt_201404121419_0001_m_000002_0, duration: 1037108482
2014-04-12 14:22:42,028 INFO org.apache.hadoop.mapred.TaskTracker: attempt_201404121419_0001_m_000011_0 1.0% 
2014-04-12 14:22:42,038 INFO org.apache.hadoop.mapred.TaskTracker: attempt_201404121419_0001_r_000001_0 0.1388889% reduce > copy (5 of 12 at 10.49 MB/s) > 
2014-04-12 14:22:42,124 INFO org.apache.hadoop.mapred.TaskTracker: attempt_201404121419_0001_r_000000_0 0.1388889% reduce > copy (5 of 12 at 10.21 MB/s) > 
2014-04-12 14:22:42,540 INFO org.apache.hadoop.mapred.TaskTracker.clienttrace: src: 192.168.110.214:50061, dest: 192.168.110.214:52025, bytes: 26080573, op: MAPRED_SHUFFLE, cliID: attempt_201404121419_0001_m_000003_0, duration: 1029893363
2014-04-12 14:22:42,548 INFO org.apache.hadoop.mapred.TaskTracker.clienttrace: src: 192.168.110.214:50061, dest: 192.168.110.214:52024, bytes: 26773885, op: MAPRED_SHUFFLE, cliID: attempt_201404121419_0001_m_000003_0, duration: 1043537913
2014-04-12 14:22:43,604 INFO org.apache.hadoop.mapred.TaskTracker.clienttrace: src: 192.168.110.214:50061, dest: 192.168.110.214:52026, bytes: 25575768, op: MAPRED_SHUFFLE, cliID: attempt_201404121419_0001_m_000004_0, duration: 1061962602
2014-04-12 14:22:43,610 INFO org.apache.hadoop.mapred.TaskTracker.clienttrace: src: 192.168.110.214:50061, dest: 192.168.110.214:52027, bytes: 26385406, op: MAPRED_SHUFFLE, cliID: attempt_201404121419_0001_m_000004_0, duration: 1059880023
2014-04-12 14:22:44,641 INFO org.apache.hadoop.mapred.TaskTracker.clienttrace: src: 192.168.110.214:50061, dest: 192.168.110.214:52027, bytes: 26728051, op: MAPRED_SHUFFLE, cliID: attempt_201404121419_0001_m_000007_0, duration: 1028352328
2014-04-12 14:22:44,644 INFO org.apache.hadoop.mapred.TaskTracker.clienttrace: src: 192.168.110.214:50061, dest: 192.168.110.214:52026, bytes: 26018665, op: MAPRED_SHUFFLE, cliID: attempt_201404121419_0001_m_000007_0, duration: 1033715227
2014-04-12 14:22:45,160 INFO org.apache.hadoop.mapred.TaskTracker: attempt_201404121419_0001_r_000001_0 0.22222224% reduce > copy (8 of 12 at 13.47 MB/s) > 
2014-04-12 14:22:45,160 INFO org.apache.hadoop.mapred.TaskTracker: attempt_201404121419_0001_r_000000_0 0.22222224% reduce > copy (8 of 12 at 13.10 MB/s) > 
2014-04-12 14:22:45,661 INFO org.apache.hadoop.mapred.TaskTracker.clienttrace: src: 192.168.110.214:50061, dest: 192.168.110.214:52028, bytes: 25821863, op: MAPRED_SHUFFLE, cliID: attempt_201404121419_0001_m_000008_0, duration: 1015084846
2014-04-12 14:22:46,666 INFO org.apache.hadoop.mapred.TaskTracker.clienttrace: src: 192.168.110.214:50061, dest: 192.168.110.214:52027, bytes: 26608333, op: MAPRED_SHUFFLE, cliID: attempt_201404121419_0001_m_000008_0, duration: 2022842675
2014-04-12 14:22:47,673 INFO org.apache.hadoop.mapred.TaskTracker.clienttrace: src: 192.168.110.214:50061, dest: 192.168.110.214:52028, bytes: 25672822, op: MAPRED_SHUFFLE, cliID: attempt_201404121419_0001_m_000009_0, duration: 1959727264
2014-04-12 14:22:47,697 INFO org.apache.hadoop.mapred.TaskTracker.clienttrace: src: 192.168.110.214:50061, dest: 192.168.110.214:52027, bytes: 26525152, op: MAPRED_SHUFFLE, cliID: attempt_201404121419_0001_m_000009_0, duration: 1027142085
2014-04-12 14:22:48,196 INFO org.apache.hadoop.mapred.TaskTracker: attempt_201404121419_0001_r_000001_0 0.2777778% reduce > copy (10 of 12 at 14.04 MB/s) > 
2014-04-12 14:22:48,196 INFO org.apache.hadoop.mapred.TaskTracker: attempt_201404121419_0001_r_000000_0 0.2777778% reduce > copy (10 of 12 at 13.65 MB/s) > 
2014-04-12 14:22:48,688 INFO org.apache.hadoop.mapred.TaskTracker.clienttrace: src: 192.168.110.214:50061, dest: 192.168.110.214:52028, bytes: 25928434, op: MAPRED_SHUFFLE, cliID: attempt_201404121419_0001_m_000010_0, duration: 1012916133
2014-04-12 14:22:48,712 INFO org.apache.hadoop.mapred.TaskTracker.clienttrace: src: 192.168.110.214:50061, dest: 192.168.110.214:52027, bytes: 26732685, op: MAPRED_SHUFFLE, cliID: attempt_201404121419_0001_m_000010_0, duration: 1010850850
2014-04-12 14:22:51,057 INFO org.apache.hadoop.mapred.TaskTracker: attempt_201404121419_0001_m_000011_0 1.0% 
2014-04-12 14:22:51,229 INFO org.apache.hadoop.mapred.TaskTracker: attempt_201404121419_0001_r_000001_0 0.30555558% reduce > copy (11 of 12 at 14.65 MB/s) > 
2014-04-12 14:22:51,230 INFO org.apache.hadoop.mapred.TaskTracker: attempt_201404121419_0001_r_000000_0 0.30555558% reduce > copy (11 of 12 at 14.23 MB/s) > 
2014-04-12 14:22:54,060 INFO org.apache.hadoop.mapred.TaskTracker: attempt_201404121419_0001_m_000011_0 1.0% 
2014-04-12 14:22:54,061 INFO org.apache.hadoop.mapred.TaskTracker: Task attempt_201404121419_0001_m_000011_0 is done.
2014-04-12 14:22:54,061 INFO org.apache.hadoop.mapred.TaskTracker: reported output size for attempt_201404121419_0001_m_000011_0  was 51261824
2014-04-12 14:22:54,062 INFO org.apache.hadoop.mapred.TaskTracker: addFreeSlot : current free slots : 11
2014-04-12 14:22:54,263 INFO org.apache.hadoop.mapred.TaskTracker: attempt_201404121419_0001_r_000000_0 0.30555558% reduce > copy (11 of 12 at 14.23 MB/s) > 
2014-04-12 14:22:54,263 INFO org.apache.hadoop.mapred.TaskTracker: attempt_201404121419_0001_r_000001_0 0.30555558% reduce > copy (11 of 12 at 14.65 MB/s) > 
2014-04-12 14:22:54,724 INFO org.apache.hadoop.mapred.JvmManager: JVM : jvm_201404121419_0001_m_724951413 exited with exit code 0. Number of tasks it ran: 1
2014-04-12 14:22:57,296 INFO org.apache.hadoop.mapred.TaskTracker: attempt_201404121419_0001_r_000000_0 0.30555558% reduce > copy (11 of 12 at 14.23 MB/s) > 
2014-04-12 14:22:57,297 INFO org.apache.hadoop.mapred.TaskTracker: attempt_201404121419_0001_r_000001_0 0.30555558% reduce > copy (11 of 12 at 14.65 MB/s) > 
2014-04-12 14:22:58,690 INFO org.mortbay.log: org.mortbay.io.nio.SelectorManager$SelectSet@773654b9 JVM BUG(s) - injecting delay12 times
2014-04-12 14:22:58,690 INFO org.mortbay.log: org.mortbay.io.nio.SelectorManager$SelectSet@773654b9 JVM BUG(s) - recreating selector 12 times, canceled keys 207 times
2014-04-12 14:22:58,766 INFO org.apache.hadoop.mapred.TaskTracker.clienttrace: src: 192.168.110.214:50061, dest: 192.168.110.214:52035, bytes: 25306417, op: MAPRED_SHUFFLE, cliID: attempt_201404121419_0001_m_000011_0, duration: 75197484
2014-04-12 14:22:59,029 INFO org.apache.hadoop.mapred.TaskTracker: attempt_201404121419_0001_r_000000_0 0.30555558% reduce > copy (11 of 12 at 14.23 MB/s) > 
2014-04-12 14:22:59,743 INFO org.apache.hadoop.mapred.TaskTracker.clienttrace: src: 192.168.110.214:50061, dest: 192.168.110.214:52036, bytes: 25955407, op: MAPRED_SHUFFLE, cliID: attempt_201404121419_0001_m_000011_0, duration: 1027090702
2014-04-12 14:22:59,896 INFO org.apache.hadoop.mapred.TaskTracker: attempt_201404121419_0001_r_000000_0 0.30555558% reduce > copy (11 of 12 at 14.23 MB/s) > 
2014-04-12 14:23:00,029 INFO org.apache.hadoop.mapred.TaskTracker: attempt_201404121419_0001_r_000001_0 0.30555558% reduce > copy (11 of 12 at 14.65 MB/s) > 
2014-04-12 14:23:01,339 INFO org.apache.hadoop.mapred.TaskTracker: attempt_201404121419_0001_r_000001_0 0.30555558% reduce > copy (11 of 12 at 14.65 MB/s) > 
2014-04-12 14:23:03,334 INFO org.apache.hadoop.mapred.TaskTracker: attempt_201404121419_0001_r_000000_0 0.66668606% reduce > reduce
2014-04-12 14:23:03,343 INFO org.apache.hadoop.mapred.TaskTracker: attempt_201404121419_0001_r_000001_0 0.66669047% reduce > reduce
2014-04-12 14:23:04,156 INFO org.apache.hadoop.mapred.TaskTracker: Task attempt_201404121419_0001_r_000000_0 is in commit-pending, task state:COMMIT_PENDING
2014-04-12 14:23:04,157 INFO org.apache.hadoop.mapred.TaskTracker: attempt_201404121419_0001_r_000000_0 0.66668606% reduce > reduce
2014-04-12 14:23:04,181 INFO org.apache.hadoop.mapred.TaskTracker: Task attempt_201404121419_0001_r_000001_0 is in commit-pending, task state:COMMIT_PENDING
2014-04-12 14:23:04,181 INFO org.apache.hadoop.mapred.TaskTracker: attempt_201404121419_0001_r_000001_0 0.66669047% reduce > reduce
2014-04-12 14:23:04,371 INFO org.apache.hadoop.mapred.TaskTracker: Received commit task action for attempt_201404121419_0001_r_000000_0
2014-04-12 14:23:04,371 INFO org.apache.hadoop.mapred.TaskTracker: Received commit task action for attempt_201404121419_0001_r_000001_0
2014-04-12 14:23:06,337 INFO org.apache.hadoop.mapred.TaskTracker: attempt_201404121419_0001_r_000000_0 0.66668606% reduce > reduce
2014-04-12 14:23:06,338 INFO org.apache.hadoop.mapred.TaskTracker: Task attempt_201404121419_0001_r_000000_0 is done.
2014-04-12 14:23:06,338 INFO org.apache.hadoop.mapred.TaskTracker: reported output size for attempt_201404121419_0001_r_000000_0  was -1
2014-04-12 14:23:06,339 INFO org.apache.hadoop.mapred.TaskTracker: addFreeSlot : current free slots : 1
2014-04-12 14:23:06,372 INFO org.apache.hadoop.mapred.TaskTracker: attempt_201404121419_0001_r_000001_0 0.66669047% reduce > reduce
2014-04-12 14:23:06,374 INFO org.apache.hadoop.mapred.TaskTracker: attempt_201404121419_0001_r_000001_0 0.66669047% reduce > reduce
2014-04-12 14:23:06,375 INFO org.apache.hadoop.mapred.TaskTracker: Task attempt_201404121419_0001_r_000001_0 is done.
2014-04-12 14:23:06,375 INFO org.apache.hadoop.mapred.TaskTracker: reported output size for attempt_201404121419_0001_r_000001_0  was -1
2014-04-12 14:23:06,375 INFO org.apache.hadoop.mapred.TaskTracker: addFreeSlot : current free slots : 2
2014-04-12 14:23:06,517 INFO org.apache.hadoop.mapred.JvmManager: JVM : jvm_201404121419_0001_r_1681710775 exited with exit code 0. Number of tasks it ran: 1
2014-04-12 14:23:06,564 INFO org.apache.hadoop.mapred.JvmManager: JVM : jvm_201404121419_0001_r_1266298220 exited with exit code 0. Number of tasks it ran: 1
2014-04-12 14:23:07,383 INFO org.apache.hadoop.mapred.TaskTracker: LaunchTaskAction (registerTask): attempt_201404121419_0001_m_000012_0 task's state:UNASSIGNED
2014-04-12 14:23:07,384 INFO org.apache.hadoop.mapred.TaskTracker: Trying to launch : attempt_201404121419_0001_m_000012_0 which needs 1 slots
2014-04-12 14:23:07,384 INFO org.apache.hadoop.mapred.TaskTracker: Received KillTaskAction for task: attempt_201404121419_0001_r_000000_0
2014-04-12 14:23:07,384 INFO org.apache.hadoop.mapred.TaskTracker: In TaskLauncher, current free slots : 11 and trying to launch attempt_201404121419_0001_m_000012_0 which needs 1 slots
2014-04-12 14:23:07,384 INFO org.apache.hadoop.mapred.TaskTracker: About to purge task: attempt_201404121419_0001_r_000000_0
2014-04-12 14:23:07,384 INFO org.apache.hadoop.mapred.TaskTracker: Received KillTaskAction for task: attempt_201404121419_0001_r_000001_0
2014-04-12 14:23:07,384 INFO org.apache.hadoop.mapred.TaskTracker: About to purge task: attempt_201404121419_0001_r_000001_0
2014-04-12 14:23:07,389 INFO org.apache.hadoop.mapred.JvmManager: In JvmRunner constructed JVM ID: jvm_201404121419_0001_m_319033836
2014-04-12 14:23:07,389 INFO org.apache.hadoop.mapred.JvmManager: JVM Runner jvm_201404121419_0001_m_319033836 spawned.
2014-04-12 14:23:07,391 INFO org.apache.hadoop.mapred.TaskController: Writing commands to /tmp/hadoop/hadoop-jmg3/mapred/local/ttprivate/taskTracker/jmg3/jobcache/job_201404121419_0001/attempt_201404121419_0001_m_000012_0/taskjvm.sh
2014-04-12 14:23:07,998 INFO org.apache.hadoop.mapred.TaskTracker: JVM with ID: jvm_201404121419_0001_m_319033836 given task: attempt_201404121419_0001_m_000012_0
2014-04-12 14:23:08,489 INFO org.apache.hadoop.mapred.TaskTracker: attempt_201404121419_0001_m_000012_0 0.0% 
2014-04-12 14:23:11,407 INFO org.apache.hadoop.mapred.TaskTracker: attempt_201404121419_0001_m_000012_0 0.0% cleanup
2014-04-12 14:23:11,408 INFO org.apache.hadoop.mapred.TaskTracker: Task attempt_201404121419_0001_m_000012_0 is done.
2014-04-12 14:23:11,409 INFO org.apache.hadoop.mapred.TaskTracker: reported output size for attempt_201404121419_0001_m_000012_0  was -1
2014-04-12 14:23:11,409 INFO org.apache.hadoop.mapred.TaskTracker: addFreeSlot : current free slots : 11
2014-04-12 14:23:11,562 INFO org.apache.hadoop.mapred.JvmManager: JVM : jvm_201404121419_0001_m_319033836 exited with exit code 0. Number of tasks it ran: 1
2014-04-12 14:23:13,424 INFO org.apache.hadoop.mapred.TaskTracker: Received 'KillJobAction' for job: job_201404121419_0001
2014-04-12 14:23:13,425 INFO org.apache.hadoop.mapred.IndexCache: Map ID attempt_201404121419_0001_m_000012_0 not found in cache
2014-04-12 14:23:13,426 INFO org.apache.hadoop.mapred.UserLogCleaner: Adding job_201404121419_0001 for user-log deletion with retainTimeStamp:1397416993426
