2014-04-12 15:41:27,799 INFO org.apache.hadoop.mapred.TaskTracker: STARTUP_MSG: 
/************************************************************
STARTUP_MSG: Starting TaskTracker
STARTUP_MSG:   host = gpu-014.davinci.rice.edu/192.168.110.214
STARTUP_MSG:   args = []
STARTUP_MSG:   version = 1.0.4-SNAPSHOT
STARTUP_MSG:   build =  -r ; compiled by 'jmg3' on Fri Apr 11 17:54:37 CDT 2014
************************************************************/
2014-04-12 15:41:27,969 INFO org.apache.hadoop.metrics2.impl.MetricsConfig: loaded properties from hadoop-metrics2.properties
2014-04-12 15:41:28,024 INFO org.apache.hadoop.metrics2.impl.MetricsSourceAdapter: MBean for source MetricsSystem,sub=Stats registered.
2014-04-12 15:41:28,025 INFO org.apache.hadoop.metrics2.impl.MetricsSystemImpl: Scheduled snapshot period at 10 second(s).
2014-04-12 15:41:28,025 INFO org.apache.hadoop.metrics2.impl.MetricsSystemImpl: TaskTracker metrics system started
2014-04-12 15:41:28,169 INFO org.apache.hadoop.metrics2.impl.MetricsSourceAdapter: MBean for source ugi registered.
2014-04-12 15:41:28,341 INFO org.mortbay.log: Logging to org.slf4j.impl.Log4jLoggerAdapter(org.mortbay.log) via org.mortbay.log.Slf4jLog
2014-04-12 15:41:28,392 INFO org.apache.hadoop.http.HttpServer: Added global filtersafety (class=org.apache.hadoop.http.HttpServer$QuotingInputFilter)
2014-04-12 15:41:28,413 INFO org.apache.hadoop.mapred.TaskLogsTruncater: Initializing logs' truncater with mapRetainSize=-1 and reduceRetainSize=-1
2014-04-12 15:41:28,417 INFO org.apache.hadoop.mapred.TaskTracker: Starting tasktracker with owner as jmg3
2014-04-12 15:41:28,418 INFO org.apache.hadoop.mapred.TaskTracker: Good mapred local directories are: /tmp/hadoop/hadoop-jmg3/mapred/local
2014-04-12 15:41:28,421 WARN org.apache.hadoop.util.NativeCodeLoader: Unable to load native-hadoop library for your platform... using builtin-java classes where applicable
2014-04-12 15:41:28,428 INFO org.apache.hadoop.metrics2.impl.MetricsSourceAdapter: MBean for source jvm registered.
2014-04-12 15:41:28,428 INFO org.apache.hadoop.metrics2.impl.MetricsSourceAdapter: MBean for source TaskTrackerMetrics registered.
2014-04-12 15:41:28,441 INFO org.apache.hadoop.ipc.Server: Starting SocketReader
2014-04-12 15:41:28,443 INFO org.apache.hadoop.metrics2.impl.MetricsSourceAdapter: MBean for source RpcDetailedActivityForPort60153 registered.
2014-04-12 15:41:28,444 INFO org.apache.hadoop.metrics2.impl.MetricsSourceAdapter: MBean for source RpcActivityForPort60153 registered.
2014-04-12 15:41:28,446 INFO org.apache.hadoop.ipc.Server: IPC Server Responder: starting
2014-04-12 15:41:28,446 INFO org.apache.hadoop.ipc.Server: IPC Server listener on 60153: starting
2014-04-12 15:41:28,447 INFO org.apache.hadoop.ipc.Server: IPC Server handler 0 on 60153: starting
2014-04-12 15:41:28,448 INFO org.apache.hadoop.ipc.Server: IPC Server handler 1 on 60153: starting
2014-04-12 15:41:28,449 INFO org.apache.hadoop.ipc.Server: IPC Server handler 2 on 60153: starting
2014-04-12 15:41:28,449 INFO org.apache.hadoop.ipc.Server: IPC Server handler 3 on 60153: starting
2014-04-12 15:41:28,450 INFO org.apache.hadoop.ipc.Server: IPC Server handler 4 on 60153: starting
2014-04-12 15:41:28,450 INFO org.apache.hadoop.ipc.Server: IPC Server handler 5 on 60153: starting
2014-04-12 15:41:28,451 INFO org.apache.hadoop.ipc.Server: IPC Server handler 6 on 60153: starting
2014-04-12 15:41:28,451 INFO org.apache.hadoop.ipc.Server: IPC Server handler 7 on 60153: starting
2014-04-12 15:41:28,452 INFO org.apache.hadoop.ipc.Server: IPC Server handler 8 on 60153: starting
2014-04-12 15:41:28,452 INFO org.apache.hadoop.ipc.Server: IPC Server handler 9 on 60153: starting
2014-04-12 15:41:28,453 INFO org.apache.hadoop.ipc.Server: IPC Server handler 10 on 60153: starting
2014-04-12 15:41:28,453 INFO org.apache.hadoop.ipc.Server: IPC Server handler 11 on 60153: starting
2014-04-12 15:41:28,454 INFO org.apache.hadoop.ipc.Server: IPC Server handler 12 on 60153: starting
2014-04-12 15:41:28,454 INFO org.apache.hadoop.ipc.Server: IPC Server handler 13 on 60153: starting
2014-04-12 15:41:28,455 INFO org.apache.hadoop.ipc.Server: IPC Server handler 14 on 60153: starting
2014-04-12 15:41:28,455 INFO org.apache.hadoop.ipc.Server: IPC Server handler 15 on 60153: starting
2014-04-12 15:41:28,456 INFO org.apache.hadoop.ipc.Server: IPC Server handler 16 on 60153: starting
2014-04-12 15:41:28,456 INFO org.apache.hadoop.ipc.Server: IPC Server handler 17 on 60153: starting
2014-04-12 15:41:28,456 INFO org.apache.hadoop.ipc.Server: IPC Server handler 18 on 60153: starting
2014-04-12 15:41:28,457 INFO org.apache.hadoop.ipc.Server: IPC Server handler 19 on 60153: starting
2014-04-12 15:41:28,457 INFO org.apache.hadoop.ipc.Server: IPC Server handler 20 on 60153: starting
2014-04-12 15:41:28,457 INFO org.apache.hadoop.mapred.TaskTracker: TaskTracker up at: localhost/127.0.0.1:60153
2014-04-12 15:41:28,457 INFO org.apache.hadoop.mapred.TaskTracker: Starting tracker tracker_gpu-014.davinci.rice.edu:localhost/127.0.0.1:60153
2014-04-12 15:41:28,458 INFO org.apache.hadoop.ipc.Server: IPC Server handler 21 on 60153: starting
2014-04-12 15:41:28,458 INFO org.apache.hadoop.ipc.Server: IPC Server handler 22 on 60153: starting
2014-04-12 15:41:28,458 INFO org.apache.hadoop.ipc.Server: IPC Server handler 23 on 60153: starting
2014-04-12 15:41:58,185 INFO org.apache.hadoop.mapred.TaskTracker: Starting thread: Map-events fetcher for all reduce tasks on tracker_gpu-014.davinci.rice.edu:localhost/127.0.0.1:60153
2014-04-12 15:41:58,195 INFO org.apache.hadoop.util.ProcessTree: setsid exited with exit code 0
2014-04-12 15:41:58,200 INFO org.apache.hadoop.mapred.TaskTracker:  Using ResourceCalculatorPlugin : org.apache.hadoop.util.LinuxResourceCalculatorPlugin@2018c0a1
2014-04-12 15:41:58,202 WARN org.apache.hadoop.mapred.TaskTracker: TaskTracker's totalMemoryAllottedForTasks is -1. TaskMemoryManager is disabled.
2014-04-12 15:41:58,205 INFO org.apache.hadoop.mapred.IndexCache: IndexCache created with max memory = 10485760
2014-04-12 15:41:59,774 INFO org.apache.hadoop.metrics2.impl.MetricsSourceAdapter: MBean for source ShuffleServerMetrics registered.
2014-04-12 15:41:59,777 INFO org.apache.hadoop.http.HttpServer: Port returned by webServer.getConnectors()[0].getLocalPort() before open() is -1. Opening the listener on 50061
2014-04-12 15:41:59,777 INFO org.apache.hadoop.http.HttpServer: listener.getLocalPort() returned 50061 webServer.getConnectors()[0].getLocalPort() returned 50061
2014-04-12 15:41:59,777 INFO org.apache.hadoop.http.HttpServer: Jetty bound to port 50061
2014-04-12 15:41:59,777 INFO org.mortbay.log: jetty-6.1.26
2014-04-12 15:42:00,049 INFO org.mortbay.log: Started SelectChannelConnector@0.0.0.0:50061
2014-04-12 15:42:00,061 INFO org.apache.hadoop.mapred.TaskTracker: FILE_CACHE_SIZE for mapOutputServlet set to : 2000
2014-04-12 15:42:51,347 INFO org.apache.hadoop.mapred.TaskTracker: LaunchTaskAction (registerTask): attempt_201404121541_0001_m_000013_0 task's state:UNASSIGNED
2014-04-12 15:42:51,350 INFO org.apache.hadoop.mapred.TaskTracker: Trying to launch : attempt_201404121541_0001_m_000013_0 which needs 1 slots
2014-04-12 15:42:51,351 INFO org.apache.hadoop.mapred.TaskTracker: In TaskLauncher, current free slots : 12 and trying to launch attempt_201404121541_0001_m_000013_0 which needs 1 slots
2014-04-12 15:42:51,499 INFO org.apache.hadoop.mapred.JobLocalizer: Initializing user jmg3 on this TT.
2014-04-12 15:42:51,630 INFO org.apache.hadoop.mapred.JvmManager: In JvmRunner constructed JVM ID: jvm_201404121541_0001_m_1060824310
2014-04-12 15:42:51,630 INFO org.apache.hadoop.mapred.JvmManager: JVM Runner jvm_201404121541_0001_m_1060824310 spawned.
2014-04-12 15:42:51,632 INFO org.apache.hadoop.mapred.TaskController: Writing commands to /tmp/hadoop/hadoop-jmg3/mapred/local/ttprivate/taskTracker/jmg3/jobcache/job_201404121541_0001/attempt_201404121541_0001_m_000013_0/taskjvm.sh
2014-04-12 15:42:52,279 INFO org.apache.hadoop.mapred.TaskTracker: JVM with ID: jvm_201404121541_0001_m_1060824310 given task: attempt_201404121541_0001_m_000013_0
2014-04-12 15:42:55,699 INFO org.apache.hadoop.mapred.TaskTracker: attempt_201404121541_0001_m_000013_0 0.0% setup
2014-04-12 15:42:55,702 INFO org.apache.hadoop.mapred.TaskTracker: Task attempt_201404121541_0001_m_000013_0 is done.
2014-04-12 15:42:55,702 INFO org.apache.hadoop.mapred.TaskTracker: reported output size for attempt_201404121541_0001_m_000013_0  was -1
2014-04-12 15:42:55,703 INFO org.apache.hadoop.mapred.TaskTracker: addFreeSlot : current free slots : 12
2014-04-12 15:42:55,848 INFO org.apache.hadoop.mapred.JvmManager: JVM : jvm_201404121541_0001_m_1060824310 exited with exit code 0. Number of tasks it ran: 1
2014-04-12 15:42:57,376 INFO org.apache.hadoop.mapred.TaskTracker: LaunchTaskAction (registerTask): attempt_201404121541_0001_m_000000_0 task's state:UNASSIGNED
2014-04-12 15:42:57,376 INFO org.apache.hadoop.mapred.TaskTracker: LaunchTaskAction (registerTask): attempt_201404121541_0001_m_000001_0 task's state:UNASSIGNED
2014-04-12 15:42:57,377 INFO org.apache.hadoop.mapred.TaskTracker: LaunchTaskAction (registerTask): attempt_201404121541_0001_m_000002_0 task's state:UNASSIGNED
2014-04-12 15:42:57,377 INFO org.apache.hadoop.mapred.TaskTracker: LaunchTaskAction (registerTask): attempt_201404121541_0001_m_000003_0 task's state:UNASSIGNED
2014-04-12 15:42:57,377 INFO org.apache.hadoop.mapred.TaskTracker: LaunchTaskAction (registerTask): attempt_201404121541_0001_m_000004_0 task's state:UNASSIGNED
2014-04-12 15:42:57,378 INFO org.apache.hadoop.mapred.TaskTracker: LaunchTaskAction (registerTask): attempt_201404121541_0001_m_000005_0 task's state:UNASSIGNED
2014-04-12 15:42:57,378 INFO org.apache.hadoop.mapred.TaskTracker: LaunchTaskAction (registerTask): attempt_201404121541_0001_m_000006_0 task's state:UNASSIGNED
2014-04-12 15:42:57,379 INFO org.apache.hadoop.mapred.TaskTracker: LaunchTaskAction (registerTask): attempt_201404121541_0001_m_000007_0 task's state:UNASSIGNED
2014-04-12 15:42:57,379 INFO org.apache.hadoop.mapred.TaskTracker: LaunchTaskAction (registerTask): attempt_201404121541_0001_m_000008_0 task's state:UNASSIGNED
2014-04-12 15:42:57,380 INFO org.apache.hadoop.mapred.TaskTracker: LaunchTaskAction (registerTask): attempt_201404121541_0001_m_000009_0 task's state:UNASSIGNED
2014-04-12 15:42:57,380 INFO org.apache.hadoop.mapred.TaskTracker: LaunchTaskAction (registerTask): attempt_201404121541_0001_m_000010_0 task's state:UNASSIGNED
2014-04-12 15:42:57,380 INFO org.apache.hadoop.mapred.TaskTracker: LaunchTaskAction (registerTask): attempt_201404121541_0001_m_000011_0 task's state:UNASSIGNED
2014-04-12 15:42:57,380 INFO org.apache.hadoop.mapred.TaskTracker: Trying to launch : attempt_201404121541_0001_m_000000_0 which needs 1 slots
2014-04-12 15:42:57,381 INFO org.apache.hadoop.mapred.TaskTracker: In TaskLauncher, current free slots : 12 and trying to launch attempt_201404121541_0001_m_000000_0 which needs 1 slots
2014-04-12 15:42:57,381 INFO org.apache.hadoop.mapred.TaskTracker: Received KillTaskAction for task: attempt_201404121541_0001_m_000013_0
2014-04-12 15:42:57,381 INFO org.apache.hadoop.mapred.TaskTracker: About to purge task: attempt_201404121541_0001_m_000013_0
2014-04-12 15:42:57,381 INFO org.apache.hadoop.mapred.TaskTracker: Trying to launch : attempt_201404121541_0001_m_000001_0 which needs 1 slots
2014-04-12 15:42:57,381 INFO org.apache.hadoop.mapred.TaskTracker: In TaskLauncher, current free slots : 11 and trying to launch attempt_201404121541_0001_m_000001_0 which needs 1 slots
2014-04-12 15:42:57,381 INFO org.apache.hadoop.mapred.IndexCache: Map ID attempt_201404121541_0001_m_000013_0 not found in cache
2014-04-12 15:42:57,381 INFO org.apache.hadoop.mapred.TaskTracker: Trying to launch : attempt_201404121541_0001_m_000002_0 which needs 1 slots
2014-04-12 15:42:57,382 INFO org.apache.hadoop.mapred.TaskTracker: In TaskLauncher, current free slots : 10 and trying to launch attempt_201404121541_0001_m_000002_0 which needs 1 slots
2014-04-12 15:42:57,383 INFO org.apache.hadoop.mapred.TaskTracker: Trying to launch : attempt_201404121541_0001_m_000003_0 which needs 1 slots
2014-04-12 15:42:57,384 INFO org.apache.hadoop.mapred.TaskTracker: In TaskLauncher, current free slots : 9 and trying to launch attempt_201404121541_0001_m_000003_0 which needs 1 slots
2014-04-12 15:42:57,385 INFO org.apache.hadoop.mapred.TaskTracker: Trying to launch : attempt_201404121541_0001_m_000004_0 which needs 1 slots
2014-04-12 15:42:57,385 INFO org.apache.hadoop.mapred.TaskTracker: In TaskLauncher, current free slots : 8 and trying to launch attempt_201404121541_0001_m_000004_0 which needs 1 slots
2014-04-12 15:42:57,387 INFO org.apache.hadoop.mapred.TaskTracker: Trying to launch : attempt_201404121541_0001_m_000005_0 which needs 1 slots
2014-04-12 15:42:57,388 INFO org.apache.hadoop.mapred.TaskTracker: In TaskLauncher, current free slots : 7 and trying to launch attempt_201404121541_0001_m_000005_0 which needs 1 slots
2014-04-12 15:42:57,390 INFO org.apache.hadoop.mapred.TaskTracker: Trying to launch : attempt_201404121541_0001_m_000006_0 which needs 1 slots
2014-04-12 15:42:57,390 INFO org.apache.hadoop.mapred.TaskTracker: In TaskLauncher, current free slots : 6 and trying to launch attempt_201404121541_0001_m_000006_0 which needs 1 slots
2014-04-12 15:42:57,391 INFO org.apache.hadoop.mapred.TaskTracker: Trying to launch : attempt_201404121541_0001_m_000007_0 which needs 1 slots
2014-04-12 15:42:57,391 INFO org.apache.hadoop.mapred.TaskTracker: In TaskLauncher, current free slots : 5 and trying to launch attempt_201404121541_0001_m_000007_0 which needs 1 slots
2014-04-12 15:42:57,392 INFO org.apache.hadoop.mapred.TaskTracker: Trying to launch : attempt_201404121541_0001_m_000008_0 which needs 1 slots
2014-04-12 15:42:57,392 INFO org.apache.hadoop.mapred.TaskTracker: In TaskLauncher, current free slots : 4 and trying to launch attempt_201404121541_0001_m_000008_0 which needs 1 slots
2014-04-12 15:42:57,392 INFO org.apache.hadoop.mapred.TaskTracker: Trying to launch : attempt_201404121541_0001_m_000009_0 which needs 1 slots
2014-04-12 15:42:57,392 INFO org.apache.hadoop.mapred.TaskTracker: In TaskLauncher, current free slots : 3 and trying to launch attempt_201404121541_0001_m_000009_0 which needs 1 slots
2014-04-12 15:42:57,393 INFO org.apache.hadoop.mapred.JvmManager: In JvmRunner constructed JVM ID: jvm_201404121541_0001_m_1793326529
2014-04-12 15:42:57,393 INFO org.apache.hadoop.mapred.TaskTracker: Trying to launch : attempt_201404121541_0001_m_000010_0 which needs 1 slots
2014-04-12 15:42:57,393 INFO org.apache.hadoop.mapred.TaskTracker: In TaskLauncher, current free slots : 2 and trying to launch attempt_201404121541_0001_m_000010_0 which needs 1 slots
2014-04-12 15:42:57,394 INFO org.apache.hadoop.mapred.JvmManager: JVM Runner jvm_201404121541_0001_m_1793326529 spawned.
2014-04-12 15:42:57,394 INFO org.apache.hadoop.mapred.TaskTracker: Trying to launch : attempt_201404121541_0001_m_000011_0 which needs 1 slots
2014-04-12 15:42:57,394 INFO org.apache.hadoop.mapred.TaskTracker: In TaskLauncher, current free slots : 1 and trying to launch attempt_201404121541_0001_m_000011_0 which needs 1 slots
2014-04-12 15:42:57,396 INFO org.apache.hadoop.mapred.JvmManager: In JvmRunner constructed JVM ID: jvm_201404121541_0001_m_133531327
2014-04-12 15:42:57,397 INFO org.apache.hadoop.mapred.TaskController: Writing commands to /tmp/hadoop/hadoop-jmg3/mapred/local/ttprivate/taskTracker/jmg3/jobcache/job_201404121541_0001/attempt_201404121541_0001_m_000000_0/taskjvm.sh
2014-04-12 15:42:57,398 INFO org.apache.hadoop.mapred.JvmManager: JVM Runner jvm_201404121541_0001_m_133531327 spawned.
2014-04-12 15:42:57,399 INFO org.apache.hadoop.mapred.JvmManager: In JvmRunner constructed JVM ID: jvm_201404121541_0001_m_362874233
2014-04-12 15:42:57,400 INFO org.apache.hadoop.mapred.JvmManager: JVM Runner jvm_201404121541_0001_m_362874233 spawned.
2014-04-12 15:42:57,401 INFO org.apache.hadoop.mapred.JvmManager: In JvmRunner constructed JVM ID: jvm_201404121541_0001_m_1682100987
2014-04-12 15:42:57,401 INFO org.apache.hadoop.mapred.TaskController: Writing commands to /tmp/hadoop/hadoop-jmg3/mapred/local/ttprivate/taskTracker/jmg3/jobcache/job_201404121541_0001/attempt_201404121541_0001_m_000001_0/taskjvm.sh
2014-04-12 15:42:57,402 INFO org.apache.hadoop.mapred.JvmManager: JVM Runner jvm_201404121541_0001_m_1682100987 spawned.
2014-04-12 15:42:57,402 INFO org.apache.hadoop.mapred.JvmManager: In JvmRunner constructed JVM ID: jvm_201404121541_0001_m_810443167
2014-04-12 15:42:57,403 INFO org.apache.hadoop.mapred.JvmManager: JVM Runner jvm_201404121541_0001_m_810443167 spawned.
2014-04-12 15:42:57,403 INFO org.apache.hadoop.mapred.JvmManager: In JvmRunner constructed JVM ID: jvm_201404121541_0001_m_795495281
2014-04-12 15:42:57,403 INFO org.apache.hadoop.mapred.TaskController: Writing commands to /tmp/hadoop/hadoop-jmg3/mapred/local/ttprivate/taskTracker/jmg3/jobcache/job_201404121541_0001/attempt_201404121541_0001_m_000002_0/taskjvm.sh
2014-04-12 15:42:57,404 INFO org.apache.hadoop.mapred.JvmManager: JVM Runner jvm_201404121541_0001_m_795495281 spawned.
2014-04-12 15:42:57,404 INFO org.apache.hadoop.mapred.TaskController: Writing commands to /tmp/hadoop/hadoop-jmg3/mapred/local/ttprivate/taskTracker/jmg3/jobcache/job_201404121541_0001/attempt_201404121541_0001_m_000004_0/taskjvm.sh
2014-04-12 15:42:57,404 INFO org.apache.hadoop.mapred.JvmManager: In JvmRunner constructed JVM ID: jvm_201404121541_0001_m_1751983697
2014-04-12 15:42:57,406 INFO org.apache.hadoop.mapred.JvmManager: JVM Runner jvm_201404121541_0001_m_1751983697 spawned.
2014-04-12 15:42:57,409 INFO org.apache.hadoop.mapred.JvmManager: In JvmRunner constructed JVM ID: jvm_201404121541_0001_m_624980723
2014-04-12 15:42:57,409 INFO org.apache.hadoop.mapred.TaskController: Writing commands to /tmp/hadoop/hadoop-jmg3/mapred/local/ttprivate/taskTracker/jmg3/jobcache/job_201404121541_0001/attempt_201404121541_0001_m_000003_0/taskjvm.sh
2014-04-12 15:42:57,409 INFO org.apache.hadoop.mapred.JvmManager: JVM Runner jvm_201404121541_0001_m_624980723 spawned.
2014-04-12 15:42:57,409 INFO org.apache.hadoop.mapred.JvmManager: In JvmRunner constructed JVM ID: jvm_201404121541_0001_m_610887176
2014-04-12 15:42:57,410 INFO org.apache.hadoop.mapred.JvmManager: JVM Runner jvm_201404121541_0001_m_610887176 spawned.
2014-04-12 15:42:57,410 INFO org.apache.hadoop.mapred.JvmManager: In JvmRunner constructed JVM ID: jvm_201404121541_0001_m_1077308115
2014-04-12 15:42:57,410 INFO org.apache.hadoop.mapred.TaskController: Writing commands to /tmp/hadoop/hadoop-jmg3/mapred/local/ttprivate/taskTracker/jmg3/jobcache/job_201404121541_0001/attempt_201404121541_0001_m_000006_0/taskjvm.sh
2014-04-12 15:42:57,410 INFO org.apache.hadoop.mapred.JvmManager: JVM Runner jvm_201404121541_0001_m_1077308115 spawned.
2014-04-12 15:42:57,411 INFO org.apache.hadoop.mapred.JvmManager: In JvmRunner constructed JVM ID: jvm_201404121541_0001_m_1128368552
2014-04-12 15:42:57,411 INFO org.apache.hadoop.mapred.JvmManager: JVM Runner jvm_201404121541_0001_m_1128368552 spawned.
2014-04-12 15:42:57,411 INFO org.apache.hadoop.mapred.TaskController: Writing commands to /tmp/hadoop/hadoop-jmg3/mapred/local/ttprivate/taskTracker/jmg3/jobcache/job_201404121541_0001/attempt_201404121541_0001_m_000005_0/taskjvm.sh
2014-04-12 15:42:57,412 INFO org.apache.hadoop.mapred.TaskController: Writing commands to /tmp/hadoop/hadoop-jmg3/mapred/local/ttprivate/taskTracker/jmg3/jobcache/job_201404121541_0001/attempt_201404121541_0001_m_000007_0/taskjvm.sh
2014-04-12 15:42:57,412 INFO org.apache.hadoop.mapred.TaskController: Writing commands to /tmp/hadoop/hadoop-jmg3/mapred/local/ttprivate/taskTracker/jmg3/jobcache/job_201404121541_0001/attempt_201404121541_0001_m_000010_0/taskjvm.sh
2014-04-12 15:42:57,412 INFO org.apache.hadoop.mapred.TaskController: Writing commands to /tmp/hadoop/hadoop-jmg3/mapred/local/ttprivate/taskTracker/jmg3/jobcache/job_201404121541_0001/attempt_201404121541_0001_m_000011_0/taskjvm.sh
2014-04-12 15:42:57,414 INFO org.apache.hadoop.mapred.JvmManager: In JvmRunner constructed JVM ID: jvm_201404121541_0001_m_1679122750
2014-04-12 15:42:57,415 INFO org.apache.hadoop.mapred.TaskController: Writing commands to /tmp/hadoop/hadoop-jmg3/mapred/local/ttprivate/taskTracker/jmg3/jobcache/job_201404121541_0001/attempt_201404121541_0001_m_000009_0/taskjvm.sh
2014-04-12 15:42:57,420 INFO org.apache.hadoop.mapred.JvmManager: JVM Runner jvm_201404121541_0001_m_1679122750 spawned.
2014-04-12 15:42:57,423 INFO org.apache.hadoop.mapred.TaskController: Writing commands to /tmp/hadoop/hadoop-jmg3/mapred/local/ttprivate/taskTracker/jmg3/jobcache/job_201404121541_0001/attempt_201404121541_0001_m_000008_0/taskjvm.sh
2014-04-12 15:42:58,355 INFO org.apache.hadoop.mapred.TaskTracker: JVM with ID: jvm_201404121541_0001_m_362874233 given task: attempt_201404121541_0001_m_000002_0
2014-04-12 15:42:58,408 INFO org.apache.hadoop.mapred.TaskTracker: JVM with ID: jvm_201404121541_0001_m_1793326529 given task: attempt_201404121541_0001_m_000000_0
2014-04-12 15:42:58,472 INFO org.apache.hadoop.mapred.TaskTracker: JVM with ID: jvm_201404121541_0001_m_133531327 given task: attempt_201404121541_0001_m_000001_0
2014-04-12 15:42:58,478 INFO org.apache.hadoop.mapred.TaskTracker: JVM with ID: jvm_201404121541_0001_m_610887176 given task: attempt_201404121541_0001_m_000007_0
2014-04-12 15:42:58,484 INFO org.apache.hadoop.mapred.TaskTracker: JVM with ID: jvm_201404121541_0001_m_624980723 given task: attempt_201404121541_0001_m_000010_0
2014-04-12 15:42:58,513 INFO org.apache.hadoop.mapred.TaskTracker: JVM with ID: jvm_201404121541_0001_m_1077308115 given task: attempt_201404121541_0001_m_000011_0
2014-04-12 15:42:58,518 INFO org.apache.hadoop.mapred.TaskTracker: JVM with ID: jvm_201404121541_0001_m_810443167 given task: attempt_201404121541_0001_m_000003_0
2014-04-12 15:42:58,520 INFO org.apache.hadoop.mapred.TaskTracker: JVM with ID: jvm_201404121541_0001_m_1679122750 given task: attempt_201404121541_0001_m_000008_0
2014-04-12 15:42:58,531 INFO org.apache.hadoop.mapred.TaskTracker: JVM with ID: jvm_201404121541_0001_m_795495281 given task: attempt_201404121541_0001_m_000006_0
2014-04-12 15:42:58,541 INFO org.apache.hadoop.mapred.TaskTracker: JVM with ID: jvm_201404121541_0001_m_1682100987 given task: attempt_201404121541_0001_m_000004_0
2014-04-12 15:42:58,616 INFO org.apache.hadoop.mapred.TaskTracker: JVM with ID: jvm_201404121541_0001_m_1128368552 given task: attempt_201404121541_0001_m_000009_0
2014-04-12 15:42:58,619 INFO org.apache.hadoop.mapred.TaskTracker: JVM with ID: jvm_201404121541_0001_m_1751983697 given task: attempt_201404121541_0001_m_000005_0
2014-04-12 15:43:05,698 INFO org.apache.hadoop.mapred.TaskTracker: attempt_201404121541_0001_m_000003_0 0.18894768% 
2014-04-12 15:43:05,825 INFO org.apache.hadoop.mapred.TaskTracker: attempt_201404121541_0001_m_000002_0 0.14416522% 
2014-04-12 15:43:05,847 INFO org.apache.hadoop.mapred.TaskTracker: attempt_201404121541_0001_m_000001_0 0.15717053% 
2014-04-12 15:43:05,960 INFO org.apache.hadoop.mapred.TaskTracker: attempt_201404121541_0001_m_000000_0 0.13614996% 
2014-04-12 15:43:06,065 INFO org.apache.hadoop.mapred.TaskTracker: attempt_201404121541_0001_m_000005_0 0.14182824% 
2014-04-12 15:43:08,929 INFO org.apache.hadoop.mapred.TaskTracker: attempt_201404121541_0001_m_000006_0 0.31771654% 
2014-04-12 15:43:09,029 INFO org.apache.hadoop.mapred.TaskTracker: attempt_201404121541_0001_m_000003_0 0.30863872% 
2014-04-12 15:43:09,057 INFO org.apache.hadoop.mapred.TaskTracker: attempt_201404121541_0001_m_000008_0 0.2084203% 
2014-04-12 15:43:09,131 INFO org.apache.hadoop.mapred.TaskTracker: attempt_201404121541_0001_m_000009_0 0.22482583% 
2014-04-12 15:43:09,191 INFO org.apache.hadoop.mapred.TaskTracker: attempt_201404121541_0001_m_000004_0 0.2510395% 
2014-04-12 15:43:09,205 INFO org.apache.hadoop.mapred.TaskTracker: attempt_201404121541_0001_m_000001_0 0.33598545% 
2014-04-12 15:43:09,222 INFO org.apache.hadoop.mapred.TaskTracker: attempt_201404121541_0001_m_000002_0 0.38347018% 
2014-04-12 15:43:09,224 INFO org.apache.hadoop.mapred.TaskTracker: attempt_201404121541_0001_m_000007_0 0.3115566% 
2014-04-12 15:43:09,252 INFO org.apache.hadoop.mapred.TaskTracker: attempt_201404121541_0001_m_000000_0 0.28017542% 
2014-04-12 15:43:09,380 INFO org.apache.hadoop.mapred.TaskTracker: attempt_201404121541_0001_m_000005_0 0.32298923% 
2014-04-12 15:43:09,540 INFO org.apache.hadoop.mapred.TaskTracker: attempt_201404121541_0001_m_000010_0 0.3292825% 
2014-04-12 15:43:09,552 INFO org.apache.hadoop.mapred.TaskTracker: attempt_201404121541_0001_m_000011_0 0.25209743% 
2014-04-12 15:43:12,382 INFO org.apache.hadoop.mapred.TaskTracker: attempt_201404121541_0001_m_000006_0 0.41895646% 
2014-04-12 15:43:12,520 INFO org.apache.hadoop.mapred.TaskTracker: attempt_201404121541_0001_m_000008_0 0.27520424% 
2014-04-12 15:43:12,595 INFO org.apache.hadoop.mapred.TaskTracker: attempt_201404121541_0001_m_000004_0 0.32860643% 
2014-04-12 15:43:12,595 INFO org.apache.hadoop.mapred.TaskTracker: attempt_201404121541_0001_m_000009_0 0.3295509% 
2014-04-12 15:43:12,648 INFO org.apache.hadoop.mapred.TaskTracker: attempt_201404121541_0001_m_000002_0 0.5022912% 
2014-04-12 15:43:12,825 INFO org.apache.hadoop.mapred.TaskTracker: attempt_201404121541_0001_m_000005_0 0.4349365% 
2014-04-12 15:43:12,875 INFO org.apache.hadoop.mapred.TaskTracker: attempt_201404121541_0001_m_000007_0 0.4082582% 
2014-04-12 15:43:12,917 INFO org.apache.hadoop.mapred.TaskTracker: attempt_201404121541_0001_m_000011_0 0.33992782% 
2014-04-12 15:43:12,940 INFO org.apache.hadoop.mapred.TaskTracker: attempt_201404121541_0001_m_000001_0 0.42768142% 
2014-04-12 15:43:13,109 INFO org.apache.hadoop.mapred.TaskTracker: attempt_201404121541_0001_m_000010_0 0.43511868% 
2014-04-12 15:43:13,271 INFO org.apache.hadoop.mapred.TaskTracker: attempt_201404121541_0001_m_000003_0 0.38394734% 
2014-04-12 15:43:14,072 INFO org.apache.hadoop.mapred.TaskTracker: attempt_201404121541_0001_m_000000_0 0.3840628% 
2014-04-12 15:43:15,996 INFO org.apache.hadoop.mapred.TaskTracker: attempt_201404121541_0001_m_000002_0 0.5940424% 
2014-04-12 15:43:15,998 INFO org.apache.hadoop.mapred.TaskTracker: attempt_201404121541_0001_m_000006_0 0.51319575% 
2014-04-12 15:43:16,038 INFO org.apache.hadoop.mapred.TaskTracker: attempt_201404121541_0001_m_000008_0 0.3722448% 
2014-04-12 15:43:16,130 INFO org.apache.hadoop.mapred.TaskTracker: attempt_201404121541_0001_m_000009_0 0.3877047% 
2014-04-12 15:43:16,173 INFO org.apache.hadoop.mapred.TaskTracker: attempt_201404121541_0001_m_000007_0 0.49136698% 
2014-04-12 15:43:16,271 INFO org.apache.hadoop.mapred.TaskTracker: attempt_201404121541_0001_m_000004_0 0.42021334% 
2014-04-12 15:43:16,294 INFO org.apache.hadoop.mapred.TaskTracker: attempt_201404121541_0001_m_000001_0 0.5098424% 
2014-04-12 15:43:16,408 INFO org.apache.hadoop.mapred.TaskTracker: attempt_201404121541_0001_m_000011_0 0.4274413% 
2014-04-12 15:43:16,638 INFO org.apache.hadoop.mapred.TaskTracker: attempt_201404121541_0001_m_000005_0 0.5334294% 
2014-04-12 15:43:16,709 INFO org.apache.hadoop.mapred.TaskTracker: attempt_201404121541_0001_m_000003_0 0.46966547% 
2014-04-12 15:43:17,390 INFO org.apache.hadoop.mapred.TaskTracker: attempt_201404121541_0001_m_000000_0 0.487032% 
2014-04-12 15:43:17,983 INFO org.apache.hadoop.mapred.TaskTracker: attempt_201404121541_0001_m_000010_0 0.53341943% 
2014-04-12 15:43:19,370 INFO org.apache.hadoop.mapred.TaskTracker: attempt_201404121541_0001_m_000006_0 0.57994545% 
2014-04-12 15:43:19,440 INFO org.apache.hadoop.mapred.TaskTracker: attempt_201404121541_0001_m_000002_0 0.66711503% 
2014-04-12 15:43:19,551 INFO org.apache.hadoop.mapred.TaskTracker: attempt_201404121541_0001_m_000008_0 0.44259438% 
2014-04-12 15:43:19,633 INFO org.apache.hadoop.mapred.TaskTracker: attempt_201404121541_0001_m_000007_0 0.5579739% 
2014-04-12 15:43:19,697 INFO org.apache.hadoop.mapred.TaskTracker: attempt_201404121541_0001_m_000001_0 0.5876676% 
2014-04-12 15:43:19,709 INFO org.apache.hadoop.mapred.TaskTracker: attempt_201404121541_0001_m_000009_0 0.44613355% 
2014-04-12 15:43:19,776 INFO org.apache.hadoop.mapred.TaskTracker: attempt_201404121541_0001_m_000004_0 0.49728432% 
2014-04-12 15:43:20,028 INFO org.apache.hadoop.mapred.TaskTracker: attempt_201404121541_0001_m_000005_0 0.61626077% 
2014-04-12 15:43:20,328 INFO org.apache.hadoop.mapred.TaskTracker: attempt_201404121541_0001_m_000011_0 0.5262911% 
2014-04-12 15:43:21,094 INFO org.apache.hadoop.mapred.TaskTracker: attempt_201404121541_0001_m_000000_0 0.55838305% 
2014-04-12 15:43:21,313 INFO org.apache.hadoop.mapred.TaskTracker: attempt_201404121541_0001_m_000010_0 0.5973949% 
2014-04-12 15:43:22,032 INFO org.apache.hadoop.mapred.TaskTracker: attempt_201404121541_0001_m_000003_0 0.5331423% 
2014-04-12 15:43:22,961 INFO org.apache.hadoop.mapred.TaskTracker: attempt_201404121541_0001_m_000001_0 0.67496794% 
2014-04-12 15:43:23,037 INFO org.apache.hadoop.mapred.TaskTracker: attempt_201404121541_0001_m_000007_0 0.64677715% 
2014-04-12 15:43:23,066 INFO org.apache.hadoop.mapred.TaskTracker: attempt_201404121541_0001_m_000006_0 0.6674237% 
2014-04-12 15:43:23,119 INFO org.apache.hadoop.mapred.TaskTracker: attempt_201404121541_0001_m_000004_0 0.5718074% 
2014-04-12 15:43:23,332 INFO org.apache.hadoop.mapred.TaskTracker: attempt_201404121541_0001_m_000005_0 0.69247204% 
2014-04-12 15:43:23,347 INFO org.apache.hadoop.mapred.TaskTracker: attempt_201404121541_0001_m_000002_0 0.77950406% 
2014-04-12 15:43:23,531 INFO org.apache.hadoop.mapred.TaskTracker: attempt_201404121541_0001_m_000009_0 0.52204096% 
2014-04-12 15:43:23,589 INFO org.apache.hadoop.mapred.TaskTracker: attempt_201404121541_0001_m_000011_0 0.6142202% 
2014-04-12 15:43:23,853 INFO org.apache.hadoop.mapred.TaskTracker: attempt_201404121541_0001_m_000008_0 0.53450054% 
2014-04-12 15:43:24,784 INFO org.apache.hadoop.mapred.TaskTracker: attempt_201404121541_0001_m_000010_0 0.6728832% 
2014-04-12 15:43:25,355 INFO org.apache.hadoop.mapred.TaskTracker: attempt_201404121541_0001_m_000003_0 0.61419046% 
2014-04-12 15:43:25,849 INFO org.apache.hadoop.mapred.TaskTracker: attempt_201404121541_0001_m_000000_0 0.6642852% 
2014-04-12 15:43:26,412 INFO org.apache.hadoop.mapred.TaskTracker: attempt_201404121541_0001_m_000007_0 0.7485466% 
2014-04-12 15:43:26,506 INFO org.apache.hadoop.mapred.TaskTracker: attempt_201404121541_0001_m_000004_0 0.67825514% 
2014-04-12 15:43:26,702 INFO org.apache.hadoop.mapred.TaskTracker: attempt_201404121541_0001_m_000005_0 0.78934145% 
2014-04-12 15:43:26,794 INFO org.apache.hadoop.mapred.TaskTracker: attempt_201404121541_0001_m_000002_0 0.8762199% 
2014-04-12 15:43:26,839 INFO org.apache.hadoop.mapred.TaskTracker: attempt_201404121541_0001_m_000009_0 0.62285036% 
2014-04-12 15:43:26,950 INFO org.apache.hadoop.mapred.TaskTracker: attempt_201404121541_0001_m_000011_0 0.6938271% 
2014-04-12 15:43:27,184 INFO org.apache.hadoop.mapred.TaskTracker: attempt_201404121541_0001_m_000008_0 0.6282488% 
2014-04-12 15:43:27,233 INFO org.apache.hadoop.mapred.TaskTracker: attempt_201404121541_0001_m_000001_0 0.77593327% 
2014-04-12 15:43:27,408 INFO org.apache.hadoop.mapred.TaskTracker: attempt_201404121541_0001_m_000006_0 0.7816611% 
2014-04-12 15:43:28,771 INFO org.apache.hadoop.mapred.TaskTracker: attempt_201404121541_0001_m_000003_0 0.6996778% 
2014-04-12 15:43:29,010 INFO org.apache.hadoop.mapred.TaskTracker: attempt_201404121541_0001_m_000010_0 0.7736189% 
2014-04-12 15:43:29,731 INFO org.apache.hadoop.mapred.TaskTracker: attempt_201404121541_0001_m_000007_0 0.83287114% 
2014-04-12 15:43:29,841 INFO org.apache.hadoop.mapred.TaskTracker: attempt_201404121541_0001_m_000004_0 0.7815292% 
2014-04-12 15:43:29,939 INFO org.apache.hadoop.mapred.TaskTracker: attempt_201404121541_0001_m_000000_0 0.7765242% 
2014-04-12 15:43:30,112 INFO org.apache.hadoop.mapred.TaskTracker: attempt_201404121541_0001_m_000005_0 0.88791174% 
2014-04-12 15:43:30,163 INFO org.apache.hadoop.mapred.TaskTracker: attempt_201404121541_0001_m_000009_0 0.71222025% 
2014-04-12 15:43:30,195 INFO org.apache.hadoop.mapred.TaskTracker: attempt_201404121541_0001_m_000002_0 0.9584659% 
2014-04-12 15:43:30,294 INFO org.apache.hadoop.mapred.TaskTracker: attempt_201404121541_0001_m_000011_0 0.7877295% 
2014-04-12 15:43:30,501 INFO org.apache.hadoop.mapred.TaskTracker: attempt_201404121541_0001_m_000008_0 0.7335512% 
2014-04-12 15:43:30,544 INFO org.apache.hadoop.mapred.TaskTracker: attempt_201404121541_0001_m_000001_0 0.8714655% 
2014-04-12 15:43:30,774 INFO org.apache.hadoop.mapred.TaskTracker: attempt_201404121541_0001_m_000006_0 0.87553024% 
2014-04-12 15:43:32,052 INFO org.apache.hadoop.mapred.TaskTracker: attempt_201404121541_0001_m_000003_0 0.79340804% 
2014-04-12 15:43:32,348 INFO org.apache.hadoop.mapred.TaskTracker: attempt_201404121541_0001_m_000010_0 0.87203765% 
2014-04-12 15:43:33,126 INFO org.apache.hadoop.mapred.TaskTracker: attempt_201404121541_0001_m_000007_0 0.9173519% 
2014-04-12 15:43:33,245 INFO org.apache.hadoop.mapred.TaskTracker: attempt_201404121541_0001_m_000000_0 0.8824114% 
2014-04-12 15:43:33,348 INFO org.apache.hadoop.mapred.TaskTracker: attempt_201404121541_0001_m_000004_0 0.8831334% 
2014-04-12 15:43:33,368 INFO org.apache.hadoop.mapred.TaskTracker: attempt_201404121541_0001_m_000005_0 0.96275413% 
2014-04-12 15:43:33,483 INFO org.apache.hadoop.mapred.TaskTracker: attempt_201404121541_0001_m_000009_0 0.80269265% 
2014-04-12 15:43:33,506 INFO org.apache.hadoop.mapred.TaskTracker: attempt_201404121541_0001_m_000002_0 1.0% 
2014-04-12 15:43:33,626 INFO org.apache.hadoop.mapred.TaskTracker: attempt_201404121541_0001_m_000011_0 0.8767354% 
2014-04-12 15:43:33,868 INFO org.apache.hadoop.mapred.TaskTracker: attempt_201404121541_0001_m_000008_0 0.822637% 
2014-04-12 15:43:33,902 INFO org.apache.hadoop.mapred.TaskTracker: attempt_201404121541_0001_m_000001_0 0.9611978% 
2014-04-12 15:43:34,116 INFO org.apache.hadoop.mapred.TaskTracker: attempt_201404121541_0001_m_000006_0 0.9565487% 
2014-04-12 15:43:35,326 INFO org.apache.hadoop.mapred.TaskTracker: attempt_201404121541_0001_m_000003_0 0.89807266% 
2014-04-12 15:43:35,583 INFO org.apache.hadoop.mapred.TaskTracker: attempt_201404121541_0001_m_000010_0 0.9674223% 
2014-04-12 15:43:36,313 INFO org.apache.hadoop.mapred.TaskTracker: attempt_201404121541_0001_m_000007_0 1.0% 
2014-04-12 15:43:36,489 INFO org.apache.hadoop.mapred.TaskTracker: attempt_201404121541_0001_m_000000_0 1.0% 
2014-04-12 15:43:36,517 INFO org.apache.hadoop.mapred.TaskTracker: attempt_201404121541_0001_m_000005_0 1.0% 
2014-04-12 15:43:36,587 INFO org.apache.hadoop.mapred.TaskTracker: attempt_201404121541_0001_m_000004_0 0.9826104% 
2014-04-12 15:43:36,720 INFO org.apache.hadoop.mapred.TaskTracker: attempt_201404121541_0001_m_000002_0 1.0% 
2014-04-12 15:43:36,916 INFO org.apache.hadoop.mapred.TaskTracker: attempt_201404121541_0001_m_000011_0 0.9590152% 
2014-04-12 15:43:37,148 INFO org.apache.hadoop.mapred.TaskTracker: attempt_201404121541_0001_m_000008_0 0.93107647% 
2014-04-12 15:43:37,162 INFO org.apache.hadoop.mapred.TaskTracker: attempt_201404121541_0001_m_000001_0 1.0% 
2014-04-12 15:43:37,267 INFO org.apache.hadoop.mapred.TaskTracker: attempt_201404121541_0001_m_000009_0 0.90469736% 
2014-04-12 15:43:37,518 INFO org.apache.hadoop.mapred.TaskTracker: attempt_201404121541_0001_m_000006_0 1.0% 
2014-04-12 15:43:38,494 INFO org.apache.hadoop.mapred.TaskTracker: attempt_201404121541_0001_m_000003_0 1.0% 
2014-04-12 15:43:38,747 INFO org.apache.hadoop.mapred.TaskTracker: attempt_201404121541_0001_m_000010_0 1.0% 
2014-04-12 15:43:39,504 INFO org.apache.hadoop.mapred.TaskTracker: attempt_201404121541_0001_m_000007_0 1.0% 
2014-04-12 15:43:39,661 INFO org.apache.hadoop.mapred.TaskTracker: attempt_201404121541_0001_m_000005_0 1.0% 
2014-04-12 15:43:39,698 INFO org.apache.hadoop.mapred.TaskTracker: attempt_201404121541_0001_m_000000_0 1.0% 
2014-04-12 15:43:39,783 INFO org.apache.hadoop.mapred.TaskTracker: attempt_201404121541_0001_m_000004_0 1.0% 
2014-04-12 15:43:39,890 INFO org.apache.hadoop.mapred.TaskTracker: attempt_201404121541_0001_m_000002_0 1.0% 
2014-04-12 15:43:40,163 INFO org.apache.hadoop.mapred.TaskTracker: attempt_201404121541_0001_m_000011_0 1.0% 
2014-04-12 15:43:40,359 INFO org.apache.hadoop.mapred.TaskTracker: attempt_201404121541_0001_m_000001_0 1.0% 
2014-04-12 15:43:40,359 INFO org.apache.hadoop.mapred.TaskTracker: attempt_201404121541_0001_m_000008_0 1.0% 
2014-04-12 15:43:40,457 INFO org.apache.hadoop.mapred.TaskTracker: attempt_201404121541_0001_m_000009_0 1.0% 
2014-04-12 15:43:40,678 INFO org.apache.hadoop.mapred.TaskTracker: attempt_201404121541_0001_m_000006_0 1.0% 
2014-04-12 15:43:41,638 INFO org.apache.hadoop.mapred.TaskTracker: attempt_201404121541_0001_m_000003_0 1.0% 
2014-04-12 15:43:41,874 INFO org.apache.hadoop.mapred.TaskTracker: attempt_201404121541_0001_m_000010_0 1.0% 
2014-04-12 15:43:42,656 INFO org.apache.hadoop.mapred.TaskTracker: attempt_201404121541_0001_m_000007_0 1.0% 
2014-04-12 15:43:42,750 INFO org.apache.hadoop.mapred.TaskTracker: attempt_201404121541_0001_m_000005_0 1.0% 
2014-04-12 15:43:42,790 INFO org.apache.hadoop.mapred.TaskTracker: attempt_201404121541_0001_m_000000_0 1.0% 
2014-04-12 15:43:42,856 INFO org.apache.hadoop.mapred.TaskTracker: attempt_201404121541_0001_m_000004_0 1.0% 
2014-04-12 15:43:43,014 INFO org.apache.hadoop.mapred.TaskTracker: attempt_201404121541_0001_m_000002_0 1.0% 
2014-04-12 15:43:43,211 INFO org.apache.hadoop.mapred.TaskTracker: attempt_201404121541_0001_m_000011_0 1.0% 
2014-04-12 15:43:43,421 INFO org.apache.hadoop.mapred.TaskTracker: attempt_201404121541_0001_m_000001_0 1.0% 
2014-04-12 15:43:43,449 INFO org.apache.hadoop.mapred.TaskTracker: attempt_201404121541_0001_m_000008_0 1.0% 
2014-04-12 15:43:43,570 INFO org.apache.hadoop.mapred.TaskTracker: attempt_201404121541_0001_m_000009_0 1.0% 
2014-04-12 15:43:43,804 INFO org.apache.hadoop.mapred.TaskTracker: attempt_201404121541_0001_m_000006_0 1.0% 
2014-04-12 15:43:44,687 INFO org.apache.hadoop.mapred.TaskTracker: attempt_201404121541_0001_m_000003_0 1.0% 
2014-04-12 15:43:44,974 INFO org.apache.hadoop.mapred.TaskTracker: attempt_201404121541_0001_m_000010_0 1.0% 
2014-04-12 15:43:45,745 INFO org.apache.hadoop.mapred.TaskTracker: attempt_201404121541_0001_m_000007_0 1.0% 
2014-04-12 15:43:45,834 INFO org.apache.hadoop.mapred.TaskTracker: attempt_201404121541_0001_m_000005_0 1.0% 
2014-04-12 15:43:45,858 INFO org.apache.hadoop.mapred.TaskTracker: attempt_201404121541_0001_m_000000_0 1.0% 
2014-04-12 15:43:45,928 INFO org.apache.hadoop.mapred.TaskTracker: attempt_201404121541_0001_m_000004_0 1.0% 
2014-04-12 15:43:46,073 INFO org.apache.hadoop.mapred.TaskTracker: attempt_201404121541_0001_m_000002_0 1.0% 
2014-04-12 15:43:46,338 INFO org.apache.hadoop.mapred.TaskTracker: attempt_201404121541_0001_m_000011_0 1.0% 
2014-04-12 15:43:46,479 INFO org.apache.hadoop.mapred.TaskTracker: attempt_201404121541_0001_m_000001_0 1.0% 
2014-04-12 15:43:46,527 INFO org.apache.hadoop.mapred.TaskTracker: attempt_201404121541_0001_m_000008_0 1.0% 
2014-04-12 15:43:46,697 INFO org.apache.hadoop.mapred.TaskTracker: attempt_201404121541_0001_m_000009_0 1.0% 
2014-04-12 15:43:46,871 INFO org.apache.hadoop.mapred.TaskTracker: attempt_201404121541_0001_m_000006_0 1.0% 
2014-04-12 15:43:47,783 INFO org.apache.hadoop.mapred.TaskTracker: attempt_201404121541_0001_m_000003_0 1.0% 
2014-04-12 15:43:48,034 INFO org.apache.hadoop.mapred.TaskTracker: attempt_201404121541_0001_m_000010_0 1.0% 
2014-04-12 15:43:48,824 INFO org.apache.hadoop.mapred.TaskTracker: attempt_201404121541_0001_m_000007_0 1.0% 
2014-04-12 15:43:48,882 INFO org.apache.hadoop.mapred.TaskTracker: attempt_201404121541_0001_m_000005_0 1.0% 
2014-04-12 15:43:48,947 INFO org.apache.hadoop.mapred.TaskTracker: attempt_201404121541_0001_m_000000_0 1.0% 
2014-04-12 15:43:48,973 INFO org.apache.hadoop.mapred.TaskTracker: attempt_201404121541_0001_m_000004_0 1.0% 
2014-04-12 15:43:49,173 INFO org.apache.hadoop.mapred.TaskTracker: attempt_201404121541_0001_m_000002_0 1.0% 
2014-04-12 15:43:49,417 INFO org.apache.hadoop.mapred.TaskTracker: attempt_201404121541_0001_m_000011_0 1.0% 
2014-04-12 15:43:49,587 INFO org.apache.hadoop.mapred.TaskTracker: attempt_201404121541_0001_m_000001_0 1.0% 
2014-04-12 15:43:49,607 INFO org.apache.hadoop.mapred.TaskTracker: attempt_201404121541_0001_m_000008_0 1.0% 
2014-04-12 15:43:49,815 INFO org.apache.hadoop.mapred.TaskTracker: attempt_201404121541_0001_m_000009_0 1.0% 
2014-04-12 15:43:49,924 INFO org.apache.hadoop.mapred.TaskTracker: attempt_201404121541_0001_m_000006_0 1.0% 
2014-04-12 15:43:50,849 INFO org.apache.hadoop.mapred.TaskTracker: attempt_201404121541_0001_m_000003_0 1.0% 
2014-04-12 15:43:51,856 INFO org.apache.hadoop.mapred.TaskTracker: attempt_201404121541_0001_m_000010_0 1.0% 
2014-04-12 15:43:51,857 INFO org.apache.hadoop.mapred.TaskTracker: attempt_201404121541_0001_m_000007_0 1.0% 
2014-04-12 15:43:51,858 INFO org.apache.hadoop.mapred.TaskTracker: attempt_201404121541_0001_m_000010_0 1.0% 
2014-04-12 15:43:51,859 INFO org.apache.hadoop.mapred.TaskTracker: attempt_201404121541_0001_m_000007_0 1.0% 
2014-04-12 15:43:51,859 INFO org.apache.hadoop.mapred.TaskTracker: Task attempt_201404121541_0001_m_000010_0 is done.
2014-04-12 15:43:51,859 INFO org.apache.hadoop.mapred.TaskTracker: reported output size for attempt_201404121541_0001_m_000010_0  was 52583539
2014-04-12 15:43:51,860 INFO org.apache.hadoop.mapred.TaskTracker: addFreeSlot : current free slots : 1
2014-04-12 15:43:51,860 INFO org.apache.hadoop.mapred.TaskTracker: Task attempt_201404121541_0001_m_000007_0 is done.
2014-04-12 15:43:51,860 INFO org.apache.hadoop.mapred.TaskTracker: reported output size for attempt_201404121541_0001_m_000007_0  was 52806609
2014-04-12 15:43:51,861 INFO org.apache.hadoop.mapred.TaskTracker: addFreeSlot : current free slots : 2
2014-04-12 15:43:51,922 INFO org.apache.hadoop.mapred.TaskTracker: attempt_201404121541_0001_m_000005_0 1.0% 
2014-04-12 15:43:51,924 INFO org.apache.hadoop.mapred.TaskTracker: attempt_201404121541_0001_m_000005_0 1.0% 
2014-04-12 15:43:51,924 INFO org.apache.hadoop.mapred.TaskTracker: Task attempt_201404121541_0001_m_000005_0 is done.
2014-04-12 15:43:51,925 INFO org.apache.hadoop.mapred.TaskTracker: reported output size for attempt_201404121541_0001_m_000005_0  was 52663942
2014-04-12 15:43:51,925 INFO org.apache.hadoop.mapred.TaskTracker: addFreeSlot : current free slots : 3
2014-04-12 15:43:51,978 INFO org.apache.hadoop.mapred.TaskTracker: attempt_201404121541_0001_m_000000_0 1.0% 
2014-04-12 15:43:51,980 INFO org.apache.hadoop.mapred.TaskTracker: attempt_201404121541_0001_m_000000_0 1.0% 
2014-04-12 15:43:51,981 INFO org.apache.hadoop.mapred.TaskTracker: Task attempt_201404121541_0001_m_000000_0 is done.
2014-04-12 15:43:51,981 INFO org.apache.hadoop.mapred.TaskTracker: reported output size for attempt_201404121541_0001_m_000000_0  was 52438071
2014-04-12 15:43:51,982 INFO org.apache.hadoop.mapred.TaskTracker: addFreeSlot : current free slots : 4
2014-04-12 15:43:52,016 INFO org.apache.hadoop.mapred.TaskTracker: attempt_201404121541_0001_m_000004_0 1.0% 
2014-04-12 15:43:52,018 INFO org.apache.hadoop.mapred.TaskTracker: attempt_201404121541_0001_m_000004_0 1.0% 
2014-04-12 15:43:52,019 INFO org.apache.hadoop.mapred.TaskTracker: Task attempt_201404121541_0001_m_000004_0 is done.
2014-04-12 15:43:52,019 INFO org.apache.hadoop.mapred.TaskTracker: reported output size for attempt_201404121541_0001_m_000004_0  was 51862702
2014-04-12 15:43:52,019 INFO org.apache.hadoop.mapred.TaskTracker: addFreeSlot : current free slots : 5
2014-04-12 15:43:52,204 INFO org.apache.hadoop.mapred.TaskTracker: attempt_201404121541_0001_m_000002_0 1.0% 
2014-04-12 15:43:52,449 INFO org.apache.hadoop.mapred.TaskTracker: attempt_201404121541_0001_m_000011_0 1.0% 
2014-04-12 15:43:52,451 INFO org.apache.hadoop.mapred.TaskTracker: attempt_201404121541_0001_m_000011_0 1.0% 
2014-04-12 15:43:52,452 INFO org.apache.hadoop.mapred.TaskTracker: Task attempt_201404121541_0001_m_000011_0 is done.
2014-04-12 15:43:52,452 INFO org.apache.hadoop.mapred.TaskTracker: reported output size for attempt_201404121541_0001_m_000011_0  was 51261824
2014-04-12 15:43:52,453 INFO org.apache.hadoop.mapred.TaskTracker: addFreeSlot : current free slots : 6
2014-04-12 15:43:52,617 INFO org.apache.hadoop.mapred.TaskTracker: attempt_201404121541_0001_m_000001_0 1.0% 
2014-04-12 15:43:52,637 INFO org.apache.hadoop.mapred.TaskTracker: attempt_201404121541_0001_m_000008_0 1.0% 
2014-04-12 15:43:52,639 INFO org.apache.hadoop.mapred.TaskTracker: attempt_201404121541_0001_m_000008_0 1.0% 
2014-04-12 15:43:52,640 INFO org.apache.hadoop.mapred.TaskTracker: Task attempt_201404121541_0001_m_000008_0 is done.
2014-04-12 15:43:52,641 INFO org.apache.hadoop.mapred.TaskTracker: reported output size for attempt_201404121541_0001_m_000008_0  was 52385998
2014-04-12 15:43:52,641 INFO org.apache.hadoop.mapred.TaskTracker: addFreeSlot : current free slots : 7
2014-04-12 15:43:52,847 INFO org.apache.hadoop.mapred.TaskTracker: attempt_201404121541_0001_m_000009_0 1.0% 
2014-04-12 15:43:52,850 INFO org.apache.hadoop.mapred.TaskTracker: attempt_201404121541_0001_m_000009_0 1.0% 
2014-04-12 15:43:52,851 INFO org.apache.hadoop.mapred.TaskTracker: Task attempt_201404121541_0001_m_000009_0 is done.
2014-04-12 15:43:52,851 INFO org.apache.hadoop.mapred.TaskTracker: reported output size for attempt_201404121541_0001_m_000009_0  was 52197794
2014-04-12 15:43:52,851 INFO org.apache.hadoop.mapred.TaskTracker: addFreeSlot : current free slots : 8
2014-04-12 15:43:52,927 INFO org.apache.hadoop.mapred.TaskTracker: attempt_201404121541_0001_m_000006_0 1.0% 
2014-04-12 15:43:52,928 INFO org.apache.hadoop.mapred.TaskTracker: Task attempt_201404121541_0001_m_000006_0 is done.
2014-04-12 15:43:52,928 INFO org.apache.hadoop.mapred.TaskTracker: reported output size for attempt_201404121541_0001_m_000006_0  was 51685554
2014-04-12 15:43:52,928 INFO org.apache.hadoop.mapred.TaskTracker: addFreeSlot : current free slots : 9
2014-04-12 15:43:53,878 INFO org.apache.hadoop.mapred.TaskTracker: attempt_201404121541_0001_m_000003_0 1.0% 
2014-04-12 15:43:54,080 INFO org.apache.hadoop.mapred.TaskTracker: attempt_201404121541_0001_m_000003_0 1.0% 
2014-04-12 15:43:54,081 INFO org.apache.hadoop.mapred.TaskTracker: Task attempt_201404121541_0001_m_000003_0 is done.
2014-04-12 15:43:54,081 INFO org.apache.hadoop.mapred.TaskTracker: reported output size for attempt_201404121541_0001_m_000003_0  was 52854794
2014-04-12 15:43:54,081 INFO org.apache.hadoop.mapred.TaskTracker: addFreeSlot : current free slots : 10
2014-04-12 15:43:54,354 INFO org.apache.hadoop.mapred.JvmManager: JVM : jvm_201404121541_0001_m_624980723 exited with exit code 0. Number of tasks it ran: 1
2014-04-12 15:43:54,563 INFO org.apache.hadoop.mapred.JvmManager: JVM : jvm_201404121541_0001_m_1793326529 exited with exit code 0. Number of tasks it ran: 1
2014-04-12 15:43:54,565 INFO org.apache.hadoop.mapred.JvmManager: JVM : jvm_201404121541_0001_m_1679122750 exited with exit code 0. Number of tasks it ran: 1
2014-04-12 15:43:54,565 INFO org.apache.hadoop.mapred.JvmManager: JVM : jvm_201404121541_0001_m_1128368552 exited with exit code 0. Number of tasks it ran: 1
2014-04-12 15:43:54,566 INFO org.apache.hadoop.mapred.JvmManager: JVM : jvm_201404121541_0001_m_1682100987 exited with exit code 0. Number of tasks it ran: 1
2014-04-12 15:43:54,566 INFO org.apache.hadoop.mapred.JvmManager: JVM : jvm_201404121541_0001_m_1077308115 exited with exit code 0. Number of tasks it ran: 1
2014-04-12 15:43:54,566 INFO org.apache.hadoop.mapred.JvmManager: JVM : jvm_201404121541_0001_m_795495281 exited with exit code 0. Number of tasks it ran: 1
2014-04-12 15:43:54,566 INFO org.apache.hadoop.mapred.JvmManager: JVM : jvm_201404121541_0001_m_610887176 exited with exit code 0. Number of tasks it ran: 1
2014-04-12 15:43:54,566 INFO org.apache.hadoop.mapred.JvmManager: JVM : jvm_201404121541_0001_m_1751983697 exited with exit code 0. Number of tasks it ran: 1
2014-04-12 15:43:54,831 INFO org.apache.hadoop.mapred.JvmManager: JVM : jvm_201404121541_0001_m_810443167 exited with exit code 0. Number of tasks it ran: 1
2014-04-12 15:43:54,884 INFO org.apache.hadoop.mapred.TaskTracker: LaunchTaskAction (registerTask): attempt_201404121541_0001_r_000000_0 task's state:UNASSIGNED
2014-04-12 15:43:54,885 INFO org.apache.hadoop.mapred.TaskTracker: Trying to launch : attempt_201404121541_0001_r_000000_0 which needs 1 slots
2014-04-12 15:43:54,885 INFO org.apache.hadoop.mapred.TaskTracker: In TaskLauncher, current free slots : 2 and trying to launch attempt_201404121541_0001_r_000000_0 which needs 1 slots
2014-04-12 15:43:54,895 INFO org.apache.hadoop.mapred.JvmManager: In JvmRunner constructed JVM ID: jvm_201404121541_0001_r_1060824310
2014-04-12 15:43:54,896 INFO org.apache.hadoop.mapred.JvmManager: JVM Runner jvm_201404121541_0001_r_1060824310 spawned.
2014-04-12 15:43:54,897 INFO org.apache.hadoop.mapred.TaskController: Writing commands to /tmp/hadoop/hadoop-jmg3/mapred/local/ttprivate/taskTracker/jmg3/jobcache/job_201404121541_0001/attempt_201404121541_0001_r_000000_0/taskjvm.sh
2014-04-12 15:43:55,208 INFO org.apache.hadoop.mapred.TaskTracker: attempt_201404121541_0001_m_000002_0 1.0% 
2014-04-12 15:43:55,209 INFO org.apache.hadoop.mapred.TaskTracker: Task attempt_201404121541_0001_m_000002_0 is done.
2014-04-12 15:43:55,209 INFO org.apache.hadoop.mapred.TaskTracker: reported output size for attempt_201404121541_0001_m_000002_0  was 52183187
2014-04-12 15:43:55,209 INFO org.apache.hadoop.mapred.TaskTracker: addFreeSlot : current free slots : 11
2014-04-12 15:43:55,530 INFO org.apache.hadoop.mapred.TaskTracker: JVM with ID: jvm_201404121541_0001_r_1060824310 given task: attempt_201404121541_0001_r_000000_0
2014-04-12 15:43:55,644 INFO org.apache.hadoop.mapred.TaskTracker: attempt_201404121541_0001_m_000001_0 1.0% 
2014-04-12 15:43:55,647 INFO org.apache.hadoop.mapred.TaskTracker: attempt_201404121541_0001_m_000001_0 1.0% 
2014-04-12 15:43:55,648 INFO org.apache.hadoop.mapred.TaskTracker: Task attempt_201404121541_0001_m_000001_0 is done.
2014-04-12 15:43:55,648 INFO org.apache.hadoop.mapred.TaskTracker: reported output size for attempt_201404121541_0001_m_000001_0  was 51879895
2014-04-12 15:43:55,648 INFO org.apache.hadoop.mapred.TaskTracker: addFreeSlot : current free slots : 12
2014-04-12 15:43:57,897 INFO org.apache.hadoop.mapred.TaskTracker: LaunchTaskAction (registerTask): attempt_201404121541_0001_r_000001_0 task's state:UNASSIGNED
2014-04-12 15:43:57,897 INFO org.apache.hadoop.mapred.TaskTracker: Trying to launch : attempt_201404121541_0001_r_000001_0 which needs 1 slots
2014-04-12 15:43:57,897 INFO org.apache.hadoop.mapred.TaskTracker: In TaskLauncher, current free slots : 1 and trying to launch attempt_201404121541_0001_r_000001_0 which needs 1 slots
2014-04-12 15:43:57,903 INFO org.apache.hadoop.mapred.JvmManager: In JvmRunner constructed JVM ID: jvm_201404121541_0001_r_1793326529
2014-04-12 15:43:57,903 INFO org.apache.hadoop.mapred.JvmManager: JVM Runner jvm_201404121541_0001_r_1793326529 spawned.
2014-04-12 15:43:57,904 INFO org.apache.hadoop.mapred.TaskController: Writing commands to /tmp/hadoop/hadoop-jmg3/mapred/local/ttprivate/taskTracker/jmg3/jobcache/job_201404121541_0001/attempt_201404121541_0001_r_000001_0/taskjvm.sh
2014-04-12 15:43:58,127 INFO org.apache.hadoop.mapred.JvmManager: JVM : jvm_201404121541_0001_m_362874233 exited with exit code 0. Number of tasks it ran: 1
2014-04-12 15:43:58,127 INFO org.apache.hadoop.mapred.JvmManager: JVM : jvm_201404121541_0001_m_133531327 exited with exit code 0. Number of tasks it ran: 1
2014-04-12 15:43:58,514 INFO org.apache.hadoop.mapred.TaskTracker: JVM with ID: jvm_201404121541_0001_r_1793326529 given task: attempt_201404121541_0001_r_000001_0
2014-04-12 15:44:02,057 INFO org.apache.hadoop.mapred.TaskTracker: attempt_201404121541_0001_r_000000_0 0.0% reduce > copy > 
2014-04-12 15:44:02,164 INFO org.apache.hadoop.mapred.TaskTracker.clienttrace: src: 192.168.110.214:50061, dest: 192.168.110.214:57959, bytes: 25821795, op: MAPRED_SHUFFLE, cliID: attempt_201404121541_0001_m_000000_0, duration: 103100399
2014-04-12 15:44:03,065 INFO org.apache.hadoop.mapred.TaskTracker.clienttrace: src: 192.168.110.214:50061, dest: 192.168.110.214:57960, bytes: 26080969, op: MAPRED_SHUFFLE, cliID: attempt_201404121541_0001_m_000003_0, duration: 898997835
2014-04-12 15:44:04,082 INFO org.apache.hadoop.mapred.TaskTracker.clienttrace: src: 192.168.110.214:50061, dest: 192.168.110.214:57961, bytes: 25527828, op: MAPRED_SHUFFLE, cliID: attempt_201404121541_0001_m_000004_0, duration: 1012359401
2014-04-12 15:44:04,991 INFO org.apache.hadoop.mapred.TaskTracker: attempt_201404121541_0001_r_000001_0 0.0% reduce > copy > 
2014-04-12 15:44:06,164 INFO org.apache.hadoop.mapred.TaskTracker.clienttrace: src: 192.168.110.214:50061, dest: 192.168.110.214:57965, bytes: 26334874, op: MAPRED_SHUFFLE, cliID: attempt_201404121541_0001_m_000004_0, duration: 939484648
2014-04-12 15:44:05,222 INFO org.apache.hadoop.mapred.TaskTracker.clienttrace: src: 192.168.110.214:50061, dest: 192.168.110.214:57964, bytes: 26773825, op: MAPRED_SHUFFLE, cliID: attempt_201404121541_0001_m_000003_0, duration: 107756154
2014-04-12 15:44:05,111 INFO org.apache.hadoop.mapred.TaskTracker.clienttrace: src: 192.168.110.214:50061, dest: 192.168.110.214:57963, bytes: 26616276, op: MAPRED_SHUFFLE, cliID: attempt_201404121541_0001_m_000000_0, duration: 598291830
2014-04-12 15:44:07,153 INFO org.apache.hadoop.mapred.TaskTracker.clienttrace: src: 192.168.110.214:50061, dest: 192.168.110.214:57966, bytes: 26623806, op: MAPRED_SHUFFLE, cliID: attempt_201404121541_0001_m_000005_0, duration: 986349718
2014-04-12 15:44:08,127 INFO org.apache.hadoop.mapred.TaskTracker.clienttrace: src: 192.168.110.214:50061, dest: 192.168.110.214:57962, bytes: 26040136, op: MAPRED_SHUFFLE, cliID: attempt_201404121541_0001_m_000005_0, duration: 4043255939
2014-04-12 15:44:09,162 INFO org.apache.hadoop.mapred.TaskTracker.clienttrace: src: 192.168.110.214:50061, dest: 192.168.110.214:57967, bytes: 26149182, op: MAPRED_SHUFFLE, cliID: attempt_201404121541_0001_m_000006_0, duration: 2007753500
2014-04-12 15:44:09,165 INFO org.apache.hadoop.mapred.TaskTracker.clienttrace: src: 192.168.110.214:50061, dest: 192.168.110.214:57968, bytes: 25536372, op: MAPRED_SHUFFLE, cliID: attempt_201404121541_0001_m_000006_0, duration: 1035886868
2014-04-12 15:44:09,580 INFO org.apache.hadoop.mapred.TaskTracker: attempt_201404121541_0001_r_000001_0 0.1388889% reduce > copy (5 of 12 at 11.49 MB/s) > 
2014-04-12 15:44:09,801 INFO org.apache.hadoop.mapred.TaskTracker: attempt_201404121541_0001_r_000000_0 0.1388889% reduce > copy (5 of 12 at 8.79 MB/s) > 
2014-04-12 15:44:10,193 INFO org.apache.hadoop.mapred.TaskTracker.clienttrace: src: 192.168.110.214:50061, dest: 192.168.110.214:57970, bytes: 26046374, op: MAPRED_SHUFFLE, cliID: attempt_201404121541_0001_m_000007_0, duration: 1026381300
2014-04-12 15:44:10,198 INFO org.apache.hadoop.mapred.TaskTracker.clienttrace: src: 192.168.110.214:50061, dest: 192.168.110.214:57969, bytes: 26760235, op: MAPRED_SHUFFLE, cliID: attempt_201404121541_0001_m_000007_0, duration: 1033833275
2014-04-12 15:44:11,230 INFO org.apache.hadoop.mapred.TaskTracker.clienttrace: src: 192.168.110.214:50061, dest: 192.168.110.214:57972, bytes: 26587692, op: MAPRED_SHUFFLE, cliID: attempt_201404121541_0001_m_000008_0, duration: 1030392803
2014-04-12 15:44:11,232 INFO org.apache.hadoop.mapred.TaskTracker.clienttrace: src: 192.168.110.214:50061, dest: 192.168.110.214:57971, bytes: 25798306, op: MAPRED_SHUFFLE, cliID: attempt_201404121541_0001_m_000008_0, duration: 1037582769
2014-04-12 15:44:12,255 INFO org.apache.hadoop.mapred.TaskTracker.clienttrace: src: 192.168.110.214:50061, dest: 192.168.110.214:57971, bytes: 25672726, op: MAPRED_SHUFFLE, cliID: attempt_201404121541_0001_m_000009_0, duration: 1017692598
2014-04-12 15:44:12,256 INFO org.apache.hadoop.mapred.TaskTracker.clienttrace: src: 192.168.110.214:50061, dest: 192.168.110.214:57972, bytes: 26525068, op: MAPRED_SHUFFLE, cliID: attempt_201404121541_0001_m_000009_0, duration: 1021466222
2014-04-12 15:44:12,836 INFO org.apache.hadoop.mapred.TaskTracker: attempt_201404121541_0001_r_000000_0 0.22222224% reduce > copy (8 of 12 at 11.59 MB/s) > 
2014-04-12 15:44:12,836 INFO org.apache.hadoop.mapred.TaskTracker: attempt_201404121541_0001_r_000001_0 0.22222224% reduce > copy (8 of 12 at 14.47 MB/s) > 
2014-04-12 15:44:13,288 INFO org.apache.hadoop.mapred.TaskTracker.clienttrace: src: 192.168.110.214:50061, dest: 192.168.110.214:57971, bytes: 25884370, op: MAPRED_SHUFFLE, cliID: attempt_201404121541_0001_m_000010_0, duration: 1028834934
2014-04-12 15:44:13,293 INFO org.apache.hadoop.mapred.TaskTracker.clienttrace: src: 192.168.110.214:50061, dest: 192.168.110.214:57972, bytes: 26699169, op: MAPRED_SHUFFLE, cliID: attempt_201404121541_0001_m_000010_0, duration: 1014542591
2014-04-12 15:44:14,318 INFO org.apache.hadoop.mapred.TaskTracker.clienttrace: src: 192.168.110.214:50061, dest: 192.168.110.214:57971, bytes: 25306417, op: MAPRED_SHUFFLE, cliID: attempt_201404121541_0001_m_000011_0, duration: 1025487215
2014-04-12 15:44:14,322 INFO org.apache.hadoop.mapred.TaskTracker.clienttrace: src: 192.168.110.214:50061, dest: 192.168.110.214:57972, bytes: 25955407, op: MAPRED_SHUFFLE, cliID: attempt_201404121541_0001_m_000011_0, duration: 1023141340
2014-04-12 15:44:15,347 INFO org.apache.hadoop.mapred.TaskTracker.clienttrace: src: 192.168.110.214:50061, dest: 192.168.110.214:57972, bytes: 26322214, op: MAPRED_SHUFFLE, cliID: attempt_201404121541_0001_m_000001_0, duration: 1019560592
2014-04-12 15:44:15,349 INFO org.apache.hadoop.mapred.TaskTracker.clienttrace: src: 192.168.110.214:50061, dest: 192.168.110.214:57971, bytes: 25557681, op: MAPRED_SHUFFLE, cliID: attempt_201404121541_0001_m_000001_0, duration: 1021908023
2014-04-12 15:44:15,869 INFO org.apache.hadoop.mapred.TaskTracker: attempt_201404121541_0001_r_000000_0 0.30555558% reduce > copy (11 of 12 at 13.51 MB/s) > 
2014-04-12 15:44:15,871 INFO org.apache.hadoop.mapred.TaskTracker: attempt_201404121541_0001_r_000001_0 0.30555558% reduce > copy (11 of 12 at 16.34 MB/s) > 
2014-04-12 15:44:16,376 INFO org.apache.hadoop.mapred.TaskTracker.clienttrace: src: 192.168.110.214:50061, dest: 192.168.110.214:57971, bytes: 25708861, op: MAPRED_SHUFFLE, cliID: attempt_201404121541_0001_m_000002_0, duration: 1023954170
2014-04-12 15:44:16,555 INFO org.apache.hadoop.mapred.TaskTracker: attempt_201404121541_0001_r_000000_0 0.30555558% reduce > copy (11 of 12 at 13.51 MB/s) > 
2014-04-12 15:44:17,393 INFO org.apache.hadoop.mapred.TaskTracker.clienttrace: src: 192.168.110.214:50061, dest: 192.168.110.214:57973, bytes: 26474326, op: MAPRED_SHUFFLE, cliID: attempt_201404121541_0001_m_000002_0, duration: 2041159781
2014-04-12 15:44:17,411 INFO org.apache.hadoop.mapred.TaskTracker: attempt_201404121541_0001_r_000000_0 0.30555558% reduce > copy (11 of 12 at 13.51 MB/s) > 
2014-04-12 15:44:17,557 INFO org.apache.hadoop.mapred.TaskTracker: attempt_201404121541_0001_r_000001_0 0.30555558% reduce > copy (11 of 12 at 16.34 MB/s) > 
2014-04-12 15:44:18,459 INFO org.apache.hadoop.mapred.TaskTracker: attempt_201404121541_0001_r_000001_0 0.30555558% reduce > copy (11 of 12 at 16.34 MB/s) > 
2014-04-12 15:44:18,906 INFO org.apache.hadoop.mapred.TaskTracker: attempt_201404121541_0001_r_000000_0 0.6666853% reduce > reduce
2014-04-12 15:44:18,907 INFO org.apache.hadoop.mapred.TaskTracker: attempt_201404121541_0001_r_000001_0 0.666691% reduce > reduce
2014-04-12 15:44:20,894 INFO org.apache.hadoop.mapred.TaskTracker: Task attempt_201404121541_0001_r_000000_0 is in commit-pending, task state:COMMIT_PENDING
2014-04-12 15:44:20,894 INFO org.apache.hadoop.mapred.TaskTracker: attempt_201404121541_0001_r_000000_0 0.6666853% reduce > reduce
2014-04-12 15:44:21,923 INFO org.apache.hadoop.mapred.TaskTracker: Received commit task action for attempt_201404121541_0001_r_000000_0
2014-04-12 15:44:21,937 INFO org.apache.hadoop.mapred.TaskTracker: attempt_201404121541_0001_r_000000_0 0.6666853% reduce > reduce
2014-04-12 15:44:21,939 INFO org.apache.hadoop.mapred.TaskTracker: attempt_201404121541_0001_r_000001_0 0.666691% reduce > reduce
2014-04-12 15:44:23,177 INFO org.apache.hadoop.mapred.TaskTracker: Task attempt_201404121541_0001_r_000001_0 is in commit-pending, task state:COMMIT_PENDING
2014-04-12 15:44:23,177 INFO org.apache.hadoop.mapred.TaskTracker: attempt_201404121541_0001_r_000001_0 0.666691% reduce > reduce
2014-04-12 15:44:24,927 INFO org.apache.hadoop.mapred.TaskTracker: Received commit task action for attempt_201404121541_0001_r_000001_0
2014-04-12 15:44:24,968 INFO org.apache.hadoop.mapred.TaskTracker: attempt_201404121541_0001_r_000000_0 0.6666853% reduce > reduce
2014-04-12 15:44:25,640 INFO org.apache.hadoop.mapred.TaskTracker: attempt_201404121541_0001_r_000000_0 0.6666853% reduce > reduce
2014-04-12 15:44:25,641 INFO org.apache.hadoop.mapred.TaskTracker: Task attempt_201404121541_0001_r_000000_0 is done.
2014-04-12 15:44:25,641 INFO org.apache.hadoop.mapred.TaskTracker: reported output size for attempt_201404121541_0001_r_000000_0  was -1
2014-04-12 15:44:25,643 INFO org.apache.hadoop.mapred.TaskTracker: addFreeSlot : current free slots : 1
2014-04-12 15:44:26,391 INFO org.apache.hadoop.mapred.JvmManager: JVM : jvm_201404121541_0001_r_1060824310 exited with exit code 0. Number of tasks it ran: 1
2014-04-12 15:44:27,934 INFO org.apache.hadoop.mapred.TaskTracker: Received KillTaskAction for task: attempt_201404121541_0001_r_000000_0
2014-04-12 15:44:27,934 INFO org.apache.hadoop.mapred.TaskTracker: About to purge task: attempt_201404121541_0001_r_000000_0
2014-04-12 15:44:27,971 INFO org.apache.hadoop.mapred.TaskTracker: attempt_201404121541_0001_r_000001_0 0.666691% reduce > reduce
2014-04-12 15:44:27,973 INFO org.apache.hadoop.mapred.TaskTracker: attempt_201404121541_0001_r_000001_0 0.666691% reduce > reduce
2014-04-12 15:44:27,974 INFO org.apache.hadoop.mapred.TaskTracker: Task attempt_201404121541_0001_r_000001_0 is done.
2014-04-12 15:44:27,974 INFO org.apache.hadoop.mapred.TaskTracker: reported output size for attempt_201404121541_0001_r_000001_0  was -1
2014-04-12 15:44:27,975 INFO org.apache.hadoop.mapred.TaskTracker: addFreeSlot : current free slots : 2
2014-04-12 15:44:28,576 INFO org.apache.hadoop.mapred.JvmManager: JVM : jvm_201404121541_0001_r_1793326529 exited with exit code 0. Number of tasks it ran: 1
2014-04-12 15:44:30,947 INFO org.apache.hadoop.mapred.TaskTracker: LaunchTaskAction (registerTask): attempt_201404121541_0001_m_000012_0 task's state:UNASSIGNED
2014-04-12 15:44:30,947 INFO org.apache.hadoop.mapred.TaskTracker: Trying to launch : attempt_201404121541_0001_m_000012_0 which needs 1 slots
2014-04-12 15:44:30,947 INFO org.apache.hadoop.mapred.TaskTracker: Received KillTaskAction for task: attempt_201404121541_0001_r_000001_0
2014-04-12 15:44:30,947 INFO org.apache.hadoop.mapred.TaskTracker: In TaskLauncher, current free slots : 12 and trying to launch attempt_201404121541_0001_m_000012_0 which needs 1 slots
2014-04-12 15:44:30,947 INFO org.apache.hadoop.mapred.TaskTracker: About to purge task: attempt_201404121541_0001_r_000001_0
2014-04-12 15:44:30,952 INFO org.apache.hadoop.mapred.JvmManager: In JvmRunner constructed JVM ID: jvm_201404121541_0001_m_568718794
2014-04-12 15:44:30,953 INFO org.apache.hadoop.mapred.JvmManager: JVM Runner jvm_201404121541_0001_m_568718794 spawned.
2014-04-12 15:44:30,954 INFO org.apache.hadoop.mapred.TaskController: Writing commands to /tmp/hadoop/hadoop-jmg3/mapred/local/ttprivate/taskTracker/jmg3/jobcache/job_201404121541_0001/attempt_201404121541_0001_m_000012_0/taskjvm.sh
2014-04-12 15:44:31,562 INFO org.apache.hadoop.mapred.TaskTracker: JVM with ID: jvm_201404121541_0001_m_568718794 given task: attempt_201404121541_0001_m_000012_0
2014-04-12 15:44:32,054 INFO org.apache.hadoop.mapred.TaskTracker: attempt_201404121541_0001_m_000012_0 0.0% 
2014-04-12 15:44:34,972 INFO org.apache.hadoop.mapred.TaskTracker: attempt_201404121541_0001_m_000012_0 0.0% cleanup
2014-04-12 15:44:34,973 INFO org.apache.hadoop.mapred.TaskTracker: Task attempt_201404121541_0001_m_000012_0 is done.
2014-04-12 15:44:34,973 INFO org.apache.hadoop.mapred.TaskTracker: reported output size for attempt_201404121541_0001_m_000012_0  was -1
2014-04-12 15:44:34,973 INFO org.apache.hadoop.mapred.TaskTracker: addFreeSlot : current free slots : 12
2014-04-12 15:44:35,125 INFO org.apache.hadoop.mapred.JvmManager: JVM : jvm_201404121541_0001_m_568718794 exited with exit code 0. Number of tasks it ran: 1
2014-04-12 15:44:36,996 INFO org.apache.hadoop.mapred.TaskTracker: Received 'KillJobAction' for job: job_201404121541_0001
2014-04-12 15:44:36,996 INFO org.apache.hadoop.mapred.IndexCache: Map ID attempt_201404121541_0001_m_000012_0 not found in cache
2014-04-12 15:44:36,997 INFO org.apache.hadoop.mapred.UserLogCleaner: Adding job_201404121541_0001 for user-log deletion with retainTimeStamp:1397421876997
