2014-04-14 01:27:28,329 INFO org.apache.hadoop.mapred.TaskTracker: STARTUP_MSG: 
/************************************************************
STARTUP_MSG: Starting TaskTracker
STARTUP_MSG:   host = node08.asa-web.amd.com/127.0.1.1
STARTUP_MSG:   args = []
STARTUP_MSG:   version = Unknown
STARTUP_MSG:   build = Unknown -r Unknown; compiled by 'Unknown' on Unknown
************************************************************/
2014-04-14 01:27:28,594 INFO org.apache.hadoop.metrics2.impl.MetricsConfig: loaded properties from hadoop-metrics2.properties
2014-04-14 01:27:28,657 INFO org.apache.hadoop.metrics2.impl.MetricsSourceAdapter: MBean for source MetricsSystem,sub=Stats registered.
2014-04-14 01:27:28,659 INFO org.apache.hadoop.metrics2.impl.MetricsSystemImpl: Scheduled snapshot period at 10 second(s).
2014-04-14 01:27:28,659 INFO org.apache.hadoop.metrics2.impl.MetricsSystemImpl: TaskTracker metrics system started
2014-04-14 01:27:29,017 INFO org.apache.hadoop.metrics2.impl.MetricsSourceAdapter: MBean for source ugi registered.
2014-04-14 01:27:29,026 WARN org.apache.hadoop.metrics2.impl.MetricsSystemImpl: Source name ugi already exists!
2014-04-14 01:27:34,325 INFO org.mortbay.log: Logging to org.slf4j.impl.Log4jLoggerAdapter(org.mortbay.log) via org.mortbay.log.Slf4jLog
2014-04-14 01:27:34,387 INFO org.apache.hadoop.http.HttpServer: Added global filtersafety (class=org.apache.hadoop.http.HttpServer$QuotingInputFilter)
2014-04-14 01:27:34,450 INFO org.apache.hadoop.mapred.TaskLogsTruncater: Initializing logs' truncater with mapRetainSize=-1 and reduceRetainSize=-1
2014-04-14 01:27:34,465 INFO org.apache.hadoop.mapred.TaskTracker: Starting tasktracker with owner as mgrossman
2014-04-14 01:27:34,467 INFO org.apache.hadoop.mapred.TaskTracker: Good mapred local directories are: /tmp/hadoop/hadoop-mgrossman/mapred/local
2014-04-14 01:27:34,478 INFO org.apache.hadoop.util.NativeCodeLoader: Loaded the native-hadoop library
2014-04-14 01:27:34,506 INFO org.apache.hadoop.metrics2.impl.MetricsSourceAdapter: MBean for source jvm registered.
2014-04-14 01:27:34,509 INFO org.apache.hadoop.metrics2.impl.MetricsSourceAdapter: MBean for source TaskTrackerMetrics registered.
2014-04-14 01:27:34,539 INFO org.apache.hadoop.ipc.Server: Starting SocketReader
2014-04-14 01:27:34,548 INFO org.apache.hadoop.metrics2.impl.MetricsSourceAdapter: MBean for source RpcDetailedActivityForPort42506 registered.
2014-04-14 01:27:34,549 INFO org.apache.hadoop.metrics2.impl.MetricsSourceAdapter: MBean for source RpcActivityForPort42506 registered.
2014-04-14 01:27:34,554 INFO org.apache.hadoop.ipc.Server: IPC Server Responder: starting
2014-04-14 01:27:34,554 INFO org.apache.hadoop.ipc.Server: IPC Server listener on 42506: starting
2014-04-14 01:27:34,557 INFO org.apache.hadoop.ipc.Server: IPC Server handler 0 on 42506: starting
2014-04-14 01:27:34,557 INFO org.apache.hadoop.ipc.Server: IPC Server handler 1 on 42506: starting
2014-04-14 01:27:34,558 INFO org.apache.hadoop.ipc.Server: IPC Server handler 2 on 42506: starting
2014-04-14 01:27:34,558 INFO org.apache.hadoop.ipc.Server: IPC Server handler 3 on 42506: starting
2014-04-14 01:27:34,558 INFO org.apache.hadoop.ipc.Server: IPC Server handler 4 on 42506: starting
2014-04-14 01:27:34,559 INFO org.apache.hadoop.ipc.Server: IPC Server handler 5 on 42506: starting
2014-04-14 01:27:34,559 INFO org.apache.hadoop.ipc.Server: IPC Server handler 6 on 42506: starting
2014-04-14 01:27:34,559 INFO org.apache.hadoop.mapred.TaskTracker: TaskTracker up at: localhost/127.0.0.1:42506
2014-04-14 01:27:34,559 INFO org.apache.hadoop.mapred.TaskTracker: Starting tracker tracker_node08.asa-web.amd.com:localhost/127.0.0.1:42506
2014-04-14 01:27:34,559 INFO org.apache.hadoop.ipc.Server: IPC Server handler 7 on 42506: starting
2014-04-14 01:27:44,652 INFO org.apache.hadoop.mapred.TaskTracker: Starting thread: Map-events fetcher for all reduce tasks on tracker_node08.asa-web.amd.com:localhost/127.0.0.1:42506
2014-04-14 01:27:44,664 INFO org.apache.hadoop.util.ProcessTree: setsid exited with exit code 0
2014-04-14 01:27:44,672 INFO org.apache.hadoop.mapred.TaskTracker:  Using ResourceCalculatorPlugin : org.apache.hadoop.util.LinuxResourceCalculatorPlugin@99a6a17
2014-04-14 01:27:44,676 WARN org.apache.hadoop.mapred.TaskTracker: TaskTracker's totalMemoryAllottedForTasks is -1. TaskMemoryManager is disabled.
2014-04-14 01:27:44,681 INFO org.apache.hadoop.mapred.IndexCache: IndexCache created with max memory = 10485760
2014-04-14 01:27:46,015 INFO org.apache.hadoop.metrics2.impl.MetricsSourceAdapter: MBean for source ShuffleServerMetrics registered.
2014-04-14 01:27:46,024 INFO org.apache.hadoop.http.HttpServer: Port returned by webServer.getConnectors()[0].getLocalPort() before open() is -1. Opening the listener on 50061
2014-04-14 01:27:46,025 INFO org.apache.hadoop.http.HttpServer: listener.getLocalPort() returned 50061 webServer.getConnectors()[0].getLocalPort() returned 50061
2014-04-14 01:27:46,025 INFO org.apache.hadoop.http.HttpServer: Jetty bound to port 50061
2014-04-14 01:27:46,025 INFO org.mortbay.log: jetty-6.1.26
2014-04-14 01:27:46,413 INFO org.mortbay.log: Started SelectChannelConnector@0.0.0.0:50061
2014-04-14 01:27:46,413 INFO org.apache.hadoop.mapred.TaskTracker: FILE_CACHE_SIZE for mapOutputServlet set to : 2000
2014-04-14 01:28:53,062 INFO org.apache.hadoop.mapred.TaskTracker: LaunchTaskAction (registerTask): attempt_201404140127_0001_m_000021_0 task's state:UNASSIGNED
2014-04-14 01:28:53,071 INFO org.apache.hadoop.mapred.TaskTracker: Trying to launch : attempt_201404140127_0001_m_000021_0 which needs 1 slots
2014-04-14 01:28:53,072 INFO org.apache.hadoop.mapred.TaskTracker: In TaskLauncher, current free slots : 4 and trying to launch attempt_201404140127_0001_m_000021_0 which needs 1 slots
2014-04-14 01:28:53,441 INFO org.apache.hadoop.mapred.JobLocalizer: Initializing user mgrossman on this TT.
2014-04-14 01:28:53,650 INFO org.apache.hadoop.mapred.JvmManager: In JvmRunner constructed JVM ID: jvm_201404140127_0001_m_512930193
2014-04-14 01:28:53,651 INFO org.apache.hadoop.mapred.JvmManager: JVM Runner jvm_201404140127_0001_m_512930193 spawned.
2014-04-14 01:28:53,654 INFO org.apache.hadoop.mapred.TaskController: Writing commands to /tmp/hadoop/hadoop-mgrossman/mapred/local/ttprivate/taskTracker/mgrossman/jobcache/job_201404140127_0001/attempt_201404140127_0001_m_000021_0/taskjvm.sh
2014-04-14 01:28:54,819 INFO org.apache.hadoop.mapred.TaskTracker: JVM with ID: jvm_201404140127_0001_m_512930193 given task: attempt_201404140127_0001_m_000021_0
2014-04-14 01:28:58,598 INFO org.apache.hadoop.mapred.TaskTracker: attempt_201404140127_0001_m_000021_0 0.0% setup
2014-04-14 01:28:58,602 INFO org.apache.hadoop.mapred.TaskTracker: Task attempt_201404140127_0001_m_000021_0 is done.
2014-04-14 01:28:58,602 INFO org.apache.hadoop.mapred.TaskTracker: reported output size for attempt_201404140127_0001_m_000021_0  was -1
2014-04-14 01:28:58,604 INFO org.apache.hadoop.mapred.TaskTracker: addFreeSlot : current free slots : 4
2014-04-14 01:28:58,851 INFO org.apache.hadoop.mapred.JvmManager: JVM : jvm_201404140127_0001_m_512930193 exited with exit code 0. Number of tasks it ran: 1
2014-04-14 01:28:58,950 INFO org.apache.hadoop.io.nativeio.NativeIO: Initialized cache for UID to User mapping with a cache timeout of 14400 seconds.
2014-04-14 01:28:58,951 INFO org.apache.hadoop.io.nativeio.NativeIO: Got UserName mgrossman for UID 1007 from the native implementation
2014-04-14 01:28:59,114 INFO org.apache.hadoop.mapred.TaskTracker: LaunchTaskAction (registerTask): attempt_201404140127_0001_m_000000_0 task's state:UNASSIGNED
2014-04-14 01:28:59,114 INFO org.apache.hadoop.mapred.TaskTracker: LaunchTaskAction (registerTask): attempt_201404140127_0001_m_000001_0 task's state:UNASSIGNED
2014-04-14 01:28:59,115 INFO org.apache.hadoop.mapred.TaskTracker: LaunchTaskAction (registerTask): attempt_201404140127_0001_m_000002_0 task's state:UNASSIGNED
2014-04-14 01:28:59,115 INFO org.apache.hadoop.mapred.TaskTracker: LaunchTaskAction (registerTask): attempt_201404140127_0001_m_000003_0 task's state:UNASSIGNED
2014-04-14 01:28:59,115 INFO org.apache.hadoop.mapred.TaskTracker: Trying to launch : attempt_201404140127_0001_m_000000_0 which needs 1 slots
2014-04-14 01:28:59,116 INFO org.apache.hadoop.mapred.TaskTracker: In TaskLauncher, current free slots : 4 and trying to launch attempt_201404140127_0001_m_000000_0 which needs 1 slots
2014-04-14 01:28:59,116 INFO org.apache.hadoop.mapred.TaskTracker: Received KillTaskAction for task: attempt_201404140127_0001_m_000021_0
2014-04-14 01:28:59,116 INFO org.apache.hadoop.mapred.TaskTracker: About to purge task: attempt_201404140127_0001_m_000021_0
2014-04-14 01:28:59,116 INFO org.apache.hadoop.mapred.TaskTracker: Trying to launch : attempt_201404140127_0001_m_000001_0 which needs 1 slots
2014-04-14 01:28:59,116 INFO org.apache.hadoop.mapred.TaskTracker: In TaskLauncher, current free slots : 3 and trying to launch attempt_201404140127_0001_m_000001_0 which needs 1 slots
2014-04-14 01:28:59,117 INFO org.apache.hadoop.mapred.TaskTracker: Trying to launch : attempt_201404140127_0001_m_000002_0 which needs 1 slots
2014-04-14 01:28:59,117 INFO org.apache.hadoop.mapred.TaskTracker: In TaskLauncher, current free slots : 2 and trying to launch attempt_201404140127_0001_m_000002_0 which needs 1 slots
2014-04-14 01:28:59,117 INFO org.apache.hadoop.mapred.IndexCache: Map ID attempt_201404140127_0001_m_000021_0 not found in cache
2014-04-14 01:28:59,122 INFO org.apache.hadoop.mapred.TaskTracker: Trying to launch : attempt_201404140127_0001_m_000003_0 which needs 1 slots
2014-04-14 01:28:59,122 INFO org.apache.hadoop.mapred.TaskTracker: In TaskLauncher, current free slots : 1 and trying to launch attempt_201404140127_0001_m_000003_0 which needs 1 slots
2014-04-14 01:28:59,140 INFO org.apache.hadoop.mapred.JvmManager: In JvmRunner constructed JVM ID: jvm_201404140127_0001_m_342330446
2014-04-14 01:28:59,142 INFO org.apache.hadoop.mapred.JvmManager: JVM Runner jvm_201404140127_0001_m_342330446 spawned.
2014-04-14 01:28:59,146 INFO org.apache.hadoop.mapred.TaskController: Writing commands to /tmp/hadoop/hadoop-mgrossman/mapred/local/ttprivate/taskTracker/mgrossman/jobcache/job_201404140127_0001/attempt_201404140127_0001_m_000003_0/taskjvm.sh
2014-04-14 01:28:59,148 INFO org.apache.hadoop.mapred.JvmManager: In JvmRunner constructed JVM ID: jvm_201404140127_0001_m_394427553
2014-04-14 01:28:59,148 INFO org.apache.hadoop.mapred.JvmManager: JVM Runner jvm_201404140127_0001_m_394427553 spawned.
2014-04-14 01:28:59,149 INFO org.apache.hadoop.mapred.JvmManager: In JvmRunner constructed JVM ID: jvm_201404140127_0001_m_344193852
2014-04-14 01:28:59,149 INFO org.apache.hadoop.mapred.JvmManager: JVM Runner jvm_201404140127_0001_m_344193852 spawned.
2014-04-14 01:28:59,152 INFO org.apache.hadoop.mapred.TaskController: Writing commands to /tmp/hadoop/hadoop-mgrossman/mapred/local/ttprivate/taskTracker/mgrossman/jobcache/job_201404140127_0001/attempt_201404140127_0001_m_000000_0/taskjvm.sh
2014-04-14 01:28:59,154 INFO org.apache.hadoop.mapred.JvmManager: In JvmRunner constructed JVM ID: jvm_201404140127_0001_m_2146493154
2014-04-14 01:28:59,157 INFO org.apache.hadoop.mapred.TaskController: Writing commands to /tmp/hadoop/hadoop-mgrossman/mapred/local/ttprivate/taskTracker/mgrossman/jobcache/job_201404140127_0001/attempt_201404140127_0001_m_000002_0/taskjvm.sh
2014-04-14 01:28:59,161 INFO org.apache.hadoop.mapred.JvmManager: JVM Runner jvm_201404140127_0001_m_2146493154 spawned.
2014-04-14 01:28:59,164 INFO org.apache.hadoop.mapred.TaskController: Writing commands to /tmp/hadoop/hadoop-mgrossman/mapred/local/ttprivate/taskTracker/mgrossman/jobcache/job_201404140127_0001/attempt_201404140127_0001_m_000001_0/taskjvm.sh
2014-04-14 01:29:00,631 INFO org.apache.hadoop.mapred.TaskTracker: JVM with ID: jvm_201404140127_0001_m_344193852 given task: attempt_201404140127_0001_m_000002_0
2014-04-14 01:29:00,636 INFO org.apache.hadoop.mapred.TaskTracker: JVM with ID: jvm_201404140127_0001_m_394427553 given task: attempt_201404140127_0001_m_000000_0
2014-04-14 01:29:00,638 INFO org.apache.hadoop.mapred.TaskTracker: JVM with ID: jvm_201404140127_0001_m_2146493154 given task: attempt_201404140127_0001_m_000001_0
2014-04-14 01:29:00,640 INFO org.apache.hadoop.mapred.TaskTracker: JVM with ID: jvm_201404140127_0001_m_342330446 given task: attempt_201404140127_0001_m_000003_0
2014-04-14 01:29:08,115 INFO org.apache.hadoop.mapred.TaskTracker: attempt_201404140127_0001_m_000002_0 0.47315732% 
2014-04-14 01:29:08,319 INFO org.apache.hadoop.mapred.TaskTracker: attempt_201404140127_0001_m_000001_0 0.40194434% 
2014-04-14 01:29:08,381 INFO org.apache.hadoop.mapred.TaskTracker: attempt_201404140127_0001_m_000003_0 0.52969676% 
2014-04-14 01:29:08,650 INFO org.apache.hadoop.mapred.TaskTracker: attempt_201404140127_0001_m_000000_0 0.5378276% 
2014-04-14 01:29:11,163 INFO org.apache.hadoop.mapred.TaskTracker: attempt_201404140127_0001_m_000002_0 1.0% 
2014-04-14 01:29:11,357 INFO org.apache.hadoop.mapred.TaskTracker: attempt_201404140127_0001_m_000001_0 1.0% 
2014-04-14 01:29:11,431 INFO org.apache.hadoop.mapred.TaskTracker: attempt_201404140127_0001_m_000003_0 1.0% 
2014-04-14 01:29:11,694 INFO org.apache.hadoop.mapred.TaskTracker: attempt_201404140127_0001_m_000000_0 1.0% 
2014-04-14 01:29:14,199 INFO org.apache.hadoop.mapred.TaskTracker: attempt_201404140127_0001_m_000002_0 1.0% 
2014-04-14 01:29:14,405 INFO org.apache.hadoop.mapred.TaskTracker: attempt_201404140127_0001_m_000001_0 1.0% 
2014-04-14 01:29:14,476 INFO org.apache.hadoop.mapred.TaskTracker: attempt_201404140127_0001_m_000003_0 1.0% 
2014-04-14 01:29:14,735 INFO org.apache.hadoop.mapred.TaskTracker: attempt_201404140127_0001_m_000000_0 1.0% 
2014-04-14 01:29:17,518 INFO org.apache.hadoop.mapred.TaskTracker: attempt_201404140127_0001_m_000003_0 1.0% 
2014-04-14 01:29:20,773 INFO org.apache.hadoop.mapred.TaskTracker: attempt_201404140127_0001_m_000000_0 1.0% 
2014-04-14 01:29:23,246 INFO org.apache.hadoop.mapred.TaskTracker: attempt_201404140127_0001_m_000002_0 1.0% 
2014-04-14 01:29:23,455 INFO org.apache.hadoop.mapred.TaskTracker: attempt_201404140127_0001_m_000001_0 1.0% 
2014-04-14 01:29:26,496 INFO org.apache.hadoop.mapred.TaskTracker: attempt_201404140127_0001_m_000001_0 1.0% 
2014-04-14 01:29:26,565 INFO org.apache.hadoop.mapred.TaskTracker: attempt_201404140127_0001_m_000003_0 1.0% 
2014-04-14 01:29:27,809 INFO org.apache.hadoop.mapred.TaskTracker: Task attempt_201404140127_0001_m_000001_0 is in commit-pending, task state:COMMIT_PENDING
2014-04-14 01:29:27,810 INFO org.apache.hadoop.mapred.TaskTracker: attempt_201404140127_0001_m_000001_0 1.0% 
2014-04-14 01:29:28,207 INFO org.apache.hadoop.mapred.TaskTracker: Task attempt_201404140127_0001_m_000003_0 is in commit-pending, task state:COMMIT_PENDING
2014-04-14 01:29:28,207 INFO org.apache.hadoop.mapred.TaskTracker: attempt_201404140127_0001_m_000003_0 1.0% 
2014-04-14 01:29:28,702 INFO org.apache.hadoop.mapred.TaskTracker: Task attempt_201404140127_0001_m_000000_0 is in commit-pending, task state:COMMIT_PENDING
2014-04-14 01:29:28,702 INFO org.apache.hadoop.mapred.TaskTracker: attempt_201404140127_0001_m_000000_0 1.0% 
2014-04-14 01:29:29,149 INFO org.apache.hadoop.mapred.TaskTracker: Task attempt_201404140127_0001_m_000002_0 is in commit-pending, task state:COMMIT_PENDING
2014-04-14 01:29:29,150 INFO org.apache.hadoop.mapred.TaskTracker: attempt_201404140127_0001_m_000002_0 1.0% 
2014-04-14 01:29:29,224 INFO org.apache.hadoop.mapred.TaskTracker: LaunchTaskAction (registerTask): attempt_201404140127_0001_m_000004_0 task's state:UNASSIGNED
2014-04-14 01:29:29,225 INFO org.apache.hadoop.mapred.TaskTracker: LaunchTaskAction (registerTask): attempt_201404140127_0001_m_000005_0 task's state:UNASSIGNED
2014-04-14 01:29:29,225 INFO org.apache.hadoop.mapred.TaskTracker: LaunchTaskAction (registerTask): attempt_201404140127_0001_m_000006_0 task's state:UNASSIGNED
2014-04-14 01:29:29,226 INFO org.apache.hadoop.mapred.TaskTracker: LaunchTaskAction (registerTask): attempt_201404140127_0001_m_000007_0 task's state:UNASSIGNED
2014-04-14 01:29:29,226 INFO org.apache.hadoop.mapred.TaskTracker: Received commit task action for attempt_201404140127_0001_m_000000_0
2014-04-14 01:29:29,226 INFO org.apache.hadoop.mapred.TaskTracker: Trying to launch : attempt_201404140127_0001_m_000004_0 which needs 1 slots
2014-04-14 01:29:29,226 INFO org.apache.hadoop.mapred.TaskTracker: Received commit task action for attempt_201404140127_0001_m_000001_0
2014-04-14 01:29:29,226 INFO org.apache.hadoop.mapred.TaskTracker: TaskLauncher : Waiting for 1 to launch attempt_201404140127_0001_m_000004_0, currently we have 0 free slots
2014-04-14 01:29:29,226 INFO org.apache.hadoop.mapred.TaskTracker: Received commit task action for attempt_201404140127_0001_m_000002_0
2014-04-14 01:29:29,227 INFO org.apache.hadoop.mapred.TaskTracker: Received commit task action for attempt_201404140127_0001_m_000003_0
2014-04-14 01:29:29,810 INFO org.apache.hadoop.mapred.TaskTracker: attempt_201404140127_0001_m_000000_0 1.0% 
2014-04-14 01:29:29,817 INFO org.apache.hadoop.mapred.TaskTracker: attempt_201404140127_0001_m_000000_0 1.0% 
2014-04-14 01:29:29,821 INFO org.apache.hadoop.mapred.TaskTracker: Task attempt_201404140127_0001_m_000000_0 is done.
2014-04-14 01:29:29,821 INFO org.apache.hadoop.mapred.TaskTracker: reported output size for attempt_201404140127_0001_m_000000_0  was -1
2014-04-14 01:29:29,823 INFO org.apache.hadoop.mapred.TaskTracker: addFreeSlot : current free slots : 1
2014-04-14 01:29:29,823 INFO org.apache.hadoop.mapred.TaskTracker: In TaskLauncher, current free slots : 1 and trying to launch attempt_201404140127_0001_m_000004_0 which needs 1 slots
2014-04-14 01:29:29,823 INFO org.apache.hadoop.mapred.TaskTracker: Trying to launch : attempt_201404140127_0001_m_000005_0 which needs 1 slots
2014-04-14 01:29:29,824 INFO org.apache.hadoop.mapred.TaskTracker: TaskLauncher : Waiting for 1 to launch attempt_201404140127_0001_m_000005_0, currently we have 0 free slots
2014-04-14 01:29:29,837 INFO org.apache.hadoop.mapred.JvmManager: Killing JVM: jvm_201404140127_0001_m_394427553
2014-04-14 01:29:29,843 INFO org.apache.hadoop.mapred.JvmManager: In JvmRunner constructed JVM ID: jvm_201404140127_0001_m_72372823
2014-04-14 01:29:29,843 INFO org.apache.hadoop.mapred.JvmManager: JVM Runner jvm_201404140127_0001_m_72372823 spawned.
2014-04-14 01:29:29,846 INFO org.apache.hadoop.mapred.TaskController: Writing commands to /tmp/hadoop/hadoop-mgrossman/mapred/local/ttprivate/taskTracker/mgrossman/jobcache/job_201404140127_0001/attempt_201404140127_0001_m_000004_0/taskjvm.sh
2014-04-14 01:29:30,128 INFO org.apache.hadoop.mapred.JvmManager: JVM : jvm_201404140127_0001_m_394427553 exited with exit code 0. Number of tasks it ran: 1
2014-04-14 01:29:30,871 INFO org.apache.hadoop.mapred.TaskTracker: JVM with ID: jvm_201404140127_0001_m_72372823 given task: attempt_201404140127_0001_m_000004_0
2014-04-14 01:29:32,293 INFO org.apache.hadoop.mapred.TaskTracker: attempt_201404140127_0001_m_000002_0 1.0% 
2014-04-14 01:29:32,297 INFO org.apache.hadoop.mapred.TaskTracker: attempt_201404140127_0001_m_000002_0 1.0% 
2014-04-14 01:29:32,299 INFO org.apache.hadoop.mapred.TaskTracker: Task attempt_201404140127_0001_m_000002_0 is done.
2014-04-14 01:29:32,299 INFO org.apache.hadoop.mapred.TaskTracker: reported output size for attempt_201404140127_0001_m_000002_0  was -1
2014-04-14 01:29:32,301 INFO org.apache.hadoop.mapred.TaskTracker: addFreeSlot : current free slots : 1
2014-04-14 01:29:32,301 INFO org.apache.hadoop.mapred.TaskTracker: In TaskLauncher, current free slots : 1 and trying to launch attempt_201404140127_0001_m_000005_0 which needs 1 slots
2014-04-14 01:29:32,303 INFO org.apache.hadoop.mapred.TaskTracker: Trying to launch : attempt_201404140127_0001_m_000006_0 which needs 1 slots
2014-04-14 01:29:32,303 INFO org.apache.hadoop.mapred.TaskTracker: TaskLauncher : Waiting for 1 to launch attempt_201404140127_0001_m_000006_0, currently we have 0 free slots
2014-04-14 01:29:32,339 INFO org.apache.hadoop.mapred.JvmManager: Killing JVM: jvm_201404140127_0001_m_344193852
2014-04-14 01:29:32,354 INFO org.apache.hadoop.mapred.JvmManager: In JvmRunner constructed JVM ID: jvm_201404140127_0001_m_1042725788
2014-04-14 01:29:32,354 INFO org.apache.hadoop.mapred.JvmManager: JVM Runner jvm_201404140127_0001_m_1042725788 spawned.
2014-04-14 01:29:32,359 INFO org.apache.hadoop.mapred.TaskController: Writing commands to /tmp/hadoop/hadoop-mgrossman/mapred/local/ttprivate/taskTracker/mgrossman/jobcache/job_201404140127_0001/attempt_201404140127_0001_m_000005_0/taskjvm.sh
2014-04-14 01:29:32,532 INFO org.apache.hadoop.mapred.TaskTracker: attempt_201404140127_0001_m_000001_0 1.0% 
2014-04-14 01:29:32,540 INFO org.apache.hadoop.mapred.TaskTracker: attempt_201404140127_0001_m_000001_0 1.0% 
2014-04-14 01:29:32,542 INFO org.apache.hadoop.mapred.TaskTracker: Task attempt_201404140127_0001_m_000001_0 is done.
2014-04-14 01:29:32,542 INFO org.apache.hadoop.mapred.TaskTracker: reported output size for attempt_201404140127_0001_m_000001_0  was -1
2014-04-14 01:29:32,543 INFO org.apache.hadoop.mapred.TaskTracker: addFreeSlot : current free slots : 1
2014-04-14 01:29:32,547 INFO org.apache.hadoop.mapred.TaskTracker: In TaskLauncher, current free slots : 1 and trying to launch attempt_201404140127_0001_m_000006_0 which needs 1 slots
2014-04-14 01:29:32,547 INFO org.apache.hadoop.mapred.TaskTracker: Trying to launch : attempt_201404140127_0001_m_000007_0 which needs 1 slots
2014-04-14 01:29:32,547 INFO org.apache.hadoop.mapred.TaskTracker: TaskLauncher : Waiting for 1 to launch attempt_201404140127_0001_m_000007_0, currently we have 0 free slots
2014-04-14 01:29:32,571 INFO org.apache.hadoop.mapred.JvmManager: Killing JVM: jvm_201404140127_0001_m_2146493154
2014-04-14 01:29:32,590 INFO org.apache.hadoop.mapred.JvmManager: In JvmRunner constructed JVM ID: jvm_201404140127_0001_m_1944941084
2014-04-14 01:29:32,590 INFO org.apache.hadoop.mapred.JvmManager: JVM Runner jvm_201404140127_0001_m_1944941084 spawned.
2014-04-14 01:29:32,592 INFO org.apache.hadoop.mapred.TaskController: Writing commands to /tmp/hadoop/hadoop-mgrossman/mapred/local/ttprivate/taskTracker/mgrossman/jobcache/job_201404140127_0001/attempt_201404140127_0001_m_000006_0/taskjvm.sh
2014-04-14 01:29:32,597 INFO org.apache.hadoop.mapred.TaskTracker: attempt_201404140127_0001_m_000003_0 1.0% 
2014-04-14 01:29:32,601 INFO org.apache.hadoop.mapred.TaskTracker: attempt_201404140127_0001_m_000003_0 1.0% 
2014-04-14 01:29:32,605 INFO org.apache.hadoop.mapred.TaskTracker: Task attempt_201404140127_0001_m_000003_0 is done.
2014-04-14 01:29:32,605 INFO org.apache.hadoop.mapred.TaskTracker: reported output size for attempt_201404140127_0001_m_000003_0  was -1
2014-04-14 01:29:32,609 INFO org.apache.hadoop.mapred.TaskTracker: addFreeSlot : current free slots : 1
2014-04-14 01:29:32,609 INFO org.apache.hadoop.mapred.TaskTracker: In TaskLauncher, current free slots : 1 and trying to launch attempt_201404140127_0001_m_000007_0 which needs 1 slots
2014-04-14 01:29:32,645 INFO org.apache.hadoop.mapred.JvmManager: Killing JVM: jvm_201404140127_0001_m_342330446
2014-04-14 01:29:32,674 INFO org.apache.hadoop.mapred.JvmManager: In JvmRunner constructed JVM ID: jvm_201404140127_0001_m_391712946
2014-04-14 01:29:32,674 INFO org.apache.hadoop.mapred.JvmManager: JVM Runner jvm_201404140127_0001_m_391712946 spawned.
2014-04-14 01:29:32,674 INFO org.apache.hadoop.mapred.JvmManager: JVM : jvm_201404140127_0001_m_344193852 exited with exit code 0. Number of tasks it ran: 1
2014-04-14 01:29:32,680 INFO org.apache.hadoop.mapred.TaskController: Writing commands to /tmp/hadoop/hadoop-mgrossman/mapred/local/ttprivate/taskTracker/mgrossman/jobcache/job_201404140127_0001/attempt_201404140127_0001_m_000007_0/taskjvm.sh
2014-04-14 01:29:32,829 INFO org.apache.hadoop.mapred.JvmManager: JVM : jvm_201404140127_0001_m_2146493154 exited with exit code 0. Number of tasks it ran: 1
2014-04-14 01:29:32,999 INFO org.apache.hadoop.mapred.JvmManager: JVM : jvm_201404140127_0001_m_342330446 exited with exit code 0. Number of tasks it ran: 1
2014-04-14 01:29:34,064 INFO org.apache.hadoop.mapred.TaskTracker: JVM with ID: jvm_201404140127_0001_m_1042725788 given task: attempt_201404140127_0001_m_000005_0
2014-04-14 01:29:34,433 INFO org.apache.hadoop.mapred.TaskTracker: JVM with ID: jvm_201404140127_0001_m_391712946 given task: attempt_201404140127_0001_m_000007_0
2014-04-14 01:29:34,498 INFO org.apache.hadoop.mapred.TaskTracker: JVM with ID: jvm_201404140127_0001_m_1944941084 given task: attempt_201404140127_0001_m_000006_0
2014-04-14 01:29:38,983 INFO org.apache.hadoop.mapred.TaskTracker: attempt_201404140127_0001_m_000004_0 1.0% 
2014-04-14 01:29:41,120 INFO org.apache.hadoop.mapred.TaskTracker: Task attempt_201404140127_0001_m_000004_0 is in commit-pending, task state:COMMIT_PENDING
2014-04-14 01:29:41,120 INFO org.apache.hadoop.mapred.TaskTracker: attempt_201404140127_0001_m_000004_0 1.0% 
2014-04-14 01:29:41,295 INFO org.apache.hadoop.mapred.TaskTracker: LaunchTaskAction (registerTask): attempt_201404140127_0001_m_000008_0 task's state:UNASSIGNED
2014-04-14 01:29:41,295 INFO org.apache.hadoop.mapred.TaskTracker: Received commit task action for attempt_201404140127_0001_m_000004_0
2014-04-14 01:29:41,295 INFO org.apache.hadoop.mapred.TaskTracker: Trying to launch : attempt_201404140127_0001_m_000008_0 which needs 1 slots
2014-04-14 01:29:41,295 INFO org.apache.hadoop.mapred.TaskTracker: TaskLauncher : Waiting for 1 to launch attempt_201404140127_0001_m_000008_0, currently we have 0 free slots
2014-04-14 01:29:41,713 INFO org.apache.hadoop.mapred.TaskTracker: attempt_201404140127_0001_m_000007_0 0.15278707% 
2014-04-14 01:29:42,036 INFO org.apache.hadoop.mapred.TaskTracker: attempt_201404140127_0001_m_000004_0 1.0% 
2014-04-14 01:29:42,969 INFO org.apache.hadoop.mapred.TaskTracker: attempt_201404140127_0001_m_000006_0 0.5008975% 
2014-04-14 01:29:43,089 INFO org.apache.hadoop.mapred.TaskTracker: attempt_201404140127_0001_m_000005_0 0.49505034% 
2014-04-14 01:29:44,750 INFO org.apache.hadoop.mapred.TaskTracker: attempt_201404140127_0001_m_000007_0 1.0% 
2014-04-14 01:29:45,072 INFO org.apache.hadoop.mapred.TaskTracker: attempt_201404140127_0001_m_000004_0 1.0% 
2014-04-14 01:29:45,078 INFO org.apache.hadoop.mapred.TaskTracker: attempt_201404140127_0001_m_000004_0 1.0% 
2014-04-14 01:29:45,080 INFO org.apache.hadoop.mapred.TaskTracker: Task attempt_201404140127_0001_m_000004_0 is done.
2014-04-14 01:29:45,080 INFO org.apache.hadoop.mapred.TaskTracker: reported output size for attempt_201404140127_0001_m_000004_0  was -1
2014-04-14 01:29:45,081 INFO org.apache.hadoop.mapred.TaskTracker: addFreeSlot : current free slots : 1
2014-04-14 01:29:45,081 INFO org.apache.hadoop.mapred.TaskTracker: In TaskLauncher, current free slots : 1 and trying to launch attempt_201404140127_0001_m_000008_0 which needs 1 slots
2014-04-14 01:29:45,100 INFO org.apache.hadoop.mapred.JvmManager: Killing JVM: jvm_201404140127_0001_m_72372823
2014-04-14 01:29:45,104 INFO org.apache.hadoop.mapred.JvmManager: In JvmRunner constructed JVM ID: jvm_201404140127_0001_m_449706245
2014-04-14 01:29:45,105 INFO org.apache.hadoop.mapred.JvmManager: JVM Runner jvm_201404140127_0001_m_449706245 spawned.
2014-04-14 01:29:45,108 INFO org.apache.hadoop.mapred.TaskController: Writing commands to /tmp/hadoop/hadoop-mgrossman/mapred/local/ttprivate/taskTracker/mgrossman/jobcache/job_201404140127_0001/attempt_201404140127_0001_m_000008_0/taskjvm.sh
2014-04-14 01:29:46,056 INFO org.apache.hadoop.mapred.TaskTracker: attempt_201404140127_0001_m_000006_0 1.0% 
2014-04-14 01:29:46,141 INFO org.apache.hadoop.mapred.TaskTracker: attempt_201404140127_0001_m_000005_0 1.0% 
2014-04-14 01:29:46,251 INFO org.apache.hadoop.mapred.TaskTracker: JVM with ID: jvm_201404140127_0001_m_449706245 given task: attempt_201404140127_0001_m_000008_0
2014-04-14 01:29:47,790 INFO org.apache.hadoop.mapred.TaskTracker: attempt_201404140127_0001_m_000007_0 1.0% 
2014-04-14 01:29:49,090 INFO org.apache.hadoop.mapred.TaskTracker: attempt_201404140127_0001_m_000006_0 1.0% 
2014-04-14 01:29:49,175 INFO org.apache.hadoop.mapred.TaskTracker: attempt_201404140127_0001_m_000005_0 1.0% 
2014-04-14 01:29:49,552 INFO org.apache.hadoop.mapred.JvmManager: JVM : jvm_201404140127_0001_m_72372823 exited with exit code 0. Number of tasks it ran: 1
2014-04-14 01:29:52,135 INFO org.apache.hadoop.mapred.TaskTracker: attempt_201404140127_0001_m_000006_0 1.0% 
2014-04-14 01:29:53,186 INFO org.apache.hadoop.mapred.TaskTracker: attempt_201404140127_0001_m_000008_0 0.93878245% 
2014-04-14 01:29:53,829 INFO org.apache.hadoop.mapred.TaskTracker: attempt_201404140127_0001_m_000007_0 1.0% 
2014-04-14 01:29:55,177 INFO org.apache.hadoop.mapred.TaskTracker: attempt_201404140127_0001_m_000006_0 1.0% 
2014-04-14 01:29:55,216 INFO org.apache.hadoop.mapred.TaskTracker: attempt_201404140127_0001_m_000005_0 1.0% 
2014-04-14 01:29:56,233 INFO org.apache.hadoop.mapred.TaskTracker: attempt_201404140127_0001_m_000008_0 1.0% 
2014-04-14 01:29:56,837 INFO org.apache.hadoop.mapred.TaskTracker: Task attempt_201404140127_0001_m_000006_0 is in commit-pending, task state:COMMIT_PENDING
2014-04-14 01:29:56,837 INFO org.apache.hadoop.mapred.TaskTracker: attempt_201404140127_0001_m_000006_0 1.0% 
2014-04-14 01:29:59,271 INFO org.apache.hadoop.mapred.TaskTracker: attempt_201404140127_0001_m_000008_0 1.0% 
2014-04-14 01:29:59,358 INFO org.apache.hadoop.mapred.TaskTracker: LaunchTaskAction (registerTask): attempt_201404140127_0001_m_000009_0 task's state:UNASSIGNED
2014-04-14 01:29:59,358 INFO org.apache.hadoop.mapred.TaskTracker: Received commit task action for attempt_201404140127_0001_m_000006_0
2014-04-14 01:29:59,358 INFO org.apache.hadoop.mapred.TaskTracker: Trying to launch : attempt_201404140127_0001_m_000009_0 which needs 1 slots
2014-04-14 01:29:59,358 INFO org.apache.hadoop.mapred.TaskTracker: TaskLauncher : Waiting for 1 to launch attempt_201404140127_0001_m_000009_0, currently we have 0 free slots
2014-04-14 01:29:59,604 INFO org.apache.hadoop.mapred.TaskTracker: Task attempt_201404140127_0001_m_000007_0 is in commit-pending, task state:COMMIT_PENDING
2014-04-14 01:29:59,604 INFO org.apache.hadoop.mapred.TaskTracker: attempt_201404140127_0001_m_000007_0 1.0% 
2014-04-14 01:29:59,877 INFO org.apache.hadoop.mapred.TaskTracker: attempt_201404140127_0001_m_000007_0 1.0% 
2014-04-14 01:30:00,015 INFO org.apache.hadoop.mapred.TaskTracker: Task attempt_201404140127_0001_m_000005_0 is in commit-pending, task state:COMMIT_PENDING
2014-04-14 01:30:00,016 INFO org.apache.hadoop.mapred.TaskTracker: attempt_201404140127_0001_m_000005_0 1.0% 
2014-04-14 01:30:01,216 INFO org.apache.hadoop.mapred.TaskTracker: attempt_201404140127_0001_m_000006_0 1.0% 
2014-04-14 01:30:01,222 INFO org.apache.hadoop.mapred.TaskTracker: attempt_201404140127_0001_m_000006_0 1.0% 
2014-04-14 01:30:01,225 INFO org.apache.hadoop.mapred.TaskTracker: Task attempt_201404140127_0001_m_000006_0 is done.
2014-04-14 01:30:01,225 INFO org.apache.hadoop.mapred.TaskTracker: reported output size for attempt_201404140127_0001_m_000006_0  was -1
2014-04-14 01:30:01,226 INFO org.apache.hadoop.mapred.TaskTracker: addFreeSlot : current free slots : 1
2014-04-14 01:30:01,227 INFO org.apache.hadoop.mapred.TaskTracker: In TaskLauncher, current free slots : 1 and trying to launch attempt_201404140127_0001_m_000009_0 which needs 1 slots
2014-04-14 01:30:01,243 INFO org.apache.hadoop.mapred.JvmManager: Killing JVM: jvm_201404140127_0001_m_1944941084
2014-04-14 01:30:01,254 INFO org.apache.hadoop.mapred.JvmManager: In JvmRunner constructed JVM ID: jvm_201404140127_0001_m_557750808
2014-04-14 01:30:01,254 INFO org.apache.hadoop.mapred.JvmManager: JVM Runner jvm_201404140127_0001_m_557750808 spawned.
2014-04-14 01:30:01,258 INFO org.apache.hadoop.mapred.TaskTracker: attempt_201404140127_0001_m_000005_0 1.0% 
2014-04-14 01:30:01,260 INFO org.apache.hadoop.mapred.TaskController: Writing commands to /tmp/hadoop/hadoop-mgrossman/mapred/local/ttprivate/taskTracker/mgrossman/jobcache/job_201404140127_0001/attempt_201404140127_0001_m_000009_0/taskjvm.sh
2014-04-14 01:30:01,972 INFO org.apache.hadoop.mapred.JvmManager: JVM : jvm_201404140127_0001_m_1944941084 exited with exit code 0. Number of tasks it ran: 1
2014-04-14 01:30:02,299 INFO org.apache.hadoop.mapred.TaskTracker: attempt_201404140127_0001_m_000008_0 1.0% 
2014-04-14 01:30:02,305 INFO org.apache.hadoop.mapred.TaskTracker: JVM with ID: jvm_201404140127_0001_m_557750808 given task: attempt_201404140127_0001_m_000009_0
2014-04-14 01:30:02,381 INFO org.apache.hadoop.mapred.TaskTracker: LaunchTaskAction (registerTask): attempt_201404140127_0001_m_000010_0 task's state:UNASSIGNED
2014-04-14 01:30:02,382 INFO org.apache.hadoop.mapred.TaskTracker: LaunchTaskAction (registerTask): attempt_201404140127_0001_m_000011_0 task's state:UNASSIGNED
2014-04-14 01:30:02,382 INFO org.apache.hadoop.mapred.TaskTracker: Received commit task action for attempt_201404140127_0001_m_000005_0
2014-04-14 01:30:02,382 INFO org.apache.hadoop.mapred.TaskTracker: Trying to launch : attempt_201404140127_0001_m_000010_0 which needs 1 slots
2014-04-14 01:30:02,382 INFO org.apache.hadoop.mapred.TaskTracker: Received commit task action for attempt_201404140127_0001_m_000007_0
2014-04-14 01:30:02,382 INFO org.apache.hadoop.mapred.TaskTracker: TaskLauncher : Waiting for 1 to launch attempt_201404140127_0001_m_000010_0, currently we have 0 free slots
2014-04-14 01:30:02,649 INFO org.apache.hadoop.mapred.TaskTracker: Task attempt_201404140127_0001_m_000008_0 is in commit-pending, task state:COMMIT_PENDING
2014-04-14 01:30:02,650 INFO org.apache.hadoop.mapred.TaskTracker: attempt_201404140127_0001_m_000008_0 1.0% 
2014-04-14 01:30:02,916 INFO org.apache.hadoop.mapred.TaskTracker: attempt_201404140127_0001_m_000007_0 1.0% 
2014-04-14 01:30:02,918 INFO org.apache.hadoop.mapred.TaskTracker: attempt_201404140127_0001_m_000007_0 1.0% 
2014-04-14 01:30:02,920 INFO org.apache.hadoop.mapred.TaskTracker: Task attempt_201404140127_0001_m_000007_0 is done.
2014-04-14 01:30:02,920 INFO org.apache.hadoop.mapred.TaskTracker: reported output size for attempt_201404140127_0001_m_000007_0  was -1
2014-04-14 01:30:02,920 INFO org.apache.hadoop.mapred.TaskTracker: addFreeSlot : current free slots : 1
2014-04-14 01:30:02,920 INFO org.apache.hadoop.mapred.TaskTracker: In TaskLauncher, current free slots : 1 and trying to launch attempt_201404140127_0001_m_000010_0 which needs 1 slots
2014-04-14 01:30:02,921 INFO org.apache.hadoop.mapred.TaskTracker: Trying to launch : attempt_201404140127_0001_m_000011_0 which needs 1 slots
2014-04-14 01:30:02,921 INFO org.apache.hadoop.mapred.TaskTracker: TaskLauncher : Waiting for 1 to launch attempt_201404140127_0001_m_000011_0, currently we have 0 free slots
2014-04-14 01:30:02,927 INFO org.apache.hadoop.mapred.JvmManager: Killing JVM: jvm_201404140127_0001_m_391712946
2014-04-14 01:30:02,931 INFO org.apache.hadoop.mapred.JvmManager: In JvmRunner constructed JVM ID: jvm_201404140127_0001_m_147728022
2014-04-14 01:30:02,931 INFO org.apache.hadoop.mapred.JvmManager: JVM Runner jvm_201404140127_0001_m_147728022 spawned.
2014-04-14 01:30:02,933 INFO org.apache.hadoop.mapred.TaskController: Writing commands to /tmp/hadoop/hadoop-mgrossman/mapred/local/ttprivate/taskTracker/mgrossman/jobcache/job_201404140127_0001/attempt_201404140127_0001_m_000010_0/taskjvm.sh
2014-04-14 01:30:03,126 INFO org.apache.hadoop.mapred.JvmManager: JVM : jvm_201404140127_0001_m_391712946 exited with exit code 0. Number of tasks it ran: 1
2014-04-14 01:30:03,921 INFO org.apache.hadoop.mapred.TaskTracker: JVM with ID: jvm_201404140127_0001_m_147728022 given task: attempt_201404140127_0001_m_000010_0
2014-04-14 01:30:04,283 INFO org.apache.hadoop.mapred.TaskTracker: attempt_201404140127_0001_m_000005_0 1.0% 
2014-04-14 01:30:04,288 INFO org.apache.hadoop.mapred.TaskTracker: attempt_201404140127_0001_m_000005_0 1.0% 
2014-04-14 01:30:04,289 INFO org.apache.hadoop.mapred.TaskTracker: Task attempt_201404140127_0001_m_000005_0 is done.
2014-04-14 01:30:04,289 INFO org.apache.hadoop.mapred.TaskTracker: reported output size for attempt_201404140127_0001_m_000005_0  was -1
2014-04-14 01:30:04,290 INFO org.apache.hadoop.mapred.TaskTracker: addFreeSlot : current free slots : 1
2014-04-14 01:30:04,290 INFO org.apache.hadoop.mapred.TaskTracker: In TaskLauncher, current free slots : 1 and trying to launch attempt_201404140127_0001_m_000011_0 which needs 1 slots
2014-04-14 01:30:04,311 INFO org.apache.hadoop.mapred.JvmManager: Killing JVM: jvm_201404140127_0001_m_1042725788
2014-04-14 01:30:04,320 INFO org.apache.hadoop.mapred.JvmManager: In JvmRunner constructed JVM ID: jvm_201404140127_0001_m_168218576
2014-04-14 01:30:04,320 INFO org.apache.hadoop.mapred.JvmManager: JVM Runner jvm_201404140127_0001_m_168218576 spawned.
2014-04-14 01:30:04,323 INFO org.apache.hadoop.mapred.TaskController: Writing commands to /tmp/hadoop/hadoop-mgrossman/mapred/local/ttprivate/taskTracker/mgrossman/jobcache/job_201404140127_0001/attempt_201404140127_0001_m_000011_0/taskjvm.sh
2014-04-14 01:30:04,621 INFO org.apache.hadoop.mapred.JvmManager: JVM : jvm_201404140127_0001_m_1042725788 exited with exit code 0. Number of tasks it ran: 1
2014-04-14 01:30:05,369 INFO org.apache.hadoop.mapred.TaskTracker: attempt_201404140127_0001_m_000008_0 1.0% 
2014-04-14 01:30:05,400 INFO org.apache.hadoop.mapred.TaskTracker: LaunchTaskAction (registerTask): attempt_201404140127_0001_m_000012_0 task's state:UNASSIGNED
2014-04-14 01:30:05,400 INFO org.apache.hadoop.mapred.TaskTracker: Received commit task action for attempt_201404140127_0001_m_000008_0
2014-04-14 01:30:05,400 INFO org.apache.hadoop.mapred.TaskTracker: Trying to launch : attempt_201404140127_0001_m_000012_0 which needs 1 slots
2014-04-14 01:30:05,400 INFO org.apache.hadoop.mapred.TaskTracker: TaskLauncher : Waiting for 1 to launch attempt_201404140127_0001_m_000012_0, currently we have 0 free slots
2014-04-14 01:30:05,620 INFO org.apache.hadoop.mapred.TaskTracker: JVM with ID: jvm_201404140127_0001_m_168218576 given task: attempt_201404140127_0001_m_000011_0
2014-04-14 01:30:08,412 INFO org.apache.hadoop.mapred.TaskTracker: attempt_201404140127_0001_m_000008_0 1.0% 
2014-04-14 01:30:08,415 INFO org.apache.hadoop.mapred.TaskTracker: attempt_201404140127_0001_m_000008_0 1.0% 
2014-04-14 01:30:08,417 INFO org.apache.hadoop.mapred.TaskTracker: Task attempt_201404140127_0001_m_000008_0 is done.
2014-04-14 01:30:08,417 INFO org.apache.hadoop.mapred.TaskTracker: reported output size for attempt_201404140127_0001_m_000008_0  was -1
2014-04-14 01:30:08,418 INFO org.apache.hadoop.mapred.TaskTracker: addFreeSlot : current free slots : 1
2014-04-14 01:30:08,419 INFO org.apache.hadoop.mapred.TaskTracker: In TaskLauncher, current free slots : 1 and trying to launch attempt_201404140127_0001_m_000012_0 which needs 1 slots
2014-04-14 01:30:08,515 INFO org.apache.hadoop.mapred.JvmManager: Killing JVM: jvm_201404140127_0001_m_449706245
2014-04-14 01:30:08,518 INFO org.apache.hadoop.mapred.JvmManager: In JvmRunner constructed JVM ID: jvm_201404140127_0001_m_2135244623
2014-04-14 01:30:08,519 INFO org.apache.hadoop.mapred.JvmManager: JVM Runner jvm_201404140127_0001_m_2135244623 spawned.
2014-04-14 01:30:08,521 INFO org.apache.hadoop.mapred.TaskController: Writing commands to /tmp/hadoop/hadoop-mgrossman/mapred/local/ttprivate/taskTracker/mgrossman/jobcache/job_201404140127_0001/attempt_201404140127_0001_m_000012_0/taskjvm.sh
2014-04-14 01:30:09,467 INFO org.apache.hadoop.mapred.TaskTracker: attempt_201404140127_0001_m_000009_0 1.0% 
2014-04-14 01:30:10,353 INFO org.apache.hadoop.mapred.TaskTracker: JVM with ID: jvm_201404140127_0001_m_2135244623 given task: attempt_201404140127_0001_m_000012_0
2014-04-14 01:30:10,792 INFO org.apache.hadoop.mapred.JvmManager: JVM : jvm_201404140127_0001_m_449706245 exited with exit code 0. Number of tasks it ran: 1
2014-04-14 01:30:11,384 INFO org.apache.hadoop.mapred.TaskTracker: attempt_201404140127_0001_m_000010_0 1.0% 
2014-04-14 01:30:12,516 INFO org.apache.hadoop.mapred.TaskTracker: attempt_201404140127_0001_m_000009_0 1.0% 
2014-04-14 01:30:12,864 INFO org.apache.hadoop.mapred.TaskTracker: attempt_201404140127_0001_m_000011_0 0.49211603% 
2014-04-14 01:30:14,423 INFO org.apache.hadoop.mapred.TaskTracker: attempt_201404140127_0001_m_000010_0 1.0% 
2014-04-14 01:30:15,552 INFO org.apache.hadoop.mapred.TaskTracker: attempt_201404140127_0001_m_000009_0 1.0% 
2014-04-14 01:30:15,940 INFO org.apache.hadoop.mapred.TaskTracker: attempt_201404140127_0001_m_000011_0 1.0% 
2014-04-14 01:30:17,466 INFO org.apache.hadoop.mapred.TaskTracker: attempt_201404140127_0001_m_000010_0 1.0% 
2014-04-14 01:30:17,834 INFO org.apache.hadoop.mapred.TaskTracker: Task attempt_201404140127_0001_m_000009_0 is in commit-pending, task state:COMMIT_PENDING
2014-04-14 01:30:17,834 INFO org.apache.hadoop.mapred.TaskTracker: attempt_201404140127_0001_m_000009_0 1.0% 
2014-04-14 01:30:18,196 INFO org.apache.hadoop.mapred.TaskTracker: Task attempt_201404140127_0001_m_000010_0 is in commit-pending, task state:COMMIT_PENDING
2014-04-14 01:30:18,196 INFO org.apache.hadoop.mapred.TaskTracker: attempt_201404140127_0001_m_000010_0 1.0% 
2014-04-14 01:30:18,588 INFO org.apache.hadoop.mapred.TaskTracker: attempt_201404140127_0001_m_000009_0 1.0% 
2014-04-14 01:30:18,980 INFO org.apache.hadoop.mapred.TaskTracker: attempt_201404140127_0001_m_000011_0 1.0% 
2014-04-14 01:30:20,460 INFO org.apache.hadoop.mapred.TaskTracker: LaunchTaskAction (registerTask): attempt_201404140127_0001_m_000013_0 task's state:UNASSIGNED
2014-04-14 01:30:20,462 INFO org.apache.hadoop.mapred.TaskTracker: LaunchTaskAction (registerTask): attempt_201404140127_0001_m_000014_0 task's state:UNASSIGNED
2014-04-14 01:30:20,462 INFO org.apache.hadoop.mapred.TaskTracker: Received commit task action for attempt_201404140127_0001_m_000009_0
2014-04-14 01:30:20,462 INFO org.apache.hadoop.mapred.TaskTracker: Trying to launch : attempt_201404140127_0001_m_000013_0 which needs 1 slots
2014-04-14 01:30:20,462 INFO org.apache.hadoop.mapred.TaskTracker: Received commit task action for attempt_201404140127_0001_m_000010_0
2014-04-14 01:30:20,462 INFO org.apache.hadoop.mapred.TaskTracker: TaskLauncher : Waiting for 1 to launch attempt_201404140127_0001_m_000013_0, currently we have 0 free slots
2014-04-14 01:30:20,506 INFO org.apache.hadoop.mapred.TaskTracker: attempt_201404140127_0001_m_000010_0 1.0% 
2014-04-14 01:30:20,810 INFO org.apache.hadoop.mapred.TaskTracker: attempt_201404140127_0001_m_000012_0 1.0% 
2014-04-14 01:30:21,626 INFO org.apache.hadoop.mapred.TaskTracker: attempt_201404140127_0001_m_000009_0 1.0% 
2014-04-14 01:30:21,631 INFO org.apache.hadoop.mapred.TaskTracker: attempt_201404140127_0001_m_000009_0 1.0% 
2014-04-14 01:30:21,634 INFO org.apache.hadoop.mapred.TaskTracker: Task attempt_201404140127_0001_m_000009_0 is done.
2014-04-14 01:30:21,634 INFO org.apache.hadoop.mapred.TaskTracker: reported output size for attempt_201404140127_0001_m_000009_0  was -1
2014-04-14 01:30:21,634 INFO org.apache.hadoop.mapred.TaskTracker: addFreeSlot : current free slots : 1
2014-04-14 01:30:21,635 INFO org.apache.hadoop.mapred.TaskTracker: In TaskLauncher, current free slots : 1 and trying to launch attempt_201404140127_0001_m_000013_0 which needs 1 slots
2014-04-14 01:30:21,635 INFO org.apache.hadoop.mapred.TaskTracker: Trying to launch : attempt_201404140127_0001_m_000014_0 which needs 1 slots
2014-04-14 01:30:21,635 INFO org.apache.hadoop.mapred.TaskTracker: TaskLauncher : Waiting for 1 to launch attempt_201404140127_0001_m_000014_0, currently we have 0 free slots
2014-04-14 01:30:21,644 INFO org.apache.hadoop.mapred.JvmManager: Killing JVM: jvm_201404140127_0001_m_557750808
2014-04-14 01:30:21,649 INFO org.apache.hadoop.mapred.JvmManager: In JvmRunner constructed JVM ID: jvm_201404140127_0001_m_1561514720
2014-04-14 01:30:21,649 INFO org.apache.hadoop.mapred.JvmManager: JVM Runner jvm_201404140127_0001_m_1561514720 spawned.
2014-04-14 01:30:21,652 INFO org.apache.hadoop.mapred.TaskController: Writing commands to /tmp/hadoop/hadoop-mgrossman/mapred/local/ttprivate/taskTracker/mgrossman/jobcache/job_201404140127_0001/attempt_201404140127_0001_m_000013_0/taskjvm.sh
2014-04-14 01:30:22,015 INFO org.apache.hadoop.mapred.TaskTracker: attempt_201404140127_0001_m_000011_0 1.0% 
2014-04-14 01:30:22,651 INFO org.apache.hadoop.mapred.TaskTracker: JVM with ID: jvm_201404140127_0001_m_1561514720 given task: attempt_201404140127_0001_m_000013_0
2014-04-14 01:30:22,872 INFO org.apache.hadoop.mapred.JvmManager: JVM : jvm_201404140127_0001_m_557750808 exited with exit code 0. Number of tasks it ran: 1
2014-04-14 01:30:23,091 INFO org.apache.hadoop.mapred.TaskTracker: Task attempt_201404140127_0001_m_000011_0 is in commit-pending, task state:COMMIT_PENDING
2014-04-14 01:30:23,092 INFO org.apache.hadoop.mapred.TaskTracker: attempt_201404140127_0001_m_000011_0 1.0% 
2014-04-14 01:30:23,477 INFO org.apache.hadoop.mapred.TaskTracker: LaunchTaskAction (registerTask): attempt_201404140127_0001_m_000015_0 task's state:UNASSIGNED
2014-04-14 01:30:23,477 INFO org.apache.hadoop.mapred.TaskTracker: Received commit task action for attempt_201404140127_0001_m_000011_0
2014-04-14 01:30:23,540 INFO org.apache.hadoop.mapred.TaskTracker: attempt_201404140127_0001_m_000010_0 1.0% 
2014-04-14 01:30:23,545 INFO org.apache.hadoop.mapred.TaskTracker: attempt_201404140127_0001_m_000010_0 1.0% 
2014-04-14 01:30:23,547 INFO org.apache.hadoop.mapred.TaskTracker: Task attempt_201404140127_0001_m_000010_0 is done.
2014-04-14 01:30:23,547 INFO org.apache.hadoop.mapred.TaskTracker: reported output size for attempt_201404140127_0001_m_000010_0  was -1
2014-04-14 01:30:23,548 INFO org.apache.hadoop.mapred.TaskTracker: addFreeSlot : current free slots : 1
2014-04-14 01:30:23,548 INFO org.apache.hadoop.mapred.TaskTracker: In TaskLauncher, current free slots : 1 and trying to launch attempt_201404140127_0001_m_000014_0 which needs 1 slots
2014-04-14 01:30:23,549 INFO org.apache.hadoop.mapred.TaskTracker: Trying to launch : attempt_201404140127_0001_m_000015_0 which needs 1 slots
2014-04-14 01:30:23,549 INFO org.apache.hadoop.mapred.TaskTracker: TaskLauncher : Waiting for 1 to launch attempt_201404140127_0001_m_000015_0, currently we have 0 free slots
2014-04-14 01:30:23,562 INFO org.apache.hadoop.mapred.JvmManager: Killing JVM: jvm_201404140127_0001_m_147728022
2014-04-14 01:30:23,571 INFO org.apache.hadoop.mapred.JvmManager: In JvmRunner constructed JVM ID: jvm_201404140127_0001_m_1430354053
2014-04-14 01:30:23,572 INFO org.apache.hadoop.mapred.JvmManager: JVM Runner jvm_201404140127_0001_m_1430354053 spawned.
2014-04-14 01:30:23,573 INFO org.apache.hadoop.mapred.TaskController: Writing commands to /tmp/hadoop/hadoop-mgrossman/mapred/local/ttprivate/taskTracker/mgrossman/jobcache/job_201404140127_0001/attempt_201404140127_0001_m_000014_0/taskjvm.sh
2014-04-14 01:30:23,850 INFO org.apache.hadoop.mapred.TaskTracker: attempt_201404140127_0001_m_000012_0 1.0% 
2014-04-14 01:30:24,538 INFO org.apache.hadoop.mapred.TaskTracker: JVM with ID: jvm_201404140127_0001_m_1430354053 given task: attempt_201404140127_0001_m_000014_0
2014-04-14 01:30:25,065 INFO org.apache.hadoop.mapred.TaskTracker: attempt_201404140127_0001_m_000011_0 1.0% 
2014-04-14 01:30:25,070 INFO org.apache.hadoop.mapred.TaskTracker: attempt_201404140127_0001_m_000011_0 1.0% 
2014-04-14 01:30:25,072 INFO org.apache.hadoop.mapred.TaskTracker: Task attempt_201404140127_0001_m_000011_0 is done.
2014-04-14 01:30:25,072 INFO org.apache.hadoop.mapred.TaskTracker: reported output size for attempt_201404140127_0001_m_000011_0  was -1
2014-04-14 01:30:25,073 INFO org.apache.hadoop.mapred.TaskTracker: addFreeSlot : current free slots : 1
2014-04-14 01:30:25,073 INFO org.apache.hadoop.mapred.TaskTracker: In TaskLauncher, current free slots : 1 and trying to launch attempt_201404140127_0001_m_000015_0 which needs 1 slots
2014-04-14 01:30:25,088 INFO org.apache.hadoop.mapred.JvmManager: Killing JVM: jvm_201404140127_0001_m_168218576
2014-04-14 01:30:25,096 INFO org.apache.hadoop.mapred.JvmManager: In JvmRunner constructed JVM ID: jvm_201404140127_0001_m_2084183567
2014-04-14 01:30:25,096 INFO org.apache.hadoop.mapred.JvmManager: JVM Runner jvm_201404140127_0001_m_2084183567 spawned.
2014-04-14 01:30:25,098 INFO org.apache.hadoop.mapred.TaskController: Writing commands to /tmp/hadoop/hadoop-mgrossman/mapred/local/ttprivate/taskTracker/mgrossman/jobcache/job_201404140127_0001/attempt_201404140127_0001_m_000015_0/taskjvm.sh
2014-04-14 01:30:25,149 INFO org.apache.hadoop.mapred.JvmManager: JVM : jvm_201404140127_0001_m_147728022 exited with exit code 0. Number of tasks it ran: 1
2014-04-14 01:30:25,685 INFO org.apache.hadoop.mapred.JvmManager: JVM : jvm_201404140127_0001_m_168218576 exited with exit code 0. Number of tasks it ran: 1
2014-04-14 01:30:25,896 INFO org.apache.hadoop.mapred.TaskTracker: Task attempt_201404140127_0001_m_000012_0 is in commit-pending, task state:COMMIT_PENDING
2014-04-14 01:30:25,896 INFO org.apache.hadoop.mapred.TaskTracker: attempt_201404140127_0001_m_000012_0 1.0% 
2014-04-14 01:30:26,496 INFO org.apache.hadoop.mapred.TaskTracker: LaunchTaskAction (registerTask): attempt_201404140127_0001_m_000016_0 task's state:UNASSIGNED
2014-04-14 01:30:26,497 INFO org.apache.hadoop.mapred.TaskTracker: Trying to launch : attempt_201404140127_0001_m_000016_0 which needs 1 slots
2014-04-14 01:30:26,497 INFO org.apache.hadoop.mapred.TaskTracker: TaskLauncher : Waiting for 1 to launch attempt_201404140127_0001_m_000016_0, currently we have 0 free slots
2014-04-14 01:30:26,497 INFO org.apache.hadoop.mapred.TaskTracker: Received commit task action for attempt_201404140127_0001_m_000012_0
2014-04-14 01:30:26,885 INFO org.apache.hadoop.mapred.TaskTracker: JVM with ID: jvm_201404140127_0001_m_2084183567 given task: attempt_201404140127_0001_m_000015_0
2014-04-14 01:30:26,887 INFO org.apache.hadoop.mapred.TaskTracker: attempt_201404140127_0001_m_000012_0 1.0% 
2014-04-14 01:30:29,515 INFO org.apache.hadoop.mapred.TaskTracker: attempt_201404140127_0001_m_000013_0 1.0% 
2014-04-14 01:30:29,923 INFO org.apache.hadoop.mapred.TaskTracker: attempt_201404140127_0001_m_000012_0 1.0% 
2014-04-14 01:30:29,927 INFO org.apache.hadoop.mapred.TaskTracker: attempt_201404140127_0001_m_000012_0 1.0% 
2014-04-14 01:30:29,929 INFO org.apache.hadoop.mapred.TaskTracker: Task attempt_201404140127_0001_m_000012_0 is done.
2014-04-14 01:30:29,929 INFO org.apache.hadoop.mapred.TaskTracker: reported output size for attempt_201404140127_0001_m_000012_0  was -1
2014-04-14 01:30:29,930 INFO org.apache.hadoop.mapred.TaskTracker: addFreeSlot : current free slots : 1
2014-04-14 01:30:29,930 INFO org.apache.hadoop.mapred.TaskTracker: In TaskLauncher, current free slots : 1 and trying to launch attempt_201404140127_0001_m_000016_0 which needs 1 slots
2014-04-14 01:30:29,939 INFO org.apache.hadoop.mapred.JvmManager: Killing JVM: jvm_201404140127_0001_m_2135244623
2014-04-14 01:30:29,942 INFO org.apache.hadoop.mapred.JvmManager: In JvmRunner constructed JVM ID: jvm_201404140127_0001_m_1472371497
2014-04-14 01:30:29,942 INFO org.apache.hadoop.mapred.JvmManager: JVM Runner jvm_201404140127_0001_m_1472371497 spawned.
2014-04-14 01:30:29,944 INFO org.apache.hadoop.mapred.TaskController: Writing commands to /tmp/hadoop/hadoop-mgrossman/mapred/local/ttprivate/taskTracker/mgrossman/jobcache/job_201404140127_0001/attempt_201404140127_0001_m_000016_0/taskjvm.sh
2014-04-14 01:30:30,598 INFO org.apache.hadoop.mapred.JvmManager: JVM : jvm_201404140127_0001_m_2135244623 exited with exit code 0. Number of tasks it ran: 1
2014-04-14 01:30:31,265 INFO org.apache.hadoop.mapred.TaskTracker: JVM with ID: jvm_201404140127_0001_m_1472371497 given task: attempt_201404140127_0001_m_000016_0
2014-04-14 01:30:31,726 INFO org.apache.hadoop.mapred.TaskTracker: attempt_201404140127_0001_m_000014_0 1.0% 
2014-04-14 01:30:32,588 INFO org.apache.hadoop.mapred.TaskTracker: attempt_201404140127_0001_m_000013_0 1.0% 
2014-04-14 01:30:34,105 INFO org.apache.hadoop.mapred.TaskTracker: attempt_201404140127_0001_m_000015_0 0.66396064% 
2014-04-14 01:30:34,771 INFO org.apache.hadoop.mapred.TaskTracker: attempt_201404140127_0001_m_000014_0 1.0% 
2014-04-14 01:30:35,620 INFO org.apache.hadoop.mapred.TaskTracker: attempt_201404140127_0001_m_000013_0 1.0% 
2014-04-14 01:30:35,623 INFO org.apache.hadoop.mapred.TaskTracker: Task attempt_201404140127_0001_m_000013_0 is in commit-pending, task state:COMMIT_PENDING
2014-04-14 01:30:35,623 INFO org.apache.hadoop.mapred.TaskTracker: attempt_201404140127_0001_m_000013_0 1.0% 
2014-04-14 01:30:37,169 INFO org.apache.hadoop.mapred.TaskTracker: attempt_201404140127_0001_m_000015_0 1.0% 
2014-04-14 01:30:38,536 INFO org.apache.hadoop.mapred.TaskTracker: LaunchTaskAction (registerTask): attempt_201404140127_0001_m_000017_0 task's state:UNASSIGNED
2014-04-14 01:30:38,537 INFO org.apache.hadoop.mapred.TaskTracker: Received commit task action for attempt_201404140127_0001_m_000013_0
2014-04-14 01:30:38,537 INFO org.apache.hadoop.mapred.TaskTracker: Trying to launch : attempt_201404140127_0001_m_000017_0 which needs 1 slots
2014-04-14 01:30:38,537 INFO org.apache.hadoop.mapred.TaskTracker: TaskLauncher : Waiting for 1 to launch attempt_201404140127_0001_m_000017_0, currently we have 0 free slots
2014-04-14 01:30:38,654 INFO org.apache.hadoop.mapred.TaskTracker: attempt_201404140127_0001_m_000016_0 1.0% 
2014-04-14 01:30:38,663 INFO org.apache.hadoop.mapred.TaskTracker: attempt_201404140127_0001_m_000013_0 1.0% 
2014-04-14 01:30:40,207 INFO org.apache.hadoop.mapred.TaskTracker: attempt_201404140127_0001_m_000015_0 1.0% 
2014-04-14 01:30:40,812 INFO org.apache.hadoop.mapred.TaskTracker: attempt_201404140127_0001_m_000014_0 1.0% 
2014-04-14 01:30:41,699 INFO org.apache.hadoop.mapred.TaskTracker: attempt_201404140127_0001_m_000013_0 1.0% 
2014-04-14 01:30:41,700 INFO org.apache.hadoop.mapred.TaskTracker: attempt_201404140127_0001_m_000016_0 1.0% 
2014-04-14 01:30:41,702 INFO org.apache.hadoop.mapred.TaskTracker: attempt_201404140127_0001_m_000013_0 1.0% 
2014-04-14 01:30:41,704 INFO org.apache.hadoop.mapred.TaskTracker: Task attempt_201404140127_0001_m_000013_0 is done.
2014-04-14 01:30:41,704 INFO org.apache.hadoop.mapred.TaskTracker: reported output size for attempt_201404140127_0001_m_000013_0  was -1
2014-04-14 01:30:41,705 INFO org.apache.hadoop.mapred.TaskTracker: addFreeSlot : current free slots : 1
2014-04-14 01:30:41,705 INFO org.apache.hadoop.mapred.TaskTracker: In TaskLauncher, current free slots : 1 and trying to launch attempt_201404140127_0001_m_000017_0 which needs 1 slots
2014-04-14 01:30:41,715 INFO org.apache.hadoop.mapred.JvmManager: Killing JVM: jvm_201404140127_0001_m_1561514720
2014-04-14 01:30:41,719 INFO org.apache.hadoop.mapred.JvmManager: In JvmRunner constructed JVM ID: jvm_201404140127_0001_m_1451837781
2014-04-14 01:30:41,719 INFO org.apache.hadoop.mapred.JvmManager: JVM Runner jvm_201404140127_0001_m_1451837781 spawned.
2014-04-14 01:30:41,721 INFO org.apache.hadoop.mapred.TaskController: Writing commands to /tmp/hadoop/hadoop-mgrossman/mapred/local/ttprivate/taskTracker/mgrossman/jobcache/job_201404140127_0001/attempt_201404140127_0001_m_000017_0/taskjvm.sh
2014-04-14 01:30:42,951 INFO org.apache.hadoop.mapred.TaskTracker: JVM with ID: jvm_201404140127_0001_m_1451837781 given task: attempt_201404140127_0001_m_000017_0
2014-04-14 01:30:43,247 INFO org.apache.hadoop.mapred.TaskTracker: attempt_201404140127_0001_m_000015_0 1.0% 
2014-04-14 01:30:43,863 INFO org.apache.hadoop.mapred.TaskTracker: attempt_201404140127_0001_m_000014_0 1.0% 
2014-04-14 01:30:44,451 INFO org.apache.hadoop.mapred.JvmManager: JVM : jvm_201404140127_0001_m_1561514720 exited with exit code 0. Number of tasks it ran: 1
2014-04-14 01:30:44,690 INFO org.apache.hadoop.mapred.TaskTracker: Task attempt_201404140127_0001_m_000014_0 is in commit-pending, task state:COMMIT_PENDING
2014-04-14 01:30:44,690 INFO org.apache.hadoop.mapred.TaskTracker: attempt_201404140127_0001_m_000014_0 1.0% 
2014-04-14 01:30:47,179 INFO org.apache.hadoop.mapred.TaskTracker: Task attempt_201404140127_0001_m_000015_0 is in commit-pending, task state:COMMIT_PENDING
2014-04-14 01:30:47,180 INFO org.apache.hadoop.mapred.TaskTracker: attempt_201404140127_0001_m_000015_0 1.0% 
2014-04-14 01:30:47,533 INFO org.apache.hadoop.mapred.TaskTracker: Task attempt_201404140127_0001_m_000016_0 is in commit-pending, task state:COMMIT_PENDING
2014-04-14 01:30:47,534 INFO org.apache.hadoop.mapred.TaskTracker: attempt_201404140127_0001_m_000016_0 1.0% 
2014-04-14 01:30:47,578 INFO org.apache.hadoop.mapred.TaskTracker: LaunchTaskAction (registerTask): attempt_201404140127_0001_m_000018_0 task's state:UNASSIGNED
2014-04-14 01:30:47,578 INFO org.apache.hadoop.mapred.TaskTracker: LaunchTaskAction (registerTask): attempt_201404140127_0001_m_000019_0 task's state:UNASSIGNED
2014-04-14 01:30:47,578 INFO org.apache.hadoop.mapred.TaskTracker: Received commit task action for attempt_201404140127_0001_m_000014_0
2014-04-14 01:30:47,579 INFO org.apache.hadoop.mapred.TaskTracker: Trying to launch : attempt_201404140127_0001_m_000018_0 which needs 1 slots
2014-04-14 01:30:47,579 INFO org.apache.hadoop.mapred.TaskTracker: Received commit task action for attempt_201404140127_0001_m_000015_0
2014-04-14 01:30:47,579 INFO org.apache.hadoop.mapred.TaskTracker: TaskLauncher : Waiting for 1 to launch attempt_201404140127_0001_m_000018_0, currently we have 0 free slots
2014-04-14 01:30:47,579 INFO org.apache.hadoop.mapred.TaskTracker: Received commit task action for attempt_201404140127_0001_m_000016_0
2014-04-14 01:30:47,750 INFO org.apache.hadoop.mapred.TaskTracker: attempt_201404140127_0001_m_000016_0 1.0% 
2014-04-14 01:30:49,287 INFO org.apache.hadoop.mapred.TaskTracker: attempt_201404140127_0001_m_000015_0 1.0% 
2014-04-14 01:30:49,291 INFO org.apache.hadoop.mapred.TaskTracker: attempt_201404140127_0001_m_000015_0 1.0% 
2014-04-14 01:30:49,293 INFO org.apache.hadoop.mapred.TaskTracker: Task attempt_201404140127_0001_m_000015_0 is done.
2014-04-14 01:30:49,293 INFO org.apache.hadoop.mapred.TaskTracker: reported output size for attempt_201404140127_0001_m_000015_0  was -1
2014-04-14 01:30:49,294 INFO org.apache.hadoop.mapred.TaskTracker: addFreeSlot : current free slots : 1
2014-04-14 01:30:49,294 INFO org.apache.hadoop.mapred.TaskTracker: In TaskLauncher, current free slots : 1 and trying to launch attempt_201404140127_0001_m_000018_0 which needs 1 slots
2014-04-14 01:30:49,294 INFO org.apache.hadoop.mapred.TaskTracker: Trying to launch : attempt_201404140127_0001_m_000019_0 which needs 1 slots
2014-04-14 01:30:49,294 INFO org.apache.hadoop.mapred.TaskTracker: TaskLauncher : Waiting for 1 to launch attempt_201404140127_0001_m_000019_0, currently we have 0 free slots
2014-04-14 01:30:49,303 INFO org.apache.hadoop.mapred.JvmManager: Killing JVM: jvm_201404140127_0001_m_2084183567
2014-04-14 01:30:49,307 INFO org.apache.hadoop.mapred.JvmManager: In JvmRunner constructed JVM ID: jvm_201404140127_0001_m_2021108879
2014-04-14 01:30:49,307 INFO org.apache.hadoop.mapred.JvmManager: JVM Runner jvm_201404140127_0001_m_2021108879 spawned.
2014-04-14 01:30:49,310 INFO org.apache.hadoop.mapred.TaskController: Writing commands to /tmp/hadoop/hadoop-mgrossman/mapred/local/ttprivate/taskTracker/mgrossman/jobcache/job_201404140127_0001/attempt_201404140127_0001_m_000018_0/taskjvm.sh
2014-04-14 01:30:49,628 INFO org.apache.hadoop.mapred.JvmManager: JVM : jvm_201404140127_0001_m_2084183567 exited with exit code 0. Number of tasks it ran: 1
2014-04-14 01:30:49,900 INFO org.apache.hadoop.mapred.TaskTracker: attempt_201404140127_0001_m_000014_0 1.0% 
2014-04-14 01:30:49,908 INFO org.apache.hadoop.mapred.TaskTracker: attempt_201404140127_0001_m_000014_0 1.0% 
2014-04-14 01:30:49,909 INFO org.apache.hadoop.mapred.TaskTracker: Task attempt_201404140127_0001_m_000014_0 is done.
2014-04-14 01:30:49,910 INFO org.apache.hadoop.mapred.TaskTracker: reported output size for attempt_201404140127_0001_m_000014_0  was -1
2014-04-14 01:30:49,910 INFO org.apache.hadoop.mapred.TaskTracker: addFreeSlot : current free slots : 1
2014-04-14 01:30:49,911 INFO org.apache.hadoop.mapred.TaskTracker: In TaskLauncher, current free slots : 1 and trying to launch attempt_201404140127_0001_m_000019_0 which needs 1 slots
2014-04-14 01:30:49,921 INFO org.apache.hadoop.mapred.JvmManager: Killing JVM: jvm_201404140127_0001_m_1430354053
2014-04-14 01:30:49,924 INFO org.apache.hadoop.mapred.JvmManager: In JvmRunner constructed JVM ID: jvm_201404140127_0001_m_1386403663
2014-04-14 01:30:49,924 INFO org.apache.hadoop.mapred.JvmManager: JVM Runner jvm_201404140127_0001_m_1386403663 spawned.
2014-04-14 01:30:49,927 INFO org.apache.hadoop.mapred.TaskController: Writing commands to /tmp/hadoop/hadoop-mgrossman/mapred/local/ttprivate/taskTracker/mgrossman/jobcache/job_201404140127_0001/attempt_201404140127_0001_m_000019_0/taskjvm.sh
2014-04-14 01:30:50,242 INFO org.apache.hadoop.mapred.TaskTracker: attempt_201404140127_0001_m_000017_0 1.0% 
2014-04-14 01:30:50,385 INFO org.apache.hadoop.mapred.TaskTracker: JVM with ID: jvm_201404140127_0001_m_2021108879 given task: attempt_201404140127_0001_m_000018_0
2014-04-14 01:30:50,788 INFO org.apache.hadoop.mapred.TaskTracker: attempt_201404140127_0001_m_000016_0 1.0% 
2014-04-14 01:30:50,799 INFO org.apache.hadoop.mapred.TaskTracker: attempt_201404140127_0001_m_000016_0 1.0% 
2014-04-14 01:30:50,802 INFO org.apache.hadoop.mapred.TaskTracker: Task attempt_201404140127_0001_m_000016_0 is done.
2014-04-14 01:30:50,802 INFO org.apache.hadoop.mapred.TaskTracker: reported output size for attempt_201404140127_0001_m_000016_0  was -1
2014-04-14 01:30:50,803 INFO org.apache.hadoop.mapred.TaskTracker: addFreeSlot : current free slots : 1
2014-04-14 01:30:51,322 INFO org.apache.hadoop.mapred.TaskTracker: JVM with ID: jvm_201404140127_0001_m_1386403663 given task: attempt_201404140127_0001_m_000019_0
2014-04-14 01:30:51,713 INFO org.apache.hadoop.mapred.JvmManager: JVM : jvm_201404140127_0001_m_1430354053 exited with exit code 0. Number of tasks it ran: 1
2014-04-14 01:30:51,733 INFO org.apache.hadoop.mapred.JvmManager: JVM : jvm_201404140127_0001_m_1472371497 exited with exit code 0. Number of tasks it ran: 1
2014-04-14 01:30:52,362 INFO org.apache.hadoop.mapred.TaskTracker: Task attempt_201404140127_0001_m_000017_0 is in commit-pending, task state:COMMIT_PENDING
2014-04-14 01:30:52,362 INFO org.apache.hadoop.mapred.TaskTracker: attempt_201404140127_0001_m_000017_0 1.0% 
2014-04-14 01:30:53,278 INFO org.apache.hadoop.mapred.TaskTracker: attempt_201404140127_0001_m_000017_0 1.0% 
2014-04-14 01:30:53,609 INFO org.apache.hadoop.mapred.TaskTracker: Received commit task action for attempt_201404140127_0001_m_000017_0
2014-04-14 01:30:56,319 INFO org.apache.hadoop.mapred.TaskTracker: attempt_201404140127_0001_m_000017_0 1.0% 
2014-04-14 01:30:56,324 INFO org.apache.hadoop.mapred.TaskTracker: attempt_201404140127_0001_m_000017_0 1.0% 
2014-04-14 01:30:56,326 INFO org.apache.hadoop.mapred.TaskTracker: Task attempt_201404140127_0001_m_000017_0 is done.
2014-04-14 01:30:56,326 INFO org.apache.hadoop.mapred.TaskTracker: reported output size for attempt_201404140127_0001_m_000017_0  was -1
2014-04-14 01:30:56,327 INFO org.apache.hadoop.mapred.TaskTracker: addFreeSlot : current free slots : 2
2014-04-14 01:30:57,776 INFO org.apache.hadoop.mapred.TaskTracker: attempt_201404140127_0001_m_000018_0 1.0% 
2014-04-14 01:30:58,346 INFO org.apache.hadoop.mapred.TaskTracker: attempt_201404140127_0001_m_000019_0 1.0% 
2014-04-14 01:30:59,055 INFO org.apache.hadoop.mapred.JvmManager: JVM : jvm_201404140127_0001_m_1451837781 exited with exit code 0. Number of tasks it ran: 1
2014-04-14 01:31:00,817 INFO org.apache.hadoop.mapred.TaskTracker: attempt_201404140127_0001_m_000018_0 1.0% 
2014-04-14 01:31:01,384 INFO org.apache.hadoop.mapred.TaskTracker: attempt_201404140127_0001_m_000019_0 1.0% 
2014-04-14 01:31:03,858 INFO org.apache.hadoop.mapred.TaskTracker: attempt_201404140127_0001_m_000018_0 1.0% 
2014-04-14 01:31:04,277 INFO org.apache.hadoop.mapred.TaskTracker: Task attempt_201404140127_0001_m_000019_0 is in commit-pending, task state:COMMIT_PENDING
2014-04-14 01:31:04,277 INFO org.apache.hadoop.mapred.TaskTracker: attempt_201404140127_0001_m_000019_0 1.0% 
2014-04-14 01:31:04,422 INFO org.apache.hadoop.mapred.TaskTracker: attempt_201404140127_0001_m_000019_0 1.0% 
2014-04-14 01:31:04,733 INFO org.apache.hadoop.mapred.TaskTracker: Task attempt_201404140127_0001_m_000018_0 is in commit-pending, task state:COMMIT_PENDING
2014-04-14 01:31:04,733 INFO org.apache.hadoop.mapred.TaskTracker: attempt_201404140127_0001_m_000018_0 1.0% 
2014-04-14 01:31:05,646 INFO org.apache.hadoop.mapred.TaskTracker: Received commit task action for attempt_201404140127_0001_m_000018_0
2014-04-14 01:31:05,646 INFO org.apache.hadoop.mapred.TaskTracker: Received commit task action for attempt_201404140127_0001_m_000019_0
2014-04-14 01:31:06,894 INFO org.apache.hadoop.mapred.TaskTracker: attempt_201404140127_0001_m_000018_0 1.0% 
2014-04-14 01:31:06,898 INFO org.apache.hadoop.mapred.TaskTracker: attempt_201404140127_0001_m_000018_0 1.0% 
2014-04-14 01:31:06,901 INFO org.apache.hadoop.mapred.TaskTracker: Task attempt_201404140127_0001_m_000018_0 is done.
2014-04-14 01:31:06,901 INFO org.apache.hadoop.mapred.TaskTracker: reported output size for attempt_201404140127_0001_m_000018_0  was -1
2014-04-14 01:31:06,902 INFO org.apache.hadoop.mapred.TaskTracker: addFreeSlot : current free slots : 3
2014-04-14 01:31:07,226 INFO org.apache.hadoop.mapred.JvmManager: JVM : jvm_201404140127_0001_m_2021108879 exited with exit code 0. Number of tasks it ran: 1
2014-04-14 01:31:07,455 INFO org.apache.hadoop.mapred.TaskTracker: attempt_201404140127_0001_m_000019_0 1.0% 
2014-04-14 01:31:07,460 INFO org.apache.hadoop.mapred.TaskTracker: attempt_201404140127_0001_m_000019_0 1.0% 
2014-04-14 01:31:07,462 INFO org.apache.hadoop.mapred.TaskTracker: Task attempt_201404140127_0001_m_000019_0 is done.
2014-04-14 01:31:07,462 INFO org.apache.hadoop.mapred.TaskTracker: reported output size for attempt_201404140127_0001_m_000019_0  was -1
2014-04-14 01:31:07,463 INFO org.apache.hadoop.mapred.TaskTracker: addFreeSlot : current free slots : 4
2014-04-14 01:31:07,819 INFO org.apache.hadoop.mapred.JvmManager: JVM : jvm_201404140127_0001_m_1386403663 exited with exit code 0. Number of tasks it ran: 1
2014-04-14 01:31:08,676 INFO org.apache.hadoop.mapred.TaskTracker: LaunchTaskAction (registerTask): attempt_201404140127_0001_m_000020_0 task's state:UNASSIGNED
2014-04-14 01:31:08,676 INFO org.apache.hadoop.mapred.TaskTracker: Trying to launch : attempt_201404140127_0001_m_000020_0 which needs 1 slots
2014-04-14 01:31:08,677 INFO org.apache.hadoop.mapred.TaskTracker: In TaskLauncher, current free slots : 4 and trying to launch attempt_201404140127_0001_m_000020_0 which needs 1 slots
2014-04-14 01:31:08,686 INFO org.apache.hadoop.mapred.JvmManager: In JvmRunner constructed JVM ID: jvm_201404140127_0001_m_1677938429
2014-04-14 01:31:08,687 INFO org.apache.hadoop.mapred.JvmManager: JVM Runner jvm_201404140127_0001_m_1677938429 spawned.
2014-04-14 01:31:08,689 INFO org.apache.hadoop.mapred.TaskController: Writing commands to /tmp/hadoop/hadoop-mgrossman/mapred/local/ttprivate/taskTracker/mgrossman/jobcache/job_201404140127_0001/attempt_201404140127_0001_m_000020_0/taskjvm.sh
2014-04-14 01:31:09,811 INFO org.apache.hadoop.mapred.TaskTracker: JVM with ID: jvm_201404140127_0001_m_1677938429 given task: attempt_201404140127_0001_m_000020_0
2014-04-14 01:31:10,691 INFO org.apache.hadoop.mapred.TaskTracker: attempt_201404140127_0001_m_000020_0 0.0% 
2014-04-14 01:31:13,584 INFO org.apache.hadoop.mapred.TaskTracker: attempt_201404140127_0001_m_000020_0 0.0% cleanup
2014-04-14 01:31:13,587 INFO org.apache.hadoop.mapred.TaskTracker: Task attempt_201404140127_0001_m_000020_0 is done.
2014-04-14 01:31:13,587 INFO org.apache.hadoop.mapred.TaskTracker: reported output size for attempt_201404140127_0001_m_000020_0  was -1
2014-04-14 01:31:13,587 INFO org.apache.hadoop.mapred.TaskTracker: addFreeSlot : current free slots : 4
2014-04-14 01:31:13,738 INFO org.apache.hadoop.mapred.JvmManager: JVM : jvm_201404140127_0001_m_1677938429 exited with exit code 0. Number of tasks it ran: 1
2014-04-14 01:31:14,774 INFO org.apache.hadoop.mapred.TaskTracker: Received 'KillJobAction' for job: job_201404140127_0001
2014-04-14 01:31:14,774 INFO org.apache.hadoop.mapred.IndexCache: Map ID attempt_201404140127_0001_m_000018_0 not found in cache
2014-04-14 01:31:14,774 INFO org.apache.hadoop.mapred.IndexCache: Map ID attempt_201404140127_0001_m_000013_0 not found in cache
2014-04-14 01:31:14,775 INFO org.apache.hadoop.mapred.IndexCache: Map ID attempt_201404140127_0001_m_000001_0 not found in cache
2014-04-14 01:31:14,775 INFO org.apache.hadoop.mapred.IndexCache: Map ID attempt_201404140127_0001_m_000007_0 not found in cache
2014-04-14 01:31:14,775 INFO org.apache.hadoop.mapred.IndexCache: Map ID attempt_201404140127_0001_m_000019_0 not found in cache
2014-04-14 01:31:14,776 INFO org.apache.hadoop.mapred.IndexCache: Map ID attempt_201404140127_0001_m_000014_0 not found in cache
2014-04-14 01:31:14,776 INFO org.apache.hadoop.mapred.IndexCache: Map ID attempt_201404140127_0001_m_000000_0 not found in cache
2014-04-14 01:31:14,776 INFO org.apache.hadoop.mapred.IndexCache: Map ID attempt_201404140127_0001_m_000015_0 not found in cache
2014-04-14 01:31:14,777 INFO org.apache.hadoop.mapred.IndexCache: Map ID attempt_201404140127_0001_m_000003_0 not found in cache
2014-04-14 01:31:14,777 INFO org.apache.hadoop.mapred.IndexCache: Map ID attempt_201404140127_0001_m_000008_0 not found in cache
2014-04-14 01:31:14,777 INFO org.apache.hadoop.mapred.IndexCache: Map ID attempt_201404140127_0001_m_000016_0 not found in cache
2014-04-14 01:31:14,778 INFO org.apache.hadoop.mapred.IndexCache: Map ID attempt_201404140127_0001_m_000009_0 not found in cache
2014-04-14 01:31:14,778 INFO org.apache.hadoop.mapred.IndexCache: Map ID attempt_201404140127_0001_m_000002_0 not found in cache
2014-04-14 01:31:14,778 INFO org.apache.hadoop.mapred.IndexCache: Map ID attempt_201404140127_0001_m_000017_0 not found in cache
2014-04-14 01:31:14,779 INFO org.apache.hadoop.mapred.IndexCache: Map ID attempt_201404140127_0001_m_000010_0 not found in cache
2014-04-14 01:31:14,779 INFO org.apache.hadoop.mapred.IndexCache: Map ID attempt_201404140127_0001_m_000004_0 not found in cache
2014-04-14 01:31:14,779 INFO org.apache.hadoop.mapred.IndexCache: Map ID attempt_201404140127_0001_m_000011_0 not found in cache
2014-04-14 01:31:14,780 INFO org.apache.hadoop.mapred.IndexCache: Map ID attempt_201404140127_0001_m_000005_0 not found in cache
2014-04-14 01:31:14,780 INFO org.apache.hadoop.mapred.IndexCache: Map ID attempt_201404140127_0001_m_000020_0 not found in cache
2014-04-14 01:31:14,780 INFO org.apache.hadoop.mapred.IndexCache: Map ID attempt_201404140127_0001_m_000012_0 not found in cache
2014-04-14 01:31:14,780 INFO org.apache.hadoop.mapred.IndexCache: Map ID attempt_201404140127_0001_m_000006_0 not found in cache
2014-04-14 01:31:14,782 INFO org.apache.hadoop.mapred.UserLogCleaner: Adding job_201404140127_0001 for user-log deletion with retainTimeStamp:1397543474781
