2014-04-14 04:20:19,703 INFO org.apache.hadoop.mapred.TaskTracker: STARTUP_MSG: 
/************************************************************
STARTUP_MSG: Starting TaskTracker
STARTUP_MSG:   host = node08.asa-web.amd.com/127.0.1.1
STARTUP_MSG:   args = []
STARTUP_MSG:   version = Unknown
STARTUP_MSG:   build = Unknown -r Unknown; compiled by 'Unknown' on Unknown
************************************************************/
2014-04-14 04:20:19,956 INFO org.apache.hadoop.metrics2.impl.MetricsConfig: loaded properties from hadoop-metrics2.properties
2014-04-14 04:20:20,023 INFO org.apache.hadoop.metrics2.impl.MetricsSourceAdapter: MBean for source MetricsSystem,sub=Stats registered.
2014-04-14 04:20:20,025 INFO org.apache.hadoop.metrics2.impl.MetricsSystemImpl: Scheduled snapshot period at 10 second(s).
2014-04-14 04:20:20,025 INFO org.apache.hadoop.metrics2.impl.MetricsSystemImpl: TaskTracker metrics system started
2014-04-14 04:20:20,412 INFO org.apache.hadoop.metrics2.impl.MetricsSourceAdapter: MBean for source ugi registered.
2014-04-14 04:20:20,423 WARN org.apache.hadoop.metrics2.impl.MetricsSystemImpl: Source name ugi already exists!
2014-04-14 04:20:25,725 INFO org.mortbay.log: Logging to org.slf4j.impl.Log4jLoggerAdapter(org.mortbay.log) via org.mortbay.log.Slf4jLog
2014-04-14 04:20:25,792 INFO org.apache.hadoop.http.HttpServer: Added global filtersafety (class=org.apache.hadoop.http.HttpServer$QuotingInputFilter)
2014-04-14 04:20:25,862 INFO org.apache.hadoop.mapred.TaskLogsTruncater: Initializing logs' truncater with mapRetainSize=-1 and reduceRetainSize=-1
2014-04-14 04:20:25,879 INFO org.apache.hadoop.mapred.TaskTracker: Starting tasktracker with owner as mgrossman
2014-04-14 04:20:25,881 INFO org.apache.hadoop.mapred.TaskTracker: Good mapred local directories are: /tmp/hadoop/hadoop-mgrossman/mapred/local
2014-04-14 04:20:25,892 INFO org.apache.hadoop.util.NativeCodeLoader: Loaded the native-hadoop library
2014-04-14 04:20:25,921 INFO org.apache.hadoop.metrics2.impl.MetricsSourceAdapter: MBean for source jvm registered.
2014-04-14 04:20:25,925 INFO org.apache.hadoop.metrics2.impl.MetricsSourceAdapter: MBean for source TaskTrackerMetrics registered.
2014-04-14 04:20:25,955 INFO org.apache.hadoop.ipc.Server: Starting SocketReader
2014-04-14 04:20:25,965 INFO org.apache.hadoop.metrics2.impl.MetricsSourceAdapter: MBean for source RpcDetailedActivityForPort42322 registered.
2014-04-14 04:20:25,966 INFO org.apache.hadoop.metrics2.impl.MetricsSourceAdapter: MBean for source RpcActivityForPort42322 registered.
2014-04-14 04:20:25,972 INFO org.apache.hadoop.ipc.Server: IPC Server Responder: starting
2014-04-14 04:20:25,972 INFO org.apache.hadoop.ipc.Server: IPC Server listener on 42322: starting
2014-04-14 04:20:25,976 INFO org.apache.hadoop.ipc.Server: IPC Server handler 0 on 42322: starting
2014-04-14 04:20:25,976 INFO org.apache.hadoop.ipc.Server: IPC Server handler 1 on 42322: starting
2014-04-14 04:20:25,976 INFO org.apache.hadoop.ipc.Server: IPC Server handler 2 on 42322: starting
2014-04-14 04:20:25,976 INFO org.apache.hadoop.ipc.Server: IPC Server handler 3 on 42322: starting
2014-04-14 04:20:25,977 INFO org.apache.hadoop.ipc.Server: IPC Server handler 4 on 42322: starting
2014-04-14 04:20:25,977 INFO org.apache.hadoop.ipc.Server: IPC Server handler 5 on 42322: starting
2014-04-14 04:20:25,977 INFO org.apache.hadoop.ipc.Server: IPC Server handler 6 on 42322: starting
2014-04-14 04:20:25,977 INFO org.apache.hadoop.ipc.Server: IPC Server handler 7 on 42322: starting
2014-04-14 04:20:25,978 INFO org.apache.hadoop.mapred.TaskTracker: TaskTracker up at: localhost/127.0.0.1:42322
2014-04-14 04:20:25,978 INFO org.apache.hadoop.mapred.TaskTracker: Starting tracker tracker_node08.asa-web.amd.com:localhost/127.0.0.1:42322
2014-04-14 04:20:35,913 INFO org.apache.hadoop.mapred.TaskTracker: Starting thread: Map-events fetcher for all reduce tasks on tracker_node08.asa-web.amd.com:localhost/127.0.0.1:42322
2014-04-14 04:20:35,927 INFO org.apache.hadoop.util.ProcessTree: setsid exited with exit code 0
2014-04-14 04:20:35,938 INFO org.apache.hadoop.mapred.TaskTracker:  Using ResourceCalculatorPlugin : org.apache.hadoop.util.LinuxResourceCalculatorPlugin@99a6a17
2014-04-14 04:20:35,942 WARN org.apache.hadoop.mapred.TaskTracker: TaskTracker's totalMemoryAllottedForTasks is -1. TaskMemoryManager is disabled.
2014-04-14 04:20:35,948 INFO org.apache.hadoop.mapred.IndexCache: IndexCache created with max memory = 10485760
2014-04-14 04:20:40,371 INFO org.apache.hadoop.metrics2.impl.MetricsSourceAdapter: MBean for source ShuffleServerMetrics registered.
2014-04-14 04:20:40,382 INFO org.apache.hadoop.http.HttpServer: Port returned by webServer.getConnectors()[0].getLocalPort() before open() is -1. Opening the listener on 50061
2014-04-14 04:20:40,383 INFO org.apache.hadoop.http.HttpServer: listener.getLocalPort() returned 50061 webServer.getConnectors()[0].getLocalPort() returned 50061
2014-04-14 04:20:40,383 INFO org.apache.hadoop.http.HttpServer: Jetty bound to port 50061
2014-04-14 04:20:40,383 INFO org.mortbay.log: jetty-6.1.26
2014-04-14 04:20:40,779 INFO org.mortbay.log: Started SelectChannelConnector@0.0.0.0:50061
2014-04-14 04:20:40,779 INFO org.apache.hadoop.mapred.TaskTracker: FILE_CACHE_SIZE for mapOutputServlet set to : 2000
2014-04-14 04:24:38,796 INFO org.apache.hadoop.mapred.TaskTracker: LaunchTaskAction (registerTask): attempt_201404140420_0001_m_000013_0 task's state:UNASSIGNED
2014-04-14 04:24:38,807 INFO org.apache.hadoop.mapred.TaskTracker: Trying to launch : attempt_201404140420_0001_m_000013_0 which needs 1 slots
2014-04-14 04:24:38,807 INFO org.apache.hadoop.mapred.TaskTracker: In TaskLauncher, current free slots : 4 and trying to launch attempt_201404140420_0001_m_000013_0 which needs 1 slots
2014-04-14 04:24:39,225 INFO org.apache.hadoop.mapred.JobLocalizer: Initializing user mgrossman on this TT.
2014-04-14 04:24:39,470 INFO org.apache.hadoop.mapred.JvmManager: In JvmRunner constructed JVM ID: jvm_201404140420_0001_m_588694785
2014-04-14 04:24:39,471 INFO org.apache.hadoop.mapred.JvmManager: JVM Runner jvm_201404140420_0001_m_588694785 spawned.
2014-04-14 04:24:39,473 INFO org.apache.hadoop.mapred.TaskController: Writing commands to /tmp/hadoop/hadoop-mgrossman/mapred/local/ttprivate/taskTracker/mgrossman/jobcache/job_201404140420_0001/attempt_201404140420_0001_m_000013_0/taskjvm.sh
2014-04-14 04:24:40,780 INFO org.apache.hadoop.mapred.TaskTracker: JVM with ID: jvm_201404140420_0001_m_588694785 given task: attempt_201404140420_0001_m_000013_0
2014-04-14 04:24:44,678 INFO org.apache.hadoop.mapred.TaskTracker: attempt_201404140420_0001_m_000013_0 0.0% setup
2014-04-14 04:24:44,682 INFO org.apache.hadoop.mapred.TaskTracker: Task attempt_201404140420_0001_m_000013_0 is done.
2014-04-14 04:24:44,682 INFO org.apache.hadoop.mapred.TaskTracker: reported output size for attempt_201404140420_0001_m_000013_0  was -1
2014-04-14 04:24:44,683 INFO org.apache.hadoop.mapred.TaskTracker: addFreeSlot : current free slots : 4
2014-04-14 04:24:44,849 INFO org.apache.hadoop.mapred.TaskTracker: LaunchTaskAction (registerTask): attempt_201404140420_0001_m_000000_0 task's state:UNASSIGNED
2014-04-14 04:24:44,850 INFO org.apache.hadoop.mapred.TaskTracker: LaunchTaskAction (registerTask): attempt_201404140420_0001_m_000001_0 task's state:UNASSIGNED
2014-04-14 04:24:44,850 INFO org.apache.hadoop.mapred.TaskTracker: LaunchTaskAction (registerTask): attempt_201404140420_0001_m_000002_0 task's state:UNASSIGNED
2014-04-14 04:24:44,851 INFO org.apache.hadoop.mapred.TaskTracker: LaunchTaskAction (registerTask): attempt_201404140420_0001_m_000003_0 task's state:UNASSIGNED
2014-04-14 04:24:44,851 INFO org.apache.hadoop.mapred.TaskTracker: Trying to launch : attempt_201404140420_0001_m_000000_0 which needs 1 slots
2014-04-14 04:24:44,865 INFO org.apache.hadoop.mapred.TaskTracker: In TaskLauncher, current free slots : 4 and trying to launch attempt_201404140420_0001_m_000000_0 which needs 1 slots
2014-04-14 04:24:44,865 INFO org.apache.hadoop.mapred.TaskTracker: Received KillTaskAction for task: attempt_201404140420_0001_m_000013_0
2014-04-14 04:24:44,865 INFO org.apache.hadoop.mapred.TaskTracker: About to purge task: attempt_201404140420_0001_m_000013_0
2014-04-14 04:24:44,866 INFO org.apache.hadoop.mapred.TaskTracker: Trying to launch : attempt_201404140420_0001_m_000001_0 which needs 1 slots
2014-04-14 04:24:44,866 INFO org.apache.hadoop.mapred.TaskTracker: In TaskLauncher, current free slots : 3 and trying to launch attempt_201404140420_0001_m_000001_0 which needs 1 slots
2014-04-14 04:24:44,866 INFO org.apache.hadoop.mapred.IndexCache: Map ID attempt_201404140420_0001_m_000013_0 not found in cache
2014-04-14 04:24:44,869 INFO org.apache.hadoop.mapred.TaskTracker: Trying to launch : attempt_201404140420_0001_m_000002_0 which needs 1 slots
2014-04-14 04:24:44,871 INFO org.apache.hadoop.mapred.TaskTracker: In TaskLauncher, current free slots : 2 and trying to launch attempt_201404140420_0001_m_000002_0 which needs 1 slots
2014-04-14 04:24:44,871 INFO org.apache.hadoop.mapred.TaskTracker: Trying to launch : attempt_201404140420_0001_m_000003_0 which needs 1 slots
2014-04-14 04:24:44,871 INFO org.apache.hadoop.mapred.TaskTracker: In TaskLauncher, current free slots : 1 and trying to launch attempt_201404140420_0001_m_000003_0 which needs 1 slots
2014-04-14 04:24:44,898 INFO org.apache.hadoop.mapred.JvmManager: In JvmRunner constructed JVM ID: jvm_201404140420_0001_m_1981777880
2014-04-14 04:24:44,899 INFO org.apache.hadoop.mapred.JvmManager: JVM Runner jvm_201404140420_0001_m_1981777880 spawned.
2014-04-14 04:24:44,900 INFO org.apache.hadoop.mapred.JvmManager: In JvmRunner constructed JVM ID: jvm_201404140420_0001_m_2082076588
2014-04-14 04:24:44,901 INFO org.apache.hadoop.mapred.JvmManager: JVM Runner jvm_201404140420_0001_m_2082076588 spawned.
2014-04-14 04:24:44,906 INFO org.apache.hadoop.mapred.JvmManager: In JvmRunner constructed JVM ID: jvm_201404140420_0001_m_1880401707
2014-04-14 04:24:44,906 INFO org.apache.hadoop.mapred.JvmManager: JVM Runner jvm_201404140420_0001_m_1880401707 spawned.
2014-04-14 04:24:44,907 INFO org.apache.hadoop.mapred.JvmManager: Killing JVM: jvm_201404140420_0001_m_588694785
2014-04-14 04:24:44,909 INFO org.apache.hadoop.mapred.TaskController: Writing commands to /tmp/hadoop/hadoop-mgrossman/mapred/local/ttprivate/taskTracker/mgrossman/jobcache/job_201404140420_0001/attempt_201404140420_0001_m_000001_0/taskjvm.sh
2014-04-14 04:24:44,909 INFO org.apache.hadoop.mapred.TaskController: Writing commands to /tmp/hadoop/hadoop-mgrossman/mapred/local/ttprivate/taskTracker/mgrossman/jobcache/job_201404140420_0001/attempt_201404140420_0001_m_000002_0/taskjvm.sh
2014-04-14 04:24:44,910 INFO org.apache.hadoop.mapred.TaskController: Writing commands to /tmp/hadoop/hadoop-mgrossman/mapred/local/ttprivate/taskTracker/mgrossman/jobcache/job_201404140420_0001/attempt_201404140420_0001_m_000000_0/taskjvm.sh
2014-04-14 04:24:44,926 INFO org.apache.hadoop.mapred.JvmManager: In JvmRunner constructed JVM ID: jvm_201404140420_0001_m_1950958169
2014-04-14 04:24:44,926 INFO org.apache.hadoop.mapred.JvmManager: JVM Runner jvm_201404140420_0001_m_1950958169 spawned.
2014-04-14 04:24:44,928 INFO org.apache.hadoop.mapred.JvmManager: JVM : jvm_201404140420_0001_m_588694785 exited with exit code 0. Number of tasks it ran: 1
2014-04-14 04:24:44,931 INFO org.apache.hadoop.mapred.TaskController: Writing commands to /tmp/hadoop/hadoop-mgrossman/mapred/local/ttprivate/taskTracker/mgrossman/jobcache/job_201404140420_0001/attempt_201404140420_0001_m_000003_0/taskjvm.sh
2014-04-14 04:24:45,099 INFO org.apache.hadoop.io.nativeio.NativeIO: Initialized cache for UID to User mapping with a cache timeout of 14400 seconds.
2014-04-14 04:24:45,101 INFO org.apache.hadoop.io.nativeio.NativeIO: Got UserName mgrossman for UID 1007 from the native implementation
2014-04-14 04:24:46,322 INFO org.apache.hadoop.mapred.TaskTracker: JVM with ID: jvm_201404140420_0001_m_1880401707 given task: attempt_201404140420_0001_m_000001_0
2014-04-14 04:24:46,428 INFO org.apache.hadoop.mapred.TaskTracker: JVM with ID: jvm_201404140420_0001_m_1950958169 given task: attempt_201404140420_0001_m_000003_0
2014-04-14 04:24:46,465 INFO org.apache.hadoop.mapred.TaskTracker: JVM with ID: jvm_201404140420_0001_m_2082076588 given task: attempt_201404140420_0001_m_000000_0
2014-04-14 04:24:46,470 INFO org.apache.hadoop.mapred.TaskTracker: JVM with ID: jvm_201404140420_0001_m_1981777880 given task: attempt_201404140420_0001_m_000002_0
2014-04-14 04:24:54,493 INFO org.apache.hadoop.mapred.TaskTracker: attempt_201404140420_0001_m_000000_0 0.18022653% 
2014-04-14 04:24:54,498 INFO org.apache.hadoop.mapred.TaskTracker: attempt_201404140420_0001_m_000001_0 0.18206197% 
2014-04-14 04:24:55,047 INFO org.apache.hadoop.mapred.TaskTracker: attempt_201404140420_0001_m_000003_0 0.17883167% 
2014-04-14 04:24:55,544 INFO org.apache.hadoop.mapred.TaskTracker: attempt_201404140420_0001_m_000002_0 0.17758979% 
2014-04-14 04:24:57,854 INFO org.apache.hadoop.mapred.TaskTracker: attempt_201404140420_0001_m_000001_0 0.32420862% 
2014-04-14 04:24:57,896 INFO org.apache.hadoop.mapred.TaskTracker: attempt_201404140420_0001_m_000000_0 0.31812876% 
2014-04-14 04:24:58,192 INFO org.apache.hadoop.mapred.TaskTracker: attempt_201404140420_0001_m_000003_0 0.35768196% 
2014-04-14 04:24:58,703 INFO org.apache.hadoop.mapred.TaskTracker: attempt_201404140420_0001_m_000002_0 0.33133096% 
2014-04-14 04:25:01,072 INFO org.apache.hadoop.mapred.TaskTracker: attempt_201404140420_0001_m_000001_0 0.4885062% 
2014-04-14 04:25:01,105 INFO org.apache.hadoop.mapred.TaskTracker: attempt_201404140420_0001_m_000000_0 0.49836984% 
2014-04-14 04:25:01,447 INFO org.apache.hadoop.mapred.TaskTracker: attempt_201404140420_0001_m_000003_0 0.54190505% 
2014-04-14 04:25:01,855 INFO org.apache.hadoop.mapred.TaskTracker: attempt_201404140420_0001_m_000002_0 0.49513236% 
2014-04-14 04:25:04,263 INFO org.apache.hadoop.mapred.TaskTracker: attempt_201404140420_0001_m_000001_0 0.61448723% 
2014-04-14 04:25:04,350 INFO org.apache.hadoop.mapred.TaskTracker: attempt_201404140420_0001_m_000000_0 0.6149576% 
2014-04-14 04:25:04,902 INFO org.apache.hadoop.mapred.TaskTracker: attempt_201404140420_0001_m_000003_0 0.6139202% 
2014-04-14 04:25:05,028 INFO org.apache.hadoop.mapred.TaskTracker: attempt_201404140420_0001_m_000002_0 0.60613275% 
2014-04-14 04:25:07,447 INFO org.apache.hadoop.mapred.TaskTracker: attempt_201404140420_0001_m_000001_0 0.72982% 
2014-04-14 04:25:07,565 INFO org.apache.hadoop.mapred.TaskTracker: attempt_201404140420_0001_m_000000_0 0.75679433% 
2014-04-14 04:25:08,029 INFO org.apache.hadoop.mapred.TaskTracker: attempt_201404140420_0001_m_000003_0 0.7327594% 
2014-04-14 04:25:08,238 INFO org.apache.hadoop.mapred.TaskTracker: attempt_201404140420_0001_m_000002_0 0.7292527% 
2014-04-14 04:25:10,712 INFO org.apache.hadoop.mapred.TaskTracker: attempt_201404140420_0001_m_000000_0 0.8306617% 
2014-04-14 04:25:10,820 INFO org.apache.hadoop.mapred.TaskTracker: attempt_201404140420_0001_m_000001_0 0.77032334% 
2014-04-14 04:25:11,243 INFO org.apache.hadoop.mapred.TaskTracker: attempt_201404140420_0001_m_000003_0 0.8541128% 
2014-04-14 04:25:11,394 INFO org.apache.hadoop.mapred.TaskTracker: attempt_201404140420_0001_m_000002_0 0.8536666% 
2014-04-14 04:25:13,798 INFO org.apache.hadoop.mapred.TaskTracker: attempt_201404140420_0001_m_000000_0 0.9245179% 
2014-04-14 04:25:13,929 INFO org.apache.hadoop.mapred.TaskTracker: attempt_201404140420_0001_m_000001_0 0.89910454% 
2014-04-14 04:25:14,487 INFO org.apache.hadoop.mapred.TaskTracker: attempt_201404140420_0001_m_000003_0 0.9473874% 
2014-04-14 04:25:14,581 INFO org.apache.hadoop.mapred.TaskTracker: attempt_201404140420_0001_m_000002_0 0.9335069% 
2014-04-14 04:25:16,891 INFO org.apache.hadoop.mapred.TaskTracker: attempt_201404140420_0001_m_000000_0 1.0% 
2014-04-14 04:25:17,135 INFO org.apache.hadoop.mapred.TaskTracker: attempt_201404140420_0001_m_000001_0 0.97836626% 
2014-04-14 04:25:17,630 INFO org.apache.hadoop.mapred.TaskTracker: attempt_201404140420_0001_m_000003_0 1.0% 
2014-04-14 04:25:17,704 INFO org.apache.hadoop.mapred.TaskTracker: attempt_201404140420_0001_m_000002_0 1.0% 
2014-04-14 04:25:19,963 INFO org.apache.hadoop.mapred.TaskTracker: attempt_201404140420_0001_m_000000_0 1.0% 
2014-04-14 04:25:20,287 INFO org.apache.hadoop.mapred.TaskTracker: attempt_201404140420_0001_m_000001_0 1.0% 
2014-04-14 04:25:20,775 INFO org.apache.hadoop.mapred.TaskTracker: attempt_201404140420_0001_m_000003_0 1.0% 
2014-04-14 04:25:20,813 INFO org.apache.hadoop.mapred.TaskTracker: attempt_201404140420_0001_m_000002_0 1.0% 
2014-04-14 04:25:23,047 INFO org.apache.hadoop.mapred.TaskTracker: attempt_201404140420_0001_m_000000_0 1.0% 
2014-04-14 04:25:23,441 INFO org.apache.hadoop.mapred.TaskTracker: attempt_201404140420_0001_m_000001_0 1.0% 
2014-04-14 04:25:23,868 INFO org.apache.hadoop.mapred.TaskTracker: attempt_201404140420_0001_m_000003_0 1.0% 
2014-04-14 04:25:23,915 INFO org.apache.hadoop.mapred.TaskTracker: attempt_201404140420_0001_m_000002_0 1.0% 
2014-04-14 04:25:26,143 INFO org.apache.hadoop.mapred.TaskTracker: attempt_201404140420_0001_m_000000_0 1.0% 
2014-04-14 04:25:26,488 INFO org.apache.hadoop.mapred.TaskTracker: attempt_201404140420_0001_m_000001_0 1.0% 
2014-04-14 04:25:26,932 INFO org.apache.hadoop.mapred.TaskTracker: attempt_201404140420_0001_m_000003_0 1.0% 
2014-04-14 04:25:26,990 INFO org.apache.hadoop.mapred.TaskTracker: attempt_201404140420_0001_m_000002_0 1.0% 
2014-04-14 04:25:29,199 INFO org.apache.hadoop.mapred.TaskTracker: attempt_201404140420_0001_m_000000_0 1.0% 
2014-04-14 04:25:29,571 INFO org.apache.hadoop.mapred.TaskTracker: attempt_201404140420_0001_m_000001_0 1.0% 
2014-04-14 04:25:30,059 INFO org.apache.hadoop.mapred.TaskTracker: attempt_201404140420_0001_m_000002_0 1.0% 
2014-04-14 04:25:30,115 INFO org.apache.hadoop.mapred.TaskTracker: attempt_201404140420_0001_m_000003_0 1.0% 
2014-04-14 04:25:32,254 INFO org.apache.hadoop.mapred.TaskTracker: attempt_201404140420_0001_m_000000_0 1.0% 
2014-04-14 04:25:32,606 INFO org.apache.hadoop.mapred.TaskTracker: attempt_201404140420_0001_m_000001_0 1.0% 
2014-04-14 04:25:33,160 INFO org.apache.hadoop.mapred.TaskTracker: attempt_201404140420_0001_m_000002_0 1.0% 
2014-04-14 04:25:35,281 INFO org.apache.hadoop.mapred.TaskTracker: attempt_201404140420_0001_m_000000_0 1.0% 
2014-04-14 04:25:35,638 INFO org.apache.hadoop.mapred.TaskTracker: attempt_201404140420_0001_m_000001_0 1.0% 
2014-04-14 04:25:36,285 INFO org.apache.hadoop.mapred.TaskTracker: attempt_201404140420_0001_m_000002_0 1.0% 
2014-04-14 04:25:37,558 INFO org.apache.hadoop.mapred.TaskTracker: attempt_201404140420_0001_m_000003_0 1.0% 
2014-04-14 04:25:38,286 INFO org.apache.hadoop.mapred.TaskTracker: attempt_201404140420_0001_m_000000_0 1.0% 
2014-04-14 04:25:38,290 INFO org.apache.hadoop.mapred.TaskTracker: Task attempt_201404140420_0001_m_000000_0 is done.
2014-04-14 04:25:38,290 INFO org.apache.hadoop.mapred.TaskTracker: reported output size for attempt_201404140420_0001_m_000000_0  was 52440243
2014-04-14 04:25:38,291 INFO org.apache.hadoop.mapred.TaskTracker: addFreeSlot : current free slots : 1
2014-04-14 04:25:38,645 INFO org.apache.hadoop.mapred.TaskTracker: attempt_201404140420_0001_m_000001_0 1.0% 
2014-04-14 04:25:38,648 INFO org.apache.hadoop.mapred.TaskTracker: Task attempt_201404140420_0001_m_000001_0 is done.
2014-04-14 04:25:38,648 INFO org.apache.hadoop.mapred.TaskTracker: reported output size for attempt_201404140420_0001_m_000001_0  was 51879895
2014-04-14 04:25:38,649 INFO org.apache.hadoop.mapred.TaskTracker: addFreeSlot : current free slots : 2
2014-04-14 04:25:38,774 INFO org.apache.hadoop.mapred.JvmManager: JVM : jvm_201404140420_0001_m_2082076588 exited with exit code 0. Number of tasks it ran: 1
2014-04-14 04:25:38,985 INFO org.apache.hadoop.mapred.JvmManager: JVM : jvm_201404140420_0001_m_1880401707 exited with exit code 0. Number of tasks it ran: 1
2014-04-14 04:25:39,026 INFO org.apache.hadoop.mapred.TaskTracker: LaunchTaskAction (registerTask): attempt_201404140420_0001_m_000004_0 task's state:UNASSIGNED
2014-04-14 04:25:39,027 INFO org.apache.hadoop.mapred.TaskTracker: LaunchTaskAction (registerTask): attempt_201404140420_0001_m_000005_0 task's state:UNASSIGNED
2014-04-14 04:25:39,027 INFO org.apache.hadoop.mapred.TaskTracker: LaunchTaskAction (registerTask): attempt_201404140420_0001_r_000000_0 task's state:UNASSIGNED
2014-04-14 04:25:39,027 INFO org.apache.hadoop.mapred.TaskTracker: Trying to launch : attempt_201404140420_0001_m_000004_0 which needs 1 slots
2014-04-14 04:25:39,028 INFO org.apache.hadoop.mapred.TaskTracker: In TaskLauncher, current free slots : 2 and trying to launch attempt_201404140420_0001_m_000004_0 which needs 1 slots
2014-04-14 04:25:39,028 INFO org.apache.hadoop.mapred.TaskTracker: Trying to launch : attempt_201404140420_0001_r_000000_0 which needs 1 slots
2014-04-14 04:25:39,028 INFO org.apache.hadoop.mapred.TaskTracker: In TaskLauncher, current free slots : 2 and trying to launch attempt_201404140420_0001_r_000000_0 which needs 1 slots
2014-04-14 04:25:39,028 INFO org.apache.hadoop.mapred.TaskTracker: Trying to launch : attempt_201404140420_0001_m_000005_0 which needs 1 slots
2014-04-14 04:25:39,028 INFO org.apache.hadoop.mapred.TaskTracker: In TaskLauncher, current free slots : 1 and trying to launch attempt_201404140420_0001_m_000005_0 which needs 1 slots
2014-04-14 04:25:39,116 INFO org.apache.hadoop.mapred.JvmManager: In JvmRunner constructed JVM ID: jvm_201404140420_0001_m_1497394242
2014-04-14 04:25:39,116 INFO org.apache.hadoop.mapred.JvmManager: JVM Runner jvm_201404140420_0001_m_1497394242 spawned.
2014-04-14 04:25:39,116 INFO org.apache.hadoop.mapred.JvmManager: In JvmRunner constructed JVM ID: jvm_201404140420_0001_r_588694785
2014-04-14 04:25:39,117 INFO org.apache.hadoop.mapred.JvmManager: JVM Runner jvm_201404140420_0001_r_588694785 spawned.
2014-04-14 04:25:39,117 INFO org.apache.hadoop.mapred.JvmManager: In JvmRunner constructed JVM ID: jvm_201404140420_0001_m_1815629687
2014-04-14 04:25:39,117 INFO org.apache.hadoop.mapred.JvmManager: JVM Runner jvm_201404140420_0001_m_1815629687 spawned.
2014-04-14 04:25:39,120 INFO org.apache.hadoop.mapred.TaskController: Writing commands to /tmp/hadoop/hadoop-mgrossman/mapred/local/ttprivate/taskTracker/mgrossman/jobcache/job_201404140420_0001/attempt_201404140420_0001_m_000005_0/taskjvm.sh
2014-04-14 04:25:39,121 INFO org.apache.hadoop.mapred.TaskController: Writing commands to /tmp/hadoop/hadoop-mgrossman/mapred/local/ttprivate/taskTracker/mgrossman/jobcache/job_201404140420_0001/attempt_201404140420_0001_r_000000_0/taskjvm.sh
2014-04-14 04:25:39,121 INFO org.apache.hadoop.mapred.TaskController: Writing commands to /tmp/hadoop/hadoop-mgrossman/mapred/local/ttprivate/taskTracker/mgrossman/jobcache/job_201404140420_0001/attempt_201404140420_0001_m_000004_0/taskjvm.sh
2014-04-14 04:25:39,294 INFO org.apache.hadoop.mapred.TaskTracker: attempt_201404140420_0001_m_000002_0 1.0% 
2014-04-14 04:25:39,296 INFO org.apache.hadoop.mapred.TaskTracker: Task attempt_201404140420_0001_m_000002_0 is done.
2014-04-14 04:25:39,296 INFO org.apache.hadoop.mapred.TaskTracker: reported output size for attempt_201404140420_0001_m_000002_0  was 52183163
2014-04-14 04:25:39,297 INFO org.apache.hadoop.mapred.TaskTracker: addFreeSlot : current free slots : 1
2014-04-14 04:25:39,764 INFO org.apache.hadoop.mapred.JvmManager: JVM : jvm_201404140420_0001_m_1981777880 exited with exit code 0. Number of tasks it ran: 1
2014-04-14 04:25:40,595 INFO org.apache.hadoop.mapred.TaskTracker: attempt_201404140420_0001_m_000003_0 1.0% 
2014-04-14 04:25:40,606 INFO org.apache.hadoop.mapred.TaskTracker: attempt_201404140420_0001_m_000003_0 1.0% 
2014-04-14 04:25:40,610 INFO org.apache.hadoop.mapred.TaskTracker: Task attempt_201404140420_0001_m_000003_0 is done.
2014-04-14 04:25:40,610 INFO org.apache.hadoop.mapred.TaskTracker: reported output size for attempt_201404140420_0001_m_000003_0  was 52854458
2014-04-14 04:25:40,611 INFO org.apache.hadoop.mapred.TaskTracker: addFreeSlot : current free slots : 2
2014-04-14 04:25:40,960 INFO org.apache.hadoop.mapred.TaskTracker: JVM with ID: jvm_201404140420_0001_m_1497394242 given task: attempt_201404140420_0001_m_000005_0
2014-04-14 04:25:40,967 INFO org.apache.hadoop.mapred.TaskTracker: JVM with ID: jvm_201404140420_0001_m_1815629687 given task: attempt_201404140420_0001_m_000004_0
2014-04-14 04:25:40,972 INFO org.apache.hadoop.mapred.TaskTracker: JVM with ID: jvm_201404140420_0001_r_588694785 given task: attempt_201404140420_0001_r_000000_0
2014-04-14 04:25:41,105 INFO org.apache.hadoop.mapred.JvmManager: JVM : jvm_201404140420_0001_m_1950958169 exited with exit code 0. Number of tasks it ran: 1
2014-04-14 04:25:42,050 INFO org.apache.hadoop.mapred.TaskTracker: LaunchTaskAction (registerTask): attempt_201404140420_0001_m_000006_0 task's state:UNASSIGNED
2014-04-14 04:25:42,050 INFO org.apache.hadoop.mapred.TaskTracker: LaunchTaskAction (registerTask): attempt_201404140420_0001_m_000007_0 task's state:UNASSIGNED
2014-04-14 04:25:42,050 INFO org.apache.hadoop.mapred.TaskTracker: LaunchTaskAction (registerTask): attempt_201404140420_0001_r_000001_0 task's state:UNASSIGNED
2014-04-14 04:25:42,050 INFO org.apache.hadoop.mapred.TaskTracker: Trying to launch : attempt_201404140420_0001_m_000006_0 which needs 1 slots
2014-04-14 04:25:42,051 INFO org.apache.hadoop.mapred.TaskTracker: Trying to launch : attempt_201404140420_0001_r_000001_0 which needs 1 slots
2014-04-14 04:25:42,051 INFO org.apache.hadoop.mapred.TaskTracker: In TaskLauncher, current free slots : 2 and trying to launch attempt_201404140420_0001_m_000006_0 which needs 1 slots
2014-04-14 04:25:42,051 INFO org.apache.hadoop.mapred.TaskTracker: In TaskLauncher, current free slots : 1 and trying to launch attempt_201404140420_0001_r_000001_0 which needs 1 slots
2014-04-14 04:25:42,053 INFO org.apache.hadoop.mapred.TaskTracker: Trying to launch : attempt_201404140420_0001_m_000007_0 which needs 1 slots
2014-04-14 04:25:42,053 INFO org.apache.hadoop.mapred.TaskTracker: In TaskLauncher, current free slots : 1 and trying to launch attempt_201404140420_0001_m_000007_0 which needs 1 slots
2014-04-14 04:25:42,085 INFO org.apache.hadoop.mapred.JvmManager: In JvmRunner constructed JVM ID: jvm_201404140420_0001_m_1447736465
2014-04-14 04:25:42,103 INFO org.apache.hadoop.mapred.JvmManager: JVM Runner jvm_201404140420_0001_m_1447736465 spawned.
2014-04-14 04:25:42,102 INFO org.apache.hadoop.mapred.JvmManager: In JvmRunner constructed JVM ID: jvm_201404140420_0001_r_1981777880
2014-04-14 04:25:42,109 INFO org.apache.hadoop.mapred.JvmManager: JVM Runner jvm_201404140420_0001_r_1981777880 spawned.
2014-04-14 04:25:42,111 INFO org.apache.hadoop.mapred.TaskController: Writing commands to /tmp/hadoop/hadoop-mgrossman/mapred/local/ttprivate/taskTracker/mgrossman/jobcache/job_201404140420_0001/attempt_201404140420_0001_m_000006_0/taskjvm.sh
2014-04-14 04:25:42,114 INFO org.apache.hadoop.mapred.JvmManager: In JvmRunner constructed JVM ID: jvm_201404140420_0001_m_1729747190
2014-04-14 04:25:42,126 INFO org.apache.hadoop.mapred.JvmManager: JVM Runner jvm_201404140420_0001_m_1729747190 spawned.
2014-04-14 04:25:42,135 INFO org.apache.hadoop.mapred.TaskController: Writing commands to /tmp/hadoop/hadoop-mgrossman/mapred/local/ttprivate/taskTracker/mgrossman/jobcache/job_201404140420_0001/attempt_201404140420_0001_m_000007_0/taskjvm.sh
2014-04-14 04:25:42,137 INFO org.apache.hadoop.mapred.TaskController: Writing commands to /tmp/hadoop/hadoop-mgrossman/mapred/local/ttprivate/taskTracker/mgrossman/jobcache/job_201404140420_0001/attempt_201404140420_0001_r_000001_0/taskjvm.sh
2014-04-14 04:25:43,784 INFO org.apache.hadoop.mapred.TaskTracker: JVM with ID: jvm_201404140420_0001_m_1729747190 given task: attempt_201404140420_0001_m_000007_0
2014-04-14 04:25:43,824 INFO org.apache.hadoop.mapred.TaskTracker: JVM with ID: jvm_201404140420_0001_r_1981777880 given task: attempt_201404140420_0001_r_000001_0
2014-04-14 04:25:43,988 INFO org.apache.hadoop.mapred.TaskTracker: JVM with ID: jvm_201404140420_0001_m_1447736465 given task: attempt_201404140420_0001_m_000006_0
2014-04-14 04:25:48,191 INFO org.apache.hadoop.mapred.TaskTracker: attempt_201404140420_0001_m_000004_0 0.15786408% 
2014-04-14 04:25:48,451 INFO org.apache.hadoop.mapred.TaskTracker: attempt_201404140420_0001_m_000005_0 0.11311235% 
2014-04-14 04:25:48,492 INFO org.apache.hadoop.mapred.TaskTracker: attempt_201404140420_0001_r_000000_0 0.0% reduce > copy > 
2014-04-14 04:25:49,030 INFO org.apache.hadoop.mapred.TaskTracker.clienttrace: src: 127.0.1.1:50061, dest: 127.0.0.1:57528, bytes: 25823427, op: MAPRED_SHUFFLE, cliID: attempt_201404140420_0001_m_000000_0, duration: 432895471
2014-04-14 04:25:49,467 INFO org.apache.hadoop.mapred.TaskTracker.clienttrace: src: 127.0.1.1:50061, dest: 127.0.0.1:57528, bytes: 25557681, op: MAPRED_SHUFFLE, cliID: attempt_201404140420_0001_m_000001_0, duration: 283428775
2014-04-14 04:25:50,369 INFO org.apache.hadoop.mapred.TaskTracker.clienttrace: src: 127.0.1.1:50061, dest: 127.0.0.1:57529, bytes: 25708849, op: MAPRED_SHUFFLE, cliID: attempt_201404140420_0001_m_000002_0, duration: 781941814
2014-04-14 04:25:51,331 INFO org.apache.hadoop.mapred.TaskTracker.clienttrace: src: 127.0.1.1:50061, dest: 127.0.0.1:57529, bytes: 26080573, op: MAPRED_SHUFFLE, cliID: attempt_201404140420_0001_m_000003_0, duration: 903467837
2014-04-14 04:25:51,685 INFO org.apache.hadoop.mapred.TaskTracker: attempt_201404140420_0001_m_000005_0 0.20103146% 
2014-04-14 04:25:51,718 INFO org.apache.hadoop.mapred.TaskTracker: attempt_201404140420_0001_m_000004_0 0.25380686% 
2014-04-14 04:25:52,223 INFO org.apache.hadoop.mapred.TaskTracker: attempt_201404140420_0001_m_000007_0 0.07709862% 
2014-04-14 04:25:52,295 INFO org.apache.hadoop.mapred.TaskTracker: attempt_201404140420_0001_m_000006_0 0.06253902% 
2014-04-14 04:25:52,636 INFO org.apache.hadoop.mapred.TaskTracker: attempt_201404140420_0001_r_000001_0 0.0% reduce > copy > 
2014-04-14 04:25:52,815 INFO org.apache.hadoop.mapred.TaskTracker.clienttrace: src: 127.0.1.1:50061, dest: 127.0.0.1:57530, bytes: 26616816, op: MAPRED_SHUFFLE, cliID: attempt_201404140420_0001_m_000000_0, duration: 438896302
2014-04-14 04:25:53,626 INFO org.apache.hadoop.mapred.TaskTracker.clienttrace: src: 127.0.1.1:50061, dest: 127.0.0.1:57530, bytes: 26322214, op: MAPRED_SHUFFLE, cliID: attempt_201404140420_0001_m_000001_0, duration: 759355330
2014-04-14 04:25:54,460 INFO org.apache.hadoop.mapred.TaskTracker.clienttrace: src: 127.0.1.1:50061, dest: 127.0.0.1:57530, bytes: 26474314, op: MAPRED_SHUFFLE, cliID: attempt_201404140420_0001_m_000002_0, duration: 751943230
2014-04-14 04:25:54,581 INFO org.apache.hadoop.mapred.TaskTracker: attempt_201404140420_0001_r_000000_0 0.11111112% reduce > copy (4 of 12 at 10.93 MB/s) > 
2014-04-14 04:25:55,015 INFO org.apache.hadoop.mapred.TaskTracker: attempt_201404140420_0001_m_000004_0 0.33767828% 
2014-04-14 04:25:55,391 INFO org.apache.hadoop.mapred.TaskTracker: attempt_201404140420_0001_m_000005_0 0.31805447% 
2014-04-14 04:25:55,439 INFO org.apache.hadoop.mapred.TaskTracker.clienttrace: src: 127.0.1.1:50061, dest: 127.0.0.1:57530, bytes: 26773885, op: MAPRED_SHUFFLE, cliID: attempt_201404140420_0001_m_000003_0, duration: 862921894
2014-04-14 04:25:55,501 INFO org.apache.hadoop.mapred.TaskTracker: attempt_201404140420_0001_m_000006_0 0.18252441% 
2014-04-14 04:25:55,528 INFO org.apache.hadoop.mapred.TaskTracker: attempt_201404140420_0001_m_000007_0 0.21073629% 
2014-04-14 04:25:55,704 INFO org.apache.hadoop.mapred.TaskTracker: attempt_201404140420_0001_r_000001_0 0.11111112% reduce > copy (4 of 12 at 10.13 MB/s) > 
2014-04-14 04:25:58,240 INFO org.apache.hadoop.mapred.TaskTracker: attempt_201404140420_0001_m_000004_0 0.462201% 
2014-04-14 04:25:58,677 INFO org.apache.hadoop.mapred.TaskTracker: attempt_201404140420_0001_m_000007_0 0.41215384% 
2014-04-14 04:25:58,695 INFO org.apache.hadoop.mapred.TaskTracker: attempt_201404140420_0001_m_000006_0 0.38583222% 
2014-04-14 04:25:58,745 INFO org.apache.hadoop.mapred.TaskTracker: attempt_201404140420_0001_m_000005_0 0.45377487% 
2014-04-14 04:25:58,748 INFO org.apache.hadoop.mapred.TaskTracker: attempt_201404140420_0001_r_000001_0 0.11111112% reduce > copy (4 of 12 at 10.13 MB/s) > 
2014-04-14 04:26:00,624 INFO org.apache.hadoop.mapred.TaskTracker: attempt_201404140420_0001_r_000000_0 0.11111112% reduce > copy (4 of 12 at 10.93 MB/s) > 
2014-04-14 04:26:01,472 INFO org.apache.hadoop.mapred.TaskTracker: attempt_201404140420_0001_m_000004_0 0.58666146% 
2014-04-14 04:26:01,873 INFO org.apache.hadoop.mapred.TaskTracker: attempt_201404140420_0001_m_000006_0 0.54806435% 
2014-04-14 04:26:01,939 INFO org.apache.hadoop.mapred.TaskTracker: attempt_201404140420_0001_m_000005_0 0.5655865% 
2014-04-14 04:26:02,343 INFO org.apache.hadoop.mapred.TaskTracker: attempt_201404140420_0001_m_000007_0 0.5858852% 
2014-04-14 04:26:04,794 INFO org.apache.hadoop.mapred.TaskTracker: attempt_201404140420_0001_r_000001_0 0.11111112% reduce > copy (4 of 12 at 10.13 MB/s) > 
2014-04-14 04:26:05,079 INFO org.apache.hadoop.mapred.TaskTracker: attempt_201404140420_0001_m_000005_0 0.6220006% 
2014-04-14 04:26:05,223 INFO org.apache.hadoop.mapred.TaskTracker: attempt_201404140420_0001_m_000006_0 0.61958146% 
2014-04-14 04:26:05,492 INFO org.apache.hadoop.mapred.TaskTracker: attempt_201404140420_0001_m_000004_0 0.7326815% 
2014-04-14 04:26:05,556 INFO org.apache.hadoop.mapred.TaskTracker: attempt_201404140420_0001_m_000007_0 0.6789602% 
2014-04-14 04:26:06,657 INFO org.apache.hadoop.mapred.TaskTracker: attempt_201404140420_0001_r_000000_0 0.11111112% reduce > copy (4 of 12 at 10.93 MB/s) > 
2014-04-14 04:26:08,551 INFO org.apache.hadoop.mapred.TaskTracker: attempt_201404140420_0001_m_000006_0 0.75734276% 
2014-04-14 04:26:08,614 INFO org.apache.hadoop.mapred.TaskTracker: attempt_201404140420_0001_m_000004_0 0.8260315% 
2014-04-14 04:26:08,787 INFO org.apache.hadoop.mapred.TaskTracker: attempt_201404140420_0001_m_000005_0 0.7682087% 
2014-04-14 04:26:08,813 INFO org.apache.hadoop.mapred.TaskTracker: attempt_201404140420_0001_m_000007_0 0.7684905% 
2014-04-14 04:26:09,693 INFO org.apache.hadoop.mapred.TaskTracker: attempt_201404140420_0001_r_000000_0 0.11111112% reduce > copy (4 of 12 at 10.93 MB/s) > 
2014-04-14 04:26:10,817 INFO org.apache.hadoop.mapred.TaskTracker: attempt_201404140420_0001_r_000001_0 0.11111112% reduce > copy (4 of 12 at 10.13 MB/s) > 
2014-04-14 04:26:11,687 INFO org.apache.hadoop.mapred.TaskTracker: attempt_201404140420_0001_m_000006_0 0.86962247% 
2014-04-14 04:26:11,820 INFO org.apache.hadoop.mapred.TaskTracker: attempt_201404140420_0001_m_000004_0 0.90660083% 
2014-04-14 04:26:12,248 INFO org.apache.hadoop.mapred.TaskTracker: attempt_201404140420_0001_m_000007_0 0.9021128% 
2014-04-14 04:26:12,760 INFO org.apache.hadoop.mapred.TaskTracker: attempt_201404140420_0001_m_000005_0 0.9099127% 
2014-04-14 04:26:13,904 INFO org.apache.hadoop.mapred.TaskTracker: attempt_201404140420_0001_r_000001_0 0.11111112% reduce > copy (4 of 12 at 10.13 MB/s) > 
2014-04-14 04:26:14,843 INFO org.apache.hadoop.mapred.TaskTracker: attempt_201404140420_0001_m_000006_0 0.9499875% 
2014-04-14 04:26:15,042 INFO org.apache.hadoop.mapred.TaskTracker: attempt_201404140420_0001_m_000004_0 1.0% 
2014-04-14 04:26:15,407 INFO org.apache.hadoop.mapred.TaskTracker: attempt_201404140420_0001_m_000007_0 1.0% 
2014-04-14 04:26:15,738 INFO org.apache.hadoop.mapred.TaskTracker: attempt_201404140420_0001_r_000000_0 0.11111112% reduce > copy (4 of 12 at 10.93 MB/s) > 
2014-04-14 04:26:15,862 INFO org.apache.hadoop.mapred.TaskTracker: attempt_201404140420_0001_m_000005_0 1.0% 
2014-04-14 04:26:17,950 INFO org.apache.hadoop.mapred.TaskTracker: attempt_201404140420_0001_m_000006_0 1.0% 
2014-04-14 04:26:18,168 INFO org.apache.hadoop.mapred.TaskTracker: attempt_201404140420_0001_m_000004_0 1.0% 
2014-04-14 04:26:18,588 INFO org.apache.hadoop.mapred.TaskTracker: attempt_201404140420_0001_m_000007_0 1.0% 
2014-04-14 04:26:19,021 INFO org.apache.hadoop.mapred.TaskTracker: attempt_201404140420_0001_m_000005_0 1.0% 
2014-04-14 04:26:19,936 INFO org.apache.hadoop.mapred.TaskTracker: attempt_201404140420_0001_r_000001_0 0.11111112% reduce > copy (4 of 12 at 10.13 MB/s) > 
2014-04-14 04:26:21,073 INFO org.apache.hadoop.mapred.TaskTracker: attempt_201404140420_0001_m_000006_0 1.0% 
2014-04-14 04:26:21,239 INFO org.apache.hadoop.mapred.TaskTracker: attempt_201404140420_0001_m_000004_0 1.0% 
2014-04-14 04:26:21,720 INFO org.apache.hadoop.mapred.TaskTracker: attempt_201404140420_0001_m_000007_0 1.0% 
2014-04-14 04:26:21,776 INFO org.apache.hadoop.mapred.TaskTracker: attempt_201404140420_0001_r_000000_0 0.11111112% reduce > copy (4 of 12 at 10.93 MB/s) > 
2014-04-14 04:26:22,130 INFO org.apache.hadoop.mapred.TaskTracker: attempt_201404140420_0001_m_000005_0 1.0% 
2014-04-14 04:26:24,199 INFO org.apache.hadoop.mapred.TaskTracker: attempt_201404140420_0001_m_000006_0 1.0% 
2014-04-14 04:26:24,379 INFO org.apache.hadoop.mapred.TaskTracker: attempt_201404140420_0001_m_000004_0 1.0% 
2014-04-14 04:26:24,785 INFO org.apache.hadoop.mapred.TaskTracker: attempt_201404140420_0001_m_000007_0 1.0% 
2014-04-14 04:26:24,802 INFO org.apache.hadoop.mapred.TaskTracker: attempt_201404140420_0001_r_000000_0 0.11111112% reduce > copy (4 of 12 at 10.93 MB/s) > 
2014-04-14 04:26:25,300 INFO org.apache.hadoop.mapred.TaskTracker: attempt_201404140420_0001_m_000005_0 1.0% 
2014-04-14 04:26:25,999 INFO org.apache.hadoop.mapred.TaskTracker: attempt_201404140420_0001_r_000001_0 0.11111112% reduce > copy (4 of 12 at 10.13 MB/s) > 
2014-04-14 04:26:27,470 INFO org.apache.hadoop.mapred.TaskTracker: attempt_201404140420_0001_m_000006_0 1.0% 
2014-04-14 04:26:27,482 INFO org.apache.hadoop.mapred.TaskTracker: attempt_201404140420_0001_m_000004_0 1.0% 
2014-04-14 04:26:27,889 INFO org.apache.hadoop.mapred.TaskTracker: attempt_201404140420_0001_m_000007_0 1.0% 
2014-04-14 04:26:28,803 INFO org.apache.hadoop.mapred.TaskTracker: attempt_201404140420_0001_m_000005_0 1.0% 
2014-04-14 04:26:29,025 INFO org.apache.hadoop.mapred.TaskTracker: attempt_201404140420_0001_r_000001_0 0.11111112% reduce > copy (4 of 12 at 10.13 MB/s) > 
2014-04-14 04:26:30,518 INFO org.apache.hadoop.mapred.TaskTracker: attempt_201404140420_0001_m_000006_0 1.0% 
2014-04-14 04:26:30,559 INFO org.apache.hadoop.mapred.TaskTracker: attempt_201404140420_0001_m_000004_0 1.0% 
2014-04-14 04:26:30,843 INFO org.apache.hadoop.mapred.TaskTracker: attempt_201404140420_0001_r_000000_0 0.11111112% reduce > copy (4 of 12 at 10.93 MB/s) > 
2014-04-14 04:26:30,945 INFO org.apache.hadoop.mapred.TaskTracker: attempt_201404140420_0001_m_000007_0 1.0% 
2014-04-14 04:26:31,831 INFO org.apache.hadoop.mapred.TaskTracker: attempt_201404140420_0001_m_000005_0 1.0% 
2014-04-14 04:26:33,594 INFO org.apache.hadoop.mapred.TaskTracker: attempt_201404140420_0001_m_000004_0 1.0% 
2014-04-14 04:26:34,869 INFO org.apache.hadoop.mapred.TaskTracker: attempt_201404140420_0001_m_000005_0 1.0% 
2014-04-14 04:26:34,877 INFO org.apache.hadoop.mapred.TaskTracker: attempt_201404140420_0001_m_000007_0 1.0% 
2014-04-14 04:26:37,237 INFO org.apache.hadoop.mapred.TaskTracker: attempt_201404140420_0001_r_000001_0 0.11111112% reduce > copy (4 of 12 at 10.13 MB/s) > 
2014-04-14 04:26:38,839 INFO org.apache.hadoop.mapred.TaskTracker: attempt_201404140420_0001_m_000007_0 1.0% 
2014-04-14 04:26:39,662 INFO org.apache.hadoop.mapred.TaskTracker: attempt_201404140420_0001_r_000000_0 0.11111112% reduce > copy (4 of 12 at 10.93 MB/s) > 
2014-04-14 04:26:41,907 INFO org.mortbay.log: org.mortbay.io.nio.SelectorManager$SelectSet@1b3e1e64 JVM BUG(s) - injecting delay5 times
2014-04-14 04:26:41,907 INFO org.mortbay.log: org.mortbay.io.nio.SelectorManager$SelectSet@1b3e1e64 JVM BUG(s) - recreating selector 5 times, canceled keys 100 times
2014-04-14 04:26:42,606 INFO org.apache.hadoop.mapred.TaskTracker: attempt_201404140420_0001_m_000004_0 1.0% 
2014-04-14 04:26:42,608 INFO org.apache.hadoop.mapred.TaskTracker: Task attempt_201404140420_0001_m_000004_0 is done.
2014-04-14 04:26:42,609 INFO org.apache.hadoop.mapred.TaskTracker: reported output size for attempt_201404140420_0001_m_000004_0  was 51961174
2014-04-14 04:26:42,609 INFO org.apache.hadoop.mapred.TaskTracker: addFreeSlot : current free slots : 1
2014-04-14 04:26:43,532 INFO org.apache.hadoop.mapred.TaskTracker: attempt_201404140420_0001_r_000001_0 0.11111112% reduce > copy (4 of 12 at 10.13 MB/s) > 
2014-04-14 04:26:43,571 INFO org.apache.hadoop.mapred.TaskTracker: attempt_201404140420_0001_r_000000_0 0.11111112% reduce > copy (4 of 12 at 10.93 MB/s) > 
2014-04-14 04:26:44,074 INFO org.apache.hadoop.mapred.TaskTracker: attempt_201404140420_0001_m_000005_0 1.0% 
2014-04-14 04:26:44,076 INFO org.apache.hadoop.mapred.TaskTracker: Task attempt_201404140420_0001_m_000005_0 is done.
2014-04-14 04:26:44,076 INFO org.apache.hadoop.mapred.TaskTracker: reported output size for attempt_201404140420_0001_m_000005_0  was 52209478
2014-04-14 04:26:44,077 INFO org.apache.hadoop.mapred.TaskTracker: addFreeSlot : current free slots : 2
2014-04-14 04:26:44,089 INFO org.apache.hadoop.mapred.JvmManager: JVM : jvm_201404140420_0001_m_1815629687 exited with exit code 0. Number of tasks it ran: 1
2014-04-14 04:26:44,121 INFO org.apache.hadoop.mapred.TaskTracker: attempt_201404140420_0001_m_000006_0 1.0% 
2014-04-14 04:26:44,473 INFO org.apache.hadoop.mapred.JvmManager: JVM : jvm_201404140420_0001_m_1497394242 exited with exit code 0. Number of tasks it ran: 1
2014-04-14 04:26:45,188 INFO org.apache.hadoop.mapred.TaskTracker: LaunchTaskAction (registerTask): attempt_201404140420_0001_m_000008_0 task's state:UNASSIGNED
2014-04-14 04:26:45,188 INFO org.apache.hadoop.mapred.TaskTracker: LaunchTaskAction (registerTask): attempt_201404140420_0001_m_000009_0 task's state:UNASSIGNED
2014-04-14 04:26:45,189 INFO org.apache.hadoop.mapred.TaskTracker: Trying to launch : attempt_201404140420_0001_m_000008_0 which needs 1 slots
2014-04-14 04:26:45,189 INFO org.apache.hadoop.mapred.TaskTracker: In TaskLauncher, current free slots : 2 and trying to launch attempt_201404140420_0001_m_000008_0 which needs 1 slots
2014-04-14 04:26:45,189 INFO org.apache.hadoop.mapred.TaskTracker: Trying to launch : attempt_201404140420_0001_m_000009_0 which needs 1 slots
2014-04-14 04:26:45,189 INFO org.apache.hadoop.mapred.TaskTracker: In TaskLauncher, current free slots : 1 and trying to launch attempt_201404140420_0001_m_000009_0 which needs 1 slots
2014-04-14 04:26:45,470 INFO org.apache.hadoop.mapred.JvmManager: In JvmRunner constructed JVM ID: jvm_201404140420_0001_m_560668935
2014-04-14 04:26:45,470 INFO org.apache.hadoop.mapred.JvmManager: JVM Runner jvm_201404140420_0001_m_560668935 spawned.
2014-04-14 04:26:45,470 INFO org.apache.hadoop.mapred.JvmManager: In JvmRunner constructed JVM ID: jvm_201404140420_0001_m_1189720993
2014-04-14 04:26:45,471 INFO org.apache.hadoop.mapred.JvmManager: JVM Runner jvm_201404140420_0001_m_1189720993 spawned.
2014-04-14 04:26:45,473 INFO org.apache.hadoop.mapred.TaskController: Writing commands to /tmp/hadoop/hadoop-mgrossman/mapred/local/ttprivate/taskTracker/mgrossman/jobcache/job_201404140420_0001/attempt_201404140420_0001_m_000008_0/taskjvm.sh
2014-04-14 04:26:45,474 INFO org.apache.hadoop.mapred.TaskController: Writing commands to /tmp/hadoop/hadoop-mgrossman/mapred/local/ttprivate/taskTracker/mgrossman/jobcache/job_201404140420_0001/attempt_201404140420_0001_m_000009_0/taskjvm.sh
2014-04-14 04:26:46,400 INFO org.apache.hadoop.mapred.TaskTracker: JVM with ID: jvm_201404140420_0001_m_560668935 given task: attempt_201404140420_0001_m_000008_0
2014-04-14 04:26:46,420 INFO org.apache.hadoop.mapred.TaskTracker: JVM with ID: jvm_201404140420_0001_m_1189720993 given task: attempt_201404140420_0001_m_000009_0
2014-04-14 04:26:46,580 INFO org.apache.hadoop.mapred.TaskTracker: attempt_201404140420_0001_r_000001_0 0.11111112% reduce > copy (4 of 12 at 10.13 MB/s) > 
2014-04-14 04:26:46,621 INFO org.apache.hadoop.mapred.TaskTracker: attempt_201404140420_0001_r_000000_0 0.11111112% reduce > copy (4 of 12 at 10.93 MB/s) > 
2014-04-14 04:26:46,823 INFO org.apache.hadoop.mapred.TaskTracker: attempt_201404140420_0001_m_000007_0 1.0% 
2014-04-14 04:26:46,824 INFO org.apache.hadoop.mapred.TaskTracker: Task attempt_201404140420_0001_m_000007_0 is done.
2014-04-14 04:26:46,824 INFO org.apache.hadoop.mapred.TaskTracker: reported output size for attempt_201404140420_0001_m_000007_0  was 52806609
2014-04-14 04:26:46,825 INFO org.apache.hadoop.mapred.TaskTracker: addFreeSlot : current free slots : 1
2014-04-14 04:26:47,161 INFO org.apache.hadoop.mapred.TaskTracker: attempt_201404140420_0001_m_000006_0 1.0% 
2014-04-14 04:26:47,172 INFO org.apache.hadoop.mapred.TaskTracker: attempt_201404140420_0001_m_000006_0 1.0% 
2014-04-14 04:26:47,174 INFO org.apache.hadoop.mapred.TaskTracker: Task attempt_201404140420_0001_m_000006_0 is done.
2014-04-14 04:26:47,174 INFO org.apache.hadoop.mapred.TaskTracker: reported output size for attempt_201404140420_0001_m_000006_0  was 51759015
2014-04-14 04:26:47,174 INFO org.apache.hadoop.mapred.TaskTracker: addFreeSlot : current free slots : 2
2014-04-14 04:26:47,293 INFO org.apache.hadoop.mapred.JvmManager: JVM : jvm_201404140420_0001_m_1729747190 exited with exit code 0. Number of tasks it ran: 1
2014-04-14 04:26:47,652 INFO org.apache.hadoop.mapred.JvmManager: JVM : jvm_201404140420_0001_m_1447736465 exited with exit code 0. Number of tasks it ran: 1
2014-04-14 04:26:48,206 INFO org.apache.hadoop.mapred.TaskTracker: LaunchTaskAction (registerTask): attempt_201404140420_0001_m_000010_0 task's state:UNASSIGNED
2014-04-14 04:26:48,206 INFO org.apache.hadoop.mapred.TaskTracker: LaunchTaskAction (registerTask): attempt_201404140420_0001_m_000011_0 task's state:UNASSIGNED
2014-04-14 04:26:48,206 INFO org.apache.hadoop.mapred.TaskTracker: Trying to launch : attempt_201404140420_0001_m_000010_0 which needs 1 slots
2014-04-14 04:26:48,206 INFO org.apache.hadoop.mapred.TaskTracker: In TaskLauncher, current free slots : 2 and trying to launch attempt_201404140420_0001_m_000010_0 which needs 1 slots
2014-04-14 04:26:48,207 INFO org.apache.hadoop.mapred.TaskTracker: Trying to launch : attempt_201404140420_0001_m_000011_0 which needs 1 slots
2014-04-14 04:26:48,207 INFO org.apache.hadoop.mapred.TaskTracker: In TaskLauncher, current free slots : 1 and trying to launch attempt_201404140420_0001_m_000011_0 which needs 1 slots
2014-04-14 04:26:48,229 INFO org.apache.hadoop.mapred.JvmManager: In JvmRunner constructed JVM ID: jvm_201404140420_0001_m_1631467194
2014-04-14 04:26:48,229 INFO org.apache.hadoop.mapred.JvmManager: JVM Runner jvm_201404140420_0001_m_1631467194 spawned.
2014-04-14 04:26:48,232 INFO org.apache.hadoop.mapred.JvmManager: In JvmRunner constructed JVM ID: jvm_201404140420_0001_m_22295239
2014-04-14 04:26:48,239 INFO org.apache.hadoop.mapred.JvmManager: JVM Runner jvm_201404140420_0001_m_22295239 spawned.
2014-04-14 04:26:48,247 INFO org.apache.hadoop.mapred.TaskController: Writing commands to /tmp/hadoop/hadoop-mgrossman/mapred/local/ttprivate/taskTracker/mgrossman/jobcache/job_201404140420_0001/attempt_201404140420_0001_m_000010_0/taskjvm.sh
2014-04-14 04:26:48,250 INFO org.apache.hadoop.mapred.TaskController: Writing commands to /tmp/hadoop/hadoop-mgrossman/mapred/local/ttprivate/taskTracker/mgrossman/jobcache/job_201404140420_0001/attempt_201404140420_0001_m_000011_0/taskjvm.sh
2014-04-14 04:26:49,611 INFO org.apache.hadoop.mapred.TaskTracker: attempt_201404140420_0001_r_000001_0 0.11111112% reduce > copy (4 of 12 at 10.13 MB/s) > 
2014-04-14 04:26:49,908 INFO org.apache.hadoop.mapred.TaskTracker: JVM with ID: jvm_201404140420_0001_m_1631467194 given task: attempt_201404140420_0001_m_000010_0
2014-04-14 04:26:49,914 INFO org.apache.hadoop.mapred.TaskTracker: JVM with ID: jvm_201404140420_0001_m_22295239 given task: attempt_201404140420_0001_m_000011_0
2014-04-14 04:26:50,809 INFO org.apache.hadoop.mapred.TaskTracker.clienttrace: src: 127.0.1.1:50061, dest: 127.0.0.1:57600, bytes: 26385406, op: MAPRED_SHUFFLE, cliID: attempt_201404140420_0001_m_000004_0, duration: 333057695
2014-04-14 04:26:51,198 INFO org.apache.hadoop.mapred.TaskTracker.clienttrace: src: 127.0.1.1:50061, dest: 127.0.0.1:57600, bytes: 26445736, op: MAPRED_SHUFFLE, cliID: attempt_201404140420_0001_m_000005_0, duration: 340480664
2014-04-14 04:26:52,114 INFO org.apache.hadoop.mapred.TaskTracker.clienttrace: src: 127.0.1.1:50061, dest: 127.0.0.1:57600, bytes: 26187206, op: MAPRED_SHUFFLE, cliID: attempt_201404140420_0001_m_000006_0, duration: 890766299
2014-04-14 04:26:52,723 INFO org.apache.hadoop.mapred.TaskTracker: attempt_201404140420_0001_r_000000_0 0.11111112% reduce > copy (4 of 12 at 10.93 MB/s) > 
2014-04-14 04:26:53,154 INFO org.apache.hadoop.mapred.TaskTracker.clienttrace: src: 127.0.1.1:50061, dest: 127.0.0.1:57600, bytes: 26760235, op: MAPRED_SHUFFLE, cliID: attempt_201404140420_0001_m_000007_0, duration: 1022235448
2014-04-14 04:26:53,223 INFO org.apache.hadoop.mapred.TaskTracker.clienttrace: src: 127.0.1.1:50061, dest: 127.0.0.1:57601, bytes: 25575768, op: MAPRED_SHUFFLE, cliID: attempt_201404140420_0001_m_000004_0, duration: 1541734664
2014-04-14 04:26:54,147 INFO org.apache.hadoop.mapred.TaskTracker.clienttrace: src: 127.0.1.1:50061, dest: 127.0.0.1:57601, bytes: 25763742, op: MAPRED_SHUFFLE, cliID: attempt_201404140420_0001_m_000005_0, duration: 812052623
2014-04-14 04:26:54,427 INFO org.apache.hadoop.mapred.TaskTracker: attempt_201404140420_0001_m_000009_0 0.1697116% 
2014-04-14 04:26:54,670 INFO org.apache.hadoop.mapred.TaskTracker: attempt_201404140420_0001_m_000008_0 0.18060325% 
2014-04-14 04:26:55,048 INFO org.apache.hadoop.mapred.TaskTracker.clienttrace: src: 127.0.1.1:50061, dest: 127.0.0.1:57601, bytes: 25571809, op: MAPRED_SHUFFLE, cliID: attempt_201404140420_0001_m_000006_0, duration: 819920734
2014-04-14 04:26:55,697 INFO org.apache.hadoop.mapred.TaskTracker: attempt_201404140420_0001_r_000001_0 0.22222224% reduce > copy (8 of 12 at 3.02 MB/s) > 
2014-04-14 04:26:55,800 INFO org.apache.hadoop.mapred.TaskTracker: attempt_201404140420_0001_r_000000_0 0.19444446% reduce > copy (7 of 12 at 2.35 MB/s) > 
2014-04-14 04:26:56,028 INFO org.apache.hadoop.mapred.TaskTracker.clienttrace: src: 127.0.1.1:50061, dest: 127.0.0.1:57612, bytes: 26046374, op: MAPRED_SHUFFLE, cliID: attempt_201404140420_0001_m_000007_0, duration: 960236828
2014-04-14 04:26:57,606 INFO org.apache.hadoop.mapred.TaskTracker: attempt_201404140420_0001_m_000009_0 0.29593244% 
2014-04-14 04:26:57,819 INFO org.apache.hadoop.mapred.TaskTracker: attempt_201404140420_0001_m_000008_0 0.3354127% 
2014-04-14 04:26:58,555 INFO org.apache.hadoop.mapred.TaskTracker: attempt_201404140420_0001_m_000010_0 0.10067081% 
2014-04-14 04:26:58,723 INFO org.apache.hadoop.mapred.TaskTracker: attempt_201404140420_0001_r_000001_0 0.22222224% reduce > copy (8 of 12 at 3.02 MB/s) > 
2014-04-14 04:26:58,812 INFO org.apache.hadoop.mapred.TaskTracker: attempt_201404140420_0001_m_000011_0 0.08111502% 
2014-04-14 04:26:58,822 INFO org.apache.hadoop.mapred.TaskTracker: attempt_201404140420_0001_r_000000_0 0.22222224% reduce > copy (8 of 12 at 2.66 MB/s) > 
2014-04-14 04:27:01,091 INFO org.apache.hadoop.mapred.TaskTracker: attempt_201404140420_0001_m_000008_0 0.48116767% 
2014-04-14 04:27:01,344 INFO org.apache.hadoop.mapred.TaskTracker: attempt_201404140420_0001_m_000009_0 0.45212984% 
2014-04-14 04:27:01,749 INFO org.apache.hadoop.mapred.TaskTracker: attempt_201404140420_0001_r_000001_0 0.22222224% reduce > copy (8 of 12 at 3.02 MB/s) > 
2014-04-14 04:27:01,857 INFO org.apache.hadoop.mapred.TaskTracker: attempt_201404140420_0001_r_000000_0 0.22222224% reduce > copy (8 of 12 at 2.66 MB/s) > 
2014-04-14 04:27:01,971 INFO org.apache.hadoop.mapred.TaskTracker: attempt_201404140420_0001_m_000011_0 0.30229127% 
2014-04-14 04:27:03,055 INFO org.apache.hadoop.mapred.TaskTracker: attempt_201404140420_0001_m_000010_0 0.31462213% 
2014-04-14 04:27:04,446 INFO org.apache.hadoop.mapred.TaskTracker: attempt_201404140420_0001_m_000008_0 0.590865% 
2014-04-14 04:27:04,909 INFO org.apache.hadoop.mapred.TaskTracker: attempt_201404140420_0001_r_000000_0 0.22222224% reduce > copy (8 of 12 at 2.66 MB/s) > 
2014-04-14 04:27:05,059 INFO org.apache.hadoop.mapred.TaskTracker: attempt_201404140420_0001_m_000011_0 0.44777608% 
2014-04-14 04:27:06,011 INFO org.apache.hadoop.mapred.TaskTracker: attempt_201404140420_0001_m_000009_0 0.58585167% 
2014-04-14 04:27:06,308 INFO org.apache.hadoop.mapred.TaskTracker: attempt_201404140420_0001_m_000010_0 0.5135694% 
2014-04-14 04:27:07,696 INFO org.apache.hadoop.mapred.TaskTracker: attempt_201404140420_0001_m_000008_0 0.7076383% 
2014-04-14 04:27:07,806 INFO org.apache.hadoop.mapred.TaskTracker: attempt_201404140420_0001_r_000001_0 0.22222224% reduce > copy (8 of 12 at 3.02 MB/s) > 
2014-04-14 04:27:08,208 INFO org.apache.hadoop.mapred.TaskTracker: attempt_201404140420_0001_m_000011_0 0.586122% 
2014-04-14 04:27:09,288 INFO org.apache.hadoop.mapred.TaskTracker: attempt_201404140420_0001_m_000009_0 0.73295915% 
2014-04-14 04:27:09,511 INFO org.apache.hadoop.mapred.TaskTracker: attempt_201404140420_0001_m_000010_0 0.5942215% 
2014-04-14 04:27:10,932 INFO org.apache.hadoop.mapred.TaskTracker: attempt_201404140420_0001_m_000008_0 0.7900996% 
2014-04-14 04:27:10,933 INFO org.apache.hadoop.mapred.TaskTracker: attempt_201404140420_0001_r_000000_0 0.22222224% reduce > copy (8 of 12 at 2.66 MB/s) > 
2014-04-14 04:27:11,335 INFO org.apache.hadoop.mapred.TaskTracker: attempt_201404140420_0001_m_000011_0 0.6597316% 
2014-04-14 04:27:12,556 INFO org.apache.hadoop.mapred.TaskTracker: attempt_201404140420_0001_m_000009_0 0.83868617% 
2014-04-14 04:27:12,706 INFO org.apache.hadoop.mapred.TaskTracker: attempt_201404140420_0001_m_000010_0 0.7323852% 
2014-04-14 04:27:13,827 INFO org.apache.hadoop.mapred.TaskTracker: attempt_201404140420_0001_r_000001_0 0.22222224% reduce > copy (8 of 12 at 3.02 MB/s) > 
2014-04-14 04:27:14,197 INFO org.apache.hadoop.mapred.TaskTracker: attempt_201404140420_0001_m_000008_0 0.8936495% 
2014-04-14 04:27:14,443 INFO org.apache.hadoop.mapred.TaskTracker: attempt_201404140420_0001_m_000011_0 0.79634863% 
2014-04-14 04:27:15,777 INFO org.apache.hadoop.mapred.TaskTracker: attempt_201404140420_0001_m_000009_0 0.9120893% 
2014-04-14 04:27:15,886 INFO org.apache.hadoop.mapred.TaskTracker: attempt_201404140420_0001_m_000010_0 0.82821643% 
2014-04-14 04:27:16,853 INFO org.apache.hadoop.mapred.TaskTracker: attempt_201404140420_0001_r_000001_0 0.22222224% reduce > copy (8 of 12 at 3.02 MB/s) > 
2014-04-14 04:27:16,991 INFO org.apache.hadoop.mapred.TaskTracker: attempt_201404140420_0001_r_000000_0 0.22222224% reduce > copy (8 of 12 at 2.66 MB/s) > 
2014-04-14 04:27:17,255 INFO org.apache.hadoop.mapred.TaskTracker: attempt_201404140420_0001_m_000008_0 0.91305274% 
2014-04-14 04:27:17,522 INFO org.apache.hadoop.mapred.TaskTracker: attempt_201404140420_0001_m_000011_0 0.9019602% 
2014-04-14 04:27:18,868 INFO org.apache.hadoop.mapred.TaskTracker: attempt_201404140420_0001_m_000009_0 1.0% 
2014-04-14 04:27:18,979 INFO org.apache.hadoop.mapred.TaskTracker: attempt_201404140420_0001_m_000010_0 0.9020765% 
2014-04-14 04:27:20,033 INFO org.apache.hadoop.mapred.TaskTracker: attempt_201404140420_0001_r_000000_0 0.22222224% reduce > copy (8 of 12 at 2.66 MB/s) > 
2014-04-14 04:27:20,391 INFO org.apache.hadoop.mapred.TaskTracker: attempt_201404140420_0001_m_000008_0 1.0% 
2014-04-14 04:27:20,671 INFO org.apache.hadoop.mapred.TaskTracker: attempt_201404140420_0001_m_000011_0 1.0% 
2014-04-14 04:27:22,007 INFO org.apache.hadoop.mapred.TaskTracker: attempt_201404140420_0001_m_000009_0 1.0% 
2014-04-14 04:27:22,121 INFO org.apache.hadoop.mapred.TaskTracker: attempt_201404140420_0001_m_000010_0 1.0% 
2014-04-14 04:27:22,911 INFO org.apache.hadoop.mapred.TaskTracker: attempt_201404140420_0001_r_000001_0 0.22222224% reduce > copy (8 of 12 at 3.02 MB/s) > 
2014-04-14 04:27:23,482 INFO org.apache.hadoop.mapred.TaskTracker: attempt_201404140420_0001_m_000008_0 1.0% 
2014-04-14 04:27:23,814 INFO org.apache.hadoop.mapred.TaskTracker: attempt_201404140420_0001_m_000011_0 1.0% 
2014-04-14 04:27:25,092 INFO org.apache.hadoop.mapred.TaskTracker: attempt_201404140420_0001_m_000009_0 1.0% 
2014-04-14 04:27:25,378 INFO org.apache.hadoop.mapred.TaskTracker: attempt_201404140420_0001_m_000010_0 1.0% 
2014-04-14 04:27:26,061 INFO org.apache.hadoop.mapred.TaskTracker: attempt_201404140420_0001_r_000000_0 0.22222224% reduce > copy (8 of 12 at 2.66 MB/s) > 
2014-04-14 04:27:26,585 INFO org.apache.hadoop.mapred.TaskTracker: attempt_201404140420_0001_m_000008_0 1.0% 
2014-04-14 04:27:26,961 INFO org.apache.hadoop.mapred.TaskTracker: attempt_201404140420_0001_m_000011_0 1.0% 
2014-04-14 04:27:28,468 INFO org.apache.hadoop.mapred.TaskTracker: attempt_201404140420_0001_m_000010_0 1.0% 
2014-04-14 04:27:28,666 INFO org.apache.hadoop.mapred.TaskTracker: attempt_201404140420_0001_m_000009_0 1.0% 
2014-04-14 04:27:28,931 INFO org.apache.hadoop.mapred.TaskTracker: attempt_201404140420_0001_r_000001_0 0.22222224% reduce > copy (8 of 12 at 3.02 MB/s) > 
2014-04-14 04:27:29,082 INFO org.apache.hadoop.mapred.TaskTracker: attempt_201404140420_0001_r_000000_0 0.22222224% reduce > copy (8 of 12 at 2.66 MB/s) > 
2014-04-14 04:27:30,222 INFO org.apache.hadoop.mapred.TaskTracker: attempt_201404140420_0001_m_000011_0 1.0% 
2014-04-14 04:27:31,526 INFO org.apache.hadoop.mapred.TaskTracker: attempt_201404140420_0001_m_000008_0 1.0% 
2014-04-14 04:27:31,712 INFO org.apache.hadoop.mapred.TaskTracker: attempt_201404140420_0001_m_000009_0 1.0% 
2014-04-14 04:27:31,958 INFO org.apache.hadoop.mapred.TaskTracker: attempt_201404140420_0001_r_000001_0 0.22222224% reduce > copy (8 of 12 at 3.02 MB/s) > 
2014-04-14 04:27:34,084 INFO org.apache.hadoop.mapred.TaskTracker: attempt_201404140420_0001_m_000010_0 1.0% 
2014-04-14 04:27:34,553 INFO org.apache.hadoop.mapred.TaskTracker: attempt_201404140420_0001_m_000008_0 1.0% 
2014-04-14 04:27:35,053 INFO org.apache.hadoop.mapred.TaskTracker: attempt_201404140420_0001_m_000009_0 1.0% 
2014-04-14 04:27:35,108 INFO org.apache.hadoop.mapred.TaskTracker: attempt_201404140420_0001_r_000000_0 0.22222224% reduce > copy (8 of 12 at 2.66 MB/s) > 
2014-04-14 04:27:35,282 INFO org.apache.hadoop.mapred.TaskTracker: attempt_201404140420_0001_m_000011_0 1.0% 
2014-04-14 04:27:37,106 INFO org.apache.hadoop.mapred.TaskTracker: attempt_201404140420_0001_m_000010_0 1.0% 
2014-04-14 04:27:37,978 INFO org.apache.hadoop.mapred.TaskTracker: attempt_201404140420_0001_r_000001_0 0.22222224% reduce > copy (8 of 12 at 3.02 MB/s) > 
2014-04-14 04:27:38,079 INFO org.apache.hadoop.mapred.TaskTracker: attempt_201404140420_0001_m_000009_0 1.0% 
2014-04-14 04:27:38,307 INFO org.apache.hadoop.mapred.TaskTracker: attempt_201404140420_0001_m_000011_0 1.0% 
2014-04-14 04:27:40,338 INFO org.apache.hadoop.mapred.TaskTracker: attempt_201404140420_0001_m_000010_0 1.0% 
2014-04-14 04:27:40,582 INFO org.apache.hadoop.mapred.TaskTracker: attempt_201404140420_0001_m_000008_0 1.0% 
2014-04-14 04:27:41,108 INFO org.apache.hadoop.mapred.TaskTracker: attempt_201404140420_0001_m_000009_0 1.0% 
2014-04-14 04:27:41,345 INFO org.apache.hadoop.mapred.TaskTracker: attempt_201404140420_0001_r_000000_0 0.22222224% reduce > copy (8 of 12 at 2.66 MB/s) > 
2014-04-14 04:27:41,359 INFO org.apache.hadoop.mapred.TaskTracker: attempt_201404140420_0001_m_000011_0 1.0% 
2014-04-14 04:27:42,370 INFO org.mortbay.log: org.mortbay.io.nio.SelectorManager$SelectSet@1b3e1e64 JVM BUG(s) - injecting delay5 times
2014-04-14 04:27:42,371 INFO org.mortbay.log: org.mortbay.io.nio.SelectorManager$SelectSet@1b3e1e64 JVM BUG(s) - recreating selector 5 times, canceled keys 94 times
2014-04-14 04:27:43,383 INFO org.apache.hadoop.mapred.TaskTracker: attempt_201404140420_0001_m_000010_0 1.0% 
2014-04-14 04:27:43,620 INFO org.apache.hadoop.mapred.TaskTracker: attempt_201404140420_0001_m_000008_0 1.0% 
2014-04-14 04:27:44,362 INFO org.apache.hadoop.mapred.TaskTracker: attempt_201404140420_0001_r_000001_0 0.22222224% reduce > copy (8 of 12 at 3.02 MB/s) > 
2014-04-14 04:27:44,370 INFO org.apache.hadoop.mapred.TaskTracker: attempt_201404140420_0001_r_000000_0 0.22222224% reduce > copy (8 of 12 at 2.66 MB/s) > 
2014-04-14 04:27:46,559 INFO org.apache.hadoop.mapred.TaskTracker: attempt_201404140420_0001_m_000010_0 1.0% 
2014-04-14 04:27:47,411 INFO org.apache.hadoop.mapred.TaskTracker: attempt_201404140420_0001_r_000001_0 0.22222224% reduce > copy (8 of 12 at 3.02 MB/s) > 
2014-04-14 04:27:47,423 INFO org.apache.hadoop.mapred.TaskTracker: attempt_201404140420_0001_m_000008_0 1.0% 
2014-04-14 04:27:47,424 INFO org.apache.hadoop.mapred.TaskTracker: attempt_201404140420_0001_m_000011_0 1.0% 
2014-04-14 04:27:49,589 INFO org.apache.hadoop.mapred.TaskTracker: attempt_201404140420_0001_m_000010_0 1.0% 
2014-04-14 04:27:50,396 INFO org.apache.hadoop.mapred.TaskTracker: attempt_201404140420_0001_r_000000_0 0.22222224% reduce > copy (8 of 12 at 2.66 MB/s) > 
2014-04-14 04:27:53,380 INFO org.apache.hadoop.mapred.TaskTracker: attempt_201404140420_0001_m_000009_0 1.0% 
2014-04-14 04:27:53,382 INFO org.apache.hadoop.mapred.TaskTracker: Task attempt_201404140420_0001_m_000009_0 is done.
2014-04-14 04:27:53,382 INFO org.apache.hadoop.mapred.TaskTracker: reported output size for attempt_201404140420_0001_m_000009_0  was 52197794
2014-04-14 04:27:53,383 INFO org.apache.hadoop.mapred.TaskTracker: addFreeSlot : current free slots : 1
2014-04-14 04:27:53,620 INFO org.apache.hadoop.mapred.TaskTracker: attempt_201404140420_0001_m_000008_0 1.0% 
2014-04-14 04:27:53,623 INFO org.apache.hadoop.mapred.TaskTracker: attempt_201404140420_0001_m_000011_0 1.0% 
2014-04-14 04:27:53,630 INFO org.apache.hadoop.mapred.TaskTracker: Task attempt_201404140420_0001_m_000008_0 is done.
2014-04-14 04:27:53,630 INFO org.apache.hadoop.mapred.TaskTracker: reported output size for attempt_201404140420_0001_m_000008_0  was 52484422
2014-04-14 04:27:53,630 INFO org.apache.hadoop.mapred.TaskTracker: Task attempt_201404140420_0001_m_000011_0 is done.
2014-04-14 04:27:53,630 INFO org.apache.hadoop.mapred.TaskTracker: reported output size for attempt_201404140420_0001_m_000011_0  was 51261824
2014-04-14 04:27:53,630 INFO org.apache.hadoop.mapred.TaskTracker: addFreeSlot : current free slots : 2
2014-04-14 04:27:53,631 INFO org.apache.hadoop.mapred.TaskTracker: addFreeSlot : current free slots : 3
2014-04-14 04:27:53,642 INFO org.apache.hadoop.mapred.TaskTracker: attempt_201404140420_0001_r_000001_0 0.22222224% reduce > copy (8 of 12 at 3.02 MB/s) > 
2014-04-14 04:27:55,001 INFO org.apache.hadoop.mapred.JvmManager: JVM : jvm_201404140420_0001_m_1189720993 exited with exit code 0. Number of tasks it ran: 1
2014-04-14 04:27:55,003 INFO org.apache.hadoop.mapred.JvmManager: JVM : jvm_201404140420_0001_m_560668935 exited with exit code 0. Number of tasks it ran: 1
2014-04-14 04:27:55,003 INFO org.apache.hadoop.mapred.JvmManager: JVM : jvm_201404140420_0001_m_22295239 exited with exit code 0. Number of tasks it ran: 1
2014-04-14 04:27:56,004 INFO org.apache.hadoop.mapred.TaskTracker: attempt_201404140420_0001_m_000010_0 1.0% 
2014-04-14 04:27:56,006 INFO org.apache.hadoop.mapred.TaskTracker: Task attempt_201404140420_0001_m_000010_0 is done.
2014-04-14 04:27:56,007 INFO org.apache.hadoop.mapred.TaskTracker: reported output size for attempt_201404140420_0001_m_000010_0  was 52583539
2014-04-14 04:27:56,007 INFO org.apache.hadoop.mapred.TaskTracker: addFreeSlot : current free slots : 4
2014-04-14 04:27:56,431 INFO org.apache.hadoop.mapred.JvmManager: JVM : jvm_201404140420_0001_m_1631467194 exited with exit code 0. Number of tasks it ran: 1
2014-04-14 04:27:56,637 INFO org.apache.hadoop.mapred.TaskTracker: attempt_201404140420_0001_r_000000_0 0.22222224% reduce > copy (8 of 12 at 2.66 MB/s) > 
2014-04-14 04:27:56,668 INFO org.apache.hadoop.mapred.TaskTracker: attempt_201404140420_0001_r_000001_0 0.22222224% reduce > copy (8 of 12 at 3.02 MB/s) > 
2014-04-14 04:27:58,421 INFO org.apache.hadoop.mapred.TaskTracker.clienttrace: src: 127.0.1.1:50061, dest: 127.0.0.1:57665, bytes: 26635752, op: MAPRED_SHUFFLE, cliID: attempt_201404140420_0001_m_000008_0, duration: 130112939
2014-04-14 04:27:58,651 INFO org.apache.hadoop.mapred.TaskTracker.clienttrace: src: 127.0.1.1:50061, dest: 127.0.0.1:57665, bytes: 26525068, op: MAPRED_SHUFFLE, cliID: attempt_201404140420_0001_m_000009_0, duration: 213286529
2014-04-14 04:27:59,490 INFO org.apache.hadoop.mapred.TaskTracker.clienttrace: src: 127.0.1.1:50061, dest: 127.0.0.1:57666, bytes: 25955407, op: MAPRED_SHUFFLE, cliID: attempt_201404140420_0001_m_000011_0, duration: 786147277
2014-04-14 04:27:59,665 INFO org.apache.hadoop.mapred.TaskTracker: attempt_201404140420_0001_r_000000_0 0.22222224% reduce > copy (8 of 12 at 2.66 MB/s) > 
2014-04-14 04:28:01,584 INFO org.apache.hadoop.mapred.TaskTracker.clienttrace: src: 127.0.1.1:50061, dest: 127.0.0.1:57667, bytes: 25848670, op: MAPRED_SHUFFLE, cliID: attempt_201404140420_0001_m_000008_0, duration: 97548418
2014-04-14 04:28:02,637 INFO org.apache.hadoop.mapred.TaskTracker.clienttrace: src: 127.0.1.1:50061, dest: 127.0.0.1:57668, bytes: 25672726, op: MAPRED_SHUFFLE, cliID: attempt_201404140420_0001_m_000009_0, duration: 1051091789
2014-04-14 04:28:02,692 INFO org.apache.hadoop.mapred.TaskTracker: attempt_201404140420_0001_r_000001_0 0.30555558% reduce > copy (11 of 12 at 2.07 MB/s) > 
2014-04-14 04:28:03,617 INFO org.apache.hadoop.mapred.TaskTracker.clienttrace: src: 127.0.1.1:50061, dest: 127.0.0.1:57668, bytes: 25306417, op: MAPRED_SHUFFLE, cliID: attempt_201404140420_0001_m_000011_0, duration: 974641975
2014-04-14 04:28:04,652 INFO org.apache.hadoop.mapred.TaskTracker.clienttrace: src: 127.0.1.1:50061, dest: 127.0.0.1:57668, bytes: 25884370, op: MAPRED_SHUFFLE, cliID: attempt_201404140420_0001_m_000010_0, duration: 1027452596
2014-04-14 04:28:04,696 INFO org.apache.hadoop.mapred.TaskTracker.clienttrace: src: 127.0.1.1:50061, dest: 127.0.0.1:57669, bytes: 26699169, op: MAPRED_SHUFFLE, cliID: attempt_201404140420_0001_m_000010_0, duration: 163075947
2014-04-14 04:28:05,332 INFO org.apache.hadoop.mapred.TaskTracker: attempt_201404140420_0001_r_000000_0 0.22222224% reduce > copy (8 of 12 at 2.66 MB/s) > 
2014-04-14 04:28:05,651 INFO org.apache.hadoop.mapred.TaskTracker: attempt_201404140420_0001_r_000001_0 0.30555558% reduce > copy (11 of 12 at 2.07 MB/s) > 
2014-04-14 04:28:05,695 INFO org.apache.hadoop.mapred.TaskTracker: attempt_201404140420_0001_r_000000_0 0.33333334% reduce > sort
2014-04-14 04:28:06,297 INFO org.apache.hadoop.mapred.TaskTracker: attempt_201404140420_0001_r_000000_0 0.33333334% reduce > sort
2014-04-14 04:28:06,599 INFO org.apache.hadoop.mapred.TaskTracker: attempt_201404140420_0001_r_000001_0 0.30555558% reduce > copy (11 of 12 at 2.07 MB/s) > 
2014-04-14 04:28:08,728 INFO org.apache.hadoop.mapred.TaskTracker: attempt_201404140420_0001_r_000000_0 0.7951634% reduce > reduce
2014-04-14 04:28:08,729 INFO org.apache.hadoop.mapred.TaskTracker: attempt_201404140420_0001_r_000001_0 0.7842209% reduce > reduce
2014-04-14 04:28:10,039 INFO org.apache.hadoop.mapred.TaskTracker: Task attempt_201404140420_0001_r_000000_0 is in commit-pending, task state:COMMIT_PENDING
2014-04-14 04:28:10,039 INFO org.apache.hadoop.mapred.TaskTracker: attempt_201404140420_0001_r_000000_0 0.7951634% reduce > reduce
2014-04-14 04:28:10,148 INFO org.apache.hadoop.mapred.TaskTracker: Task attempt_201404140420_0001_r_000001_0 is in commit-pending, task state:COMMIT_PENDING
2014-04-14 04:28:10,148 INFO org.apache.hadoop.mapred.TaskTracker: attempt_201404140420_0001_r_000001_0 0.7842209% reduce > reduce
2014-04-14 04:28:11,751 INFO org.apache.hadoop.mapred.TaskTracker: attempt_201404140420_0001_r_000000_0 1.0% reduce > reduce
2014-04-14 04:28:11,753 INFO org.apache.hadoop.mapred.TaskTracker: attempt_201404140420_0001_r_000001_0 1.0% reduce > reduce
2014-04-14 04:28:12,399 INFO org.apache.hadoop.mapred.TaskTracker: Received commit task action for attempt_201404140420_0001_r_000000_0
2014-04-14 04:28:12,399 INFO org.apache.hadoop.mapred.TaskTracker: Received commit task action for attempt_201404140420_0001_r_000001_0
2014-04-14 04:28:14,776 INFO org.apache.hadoop.mapred.TaskTracker: attempt_201404140420_0001_r_000000_0 1.0% reduce > reduce
2014-04-14 04:28:14,779 INFO org.apache.hadoop.mapred.TaskTracker: attempt_201404140420_0001_r_000000_0 1.0% reduce > reduce
2014-04-14 04:28:14,782 INFO org.apache.hadoop.mapred.TaskTracker: attempt_201404140420_0001_r_000001_0 1.0% reduce > reduce
2014-04-14 04:28:14,782 INFO org.apache.hadoop.mapred.TaskTracker: Task attempt_201404140420_0001_r_000000_0 is done.
2014-04-14 04:28:14,782 INFO org.apache.hadoop.mapred.TaskTracker: reported output size for attempt_201404140420_0001_r_000000_0  was -1
2014-04-14 04:28:14,785 INFO org.apache.hadoop.mapred.TaskTracker: attempt_201404140420_0001_r_000001_0 1.0% reduce > reduce
2014-04-14 04:28:14,786 INFO org.apache.hadoop.mapred.TaskTracker: Task attempt_201404140420_0001_r_000001_0 is done.
2014-04-14 04:28:14,786 INFO org.apache.hadoop.mapred.TaskTracker: reported output size for attempt_201404140420_0001_r_000001_0  was -1
2014-04-14 04:28:15,022 INFO org.apache.hadoop.mapred.JvmManager: JVM : jvm_201404140420_0001_r_588694785 exited with exit code 0. Number of tasks it ran: 1
2014-04-14 04:28:15,096 INFO org.apache.hadoop.mapred.JvmManager: JVM : jvm_201404140420_0001_r_1981777880 exited with exit code 0. Number of tasks it ran: 1
2014-04-14 04:28:16,975 INFO org.apache.hadoop.mapred.TaskTracker: addFreeSlot : current free slots : 1
2014-04-14 04:28:17,003 INFO org.apache.hadoop.mapred.TaskTracker: LaunchTaskAction (registerTask): attempt_201404140420_0001_m_000012_0 task's state:UNASSIGNED
2014-04-14 04:28:17,003 INFO org.apache.hadoop.mapred.TaskTracker: Trying to launch : attempt_201404140420_0001_m_000012_0 which needs 1 slots
2014-04-14 04:28:17,003 INFO org.apache.hadoop.mapred.TaskTracker: Received KillTaskAction for task: attempt_201404140420_0001_r_000000_0
2014-04-14 04:28:17,003 INFO org.apache.hadoop.mapred.TaskTracker: In TaskLauncher, current free slots : 4 and trying to launch attempt_201404140420_0001_m_000012_0 which needs 1 slots
2014-04-14 04:28:17,004 INFO org.apache.hadoop.mapred.TaskTracker: About to purge task: attempt_201404140420_0001_r_000000_0
2014-04-14 04:28:17,004 INFO org.apache.hadoop.mapred.TaskTracker: Received KillTaskAction for task: attempt_201404140420_0001_r_000001_0
2014-04-14 04:28:17,004 INFO org.apache.hadoop.mapred.TaskTracker: About to purge task: attempt_201404140420_0001_r_000001_0
2014-04-14 04:28:17,034 INFO org.apache.hadoop.mapred.JvmManager: In JvmRunner constructed JVM ID: jvm_201404140420_0001_m_680912338
2014-04-14 04:28:17,034 INFO org.apache.hadoop.mapred.JvmManager: JVM Runner jvm_201404140420_0001_m_680912338 spawned.
2014-04-14 04:28:17,037 INFO org.apache.hadoop.mapred.TaskController: Writing commands to /tmp/hadoop/hadoop-mgrossman/mapred/local/ttprivate/taskTracker/mgrossman/jobcache/job_201404140420_0001/attempt_201404140420_0001_m_000012_0/taskjvm.sh
2014-04-14 04:28:19,588 INFO org.apache.hadoop.mapred.TaskTracker: JVM with ID: jvm_201404140420_0001_m_680912338 given task: attempt_201404140420_0001_m_000012_0
2014-04-14 04:28:20,771 INFO org.apache.hadoop.mapred.TaskTracker: attempt_201404140420_0001_m_000012_0 0.0% 
2014-04-14 04:28:23,654 INFO org.apache.hadoop.mapred.TaskTracker: attempt_201404140420_0001_m_000012_0 0.0% cleanup
2014-04-14 04:28:23,657 INFO org.apache.hadoop.mapred.TaskTracker: Task attempt_201404140420_0001_m_000012_0 is done.
2014-04-14 04:28:23,657 INFO org.apache.hadoop.mapred.TaskTracker: reported output size for attempt_201404140420_0001_m_000012_0  was -1
2014-04-14 04:28:23,657 INFO org.apache.hadoop.mapred.TaskTracker: addFreeSlot : current free slots : 4
2014-04-14 04:28:23,891 INFO org.apache.hadoop.mapred.JvmManager: JVM : jvm_201404140420_0001_m_680912338 exited with exit code 0. Number of tasks it ran: 1
2014-04-14 04:28:26,105 INFO org.apache.hadoop.mapred.TaskTracker: Received 'KillJobAction' for job: job_201404140420_0001
2014-04-14 04:28:26,107 INFO org.apache.hadoop.mapred.IndexCache: Map ID attempt_201404140420_0001_m_000012_0 not found in cache
2014-04-14 04:28:26,110 INFO org.apache.hadoop.mapred.UserLogCleaner: Adding job_201404140420_0001 for user-log deletion with retainTimeStamp:1397554106110
