2014-04-14 03:45:42,620 INFO org.apache.hadoop.mapred.TaskTracker: STARTUP_MSG: 
/************************************************************
STARTUP_MSG: Starting TaskTracker
STARTUP_MSG:   host = node08.asa-web.amd.com/127.0.1.1
STARTUP_MSG:   args = []
STARTUP_MSG:   version = Unknown
STARTUP_MSG:   build = Unknown -r Unknown; compiled by 'Unknown' on Unknown
************************************************************/
2014-04-14 03:45:42,866 INFO org.apache.hadoop.metrics2.impl.MetricsConfig: loaded properties from hadoop-metrics2.properties
2014-04-14 03:45:42,929 INFO org.apache.hadoop.metrics2.impl.MetricsSourceAdapter: MBean for source MetricsSystem,sub=Stats registered.
2014-04-14 03:45:42,930 INFO org.apache.hadoop.metrics2.impl.MetricsSystemImpl: Scheduled snapshot period at 10 second(s).
2014-04-14 03:45:42,930 INFO org.apache.hadoop.metrics2.impl.MetricsSystemImpl: TaskTracker metrics system started
2014-04-14 03:45:43,296 INFO org.apache.hadoop.metrics2.impl.MetricsSourceAdapter: MBean for source ugi registered.
2014-04-14 03:45:43,310 WARN org.apache.hadoop.metrics2.impl.MetricsSystemImpl: Source name ugi already exists!
2014-04-14 03:45:48,637 INFO org.mortbay.log: Logging to org.slf4j.impl.Log4jLoggerAdapter(org.mortbay.log) via org.mortbay.log.Slf4jLog
2014-04-14 03:45:48,706 INFO org.apache.hadoop.http.HttpServer: Added global filtersafety (class=org.apache.hadoop.http.HttpServer$QuotingInputFilter)
2014-04-14 03:45:48,775 INFO org.apache.hadoop.mapred.TaskLogsTruncater: Initializing logs' truncater with mapRetainSize=-1 and reduceRetainSize=-1
2014-04-14 03:45:48,793 INFO org.apache.hadoop.mapred.TaskTracker: Starting tasktracker with owner as mgrossman
2014-04-14 03:45:48,795 INFO org.apache.hadoop.mapred.TaskTracker: Good mapred local directories are: /tmp/hadoop/hadoop-mgrossman/mapred/local
2014-04-14 03:45:48,807 INFO org.apache.hadoop.util.NativeCodeLoader: Loaded the native-hadoop library
2014-04-14 03:45:48,835 INFO org.apache.hadoop.metrics2.impl.MetricsSourceAdapter: MBean for source jvm registered.
2014-04-14 03:45:48,839 INFO org.apache.hadoop.metrics2.impl.MetricsSourceAdapter: MBean for source TaskTrackerMetrics registered.
2014-04-14 03:45:48,869 INFO org.apache.hadoop.ipc.Server: Starting SocketReader
2014-04-14 03:45:48,880 INFO org.apache.hadoop.metrics2.impl.MetricsSourceAdapter: MBean for source RpcDetailedActivityForPort34590 registered.
2014-04-14 03:45:48,881 INFO org.apache.hadoop.metrics2.impl.MetricsSourceAdapter: MBean for source RpcActivityForPort34590 registered.
2014-04-14 03:45:48,887 INFO org.apache.hadoop.ipc.Server: IPC Server Responder: starting
2014-04-14 03:45:48,887 INFO org.apache.hadoop.ipc.Server: IPC Server listener on 34590: starting
2014-04-14 03:45:48,891 INFO org.apache.hadoop.ipc.Server: IPC Server handler 0 on 34590: starting
2014-04-14 03:45:48,892 INFO org.apache.hadoop.ipc.Server: IPC Server handler 1 on 34590: starting
2014-04-14 03:45:48,892 INFO org.apache.hadoop.ipc.Server: IPC Server handler 2 on 34590: starting
2014-04-14 03:45:48,892 INFO org.apache.hadoop.ipc.Server: IPC Server handler 3 on 34590: starting
2014-04-14 03:45:48,892 INFO org.apache.hadoop.ipc.Server: IPC Server handler 4 on 34590: starting
2014-04-14 03:45:48,893 INFO org.apache.hadoop.ipc.Server: IPC Server handler 5 on 34590: starting
2014-04-14 03:45:48,893 INFO org.apache.hadoop.ipc.Server: IPC Server handler 6 on 34590: starting
2014-04-14 03:45:48,893 INFO org.apache.hadoop.ipc.Server: IPC Server handler 7 on 34590: starting
2014-04-14 03:45:48,893 INFO org.apache.hadoop.mapred.TaskTracker: TaskTracker up at: localhost/127.0.0.1:34590
2014-04-14 03:45:48,894 INFO org.apache.hadoop.mapred.TaskTracker: Starting tracker tracker_node08.asa-web.amd.com:localhost/127.0.0.1:34590
2014-04-14 03:45:58,942 INFO org.apache.hadoop.mapred.TaskTracker: Starting thread: Map-events fetcher for all reduce tasks on tracker_node08.asa-web.amd.com:localhost/127.0.0.1:34590
2014-04-14 03:45:58,954 INFO org.apache.hadoop.util.ProcessTree: setsid exited with exit code 0
2014-04-14 03:45:58,960 INFO org.apache.hadoop.mapred.TaskTracker:  Using ResourceCalculatorPlugin : org.apache.hadoop.util.LinuxResourceCalculatorPlugin@60ddf8cb
2014-04-14 03:45:58,964 WARN org.apache.hadoop.mapred.TaskTracker: TaskTracker's totalMemoryAllottedForTasks is -1. TaskMemoryManager is disabled.
2014-04-14 03:45:58,971 INFO org.apache.hadoop.mapred.IndexCache: IndexCache created with max memory = 10485760
2014-04-14 03:46:00,230 INFO org.apache.hadoop.metrics2.impl.MetricsSourceAdapter: MBean for source ShuffleServerMetrics registered.
2014-04-14 03:46:00,241 INFO org.apache.hadoop.http.HttpServer: Port returned by webServer.getConnectors()[0].getLocalPort() before open() is -1. Opening the listener on 50061
2014-04-14 03:46:00,242 INFO org.apache.hadoop.http.HttpServer: listener.getLocalPort() returned 50061 webServer.getConnectors()[0].getLocalPort() returned 50061
2014-04-14 03:46:00,242 INFO org.apache.hadoop.http.HttpServer: Jetty bound to port 50061
2014-04-14 03:46:00,242 INFO org.mortbay.log: jetty-6.1.26
2014-04-14 03:46:00,654 INFO org.mortbay.log: Started SelectChannelConnector@0.0.0.0:50061
2014-04-14 03:46:00,654 INFO org.apache.hadoop.mapred.TaskTracker: FILE_CACHE_SIZE for mapOutputServlet set to : 2000
2014-04-14 03:50:01,692 INFO org.apache.hadoop.mapred.TaskTracker: LaunchTaskAction (registerTask): attempt_201404140345_0001_m_000013_0 task's state:UNASSIGNED
2014-04-14 03:50:01,704 INFO org.apache.hadoop.mapred.TaskTracker: Trying to launch : attempt_201404140345_0001_m_000013_0 which needs 1 slots
2014-04-14 03:50:01,704 INFO org.apache.hadoop.mapred.TaskTracker: In TaskLauncher, current free slots : 4 and trying to launch attempt_201404140345_0001_m_000013_0 which needs 1 slots
2014-04-14 03:50:02,088 INFO org.apache.hadoop.mapred.JobLocalizer: Initializing user mgrossman on this TT.
2014-04-14 03:50:02,314 INFO org.apache.hadoop.mapred.JvmManager: In JvmRunner constructed JVM ID: jvm_201404140345_0001_m_2121392673
2014-04-14 03:50:02,315 INFO org.apache.hadoop.mapred.JvmManager: JVM Runner jvm_201404140345_0001_m_2121392673 spawned.
2014-04-14 03:50:02,319 INFO org.apache.hadoop.mapred.TaskController: Writing commands to /tmp/hadoop/hadoop-mgrossman/mapred/local/ttprivate/taskTracker/mgrossman/jobcache/job_201404140345_0001/attempt_201404140345_0001_m_000013_0/taskjvm.sh
2014-04-14 03:50:03,667 INFO org.apache.hadoop.mapred.TaskTracker: JVM with ID: jvm_201404140345_0001_m_2121392673 given task: attempt_201404140345_0001_m_000013_0
2014-04-14 03:50:07,645 INFO org.apache.hadoop.mapred.TaskTracker: attempt_201404140345_0001_m_000013_0 0.0% setup
2014-04-14 03:50:07,649 INFO org.apache.hadoop.mapred.TaskTracker: Task attempt_201404140345_0001_m_000013_0 is done.
2014-04-14 03:50:07,649 INFO org.apache.hadoop.mapred.TaskTracker: reported output size for attempt_201404140345_0001_m_000013_0  was -1
2014-04-14 03:50:07,651 INFO org.apache.hadoop.mapred.TaskTracker: addFreeSlot : current free slots : 4
2014-04-14 03:50:07,741 INFO org.apache.hadoop.mapred.TaskTracker: LaunchTaskAction (registerTask): attempt_201404140345_0001_m_000000_0 task's state:UNASSIGNED
2014-04-14 03:50:07,741 INFO org.apache.hadoop.mapred.TaskTracker: Trying to launch : attempt_201404140345_0001_m_000000_0 which needs 1 slots
2014-04-14 03:50:07,741 INFO org.apache.hadoop.mapred.TaskTracker: In TaskLauncher, current free slots : 4 and trying to launch attempt_201404140345_0001_m_000000_0 which needs 1 slots
2014-04-14 03:50:07,744 INFO org.apache.hadoop.mapred.TaskTracker: LaunchTaskAction (registerTask): attempt_201404140345_0001_m_000001_0 task's state:UNASSIGNED
2014-04-14 03:50:07,745 INFO org.apache.hadoop.mapred.TaskTracker: Trying to launch : attempt_201404140345_0001_m_000001_0 which needs 1 slots
2014-04-14 03:50:07,745 INFO org.apache.hadoop.mapred.TaskTracker: In TaskLauncher, current free slots : 3 and trying to launch attempt_201404140345_0001_m_000001_0 which needs 1 slots
2014-04-14 03:50:07,750 INFO org.apache.hadoop.mapred.TaskTracker: LaunchTaskAction (registerTask): attempt_201404140345_0001_m_000002_0 task's state:UNASSIGNED
2014-04-14 03:50:07,751 INFO org.apache.hadoop.mapred.TaskTracker: Trying to launch : attempt_201404140345_0001_m_000002_0 which needs 1 slots
2014-04-14 03:50:07,751 INFO org.apache.hadoop.mapred.TaskTracker: In TaskLauncher, current free slots : 2 and trying to launch attempt_201404140345_0001_m_000002_0 which needs 1 slots
2014-04-14 03:50:07,753 INFO org.apache.hadoop.mapred.TaskTracker: LaunchTaskAction (registerTask): attempt_201404140345_0001_m_000003_0 task's state:UNASSIGNED
2014-04-14 03:50:07,754 INFO org.apache.hadoop.mapred.TaskTracker: Received KillTaskAction for task: attempt_201404140345_0001_m_000013_0
2014-04-14 03:50:07,754 INFO org.apache.hadoop.mapred.TaskTracker: About to purge task: attempt_201404140345_0001_m_000013_0
2014-04-14 03:50:07,754 INFO org.apache.hadoop.mapred.TaskTracker: Trying to launch : attempt_201404140345_0001_m_000003_0 which needs 1 slots
2014-04-14 03:50:07,755 INFO org.apache.hadoop.mapred.TaskTracker: In TaskLauncher, current free slots : 1 and trying to launch attempt_201404140345_0001_m_000003_0 which needs 1 slots
2014-04-14 03:50:07,754 INFO org.apache.hadoop.mapred.IndexCache: Map ID attempt_201404140345_0001_m_000013_0 not found in cache
2014-04-14 03:50:07,780 INFO org.apache.hadoop.mapred.JvmManager: In JvmRunner constructed JVM ID: jvm_201404140345_0001_m_1710423403
2014-04-14 03:50:07,780 INFO org.apache.hadoop.mapred.JvmManager: JVM Runner jvm_201404140345_0001_m_1710423403 spawned.
2014-04-14 03:50:07,787 INFO org.apache.hadoop.mapred.JvmManager: In JvmRunner constructed JVM ID: jvm_201404140345_0001_m_1743107817
2014-04-14 03:50:07,787 INFO org.apache.hadoop.mapred.TaskController: Writing commands to /tmp/hadoop/hadoop-mgrossman/mapred/local/ttprivate/taskTracker/mgrossman/jobcache/job_201404140345_0001/attempt_201404140345_0001_m_000000_0/taskjvm.sh
2014-04-14 03:50:07,788 INFO org.apache.hadoop.mapred.JvmManager: JVM Runner jvm_201404140345_0001_m_1743107817 spawned.
2014-04-14 03:50:07,791 INFO org.apache.hadoop.mapred.TaskController: Writing commands to /tmp/hadoop/hadoop-mgrossman/mapred/local/ttprivate/taskTracker/mgrossman/jobcache/job_201404140345_0001/attempt_201404140345_0001_m_000001_0/taskjvm.sh
2014-04-14 03:50:07,792 INFO org.apache.hadoop.mapred.JvmManager: In JvmRunner constructed JVM ID: jvm_201404140345_0001_m_904845021
2014-04-14 03:50:07,794 INFO org.apache.hadoop.mapred.JvmManager: JVM Runner jvm_201404140345_0001_m_904845021 spawned.
2014-04-14 03:50:07,805 INFO org.apache.hadoop.mapred.TaskController: Writing commands to /tmp/hadoop/hadoop-mgrossman/mapred/local/ttprivate/taskTracker/mgrossman/jobcache/job_201404140345_0001/attempt_201404140345_0001_m_000003_0/taskjvm.sh
2014-04-14 03:50:07,806 INFO org.apache.hadoop.mapred.JvmManager: Killing JVM: jvm_201404140345_0001_m_2121392673
2014-04-14 03:50:07,824 INFO org.apache.hadoop.mapred.JvmManager: In JvmRunner constructed JVM ID: jvm_201404140345_0001_m_355228950
2014-04-14 03:50:07,824 INFO org.apache.hadoop.mapred.JvmManager: JVM Runner jvm_201404140345_0001_m_355228950 spawned.
2014-04-14 03:50:07,826 INFO org.apache.hadoop.mapred.TaskController: Writing commands to /tmp/hadoop/hadoop-mgrossman/mapred/local/ttprivate/taskTracker/mgrossman/jobcache/job_201404140345_0001/attempt_201404140345_0001_m_000002_0/taskjvm.sh
2014-04-14 03:50:07,876 INFO org.apache.hadoop.mapred.JvmManager: JVM : jvm_201404140345_0001_m_2121392673 exited with exit code 0. Number of tasks it ran: 1
2014-04-14 03:50:08,013 INFO org.apache.hadoop.io.nativeio.NativeIO: Initialized cache for UID to User mapping with a cache timeout of 14400 seconds.
2014-04-14 03:50:08,014 INFO org.apache.hadoop.io.nativeio.NativeIO: Got UserName mgrossman for UID 1007 from the native implementation
2014-04-14 03:50:09,301 INFO org.apache.hadoop.mapred.TaskTracker: JVM with ID: jvm_201404140345_0001_m_1743107817 given task: attempt_201404140345_0001_m_000001_0
2014-04-14 03:50:09,302 INFO org.apache.hadoop.mapred.TaskTracker: JVM with ID: jvm_201404140345_0001_m_1710423403 given task: attempt_201404140345_0001_m_000000_0
2014-04-14 03:50:09,303 INFO org.apache.hadoop.mapred.TaskTracker: JVM with ID: jvm_201404140345_0001_m_904845021 given task: attempt_201404140345_0001_m_000003_0
2014-04-14 03:50:09,308 INFO org.apache.hadoop.mapred.TaskTracker: JVM with ID: jvm_201404140345_0001_m_355228950 given task: attempt_201404140345_0001_m_000002_0
2014-04-14 03:50:17,835 INFO org.apache.hadoop.mapred.TaskTracker: attempt_201404140345_0001_m_000000_0 0.17573161% 
2014-04-14 03:50:18,172 INFO org.apache.hadoop.mapred.TaskTracker: attempt_201404140345_0001_m_000003_0 0.1838042% 
2014-04-14 03:50:18,193 INFO org.apache.hadoop.mapred.TaskTracker: attempt_201404140345_0001_m_000001_0 0.17919958% 
2014-04-14 03:50:18,382 INFO org.apache.hadoop.mapred.TaskTracker: attempt_201404140345_0001_m_000002_0 0.17775607% 
2014-04-14 03:50:20,940 INFO org.apache.hadoop.mapred.TaskTracker: attempt_201404140345_0001_m_000000_0 0.37053806% 
2014-04-14 03:50:21,303 INFO org.apache.hadoop.mapred.TaskTracker: attempt_201404140345_0001_m_000003_0 0.35134286% 
2014-04-14 03:50:21,929 INFO org.apache.hadoop.mapred.TaskTracker: attempt_201404140345_0001_m_000001_0 0.3191824% 
2014-04-14 03:50:21,963 INFO org.apache.hadoop.mapred.TaskTracker: attempt_201404140345_0001_m_000002_0 0.3221271% 
2014-04-14 03:50:24,123 INFO org.apache.hadoop.mapred.TaskTracker: attempt_201404140345_0001_m_000000_0 0.5370328% 
2014-04-14 03:50:24,437 INFO org.apache.hadoop.mapred.TaskTracker: attempt_201404140345_0001_m_000003_0 0.52719665% 
2014-04-14 03:50:25,075 INFO org.apache.hadoop.mapred.TaskTracker: attempt_201404140345_0001_m_000001_0 0.49352157% 
2014-04-14 03:50:25,187 INFO org.apache.hadoop.mapred.TaskTracker: attempt_201404140345_0001_m_000002_0 0.5065055% 
2014-04-14 03:50:27,238 INFO org.apache.hadoop.mapred.TaskTracker: attempt_201404140345_0001_m_000000_0 0.6192756% 
2014-04-14 03:50:27,692 INFO org.apache.hadoop.mapred.TaskTracker: attempt_201404140345_0001_m_000003_0 0.61686975% 
2014-04-14 03:50:28,533 INFO org.apache.hadoop.mapred.TaskTracker: attempt_201404140345_0001_m_000002_0 0.6098719% 
2014-04-14 03:50:30,407 INFO org.apache.hadoop.mapred.TaskTracker: attempt_201404140345_0001_m_000000_0 0.7444339% 
2014-04-14 03:50:30,408 INFO org.apache.hadoop.mapred.TaskTracker: attempt_201404140345_0001_m_000001_0 0.5928089% 
2014-04-14 03:50:30,944 INFO org.apache.hadoop.mapred.TaskTracker: attempt_201404140345_0001_m_000003_0 0.74770296% 
2014-04-14 03:50:31,685 INFO org.apache.hadoop.mapred.TaskTracker: attempt_201404140345_0001_m_000002_0 0.72376096% 
2014-04-14 03:50:33,579 INFO org.apache.hadoop.mapred.TaskTracker: attempt_201404140345_0001_m_000001_0 0.7290742% 
2014-04-14 03:50:33,586 INFO org.apache.hadoop.mapred.TaskTracker: attempt_201404140345_0001_m_000000_0 0.8354672% 
2014-04-14 03:50:34,106 INFO org.apache.hadoop.mapred.TaskTracker: attempt_201404140345_0001_m_000003_0 0.7987499% 
2014-04-14 03:50:36,259 INFO org.apache.hadoop.mapred.TaskTracker: attempt_201404140345_0001_m_000002_0 0.77557635% 
2014-04-14 03:50:36,662 INFO org.apache.hadoop.mapred.TaskTracker: attempt_201404140345_0001_m_000001_0 0.79985875% 
2014-04-14 03:50:36,709 INFO org.apache.hadoop.mapred.TaskTracker: attempt_201404140345_0001_m_000000_0 0.9171977% 
2014-04-14 03:50:37,277 INFO org.apache.hadoop.mapred.TaskTracker: attempt_201404140345_0001_m_000003_0 0.91295034% 
2014-04-14 03:50:39,522 INFO org.apache.hadoop.mapred.TaskTracker: attempt_201404140345_0001_m_000002_0 0.89641815% 
2014-04-14 03:50:39,824 INFO org.apache.hadoop.mapred.TaskTracker: attempt_201404140345_0001_m_000000_0 1.0% 
2014-04-14 03:50:40,507 INFO org.apache.hadoop.mapred.TaskTracker: attempt_201404140345_0001_m_000003_0 1.0% 
2014-04-14 03:50:40,650 INFO org.apache.hadoop.mapred.TaskTracker: attempt_201404140345_0001_m_000001_0 0.9082203% 
2014-04-14 03:50:42,681 INFO org.apache.hadoop.mapred.TaskTracker: attempt_201404140345_0001_m_000002_0 0.9413459% 
2014-04-14 03:50:42,933 INFO org.apache.hadoop.mapred.TaskTracker: attempt_201404140345_0001_m_000000_0 1.0% 
2014-04-14 03:50:43,642 INFO org.apache.hadoop.mapred.TaskTracker: attempt_201404140345_0001_m_000003_0 1.0% 
2014-04-14 03:50:43,805 INFO org.apache.hadoop.mapred.TaskTracker: attempt_201404140345_0001_m_000001_0 1.0% 
2014-04-14 03:50:45,801 INFO org.apache.hadoop.mapred.TaskTracker: attempt_201404140345_0001_m_000002_0 1.0% 
2014-04-14 03:50:46,013 INFO org.apache.hadoop.mapred.TaskTracker: attempt_201404140345_0001_m_000000_0 1.0% 
2014-04-14 03:50:46,790 INFO org.apache.hadoop.mapred.TaskTracker: attempt_201404140345_0001_m_000003_0 1.0% 
2014-04-14 03:50:46,949 INFO org.apache.hadoop.mapred.TaskTracker: attempt_201404140345_0001_m_000001_0 1.0% 
2014-04-14 03:50:48,918 INFO org.apache.hadoop.mapred.TaskTracker: attempt_201404140345_0001_m_000002_0 1.0% 
2014-04-14 03:50:49,119 INFO org.apache.hadoop.mapred.TaskTracker: attempt_201404140345_0001_m_000000_0 1.0% 
2014-04-14 03:50:49,863 INFO org.apache.hadoop.mapred.TaskTracker: attempt_201404140345_0001_m_000003_0 1.0% 
2014-04-14 03:50:50,040 INFO org.apache.hadoop.mapred.TaskTracker: attempt_201404140345_0001_m_000001_0 1.0% 
2014-04-14 03:50:51,990 INFO org.apache.hadoop.mapred.TaskTracker: attempt_201404140345_0001_m_000002_0 1.0% 
2014-04-14 03:50:52,225 INFO org.apache.hadoop.mapred.TaskTracker: attempt_201404140345_0001_m_000000_0 1.0% 
2014-04-14 03:50:52,990 INFO org.apache.hadoop.mapred.TaskTracker: attempt_201404140345_0001_m_000003_0 1.0% 
2014-04-14 03:50:53,126 INFO org.apache.hadoop.mapred.TaskTracker: attempt_201404140345_0001_m_000001_0 1.0% 
2014-04-14 03:50:55,051 INFO org.apache.hadoop.mapred.TaskTracker: attempt_201404140345_0001_m_000002_0 1.0% 
2014-04-14 03:50:55,258 INFO org.apache.hadoop.mapred.TaskTracker: attempt_201404140345_0001_m_000000_0 1.0% 
2014-04-14 03:50:56,035 INFO org.apache.hadoop.mapred.TaskTracker: attempt_201404140345_0001_m_000003_0 1.0% 
2014-04-14 03:50:56,216 INFO org.apache.hadoop.mapred.TaskTracker: attempt_201404140345_0001_m_000001_0 1.0% 
2014-04-14 03:50:58,180 INFO org.apache.hadoop.mapred.TaskTracker: attempt_201404140345_0001_m_000002_0 1.0% 
2014-04-14 03:50:58,290 INFO org.apache.hadoop.mapred.TaskTracker: attempt_201404140345_0001_m_000000_0 1.0% 
2014-04-14 03:50:58,293 INFO org.apache.hadoop.mapred.TaskTracker: attempt_201404140345_0001_m_000000_0 1.0% 
2014-04-14 03:50:58,294 INFO org.apache.hadoop.mapred.TaskTracker: Task attempt_201404140345_0001_m_000000_0 is done.
2014-04-14 03:50:58,294 INFO org.apache.hadoop.mapred.TaskTracker: reported output size for attempt_201404140345_0001_m_000000_0  was 52440243
2014-04-14 03:51:00,432 INFO org.apache.hadoop.mapred.JvmManager: JVM : jvm_201404140345_0001_m_1710423403 exited with exit code 0. Number of tasks it ran: 1
2014-04-14 03:51:01,378 INFO org.apache.hadoop.mapred.TaskTracker: addFreeSlot : current free slots : 1
2014-04-14 03:51:01,378 INFO org.apache.hadoop.mapred.TaskTracker: attempt_201404140345_0001_m_000002_0 1.0% 
2014-04-14 03:51:01,380 INFO org.apache.hadoop.mapred.TaskTracker: attempt_201404140345_0001_m_000003_0 1.0% 
2014-04-14 03:51:01,380 INFO org.apache.hadoop.mapred.TaskTracker: attempt_201404140345_0001_m_000001_0 1.0% 
2014-04-14 03:51:01,387 INFO org.apache.hadoop.mapred.TaskTracker: attempt_201404140345_0001_m_000003_0 1.0% 
2014-04-14 03:51:01,389 INFO org.apache.hadoop.mapred.TaskTracker: attempt_201404140345_0001_m_000001_0 1.0% 
2014-04-14 03:51:01,390 INFO org.apache.hadoop.mapred.TaskTracker: Task attempt_201404140345_0001_m_000003_0 is done.
2014-04-14 03:51:01,390 INFO org.apache.hadoop.mapred.TaskTracker: reported output size for attempt_201404140345_0001_m_000003_0  was 52854458
2014-04-14 03:51:01,391 INFO org.apache.hadoop.mapred.TaskTracker: Task attempt_201404140345_0001_m_000001_0 is done.
2014-04-14 03:51:01,391 INFO org.apache.hadoop.mapred.TaskTracker: reported output size for attempt_201404140345_0001_m_000001_0  was 51879895
2014-04-14 03:51:01,905 INFO org.apache.hadoop.mapred.TaskTracker: addFreeSlot : current free slots : 2
2014-04-14 03:51:01,905 INFO org.apache.hadoop.mapred.TaskTracker: addFreeSlot : current free slots : 3
2014-04-14 03:51:01,905 INFO org.apache.hadoop.mapred.TaskTracker: LaunchTaskAction (registerTask): attempt_201404140345_0001_m_000004_0 task's state:UNASSIGNED
2014-04-14 03:51:01,905 INFO org.apache.hadoop.mapred.TaskTracker: LaunchTaskAction (registerTask): attempt_201404140345_0001_r_000000_0 task's state:UNASSIGNED
2014-04-14 03:51:01,905 INFO org.apache.hadoop.mapred.TaskTracker: Trying to launch : attempt_201404140345_0001_m_000004_0 which needs 1 slots
2014-04-14 03:51:01,906 INFO org.apache.hadoop.mapred.TaskTracker: In TaskLauncher, current free slots : 3 and trying to launch attempt_201404140345_0001_m_000004_0 which needs 1 slots
2014-04-14 03:51:01,906 INFO org.apache.hadoop.mapred.TaskTracker: Trying to launch : attempt_201404140345_0001_r_000000_0 which needs 1 slots
2014-04-14 03:51:01,906 INFO org.apache.hadoop.mapred.TaskTracker: In TaskLauncher, current free slots : 2 and trying to launch attempt_201404140345_0001_r_000000_0 which needs 1 slots
2014-04-14 03:51:01,918 INFO org.apache.hadoop.mapred.JvmManager: In JvmRunner constructed JVM ID: jvm_201404140345_0001_m_869595260
2014-04-14 03:51:01,921 INFO org.apache.hadoop.mapred.JvmManager: JVM Runner jvm_201404140345_0001_m_869595260 spawned.
2014-04-14 03:51:01,926 INFO org.apache.hadoop.mapred.TaskController: Writing commands to /tmp/hadoop/hadoop-mgrossman/mapred/local/ttprivate/taskTracker/mgrossman/jobcache/job_201404140345_0001/attempt_201404140345_0001_m_000004_0/taskjvm.sh
2014-04-14 03:51:01,931 INFO org.apache.hadoop.mapred.JvmManager: In JvmRunner constructed JVM ID: jvm_201404140345_0001_r_2121392673
2014-04-14 03:51:01,932 INFO org.apache.hadoop.mapred.JvmManager: JVM Runner jvm_201404140345_0001_r_2121392673 spawned.
2014-04-14 03:51:01,934 INFO org.apache.hadoop.mapred.TaskController: Writing commands to /tmp/hadoop/hadoop-mgrossman/mapred/local/ttprivate/taskTracker/mgrossman/jobcache/job_201404140345_0001/attempt_201404140345_0001_r_000000_0/taskjvm.sh
2014-04-14 03:51:02,050 INFO org.apache.hadoop.mapred.JvmManager: JVM : jvm_201404140345_0001_m_904845021 exited with exit code 0. Number of tasks it ran: 1
2014-04-14 03:51:02,063 INFO org.apache.hadoop.mapred.JvmManager: JVM : jvm_201404140345_0001_m_1743107817 exited with exit code 0. Number of tasks it ran: 1
2014-04-14 03:51:02,846 INFO org.apache.hadoop.mapred.TaskTracker: JVM with ID: jvm_201404140345_0001_m_869595260 given task: attempt_201404140345_0001_m_000004_0
2014-04-14 03:51:02,882 INFO org.apache.hadoop.mapred.TaskTracker: JVM with ID: jvm_201404140345_0001_r_2121392673 given task: attempt_201404140345_0001_r_000000_0
2014-04-14 03:51:04,388 INFO org.apache.hadoop.mapred.TaskTracker: attempt_201404140345_0001_m_000002_0 1.0% 
2014-04-14 03:51:04,390 INFO org.apache.hadoop.mapred.TaskTracker: Task attempt_201404140345_0001_m_000002_0 is done.
2014-04-14 03:51:04,390 INFO org.apache.hadoop.mapred.TaskTracker: reported output size for attempt_201404140345_0001_m_000002_0  was 52183163
2014-04-14 03:51:04,734 INFO org.apache.hadoop.mapred.JvmManager: JVM : jvm_201404140345_0001_m_355228950 exited with exit code 0. Number of tasks it ran: 1
2014-04-14 03:51:04,735 INFO org.apache.hadoop.mapred.TaskTracker: addFreeSlot : current free slots : 3
2014-04-14 03:51:04,948 INFO org.apache.hadoop.mapred.TaskTracker: LaunchTaskAction (registerTask): attempt_201404140345_0001_m_000005_0 task's state:UNASSIGNED
2014-04-14 03:51:04,948 INFO org.apache.hadoop.mapred.TaskTracker: LaunchTaskAction (registerTask): attempt_201404140345_0001_m_000006_0 task's state:UNASSIGNED
2014-04-14 03:51:04,948 INFO org.apache.hadoop.mapred.TaskTracker: LaunchTaskAction (registerTask): attempt_201404140345_0001_m_000007_0 task's state:UNASSIGNED
2014-04-14 03:51:04,948 INFO org.apache.hadoop.mapred.TaskTracker: Trying to launch : attempt_201404140345_0001_m_000005_0 which needs 1 slots
2014-04-14 03:51:04,949 INFO org.apache.hadoop.mapred.TaskTracker: In TaskLauncher, current free slots : 3 and trying to launch attempt_201404140345_0001_m_000005_0 which needs 1 slots
2014-04-14 03:51:04,953 INFO org.apache.hadoop.mapred.TaskTracker: LaunchTaskAction (registerTask): attempt_201404140345_0001_r_000001_0 task's state:UNASSIGNED
2014-04-14 03:51:04,953 INFO org.apache.hadoop.mapred.TaskTracker: Trying to launch : attempt_201404140345_0001_m_000006_0 which needs 1 slots
2014-04-14 03:51:04,953 INFO org.apache.hadoop.mapred.TaskTracker: In TaskLauncher, current free slots : 2 and trying to launch attempt_201404140345_0001_m_000006_0 which needs 1 slots
2014-04-14 03:51:04,953 INFO org.apache.hadoop.mapred.TaskTracker: Trying to launch : attempt_201404140345_0001_r_000001_0 which needs 1 slots
2014-04-14 03:51:04,953 INFO org.apache.hadoop.mapred.TaskTracker: In TaskLauncher, current free slots : 1 and trying to launch attempt_201404140345_0001_r_000001_0 which needs 1 slots
2014-04-14 03:51:04,953 INFO org.apache.hadoop.mapred.TaskTracker: Trying to launch : attempt_201404140345_0001_m_000007_0 which needs 1 slots
2014-04-14 03:51:04,954 INFO org.apache.hadoop.mapred.TaskTracker: In TaskLauncher, current free slots : 1 and trying to launch attempt_201404140345_0001_m_000007_0 which needs 1 slots
2014-04-14 03:51:05,395 INFO org.apache.hadoop.mapred.JvmManager: In JvmRunner constructed JVM ID: jvm_201404140345_0001_m_815422157
2014-04-14 03:51:05,396 INFO org.apache.hadoop.mapred.JvmManager: In JvmRunner constructed JVM ID: jvm_201404140345_0001_r_1710423403
2014-04-14 03:51:05,396 INFO org.apache.hadoop.mapred.JvmManager: JVM Runner jvm_201404140345_0001_m_815422157 spawned.
2014-04-14 03:51:05,397 INFO org.apache.hadoop.mapred.JvmManager: JVM Runner jvm_201404140345_0001_r_1710423403 spawned.
2014-04-14 03:51:05,399 INFO org.apache.hadoop.mapred.JvmManager: In JvmRunner constructed JVM ID: jvm_201404140345_0001_m_1806947597
2014-04-14 03:51:05,401 INFO org.apache.hadoop.mapred.JvmManager: JVM Runner jvm_201404140345_0001_m_1806947597 spawned.
2014-04-14 03:51:05,402 INFO org.apache.hadoop.mapred.TaskController: Writing commands to /tmp/hadoop/hadoop-mgrossman/mapred/local/ttprivate/taskTracker/mgrossman/jobcache/job_201404140345_0001/attempt_201404140345_0001_m_000006_0/taskjvm.sh
2014-04-14 03:51:05,403 INFO org.apache.hadoop.mapred.JvmManager: In JvmRunner constructed JVM ID: jvm_201404140345_0001_m_1836393188
2014-04-14 03:51:05,403 INFO org.apache.hadoop.mapred.TaskController: Writing commands to /tmp/hadoop/hadoop-mgrossman/mapred/local/ttprivate/taskTracker/mgrossman/jobcache/job_201404140345_0001/attempt_201404140345_0001_r_000001_0/taskjvm.sh
2014-04-14 03:51:05,404 INFO org.apache.hadoop.mapred.JvmManager: JVM Runner jvm_201404140345_0001_m_1836393188 spawned.
2014-04-14 03:51:05,408 INFO org.apache.hadoop.mapred.TaskController: Writing commands to /tmp/hadoop/hadoop-mgrossman/mapred/local/ttprivate/taskTracker/mgrossman/jobcache/job_201404140345_0001/attempt_201404140345_0001_m_000007_0/taskjvm.sh
2014-04-14 03:51:05,410 INFO org.apache.hadoop.mapred.TaskController: Writing commands to /tmp/hadoop/hadoop-mgrossman/mapred/local/ttprivate/taskTracker/mgrossman/jobcache/job_201404140345_0001/attempt_201404140345_0001_m_000005_0/taskjvm.sh
2014-04-14 03:51:07,627 INFO org.apache.hadoop.mapred.TaskTracker: JVM with ID: jvm_201404140345_0001_r_1710423403 given task: attempt_201404140345_0001_r_000001_0
2014-04-14 03:51:07,636 INFO org.apache.hadoop.mapred.TaskTracker: JVM with ID: jvm_201404140345_0001_m_815422157 given task: attempt_201404140345_0001_m_000006_0
2014-04-14 03:51:07,640 INFO org.apache.hadoop.mapred.TaskTracker: JVM with ID: jvm_201404140345_0001_m_1836393188 given task: attempt_201404140345_0001_m_000007_0
2014-04-14 03:51:07,712 INFO org.apache.hadoop.mapred.TaskTracker: JVM with ID: jvm_201404140345_0001_m_1806947597 given task: attempt_201404140345_0001_m_000005_0
2014-04-14 03:51:09,968 INFO org.apache.hadoop.mapred.TaskTracker: attempt_201404140345_0001_m_000004_0 0.17886582% 
2014-04-14 03:51:10,195 INFO org.apache.hadoop.mapred.TaskTracker: attempt_201404140345_0001_r_000000_0 0.0% reduce > copy > 
2014-04-14 03:51:10,466 INFO org.apache.hadoop.mapred.TaskTracker.clienttrace: src: 127.0.1.1:50061, dest: 127.0.0.1:56430, bytes: 25823427, op: MAPRED_SHUFFLE, cliID: attempt_201404140345_0001_m_000000_0, duration: 405391020
2014-04-14 03:51:11,334 INFO org.apache.hadoop.mapred.TaskTracker.clienttrace: src: 127.0.1.1:50061, dest: 127.0.0.1:56430, bytes: 25557681, op: MAPRED_SHUFFLE, cliID: attempt_201404140345_0001_m_000001_0, duration: 819334645
2014-04-14 03:51:12,260 INFO org.apache.hadoop.mapred.TaskTracker.clienttrace: src: 127.0.1.1:50061, dest: 127.0.0.1:56430, bytes: 25708849, op: MAPRED_SHUFFLE, cliID: attempt_201404140345_0001_m_000002_0, duration: 855586085
2014-04-14 03:51:13,235 INFO org.apache.hadoop.mapred.TaskTracker.clienttrace: src: 127.0.1.1:50061, dest: 127.0.0.1:56430, bytes: 26080573, op: MAPRED_SHUFFLE, cliID: attempt_201404140345_0001_m_000003_0, duration: 903279348
2014-04-14 03:51:13,979 INFO org.apache.hadoop.mapred.TaskTracker: attempt_201404140345_0001_m_000004_0 0.35803434% 
2014-04-14 03:51:15,949 INFO org.apache.hadoop.mapred.TaskTracker: attempt_201404140345_0001_r_000001_0 0.0% reduce > copy > 
2014-04-14 03:51:16,256 INFO org.apache.hadoop.mapred.TaskTracker: attempt_201404140345_0001_r_000000_0 0.11111112% reduce > copy (4 of 12 at 9.84 MB/s) > 
2014-04-14 03:51:16,378 INFO org.apache.hadoop.mapred.TaskTracker: attempt_201404140345_0001_m_000007_0 0.07898025% 
2014-04-14 03:51:16,396 INFO org.apache.hadoop.mapred.TaskTracker: attempt_201404140345_0001_m_000006_0 0.079179384% 
2014-04-14 03:51:16,935 INFO org.apache.hadoop.mapred.TaskTracker.clienttrace: src: 127.0.1.1:50061, dest: 127.0.0.1:56442, bytes: 26616816, op: MAPRED_SHUFFLE, cliID: attempt_201404140345_0001_m_000000_0, duration: 326995155
2014-04-14 03:51:17,481 INFO org.apache.hadoop.mapred.TaskTracker: attempt_201404140345_0001_m_000004_0 0.51704514% 
2014-04-14 03:51:18,037 INFO org.apache.hadoop.mapred.TaskTracker.clienttrace: src: 127.0.1.1:50061, dest: 127.0.0.1:56442, bytes: 26322214, op: MAPRED_SHUFFLE, cliID: attempt_201404140345_0001_m_000001_0, duration: 960113808
2014-04-14 03:51:18,789 INFO org.apache.hadoop.mapred.TaskTracker.clienttrace: src: 127.0.1.1:50061, dest: 127.0.0.1:56442, bytes: 26474314, op: MAPRED_SHUFFLE, cliID: attempt_201404140345_0001_m_000002_0, duration: 481027547
2014-04-14 03:51:19,218 INFO org.apache.hadoop.mapred.TaskTracker: attempt_201404140345_0001_m_000005_0 0.18875028% 
2014-04-14 03:51:19,305 INFO org.apache.hadoop.mapred.TaskTracker: attempt_201404140345_0001_r_000000_0 0.11111112% reduce > copy (4 of 12 at 9.84 MB/s) > 
2014-04-14 03:51:19,602 INFO org.apache.hadoop.mapred.TaskTracker: attempt_201404140345_0001_m_000007_0 0.21524094% 
2014-04-14 03:51:19,640 INFO org.apache.hadoop.mapred.TaskTracker: attempt_201404140345_0001_m_000006_0 0.24629894% 
2014-04-14 03:51:19,691 INFO org.apache.hadoop.mapred.TaskTracker.clienttrace: src: 127.0.1.1:50061, dest: 127.0.0.1:56442, bytes: 26773885, op: MAPRED_SHUFFLE, cliID: attempt_201404140345_0001_m_000003_0, duration: 806659271
2014-04-14 03:51:20,825 INFO org.apache.hadoop.mapred.TaskTracker: attempt_201404140345_0001_m_000004_0 0.5974187% 
2014-04-14 03:51:22,015 INFO org.apache.hadoop.mapred.TaskTracker: attempt_201404140345_0001_r_000001_0 0.11111112% reduce > copy (4 of 12 at 10.13 MB/s) > 
2014-04-14 03:51:22,338 INFO org.apache.hadoop.mapred.TaskTracker: attempt_201404140345_0001_r_000000_0 0.11111112% reduce > copy (4 of 12 at 9.84 MB/s) > 
2014-04-14 03:51:22,702 INFO org.apache.hadoop.mapred.TaskTracker: attempt_201404140345_0001_m_000007_0 0.39821362% 
2014-04-14 03:51:22,802 INFO org.apache.hadoop.mapred.TaskTracker: attempt_201404140345_0001_m_000006_0 0.44687897% 
2014-04-14 03:51:22,925 INFO org.apache.hadoop.mapred.TaskTracker: attempt_201404140345_0001_m_000005_0 0.32346973% 
2014-04-14 03:51:24,037 INFO org.apache.hadoop.mapred.TaskTracker: attempt_201404140345_0001_m_000004_0 0.73499715% 
2014-04-14 03:51:25,059 INFO org.apache.hadoop.mapred.TaskTracker: attempt_201404140345_0001_r_000001_0 0.11111112% reduce > copy (4 of 12 at 10.13 MB/s) > 
2014-04-14 03:51:25,901 INFO org.apache.hadoop.mapred.TaskTracker: attempt_201404140345_0001_m_000007_0 0.55412847% 
2014-04-14 03:51:26,063 INFO org.apache.hadoop.mapred.TaskTracker: attempt_201404140345_0001_m_000005_0 0.45635962% 
2014-04-14 03:51:26,431 INFO org.apache.hadoop.mapred.TaskTracker: attempt_201404140345_0001_m_000006_0 0.58803815% 
2014-04-14 03:51:27,225 INFO org.apache.hadoop.mapred.TaskTracker: attempt_201404140345_0001_m_000004_0 0.7961058% 
2014-04-14 03:51:28,094 INFO org.apache.hadoop.mapred.TaskTracker: attempt_201404140345_0001_r_000001_0 0.11111112% reduce > copy (4 of 12 at 10.13 MB/s) > 
2014-04-14 03:51:28,374 INFO org.apache.hadoop.mapred.TaskTracker: attempt_201404140345_0001_r_000000_0 0.11111112% reduce > copy (4 of 12 at 9.84 MB/s) > 
2014-04-14 03:51:29,079 INFO org.apache.hadoop.mapred.TaskTracker: attempt_201404140345_0001_m_000007_0 0.6054845% 
2014-04-14 03:51:29,266 INFO org.apache.hadoop.mapred.TaskTracker: attempt_201404140345_0001_m_000005_0 0.5854764% 
2014-04-14 03:51:29,665 INFO org.apache.hadoop.mapred.TaskTracker: attempt_201404140345_0001_m_000006_0 0.6596098% 
2014-04-14 03:51:31,387 INFO org.apache.hadoop.mapred.TaskTracker: attempt_201404140345_0001_m_000004_0 0.9064707% 
2014-04-14 03:51:31,422 INFO org.apache.hadoop.mapred.TaskTracker: attempt_201404140345_0001_r_000000_0 0.11111112% reduce > copy (4 of 12 at 9.84 MB/s) > 
2014-04-14 03:51:32,323 INFO org.apache.hadoop.mapred.TaskTracker: attempt_201404140345_0001_m_000007_0 0.7562458% 
2014-04-14 03:51:32,412 INFO org.apache.hadoop.mapred.TaskTracker: attempt_201404140345_0001_m_000005_0 0.6817469% 
2014-04-14 03:51:32,746 INFO org.apache.hadoop.mapred.TaskTracker: attempt_201404140345_0001_m_000006_0 0.7607844% 
2014-04-14 03:51:34,133 INFO org.apache.hadoop.mapred.TaskTracker: attempt_201404140345_0001_r_000001_0 0.11111112% reduce > copy (4 of 12 at 10.13 MB/s) > 
2014-04-14 03:51:34,517 INFO org.apache.hadoop.mapred.TaskTracker: attempt_201404140345_0001_m_000004_0 1.0% 
2014-04-14 03:51:35,657 INFO org.apache.hadoop.mapred.TaskTracker: attempt_201404140345_0001_m_000007_0 0.8589901% 
2014-04-14 03:51:35,847 INFO org.apache.hadoop.mapred.TaskTracker: attempt_201404140345_0001_m_000006_0 0.8820661% 
2014-04-14 03:51:36,131 INFO org.apache.hadoop.mapred.TaskTracker: attempt_201404140345_0001_m_000005_0 0.7606286% 
2014-04-14 03:51:37,464 INFO org.apache.hadoop.mapred.TaskTracker: attempt_201404140345_0001_r_000000_0 0.11111112% reduce > copy (4 of 12 at 9.84 MB/s) > 
2014-04-14 03:51:37,626 INFO org.apache.hadoop.mapred.TaskTracker: attempt_201404140345_0001_m_000004_0 1.0% 
2014-04-14 03:51:38,907 INFO org.apache.hadoop.mapred.TaskTracker: attempt_201404140345_0001_m_000007_0 0.9543147% 
2014-04-14 03:51:38,989 INFO org.apache.hadoop.mapred.TaskTracker: attempt_201404140345_0001_m_000006_0 1.0% 
2014-04-14 03:51:39,424 INFO org.apache.hadoop.mapred.TaskTracker: attempt_201404140345_0001_m_000005_0 0.90146124% 
2014-04-14 03:51:40,171 INFO org.apache.hadoop.mapred.TaskTracker: attempt_201404140345_0001_r_000001_0 0.11111112% reduce > copy (4 of 12 at 10.13 MB/s) > 
2014-04-14 03:51:40,710 INFO org.apache.hadoop.mapred.TaskTracker: attempt_201404140345_0001_m_000004_0 1.0% 
2014-04-14 03:51:42,007 INFO org.apache.hadoop.mapred.TaskTracker: attempt_201404140345_0001_m_000007_0 1.0% 
2014-04-14 03:51:42,197 INFO org.apache.hadoop.mapred.TaskTracker: attempt_201404140345_0001_m_000006_0 1.0% 
2014-04-14 03:51:42,580 INFO org.apache.hadoop.mapred.TaskTracker: attempt_201404140345_0001_m_000005_0 1.0% 
2014-04-14 03:51:43,219 INFO org.apache.hadoop.mapred.TaskTracker: attempt_201404140345_0001_r_000001_0 0.11111112% reduce > copy (4 of 12 at 10.13 MB/s) > 
2014-04-14 03:51:43,511 INFO org.apache.hadoop.mapred.TaskTracker: attempt_201404140345_0001_r_000000_0 0.11111112% reduce > copy (4 of 12 at 9.84 MB/s) > 
2014-04-14 03:51:43,883 INFO org.apache.hadoop.mapred.TaskTracker: attempt_201404140345_0001_m_000004_0 1.0% 
2014-04-14 03:51:45,084 INFO org.apache.hadoop.mapred.TaskTracker: attempt_201404140345_0001_m_000007_0 1.0% 
2014-04-14 03:51:45,429 INFO org.apache.hadoop.mapred.TaskTracker: attempt_201404140345_0001_m_000006_0 1.0% 
2014-04-14 03:51:45,732 INFO org.apache.hadoop.mapred.TaskTracker: attempt_201404140345_0001_m_000005_0 1.0% 
2014-04-14 03:51:46,544 INFO org.apache.hadoop.mapred.TaskTracker: attempt_201404140345_0001_r_000000_0 0.11111112% reduce > copy (4 of 12 at 9.84 MB/s) > 
2014-04-14 03:51:46,948 INFO org.apache.hadoop.mapred.TaskTracker: attempt_201404140345_0001_m_000004_0 1.0% 
2014-04-14 03:51:48,195 INFO org.apache.hadoop.mapred.TaskTracker: attempt_201404140345_0001_m_000007_0 1.0% 
2014-04-14 03:51:48,593 INFO org.apache.hadoop.mapred.TaskTracker: attempt_201404140345_0001_m_000006_0 1.0% 
2014-04-14 03:51:48,892 INFO org.apache.hadoop.mapred.TaskTracker: attempt_201404140345_0001_m_000005_0 1.0% 
2014-04-14 03:51:49,268 INFO org.apache.hadoop.mapred.TaskTracker: attempt_201404140345_0001_r_000001_0 0.11111112% reduce > copy (4 of 12 at 10.13 MB/s) > 
2014-04-14 03:51:50,019 INFO org.apache.hadoop.mapred.TaskTracker: attempt_201404140345_0001_m_000004_0 1.0% 
2014-04-14 03:51:51,403 INFO org.apache.hadoop.mapred.TaskTracker: attempt_201404140345_0001_m_000007_0 1.0% 
2014-04-14 03:51:51,677 INFO org.apache.hadoop.mapred.TaskTracker: attempt_201404140345_0001_m_000006_0 1.0% 
2014-04-14 03:51:52,440 INFO org.apache.hadoop.mapred.TaskTracker: attempt_201404140345_0001_m_000005_0 1.0% 
2014-04-14 03:51:53,054 INFO org.apache.hadoop.mapred.TaskTracker: attempt_201404140345_0001_m_000004_0 1.0% 
2014-04-14 03:51:53,652 INFO org.apache.hadoop.mapred.TaskTracker: attempt_201404140345_0001_r_000000_0 0.11111112% reduce > copy (4 of 12 at 9.84 MB/s) > 
2014-04-14 03:51:55,009 INFO org.apache.hadoop.mapred.TaskTracker: attempt_201404140345_0001_m_000006_0 1.0% 
2014-04-14 03:51:57,790 INFO org.apache.hadoop.mapred.TaskTracker: attempt_201404140345_0001_r_000001_0 0.11111112% reduce > copy (4 of 12 at 10.13 MB/s) > 
2014-04-14 03:51:57,792 INFO org.apache.hadoop.mapred.TaskTracker: attempt_201404140345_0001_r_000000_0 0.11111112% reduce > copy (4 of 12 at 9.84 MB/s) > 
2014-04-14 03:51:58,074 INFO org.apache.hadoop.mapred.TaskTracker: attempt_201404140345_0001_m_000005_0 1.0% 
2014-04-14 03:51:58,246 INFO org.apache.hadoop.mapred.TaskTracker: attempt_201404140345_0001_m_000006_0 1.0% 
2014-04-14 03:51:58,894 INFO org.apache.hadoop.mapred.TaskTracker: attempt_201404140345_0001_m_000007_0 1.0% 
2014-04-14 03:52:00,827 INFO org.apache.hadoop.mapred.TaskTracker: attempt_201404140345_0001_r_000001_0 0.11111112% reduce > copy (4 of 12 at 10.13 MB/s) > 
2014-04-14 03:52:01,051 INFO org.mortbay.log: org.mortbay.io.nio.SelectorManager$SelectSet@6f299e46 JVM BUG(s) - injecting delay5 times
2014-04-14 03:52:01,051 INFO org.mortbay.log: org.mortbay.io.nio.SelectorManager$SelectSet@6f299e46 JVM BUG(s) - recreating selector 5 times, canceled keys 98 times
2014-04-14 03:52:01,127 INFO org.apache.hadoop.mapred.TaskTracker: attempt_201404140345_0001_m_000005_0 1.0% 
2014-04-14 03:52:02,063 INFO org.apache.hadoop.mapred.TaskTracker: attempt_201404140345_0001_m_000004_0 1.0% 
2014-04-14 03:52:02,064 INFO org.apache.hadoop.mapred.TaskTracker: Task attempt_201404140345_0001_m_000004_0 is done.
2014-04-14 03:52:02,065 INFO org.apache.hadoop.mapred.TaskTracker: reported output size for attempt_201404140345_0001_m_000004_0  was 51961174
2014-04-14 03:52:02,637 INFO org.apache.hadoop.mapred.TaskTracker: addFreeSlot : current free slots : 1
2014-04-14 03:52:02,743 INFO org.apache.hadoop.mapred.JvmManager: JVM : jvm_201404140345_0001_m_869595260 exited with exit code 0. Number of tasks it ran: 1
2014-04-14 03:52:03,852 INFO org.apache.hadoop.mapred.TaskTracker: attempt_201404140345_0001_r_000001_0 0.11111112% reduce > copy (4 of 12 at 10.13 MB/s) > 
2014-04-14 03:52:03,856 INFO org.apache.hadoop.mapred.TaskTracker: attempt_201404140345_0001_r_000000_0 0.11111112% reduce > copy (4 of 12 at 9.84 MB/s) > 
2014-04-14 03:52:04,157 INFO org.apache.hadoop.mapred.TaskTracker: attempt_201404140345_0001_m_000005_0 1.0% 
2014-04-14 03:52:04,279 INFO org.apache.hadoop.mapred.TaskTracker: attempt_201404140345_0001_m_000006_0 1.0% 
2014-04-14 03:52:04,933 INFO org.apache.hadoop.mapred.TaskTracker: attempt_201404140345_0001_m_000007_0 1.0% 
2014-04-14 03:52:05,067 INFO org.apache.hadoop.mapred.TaskTracker: LaunchTaskAction (registerTask): attempt_201404140345_0001_m_000008_0 task's state:UNASSIGNED
2014-04-14 03:52:05,068 INFO org.apache.hadoop.mapred.TaskTracker: Trying to launch : attempt_201404140345_0001_m_000008_0 which needs 1 slots
2014-04-14 03:52:05,068 INFO org.apache.hadoop.mapred.TaskTracker: In TaskLauncher, current free slots : 1 and trying to launch attempt_201404140345_0001_m_000008_0 which needs 1 slots
2014-04-14 03:52:05,095 INFO org.apache.hadoop.mapred.JvmManager: In JvmRunner constructed JVM ID: jvm_201404140345_0001_m_267908658
2014-04-14 03:52:05,095 INFO org.apache.hadoop.mapred.JvmManager: JVM Runner jvm_201404140345_0001_m_267908658 spawned.
2014-04-14 03:52:05,099 INFO org.apache.hadoop.mapred.TaskController: Writing commands to /tmp/hadoop/hadoop-mgrossman/mapred/local/ttprivate/taskTracker/mgrossman/jobcache/job_201404140345_0001/attempt_201404140345_0001_m_000008_0/taskjvm.sh
2014-04-14 03:52:06,263 INFO org.apache.hadoop.mapred.TaskTracker: JVM with ID: jvm_201404140345_0001_m_267908658 given task: attempt_201404140345_0001_m_000008_0
2014-04-14 03:52:06,885 INFO org.apache.hadoop.mapred.TaskTracker: attempt_201404140345_0001_r_000000_0 0.11111112% reduce > copy (4 of 12 at 9.84 MB/s) > 
2014-04-14 03:52:07,194 INFO org.apache.hadoop.mapred.TaskTracker: attempt_201404140345_0001_m_000005_0 1.0% 
2014-04-14 03:52:07,198 INFO org.apache.hadoop.mapred.TaskTracker: attempt_201404140345_0001_m_000005_0 1.0% 
2014-04-14 03:52:07,200 INFO org.apache.hadoop.mapred.TaskTracker: Task attempt_201404140345_0001_m_000005_0 is done.
2014-04-14 03:52:07,201 INFO org.apache.hadoop.mapred.TaskTracker: reported output size for attempt_201404140345_0001_m_000005_0  was 52209478
2014-04-14 03:52:07,301 INFO org.apache.hadoop.mapred.TaskTracker: attempt_201404140345_0001_m_000006_0 1.0% 
2014-04-14 03:52:07,307 INFO org.apache.hadoop.mapred.TaskTracker: attempt_201404140345_0001_m_000006_0 1.0% 
2014-04-14 03:52:07,310 INFO org.apache.hadoop.mapred.TaskTracker: Task attempt_201404140345_0001_m_000006_0 is done.
2014-04-14 03:52:07,310 INFO org.apache.hadoop.mapred.TaskTracker: reported output size for attempt_201404140345_0001_m_000006_0  was 51759015
2014-04-14 03:52:07,564 INFO org.apache.hadoop.mapred.JvmManager: JVM : jvm_201404140345_0001_m_1806947597 exited with exit code 0. Number of tasks it ran: 1
2014-04-14 03:52:07,694 INFO org.apache.hadoop.mapred.JvmManager: JVM : jvm_201404140345_0001_m_815422157 exited with exit code 0. Number of tasks it ran: 1
2014-04-14 03:52:07,823 INFO org.apache.hadoop.mapred.TaskTracker: addFreeSlot : current free slots : 1
2014-04-14 03:52:07,916 INFO org.apache.hadoop.mapred.TaskTracker: addFreeSlot : current free slots : 2
2014-04-14 03:52:07,954 INFO org.apache.hadoop.mapred.TaskTracker: attempt_201404140345_0001_m_000007_0 1.0% 
2014-04-14 03:52:07,959 INFO org.apache.hadoop.mapred.TaskTracker: attempt_201404140345_0001_m_000007_0 1.0% 
2014-04-14 03:52:07,961 INFO org.apache.hadoop.mapred.TaskTracker: Task attempt_201404140345_0001_m_000007_0 is done.
2014-04-14 03:52:07,961 INFO org.apache.hadoop.mapred.TaskTracker: reported output size for attempt_201404140345_0001_m_000007_0  was 52806609
2014-04-14 03:52:08,301 INFO org.apache.hadoop.mapred.JvmManager: JVM : jvm_201404140345_0001_m_1836393188 exited with exit code 0. Number of tasks it ran: 1
2014-04-14 03:52:08,304 INFO org.apache.hadoop.mapred.TaskTracker: addFreeSlot : current free slots : 3
2014-04-14 03:52:08,329 INFO org.apache.hadoop.mapred.TaskTracker: LaunchTaskAction (registerTask): attempt_201404140345_0001_m_000009_0 task's state:UNASSIGNED
2014-04-14 03:52:08,329 INFO org.apache.hadoop.mapred.TaskTracker: LaunchTaskAction (registerTask): attempt_201404140345_0001_m_000010_0 task's state:UNASSIGNED
2014-04-14 03:52:08,330 INFO org.apache.hadoop.mapred.TaskTracker: LaunchTaskAction (registerTask): attempt_201404140345_0001_m_000011_0 task's state:UNASSIGNED
2014-04-14 03:52:08,330 INFO org.apache.hadoop.mapred.TaskTracker: Trying to launch : attempt_201404140345_0001_m_000009_0 which needs 1 slots
2014-04-14 03:52:08,330 INFO org.apache.hadoop.mapred.TaskTracker: In TaskLauncher, current free slots : 3 and trying to launch attempt_201404140345_0001_m_000009_0 which needs 1 slots
2014-04-14 03:52:08,330 INFO org.apache.hadoop.mapred.TaskTracker: Trying to launch : attempt_201404140345_0001_m_000010_0 which needs 1 slots
2014-04-14 03:52:08,330 INFO org.apache.hadoop.mapred.TaskTracker: In TaskLauncher, current free slots : 2 and trying to launch attempt_201404140345_0001_m_000010_0 which needs 1 slots
2014-04-14 03:52:08,330 INFO org.apache.hadoop.mapred.TaskTracker: Trying to launch : attempt_201404140345_0001_m_000011_0 which needs 1 slots
2014-04-14 03:52:08,330 INFO org.apache.hadoop.mapred.TaskTracker: In TaskLauncher, current free slots : 1 and trying to launch attempt_201404140345_0001_m_000011_0 which needs 1 slots
2014-04-14 03:52:08,368 INFO org.apache.hadoop.mapred.JvmManager: In JvmRunner constructed JVM ID: jvm_201404140345_0001_m_465496338
2014-04-14 03:52:08,373 INFO org.apache.hadoop.mapred.JvmManager: JVM Runner jvm_201404140345_0001_m_465496338 spawned.
2014-04-14 03:52:08,374 INFO org.apache.hadoop.mapred.JvmManager: In JvmRunner constructed JVM ID: jvm_201404140345_0001_m_307415010
2014-04-14 03:52:08,375 INFO org.apache.hadoop.mapred.JvmManager: JVM Runner jvm_201404140345_0001_m_307415010 spawned.
2014-04-14 03:52:08,384 INFO org.apache.hadoop.mapred.TaskController: Writing commands to /tmp/hadoop/hadoop-mgrossman/mapred/local/ttprivate/taskTracker/mgrossman/jobcache/job_201404140345_0001/attempt_201404140345_0001_m_000010_0/taskjvm.sh
2014-04-14 03:52:08,407 INFO org.apache.hadoop.mapred.JvmManager: In JvmRunner constructed JVM ID: jvm_201404140345_0001_m_1269183899
2014-04-14 03:52:08,414 INFO org.apache.hadoop.mapred.JvmManager: JVM Runner jvm_201404140345_0001_m_1269183899 spawned.
2014-04-14 03:52:08,430 INFO org.apache.hadoop.mapred.TaskController: Writing commands to /tmp/hadoop/hadoop-mgrossman/mapred/local/ttprivate/taskTracker/mgrossman/jobcache/job_201404140345_0001/attempt_201404140345_0001_m_000009_0/taskjvm.sh
2014-04-14 03:52:08,432 INFO org.apache.hadoop.mapred.TaskController: Writing commands to /tmp/hadoop/hadoop-mgrossman/mapred/local/ttprivate/taskTracker/mgrossman/jobcache/job_201404140345_0001/attempt_201404140345_0001_m_000011_0/taskjvm.sh
2014-04-14 03:52:08,526 INFO org.apache.hadoop.mapred.TaskTracker.clienttrace: src: 127.0.1.1:50061, dest: 127.0.0.1:56502, bytes: 25575768, op: MAPRED_SHUFFLE, cliID: attempt_201404140345_0001_m_000004_0, duration: 255512085
2014-04-14 03:52:09,983 INFO org.apache.hadoop.mapred.TaskTracker: attempt_201404140345_0001_r_000001_0 0.11111112% reduce > copy (4 of 12 at 10.13 MB/s) > 
2014-04-14 03:52:10,079 INFO org.apache.hadoop.mapred.TaskTracker.clienttrace: src: 127.0.1.1:50061, dest: 127.0.0.1:56504, bytes: 26385406, op: MAPRED_SHUFFLE, cliID: attempt_201404140345_0001_m_000004_0, duration: 371285771
2014-04-14 03:52:10,355 INFO org.apache.hadoop.mapred.TaskTracker: JVM with ID: jvm_201404140345_0001_m_1269183899 given task: attempt_201404140345_0001_m_000011_0
2014-04-14 03:52:10,384 INFO org.apache.hadoop.mapred.TaskTracker: JVM with ID: jvm_201404140345_0001_m_307415010 given task: attempt_201404140345_0001_m_000009_0
2014-04-14 03:52:10,443 INFO org.apache.hadoop.mapred.TaskTracker: JVM with ID: jvm_201404140345_0001_m_465496338 given task: attempt_201404140345_0001_m_000010_0
2014-04-14 03:52:10,744 INFO org.apache.hadoop.mapred.TaskTracker.clienttrace: src: 127.0.1.1:50061, dest: 127.0.0.1:56504, bytes: 26445736, op: MAPRED_SHUFFLE, cliID: attempt_201404140345_0001_m_000005_0, duration: 634602172
2014-04-14 03:52:11,642 INFO org.apache.hadoop.mapred.TaskTracker.clienttrace: src: 127.0.1.1:50061, dest: 127.0.0.1:56504, bytes: 26187206, op: MAPRED_SHUFFLE, cliID: attempt_201404140345_0001_m_000006_0, duration: 872275903
2014-04-14 03:52:12,616 INFO org.apache.hadoop.mapred.TaskTracker.clienttrace: src: 127.0.1.1:50061, dest: 127.0.0.1:56504, bytes: 26760235, op: MAPRED_SHUFFLE, cliID: attempt_201404140345_0001_m_000007_0, duration: 919388380
2014-04-14 03:52:12,926 INFO org.apache.hadoop.mapred.TaskTracker: attempt_201404140345_0001_r_000000_0 0.1388889% reduce > copy (5 of 12 at 1.89 MB/s) > 
2014-04-14 03:52:13,006 INFO org.apache.hadoop.mapred.TaskTracker: attempt_201404140345_0001_r_000001_0 0.22222224% reduce > copy (8 of 12 at 3.21 MB/s) > 
2014-04-14 03:52:13,284 INFO org.apache.hadoop.mapred.TaskTracker: attempt_201404140345_0001_m_000008_0 0.22569264% 
2014-04-14 03:52:14,168 INFO org.apache.hadoop.mapred.TaskTracker.clienttrace: src: 127.0.1.1:50061, dest: 127.0.0.1:56520, bytes: 25763742, op: MAPRED_SHUFFLE, cliID: attempt_201404140345_0001_m_000005_0, duration: 632291082
2014-04-14 03:52:14,725 INFO org.apache.hadoop.mapred.TaskTracker.clienttrace: src: 127.0.1.1:50061, dest: 127.0.0.1:56520, bytes: 25571809, op: MAPRED_SHUFFLE, cliID: attempt_201404140345_0001_m_000006_0, duration: 445493392
2014-04-14 03:52:15,727 INFO org.apache.hadoop.mapred.TaskTracker.clienttrace: src: 127.0.1.1:50061, dest: 127.0.0.1:56520, bytes: 26046374, op: MAPRED_SHUFFLE, cliID: attempt_201404140345_0001_m_000007_0, duration: 971931118
2014-04-14 03:52:16,031 INFO org.apache.hadoop.mapred.TaskTracker: attempt_201404140345_0001_r_000001_0 0.22222224% reduce > copy (8 of 12 at 3.21 MB/s) > 
2014-04-14 03:52:16,786 INFO org.apache.hadoop.mapred.TaskTracker: attempt_201404140345_0001_m_000008_0 0.36625046% 
2014-04-14 03:52:18,709 INFO org.apache.hadoop.mapred.TaskTracker: attempt_201404140345_0001_m_000010_0 0.09604556% 
2014-04-14 03:52:18,738 INFO org.apache.hadoop.mapred.TaskTracker: attempt_201404140345_0001_m_000011_0 0.15471569% 
2014-04-14 03:52:18,951 INFO org.apache.hadoop.mapred.TaskTracker: attempt_201404140345_0001_r_000000_0 0.22222224% reduce > copy (8 of 12 at 2.73 MB/s) > 
2014-04-14 03:52:18,965 INFO org.apache.hadoop.mapred.TaskTracker: attempt_201404140345_0001_m_000009_0 0.080369815% 
2014-04-14 03:52:20,056 INFO org.apache.hadoop.mapred.TaskTracker: attempt_201404140345_0001_m_000008_0 0.5118271% 
2014-04-14 03:52:21,874 INFO org.apache.hadoop.mapred.TaskTracker: attempt_201404140345_0001_m_000010_0 0.28316748% 
2014-04-14 03:52:21,884 INFO org.apache.hadoop.mapred.TaskTracker: attempt_201404140345_0001_m_000011_0 0.3069295% 
2014-04-14 03:52:22,052 INFO org.apache.hadoop.mapred.TaskTracker: attempt_201404140345_0001_r_000001_0 0.22222224% reduce > copy (8 of 12 at 3.21 MB/s) > 
2014-04-14 03:52:22,115 INFO org.apache.hadoop.mapred.TaskTracker: attempt_201404140345_0001_m_000009_0 0.26699704% 
2014-04-14 03:52:23,257 INFO org.apache.hadoop.mapred.TaskTracker: attempt_201404140345_0001_m_000008_0 0.622996% 
2014-04-14 03:52:24,989 INFO org.apache.hadoop.mapred.TaskTracker: attempt_201404140345_0001_r_000000_0 0.22222224% reduce > copy (8 of 12 at 2.73 MB/s) > 
2014-04-14 03:52:25,017 INFO org.apache.hadoop.mapred.TaskTracker: attempt_201404140345_0001_m_000010_0 0.4461599% 
2014-04-14 03:52:25,034 INFO org.apache.hadoop.mapred.TaskTracker: attempt_201404140345_0001_m_000011_0 0.46782947% 
2014-04-14 03:52:25,226 INFO org.apache.hadoop.mapred.TaskTracker: attempt_201404140345_0001_m_000009_0 0.44597757% 
2014-04-14 03:52:28,082 INFO org.apache.hadoop.mapred.TaskTracker: attempt_201404140345_0001_r_000001_0 0.22222224% reduce > copy (8 of 12 at 3.21 MB/s) > 
2014-04-14 03:52:28,279 INFO org.apache.hadoop.mapred.TaskTracker: attempt_201404140345_0001_m_000011_0 0.586122% 
2014-04-14 03:52:28,344 INFO org.apache.hadoop.mapred.TaskTracker: attempt_201404140345_0001_m_000010_0 0.5865877% 
2014-04-14 03:52:29,275 INFO org.apache.hadoop.mapred.TaskTracker: attempt_201404140345_0001_m_000009_0 0.58590645% 
2014-04-14 03:52:29,822 INFO org.apache.hadoop.mapred.TaskTracker: attempt_201404140345_0001_m_000008_0 0.7654175% 
2014-04-14 03:52:31,015 INFO org.apache.hadoop.mapred.TaskTracker: attempt_201404140345_0001_r_000000_0 0.22222224% reduce > copy (8 of 12 at 2.73 MB/s) > 
2014-04-14 03:52:31,137 INFO org.apache.hadoop.mapred.TaskTracker: attempt_201404140345_0001_r_000001_0 0.22222224% reduce > copy (8 of 12 at 3.21 MB/s) > 
2014-04-14 03:52:31,418 INFO org.apache.hadoop.mapred.TaskTracker: attempt_201404140345_0001_m_000011_0 0.6949733% 
2014-04-14 03:52:31,596 INFO org.apache.hadoop.mapred.TaskTracker: attempt_201404140345_0001_m_000010_0 0.66818845% 
2014-04-14 03:52:32,453 INFO org.apache.hadoop.mapred.TaskTracker: attempt_201404140345_0001_m_000009_0 0.7181003% 
2014-04-14 03:52:33,067 INFO org.apache.hadoop.mapred.TaskTracker: attempt_201404140345_0001_m_000008_0 0.9005408% 
2014-04-14 03:52:34,035 INFO org.apache.hadoop.mapred.TaskTracker: attempt_201404140345_0001_r_000000_0 0.22222224% reduce > copy (8 of 12 at 2.73 MB/s) > 
2014-04-14 03:52:34,565 INFO org.apache.hadoop.mapred.TaskTracker: attempt_201404140345_0001_m_000011_0 0.7872052% 
2014-04-14 03:52:35,647 INFO org.apache.hadoop.mapred.TaskTracker: attempt_201404140345_0001_m_000009_0 0.81078506% 
2014-04-14 03:52:36,826 INFO org.apache.hadoop.mapred.TaskTracker: attempt_201404140345_0001_m_000010_0 0.77039075% 
2014-04-14 03:52:37,098 INFO org.apache.hadoop.mapred.TaskTracker: attempt_201404140345_0001_m_000008_0 1.0% 
2014-04-14 03:52:37,182 INFO org.apache.hadoop.mapred.TaskTracker: attempt_201404140345_0001_r_000001_0 0.22222224% reduce > copy (8 of 12 at 3.21 MB/s) > 
2014-04-14 03:52:37,955 INFO org.apache.hadoop.mapred.TaskTracker: attempt_201404140345_0001_m_000011_0 0.9019602% 
2014-04-14 03:52:38,780 INFO org.apache.hadoop.mapred.TaskTracker: attempt_201404140345_0001_m_000009_0 0.90148354% 
2014-04-14 03:52:40,082 INFO org.apache.hadoop.mapred.TaskTracker: attempt_201404140345_0001_r_000000_0 0.22222224% reduce > copy (8 of 12 at 2.73 MB/s) > 
2014-04-14 03:52:40,286 INFO org.apache.hadoop.mapred.TaskTracker: attempt_201404140345_0001_m_000008_0 1.0% 
2014-04-14 03:52:41,035 INFO org.apache.hadoop.mapred.TaskTracker: attempt_201404140345_0001_m_000011_0 1.0% 
2014-04-14 03:52:41,769 INFO org.apache.hadoop.mapred.TaskTracker: attempt_201404140345_0001_m_000010_0 0.90869147% 
2014-04-14 03:52:41,917 INFO org.apache.hadoop.mapred.TaskTracker: attempt_201404140345_0001_m_000009_0 1.0% 
2014-04-14 03:52:43,212 INFO org.apache.hadoop.mapred.TaskTracker: attempt_201404140345_0001_r_000001_0 0.22222224% reduce > copy (8 of 12 at 3.21 MB/s) > 
2014-04-14 03:52:43,459 INFO org.apache.hadoop.mapred.TaskTracker: attempt_201404140345_0001_m_000008_0 1.0% 
2014-04-14 03:52:44,188 INFO org.apache.hadoop.mapred.TaskTracker: attempt_201404140345_0001_m_000011_0 1.0% 
2014-04-14 03:52:45,007 INFO org.apache.hadoop.mapred.TaskTracker: attempt_201404140345_0001_m_000010_0 1.0% 
2014-04-14 03:52:45,098 INFO org.apache.hadoop.mapred.TaskTracker: attempt_201404140345_0001_m_000009_0 1.0% 
2014-04-14 03:52:46,107 INFO org.apache.hadoop.mapred.TaskTracker: attempt_201404140345_0001_r_000000_0 0.22222224% reduce > copy (8 of 12 at 2.73 MB/s) > 
2014-04-14 03:52:46,233 INFO org.apache.hadoop.mapred.TaskTracker: attempt_201404140345_0001_r_000001_0 0.22222224% reduce > copy (8 of 12 at 3.21 MB/s) > 
2014-04-14 03:52:46,510 INFO org.apache.hadoop.mapred.TaskTracker: attempt_201404140345_0001_m_000008_0 1.0% 
2014-04-14 03:52:47,399 INFO org.apache.hadoop.mapred.TaskTracker: attempt_201404140345_0001_m_000011_0 1.0% 
2014-04-14 03:52:48,124 INFO org.apache.hadoop.mapred.TaskTracker: attempt_201404140345_0001_m_000010_0 1.0% 
2014-04-14 03:52:48,271 INFO org.apache.hadoop.mapred.TaskTracker: attempt_201404140345_0001_m_000009_0 1.0% 
2014-04-14 03:52:49,151 INFO org.apache.hadoop.mapred.TaskTracker: attempt_201404140345_0001_r_000000_0 0.22222224% reduce > copy (8 of 12 at 2.73 MB/s) > 
2014-04-14 03:52:49,555 INFO org.apache.hadoop.mapred.TaskTracker: attempt_201404140345_0001_m_000008_0 1.0% 
2014-04-14 03:52:50,519 INFO org.apache.hadoop.mapred.TaskTracker: attempt_201404140345_0001_m_000011_0 1.0% 
2014-04-14 03:52:52,789 INFO org.apache.hadoop.mapred.TaskTracker: attempt_201404140345_0001_m_000008_0 1.0% 
2014-04-14 03:52:54,193 INFO org.apache.hadoop.mapred.TaskTracker: attempt_201404140345_0001_r_000001_0 0.22222224% reduce > copy (8 of 12 at 3.21 MB/s) > 
2014-04-14 03:52:55,819 INFO org.apache.hadoop.mapred.TaskTracker: attempt_201404140345_0001_m_000008_0 1.0% 
2014-04-14 03:52:56,448 INFO org.apache.hadoop.mapred.TaskTracker: attempt_201404140345_0001_m_000011_0 1.0% 
2014-04-14 03:52:56,512 INFO org.apache.hadoop.mapred.TaskTracker: attempt_201404140345_0001_r_000000_0 0.22222224% reduce > copy (8 of 12 at 2.73 MB/s) > 
2014-04-14 03:52:56,549 INFO org.apache.hadoop.mapred.TaskTracker: attempt_201404140345_0001_m_000010_0 1.0% 
2014-04-14 03:52:57,221 INFO org.apache.hadoop.mapred.TaskTracker: attempt_201404140345_0001_r_000001_0 0.22222224% reduce > copy (8 of 12 at 3.21 MB/s) > 
2014-04-14 03:53:01,567 INFO org.mortbay.log: org.mortbay.io.nio.SelectorManager$SelectSet@6f299e46 JVM BUG(s) - injecting delay5 times
2014-04-14 03:53:01,567 INFO org.mortbay.log: org.mortbay.io.nio.SelectorManager$SelectSet@6f299e46 JVM BUG(s) - recreating selector 5 times, canceled keys 100 times
2014-04-14 03:53:02,315 INFO org.apache.hadoop.mapred.TaskTracker: attempt_201404140345_0001_m_000010_0 1.0% 
2014-04-14 03:53:03,447 INFO org.apache.hadoop.mapred.TaskTracker: attempt_201404140345_0001_r_000001_0 0.22222224% reduce > copy (8 of 12 at 3.21 MB/s) > 
2014-04-14 03:53:04,295 INFO org.apache.hadoop.mapred.TaskTracker: attempt_201404140345_0001_r_000000_0 0.22222224% reduce > copy (8 of 12 at 2.73 MB/s) > 
2014-04-14 03:53:06,498 INFO org.apache.hadoop.mapred.TaskTracker: attempt_201404140345_0001_r_000001_0 0.22222224% reduce > copy (8 of 12 at 3.21 MB/s) > 
2014-04-14 03:53:06,596 INFO org.apache.hadoop.mapred.TaskTracker: attempt_201404140345_0001_m_000009_0 1.0% 
2014-04-14 03:53:07,295 INFO org.apache.hadoop.mapred.TaskTracker: attempt_201404140345_0001_m_000010_0 1.0% 
2014-04-14 03:53:07,405 INFO org.apache.hadoop.mapred.TaskTracker: attempt_201404140345_0001_r_000000_0 0.22222224% reduce > copy (8 of 12 at 2.73 MB/s) > 
2014-04-14 03:53:08,971 INFO org.apache.hadoop.mapred.TaskTracker: attempt_201404140345_0001_m_000008_0 1.0% 
2014-04-14 03:53:09,134 INFO org.apache.hadoop.mapred.TaskTracker: attempt_201404140345_0001_m_000011_0 1.0% 
2014-04-14 03:53:10,431 INFO org.apache.hadoop.mapred.TaskTracker: attempt_201404140345_0001_r_000000_0 0.22222224% reduce > copy (8 of 12 at 2.73 MB/s) > 
2014-04-14 03:53:11,352 INFO org.apache.hadoop.mapred.TaskTracker: attempt_201404140345_0001_m_000009_0 1.0% 
2014-04-14 03:53:12,183 INFO org.apache.hadoop.mapred.TaskTracker: attempt_201404140345_0001_m_000011_0 1.0% 
2014-04-14 03:53:12,530 INFO org.apache.hadoop.mapred.TaskTracker: attempt_201404140345_0001_r_000001_0 0.22222224% reduce > copy (8 of 12 at 3.21 MB/s) > 
2014-04-14 03:53:14,343 INFO org.apache.hadoop.mapred.TaskTracker: attempt_201404140345_0001_m_000010_0 1.0% 
2014-04-14 03:53:15,017 INFO org.apache.hadoop.mapred.TaskTracker: attempt_201404140345_0001_m_000008_0 1.0% 
2014-04-14 03:53:15,210 INFO org.apache.hadoop.mapred.TaskTracker: attempt_201404140345_0001_m_000011_0 1.0% 
2014-04-14 03:53:15,408 INFO org.apache.hadoop.mapred.TaskTracker: attempt_201404140345_0001_m_000009_0 1.0% 
2014-04-14 03:53:16,456 INFO org.apache.hadoop.mapred.TaskTracker: attempt_201404140345_0001_r_000000_0 0.22222224% reduce > copy (8 of 12 at 2.73 MB/s) > 
2014-04-14 03:53:17,370 INFO org.apache.hadoop.mapred.TaskTracker: attempt_201404140345_0001_m_000010_0 1.0% 
2014-04-14 03:53:18,246 INFO org.apache.hadoop.mapred.TaskTracker: attempt_201404140345_0001_m_000011_0 1.0% 
2014-04-14 03:53:18,430 INFO org.apache.hadoop.mapred.TaskTracker: attempt_201404140345_0001_m_000009_0 1.0% 
2014-04-14 03:53:18,602 INFO org.apache.hadoop.mapred.TaskTracker: attempt_201404140345_0001_r_000001_0 0.22222224% reduce > copy (8 of 12 at 3.21 MB/s) > 
2014-04-14 03:53:19,479 INFO org.apache.hadoop.mapred.TaskTracker: attempt_201404140345_0001_r_000000_0 0.22222224% reduce > copy (8 of 12 at 2.73 MB/s) > 
2014-04-14 03:53:20,557 INFO org.apache.hadoop.mapred.TaskTracker: attempt_201404140345_0001_m_000010_0 1.0% 
2014-04-14 03:53:21,558 INFO org.apache.hadoop.mapred.TaskTracker: attempt_201404140345_0001_m_000011_0 1.0% 
2014-04-14 03:53:21,968 INFO org.apache.hadoop.mapred.TaskTracker: attempt_201404140345_0001_m_000009_0 1.0% 
2014-04-14 03:53:21,975 INFO org.apache.hadoop.mapred.TaskTracker: attempt_201404140345_0001_r_000001_0 0.22222224% reduce > copy (8 of 12 at 3.21 MB/s) > 
2014-04-14 03:53:23,588 INFO org.apache.hadoop.mapred.TaskTracker: attempt_201404140345_0001_m_000010_0 1.0% 
2014-04-14 03:53:24,291 INFO org.apache.hadoop.mapred.TaskTracker: attempt_201404140345_0001_m_000008_0 1.0% 
2014-04-14 03:53:24,425 INFO org.apache.hadoop.mapred.TaskTracker: Task attempt_201404140345_0001_m_000008_0 is done.
2014-04-14 03:53:24,426 INFO org.apache.hadoop.mapred.TaskTracker: reported output size for attempt_201404140345_0001_m_000008_0  was 52484422
2014-04-14 03:53:25,194 INFO org.apache.hadoop.mapred.TaskTracker: attempt_201404140345_0001_m_000009_0 1.0% 
2014-04-14 03:53:25,702 INFO org.apache.hadoop.mapred.TaskTracker: attempt_201404140345_0001_r_000000_0 0.22222224% reduce > copy (8 of 12 at 2.73 MB/s) > 
2014-04-14 03:53:32,869 INFO org.apache.hadoop.mapred.JvmManager: JVM : jvm_201404140345_0001_m_267908658 exited with exit code 0. Number of tasks it ran: 1
2014-04-14 03:53:33,541 INFO org.apache.hadoop.mapred.TaskTracker: addFreeSlot : current free slots : 1
2014-04-14 03:53:33,542 INFO org.apache.hadoop.mapred.TaskTracker: attempt_201404140345_0001_r_000001_0 0.22222224% reduce > copy (8 of 12 at 3.21 MB/s) > 
2014-04-14 03:53:33,545 INFO org.apache.hadoop.mapred.TaskTracker: attempt_201404140345_0001_m_000010_0 1.0% 
2014-04-14 03:53:33,547 INFO org.apache.hadoop.mapred.TaskTracker: attempt_201404140345_0001_m_000009_0 1.0% 
2014-04-14 03:53:33,550 INFO org.apache.hadoop.mapred.TaskTracker: attempt_201404140345_0001_m_000011_0 1.0% 
2014-04-14 03:53:33,551 INFO org.apache.hadoop.mapred.TaskTracker: Task attempt_201404140345_0001_m_000009_0 is done.
2014-04-14 03:53:33,551 INFO org.apache.hadoop.mapred.TaskTracker: reported output size for attempt_201404140345_0001_m_000009_0  was 52197794
2014-04-14 03:53:33,553 INFO org.apache.hadoop.mapred.TaskTracker: attempt_201404140345_0001_m_000010_0 1.0% 
2014-04-14 03:53:33,554 INFO org.apache.hadoop.mapred.TaskTracker: Task attempt_201404140345_0001_m_000011_0 is done.
2014-04-14 03:53:33,554 INFO org.apache.hadoop.mapred.TaskTracker: reported output size for attempt_201404140345_0001_m_000011_0  was 51261824
2014-04-14 03:53:33,555 INFO org.apache.hadoop.mapred.TaskTracker: Task attempt_201404140345_0001_m_000010_0 is done.
2014-04-14 03:53:33,555 INFO org.apache.hadoop.mapred.TaskTracker: reported output size for attempt_201404140345_0001_m_000010_0  was 52583539
2014-04-14 03:53:34,053 INFO org.apache.hadoop.mapred.JvmManager: JVM : jvm_201404140345_0001_m_1269183899 exited with exit code 0. Number of tasks it ran: 1
2014-04-14 03:53:34,345 INFO org.apache.hadoop.mapred.JvmManager: JVM : jvm_201404140345_0001_m_465496338 exited with exit code 0. Number of tasks it ran: 1
2014-04-14 03:53:34,349 INFO org.apache.hadoop.mapred.JvmManager: JVM : jvm_201404140345_0001_m_307415010 exited with exit code 0. Number of tasks it ran: 1
2014-04-14 03:53:34,453 INFO org.apache.hadoop.mapred.TaskTracker: addFreeSlot : current free slots : 2
2014-04-14 03:53:34,459 INFO org.apache.hadoop.mapred.TaskTracker: addFreeSlot : current free slots : 3
2014-04-14 03:53:34,460 INFO org.apache.hadoop.mapred.TaskTracker: addFreeSlot : current free slots : 4
2014-04-14 03:53:36,564 INFO org.apache.hadoop.mapred.TaskTracker: attempt_201404140345_0001_r_000001_0 0.22222224% reduce > copy (8 of 12 at 3.21 MB/s) > 
2014-04-14 03:53:36,570 INFO org.apache.hadoop.mapred.TaskTracker: attempt_201404140345_0001_r_000000_0 0.22222224% reduce > copy (8 of 12 at 2.73 MB/s) > 
2014-04-14 03:53:38,277 INFO org.apache.hadoop.mapred.TaskTracker.clienttrace: src: 127.0.1.1:50061, dest: 127.0.0.1:56585, bytes: 26635752, op: MAPRED_SHUFFLE, cliID: attempt_201404140345_0001_m_000008_0, duration: 244478707
2014-04-14 03:53:39,592 INFO org.apache.hadoop.mapred.TaskTracker: attempt_201404140345_0001_r_000000_0 0.22222224% reduce > copy (8 of 12 at 2.73 MB/s) > 
2014-04-14 03:53:41,206 INFO org.apache.hadoop.mapred.TaskTracker.clienttrace: src: 127.0.1.1:50061, dest: 127.0.0.1:56586, bytes: 25848670, op: MAPRED_SHUFFLE, cliID: attempt_201404140345_0001_m_000008_0, duration: 170409388
2014-04-14 03:53:41,486 INFO org.apache.hadoop.mapred.TaskTracker.clienttrace: src: 127.0.1.1:50061, dest: 127.0.0.1:56586, bytes: 25672726, op: MAPRED_SHUFFLE, cliID: attempt_201404140345_0001_m_000009_0, duration: 267932537
2014-04-14 03:53:42,393 INFO org.apache.hadoop.mapred.TaskTracker.clienttrace: src: 127.0.1.1:50061, dest: 127.0.0.1:56586, bytes: 25884370, op: MAPRED_SHUFFLE, cliID: attempt_201404140345_0001_m_000010_0, duration: 814327365
2014-04-14 03:53:42,582 INFO org.apache.hadoop.mapred.TaskTracker: attempt_201404140345_0001_r_000001_0 0.25% reduce > copy (9 of 12 at 1.54 MB/s) > 
2014-04-14 03:53:43,365 INFO org.apache.hadoop.mapred.TaskTracker.clienttrace: src: 127.0.1.1:50061, dest: 127.0.0.1:56586, bytes: 25306417, op: MAPRED_SHUFFLE, cliID: attempt_201404140345_0001_m_000011_0, duration: 968244901
2014-04-14 03:53:43,579 INFO org.apache.hadoop.mapred.TaskTracker: attempt_201404140345_0001_r_000000_0 0.22222224% reduce > copy (8 of 12 at 2.73 MB/s) > 
2014-04-14 03:53:43,589 INFO org.apache.hadoop.mapred.TaskTracker.clienttrace: src: 127.0.1.1:50061, dest: 127.0.0.1:56587, bytes: 26525068, op: MAPRED_SHUFFLE, cliID: attempt_201404140345_0001_m_000009_0, duration: 254048942
2014-04-14 03:53:44,459 INFO org.apache.hadoop.mapred.TaskTracker.clienttrace: src: 127.0.1.1:50061, dest: 127.0.0.1:56587, bytes: 26699169, op: MAPRED_SHUFFLE, cliID: attempt_201404140345_0001_m_000010_0, duration: 866042143
2014-04-14 03:53:44,589 INFO org.apache.hadoop.mapred.TaskTracker: attempt_201404140345_0001_r_000000_0 0.22222224% reduce > copy (8 of 12 at 2.73 MB/s) > 
2014-04-14 03:53:45,481 INFO org.apache.hadoop.mapred.TaskTracker.clienttrace: src: 127.0.1.1:50061, dest: 127.0.0.1:56587, bytes: 25955407, op: MAPRED_SHUFFLE, cliID: attempt_201404140345_0001_m_000011_0, duration: 1007438363
2014-04-14 03:53:45,581 INFO org.apache.hadoop.mapred.TaskTracker: attempt_201404140345_0001_r_000001_0 0.25% reduce > copy (9 of 12 at 1.54 MB/s) > 
2014-04-14 03:53:45,633 INFO org.apache.hadoop.mapred.TaskTracker: attempt_201404140345_0001_r_000000_0 0.6666853% reduce > reduce
2014-04-14 03:53:46,560 INFO org.apache.hadoop.mapred.TaskTracker: attempt_201404140345_0001_r_000001_0 0.25% reduce > copy (9 of 12 at 1.54 MB/s) > 
2014-04-14 03:53:48,603 INFO org.apache.hadoop.mapred.TaskTracker: attempt_201404140345_0001_r_000001_0 0.666691% reduce > reduce
2014-04-14 03:53:48,647 INFO org.apache.hadoop.mapred.TaskTracker: attempt_201404140345_0001_r_000000_0 0.6666853% reduce > reduce
2014-04-14 03:53:48,800 INFO org.apache.hadoop.mapred.TaskTracker: Task attempt_201404140345_0001_r_000000_0 is in commit-pending, task state:COMMIT_PENDING
2014-04-14 03:53:48,800 INFO org.apache.hadoop.mapred.TaskTracker: attempt_201404140345_0001_r_000000_0 0.6666853% reduce > reduce
2014-04-14 03:53:49,518 INFO org.apache.hadoop.mapred.TaskTracker: Received commit task action for attempt_201404140345_0001_r_000000_0
2014-04-14 03:53:49,838 INFO org.apache.hadoop.mapred.TaskTracker: Task attempt_201404140345_0001_r_000001_0 is in commit-pending, task state:COMMIT_PENDING
2014-04-14 03:53:49,839 INFO org.apache.hadoop.mapred.TaskTracker: attempt_201404140345_0001_r_000001_0 0.666691% reduce > reduce
2014-04-14 03:53:51,627 INFO org.apache.hadoop.mapred.TaskTracker: attempt_201404140345_0001_r_000001_0 0.666691% reduce > reduce
2014-04-14 03:53:51,654 INFO org.apache.hadoop.mapred.TaskTracker: attempt_201404140345_0001_r_000000_0 0.6666853% reduce > reduce
2014-04-14 03:53:51,656 INFO org.apache.hadoop.mapred.TaskTracker: Task attempt_201404140345_0001_r_000000_0 is done.
2014-04-14 03:53:51,656 INFO org.apache.hadoop.mapred.TaskTracker: reported output size for attempt_201404140345_0001_r_000000_0  was -1
2014-04-14 03:53:51,659 INFO org.apache.hadoop.mapred.TaskTracker: addFreeSlot : current free slots : 1
2014-04-14 03:53:52,070 INFO org.apache.hadoop.mapred.JvmManager: JVM : jvm_201404140345_0001_r_2121392673 exited with exit code 0. Number of tasks it ran: 1
2014-04-14 03:53:52,535 INFO org.apache.hadoop.mapred.TaskTracker: Received commit task action for attempt_201404140345_0001_r_000001_0
2014-04-14 03:53:52,537 INFO org.apache.hadoop.mapred.TaskTracker: Received KillTaskAction for task: attempt_201404140345_0001_r_000000_0
2014-04-14 03:53:52,537 INFO org.apache.hadoop.mapred.TaskTracker: About to purge task: attempt_201404140345_0001_r_000000_0
2014-04-14 03:53:54,654 INFO org.apache.hadoop.mapred.TaskTracker: attempt_201404140345_0001_r_000001_0 0.666691% reduce > reduce
2014-04-14 03:53:54,658 INFO org.apache.hadoop.mapred.TaskTracker: attempt_201404140345_0001_r_000001_0 0.666691% reduce > reduce
2014-04-14 03:53:54,661 INFO org.apache.hadoop.mapred.TaskTracker: Task attempt_201404140345_0001_r_000001_0 is done.
2014-04-14 03:53:54,661 INFO org.apache.hadoop.mapred.TaskTracker: reported output size for attempt_201404140345_0001_r_000001_0  was -1
2014-04-14 03:53:54,663 INFO org.apache.hadoop.mapred.TaskTracker: addFreeSlot : current free slots : 2
2014-04-14 03:53:55,050 INFO org.apache.hadoop.mapred.JvmManager: JVM : jvm_201404140345_0001_r_1710423403 exited with exit code 0. Number of tasks it ran: 1
2014-04-14 03:53:55,564 INFO org.apache.hadoop.mapred.TaskTracker: LaunchTaskAction (registerTask): attempt_201404140345_0001_m_000012_0 task's state:UNASSIGNED
2014-04-14 03:53:55,564 INFO org.apache.hadoop.mapred.TaskTracker: Trying to launch : attempt_201404140345_0001_m_000012_0 which needs 1 slots
2014-04-14 03:53:55,564 INFO org.apache.hadoop.mapred.TaskTracker: Received KillTaskAction for task: attempt_201404140345_0001_r_000001_0
2014-04-14 03:53:55,564 INFO org.apache.hadoop.mapred.TaskTracker: In TaskLauncher, current free slots : 4 and trying to launch attempt_201404140345_0001_m_000012_0 which needs 1 slots
2014-04-14 03:53:55,564 INFO org.apache.hadoop.mapred.TaskTracker: About to purge task: attempt_201404140345_0001_r_000001_0
2014-04-14 03:53:55,586 INFO org.apache.hadoop.mapred.JvmManager: In JvmRunner constructed JVM ID: jvm_201404140345_0001_m_134387829
2014-04-14 03:53:55,587 INFO org.apache.hadoop.mapred.JvmManager: JVM Runner jvm_201404140345_0001_m_134387829 spawned.
2014-04-14 03:53:55,592 INFO org.apache.hadoop.mapred.TaskController: Writing commands to /tmp/hadoop/hadoop-mgrossman/mapred/local/ttprivate/taskTracker/mgrossman/jobcache/job_201404140345_0001/attempt_201404140345_0001_m_000012_0/taskjvm.sh
2014-04-14 03:53:58,163 INFO org.apache.hadoop.mapred.TaskTracker: JVM with ID: jvm_201404140345_0001_m_134387829 given task: attempt_201404140345_0001_m_000012_0
2014-04-14 03:53:59,420 INFO org.apache.hadoop.mapred.TaskTracker: attempt_201404140345_0001_m_000012_0 0.0% 
2014-04-14 03:54:02,293 INFO org.apache.hadoop.mapred.TaskTracker: attempt_201404140345_0001_m_000012_0 0.0% cleanup
2014-04-14 03:54:02,296 INFO org.mortbay.log: org.mortbay.io.nio.SelectorManager$SelectSet@6f299e46 JVM BUG(s) - injecting delay5 times
2014-04-14 03:54:02,296 INFO org.mortbay.log: org.mortbay.io.nio.SelectorManager$SelectSet@6f299e46 JVM BUG(s) - recreating selector 5 times, canceled keys 100 times
2014-04-14 03:54:02,296 INFO org.apache.hadoop.mapred.TaskTracker: Task attempt_201404140345_0001_m_000012_0 is done.
2014-04-14 03:54:02,297 INFO org.apache.hadoop.mapred.TaskTracker: reported output size for attempt_201404140345_0001_m_000012_0  was -1
2014-04-14 03:54:02,297 INFO org.apache.hadoop.mapred.TaskTracker: addFreeSlot : current free slots : 4
2014-04-14 03:54:02,432 INFO org.apache.hadoop.mapred.JvmManager: JVM : jvm_201404140345_0001_m_134387829 exited with exit code 0. Number of tasks it ran: 1
2014-04-14 03:54:04,660 INFO org.apache.hadoop.mapred.TaskTracker: Received 'KillJobAction' for job: job_201404140345_0001
2014-04-14 03:54:04,662 INFO org.apache.hadoop.mapred.IndexCache: Map ID attempt_201404140345_0001_m_000012_0 not found in cache
2014-04-14 03:54:04,667 INFO org.apache.hadoop.mapred.UserLogCleaner: Adding job_201404140345_0001 for user-log deletion with retainTimeStamp:1397552044666
