2014-04-12 15:28:01,419 INFO org.apache.hadoop.mapred.TaskTracker: STARTUP_MSG: 
/************************************************************
STARTUP_MSG: Starting TaskTracker
STARTUP_MSG:   host = gpu-014.davinci.rice.edu/192.168.110.214
STARTUP_MSG:   args = []
STARTUP_MSG:   version = 1.0.4-SNAPSHOT
STARTUP_MSG:   build =  -r ; compiled by 'jmg3' on Fri Apr 11 17:54:37 CDT 2014
************************************************************/
2014-04-12 15:28:01,587 INFO org.apache.hadoop.metrics2.impl.MetricsConfig: loaded properties from hadoop-metrics2.properties
2014-04-12 15:28:01,643 INFO org.apache.hadoop.metrics2.impl.MetricsSourceAdapter: MBean for source MetricsSystem,sub=Stats registered.
2014-04-12 15:28:01,644 INFO org.apache.hadoop.metrics2.impl.MetricsSystemImpl: Scheduled snapshot period at 10 second(s).
2014-04-12 15:28:01,644 INFO org.apache.hadoop.metrics2.impl.MetricsSystemImpl: TaskTracker metrics system started
2014-04-12 15:28:01,798 INFO org.apache.hadoop.metrics2.impl.MetricsSourceAdapter: MBean for source ugi registered.
2014-04-12 15:28:01,969 INFO org.mortbay.log: Logging to org.slf4j.impl.Log4jLoggerAdapter(org.mortbay.log) via org.mortbay.log.Slf4jLog
2014-04-12 15:28:02,020 INFO org.apache.hadoop.http.HttpServer: Added global filtersafety (class=org.apache.hadoop.http.HttpServer$QuotingInputFilter)
2014-04-12 15:28:02,042 INFO org.apache.hadoop.mapred.TaskLogsTruncater: Initializing logs' truncater with mapRetainSize=-1 and reduceRetainSize=-1
2014-04-12 15:28:02,046 INFO org.apache.hadoop.mapred.TaskTracker: Starting tasktracker with owner as jmg3
2014-04-12 15:28:02,047 INFO org.apache.hadoop.mapred.TaskTracker: Good mapred local directories are: /tmp/hadoop/hadoop-jmg3/mapred/local
2014-04-12 15:28:02,051 WARN org.apache.hadoop.util.NativeCodeLoader: Unable to load native-hadoop library for your platform... using builtin-java classes where applicable
2014-04-12 15:28:02,057 INFO org.apache.hadoop.metrics2.impl.MetricsSourceAdapter: MBean for source jvm registered.
2014-04-12 15:28:02,058 INFO org.apache.hadoop.metrics2.impl.MetricsSourceAdapter: MBean for source TaskTrackerMetrics registered.
2014-04-12 15:28:02,070 INFO org.apache.hadoop.ipc.Server: Starting SocketReader
2014-04-12 15:28:02,073 INFO org.apache.hadoop.metrics2.impl.MetricsSourceAdapter: MBean for source RpcDetailedActivityForPort59027 registered.
2014-04-12 15:28:02,073 INFO org.apache.hadoop.metrics2.impl.MetricsSourceAdapter: MBean for source RpcActivityForPort59027 registered.
2014-04-12 15:28:02,075 INFO org.apache.hadoop.ipc.Server: IPC Server Responder: starting
2014-04-12 15:28:02,076 INFO org.apache.hadoop.ipc.Server: IPC Server listener on 59027: starting
2014-04-12 15:28:02,076 INFO org.apache.hadoop.ipc.Server: IPC Server handler 0 on 59027: starting
2014-04-12 15:28:02,077 INFO org.apache.hadoop.ipc.Server: IPC Server handler 1 on 59027: starting
2014-04-12 15:28:02,078 INFO org.apache.hadoop.ipc.Server: IPC Server handler 2 on 59027: starting
2014-04-12 15:28:02,078 INFO org.apache.hadoop.ipc.Server: IPC Server handler 3 on 59027: starting
2014-04-12 15:28:02,079 INFO org.apache.hadoop.ipc.Server: IPC Server handler 4 on 59027: starting
2014-04-12 15:28:02,079 INFO org.apache.hadoop.ipc.Server: IPC Server handler 5 on 59027: starting
2014-04-12 15:28:02,080 INFO org.apache.hadoop.ipc.Server: IPC Server handler 7 on 59027: starting
2014-04-12 15:28:02,080 INFO org.apache.hadoop.ipc.Server: IPC Server handler 6 on 59027: starting
2014-04-12 15:28:02,081 INFO org.apache.hadoop.ipc.Server: IPC Server handler 8 on 59027: starting
2014-04-12 15:28:02,082 INFO org.apache.hadoop.ipc.Server: IPC Server handler 9 on 59027: starting
2014-04-12 15:28:02,082 INFO org.apache.hadoop.ipc.Server: IPC Server handler 10 on 59027: starting
2014-04-12 15:28:02,083 INFO org.apache.hadoop.ipc.Server: IPC Server handler 11 on 59027: starting
2014-04-12 15:28:02,083 INFO org.apache.hadoop.ipc.Server: IPC Server handler 12 on 59027: starting
2014-04-12 15:28:02,083 INFO org.apache.hadoop.ipc.Server: IPC Server handler 13 on 59027: starting
2014-04-12 15:28:02,084 INFO org.apache.hadoop.ipc.Server: IPC Server handler 14 on 59027: starting
2014-04-12 15:28:02,084 INFO org.apache.hadoop.ipc.Server: IPC Server handler 15 on 59027: starting
2014-04-12 15:28:02,085 INFO org.apache.hadoop.ipc.Server: IPC Server handler 16 on 59027: starting
2014-04-12 15:28:02,085 INFO org.apache.hadoop.ipc.Server: IPC Server handler 17 on 59027: starting
2014-04-12 15:28:02,086 INFO org.apache.hadoop.ipc.Server: IPC Server handler 18 on 59027: starting
2014-04-12 15:28:02,086 INFO org.apache.hadoop.ipc.Server: IPC Server handler 19 on 59027: starting
2014-04-12 15:28:02,086 INFO org.apache.hadoop.ipc.Server: IPC Server handler 20 on 59027: starting
2014-04-12 15:28:02,087 INFO org.apache.hadoop.ipc.Server: IPC Server handler 21 on 59027: starting
2014-04-12 15:28:02,087 INFO org.apache.hadoop.mapred.TaskTracker: TaskTracker up at: localhost/127.0.0.1:59027
2014-04-12 15:28:02,087 INFO org.apache.hadoop.mapred.TaskTracker: Starting tracker tracker_gpu-014.davinci.rice.edu:localhost/127.0.0.1:59027
2014-04-12 15:28:02,087 INFO org.apache.hadoop.ipc.Server: IPC Server handler 22 on 59027: starting
2014-04-12 15:28:02,088 INFO org.apache.hadoop.ipc.Server: IPC Server handler 23 on 59027: starting
2014-04-12 15:28:02,126 INFO org.apache.hadoop.mapred.TaskTracker: Starting thread: Map-events fetcher for all reduce tasks on tracker_gpu-014.davinci.rice.edu:localhost/127.0.0.1:59027
2014-04-12 15:28:02,135 INFO org.apache.hadoop.util.ProcessTree: setsid exited with exit code 0
2014-04-12 15:28:02,138 INFO org.apache.hadoop.mapred.TaskTracker:  Using ResourceCalculatorPlugin : org.apache.hadoop.util.LinuxResourceCalculatorPlugin@238258f1
2014-04-12 15:28:02,141 WARN org.apache.hadoop.mapred.TaskTracker: TaskTracker's totalMemoryAllottedForTasks is -1. TaskMemoryManager is disabled.
2014-04-12 15:28:02,144 INFO org.apache.hadoop.mapred.IndexCache: IndexCache created with max memory = 10485760
2014-04-12 15:28:03,958 INFO org.apache.hadoop.metrics2.impl.MetricsSourceAdapter: MBean for source ShuffleServerMetrics registered.
2014-04-12 15:28:03,961 INFO org.apache.hadoop.http.HttpServer: Port returned by webServer.getConnectors()[0].getLocalPort() before open() is -1. Opening the listener on 50061
2014-04-12 15:28:03,961 INFO org.apache.hadoop.http.HttpServer: listener.getLocalPort() returned 50061 webServer.getConnectors()[0].getLocalPort() returned 50061
2014-04-12 15:28:03,961 INFO org.apache.hadoop.http.HttpServer: Jetty bound to port 50061
2014-04-12 15:28:03,961 INFO org.mortbay.log: jetty-6.1.26
2014-04-12 15:28:04,239 INFO org.mortbay.log: Started SelectChannelConnector@0.0.0.0:50061
2014-04-12 15:28:04,240 INFO org.apache.hadoop.mapred.TaskTracker: FILE_CACHE_SIZE for mapOutputServlet set to : 2000
2014-04-12 15:29:25,497 INFO org.apache.hadoop.mapred.TaskTracker: LaunchTaskAction (registerTask): attempt_201404121528_0001_m_000013_0 task's state:UNASSIGNED
2014-04-12 15:29:25,501 INFO org.apache.hadoop.mapred.TaskTracker: Trying to launch : attempt_201404121528_0001_m_000013_0 which needs 1 slots
2014-04-12 15:29:25,501 INFO org.apache.hadoop.mapred.TaskTracker: In TaskLauncher, current free slots : 12 and trying to launch attempt_201404121528_0001_m_000013_0 which needs 1 slots
2014-04-12 15:29:25,652 INFO org.apache.hadoop.mapred.JobLocalizer: Initializing user jmg3 on this TT.
2014-04-12 15:29:25,786 INFO org.apache.hadoop.mapred.JvmManager: In JvmRunner constructed JVM ID: jvm_201404121528_0001_m_1094646632
2014-04-12 15:29:25,786 INFO org.apache.hadoop.mapred.JvmManager: JVM Runner jvm_201404121528_0001_m_1094646632 spawned.
2014-04-12 15:29:25,788 INFO org.apache.hadoop.mapred.TaskController: Writing commands to /tmp/hadoop/hadoop-jmg3/mapred/local/ttprivate/taskTracker/jmg3/jobcache/job_201404121528_0001/attempt_201404121528_0001_m_000013_0/taskjvm.sh
2014-04-12 15:29:26,448 INFO org.apache.hadoop.mapred.TaskTracker: JVM with ID: jvm_201404121528_0001_m_1094646632 given task: attempt_201404121528_0001_m_000013_0
2014-04-12 15:29:29,879 INFO org.apache.hadoop.mapred.TaskTracker: attempt_201404121528_0001_m_000013_0 0.0% setup
2014-04-12 15:29:29,881 INFO org.apache.hadoop.mapred.TaskTracker: Task attempt_201404121528_0001_m_000013_0 is done.
2014-04-12 15:29:29,882 INFO org.apache.hadoop.mapred.TaskTracker: reported output size for attempt_201404121528_0001_m_000013_0  was -1
2014-04-12 15:29:29,882 INFO org.apache.hadoop.mapred.TaskTracker: addFreeSlot : current free slots : 12
2014-04-12 15:29:30,029 INFO org.apache.hadoop.mapred.JvmManager: JVM : jvm_201404121528_0001_m_1094646632 exited with exit code 0. Number of tasks it ran: 1
2014-04-12 15:29:31,528 INFO org.apache.hadoop.mapred.TaskTracker: LaunchTaskAction (registerTask): attempt_201404121528_0001_m_000000_0 task's state:UNASSIGNED
2014-04-12 15:29:31,528 INFO org.apache.hadoop.mapred.TaskTracker: LaunchTaskAction (registerTask): attempt_201404121528_0001_m_000001_0 task's state:UNASSIGNED
2014-04-12 15:29:31,529 INFO org.apache.hadoop.mapred.TaskTracker: LaunchTaskAction (registerTask): attempt_201404121528_0001_m_000002_0 task's state:UNASSIGNED
2014-04-12 15:29:31,529 INFO org.apache.hadoop.mapred.TaskTracker: LaunchTaskAction (registerTask): attempt_201404121528_0001_m_000003_0 task's state:UNASSIGNED
2014-04-12 15:29:31,529 INFO org.apache.hadoop.mapred.TaskTracker: LaunchTaskAction (registerTask): attempt_201404121528_0001_m_000004_0 task's state:UNASSIGNED
2014-04-12 15:29:31,530 INFO org.apache.hadoop.mapred.TaskTracker: LaunchTaskAction (registerTask): attempt_201404121528_0001_m_000005_0 task's state:UNASSIGNED
2014-04-12 15:29:31,531 INFO org.apache.hadoop.mapred.TaskTracker: LaunchTaskAction (registerTask): attempt_201404121528_0001_m_000006_0 task's state:UNASSIGNED
2014-04-12 15:29:31,531 INFO org.apache.hadoop.mapred.TaskTracker: LaunchTaskAction (registerTask): attempt_201404121528_0001_m_000007_0 task's state:UNASSIGNED
2014-04-12 15:29:31,532 INFO org.apache.hadoop.mapred.TaskTracker: LaunchTaskAction (registerTask): attempt_201404121528_0001_m_000008_0 task's state:UNASSIGNED
2014-04-12 15:29:31,532 INFO org.apache.hadoop.mapred.TaskTracker: LaunchTaskAction (registerTask): attempt_201404121528_0001_m_000009_0 task's state:UNASSIGNED
2014-04-12 15:29:31,532 INFO org.apache.hadoop.mapred.TaskTracker: LaunchTaskAction (registerTask): attempt_201404121528_0001_m_000010_0 task's state:UNASSIGNED
2014-04-12 15:29:31,533 INFO org.apache.hadoop.mapred.TaskTracker: LaunchTaskAction (registerTask): attempt_201404121528_0001_m_000011_0 task's state:UNASSIGNED
2014-04-12 15:29:31,533 INFO org.apache.hadoop.mapred.TaskTracker: Trying to launch : attempt_201404121528_0001_m_000000_0 which needs 1 slots
2014-04-12 15:29:31,533 INFO org.apache.hadoop.mapred.TaskTracker: In TaskLauncher, current free slots : 12 and trying to launch attempt_201404121528_0001_m_000000_0 which needs 1 slots
2014-04-12 15:29:31,533 INFO org.apache.hadoop.mapred.TaskTracker: Received KillTaskAction for task: attempt_201404121528_0001_m_000013_0
2014-04-12 15:29:31,533 INFO org.apache.hadoop.mapred.TaskTracker: About to purge task: attempt_201404121528_0001_m_000013_0
2014-04-12 15:29:31,533 INFO org.apache.hadoop.mapred.TaskTracker: Trying to launch : attempt_201404121528_0001_m_000001_0 which needs 1 slots
2014-04-12 15:29:31,533 INFO org.apache.hadoop.mapred.TaskTracker: In TaskLauncher, current free slots : 11 and trying to launch attempt_201404121528_0001_m_000001_0 which needs 1 slots
2014-04-12 15:29:31,533 INFO org.apache.hadoop.mapred.IndexCache: Map ID attempt_201404121528_0001_m_000013_0 not found in cache
2014-04-12 15:29:31,533 INFO org.apache.hadoop.mapred.TaskTracker: Trying to launch : attempt_201404121528_0001_m_000002_0 which needs 1 slots
2014-04-12 15:29:31,534 INFO org.apache.hadoop.mapred.TaskTracker: In TaskLauncher, current free slots : 10 and trying to launch attempt_201404121528_0001_m_000002_0 which needs 1 slots
2014-04-12 15:29:31,535 INFO org.apache.hadoop.mapred.TaskTracker: Trying to launch : attempt_201404121528_0001_m_000003_0 which needs 1 slots
2014-04-12 15:29:31,535 INFO org.apache.hadoop.mapred.TaskTracker: In TaskLauncher, current free slots : 9 and trying to launch attempt_201404121528_0001_m_000003_0 which needs 1 slots
2014-04-12 15:29:31,536 INFO org.apache.hadoop.mapred.TaskTracker: Trying to launch : attempt_201404121528_0001_m_000004_0 which needs 1 slots
2014-04-12 15:29:31,536 INFO org.apache.hadoop.mapred.TaskTracker: In TaskLauncher, current free slots : 8 and trying to launch attempt_201404121528_0001_m_000004_0 which needs 1 slots
2014-04-12 15:29:31,537 INFO org.apache.hadoop.mapred.TaskTracker: Trying to launch : attempt_201404121528_0001_m_000005_0 which needs 1 slots
2014-04-12 15:29:31,537 INFO org.apache.hadoop.mapred.TaskTracker: In TaskLauncher, current free slots : 7 and trying to launch attempt_201404121528_0001_m_000005_0 which needs 1 slots
2014-04-12 15:29:31,538 INFO org.apache.hadoop.mapred.TaskTracker: Trying to launch : attempt_201404121528_0001_m_000006_0 which needs 1 slots
2014-04-12 15:29:31,538 INFO org.apache.hadoop.mapred.TaskTracker: In TaskLauncher, current free slots : 6 and trying to launch attempt_201404121528_0001_m_000006_0 which needs 1 slots
2014-04-12 15:29:31,540 INFO org.apache.hadoop.mapred.TaskTracker: Trying to launch : attempt_201404121528_0001_m_000007_0 which needs 1 slots
2014-04-12 15:29:31,541 INFO org.apache.hadoop.mapred.TaskTracker: In TaskLauncher, current free slots : 5 and trying to launch attempt_201404121528_0001_m_000007_0 which needs 1 slots
2014-04-12 15:29:31,541 INFO org.apache.hadoop.mapred.TaskTracker: Trying to launch : attempt_201404121528_0001_m_000008_0 which needs 1 slots
2014-04-12 15:29:31,541 INFO org.apache.hadoop.mapred.TaskTracker: In TaskLauncher, current free slots : 4 and trying to launch attempt_201404121528_0001_m_000008_0 which needs 1 slots
2014-04-12 15:29:31,542 INFO org.apache.hadoop.mapred.TaskTracker: Trying to launch : attempt_201404121528_0001_m_000009_0 which needs 1 slots
2014-04-12 15:29:31,542 INFO org.apache.hadoop.mapred.TaskTracker: In TaskLauncher, current free slots : 3 and trying to launch attempt_201404121528_0001_m_000009_0 which needs 1 slots
2014-04-12 15:29:31,544 INFO org.apache.hadoop.mapred.TaskTracker: Trying to launch : attempt_201404121528_0001_m_000010_0 which needs 1 slots
2014-04-12 15:29:31,545 INFO org.apache.hadoop.mapred.TaskTracker: In TaskLauncher, current free slots : 2 and trying to launch attempt_201404121528_0001_m_000010_0 which needs 1 slots
2014-04-12 15:29:31,545 INFO org.apache.hadoop.mapred.TaskTracker: Trying to launch : attempt_201404121528_0001_m_000011_0 which needs 1 slots
2014-04-12 15:29:31,546 INFO org.apache.hadoop.mapred.JvmManager: In JvmRunner constructed JVM ID: jvm_201404121528_0001_m_1568288493
2014-04-12 15:29:31,546 INFO org.apache.hadoop.mapred.JvmManager: JVM Runner jvm_201404121528_0001_m_1568288493 spawned.
2014-04-12 15:29:31,547 INFO org.apache.hadoop.mapred.TaskTracker: In TaskLauncher, current free slots : 1 and trying to launch attempt_201404121528_0001_m_000011_0 which needs 1 slots
2014-04-12 15:29:31,548 INFO org.apache.hadoop.mapred.JvmManager: In JvmRunner constructed JVM ID: jvm_201404121528_0001_m_767934055
2014-04-12 15:29:31,549 INFO org.apache.hadoop.mapred.JvmManager: JVM Runner jvm_201404121528_0001_m_767934055 spawned.
2014-04-12 15:29:31,549 INFO org.apache.hadoop.mapred.TaskController: Writing commands to /tmp/hadoop/hadoop-jmg3/mapred/local/ttprivate/taskTracker/jmg3/jobcache/job_201404121528_0001/attempt_201404121528_0001_m_000000_0/taskjvm.sh
2014-04-12 15:29:31,550 INFO org.apache.hadoop.mapred.JvmManager: In JvmRunner constructed JVM ID: jvm_201404121528_0001_m_707143514
2014-04-12 15:29:31,551 INFO org.apache.hadoop.mapred.JvmManager: JVM Runner jvm_201404121528_0001_m_707143514 spawned.
2014-04-12 15:29:31,552 INFO org.apache.hadoop.mapred.JvmManager: In JvmRunner constructed JVM ID: jvm_201404121528_0001_m_294029062
2014-04-12 15:29:31,552 INFO org.apache.hadoop.mapred.TaskController: Writing commands to /tmp/hadoop/hadoop-jmg3/mapred/local/ttprivate/taskTracker/jmg3/jobcache/job_201404121528_0001/attempt_201404121528_0001_m_000002_0/taskjvm.sh
2014-04-12 15:29:31,552 INFO org.apache.hadoop.mapred.JvmManager: JVM Runner jvm_201404121528_0001_m_294029062 spawned.
2014-04-12 15:29:31,552 INFO org.apache.hadoop.mapred.JvmManager: In JvmRunner constructed JVM ID: jvm_201404121528_0001_m_1904809497
2014-04-12 15:29:31,553 INFO org.apache.hadoop.mapred.TaskController: Writing commands to /tmp/hadoop/hadoop-jmg3/mapred/local/ttprivate/taskTracker/jmg3/jobcache/job_201404121528_0001/attempt_201404121528_0001_m_000001_0/taskjvm.sh
2014-04-12 15:29:31,554 INFO org.apache.hadoop.mapred.TaskController: Writing commands to /tmp/hadoop/hadoop-jmg3/mapred/local/ttprivate/taskTracker/jmg3/jobcache/job_201404121528_0001/attempt_201404121528_0001_m_000004_0/taskjvm.sh
2014-04-12 15:29:31,555 INFO org.apache.hadoop.mapred.JvmManager: JVM Runner jvm_201404121528_0001_m_1904809497 spawned.
2014-04-12 15:29:31,556 INFO org.apache.hadoop.mapred.JvmManager: In JvmRunner constructed JVM ID: jvm_201404121528_0001_m_375703671
2014-04-12 15:29:31,556 INFO org.apache.hadoop.mapred.JvmManager: JVM Runner jvm_201404121528_0001_m_375703671 spawned.
2014-04-12 15:29:31,557 INFO org.apache.hadoop.mapred.JvmManager: In JvmRunner constructed JVM ID: jvm_201404121528_0001_m_947074851
2014-04-12 15:29:31,557 INFO org.apache.hadoop.mapred.JvmManager: JVM Runner jvm_201404121528_0001_m_947074851 spawned.
2014-04-12 15:29:31,557 INFO org.apache.hadoop.mapred.JvmManager: In JvmRunner constructed JVM ID: jvm_201404121528_0001_m_239196282
2014-04-12 15:29:31,557 INFO org.apache.hadoop.mapred.JvmManager: JVM Runner jvm_201404121528_0001_m_239196282 spawned.
2014-04-12 15:29:31,558 INFO org.apache.hadoop.mapred.JvmManager: In JvmRunner constructed JVM ID: jvm_201404121528_0001_m_1650879883
2014-04-12 15:29:31,558 INFO org.apache.hadoop.mapred.JvmManager: JVM Runner jvm_201404121528_0001_m_1650879883 spawned.
2014-04-12 15:29:31,558 INFO org.apache.hadoop.mapred.TaskController: Writing commands to /tmp/hadoop/hadoop-jmg3/mapred/local/ttprivate/taskTracker/jmg3/jobcache/job_201404121528_0001/attempt_201404121528_0001_m_000006_0/taskjvm.sh
2014-04-12 15:29:31,558 INFO org.apache.hadoop.mapred.JvmManager: In JvmRunner constructed JVM ID: jvm_201404121528_0001_m_431878589
2014-04-12 15:29:31,558 INFO org.apache.hadoop.mapred.JvmManager: JVM Runner jvm_201404121528_0001_m_431878589 spawned.
2014-04-12 15:29:31,558 INFO org.apache.hadoop.mapred.JvmManager: In JvmRunner constructed JVM ID: jvm_201404121528_0001_m_999061165
2014-04-12 15:29:31,560 INFO org.apache.hadoop.mapred.TaskController: Writing commands to /tmp/hadoop/hadoop-jmg3/mapred/local/ttprivate/taskTracker/jmg3/jobcache/job_201404121528_0001/attempt_201404121528_0001_m_000005_0/taskjvm.sh
2014-04-12 15:29:31,560 INFO org.apache.hadoop.mapred.JvmManager: JVM Runner jvm_201404121528_0001_m_999061165 spawned.
2014-04-12 15:29:31,560 INFO org.apache.hadoop.mapred.TaskController: Writing commands to /tmp/hadoop/hadoop-jmg3/mapred/local/ttprivate/taskTracker/jmg3/jobcache/job_201404121528_0001/attempt_201404121528_0001_m_000009_0/taskjvm.sh
2014-04-12 15:29:31,560 INFO org.apache.hadoop.mapred.JvmManager: In JvmRunner constructed JVM ID: jvm_201404121528_0001_m_1026872375
2014-04-12 15:29:31,560 INFO org.apache.hadoop.mapred.TaskController: Writing commands to /tmp/hadoop/hadoop-jmg3/mapred/local/ttprivate/taskTracker/jmg3/jobcache/job_201404121528_0001/attempt_201404121528_0001_m_000003_0/taskjvm.sh
2014-04-12 15:29:31,561 INFO org.apache.hadoop.mapred.TaskController: Writing commands to /tmp/hadoop/hadoop-jmg3/mapred/local/ttprivate/taskTracker/jmg3/jobcache/job_201404121528_0001/attempt_201404121528_0001_m_000011_0/taskjvm.sh
2014-04-12 15:29:31,561 INFO org.apache.hadoop.mapred.TaskController: Writing commands to /tmp/hadoop/hadoop-jmg3/mapred/local/ttprivate/taskTracker/jmg3/jobcache/job_201404121528_0001/attempt_201404121528_0001_m_000010_0/taskjvm.sh
2014-04-12 15:29:31,561 INFO org.apache.hadoop.mapred.JvmManager: JVM Runner jvm_201404121528_0001_m_1026872375 spawned.
2014-04-12 15:29:31,562 INFO org.apache.hadoop.mapred.TaskController: Writing commands to /tmp/hadoop/hadoop-jmg3/mapred/local/ttprivate/taskTracker/jmg3/jobcache/job_201404121528_0001/attempt_201404121528_0001_m_000008_0/taskjvm.sh
2014-04-12 15:29:31,563 INFO org.apache.hadoop.mapred.TaskController: Writing commands to /tmp/hadoop/hadoop-jmg3/mapred/local/ttprivate/taskTracker/jmg3/jobcache/job_201404121528_0001/attempt_201404121528_0001_m_000007_0/taskjvm.sh
2014-04-12 15:29:32,554 INFO org.apache.hadoop.mapred.TaskTracker: JVM with ID: jvm_201404121528_0001_m_375703671 given task: attempt_201404121528_0001_m_000005_0
2014-04-12 15:29:32,585 INFO org.apache.hadoop.mapred.TaskTracker: JVM with ID: jvm_201404121528_0001_m_239196282 given task: attempt_201404121528_0001_m_000011_0
2014-04-12 15:29:32,603 INFO org.apache.hadoop.mapred.TaskTracker: JVM with ID: jvm_201404121528_0001_m_947074851 given task: attempt_201404121528_0001_m_000003_0
2014-04-12 15:29:32,607 INFO org.apache.hadoop.mapred.TaskTracker: JVM with ID: jvm_201404121528_0001_m_707143514 given task: attempt_201404121528_0001_m_000001_0
2014-04-12 15:29:32,616 INFO org.apache.hadoop.mapred.TaskTracker: JVM with ID: jvm_201404121528_0001_m_999061165 given task: attempt_201404121528_0001_m_000008_0
2014-04-12 15:29:32,638 INFO org.apache.hadoop.mapred.TaskTracker: JVM with ID: jvm_201404121528_0001_m_1568288493 given task: attempt_201404121528_0001_m_000000_0
2014-04-12 15:29:32,684 INFO org.apache.hadoop.mapred.TaskTracker: JVM with ID: jvm_201404121528_0001_m_294029062 given task: attempt_201404121528_0001_m_000004_0
2014-04-12 15:29:32,686 INFO org.apache.hadoop.mapred.TaskTracker: JVM with ID: jvm_201404121528_0001_m_1650879883 given task: attempt_201404121528_0001_m_000010_0
2014-04-12 15:29:32,726 INFO org.apache.hadoop.mapred.TaskTracker: JVM with ID: jvm_201404121528_0001_m_1904809497 given task: attempt_201404121528_0001_m_000006_0
2014-04-12 15:29:32,750 INFO org.apache.hadoop.mapred.TaskTracker: JVM with ID: jvm_201404121528_0001_m_1026872375 given task: attempt_201404121528_0001_m_000007_0
2014-04-12 15:29:32,767 INFO org.apache.hadoop.mapred.TaskTracker: JVM with ID: jvm_201404121528_0001_m_431878589 given task: attempt_201404121528_0001_m_000009_0
2014-04-12 15:29:32,768 INFO org.apache.hadoop.mapred.TaskTracker: JVM with ID: jvm_201404121528_0001_m_767934055 given task: attempt_201404121528_0001_m_000002_0
2014-04-12 15:29:39,696 INFO org.apache.hadoop.mapred.TaskTracker: attempt_201404121528_0001_m_000005_0 0.15720822% 
2014-04-12 15:29:39,902 INFO org.apache.hadoop.mapred.TaskTracker: attempt_201404121528_0001_m_000011_0 0.25209743% 
2014-04-12 15:29:39,963 INFO org.apache.hadoop.mapred.TaskTracker: attempt_201404121528_0001_m_000010_0 0.16730799% 
2014-04-12 15:29:40,276 INFO org.apache.hadoop.mapred.TaskTracker: attempt_201404121528_0001_m_000003_0 0.13188158% 
2014-04-12 15:29:40,308 INFO org.apache.hadoop.mapred.TaskTracker: attempt_201404121528_0001_m_000001_0 0.14425652% 
2014-04-12 15:29:40,412 INFO org.apache.hadoop.mapred.TaskTracker: attempt_201404121528_0001_m_000008_0 0.20338365% 
2014-04-12 15:29:40,453 INFO org.apache.hadoop.mapred.TaskTracker: attempt_201404121528_0001_m_000007_0 0.1415718% 
2014-04-12 15:29:40,711 INFO org.apache.hadoop.mapred.TaskTracker: attempt_201404121528_0001_m_000002_0 0.14047149% 
2014-04-12 15:29:43,033 INFO org.apache.hadoop.mapred.TaskTracker: attempt_201404121528_0001_m_000005_0 0.3573241% 
2014-04-12 15:29:43,933 INFO org.apache.hadoop.mapred.TaskTracker: attempt_201404121528_0001_m_000004_0 0.27311948% 
2014-04-12 15:29:43,933 INFO org.apache.hadoop.mapred.TaskTracker: attempt_201404121528_0001_m_000007_0 0.3082621% 
2014-04-12 15:29:43,934 INFO org.apache.hadoop.mapred.TaskTracker: attempt_201404121528_0001_m_000008_0 0.3119017% 
2014-04-12 15:29:43,934 INFO org.apache.hadoop.mapred.TaskTracker: attempt_201404121528_0001_m_000000_0 0.28458387% 
2014-04-12 15:29:43,935 INFO org.apache.hadoop.mapred.TaskTracker: attempt_201404121528_0001_m_000001_0 0.38540596% 
2014-04-12 15:29:43,935 INFO org.apache.hadoop.mapred.TaskTracker: attempt_201404121528_0001_m_000003_0 0.3075646% 
2014-04-12 15:29:43,937 INFO org.apache.hadoop.mapred.TaskTracker: attempt_201404121528_0001_m_000011_0 0.43062082% 
2014-04-12 15:29:43,939 INFO org.apache.hadoop.mapred.TaskTracker: attempt_201404121528_0001_m_000009_0 0.26598892% 
2014-04-12 15:29:43,939 INFO org.apache.hadoop.mapred.TaskTracker: attempt_201404121528_0001_m_000010_0 0.33342862% 
2014-04-12 15:29:44,086 INFO org.apache.hadoop.mapred.TaskTracker: attempt_201404121528_0001_m_000002_0 0.3010977% 
2014-04-12 15:29:44,292 INFO org.apache.hadoop.mapred.TaskTracker: attempt_201404121528_0001_m_000006_0 0.25164226% 
2014-04-12 15:29:47,260 INFO org.apache.hadoop.mapred.TaskTracker: attempt_201404121528_0001_m_000003_0 0.39677778% 
2014-04-12 15:29:49,388 INFO org.apache.hadoop.mapred.TaskTracker: attempt_201404121528_0001_m_000002_0 0.38836962% 
2014-04-12 15:29:49,390 INFO org.apache.hadoop.mapred.TaskTracker: attempt_201404121528_0001_m_000006_0 0.36985424% 
2014-04-12 15:29:49,390 INFO org.apache.hadoop.mapred.TaskTracker: attempt_201404121528_0001_m_000009_0 0.3877047% 
2014-04-12 15:29:49,391 INFO org.apache.hadoop.mapred.TaskTracker: attempt_201404121528_0001_m_000005_0 0.47802797% 
2014-04-12 15:29:49,391 INFO org.apache.hadoop.mapred.TaskTracker: attempt_201404121528_0001_m_000010_0 0.43709993% 
2014-04-12 15:29:49,392 INFO org.apache.hadoop.mapred.TaskTracker: attempt_201404121528_0001_m_000004_0 0.3747309% 
2014-04-12 15:29:49,393 INFO org.apache.hadoop.mapred.TaskTracker: attempt_201404121528_0001_m_000000_0 0.37913328% 
2014-04-12 15:29:49,393 INFO org.apache.hadoop.mapred.TaskTracker: attempt_201404121528_0001_m_000008_0 0.3995815% 
2014-04-12 15:29:49,394 INFO org.apache.hadoop.mapred.TaskTracker: attempt_201404121528_0001_m_000011_0 0.54002947% 
2014-04-12 15:29:49,395 INFO org.apache.hadoop.mapred.TaskTracker: attempt_201404121528_0001_m_000007_0 0.40387413% 
2014-04-12 15:29:49,395 INFO org.apache.hadoop.mapred.TaskTracker: attempt_201404121528_0001_m_000001_0 0.4704984% 
2014-04-12 15:29:52,717 INFO org.apache.hadoop.mapred.TaskTracker: attempt_201404121528_0001_m_000008_0 0.53642553% 
2014-04-12 15:29:52,765 INFO org.apache.hadoop.mapred.TaskTracker: attempt_201404121528_0001_m_000009_0 0.4173323% 
2014-04-12 15:29:52,826 INFO org.apache.hadoop.mapred.TaskTracker: attempt_201404121528_0001_m_000000_0 0.48657778% 
2014-04-12 15:29:52,853 INFO org.apache.hadoop.mapred.TaskTracker: attempt_201404121528_0001_m_000010_0 0.5534207% 
2014-04-12 15:29:52,857 INFO org.apache.hadoop.mapred.TaskTracker: attempt_201404121528_0001_m_000003_0 0.53413916% 
2014-04-12 15:29:52,879 INFO org.apache.hadoop.mapred.TaskTracker: attempt_201404121528_0001_m_000007_0 0.5415239% 
2014-04-12 15:29:52,888 INFO org.apache.hadoop.mapred.TaskTracker: attempt_201404121528_0001_m_000002_0 0.5150094% 
2014-04-12 15:29:52,987 INFO org.apache.hadoop.mapred.TaskTracker: attempt_201404121528_0001_m_000006_0 0.4894108% 
2014-04-12 15:29:53,133 INFO org.apache.hadoop.mapred.TaskTracker: attempt_201404121528_0001_m_000005_0 0.6000718% 
2014-04-12 15:29:53,222 INFO org.apache.hadoop.mapred.TaskTracker: attempt_201404121528_0001_m_000001_0 0.60534275% 
2014-04-12 15:29:53,412 INFO org.apache.hadoop.mapred.TaskTracker: attempt_201404121528_0001_m_000011_0 0.6732651% 
2014-04-12 15:29:53,451 INFO org.apache.hadoop.mapred.TaskTracker: attempt_201404121528_0001_m_000004_0 0.5208657% 
2014-04-12 15:29:56,096 INFO org.apache.hadoop.mapred.TaskTracker: attempt_201404121528_0001_m_000009_0 0.49034172% 
2014-04-12 15:29:56,123 INFO org.apache.hadoop.mapred.TaskTracker: attempt_201404121528_0001_m_000000_0 0.56466675% 
2014-04-12 15:29:56,159 INFO org.apache.hadoop.mapred.TaskTracker: attempt_201404121528_0001_m_000008_0 0.6317145% 
2014-04-12 15:29:56,227 INFO org.apache.hadoop.mapred.TaskTracker: attempt_201404121528_0001_m_000003_0 0.6140472% 
2014-04-12 15:29:56,261 INFO org.apache.hadoop.mapred.TaskTracker: attempt_201404121528_0001_m_000010_0 0.638804% 
2014-04-12 15:29:56,345 INFO org.apache.hadoop.mapred.TaskTracker: attempt_201404121528_0001_m_000002_0 0.58141315% 
2014-04-12 15:29:56,364 INFO org.apache.hadoop.mapred.TaskTracker: attempt_201404121528_0001_m_000007_0 0.6356419% 
2014-04-12 15:29:56,368 INFO org.apache.hadoop.mapred.TaskTracker: attempt_201404121528_0001_m_000006_0 0.5562312% 
2014-04-12 15:29:56,543 INFO org.apache.hadoop.mapred.TaskTracker: attempt_201404121528_0001_m_000005_0 0.66574705% 
2014-04-12 15:29:56,802 INFO org.apache.hadoop.mapred.TaskTracker: attempt_201404121528_0001_m_000001_0 0.66711265% 
2014-04-12 15:29:56,814 INFO org.apache.hadoop.mapred.TaskTracker: attempt_201404121528_0001_m_000004_0 0.6145078% 
2014-04-12 15:29:56,976 INFO org.apache.hadoop.mapred.TaskTracker: attempt_201404121528_0001_m_000011_0 0.78795975% 
2014-04-12 15:29:59,402 INFO org.apache.hadoop.mapred.TaskTracker: attempt_201404121528_0001_m_000009_0 0.5671747% 
2014-04-12 15:29:59,439 INFO org.apache.hadoop.mapred.TaskTracker: attempt_201404121528_0001_m_000008_0 0.7162416% 
2014-04-12 15:29:59,650 INFO org.apache.hadoop.mapred.TaskTracker: attempt_201404121528_0001_m_000002_0 0.66397935% 
2014-04-12 15:29:59,654 INFO org.apache.hadoop.mapred.TaskTracker: attempt_201404121528_0001_m_000010_0 0.72072685% 
2014-04-12 15:29:59,721 INFO org.apache.hadoop.mapred.TaskTracker: attempt_201404121528_0001_m_000003_0 0.68859357% 
2014-04-12 15:29:59,857 INFO org.apache.hadoop.mapred.TaskTracker: attempt_201404121528_0001_m_000007_0 0.7343554% 
2014-04-12 15:30:00,134 INFO org.apache.hadoop.mapred.TaskTracker: attempt_201404121528_0001_m_000004_0 0.682996% 
2014-04-12 15:30:00,312 INFO org.apache.hadoop.mapred.TaskTracker: attempt_201404121528_0001_m_000011_0 0.8978939% 
2014-04-12 15:30:00,431 INFO org.apache.hadoop.mapred.TaskTracker: attempt_201404121528_0001_m_000005_0 0.7796724% 
2014-04-12 15:30:00,626 INFO org.apache.hadoop.mapred.TaskTracker: attempt_201404121528_0001_m_000001_0 0.76652884% 
2014-04-12 15:30:01,095 INFO org.apache.hadoop.mapred.TaskTracker: attempt_201404121528_0001_m_000000_0 0.6538131% 
2014-04-12 15:30:01,873 INFO org.apache.hadoop.mapred.TaskTracker: attempt_201404121528_0001_m_000006_0 0.6674237% 
2014-04-12 15:30:02,739 INFO org.apache.hadoop.mapred.TaskTracker: attempt_201404121528_0001_m_000008_0 0.8043998% 
2014-04-12 15:30:02,915 INFO org.apache.hadoop.mapred.TaskTracker: attempt_201404121528_0001_m_000010_0 0.7990599% 
2014-04-12 15:30:02,922 INFO org.apache.hadoop.mapred.TaskTracker: attempt_201404121528_0001_m_000002_0 0.75677% 
2014-04-12 15:30:02,991 INFO org.apache.hadoop.mapred.TaskTracker: attempt_201404121528_0001_m_000009_0 0.6570295% 
2014-04-12 15:30:03,061 INFO org.apache.hadoop.mapred.TaskTracker: attempt_201404121528_0001_m_000003_0 0.7822935% 
2014-04-12 15:30:03,134 INFO org.apache.hadoop.mapred.TaskTracker: attempt_201404121528_0001_m_000007_0 0.8140759% 
2014-04-12 15:30:03,550 INFO org.apache.hadoop.mapred.TaskTracker: attempt_201404121528_0001_m_000004_0 0.7869398% 
2014-04-12 15:30:03,658 INFO org.apache.hadoop.mapred.TaskTracker: attempt_201404121528_0001_m_000011_0 0.9843379% 
2014-04-12 15:30:03,799 INFO org.apache.hadoop.mapred.TaskTracker: attempt_201404121528_0001_m_000005_0 0.87531835% 
2014-04-12 15:30:03,994 INFO org.apache.hadoop.mapred.TaskTracker: attempt_201404121528_0001_m_000001_0 0.8627629% 
2014-04-12 15:30:05,264 INFO org.apache.hadoop.mapred.TaskTracker: attempt_201404121528_0001_m_000000_0 0.779651% 
2014-04-12 15:30:05,838 INFO org.apache.hadoop.mapred.TaskTracker: attempt_201404121528_0001_m_000006_0 0.77064466% 
2014-04-12 15:30:06,011 INFO org.apache.hadoop.mapred.TaskTracker: attempt_201404121528_0001_m_000008_0 0.9021586% 
2014-04-12 15:30:06,217 INFO org.apache.hadoop.mapred.TaskTracker: attempt_201404121528_0001_m_000002_0 0.8365619% 
2014-04-12 15:30:06,254 INFO org.apache.hadoop.mapred.TaskTracker: attempt_201404121528_0001_m_000010_0 0.9059869% 
2014-04-12 15:30:06,308 INFO org.apache.hadoop.mapred.TaskTracker: attempt_201404121528_0001_m_000009_0 0.7668451% 
2014-04-12 15:30:06,453 INFO org.apache.hadoop.mapred.TaskTracker: attempt_201404121528_0001_m_000003_0 0.87121993% 
2014-04-12 15:30:06,926 INFO org.apache.hadoop.mapred.TaskTracker: attempt_201404121528_0001_m_000004_0 0.89260375% 
2014-04-12 15:30:07,040 INFO org.apache.hadoop.mapred.TaskTracker: attempt_201404121528_0001_m_000011_0 1.0% 
2014-04-12 15:30:07,088 INFO org.apache.hadoop.mapred.TaskTracker: attempt_201404121528_0001_m_000007_0 0.9011124% 
2014-04-12 15:30:07,248 INFO org.apache.hadoop.mapred.TaskTracker: attempt_201404121528_0001_m_000005_0 0.9577175% 
2014-04-12 15:30:07,340 INFO org.apache.hadoop.mapred.TaskTracker: attempt_201404121528_0001_m_000001_0 0.9391634% 
2014-04-12 15:30:08,790 INFO org.apache.hadoop.mapred.TaskTracker: attempt_201404121528_0001_m_000000_0 0.8869959% 
2014-04-12 15:30:09,068 INFO org.apache.hadoop.mapred.TaskTracker: attempt_201404121528_0001_m_000006_0 0.8761925% 
2014-04-12 15:30:09,337 INFO org.apache.hadoop.mapred.TaskTracker: attempt_201404121528_0001_m_000008_0 0.98829865% 
2014-04-12 15:30:09,460 INFO org.apache.hadoop.mapred.TaskTracker: attempt_201404121528_0001_m_000002_0 0.9191544% 
2014-04-12 15:30:09,494 INFO org.apache.hadoop.mapred.TaskTracker: attempt_201404121528_0001_m_000010_0 0.9816478% 
2014-04-12 15:30:09,553 INFO org.apache.hadoop.mapred.TaskTracker: attempt_201404121528_0001_m_000009_0 0.85527617% 
2014-04-12 15:30:09,726 INFO org.apache.hadoop.mapred.TaskTracker: attempt_201404121528_0001_m_000003_0 0.9456306% 
2014-04-12 15:30:10,149 INFO org.apache.hadoop.mapred.TaskTracker: attempt_201404121528_0001_m_000004_0 0.98800725% 
2014-04-12 15:30:10,198 INFO org.apache.hadoop.mapred.TaskTracker: attempt_201404121528_0001_m_000011_0 1.0% 
2014-04-12 15:30:10,249 INFO org.apache.hadoop.mapred.TaskTracker: attempt_201404121528_0001_m_000007_0 1.0% 
2014-04-12 15:30:10,404 INFO org.apache.hadoop.mapred.TaskTracker: attempt_201404121528_0001_m_000005_0 1.0% 
2014-04-12 15:30:10,480 INFO org.apache.hadoop.mapred.TaskTracker: attempt_201404121528_0001_m_000001_0 1.0% 
2014-04-12 15:30:12,055 INFO org.apache.hadoop.mapred.TaskTracker: attempt_201404121528_0001_m_000000_0 1.0% 
2014-04-12 15:30:12,371 INFO org.apache.hadoop.mapred.TaskTracker: attempt_201404121528_0001_m_000006_0 0.9954862% 
2014-04-12 15:30:12,544 INFO org.apache.hadoop.mapred.TaskTracker: attempt_201404121528_0001_m_000008_0 1.0% 
2014-04-12 15:30:12,656 INFO org.apache.hadoop.mapred.TaskTracker: attempt_201404121528_0001_m_000002_0 1.0% 
2014-04-12 15:30:12,693 INFO org.apache.hadoop.mapred.TaskTracker: attempt_201404121528_0001_m_000010_0 1.0% 
2014-04-12 15:30:12,803 INFO org.apache.hadoop.mapred.TaskTracker: attempt_201404121528_0001_m_000009_0 0.9861041% 
2014-04-12 15:30:12,934 INFO org.apache.hadoop.mapred.TaskTracker: attempt_201404121528_0001_m_000003_0 1.0% 
2014-04-12 15:30:13,366 INFO org.apache.hadoop.mapred.TaskTracker: attempt_201404121528_0001_m_000004_0 1.0% 
2014-04-12 15:30:13,377 INFO org.apache.hadoop.mapred.TaskTracker: attempt_201404121528_0001_m_000011_0 1.0% 
2014-04-12 15:30:13,444 INFO org.apache.hadoop.mapred.TaskTracker: attempt_201404121528_0001_m_000007_0 1.0% 
2014-04-12 15:30:13,583 INFO org.apache.hadoop.mapred.TaskTracker: attempt_201404121528_0001_m_000005_0 1.0% 
2014-04-12 15:30:13,649 INFO org.apache.hadoop.mapred.TaskTracker: attempt_201404121528_0001_m_000001_0 1.0% 
2014-04-12 15:30:15,241 INFO org.apache.hadoop.mapred.TaskTracker: attempt_201404121528_0001_m_000000_0 1.0% 
2014-04-12 15:30:15,548 INFO org.apache.hadoop.mapred.TaskTracker: attempt_201404121528_0001_m_000006_0 1.0% 
2014-04-12 15:30:15,686 INFO org.apache.hadoop.mapred.TaskTracker: attempt_201404121528_0001_m_000008_0 1.0% 
2014-04-12 15:30:15,784 INFO org.apache.hadoop.mapred.TaskTracker: attempt_201404121528_0001_m_000002_0 1.0% 
2014-04-12 15:30:15,831 INFO org.apache.hadoop.mapred.TaskTracker: attempt_201404121528_0001_m_000010_0 1.0% 
2014-04-12 15:30:15,926 INFO org.apache.hadoop.mapred.TaskTracker: attempt_201404121528_0001_m_000009_0 1.0% 
2014-04-12 15:30:16,055 INFO org.apache.hadoop.mapred.TaskTracker: attempt_201404121528_0001_m_000003_0 1.0% 
2014-04-12 15:30:16,491 INFO org.apache.hadoop.mapred.TaskTracker: attempt_201404121528_0001_m_000004_0 1.0% 
2014-04-12 15:30:16,608 INFO org.apache.hadoop.mapred.TaskTracker: attempt_201404121528_0001_m_000007_0 1.0% 
2014-04-12 15:30:16,699 INFO org.apache.hadoop.mapred.TaskTracker: attempt_201404121528_0001_m_000005_0 1.0% 
2014-04-12 15:30:16,741 INFO org.apache.hadoop.mapred.TaskTracker: attempt_201404121528_0001_m_000001_0 1.0% 
2014-04-12 15:30:16,763 INFO org.apache.hadoop.mapred.TaskTracker: attempt_201404121528_0001_m_000011_0 1.0% 
2014-04-12 15:30:18,322 INFO org.apache.hadoop.mapred.TaskTracker: attempt_201404121528_0001_m_000000_0 1.0% 
2014-04-12 15:30:18,648 INFO org.apache.hadoop.mapred.TaskTracker: attempt_201404121528_0001_m_000006_0 1.0% 
2014-04-12 15:30:18,801 INFO org.apache.hadoop.mapred.TaskTracker: attempt_201404121528_0001_m_000008_0 1.0% 
2014-04-12 15:30:18,933 INFO org.apache.hadoop.mapred.TaskTracker: attempt_201404121528_0001_m_000010_0 1.0% 
2014-04-12 15:30:18,943 INFO org.apache.hadoop.mapred.TaskTracker: attempt_201404121528_0001_m_000002_0 1.0% 
2014-04-12 15:30:19,019 INFO org.apache.hadoop.mapred.TaskTracker: attempt_201404121528_0001_m_000009_0 1.0% 
2014-04-12 15:30:19,210 INFO org.apache.hadoop.mapred.TaskTracker: attempt_201404121528_0001_m_000003_0 1.0% 
2014-04-12 15:30:19,578 INFO org.apache.hadoop.mapred.TaskTracker: attempt_201404121528_0001_m_000004_0 1.0% 
2014-04-12 15:30:19,736 INFO org.apache.hadoop.mapred.TaskTracker: attempt_201404121528_0001_m_000007_0 1.0% 
2014-04-12 15:30:19,751 INFO org.apache.hadoop.mapred.TaskTracker: attempt_201404121528_0001_m_000005_0 1.0% 
2014-04-12 15:30:19,819 INFO org.apache.hadoop.mapred.TaskTracker: attempt_201404121528_0001_m_000001_0 1.0% 
2014-04-12 15:30:19,880 INFO org.apache.hadoop.mapred.TaskTracker: attempt_201404121528_0001_m_000011_0 1.0% 
2014-04-12 15:30:21,370 INFO org.apache.hadoop.mapred.TaskTracker: attempt_201404121528_0001_m_000000_0 1.0% 
2014-04-12 15:30:21,950 INFO org.apache.hadoop.mapred.TaskTracker: attempt_201404121528_0001_m_000008_0 1.0% 
2014-04-12 15:30:21,951 INFO org.apache.hadoop.mapred.TaskTracker: attempt_201404121528_0001_m_000006_0 1.0% 
2014-04-12 15:30:21,996 INFO org.apache.hadoop.mapred.TaskTracker: attempt_201404121528_0001_m_000010_0 1.0% 
2014-04-12 15:30:22,003 INFO org.apache.hadoop.mapred.TaskTracker: attempt_201404121528_0001_m_000002_0 1.0% 
2014-04-12 15:30:22,052 INFO org.apache.hadoop.mapred.TaskTracker: attempt_201404121528_0001_m_000009_0 1.0% 
2014-04-12 15:30:22,248 INFO org.apache.hadoop.mapred.TaskTracker: attempt_201404121528_0001_m_000003_0 1.0% 
2014-04-12 15:30:22,610 INFO org.apache.hadoop.mapred.TaskTracker: attempt_201404121528_0001_m_000004_0 1.0% 
2014-04-12 15:30:22,783 INFO org.apache.hadoop.mapred.TaskTracker: attempt_201404121528_0001_m_000007_0 1.0% 
2014-04-12 15:30:22,784 INFO org.apache.hadoop.mapred.TaskTracker: attempt_201404121528_0001_m_000005_0 1.0% 
2014-04-12 15:30:22,855 INFO org.apache.hadoop.mapred.TaskTracker: attempt_201404121528_0001_m_000001_0 1.0% 
2014-04-12 15:30:22,911 INFO org.apache.hadoop.mapred.TaskTracker: attempt_201404121528_0001_m_000011_0 1.0% 
2014-04-12 15:30:25,032 INFO org.apache.hadoop.mapred.TaskTracker: attempt_201404121528_0001_m_000010_0 1.0% 
2014-04-12 15:30:25,032 INFO org.apache.hadoop.mapred.TaskTracker: attempt_201404121528_0001_m_000008_0 1.0% 
2014-04-12 15:30:25,047 INFO org.apache.hadoop.mapred.TaskTracker: attempt_201404121528_0001_m_000000_0 1.0% 
2014-04-12 15:30:25,050 INFO org.apache.hadoop.mapred.TaskTracker: attempt_201404121528_0001_m_000006_0 1.0% 
2014-04-12 15:30:25,083 INFO org.apache.hadoop.mapred.TaskTracker: attempt_201404121528_0001_m_000002_0 1.0% 
2014-04-12 15:30:25,109 INFO org.apache.hadoop.mapred.TaskTracker: attempt_201404121528_0001_m_000009_0 1.0% 
2014-04-12 15:30:25,306 INFO org.apache.hadoop.mapred.TaskTracker: attempt_201404121528_0001_m_000003_0 1.0% 
2014-04-12 15:30:25,671 INFO org.apache.hadoop.mapred.TaskTracker: attempt_201404121528_0001_m_000004_0 1.0% 
2014-04-12 15:30:25,829 INFO org.apache.hadoop.mapred.TaskTracker: attempt_201404121528_0001_m_000005_0 1.0% 
2014-04-12 15:30:25,874 INFO org.apache.hadoop.mapred.TaskTracker: attempt_201404121528_0001_m_000007_0 1.0% 
2014-04-12 15:30:25,933 INFO org.apache.hadoop.mapred.TaskTracker: attempt_201404121528_0001_m_000001_0 1.0% 
2014-04-12 15:30:25,962 INFO org.apache.hadoop.mapred.TaskTracker: attempt_201404121528_0001_m_000011_0 1.0% 
2014-04-12 15:30:25,967 INFO org.apache.hadoop.mapred.TaskTracker: attempt_201404121528_0001_m_000011_0 1.0% 
2014-04-12 15:30:25,972 INFO org.apache.hadoop.mapred.TaskTracker: Task attempt_201404121528_0001_m_000011_0 is done.
2014-04-12 15:30:25,972 INFO org.apache.hadoop.mapred.TaskTracker: reported output size for attempt_201404121528_0001_m_000011_0  was 51210347
2014-04-12 15:30:25,972 INFO org.apache.hadoop.mapred.TaskTracker: addFreeSlot : current free slots : 1
2014-04-12 15:30:26,031 INFO org.apache.hadoop.mapred.TaskTracker: LaunchTaskAction (registerTask): attempt_201404121528_0001_r_000000_0 task's state:UNASSIGNED
2014-04-12 15:30:26,031 INFO org.apache.hadoop.mapred.TaskTracker: Trying to launch : attempt_201404121528_0001_r_000000_0 which needs 1 slots
2014-04-12 15:30:26,031 INFO org.apache.hadoop.mapred.TaskTracker: In TaskLauncher, current free slots : 2 and trying to launch attempt_201404121528_0001_r_000000_0 which needs 1 slots
2014-04-12 15:30:26,051 INFO org.apache.hadoop.mapred.JvmManager: In JvmRunner constructed JVM ID: jvm_201404121528_0001_r_1094646632
2014-04-12 15:30:26,051 INFO org.apache.hadoop.mapred.JvmManager: JVM Runner jvm_201404121528_0001_r_1094646632 spawned.
2014-04-12 15:30:26,053 INFO org.apache.hadoop.mapred.TaskController: Writing commands to /tmp/hadoop/hadoop-jmg3/mapred/local/ttprivate/taskTracker/jmg3/jobcache/job_201404121528_0001/attempt_201404121528_0001_r_000000_0/taskjvm.sh
2014-04-12 15:30:26,942 INFO org.apache.hadoop.mapred.TaskTracker: JVM with ID: jvm_201404121528_0001_r_1094646632 given task: attempt_201404121528_0001_r_000000_0
2014-04-12 15:30:28,063 INFO org.apache.hadoop.mapred.TaskTracker: attempt_201404121528_0001_m_000010_0 1.0% 
2014-04-12 15:30:28,370 INFO org.apache.hadoop.mapred.TaskTracker: attempt_201404121528_0001_m_000002_0 1.0% 
2014-04-12 15:30:28,370 INFO org.apache.hadoop.mapred.TaskTracker: attempt_201404121528_0001_m_000006_0 1.0% 
2014-04-12 15:30:28,371 INFO org.apache.hadoop.mapred.TaskTracker: attempt_201404121528_0001_m_000000_0 1.0% 
2014-04-12 15:30:28,371 INFO org.apache.hadoop.mapred.TaskTracker: attempt_201404121528_0001_m_000008_0 1.0% 
2014-04-12 15:30:28,372 INFO org.apache.hadoop.mapred.TaskTracker: attempt_201404121528_0001_m_000003_0 1.0% 
2014-04-12 15:30:28,373 INFO org.apache.hadoop.mapred.TaskTracker: attempt_201404121528_0001_m_000009_0 1.0% 
2014-04-12 15:30:28,373 INFO org.apache.hadoop.mapred.TaskTracker: Task attempt_201404121528_0001_m_000003_0 is done.
2014-04-12 15:30:28,373 INFO org.apache.hadoop.mapred.TaskTracker: reported output size for attempt_201404121528_0001_m_000003_0  was 52788301
2014-04-12 15:30:28,373 INFO org.apache.hadoop.mapred.TaskTracker: addFreeSlot : current free slots : 2
2014-04-12 15:30:28,374 INFO org.apache.hadoop.mapred.TaskTracker: attempt_201404121528_0001_m_000008_0 1.0% 
2014-04-12 15:30:28,374 INFO org.apache.hadoop.mapred.TaskTracker: Task attempt_201404121528_0001_m_000009_0 is done.
2014-04-12 15:30:28,374 INFO org.apache.hadoop.mapred.TaskTracker: reported output size for attempt_201404121528_0001_m_000009_0  was 51284271
2014-04-12 15:30:28,374 INFO org.apache.hadoop.mapred.TaskTracker: addFreeSlot : current free slots : 3
2014-04-12 15:30:28,374 INFO org.apache.hadoop.mapred.TaskTracker: attempt_201404121528_0001_m_000000_0 1.0% 
2014-04-12 15:30:28,375 INFO org.apache.hadoop.mapred.TaskTracker: Task attempt_201404121528_0001_m_000008_0 is done.
2014-04-12 15:30:28,375 INFO org.apache.hadoop.mapred.TaskTracker: reported output size for attempt_201404121528_0001_m_000008_0  was 52428657
2014-04-12 15:30:28,375 INFO org.apache.hadoop.mapred.TaskTracker: addFreeSlot : current free slots : 4
2014-04-12 15:30:28,376 INFO org.apache.hadoop.mapred.TaskTracker: Task attempt_201404121528_0001_m_000000_0 is done.
2014-04-12 15:30:28,376 INFO org.apache.hadoop.mapred.TaskTracker: reported output size for attempt_201404121528_0001_m_000000_0  was 52435108
2014-04-12 15:30:28,376 INFO org.apache.hadoop.mapred.TaskTracker: addFreeSlot : current free slots : 5
2014-04-12 15:30:28,446 INFO org.apache.hadoop.mapred.JvmManager: JVM : jvm_201404121528_0001_m_239196282 exited with exit code 0. Number of tasks it ran: 1
2014-04-12 15:30:28,535 INFO org.apache.hadoop.mapred.JvmManager: JVM : jvm_201404121528_0001_m_1568288493 exited with exit code 0. Number of tasks it ran: 1
2014-04-12 15:30:28,661 INFO org.apache.hadoop.mapred.JvmManager: JVM : jvm_201404121528_0001_m_999061165 exited with exit code 0. Number of tasks it ran: 1
2014-04-12 15:30:28,661 INFO org.apache.hadoop.mapred.JvmManager: JVM : jvm_201404121528_0001_m_431878589 exited with exit code 0. Number of tasks it ran: 1
2014-04-12 15:30:28,661 INFO org.apache.hadoop.mapred.JvmManager: JVM : jvm_201404121528_0001_m_947074851 exited with exit code 0. Number of tasks it ran: 1
2014-04-12 15:30:28,702 INFO org.apache.hadoop.mapred.TaskTracker: attempt_201404121528_0001_m_000004_0 1.0% 
2014-04-12 15:30:28,705 INFO org.apache.hadoop.mapred.TaskTracker: attempt_201404121528_0001_m_000004_0 1.0% 
2014-04-12 15:30:28,706 INFO org.apache.hadoop.mapred.TaskTracker: Task attempt_201404121528_0001_m_000004_0 is done.
2014-04-12 15:30:28,706 INFO org.apache.hadoop.mapred.TaskTracker: reported output size for attempt_201404121528_0001_m_000004_0  was 51961174
2014-04-12 15:30:28,706 INFO org.apache.hadoop.mapred.TaskTracker: addFreeSlot : current free slots : 6
2014-04-12 15:30:28,869 INFO org.apache.hadoop.mapred.TaskTracker: attempt_201404121528_0001_m_000005_0 1.0% 
2014-04-12 15:30:28,872 INFO org.apache.hadoop.mapred.TaskTracker: attempt_201404121528_0001_m_000005_0 1.0% 
2014-04-12 15:30:28,873 INFO org.apache.hadoop.mapred.TaskTracker: Task attempt_201404121528_0001_m_000005_0 is done.
2014-04-12 15:30:28,873 INFO org.apache.hadoop.mapred.TaskTracker: reported output size for attempt_201404121528_0001_m_000005_0  was 52264683
2014-04-12 15:30:28,873 INFO org.apache.hadoop.mapred.TaskTracker: addFreeSlot : current free slots : 7
2014-04-12 15:30:28,909 INFO org.apache.hadoop.mapred.TaskTracker: attempt_201404121528_0001_m_000007_0 1.0% 
2014-04-12 15:30:28,912 INFO org.apache.hadoop.mapred.TaskTracker: attempt_201404121528_0001_m_000007_0 1.0% 
2014-04-12 15:30:28,913 INFO org.apache.hadoop.mapred.TaskTracker: Task attempt_201404121528_0001_m_000007_0 is done.
2014-04-12 15:30:28,913 INFO org.apache.hadoop.mapred.TaskTracker: reported output size for attempt_201404121528_0001_m_000007_0  was 52728045
2014-04-12 15:30:28,913 INFO org.apache.hadoop.mapred.TaskTracker: addFreeSlot : current free slots : 8
2014-04-12 15:30:28,964 INFO org.apache.hadoop.mapred.TaskTracker: attempt_201404121528_0001_m_000001_0 1.0% 
2014-04-12 15:30:28,967 INFO org.apache.hadoop.mapred.TaskTracker: attempt_201404121528_0001_m_000001_0 1.0% 
2014-04-12 15:30:28,968 INFO org.apache.hadoop.mapred.TaskTracker: Task attempt_201404121528_0001_m_000001_0 is done.
2014-04-12 15:30:28,968 INFO org.apache.hadoop.mapred.TaskTracker: reported output size for attempt_201404121528_0001_m_000001_0  was 51879895
2014-04-12 15:30:28,968 INFO org.apache.hadoop.mapred.TaskTracker: addFreeSlot : current free slots : 9
2014-04-12 15:30:29,059 INFO org.apache.hadoop.mapred.TaskTracker: LaunchTaskAction (registerTask): attempt_201404121528_0001_r_000001_0 task's state:UNASSIGNED
2014-04-12 15:30:29,060 INFO org.apache.hadoop.mapred.TaskTracker: Trying to launch : attempt_201404121528_0001_r_000001_0 which needs 1 slots
2014-04-12 15:30:29,060 INFO org.apache.hadoop.mapred.TaskTracker: In TaskLauncher, current free slots : 1 and trying to launch attempt_201404121528_0001_r_000001_0 which needs 1 slots
2014-04-12 15:30:29,266 INFO org.apache.hadoop.mapred.JvmManager: In JvmRunner constructed JVM ID: jvm_201404121528_0001_r_1568288493
2014-04-12 15:30:29,266 INFO org.apache.hadoop.mapred.JvmManager: JVM Runner jvm_201404121528_0001_r_1568288493 spawned.
2014-04-12 15:30:29,268 INFO org.apache.hadoop.mapred.TaskController: Writing commands to /tmp/hadoop/hadoop-jmg3/mapred/local/ttprivate/taskTracker/jmg3/jobcache/job_201404121528_0001/attempt_201404121528_0001_r_000001_0/taskjvm.sh
2014-04-12 15:30:29,398 INFO org.apache.hadoop.mapred.JvmManager: JVM : jvm_201404121528_0001_m_294029062 exited with exit code 0. Number of tasks it ran: 1
2014-04-12 15:30:29,398 INFO org.apache.hadoop.mapred.JvmManager: JVM : jvm_201404121528_0001_m_375703671 exited with exit code 0. Number of tasks it ran: 1
2014-04-12 15:30:29,398 INFO org.apache.hadoop.mapred.JvmManager: JVM : jvm_201404121528_0001_m_1026872375 exited with exit code 0. Number of tasks it ran: 1
2014-04-12 15:30:29,872 INFO org.apache.hadoop.mapred.TaskTracker: JVM with ID: jvm_201404121528_0001_r_1568288493 given task: attempt_201404121528_0001_r_000001_0
2014-04-12 15:30:31,374 INFO org.apache.hadoop.mapred.TaskTracker: attempt_201404121528_0001_m_000010_0 1.0% 
2014-04-12 15:30:31,375 INFO org.apache.hadoop.mapred.TaskTracker: Task attempt_201404121528_0001_m_000010_0 is done.
2014-04-12 15:30:31,375 INFO org.apache.hadoop.mapred.TaskTracker: reported output size for attempt_201404121528_0001_m_000010_0  was 52584247
2014-04-12 15:30:31,375 INFO org.apache.hadoop.mapred.TaskTracker: addFreeSlot : current free slots : 10
2014-04-12 15:30:31,398 INFO org.apache.hadoop.mapred.TaskTracker: attempt_201404121528_0001_m_000002_0 1.0% 
2014-04-12 15:30:31,400 INFO org.apache.hadoop.mapred.TaskTracker: attempt_201404121528_0001_m_000002_0 1.0% 
2014-04-12 15:30:31,401 INFO org.apache.hadoop.mapred.TaskTracker: Task attempt_201404121528_0001_m_000002_0 is done.
2014-04-12 15:30:31,401 INFO org.apache.hadoop.mapred.TaskTracker: reported output size for attempt_201404121528_0001_m_000002_0  was 52183163
2014-04-12 15:30:31,402 INFO org.apache.hadoop.mapred.TaskTracker: addFreeSlot : current free slots : 11
2014-04-12 15:30:31,402 INFO org.apache.hadoop.mapred.TaskTracker: attempt_201404121528_0001_m_000006_0 1.0% 
2014-04-12 15:30:31,405 INFO org.apache.hadoop.mapred.TaskTracker: attempt_201404121528_0001_m_000006_0 1.0% 
2014-04-12 15:30:31,405 INFO org.apache.hadoop.mapred.TaskTracker: Task attempt_201404121528_0001_m_000006_0 is done.
2014-04-12 15:30:31,406 INFO org.apache.hadoop.mapred.TaskTracker: reported output size for attempt_201404121528_0001_m_000006_0  was 51759015
2014-04-12 15:30:31,406 INFO org.apache.hadoop.mapred.TaskTracker: addFreeSlot : current free slots : 12
2014-04-12 15:30:32,304 INFO org.apache.hadoop.mapred.JvmManager: JVM : jvm_201404121528_0001_m_707143514 exited with exit code 0. Number of tasks it ran: 1
2014-04-12 15:30:34,266 INFO org.apache.hadoop.mapred.JvmManager: JVM : jvm_201404121528_0001_m_1904809497 exited with exit code 0. Number of tasks it ran: 1
2014-04-12 15:30:34,266 INFO org.apache.hadoop.mapred.JvmManager: JVM : jvm_201404121528_0001_m_767934055 exited with exit code 0. Number of tasks it ran: 1
2014-04-12 15:30:34,266 INFO org.apache.hadoop.mapred.JvmManager: JVM : jvm_201404121528_0001_m_1650879883 exited with exit code 0. Number of tasks it ran: 1
2014-04-12 15:30:34,738 INFO org.apache.hadoop.mapred.TaskTracker: attempt_201404121528_0001_r_000000_0 0.0% reduce > copy > 
2014-04-12 15:30:36,002 INFO org.apache.hadoop.mapred.TaskTracker.clienttrace: src: 192.168.110.214:50061, dest: 192.168.110.214:56840, bytes: 25279659, op: MAPRED_SHUFFLE, cliID: attempt_201404121528_0001_m_000011_0, duration: 2013424841
2014-04-12 15:30:36,004 INFO org.apache.hadoop.mapred.TaskTracker.clienttrace: src: 192.168.110.214:50061, dest: 192.168.110.214:56841, bytes: 25930688, op: MAPRED_SHUFFLE, cliID: attempt_201404121528_0001_m_000011_0, duration: 461754165
2014-04-12 15:30:36,171 INFO org.apache.hadoop.mapred.TaskTracker.clienttrace: src: 192.168.110.214:50061, dest: 192.168.110.214:56842, bytes: 25821807, op: MAPRED_SHUFFLE, cliID: attempt_201404121528_0001_m_000000_0, duration: 164946747
2014-04-12 15:30:36,332 INFO org.apache.hadoop.mapred.TaskTracker: attempt_201404121528_0001_r_000001_0 0.02777778% reduce > copy (1 of 12 at 4.12 MB/s) > 
2014-04-12 15:30:36,728 INFO org.apache.hadoop.mapred.TaskTracker.clienttrace: src: 192.168.110.214:50061, dest: 192.168.110.214:56843, bytes: 26613301, op: MAPRED_SHUFFLE, cliID: attempt_201404121528_0001_m_000000_0, duration: 721209427
2014-04-12 15:30:38,067 INFO org.apache.hadoop.mapred.TaskTracker.clienttrace: src: 192.168.110.214:50061, dest: 192.168.110.214:56845, bytes: 26322214, op: MAPRED_SHUFFLE, cliID: attempt_201404121528_0001_m_000001_0, duration: 1287888274
2014-04-12 15:30:39,368 INFO org.apache.hadoop.mapred.TaskTracker: attempt_201404121528_0001_r_000001_0 0.083333336% reduce > copy (3 of 12 at 9.40 MB/s) > 
2014-04-12 15:30:38,067 INFO org.apache.hadoop.mapred.TaskTracker.clienttrace: src: 192.168.110.214:50061, dest: 192.168.110.214:56844, bytes: 25557681, op: MAPRED_SHUFFLE, cliID: attempt_201404121528_0001_m_000001_0, duration: 1844402626
2014-04-12 15:30:40,777 INFO org.apache.hadoop.mapred.TaskTracker: attempt_201404121528_0001_r_000000_0 0.083333336% reduce > copy (3 of 12 at 7.31 MB/s) > 
2014-04-12 15:30:41,221 INFO org.apache.hadoop.mapred.TaskTracker.clienttrace: src: 192.168.110.214:50061, dest: 192.168.110.214:56847, bytes: 26740585, op: MAPRED_SHUFFLE, cliID: attempt_201404121528_0001_m_000003_0, duration: 3151443042
2014-04-12 15:30:41,232 INFO org.apache.hadoop.mapred.TaskTracker.clienttrace: src: 192.168.110.214:50061, dest: 192.168.110.214:56846, bytes: 26047716, op: MAPRED_SHUFFLE, cliID: attempt_201404121528_0001_m_000003_0, duration: 3162424934
2014-04-12 15:30:42,260 INFO org.apache.hadoop.mapred.TaskTracker.clienttrace: src: 192.168.110.214:50061, dest: 192.168.110.214:56849, bytes: 25575768, op: MAPRED_SHUFFLE, cliID: attempt_201404121528_0001_m_000004_0, duration: 1026858207
2014-04-12 15:30:42,262 INFO org.apache.hadoop.mapred.TaskTracker.clienttrace: src: 192.168.110.214:50061, dest: 192.168.110.214:56848, bytes: 26385406, op: MAPRED_SHUFFLE, cliID: attempt_201404121528_0001_m_000004_0, duration: 1039403852
2014-04-12 15:30:43,244 INFO org.apache.hadoop.mapred.TaskTracker: attempt_201404121528_0001_r_000001_0 0.1388889% reduce > copy (5 of 12 at 10.49 MB/s) > 
2014-04-12 15:30:43,296 INFO org.apache.hadoop.mapred.TaskTracker.clienttrace: src: 192.168.110.214:50061, dest: 192.168.110.214:56850, bytes: 25795222, op: MAPRED_SHUFFLE, cliID: attempt_201404121528_0001_m_000005_0, duration: 1033639051
2014-04-12 15:30:43,298 INFO org.apache.hadoop.mapred.TaskTracker.clienttrace: src: 192.168.110.214:50061, dest: 192.168.110.214:56851, bytes: 26469461, op: MAPRED_SHUFFLE, cliID: attempt_201404121528_0001_m_000005_0, duration: 1033650673
2014-04-12 15:30:43,814 INFO org.apache.hadoop.mapred.TaskTracker: attempt_201404121528_0001_r_000000_0 0.16666667% reduce > copy (6 of 12 at 9.80 MB/s) > 
2014-04-12 15:30:44,326 INFO org.apache.hadoop.mapred.TaskTracker.clienttrace: src: 192.168.110.214:50061, dest: 192.168.110.214:56852, bytes: 26006666, op: MAPRED_SHUFFLE, cliID: attempt_201404121528_0001_m_000007_0, duration: 1027927589
2014-04-12 15:30:44,346 INFO org.apache.hadoop.mapred.TaskTracker.clienttrace: src: 192.168.110.214:50061, dest: 192.168.110.214:56853, bytes: 26721379, op: MAPRED_SHUFFLE, cliID: attempt_201404121528_0001_m_000007_0, duration: 1047078876
2014-04-12 15:30:45,370 INFO org.apache.hadoop.mapred.TaskTracker.clienttrace: src: 192.168.110.214:50061, dest: 192.168.110.214:56852, bytes: 25820950, op: MAPRED_SHUFFLE, cliID: attempt_201404121528_0001_m_000008_0, duration: 1038426083
2014-04-12 15:30:45,375 INFO org.apache.hadoop.mapred.TaskTracker.clienttrace: src: 192.168.110.214:50061, dest: 192.168.110.214:56853, bytes: 26607707, op: MAPRED_SHUFFLE, cliID: attempt_201404121528_0001_m_000008_0, duration: 1025521850
2014-04-12 15:30:46,277 INFO org.apache.hadoop.mapred.TaskTracker: attempt_201404121528_0001_r_000001_0 0.22222224% reduce > copy (8 of 12 at 13.47 MB/s) > 
2014-04-12 15:30:46,385 INFO org.apache.hadoop.mapred.TaskTracker.clienttrace: src: 192.168.110.214:50061, dest: 192.168.110.214:56853, bytes: 26071764, op: MAPRED_SHUFFLE, cliID: attempt_201404121528_0001_m_000009_0, duration: 1006911570
2014-04-12 15:30:46,386 INFO org.apache.hadoop.mapred.TaskTracker.clienttrace: src: 192.168.110.214:50061, dest: 192.168.110.214:56854, bytes: 25212507, op: MAPRED_SHUFFLE, cliID: attempt_201404121528_0001_m_000009_0, duration: 1011999942
2014-04-12 15:30:46,849 INFO org.apache.hadoop.mapred.TaskTracker: attempt_201404121528_0001_r_000000_0 0.25% reduce > copy (9 of 12 at 12.25 MB/s) > 
2014-04-12 15:30:47,407 INFO org.apache.hadoop.mapred.TaskTracker.clienttrace: src: 192.168.110.214:50061, dest: 192.168.110.214:56854, bytes: 25708849, op: MAPRED_SHUFFLE, cliID: attempt_201404121528_0001_m_000002_0, duration: 1014608417
2014-04-12 15:30:47,410 INFO org.apache.hadoop.mapred.TaskTracker.clienttrace: src: 192.168.110.214:50061, dest: 192.168.110.214:56853, bytes: 26474314, op: MAPRED_SHUFFLE, cliID: attempt_201404121528_0001_m_000002_0, duration: 1018630932
2014-04-12 15:30:48,421 INFO org.apache.hadoop.mapred.TaskTracker.clienttrace: src: 192.168.110.214:50061, dest: 192.168.110.214:56854, bytes: 25571809, op: MAPRED_SHUFFLE, cliID: attempt_201404121528_0001_m_000006_0, duration: 1011738733
2014-04-12 15:30:48,424 INFO org.apache.hadoop.mapred.TaskTracker.clienttrace: src: 192.168.110.214:50061, dest: 192.168.110.214:56853, bytes: 26187206, op: MAPRED_SHUFFLE, cliID: attempt_201404121528_0001_m_000006_0, duration: 1011820148
2014-04-12 15:30:49,309 INFO org.apache.hadoop.mapred.TaskTracker: attempt_201404121528_0001_r_000001_0 0.30555558% reduce > copy (11 of 12 at 14.58 MB/s) > 
2014-04-12 15:30:49,884 INFO org.apache.hadoop.mapred.TaskTracker: attempt_201404121528_0001_r_000000_0 0.30555558% reduce > copy (11 of 12 at 13.47 MB/s) > 
2014-04-12 15:30:50,472 INFO org.apache.hadoop.mapred.TaskTracker.clienttrace: src: 192.168.110.214:50061, dest: 192.168.110.214:56855, bytes: 26699601, op: MAPRED_SHUFFLE, cliID: attempt_201404121528_0001_m_000010_0, duration: 2046313009
2014-04-12 15:30:50,474 INFO org.apache.hadoop.mapred.TaskTracker.clienttrace: src: 192.168.110.214:50061, dest: 192.168.110.214:56854, bytes: 25884646, op: MAPRED_SHUFFLE, cliID: attempt_201404121528_0001_m_000010_0, duration: 2051069706
2014-04-12 15:30:51,217 INFO org.apache.hadoop.mapred.TaskTracker: attempt_201404121528_0001_r_000001_0 0.30555558% reduce > copy (11 of 12 at 14.58 MB/s) > 
2014-04-12 15:30:51,218 INFO org.apache.hadoop.mapred.TaskTracker: attempt_201404121528_0001_r_000000_0 0.30555558% reduce > copy (11 of 12 at 13.47 MB/s) > 
2014-04-12 15:30:52,092 INFO org.apache.hadoop.mapred.TaskTracker: attempt_201404121528_0001_r_000000_0 0.30555558% reduce > copy (11 of 12 at 13.47 MB/s) > 
2014-04-12 15:30:52,112 INFO org.apache.hadoop.mapred.TaskTracker: attempt_201404121528_0001_r_000001_0 0.30555558% reduce > copy (11 of 12 at 14.58 MB/s) > 
2014-04-12 15:30:52,344 INFO org.apache.hadoop.mapred.TaskTracker: attempt_201404121528_0001_r_000001_0 0.66669273% reduce > reduce
2014-04-12 15:30:53,186 INFO org.apache.hadoop.mapred.TaskTracker: attempt_201404121528_0001_r_000000_0 0.666685% reduce > reduce
2014-04-12 15:30:55,375 INFO org.apache.hadoop.mapred.TaskTracker: attempt_201404121528_0001_r_000001_0 0.66669273% reduce > reduce
2014-04-12 15:30:55,700 INFO org.apache.hadoop.mapred.TaskTracker: Task attempt_201404121528_0001_r_000000_0 is in commit-pending, task state:COMMIT_PENDING
2014-04-12 15:30:55,700 INFO org.apache.hadoop.mapred.TaskTracker: attempt_201404121528_0001_r_000000_0 0.666685% reduce > reduce
2014-04-12 15:30:56,093 INFO org.apache.hadoop.mapred.TaskTracker: Received commit task action for attempt_201404121528_0001_r_000000_0
2014-04-12 15:30:56,259 INFO org.apache.hadoop.mapred.TaskTracker: attempt_201404121528_0001_r_000000_0 0.666685% reduce > reduce
2014-04-12 15:30:56,765 INFO org.apache.hadoop.mapred.TaskTracker: Task attempt_201404121528_0001_r_000001_0 is in commit-pending, task state:COMMIT_PENDING
2014-04-12 15:30:56,765 INFO org.apache.hadoop.mapred.TaskTracker: attempt_201404121528_0001_r_000001_0 0.66669273% reduce > reduce
2014-04-12 15:30:59,097 INFO org.apache.hadoop.mapred.TaskTracker: Received commit task action for attempt_201404121528_0001_r_000001_0
2014-04-12 15:30:59,261 INFO org.apache.hadoop.mapred.TaskTracker: attempt_201404121528_0001_r_000000_0 0.666685% reduce > reduce
2014-04-12 15:30:59,263 INFO org.apache.hadoop.mapred.TaskTracker: Task attempt_201404121528_0001_r_000000_0 is done.
2014-04-12 15:30:59,263 INFO org.apache.hadoop.mapred.TaskTracker: reported output size for attempt_201404121528_0001_r_000000_0  was -1
2014-04-12 15:30:59,264 INFO org.apache.hadoop.mapred.TaskTracker: addFreeSlot : current free slots : 1
2014-04-12 15:30:59,966 INFO org.apache.hadoop.mapred.JvmManager: JVM : jvm_201404121528_0001_r_1094646632 exited with exit code 0. Number of tasks it ran: 1
2014-04-12 15:31:01,405 INFO org.apache.hadoop.mapred.TaskTracker: attempt_201404121528_0001_r_000001_0 0.66669273% reduce > reduce
2014-04-12 15:31:01,407 INFO org.apache.hadoop.mapred.TaskTracker: attempt_201404121528_0001_r_000001_0 0.66669273% reduce > reduce
2014-04-12 15:31:01,408 INFO org.apache.hadoop.mapred.TaskTracker: Task attempt_201404121528_0001_r_000001_0 is done.
2014-04-12 15:31:01,408 INFO org.apache.hadoop.mapred.TaskTracker: reported output size for attempt_201404121528_0001_r_000001_0  was -1
2014-04-12 15:31:01,408 INFO org.apache.hadoop.mapred.TaskTracker: addFreeSlot : current free slots : 2
2014-04-12 15:31:02,112 INFO org.apache.hadoop.mapred.TaskTracker: LaunchTaskAction (registerTask): attempt_201404121528_0001_m_000012_0 task's state:UNASSIGNED
2014-04-12 15:31:02,113 INFO org.apache.hadoop.mapred.TaskTracker: Trying to launch : attempt_201404121528_0001_m_000012_0 which needs 1 slots
2014-04-12 15:31:02,113 INFO org.apache.hadoop.mapred.TaskTracker: Received KillTaskAction for task: attempt_201404121528_0001_r_000000_0
2014-04-12 15:31:02,113 INFO org.apache.hadoop.mapred.TaskTracker: In TaskLauncher, current free slots : 12 and trying to launch attempt_201404121528_0001_m_000012_0 which needs 1 slots
2014-04-12 15:31:02,113 INFO org.apache.hadoop.mapred.TaskTracker: About to purge task: attempt_201404121528_0001_r_000000_0
2014-04-12 15:31:02,113 INFO org.apache.hadoop.mapred.TaskTracker: Received KillTaskAction for task: attempt_201404121528_0001_r_000001_0
2014-04-12 15:31:02,113 INFO org.apache.hadoop.mapred.TaskTracker: About to purge task: attempt_201404121528_0001_r_000001_0
2014-04-12 15:31:02,118 INFO org.apache.hadoop.mapred.JvmManager: In JvmRunner constructed JVM ID: jvm_201404121528_0001_m_1926676297
2014-04-12 15:31:02,118 INFO org.apache.hadoop.mapred.JvmManager: JVM Runner jvm_201404121528_0001_m_1926676297 spawned.
2014-04-12 15:31:02,119 INFO org.apache.hadoop.mapred.TaskController: Writing commands to /tmp/hadoop/hadoop-jmg3/mapred/local/ttprivate/taskTracker/jmg3/jobcache/job_201404121528_0001/attempt_201404121528_0001_m_000012_0/taskjvm.sh
2014-04-12 15:31:02,731 INFO org.apache.hadoop.mapred.TaskTracker: JVM with ID: jvm_201404121528_0001_m_1926676297 given task: attempt_201404121528_0001_m_000012_0
2014-04-12 15:31:03,222 INFO org.apache.hadoop.mapred.TaskTracker: attempt_201404121528_0001_m_000012_0 0.0% 
2014-04-12 15:31:04,474 INFO org.mortbay.log: org.mortbay.io.nio.SelectorManager$SelectSet@714d61fc JVM BUG(s) - injecting delay13 times
2014-04-12 15:31:05,725 INFO org.mortbay.log: org.mortbay.io.nio.SelectorManager$SelectSet@714d61fc JVM BUG(s) - recreating selector 13 times, canceled keys 210 times
2014-04-12 15:31:06,085 INFO org.apache.hadoop.mapred.JvmManager: JVM : jvm_201404121528_0001_r_1568288493 exited with exit code 0. Number of tasks it ran: 1
2014-04-12 15:31:06,140 INFO org.apache.hadoop.mapred.TaskTracker: attempt_201404121528_0001_m_000012_0 0.0% cleanup
2014-04-12 15:31:06,141 INFO org.apache.hadoop.mapred.TaskTracker: Task attempt_201404121528_0001_m_000012_0 is done.
2014-04-12 15:31:06,141 INFO org.apache.hadoop.mapred.TaskTracker: reported output size for attempt_201404121528_0001_m_000012_0  was -1
2014-04-12 15:31:06,141 INFO org.apache.hadoop.mapred.TaskTracker: addFreeSlot : current free slots : 12
2014-04-12 15:31:06,294 INFO org.apache.hadoop.mapred.JvmManager: JVM : jvm_201404121528_0001_m_1926676297 exited with exit code 0. Number of tasks it ran: 1
2014-04-12 15:31:08,158 INFO org.apache.hadoop.mapred.TaskTracker: Received 'KillJobAction' for job: job_201404121528_0001
2014-04-12 15:31:08,159 INFO org.apache.hadoop.mapred.IndexCache: Map ID attempt_201404121528_0001_m_000012_0 not found in cache
2014-04-12 15:31:08,160 INFO org.apache.hadoop.mapred.UserLogCleaner: Adding job_201404121528_0001 for user-log deletion with retainTimeStamp:1397421068160
