2014-04-14 04:37:15,792 INFO org.apache.hadoop.mapred.TaskTracker: STARTUP_MSG: 
/************************************************************
STARTUP_MSG: Starting TaskTracker
STARTUP_MSG:   host = node08.asa-web.amd.com/127.0.1.1
STARTUP_MSG:   args = []
STARTUP_MSG:   version = Unknown
STARTUP_MSG:   build = Unknown -r Unknown; compiled by 'Unknown' on Unknown
************************************************************/
2014-04-14 04:37:16,044 INFO org.apache.hadoop.metrics2.impl.MetricsConfig: loaded properties from hadoop-metrics2.properties
2014-04-14 04:37:16,106 INFO org.apache.hadoop.metrics2.impl.MetricsSourceAdapter: MBean for source MetricsSystem,sub=Stats registered.
2014-04-14 04:37:16,107 INFO org.apache.hadoop.metrics2.impl.MetricsSystemImpl: Scheduled snapshot period at 10 second(s).
2014-04-14 04:37:16,108 INFO org.apache.hadoop.metrics2.impl.MetricsSystemImpl: TaskTracker metrics system started
2014-04-14 04:37:16,460 INFO org.apache.hadoop.metrics2.impl.MetricsSourceAdapter: MBean for source ugi registered.
2014-04-14 04:37:16,472 WARN org.apache.hadoop.metrics2.impl.MetricsSystemImpl: Source name ugi already exists!
2014-04-14 04:37:21,795 INFO org.mortbay.log: Logging to org.slf4j.impl.Log4jLoggerAdapter(org.mortbay.log) via org.mortbay.log.Slf4jLog
2014-04-14 04:37:21,863 INFO org.apache.hadoop.http.HttpServer: Added global filtersafety (class=org.apache.hadoop.http.HttpServer$QuotingInputFilter)
2014-04-14 04:37:21,932 INFO org.apache.hadoop.mapred.TaskLogsTruncater: Initializing logs' truncater with mapRetainSize=-1 and reduceRetainSize=-1
2014-04-14 04:37:21,949 INFO org.apache.hadoop.mapred.TaskTracker: Starting tasktracker with owner as mgrossman
2014-04-14 04:37:21,952 INFO org.apache.hadoop.mapred.TaskTracker: Good mapred local directories are: /tmp/hadoop/hadoop-mgrossman/mapred/local
2014-04-14 04:37:21,962 INFO org.apache.hadoop.util.NativeCodeLoader: Loaded the native-hadoop library
2014-04-14 04:37:21,992 INFO org.apache.hadoop.metrics2.impl.MetricsSourceAdapter: MBean for source jvm registered.
2014-04-14 04:37:21,995 INFO org.apache.hadoop.metrics2.impl.MetricsSourceAdapter: MBean for source TaskTrackerMetrics registered.
2014-04-14 04:37:22,025 INFO org.apache.hadoop.ipc.Server: Starting SocketReader
2014-04-14 04:37:22,036 INFO org.apache.hadoop.metrics2.impl.MetricsSourceAdapter: MBean for source RpcDetailedActivityForPort53819 registered.
2014-04-14 04:37:22,037 INFO org.apache.hadoop.metrics2.impl.MetricsSourceAdapter: MBean for source RpcActivityForPort53819 registered.
2014-04-14 04:37:22,043 INFO org.apache.hadoop.ipc.Server: IPC Server Responder: starting
2014-04-14 04:37:22,043 INFO org.apache.hadoop.ipc.Server: IPC Server listener on 53819: starting
2014-04-14 04:37:22,047 INFO org.apache.hadoop.ipc.Server: IPC Server handler 1 on 53819: starting
2014-04-14 04:37:22,047 INFO org.apache.hadoop.ipc.Server: IPC Server handler 0 on 53819: starting
2014-04-14 04:37:22,047 INFO org.apache.hadoop.ipc.Server: IPC Server handler 2 on 53819: starting
2014-04-14 04:37:22,048 INFO org.apache.hadoop.ipc.Server: IPC Server handler 3 on 53819: starting
2014-04-14 04:37:22,048 INFO org.apache.hadoop.ipc.Server: IPC Server handler 4 on 53819: starting
2014-04-14 04:37:22,048 INFO org.apache.hadoop.ipc.Server: IPC Server handler 5 on 53819: starting
2014-04-14 04:37:22,048 INFO org.apache.hadoop.ipc.Server: IPC Server handler 6 on 53819: starting
2014-04-14 04:37:22,048 INFO org.apache.hadoop.ipc.Server: IPC Server handler 7 on 53819: starting
2014-04-14 04:37:22,049 INFO org.apache.hadoop.mapred.TaskTracker: TaskTracker up at: localhost/127.0.0.1:53819
2014-04-14 04:37:22,049 INFO org.apache.hadoop.mapred.TaskTracker: Starting tracker tracker_node08.asa-web.amd.com:localhost/127.0.0.1:53819
2014-04-14 04:37:32,081 INFO org.apache.hadoop.mapred.TaskTracker: Starting thread: Map-events fetcher for all reduce tasks on tracker_node08.asa-web.amd.com:localhost/127.0.0.1:53819
2014-04-14 04:37:32,099 INFO org.apache.hadoop.util.ProcessTree: setsid exited with exit code 0
2014-04-14 04:37:32,104 INFO org.apache.hadoop.mapred.TaskTracker:  Using ResourceCalculatorPlugin : org.apache.hadoop.util.LinuxResourceCalculatorPlugin@47755401
2014-04-14 04:37:32,108 WARN org.apache.hadoop.mapred.TaskTracker: TaskTracker's totalMemoryAllottedForTasks is -1. TaskMemoryManager is disabled.
2014-04-14 04:37:32,114 INFO org.apache.hadoop.mapred.IndexCache: IndexCache created with max memory = 10485760
2014-04-14 04:37:37,685 INFO org.apache.hadoop.metrics2.impl.MetricsSourceAdapter: MBean for source ShuffleServerMetrics registered.
2014-04-14 04:37:37,695 INFO org.apache.hadoop.http.HttpServer: Port returned by webServer.getConnectors()[0].getLocalPort() before open() is -1. Opening the listener on 50061
2014-04-14 04:37:37,696 INFO org.apache.hadoop.http.HttpServer: listener.getLocalPort() returned 50061 webServer.getConnectors()[0].getLocalPort() returned 50061
2014-04-14 04:37:37,696 INFO org.apache.hadoop.http.HttpServer: Jetty bound to port 50061
2014-04-14 04:37:37,696 INFO org.mortbay.log: jetty-6.1.26
2014-04-14 04:37:38,098 INFO org.mortbay.log: Started SelectChannelConnector@0.0.0.0:50061
2014-04-14 04:37:38,099 INFO org.apache.hadoop.mapred.TaskTracker: FILE_CACHE_SIZE for mapOutputServlet set to : 2000
2014-04-14 04:41:36,148 INFO org.apache.hadoop.mapred.TaskTracker: LaunchTaskAction (registerTask): attempt_201404140437_0001_m_000013_0 task's state:UNASSIGNED
2014-04-14 04:41:36,159 INFO org.apache.hadoop.mapred.TaskTracker: Trying to launch : attempt_201404140437_0001_m_000013_0 which needs 1 slots
2014-04-14 04:41:36,160 INFO org.apache.hadoop.mapred.TaskTracker: In TaskLauncher, current free slots : 4 and trying to launch attempt_201404140437_0001_m_000013_0 which needs 1 slots
2014-04-14 04:41:36,566 INFO org.apache.hadoop.mapred.JobLocalizer: Initializing user mgrossman on this TT.
2014-04-14 04:41:36,810 INFO org.apache.hadoop.mapred.JvmManager: In JvmRunner constructed JVM ID: jvm_201404140437_0001_m_697068164
2014-04-14 04:41:36,811 INFO org.apache.hadoop.mapred.JvmManager: JVM Runner jvm_201404140437_0001_m_697068164 spawned.
2014-04-14 04:41:36,814 INFO org.apache.hadoop.mapred.TaskController: Writing commands to /tmp/hadoop/hadoop-mgrossman/mapred/local/ttprivate/taskTracker/mgrossman/jobcache/job_201404140437_0001/attempt_201404140437_0001_m_000013_0/taskjvm.sh
2014-04-14 04:41:38,131 INFO org.apache.hadoop.mapred.TaskTracker: JVM with ID: jvm_201404140437_0001_m_697068164 given task: attempt_201404140437_0001_m_000013_0
2014-04-14 04:41:42,039 INFO org.apache.hadoop.mapred.TaskTracker: attempt_201404140437_0001_m_000013_0 0.0% setup
2014-04-14 04:41:42,059 INFO org.apache.hadoop.mapred.TaskTracker: Task attempt_201404140437_0001_m_000013_0 is done.
2014-04-14 04:41:42,059 INFO org.apache.hadoop.mapred.TaskTracker: reported output size for attempt_201404140437_0001_m_000013_0  was -1
2014-04-14 04:41:42,061 INFO org.apache.hadoop.mapred.TaskTracker: addFreeSlot : current free slots : 4
2014-04-14 04:41:42,197 INFO org.apache.hadoop.mapred.TaskTracker: LaunchTaskAction (registerTask): attempt_201404140437_0001_m_000000_0 task's state:UNASSIGNED
2014-04-14 04:41:42,198 INFO org.apache.hadoop.mapred.TaskTracker: LaunchTaskAction (registerTask): attempt_201404140437_0001_m_000001_0 task's state:UNASSIGNED
2014-04-14 04:41:42,198 INFO org.apache.hadoop.mapred.TaskTracker: LaunchTaskAction (registerTask): attempt_201404140437_0001_m_000002_0 task's state:UNASSIGNED
2014-04-14 04:41:42,198 INFO org.apache.hadoop.mapred.TaskTracker: Trying to launch : attempt_201404140437_0001_m_000000_0 which needs 1 slots
2014-04-14 04:41:42,198 INFO org.apache.hadoop.mapred.TaskTracker: In TaskLauncher, current free slots : 4 and trying to launch attempt_201404140437_0001_m_000000_0 which needs 1 slots
2014-04-14 04:41:42,200 INFO org.apache.hadoop.mapred.TaskTracker: LaunchTaskAction (registerTask): attempt_201404140437_0001_m_000003_0 task's state:UNASSIGNED
2014-04-14 04:41:42,200 INFO org.apache.hadoop.mapred.TaskTracker: Trying to launch : attempt_201404140437_0001_m_000001_0 which needs 1 slots
2014-04-14 04:41:42,200 INFO org.apache.hadoop.mapred.TaskTracker: In TaskLauncher, current free slots : 3 and trying to launch attempt_201404140437_0001_m_000001_0 which needs 1 slots
2014-04-14 04:41:42,200 INFO org.apache.hadoop.mapred.TaskTracker: Trying to launch : attempt_201404140437_0001_m_000002_0 which needs 1 slots
2014-04-14 04:41:42,201 INFO org.apache.hadoop.mapred.TaskTracker: In TaskLauncher, current free slots : 2 and trying to launch attempt_201404140437_0001_m_000002_0 which needs 1 slots
2014-04-14 04:41:42,201 INFO org.apache.hadoop.mapred.TaskTracker: Received KillTaskAction for task: attempt_201404140437_0001_m_000013_0
2014-04-14 04:41:42,201 INFO org.apache.hadoop.mapred.TaskTracker: Trying to launch : attempt_201404140437_0001_m_000003_0 which needs 1 slots
2014-04-14 04:41:42,201 INFO org.apache.hadoop.mapred.TaskTracker: About to purge task: attempt_201404140437_0001_m_000013_0
2014-04-14 04:41:42,201 INFO org.apache.hadoop.mapred.TaskTracker: In TaskLauncher, current free slots : 1 and trying to launch attempt_201404140437_0001_m_000003_0 which needs 1 slots
2014-04-14 04:41:42,206 INFO org.apache.hadoop.mapred.IndexCache: Map ID attempt_201404140437_0001_m_000013_0 not found in cache
2014-04-14 04:41:42,214 INFO org.apache.hadoop.mapred.JvmManager: In JvmRunner constructed JVM ID: jvm_201404140437_0001_m_1158577638
2014-04-14 04:41:42,218 INFO org.apache.hadoop.mapred.JvmManager: JVM Runner jvm_201404140437_0001_m_1158577638 spawned.
2014-04-14 04:41:42,219 INFO org.apache.hadoop.mapred.JvmManager: In JvmRunner constructed JVM ID: jvm_201404140437_0001_m_1970352196
2014-04-14 04:41:42,219 INFO org.apache.hadoop.mapred.JvmManager: JVM Runner jvm_201404140437_0001_m_1970352196 spawned.
2014-04-14 04:41:42,222 INFO org.apache.hadoop.mapred.TaskController: Writing commands to /tmp/hadoop/hadoop-mgrossman/mapred/local/ttprivate/taskTracker/mgrossman/jobcache/job_201404140437_0001/attempt_201404140437_0001_m_000000_0/taskjvm.sh
2014-04-14 04:41:42,223 INFO org.apache.hadoop.mapred.JvmManager: In JvmRunner constructed JVM ID: jvm_201404140437_0001_m_367996579
2014-04-14 04:41:42,224 INFO org.apache.hadoop.mapred.JvmManager: JVM Runner jvm_201404140437_0001_m_367996579 spawned.
2014-04-14 04:41:42,226 INFO org.apache.hadoop.mapred.JvmManager: Killing JVM: jvm_201404140437_0001_m_697068164
2014-04-14 04:41:42,227 INFO org.apache.hadoop.mapred.TaskController: Writing commands to /tmp/hadoop/hadoop-mgrossman/mapred/local/ttprivate/taskTracker/mgrossman/jobcache/job_201404140437_0001/attempt_201404140437_0001_m_000002_0/taskjvm.sh
2014-04-14 04:41:42,228 INFO org.apache.hadoop.mapred.TaskController: Writing commands to /tmp/hadoop/hadoop-mgrossman/mapred/local/ttprivate/taskTracker/mgrossman/jobcache/job_201404140437_0001/attempt_201404140437_0001_m_000001_0/taskjvm.sh
2014-04-14 04:41:42,245 INFO org.apache.hadoop.mapred.JvmManager: In JvmRunner constructed JVM ID: jvm_201404140437_0001_m_461348287
2014-04-14 04:41:42,245 INFO org.apache.hadoop.mapred.JvmManager: JVM Runner jvm_201404140437_0001_m_461348287 spawned.
2014-04-14 04:41:42,248 INFO org.apache.hadoop.mapred.TaskController: Writing commands to /tmp/hadoop/hadoop-mgrossman/mapred/local/ttprivate/taskTracker/mgrossman/jobcache/job_201404140437_0001/attempt_201404140437_0001_m_000003_0/taskjvm.sh
2014-04-14 04:41:42,278 INFO org.apache.hadoop.mapred.JvmManager: JVM : jvm_201404140437_0001_m_697068164 exited with exit code 0. Number of tasks it ran: 1
2014-04-14 04:41:42,390 INFO org.apache.hadoop.io.nativeio.NativeIO: Initialized cache for UID to User mapping with a cache timeout of 14400 seconds.
2014-04-14 04:41:42,401 INFO org.apache.hadoop.io.nativeio.NativeIO: Got UserName mgrossman for UID 1007 from the native implementation
2014-04-14 04:41:43,737 INFO org.apache.hadoop.mapred.TaskTracker: JVM with ID: jvm_201404140437_0001_m_367996579 given task: attempt_201404140437_0001_m_000001_0
2014-04-14 04:41:43,738 INFO org.apache.hadoop.mapred.TaskTracker: JVM with ID: jvm_201404140437_0001_m_461348287 given task: attempt_201404140437_0001_m_000003_0
2014-04-14 04:41:43,786 INFO org.apache.hadoop.mapred.TaskTracker: JVM with ID: jvm_201404140437_0001_m_1970352196 given task: attempt_201404140437_0001_m_000002_0
2014-04-14 04:41:43,796 INFO org.apache.hadoop.mapred.TaskTracker: JVM with ID: jvm_201404140437_0001_m_1158577638 given task: attempt_201404140437_0001_m_000000_0
2014-04-14 04:41:52,180 INFO org.apache.hadoop.mapred.TaskTracker: attempt_201404140437_0001_m_000002_0 0.18316755% 
2014-04-14 04:41:52,442 INFO org.apache.hadoop.mapred.TaskTracker: attempt_201404140437_0001_m_000000_0 0.17684513% 
2014-04-14 04:41:52,464 INFO org.apache.hadoop.mapred.TaskTracker: attempt_201404140437_0001_m_000001_0 0.17972854% 
2014-04-14 04:41:52,503 INFO org.apache.hadoop.mapred.TaskTracker: attempt_201404140437_0001_m_000003_0 0.18004394% 
2014-04-14 04:41:55,391 INFO org.apache.hadoop.mapred.TaskTracker: attempt_201404140437_0001_m_000002_0 0.36875397% 
2014-04-14 04:41:55,639 INFO org.apache.hadoop.mapred.TaskTracker: attempt_201404140437_0001_m_000000_0 0.34753376% 
2014-04-14 04:41:55,673 INFO org.apache.hadoop.mapred.TaskTracker: attempt_201404140437_0001_m_000003_0 0.36055067% 
2014-04-14 04:41:55,676 INFO org.apache.hadoop.mapred.TaskTracker: attempt_201404140437_0001_m_000001_0 0.36683813% 
2014-04-14 04:41:58,647 INFO org.apache.hadoop.mapred.TaskTracker: attempt_201404140437_0001_m_000002_0 0.5098043% 
2014-04-14 04:41:58,828 INFO org.apache.hadoop.mapred.TaskTracker: attempt_201404140437_0001_m_000000_0 0.52482% 
2014-04-14 04:41:58,851 INFO org.apache.hadoop.mapred.TaskTracker: attempt_201404140437_0001_m_000003_0 0.5151731% 
2014-04-14 04:41:58,860 INFO org.apache.hadoop.mapred.TaskTracker: attempt_201404140437_0001_m_000001_0 0.51894057% 
2014-04-14 04:42:01,881 INFO org.apache.hadoop.mapred.TaskTracker: attempt_201404140437_0001_m_000002_0 0.60625845% 
2014-04-14 04:42:02,076 INFO org.apache.hadoop.mapred.TaskTracker: attempt_201404140437_0001_m_000000_0 0.62018806% 
2014-04-14 04:42:02,086 INFO org.apache.hadoop.mapred.TaskTracker: attempt_201404140437_0001_m_000001_0 0.633596% 
2014-04-14 04:42:02,255 INFO org.apache.hadoop.mapred.TaskTracker: attempt_201404140437_0001_m_000003_0 0.6113433% 
2014-04-14 04:42:05,177 INFO org.apache.hadoop.mapred.TaskTracker: attempt_201404140437_0001_m_000002_0 0.7284471% 
2014-04-14 04:42:05,243 INFO org.apache.hadoop.mapred.TaskTracker: attempt_201404140437_0001_m_000000_0 0.7282737% 
2014-04-14 04:42:05,379 INFO org.apache.hadoop.mapred.TaskTracker: attempt_201404140437_0001_m_000003_0 0.73707247% 
2014-04-14 04:42:06,364 INFO org.apache.hadoop.mapred.TaskTracker: attempt_201404140437_0001_m_000001_0 0.75966203% 
2014-04-14 04:42:08,304 INFO org.apache.hadoop.mapred.TaskTracker: attempt_201404140437_0001_m_000002_0 0.7722108% 
2014-04-14 04:42:08,428 INFO org.apache.hadoop.mapred.TaskTracker: attempt_201404140437_0001_m_000000_0 0.84359264% 
2014-04-14 04:42:08,605 INFO org.apache.hadoop.mapred.TaskTracker: attempt_201404140437_0001_m_000003_0 0.856204% 
2014-04-14 04:42:09,517 INFO org.apache.hadoop.mapred.TaskTracker: attempt_201404140437_0001_m_000001_0 0.8513773% 
2014-04-14 04:42:11,687 INFO org.apache.hadoop.mapred.TaskTracker: attempt_201404140437_0001_m_000000_0 0.95764613% 
2014-04-14 04:42:11,827 INFO org.apache.hadoop.mapred.TaskTracker: attempt_201404140437_0001_m_000003_0 0.9515492% 
2014-04-14 04:42:12,340 INFO org.apache.hadoop.mapred.TaskTracker: attempt_201404140437_0001_m_000002_0 0.90235317% 
2014-04-14 04:42:12,681 INFO org.apache.hadoop.mapred.TaskTracker: attempt_201404140437_0001_m_000001_0 0.96576506% 
2014-04-14 04:42:14,829 INFO org.apache.hadoop.mapred.TaskTracker: attempt_201404140437_0001_m_000000_0 1.0% 
2014-04-14 04:42:15,031 INFO org.apache.hadoop.mapred.TaskTracker: attempt_201404140437_0001_m_000003_0 1.0% 
2014-04-14 04:42:15,473 INFO org.apache.hadoop.mapred.TaskTracker: attempt_201404140437_0001_m_000002_0 1.0% 
2014-04-14 04:42:15,874 INFO org.apache.hadoop.mapred.TaskTracker: attempt_201404140437_0001_m_000001_0 1.0% 
2014-04-14 04:42:18,239 INFO org.apache.hadoop.mapred.TaskTracker: attempt_201404140437_0001_m_000003_0 1.0% 
2014-04-14 04:42:18,569 INFO org.apache.hadoop.mapred.TaskTracker: attempt_201404140437_0001_m_000000_0 1.0% 
2014-04-14 04:42:18,603 INFO org.apache.hadoop.mapred.TaskTracker: attempt_201404140437_0001_m_000002_0 1.0% 
2014-04-14 04:42:19,052 INFO org.apache.hadoop.mapred.TaskTracker: attempt_201404140437_0001_m_000001_0 1.0% 
2014-04-14 04:42:21,356 INFO org.apache.hadoop.mapred.TaskTracker: attempt_201404140437_0001_m_000003_0 1.0% 
2014-04-14 04:42:21,672 INFO org.apache.hadoop.mapred.TaskTracker: attempt_201404140437_0001_m_000000_0 1.0% 
2014-04-14 04:42:21,729 INFO org.apache.hadoop.mapred.TaskTracker: attempt_201404140437_0001_m_000002_0 1.0% 
2014-04-14 04:42:22,189 INFO org.apache.hadoop.mapred.TaskTracker: attempt_201404140437_0001_m_000001_0 1.0% 
2014-04-14 04:42:24,390 INFO org.apache.hadoop.mapred.TaskTracker: attempt_201404140437_0001_m_000003_0 1.0% 
2014-04-14 04:42:24,765 INFO org.apache.hadoop.mapred.TaskTracker: attempt_201404140437_0001_m_000000_0 1.0% 
2014-04-14 04:42:25,239 INFO org.apache.hadoop.mapred.TaskTracker: attempt_201404140437_0001_m_000001_0 1.0% 
2014-04-14 04:42:25,247 INFO org.apache.hadoop.mapred.TaskTracker: attempt_201404140437_0001_m_000002_0 1.0% 
2014-04-14 04:42:27,449 INFO org.apache.hadoop.mapred.TaskTracker: attempt_201404140437_0001_m_000003_0 1.0% 
2014-04-14 04:42:27,824 INFO org.apache.hadoop.mapred.TaskTracker: attempt_201404140437_0001_m_000000_0 1.0% 
2014-04-14 04:42:28,287 INFO org.apache.hadoop.mapred.TaskTracker: attempt_201404140437_0001_m_000002_0 1.0% 
2014-04-14 04:42:28,309 INFO org.apache.hadoop.mapred.TaskTracker: attempt_201404140437_0001_m_000001_0 1.0% 
2014-04-14 04:42:30,498 INFO org.apache.hadoop.mapred.TaskTracker: attempt_201404140437_0001_m_000003_0 1.0% 
2014-04-14 04:42:30,854 INFO org.apache.hadoop.mapred.TaskTracker: attempt_201404140437_0001_m_000000_0 1.0% 
2014-04-14 04:42:31,317 INFO org.apache.hadoop.mapred.TaskTracker: attempt_201404140437_0001_m_000002_0 1.0% 
2014-04-14 04:42:31,333 INFO org.apache.hadoop.mapred.TaskTracker: attempt_201404140437_0001_m_000001_0 1.0% 
2014-04-14 04:42:31,336 INFO org.apache.hadoop.mapred.TaskTracker: attempt_201404140437_0001_m_000001_0 1.0% 
2014-04-14 04:42:31,338 INFO org.apache.hadoop.mapred.TaskTracker: Task attempt_201404140437_0001_m_000001_0 is done.
2014-04-14 04:42:31,338 INFO org.apache.hadoop.mapred.TaskTracker: reported output size for attempt_201404140437_0001_m_000001_0  was 51879895
2014-04-14 04:42:31,339 INFO org.apache.hadoop.mapred.TaskTracker: addFreeSlot : current free slots : 1
2014-04-14 04:42:31,944 INFO org.apache.hadoop.mapred.JvmManager: JVM : jvm_201404140437_0001_m_367996579 exited with exit code 0. Number of tasks it ran: 1
2014-04-14 04:42:33,368 INFO org.apache.hadoop.mapred.TaskTracker: LaunchTaskAction (registerTask): attempt_201404140437_0001_m_000004_0 task's state:UNASSIGNED
2014-04-14 04:42:33,368 INFO org.apache.hadoop.mapred.TaskTracker: LaunchTaskAction (registerTask): attempt_201404140437_0001_r_000000_0 task's state:UNASSIGNED
2014-04-14 04:42:33,368 INFO org.apache.hadoop.mapred.TaskTracker: Trying to launch : attempt_201404140437_0001_m_000004_0 which needs 1 slots
2014-04-14 04:42:33,369 INFO org.apache.hadoop.mapred.TaskTracker: In TaskLauncher, current free slots : 1 and trying to launch attempt_201404140437_0001_m_000004_0 which needs 1 slots
2014-04-14 04:42:33,369 INFO org.apache.hadoop.mapred.TaskTracker: Trying to launch : attempt_201404140437_0001_r_000000_0 which needs 1 slots
2014-04-14 04:42:33,369 INFO org.apache.hadoop.mapred.TaskTracker: In TaskLauncher, current free slots : 2 and trying to launch attempt_201404140437_0001_r_000000_0 which needs 1 slots
2014-04-14 04:42:33,390 INFO org.apache.hadoop.mapred.JvmManager: In JvmRunner constructed JVM ID: jvm_201404140437_0001_r_697068164
2014-04-14 04:42:33,390 INFO org.apache.hadoop.mapred.JvmManager: In JvmRunner constructed JVM ID: jvm_201404140437_0001_m_1980050516
2014-04-14 04:42:33,390 INFO org.apache.hadoop.mapred.JvmManager: JVM Runner jvm_201404140437_0001_r_697068164 spawned.
2014-04-14 04:42:33,390 INFO org.apache.hadoop.mapred.JvmManager: JVM Runner jvm_201404140437_0001_m_1980050516 spawned.
2014-04-14 04:42:33,393 INFO org.apache.hadoop.mapred.TaskController: Writing commands to /tmp/hadoop/hadoop-mgrossman/mapred/local/ttprivate/taskTracker/mgrossman/jobcache/job_201404140437_0001/attempt_201404140437_0001_r_000000_0/taskjvm.sh
2014-04-14 04:42:33,394 INFO org.apache.hadoop.mapred.TaskController: Writing commands to /tmp/hadoop/hadoop-mgrossman/mapred/local/ttprivate/taskTracker/mgrossman/jobcache/job_201404140437_0001/attempt_201404140437_0001_m_000004_0/taskjvm.sh
2014-04-14 04:42:33,530 INFO org.apache.hadoop.mapred.TaskTracker: attempt_201404140437_0001_m_000003_0 1.0% 
2014-04-14 04:42:33,534 INFO org.apache.hadoop.mapred.TaskTracker: attempt_201404140437_0001_m_000003_0 1.0% 
2014-04-14 04:42:33,535 INFO org.apache.hadoop.mapred.TaskTracker: Task attempt_201404140437_0001_m_000003_0 is done.
2014-04-14 04:42:33,535 INFO org.apache.hadoop.mapred.TaskTracker: reported output size for attempt_201404140437_0001_m_000003_0  was 52854458
2014-04-14 04:42:33,535 INFO org.apache.hadoop.mapred.TaskTracker: addFreeSlot : current free slots : 1
2014-04-14 04:42:33,891 INFO org.apache.hadoop.mapred.TaskTracker: attempt_201404140437_0001_m_000000_0 1.0% 
2014-04-14 04:42:33,894 INFO org.apache.hadoop.mapred.TaskTracker: attempt_201404140437_0001_m_000000_0 1.0% 
2014-04-14 04:42:33,896 INFO org.apache.hadoop.mapred.TaskTracker: Task attempt_201404140437_0001_m_000000_0 is done.
2014-04-14 04:42:33,896 INFO org.apache.hadoop.mapred.TaskTracker: reported output size for attempt_201404140437_0001_m_000000_0  was 52440243
2014-04-14 04:42:33,896 INFO org.apache.hadoop.mapred.TaskTracker: addFreeSlot : current free slots : 2
2014-04-14 04:42:33,973 INFO org.apache.hadoop.mapred.JvmManager: JVM : jvm_201404140437_0001_m_461348287 exited with exit code 0. Number of tasks it ran: 1
2014-04-14 04:42:34,238 INFO org.apache.hadoop.mapred.JvmManager: JVM : jvm_201404140437_0001_m_1158577638 exited with exit code 0. Number of tasks it ran: 1
2014-04-14 04:42:34,376 INFO org.apache.hadoop.mapred.TaskTracker: attempt_201404140437_0001_m_000002_0 1.0% 
2014-04-14 04:42:34,380 INFO org.apache.hadoop.mapred.TaskTracker: attempt_201404140437_0001_m_000002_0 1.0% 
2014-04-14 04:42:34,381 INFO org.apache.hadoop.mapred.TaskTracker: Task attempt_201404140437_0001_m_000002_0 is done.
2014-04-14 04:42:34,381 INFO org.apache.hadoop.mapred.TaskTracker: reported output size for attempt_201404140437_0001_m_000002_0  was 52183163
2014-04-14 04:42:34,383 INFO org.apache.hadoop.mapred.TaskTracker: addFreeSlot : current free slots : 3
2014-04-14 04:42:34,494 INFO org.apache.hadoop.mapred.TaskTracker: JVM with ID: jvm_201404140437_0001_r_697068164 given task: attempt_201404140437_0001_r_000000_0
2014-04-14 04:42:34,562 INFO org.apache.hadoop.mapred.TaskTracker: JVM with ID: jvm_201404140437_0001_m_1980050516 given task: attempt_201404140437_0001_m_000004_0
2014-04-14 04:42:34,814 INFO org.apache.hadoop.mapred.JvmManager: JVM : jvm_201404140437_0001_m_1970352196 exited with exit code 0. Number of tasks it ran: 1
2014-04-14 04:42:36,407 INFO org.apache.hadoop.mapred.TaskTracker: LaunchTaskAction (registerTask): attempt_201404140437_0001_m_000005_0 task's state:UNASSIGNED
2014-04-14 04:42:36,408 INFO org.apache.hadoop.mapred.TaskTracker: LaunchTaskAction (registerTask): attempt_201404140437_0001_m_000006_0 task's state:UNASSIGNED
2014-04-14 04:42:36,408 INFO org.apache.hadoop.mapred.TaskTracker: LaunchTaskAction (registerTask): attempt_201404140437_0001_m_000007_0 task's state:UNASSIGNED
2014-04-14 04:42:36,408 INFO org.apache.hadoop.mapred.TaskTracker: LaunchTaskAction (registerTask): attempt_201404140437_0001_r_000001_0 task's state:UNASSIGNED
2014-04-14 04:42:36,408 INFO org.apache.hadoop.mapred.TaskTracker: Trying to launch : attempt_201404140437_0001_r_000001_0 which needs 1 slots
2014-04-14 04:42:36,408 INFO org.apache.hadoop.mapred.TaskTracker: In TaskLauncher, current free slots : 1 and trying to launch attempt_201404140437_0001_r_000001_0 which needs 1 slots
2014-04-14 04:42:36,408 INFO org.apache.hadoop.mapred.TaskTracker: Trying to launch : attempt_201404140437_0001_m_000005_0 which needs 1 slots
2014-04-14 04:42:36,408 INFO org.apache.hadoop.mapred.TaskTracker: In TaskLauncher, current free slots : 3 and trying to launch attempt_201404140437_0001_m_000005_0 which needs 1 slots
2014-04-14 04:42:36,410 INFO org.apache.hadoop.mapred.TaskTracker: Trying to launch : attempt_201404140437_0001_m_000006_0 which needs 1 slots
2014-04-14 04:42:36,410 INFO org.apache.hadoop.mapred.TaskTracker: In TaskLauncher, current free slots : 2 and trying to launch attempt_201404140437_0001_m_000006_0 which needs 1 slots
2014-04-14 04:42:36,414 INFO org.apache.hadoop.mapred.TaskTracker: Trying to launch : attempt_201404140437_0001_m_000007_0 which needs 1 slots
2014-04-14 04:42:36,414 INFO org.apache.hadoop.mapred.TaskTracker: In TaskLauncher, current free slots : 1 and trying to launch attempt_201404140437_0001_m_000007_0 which needs 1 slots
2014-04-14 04:42:36,423 INFO org.apache.hadoop.mapred.JvmManager: In JvmRunner constructed JVM ID: jvm_201404140437_0001_r_1158577638
2014-04-14 04:42:36,424 INFO org.apache.hadoop.mapred.JvmManager: JVM Runner jvm_201404140437_0001_r_1158577638 spawned.
2014-04-14 04:42:36,427 INFO org.apache.hadoop.mapred.JvmManager: In JvmRunner constructed JVM ID: jvm_201404140437_0001_m_709615207
2014-04-14 04:42:36,428 INFO org.apache.hadoop.mapred.TaskController: Writing commands to /tmp/hadoop/hadoop-mgrossman/mapred/local/ttprivate/taskTracker/mgrossman/jobcache/job_201404140437_0001/attempt_201404140437_0001_r_000001_0/taskjvm.sh
2014-04-14 04:42:36,429 INFO org.apache.hadoop.mapred.JvmManager: JVM Runner jvm_201404140437_0001_m_709615207 spawned.
2014-04-14 04:42:36,430 INFO org.apache.hadoop.mapred.JvmManager: In JvmRunner constructed JVM ID: jvm_201404140437_0001_m_885040314
2014-04-14 04:42:36,436 INFO org.apache.hadoop.mapred.JvmManager: JVM Runner jvm_201404140437_0001_m_885040314 spawned.
2014-04-14 04:42:36,444 INFO org.apache.hadoop.mapred.TaskController: Writing commands to /tmp/hadoop/hadoop-mgrossman/mapred/local/ttprivate/taskTracker/mgrossman/jobcache/job_201404140437_0001/attempt_201404140437_0001_m_000005_0/taskjvm.sh
2014-04-14 04:42:36,446 INFO org.apache.hadoop.mapred.TaskController: Writing commands to /tmp/hadoop/hadoop-mgrossman/mapred/local/ttprivate/taskTracker/mgrossman/jobcache/job_201404140437_0001/attempt_201404140437_0001_m_000006_0/taskjvm.sh
2014-04-14 04:42:36,449 INFO org.apache.hadoop.mapred.JvmManager: In JvmRunner constructed JVM ID: jvm_201404140437_0001_m_1323763266
2014-04-14 04:42:36,449 INFO org.apache.hadoop.mapred.JvmManager: JVM Runner jvm_201404140437_0001_m_1323763266 spawned.
2014-04-14 04:42:36,466 INFO org.apache.hadoop.mapred.TaskController: Writing commands to /tmp/hadoop/hadoop-mgrossman/mapred/local/ttprivate/taskTracker/mgrossman/jobcache/job_201404140437_0001/attempt_201404140437_0001_m_000007_0/taskjvm.sh
2014-04-14 04:42:38,518 INFO org.apache.hadoop.mapred.TaskTracker: JVM with ID: jvm_201404140437_0001_m_885040314 given task: attempt_201404140437_0001_m_000006_0
2014-04-14 04:42:38,520 INFO org.apache.hadoop.mapred.TaskTracker: JVM with ID: jvm_201404140437_0001_m_1323763266 given task: attempt_201404140437_0001_m_000007_0
2014-04-14 04:42:38,533 INFO org.apache.hadoop.mapred.TaskTracker: JVM with ID: jvm_201404140437_0001_m_709615207 given task: attempt_201404140437_0001_m_000005_0
2014-04-14 04:42:38,554 INFO org.apache.hadoop.mapred.TaskTracker: JVM with ID: jvm_201404140437_0001_r_1158577638 given task: attempt_201404140437_0001_r_000001_0
2014-04-14 04:42:41,532 INFO org.apache.hadoop.mapred.TaskTracker: attempt_201404140437_0001_r_000000_0 0.0% reduce > copy > 
2014-04-14 04:42:41,820 INFO org.apache.hadoop.mapred.TaskTracker: attempt_201404140437_0001_m_000004_0 0.17591932% 
2014-04-14 04:42:41,915 INFO org.apache.hadoop.mapred.TaskTracker.clienttrace: src: 127.0.1.1:50061, dest: 127.0.0.1:58062, bytes: 25557681, op: MAPRED_SHUFFLE, cliID: attempt_201404140437_0001_m_000001_0, duration: 408065528
2014-04-14 04:42:42,749 INFO org.apache.hadoop.mapred.TaskTracker.clienttrace: src: 127.0.1.1:50061, dest: 127.0.0.1:58062, bytes: 25823427, op: MAPRED_SHUFFLE, cliID: attempt_201404140437_0001_m_000000_0, duration: 757996525
2014-04-14 04:42:43,648 INFO org.apache.hadoop.mapred.TaskTracker.clienttrace: src: 127.0.1.1:50061, dest: 127.0.0.1:58062, bytes: 25708849, op: MAPRED_SHUFFLE, cliID: attempt_201404140437_0001_m_000002_0, duration: 835908542
2014-04-14 04:42:44,641 INFO org.apache.hadoop.mapred.TaskTracker.clienttrace: src: 127.0.1.1:50061, dest: 127.0.0.1:58062, bytes: 26080573, op: MAPRED_SHUFFLE, cliID: attempt_201404140437_0001_m_000003_0, duration: 893521409
2014-04-14 04:42:46,064 INFO org.apache.hadoop.mapred.TaskTracker: attempt_201404140437_0001_m_000004_0 0.3286999% 
2014-04-14 04:42:46,963 INFO org.apache.hadoop.mapred.TaskTracker: attempt_201404140437_0001_m_000006_0 0.06716001% 
2014-04-14 04:42:47,046 INFO org.apache.hadoop.mapred.TaskTracker: attempt_201404140437_0001_r_000001_0 0.0% reduce > copy > 
2014-04-14 04:42:47,096 INFO org.apache.hadoop.mapred.TaskTracker: attempt_201404140437_0001_m_000005_0 0.10020181% 
2014-04-14 04:42:47,340 INFO org.apache.hadoop.mapred.TaskTracker: attempt_201404140437_0001_m_000007_0 0.07106304% 
2014-04-14 04:42:47,532 INFO org.apache.hadoop.mapred.TaskTracker.clienttrace: src: 127.0.1.1:50061, dest: 127.0.0.1:58070, bytes: 26322214, op: MAPRED_SHUFFLE, cliID: attempt_201404140437_0001_m_000001_0, duration: 356424210
2014-04-14 04:42:47,604 INFO org.apache.hadoop.mapred.TaskTracker: attempt_201404140437_0001_r_000000_0 0.11111112% reduce > copy (4 of 12 at 9.84 MB/s) > 
2014-04-14 04:42:48,135 INFO org.apache.hadoop.mapred.TaskTracker.clienttrace: src: 127.0.1.1:50061, dest: 127.0.0.1:58070, bytes: 26616816, op: MAPRED_SHUFFLE, cliID: attempt_201404140437_0001_m_000000_0, duration: 576334408
2014-04-14 04:42:48,903 INFO org.apache.hadoop.mapred.TaskTracker.clienttrace: src: 127.0.1.1:50061, dest: 127.0.0.1:58070, bytes: 26474314, op: MAPRED_SHUFFLE, cliID: attempt_201404140437_0001_m_000002_0, duration: 674915552
2014-04-14 04:42:49,240 INFO org.apache.hadoop.mapred.TaskTracker: attempt_201404140437_0001_m_000004_0 0.3990564% 
2014-04-14 04:42:49,746 INFO org.apache.hadoop.mapred.TaskTracker.clienttrace: src: 127.0.1.1:50061, dest: 127.0.0.1:58070, bytes: 26773885, op: MAPRED_SHUFFLE, cliID: attempt_201404140437_0001_m_000003_0, duration: 755323820
2014-04-14 04:42:50,112 INFO org.apache.hadoop.mapred.TaskTracker: attempt_201404140437_0001_m_000006_0 0.21990798% 
2014-04-14 04:42:50,255 INFO org.apache.hadoop.mapred.TaskTracker: attempt_201404140437_0001_m_000005_0 0.25028583% 
2014-04-14 04:42:50,464 INFO org.apache.hadoop.mapred.TaskTracker: attempt_201404140437_0001_m_000007_0 0.20671321% 
2014-04-14 04:42:50,636 INFO org.apache.hadoop.mapred.TaskTracker: attempt_201404140437_0001_r_000000_0 0.11111112% reduce > copy (4 of 12 at 9.84 MB/s) > 
2014-04-14 04:42:52,475 INFO org.apache.hadoop.mapred.TaskTracker: attempt_201404140437_0001_m_000004_0 0.53521544% 
2014-04-14 04:42:53,122 INFO org.apache.hadoop.mapred.TaskTracker: attempt_201404140437_0001_r_000001_0 0.11111112% reduce > copy (4 of 12 at 11.25 MB/s) > 
2014-04-14 04:42:53,231 INFO org.apache.hadoop.mapred.TaskTracker: attempt_201404140437_0001_m_000006_0 0.37028548% 
2014-04-14 04:42:53,372 INFO org.apache.hadoop.mapred.TaskTracker: attempt_201404140437_0001_m_000005_0 0.44387817% 
2014-04-14 04:42:53,586 INFO org.apache.hadoop.mapred.TaskTracker: attempt_201404140437_0001_m_000007_0 0.41569632% 
2014-04-14 04:42:53,671 INFO org.apache.hadoop.mapred.TaskTracker: attempt_201404140437_0001_r_000000_0 0.11111112% reduce > copy (4 of 12 at 9.84 MB/s) > 
2014-04-14 04:42:55,764 INFO org.apache.hadoop.mapred.TaskTracker: attempt_201404140437_0001_m_000004_0 0.60128623% 
2014-04-14 04:42:56,469 INFO org.apache.hadoop.mapred.TaskTracker: attempt_201404140437_0001_m_000006_0 0.5530161% 
2014-04-14 04:42:56,855 INFO org.apache.hadoop.mapred.TaskTracker: attempt_201404140437_0001_m_000007_0 0.5579575% 
2014-04-14 04:42:56,911 INFO org.apache.hadoop.mapred.TaskTracker: attempt_201404140437_0001_m_000005_0 0.5854764% 
2014-04-14 04:42:58,993 INFO org.apache.hadoop.mapred.TaskTracker: attempt_201404140437_0001_m_000004_0 0.73705184% 
2014-04-14 04:42:59,152 INFO org.apache.hadoop.mapred.TaskTracker: attempt_201404140437_0001_r_000001_0 0.11111112% reduce > copy (4 of 12 at 11.25 MB/s) > 
2014-04-14 04:42:59,599 INFO org.apache.hadoop.mapred.TaskTracker: attempt_201404140437_0001_m_000006_0 0.6253442% 
2014-04-14 04:42:59,699 INFO org.apache.hadoop.mapred.TaskTracker: attempt_201404140437_0001_r_000000_0 0.11111112% reduce > copy (4 of 12 at 9.84 MB/s) > 
2014-04-14 04:43:00,097 INFO org.apache.hadoop.mapred.TaskTracker: attempt_201404140437_0001_m_000007_0 0.6198969% 
2014-04-14 04:43:00,123 INFO org.apache.hadoop.mapred.TaskTracker: attempt_201404140437_0001_m_000005_0 0.6586783% 
2014-04-14 04:43:02,199 INFO org.apache.hadoop.mapred.TaskTracker: attempt_201404140437_0001_m_000004_0 0.82607114% 
2014-04-14 04:43:02,749 INFO org.apache.hadoop.mapred.TaskTracker: attempt_201404140437_0001_r_000000_0 0.11111112% reduce > copy (4 of 12 at 9.84 MB/s) > 
2014-04-14 04:43:03,360 INFO org.apache.hadoop.mapred.TaskTracker: attempt_201404140437_0001_m_000005_0 0.7771141% 
2014-04-14 04:43:03,693 INFO org.apache.hadoop.mapred.TaskTracker: attempt_201404140437_0001_m_000007_0 0.7585362% 
2014-04-14 04:43:03,809 INFO org.apache.hadoop.mapred.TaskTracker: attempt_201404140437_0001_m_000006_0 0.7607844% 
2014-04-14 04:43:05,185 INFO org.apache.hadoop.mapred.TaskTracker: attempt_201404140437_0001_r_000001_0 0.11111112% reduce > copy (4 of 12 at 11.25 MB/s) > 
2014-04-14 04:43:06,255 INFO org.apache.hadoop.mapred.TaskTracker: attempt_201404140437_0001_m_000004_0 0.9091324% 
2014-04-14 04:43:06,694 INFO org.apache.hadoop.mapred.TaskTracker: attempt_201404140437_0001_m_000005_0 0.90146124% 
2014-04-14 04:43:06,926 INFO org.apache.hadoop.mapred.TaskTracker: attempt_201404140437_0001_m_000006_0 0.89019% 
2014-04-14 04:43:07,654 INFO org.apache.hadoop.mapred.TaskTracker: attempt_201404140437_0001_m_000007_0 0.9021128% 
2014-04-14 04:43:08,232 INFO org.apache.hadoop.mapred.TaskTracker: attempt_201404140437_0001_r_000001_0 0.11111112% reduce > copy (4 of 12 at 11.25 MB/s) > 
2014-04-14 04:43:08,793 INFO org.apache.hadoop.mapred.TaskTracker: attempt_201404140437_0001_r_000000_0 0.11111112% reduce > copy (4 of 12 at 9.84 MB/s) > 
2014-04-14 04:43:09,359 INFO org.apache.hadoop.mapred.TaskTracker: attempt_201404140437_0001_m_000004_0 1.0% 
2014-04-14 04:43:09,797 INFO org.apache.hadoop.mapred.TaskTracker: attempt_201404140437_0001_m_000005_0 1.0% 
2014-04-14 04:43:10,078 INFO org.apache.hadoop.mapred.TaskTracker: attempt_201404140437_0001_m_000006_0 0.9919355% 
2014-04-14 04:43:10,866 INFO org.apache.hadoop.mapred.TaskTracker: attempt_201404140437_0001_m_000007_0 1.0% 
2014-04-14 04:43:12,517 INFO org.apache.hadoop.mapred.TaskTracker: attempt_201404140437_0001_m_000004_0 1.0% 
2014-04-14 04:43:13,047 INFO org.apache.hadoop.mapred.TaskTracker: attempt_201404140437_0001_m_000005_0 1.0% 
2014-04-14 04:43:13,219 INFO org.apache.hadoop.mapred.TaskTracker: attempt_201404140437_0001_m_000006_0 1.0% 
2014-04-14 04:43:14,022 INFO org.apache.hadoop.mapred.TaskTracker: attempt_201404140437_0001_m_000007_0 1.0% 
2014-04-14 04:43:14,272 INFO org.apache.hadoop.mapred.TaskTracker: attempt_201404140437_0001_r_000001_0 0.11111112% reduce > copy (4 of 12 at 11.25 MB/s) > 
2014-04-14 04:43:14,831 INFO org.apache.hadoop.mapred.TaskTracker: attempt_201404140437_0001_r_000000_0 0.11111112% reduce > copy (4 of 12 at 9.84 MB/s) > 
2014-04-14 04:43:15,679 INFO org.apache.hadoop.mapred.TaskTracker: attempt_201404140437_0001_m_000004_0 1.0% 
2014-04-14 04:43:16,217 INFO org.apache.hadoop.mapred.TaskTracker: attempt_201404140437_0001_m_000005_0 1.0% 
2014-04-14 04:43:16,399 INFO org.apache.hadoop.mapred.TaskTracker: attempt_201404140437_0001_m_000006_0 1.0% 
2014-04-14 04:43:17,305 INFO org.apache.hadoop.mapred.TaskTracker: attempt_201404140437_0001_m_000007_0 1.0% 
2014-04-14 04:43:17,869 INFO org.apache.hadoop.mapred.TaskTracker: attempt_201404140437_0001_r_000000_0 0.11111112% reduce > copy (4 of 12 at 9.84 MB/s) > 
2014-04-14 04:43:18,824 INFO org.apache.hadoop.mapred.TaskTracker: attempt_201404140437_0001_m_000004_0 1.0% 
2014-04-14 04:43:19,371 INFO org.apache.hadoop.mapred.TaskTracker: attempt_201404140437_0001_m_000005_0 1.0% 
2014-04-14 04:43:19,511 INFO org.apache.hadoop.mapred.TaskTracker: attempt_201404140437_0001_m_000006_0 1.0% 
2014-04-14 04:43:20,305 INFO org.apache.hadoop.mapred.TaskTracker: attempt_201404140437_0001_r_000001_0 0.11111112% reduce > copy (4 of 12 at 11.25 MB/s) > 
2014-04-14 04:43:20,528 INFO org.apache.hadoop.mapred.TaskTracker: attempt_201404140437_0001_m_000007_0 1.0% 
2014-04-14 04:43:21,970 INFO org.apache.hadoop.mapred.TaskTracker: attempt_201404140437_0001_m_000004_0 1.0% 
2014-04-14 04:43:22,434 INFO org.apache.hadoop.mapred.TaskTracker: attempt_201404140437_0001_m_000005_0 1.0% 
2014-04-14 04:43:22,631 INFO org.apache.hadoop.mapred.TaskTracker: attempt_201404140437_0001_m_000006_0 1.0% 
2014-04-14 04:43:23,668 INFO org.apache.hadoop.mapred.TaskTracker: attempt_201404140437_0001_m_000007_0 1.0% 
2014-04-14 04:43:24,752 INFO org.apache.hadoop.mapred.TaskTracker: attempt_201404140437_0001_r_000001_0 0.11111112% reduce > copy (4 of 12 at 11.25 MB/s) > 
2014-04-14 04:43:25,034 INFO org.apache.hadoop.mapred.TaskTracker: attempt_201404140437_0001_m_000004_0 1.0% 
2014-04-14 04:43:25,475 INFO org.apache.hadoop.mapred.TaskTracker: attempt_201404140437_0001_m_000005_0 1.0% 
2014-04-14 04:43:25,518 INFO org.apache.hadoop.mapred.TaskTracker: attempt_201404140437_0001_r_000000_0 0.11111112% reduce > copy (4 of 12 at 9.84 MB/s) > 
2014-04-14 04:43:25,965 INFO org.apache.hadoop.mapred.TaskTracker: attempt_201404140437_0001_m_000006_0 1.0% 
2014-04-14 04:43:26,798 INFO org.apache.hadoop.mapred.TaskTracker: attempt_201404140437_0001_m_000007_0 1.0% 
2014-04-14 04:43:28,161 INFO org.apache.hadoop.mapred.TaskTracker: attempt_201404140437_0001_m_000004_0 1.0% 
2014-04-14 04:43:28,548 INFO org.apache.hadoop.mapred.TaskTracker: attempt_201404140437_0001_r_000000_0 0.11111112% reduce > copy (4 of 12 at 9.84 MB/s) > 
2014-04-14 04:43:29,183 INFO org.apache.hadoop.mapred.TaskTracker: attempt_201404140437_0001_m_000006_0 1.0% 
2014-04-14 04:43:31,504 INFO org.apache.hadoop.mapred.TaskTracker: attempt_201404140437_0001_m_000005_0 1.0% 
2014-04-14 04:43:32,227 INFO org.apache.hadoop.mapred.TaskTracker: attempt_201404140437_0001_m_000006_0 1.0% 
2014-04-14 04:43:32,235 INFO org.apache.hadoop.mapred.TaskTracker: attempt_201404140437_0001_r_000001_0 0.11111112% reduce > copy (4 of 12 at 11.25 MB/s) > 
2014-04-14 04:43:33,033 INFO org.apache.hadoop.mapred.TaskTracker: attempt_201404140437_0001_m_000007_0 1.0% 
2014-04-14 04:43:34,528 INFO org.apache.hadoop.mapred.TaskTracker: attempt_201404140437_0001_m_000005_0 1.0% 
2014-04-14 04:43:35,265 INFO org.apache.hadoop.mapred.TaskTracker: attempt_201404140437_0001_m_000006_0 1.0% 
2014-04-14 04:43:36,059 INFO org.apache.hadoop.mapred.TaskTracker: attempt_201404140437_0001_m_000007_0 1.0% 
2014-04-14 04:43:36,515 INFO org.apache.hadoop.mapred.TaskTracker: attempt_201404140437_0001_r_000001_0 0.11111112% reduce > copy (4 of 12 at 11.25 MB/s) > 
2014-04-14 04:43:37,403 INFO org.apache.hadoop.mapred.TaskTracker: attempt_201404140437_0001_r_000000_0 0.11111112% reduce > copy (4 of 12 at 9.84 MB/s) > 
2014-04-14 04:43:38,574 INFO org.mortbay.log: org.mortbay.io.nio.SelectorManager$SelectSet@528d54de JVM BUG(s) - injecting delay5 times
2014-04-14 04:43:38,575 INFO org.mortbay.log: org.mortbay.io.nio.SelectorManager$SelectSet@528d54de JVM BUG(s) - recreating selector 5 times, canceled keys 100 times
2014-04-14 04:43:42,320 INFO org.apache.hadoop.mapred.TaskTracker: attempt_201404140437_0001_r_000000_0 0.11111112% reduce > copy (4 of 12 at 9.84 MB/s) > 
2014-04-14 04:43:42,558 INFO org.apache.hadoop.mapred.TaskTracker: attempt_201404140437_0001_r_000001_0 0.11111112% reduce > copy (4 of 12 at 11.25 MB/s) > 
2014-04-14 04:43:42,845 INFO org.apache.hadoop.mapred.TaskTracker: attempt_201404140437_0001_m_000005_0 1.0% 
2014-04-14 04:43:45,704 INFO org.apache.hadoop.mapred.TaskTracker: attempt_201404140437_0001_r_000001_0 0.11111112% reduce > copy (4 of 12 at 11.25 MB/s) > 
2014-04-14 04:43:45,722 INFO org.apache.hadoop.mapred.TaskTracker: attempt_201404140437_0001_r_000000_0 0.11111112% reduce > copy (4 of 12 at 9.84 MB/s) > 
2014-04-14 04:43:45,735 INFO org.apache.hadoop.mapred.TaskTracker: attempt_201404140437_0001_m_000006_0 1.0% 
2014-04-14 04:43:45,750 INFO org.apache.hadoop.mapred.TaskTracker: attempt_201404140437_0001_m_000007_0 1.0% 
2014-04-14 04:43:45,872 INFO org.apache.hadoop.mapred.TaskTracker: attempt_201404140437_0001_m_000005_0 1.0% 
2014-04-14 04:43:46,445 INFO org.apache.hadoop.mapred.TaskTracker: attempt_201404140437_0001_m_000004_0 1.0% 
2014-04-14 04:43:46,446 INFO org.apache.hadoop.mapred.TaskTracker: Task attempt_201404140437_0001_m_000004_0 is done.
2014-04-14 04:43:46,446 INFO org.apache.hadoop.mapred.TaskTracker: reported output size for attempt_201404140437_0001_m_000004_0  was 51961174
2014-04-14 04:43:46,446 INFO org.apache.hadoop.mapred.TaskTracker: addFreeSlot : current free slots : 1
2014-04-14 04:43:47,828 INFO org.apache.hadoop.mapred.JvmManager: JVM : jvm_201404140437_0001_m_1980050516 exited with exit code 0. Number of tasks it ran: 1
2014-04-14 04:43:48,667 INFO org.apache.hadoop.mapred.TaskTracker: LaunchTaskAction (registerTask): attempt_201404140437_0001_m_000008_0 task's state:UNASSIGNED
2014-04-14 04:43:48,668 INFO org.apache.hadoop.mapred.TaskTracker: Trying to launch : attempt_201404140437_0001_m_000008_0 which needs 1 slots
2014-04-14 04:43:48,668 INFO org.apache.hadoop.mapred.TaskTracker: In TaskLauncher, current free slots : 1 and trying to launch attempt_201404140437_0001_m_000008_0 which needs 1 slots
2014-04-14 04:43:48,699 INFO org.apache.hadoop.mapred.JvmManager: In JvmRunner constructed JVM ID: jvm_201404140437_0001_m_528867869
2014-04-14 04:43:48,700 INFO org.apache.hadoop.mapred.JvmManager: JVM Runner jvm_201404140437_0001_m_528867869 spawned.
2014-04-14 04:43:48,703 INFO org.apache.hadoop.mapred.TaskController: Writing commands to /tmp/hadoop/hadoop-mgrossman/mapred/local/ttprivate/taskTracker/mgrossman/jobcache/job_201404140437_0001/attempt_201404140437_0001_m_000008_0/taskjvm.sh
2014-04-14 04:43:48,760 INFO org.apache.hadoop.mapred.TaskTracker: attempt_201404140437_0001_r_000000_0 0.11111112% reduce > copy (4 of 12 at 9.84 MB/s) > 
2014-04-14 04:43:48,762 INFO org.apache.hadoop.mapred.TaskTracker: attempt_201404140437_0001_r_000001_0 0.11111112% reduce > copy (4 of 12 at 11.25 MB/s) > 
2014-04-14 04:43:48,772 INFO org.apache.hadoop.mapred.TaskTracker: attempt_201404140437_0001_m_000006_0 1.0% 
2014-04-14 04:43:48,773 INFO org.apache.hadoop.mapred.TaskTracker: attempt_201404140437_0001_m_000007_0 1.0% 
2014-04-14 04:43:48,775 INFO org.apache.hadoop.mapred.TaskTracker: attempt_201404140437_0001_m_000006_0 1.0% 
2014-04-14 04:43:48,776 INFO org.apache.hadoop.mapred.TaskTracker: attempt_201404140437_0001_m_000007_0 1.0% 
2014-04-14 04:43:48,777 INFO org.apache.hadoop.mapred.TaskTracker: Task attempt_201404140437_0001_m_000006_0 is done.
2014-04-14 04:43:48,777 INFO org.apache.hadoop.mapred.TaskTracker: reported output size for attempt_201404140437_0001_m_000006_0  was 51759015
2014-04-14 04:43:48,777 INFO org.apache.hadoop.mapred.TaskTracker: addFreeSlot : current free slots : 1
2014-04-14 04:43:48,777 INFO org.apache.hadoop.mapred.TaskTracker: Task attempt_201404140437_0001_m_000007_0 is done.
2014-04-14 04:43:48,778 INFO org.apache.hadoop.mapred.TaskTracker: reported output size for attempt_201404140437_0001_m_000007_0  was 52806609
2014-04-14 04:43:48,778 INFO org.apache.hadoop.mapred.TaskTracker: addFreeSlot : current free slots : 2
2014-04-14 04:43:48,899 INFO org.apache.hadoop.mapred.TaskTracker: attempt_201404140437_0001_m_000005_0 1.0% 
2014-04-14 04:43:48,904 INFO org.apache.hadoop.mapred.TaskTracker: attempt_201404140437_0001_m_000005_0 1.0% 
2014-04-14 04:43:48,906 INFO org.apache.hadoop.mapred.TaskTracker: Task attempt_201404140437_0001_m_000005_0 is done.
2014-04-14 04:43:48,906 INFO org.apache.hadoop.mapred.TaskTracker: reported output size for attempt_201404140437_0001_m_000005_0  was 52209478
2014-04-14 04:43:48,906 INFO org.apache.hadoop.mapred.TaskTracker: addFreeSlot : current free slots : 3
2014-04-14 04:43:49,710 INFO org.apache.hadoop.mapred.JvmManager: JVM : jvm_201404140437_0001_m_885040314 exited with exit code 0. Number of tasks it ran: 1
2014-04-14 04:43:49,710 INFO org.apache.hadoop.mapred.JvmManager: JVM : jvm_201404140437_0001_m_709615207 exited with exit code 0. Number of tasks it ran: 1
2014-04-14 04:43:49,710 INFO org.apache.hadoop.mapred.JvmManager: JVM : jvm_201404140437_0001_m_1323763266 exited with exit code 0. Number of tasks it ran: 1
2014-04-14 04:43:50,867 INFO org.apache.hadoop.mapred.TaskTracker: JVM with ID: jvm_201404140437_0001_m_528867869 given task: attempt_201404140437_0001_m_000008_0
2014-04-14 04:43:51,690 INFO org.apache.hadoop.mapred.TaskTracker: LaunchTaskAction (registerTask): attempt_201404140437_0001_m_000009_0 task's state:UNASSIGNED
2014-04-14 04:43:51,690 INFO org.apache.hadoop.mapred.TaskTracker: LaunchTaskAction (registerTask): attempt_201404140437_0001_m_000010_0 task's state:UNASSIGNED
2014-04-14 04:43:51,690 INFO org.apache.hadoop.mapred.TaskTracker: LaunchTaskAction (registerTask): attempt_201404140437_0001_m_000011_0 task's state:UNASSIGNED
2014-04-14 04:43:51,690 INFO org.apache.hadoop.mapred.TaskTracker: Trying to launch : attempt_201404140437_0001_m_000009_0 which needs 1 slots
2014-04-14 04:43:51,691 INFO org.apache.hadoop.mapred.TaskTracker: In TaskLauncher, current free slots : 3 and trying to launch attempt_201404140437_0001_m_000009_0 which needs 1 slots
2014-04-14 04:43:51,691 INFO org.apache.hadoop.mapred.TaskTracker: Trying to launch : attempt_201404140437_0001_m_000010_0 which needs 1 slots
2014-04-14 04:43:51,691 INFO org.apache.hadoop.mapred.TaskTracker: In TaskLauncher, current free slots : 2 and trying to launch attempt_201404140437_0001_m_000010_0 which needs 1 slots
2014-04-14 04:43:51,691 INFO org.apache.hadoop.mapred.TaskTracker: Trying to launch : attempt_201404140437_0001_m_000011_0 which needs 1 slots
2014-04-14 04:43:51,691 INFO org.apache.hadoop.mapred.TaskTracker: In TaskLauncher, current free slots : 1 and trying to launch attempt_201404140437_0001_m_000011_0 which needs 1 slots
2014-04-14 04:43:51,715 INFO org.apache.hadoop.mapred.JvmManager: In JvmRunner constructed JVM ID: jvm_201404140437_0001_m_949038904
2014-04-14 04:43:51,715 INFO org.apache.hadoop.mapred.JvmManager: JVM Runner jvm_201404140437_0001_m_949038904 spawned.
2014-04-14 04:43:51,717 INFO org.apache.hadoop.mapred.TaskController: Writing commands to /tmp/hadoop/hadoop-mgrossman/mapred/local/ttprivate/taskTracker/mgrossman/jobcache/job_201404140437_0001/attempt_201404140437_0001_m_000011_0/taskjvm.sh
2014-04-14 04:43:51,719 INFO org.apache.hadoop.mapred.JvmManager: In JvmRunner constructed JVM ID: jvm_201404140437_0001_m_1386526679
2014-04-14 04:43:51,730 INFO org.apache.hadoop.mapred.JvmManager: JVM Runner jvm_201404140437_0001_m_1386526679 spawned.
2014-04-14 04:43:51,743 INFO org.apache.hadoop.mapred.JvmManager: In JvmRunner constructed JVM ID: jvm_201404140437_0001_m_137313428
2014-04-14 04:43:51,745 INFO org.apache.hadoop.mapred.JvmManager: JVM Runner jvm_201404140437_0001_m_137313428 spawned.
2014-04-14 04:43:51,748 INFO org.apache.hadoop.mapred.TaskController: Writing commands to /tmp/hadoop/hadoop-mgrossman/mapred/local/ttprivate/taskTracker/mgrossman/jobcache/job_201404140437_0001/attempt_201404140437_0001_m_000010_0/taskjvm.sh
2014-04-14 04:43:51,750 INFO org.apache.hadoop.mapred.TaskController: Writing commands to /tmp/hadoop/hadoop-mgrossman/mapred/local/ttprivate/taskTracker/mgrossman/jobcache/job_201404140437_0001/attempt_201404140437_0001_m_000009_0/taskjvm.sh
2014-04-14 04:43:53,238 INFO org.apache.hadoop.mapred.TaskTracker: JVM with ID: jvm_201404140437_0001_m_137313428 given task: attempt_201404140437_0001_m_000009_0
2014-04-14 04:43:53,265 INFO org.apache.hadoop.mapred.TaskTracker: JVM with ID: jvm_201404140437_0001_m_1386526679 given task: attempt_201404140437_0001_m_000010_0
2014-04-14 04:43:53,267 INFO org.apache.hadoop.mapred.TaskTracker: JVM with ID: jvm_201404140437_0001_m_949038904 given task: attempt_201404140437_0001_m_000011_0
2014-04-14 04:43:54,812 INFO org.apache.hadoop.mapred.TaskTracker: attempt_201404140437_0001_r_000000_0 0.11111112% reduce > copy (4 of 12 at 9.84 MB/s) > 
2014-04-14 04:43:54,835 INFO org.apache.hadoop.mapred.TaskTracker: attempt_201404140437_0001_r_000001_0 0.11111112% reduce > copy (4 of 12 at 11.25 MB/s) > 
2014-04-14 04:43:55,082 INFO org.apache.hadoop.mapred.TaskTracker.clienttrace: src: 127.0.1.1:50061, dest: 127.0.0.1:58137, bytes: 25575768, op: MAPRED_SHUFFLE, cliID: attempt_201404140437_0001_m_000004_0, duration: 227266743
2014-04-14 04:43:56,375 INFO org.apache.hadoop.mapred.TaskTracker.clienttrace: src: 127.0.1.1:50061, dest: 127.0.0.1:58137, bytes: 25763742, op: MAPRED_SHUFFLE, cliID: attempt_201404140437_0001_m_000005_0, duration: 1280514506
2014-04-14 04:43:56,725 INFO org.apache.hadoop.mapred.TaskTracker.clienttrace: src: 127.0.1.1:50061, dest: 127.0.0.1:58141, bytes: 26385406, op: MAPRED_SHUFFLE, cliID: attempt_201404140437_0001_m_000004_0, duration: 1350682996
2014-04-14 04:43:56,867 INFO org.apache.hadoop.mapred.TaskTracker.clienttrace: src: 127.0.1.1:50061, dest: 127.0.0.1:58137, bytes: 25571809, op: MAPRED_SHUFFLE, cliID: attempt_201404140437_0001_m_000006_0, duration: 440763602
2014-04-14 04:43:57,886 INFO org.apache.hadoop.mapred.TaskTracker: attempt_201404140437_0001_m_000008_0 0.12870684% 
2014-04-14 04:43:58,722 INFO org.apache.hadoop.mapred.TaskTracker.clienttrace: src: 127.0.1.1:50061, dest: 127.0.0.1:58137, bytes: 26046374, op: MAPRED_SHUFFLE, cliID: attempt_201404140437_0001_m_000007_0, duration: 1818204690
2014-04-14 04:43:58,733 INFO org.apache.hadoop.mapred.TaskTracker.clienttrace: src: 127.0.1.1:50061, dest: 127.0.0.1:58148, bytes: 26445736, op: MAPRED_SHUFFLE, cliID: attempt_201404140437_0001_m_000005_0, duration: 2000237612
2014-04-14 04:43:59,712 INFO org.apache.hadoop.mapred.TaskTracker.clienttrace: src: 127.0.1.1:50061, dest: 127.0.0.1:58148, bytes: 26187206, op: MAPRED_SHUFFLE, cliID: attempt_201404140437_0001_m_000006_0, duration: 969191171
2014-04-14 04:43:59,996 INFO org.apache.hadoop.mapred.TaskTracker.clienttrace: src: 127.0.1.1:50061, dest: 127.0.0.1:58148, bytes: 26760235, op: MAPRED_SHUFFLE, cliID: attempt_201404140437_0001_m_000007_0, duration: 277337862
2014-04-14 04:44:00,846 INFO org.apache.hadoop.mapred.TaskTracker: attempt_201404140437_0001_r_000000_0 0.22222224% reduce > copy (8 of 12 at 2.34 MB/s) > 
2014-04-14 04:44:00,875 INFO org.apache.hadoop.mapred.TaskTracker: attempt_201404140437_0001_r_000001_0 0.22222224% reduce > copy (8 of 12 at 2.56 MB/s) > 
2014-04-14 04:44:00,993 INFO org.apache.hadoop.mapred.TaskTracker: attempt_201404140437_0001_m_000008_0 0.22096758% 
2014-04-14 04:44:01,192 INFO org.apache.hadoop.mapred.TaskTracker: attempt_201404140437_0001_m_000011_0 0.06561032% 
2014-04-14 04:44:01,314 INFO org.apache.hadoop.mapred.TaskTracker: attempt_201404140437_0001_m_000010_0 0.06420118% 
2014-04-14 04:44:01,578 INFO org.apache.hadoop.mapred.TaskTracker: attempt_201404140437_0001_m_000009_0 0.06914806% 
2014-04-14 04:44:03,864 INFO org.apache.hadoop.mapred.TaskTracker: attempt_201404140437_0001_r_000000_0 0.22222224% reduce > copy (8 of 12 at 2.34 MB/s) > 
2014-04-14 04:44:03,908 INFO org.apache.hadoop.mapred.TaskTracker: attempt_201404140437_0001_r_000001_0 0.22222224% reduce > copy (8 of 12 at 2.56 MB/s) > 
2014-04-14 04:44:04,183 INFO org.apache.hadoop.mapred.TaskTracker: attempt_201404140437_0001_m_000008_0 0.37177208% 
2014-04-14 04:44:04,435 INFO org.apache.hadoop.mapred.TaskTracker: attempt_201404140437_0001_m_000011_0 0.21740921% 
2014-04-14 04:44:04,465 INFO org.apache.hadoop.mapred.TaskTracker: attempt_201404140437_0001_m_000010_0 0.21052432% 
2014-04-14 04:44:04,819 INFO org.apache.hadoop.mapred.TaskTracker: attempt_201404140437_0001_m_000009_0 0.24656464% 
2014-04-14 04:44:06,883 INFO org.apache.hadoop.mapred.TaskTracker: attempt_201404140437_0001_r_000000_0 0.22222224% reduce > copy (8 of 12 at 2.34 MB/s) > 
2014-04-14 04:44:07,425 INFO org.apache.hadoop.mapred.TaskTracker: attempt_201404140437_0001_m_000008_0 0.5062253% 
2014-04-14 04:44:07,586 INFO org.apache.hadoop.mapred.TaskTracker: attempt_201404140437_0001_m_000011_0 0.3929321% 
2014-04-14 04:44:07,597 INFO org.apache.hadoop.mapred.TaskTracker: attempt_201404140437_0001_m_000010_0 0.38382688% 
2014-04-14 04:44:07,983 INFO org.apache.hadoop.mapred.TaskTracker: attempt_201404140437_0001_m_000009_0 0.42387646% 
2014-04-14 04:44:09,972 INFO org.apache.hadoop.mapred.TaskTracker: attempt_201404140437_0001_r_000001_0 0.22222224% reduce > copy (8 of 12 at 2.56 MB/s) > 
2014-04-14 04:44:10,721 INFO org.apache.hadoop.mapred.TaskTracker: attempt_201404140437_0001_m_000010_0 0.5545181% 
2014-04-14 04:44:10,795 INFO org.apache.hadoop.mapred.TaskTracker: attempt_201404140437_0001_m_000011_0 0.53860706% 
2014-04-14 04:44:11,133 INFO org.apache.hadoop.mapred.TaskTracker: attempt_201404140437_0001_m_000009_0 0.560582% 
2014-04-14 04:44:11,229 INFO org.apache.hadoop.mapred.TaskTracker: attempt_201404140437_0001_m_000008_0 0.5943175% 
2014-04-14 04:44:12,907 INFO org.apache.hadoop.mapred.TaskTracker: attempt_201404140437_0001_r_000000_0 0.22222224% reduce > copy (8 of 12 at 2.34 MB/s) > 
2014-04-14 04:44:13,927 INFO org.apache.hadoop.mapred.TaskTracker: attempt_201404140437_0001_m_000010_0 0.63365793% 
2014-04-14 04:44:13,947 INFO org.apache.hadoop.mapred.TaskTracker: attempt_201404140437_0001_m_000011_0 0.6243131% 
2014-04-14 04:44:14,263 INFO org.apache.hadoop.mapred.TaskTracker: attempt_201404140437_0001_m_000009_0 0.6395944% 
2014-04-14 04:44:14,357 INFO org.apache.hadoop.mapred.TaskTracker: attempt_201404140437_0001_m_000008_0 0.72907096% 
2014-04-14 04:44:15,990 INFO org.apache.hadoop.mapred.TaskTracker: attempt_201404140437_0001_r_000001_0 0.22222224% reduce > copy (8 of 12 at 2.56 MB/s) > 
2014-04-14 04:44:17,129 INFO org.apache.hadoop.mapred.TaskTracker: attempt_201404140437_0001_m_000010_0 0.7471833% 
2014-04-14 04:44:17,284 INFO org.apache.hadoop.mapred.TaskTracker: attempt_201404140437_0001_m_000011_0 0.75953484% 
2014-04-14 04:44:17,490 INFO org.apache.hadoop.mapred.TaskTracker: attempt_201404140437_0001_m_000008_0 0.82370853% 
2014-04-14 04:44:17,575 INFO org.apache.hadoop.mapred.TaskTracker: attempt_201404140437_0001_m_000009_0 0.73863256% 
2014-04-14 04:44:18,954 INFO org.apache.hadoop.mapred.TaskTracker: attempt_201404140437_0001_r_000000_0 0.22222224% reduce > copy (8 of 12 at 2.34 MB/s) > 
2014-04-14 04:44:19,017 INFO org.apache.hadoop.mapred.TaskTracker: attempt_201404140437_0001_r_000001_0 0.22222224% reduce > copy (8 of 12 at 2.56 MB/s) > 
2014-04-14 04:44:20,438 INFO org.apache.hadoop.mapred.TaskTracker: attempt_201404140437_0001_m_000011_0 0.8649445% 
2014-04-14 04:44:20,691 INFO org.apache.hadoop.mapred.TaskTracker: attempt_201404140437_0001_m_000010_0 0.77463657% 
2014-04-14 04:44:20,704 INFO org.apache.hadoop.mapred.TaskTracker: attempt_201404140437_0001_m_000009_0 0.79564184% 
2014-04-14 04:44:21,969 INFO org.apache.hadoop.mapred.TaskTracker: attempt_201404140437_0001_r_000000_0 0.22222224% reduce > copy (8 of 12 at 2.34 MB/s) > 
2014-04-14 04:44:23,151 INFO org.apache.hadoop.mapred.TaskTracker: attempt_201404140437_0001_m_000008_0 0.907933% 
2014-04-14 04:44:23,587 INFO org.apache.hadoop.mapred.TaskTracker: attempt_201404140437_0001_m_000011_0 0.96551716% 
2014-04-14 04:44:24,451 INFO org.apache.hadoop.mapred.TaskTracker: attempt_201404140437_0001_m_000009_0 0.9048864% 
2014-04-14 04:44:25,064 INFO org.apache.hadoop.mapred.TaskTracker: attempt_201404140437_0001_r_000001_0 0.22222224% reduce > copy (8 of 12 at 2.56 MB/s) > 
2014-04-14 04:44:25,927 INFO org.apache.hadoop.mapred.TaskTracker: attempt_201404140437_0001_m_000010_0 0.9126702% 
2014-04-14 04:44:26,326 INFO org.apache.hadoop.mapred.TaskTracker: attempt_201404140437_0001_m_000008_0 1.0% 
2014-04-14 04:44:26,780 INFO org.apache.hadoop.mapred.TaskTracker: attempt_201404140437_0001_m_000011_0 1.0% 
2014-04-14 04:44:27,636 INFO org.apache.hadoop.mapred.TaskTracker: attempt_201404140437_0001_m_000009_0 1.0% 
2014-04-14 04:44:27,989 INFO org.apache.hadoop.mapred.TaskTracker: attempt_201404140437_0001_r_000000_0 0.22222224% reduce > copy (8 of 12 at 2.34 MB/s) > 
2014-04-14 04:44:29,174 INFO org.apache.hadoop.mapred.TaskTracker: attempt_201404140437_0001_m_000010_0 1.0% 
2014-04-14 04:44:29,474 INFO org.apache.hadoop.mapred.TaskTracker: attempt_201404140437_0001_m_000008_0 1.0% 
2014-04-14 04:44:29,990 INFO org.apache.hadoop.mapred.TaskTracker: attempt_201404140437_0001_m_000011_0 1.0% 
2014-04-14 04:44:30,864 INFO org.apache.hadoop.mapred.TaskTracker: attempt_201404140437_0001_m_000009_0 1.0% 
2014-04-14 04:44:31,083 INFO org.apache.hadoop.mapred.TaskTracker: attempt_201404140437_0001_r_000001_0 0.22222224% reduce > copy (8 of 12 at 2.56 MB/s) > 
2014-04-14 04:44:32,286 INFO org.apache.hadoop.mapred.TaskTracker: attempt_201404140437_0001_m_000010_0 1.0% 
2014-04-14 04:44:32,566 INFO org.apache.hadoop.mapred.TaskTracker: attempt_201404140437_0001_m_000008_0 1.0% 
2014-04-14 04:44:33,101 INFO org.apache.hadoop.mapred.TaskTracker: attempt_201404140437_0001_m_000011_0 1.0% 
2014-04-14 04:44:34,011 INFO org.apache.hadoop.mapred.TaskTracker: attempt_201404140437_0001_r_000000_0 0.22222224% reduce > copy (8 of 12 at 2.34 MB/s) > 
2014-04-14 04:44:34,036 INFO org.apache.hadoop.mapred.TaskTracker: attempt_201404140437_0001_m_000009_0 1.0% 
2014-04-14 04:44:34,108 INFO org.apache.hadoop.mapred.TaskTracker: attempt_201404140437_0001_r_000001_0 0.22222224% reduce > copy (8 of 12 at 2.56 MB/s) > 
2014-04-14 04:44:35,391 INFO org.apache.hadoop.mapred.TaskTracker: attempt_201404140437_0001_m_000010_0 1.0% 
2014-04-14 04:44:35,653 INFO org.apache.hadoop.mapred.TaskTracker: attempt_201404140437_0001_m_000008_0 1.0% 
2014-04-14 04:44:36,133 INFO org.apache.hadoop.mapred.TaskTracker: attempt_201404140437_0001_m_000011_0 1.0% 
2014-04-14 04:44:37,037 INFO org.apache.hadoop.mapred.TaskTracker: attempt_201404140437_0001_r_000000_0 0.22222224% reduce > copy (8 of 12 at 2.34 MB/s) > 
2014-04-14 04:44:38,618 INFO org.apache.hadoop.mapred.TaskTracker: attempt_201404140437_0001_m_000010_0 1.0% 
2014-04-14 04:44:38,675 INFO org.apache.hadoop.mapred.TaskTracker: attempt_201404140437_0001_m_000008_0 1.0% 
2014-04-14 04:44:38,768 INFO org.mortbay.log: org.mortbay.io.nio.SelectorManager$SelectSet@528d54de JVM BUG(s) - injecting delay5 times
2014-04-14 04:44:38,768 INFO org.mortbay.log: org.mortbay.io.nio.SelectorManager$SelectSet@528d54de JVM BUG(s) - recreating selector 5 times, canceled keys 93 times
2014-04-14 04:44:39,435 INFO org.apache.hadoop.mapred.TaskTracker: attempt_201404140437_0001_m_000011_0 1.0% 
2014-04-14 04:44:39,640 INFO org.apache.hadoop.mapred.TaskTracker: attempt_201404140437_0001_m_000009_0 1.0% 
2014-04-14 04:44:40,339 INFO org.apache.hadoop.mapred.TaskTracker: attempt_201404140437_0001_r_000001_0 0.22222224% reduce > copy (8 of 12 at 2.56 MB/s) > 
2014-04-14 04:44:41,649 INFO org.apache.hadoop.mapred.TaskTracker: attempt_201404140437_0001_m_000010_0 1.0% 
2014-04-14 04:44:42,724 INFO org.apache.hadoop.mapred.TaskTracker: attempt_201404140437_0001_m_000011_0 1.0% 
2014-04-14 04:44:42,778 INFO org.apache.hadoop.mapred.TaskTracker: attempt_201404140437_0001_m_000009_0 1.0% 
2014-04-14 04:44:43,059 INFO org.apache.hadoop.mapred.TaskTracker: attempt_201404140437_0001_r_000000_0 0.22222224% reduce > copy (8 of 12 at 2.34 MB/s) > 
2014-04-14 04:44:43,357 INFO org.apache.hadoop.mapred.TaskTracker: attempt_201404140437_0001_r_000001_0 0.22222224% reduce > copy (8 of 12 at 2.56 MB/s) > 
2014-04-14 04:44:44,800 INFO org.apache.hadoop.mapred.TaskTracker: attempt_201404140437_0001_m_000008_0 1.0% 
2014-04-14 04:44:45,804 INFO org.apache.hadoop.mapred.TaskTracker: attempt_201404140437_0001_m_000011_0 1.0% 
2014-04-14 04:44:45,871 INFO org.apache.hadoop.mapred.TaskTracker: attempt_201404140437_0001_m_000009_0 1.0% 
2014-04-14 04:44:45,892 INFO org.apache.hadoop.mapred.TaskTracker: attempt_201404140437_0001_m_000010_0 1.0% 
2014-04-14 04:44:47,864 INFO org.apache.hadoop.mapred.TaskTracker: attempt_201404140437_0001_m_000008_0 1.0% 
2014-04-14 04:44:48,838 INFO org.apache.hadoop.mapred.TaskTracker: attempt_201404140437_0001_m_000011_0 1.0% 
2014-04-14 04:44:48,916 INFO org.apache.hadoop.mapred.TaskTracker: attempt_201404140437_0001_m_000010_0 1.0% 
2014-04-14 04:44:49,084 INFO org.apache.hadoop.mapred.TaskTracker: attempt_201404140437_0001_r_000000_0 0.22222224% reduce > copy (8 of 12 at 2.34 MB/s) > 
2014-04-14 04:44:49,384 INFO org.apache.hadoop.mapred.TaskTracker: attempt_201404140437_0001_r_000001_0 0.22222224% reduce > copy (8 of 12 at 2.56 MB/s) > 
2014-04-14 04:44:50,742 INFO org.apache.hadoop.mapred.TaskTracker: attempt_201404140437_0001_m_000009_0 1.0% 
2014-04-14 04:44:50,906 INFO org.apache.hadoop.mapred.TaskTracker: attempt_201404140437_0001_m_000008_0 1.0% 
2014-04-14 04:44:51,937 INFO org.apache.hadoop.mapred.TaskTracker: attempt_201404140437_0001_m_000010_0 1.0% 
2014-04-14 04:44:52,052 INFO org.apache.hadoop.mapred.TaskTracker: attempt_201404140437_0001_m_000011_0 1.0% 
2014-04-14 04:44:52,467 INFO org.apache.hadoop.mapred.TaskTracker: attempt_201404140437_0001_r_000000_0 0.22222224% reduce > copy (8 of 12 at 2.34 MB/s) > 
2014-04-14 04:44:53,770 INFO org.apache.hadoop.mapred.TaskTracker: attempt_201404140437_0001_m_000009_0 1.0% 
2014-04-14 04:44:53,911 INFO org.apache.hadoop.mapred.TaskTracker: attempt_201404140437_0001_m_000008_0 1.0% 
2014-04-14 04:44:53,913 INFO org.apache.hadoop.mapred.TaskTracker: Task attempt_201404140437_0001_m_000008_0 is done.
2014-04-14 04:44:53,913 INFO org.apache.hadoop.mapred.TaskTracker: reported output size for attempt_201404140437_0001_m_000008_0  was 52484422
2014-04-14 04:44:53,913 INFO org.apache.hadoop.mapred.TaskTracker: addFreeSlot : current free slots : 1
2014-04-14 04:44:54,958 INFO org.apache.hadoop.mapred.TaskTracker: attempt_201404140437_0001_m_000010_0 1.0% 
2014-04-14 04:44:55,490 INFO org.apache.hadoop.mapred.TaskTracker: attempt_201404140437_0001_r_000001_0 0.22222224% reduce > copy (8 of 12 at 2.56 MB/s) > 
2014-04-14 04:44:56,800 INFO org.apache.hadoop.mapred.TaskTracker: attempt_201404140437_0001_m_000009_0 1.0% 
2014-04-14 04:44:59,074 INFO org.apache.hadoop.mapred.TaskTracker: attempt_201404140437_0001_m_000011_0 1.0% 
2014-04-14 04:44:59,076 INFO org.apache.hadoop.mapred.TaskTracker: Task attempt_201404140437_0001_m_000011_0 is done.
2014-04-14 04:44:59,076 INFO org.apache.hadoop.mapred.TaskTracker: reported output size for attempt_201404140437_0001_m_000011_0  was 51261824
2014-04-14 04:44:59,076 INFO org.apache.hadoop.mapred.TaskTracker: addFreeSlot : current free slots : 2
2014-04-14 04:44:59,077 INFO org.apache.hadoop.mapred.TaskTracker: attempt_201404140437_0001_r_000001_0 0.22222224% reduce > copy (8 of 12 at 2.56 MB/s) > 
2014-04-14 04:44:59,078 INFO org.apache.hadoop.mapred.TaskTracker: attempt_201404140437_0001_r_000000_0 0.22222224% reduce > copy (8 of 12 at 2.34 MB/s) > 
2014-04-14 04:45:02,144 INFO org.apache.hadoop.mapred.TaskTracker: attempt_201404140437_0001_r_000000_0 0.22222224% reduce > copy (8 of 12 at 2.34 MB/s) > 
2014-04-14 04:45:02,622 INFO org.apache.hadoop.mapred.TaskTracker.clienttrace: src: 127.0.1.1:50061, dest: 127.0.0.1:58206, bytes: 26635752, op: MAPRED_SHUFFLE, cliID: attempt_201404140437_0001_m_000008_0, duration: 424738257
2014-04-14 04:45:03,913 INFO org.apache.hadoop.mapred.JvmManager: JVM : jvm_201404140437_0001_m_528867869 exited with exit code 0. Number of tasks it ran: 1
2014-04-14 04:45:03,915 INFO org.apache.hadoop.mapred.JvmManager: JVM : jvm_201404140437_0001_m_949038904 exited with exit code 0. Number of tasks it ran: 1
2014-04-14 04:45:03,967 INFO org.apache.hadoop.mapred.TaskTracker: attempt_201404140437_0001_m_000010_0 1.0% 
2014-04-14 04:45:03,969 INFO org.apache.hadoop.mapred.TaskTracker: Task attempt_201404140437_0001_m_000010_0 is done.
2014-04-14 04:45:03,969 INFO org.apache.hadoop.mapred.TaskTracker: reported output size for attempt_201404140437_0001_m_000010_0  was 52583539
2014-04-14 04:45:04,012 INFO org.apache.hadoop.mapred.TaskTracker: addFreeSlot : current free slots : 3
2014-04-14 04:45:04,275 INFO org.apache.hadoop.mapred.TaskTracker.clienttrace: src: 127.0.1.1:50061, dest: 127.0.0.1:58207, bytes: 25848670, op: MAPRED_SHUFFLE, cliID: attempt_201404140437_0001_m_000008_0, duration: 489382735
2014-04-14 04:45:04,790 INFO org.apache.hadoop.mapred.JvmManager: JVM : jvm_201404140437_0001_m_1386526679 exited with exit code 0. Number of tasks it ran: 1
2014-04-14 04:45:05,811 INFO org.apache.hadoop.mapred.TaskTracker: attempt_201404140437_0001_m_000009_0 1.0% 
2014-04-14 04:45:05,814 INFO org.apache.hadoop.mapred.TaskTracker: Task attempt_201404140437_0001_m_000009_0 is done.
2014-04-14 04:45:05,814 INFO org.apache.hadoop.mapred.TaskTracker: reported output size for attempt_201404140437_0001_m_000009_0  was 52197794
2014-04-14 04:45:05,815 INFO org.apache.hadoop.mapred.TaskTracker: addFreeSlot : current free slots : 4
2014-04-14 04:45:06,261 INFO org.apache.hadoop.mapred.JvmManager: JVM : jvm_201404140437_0001_m_137313428 exited with exit code 0. Number of tasks it ran: 1
2014-04-14 04:45:07,822 INFO org.apache.hadoop.mapred.TaskTracker.clienttrace: src: 127.0.1.1:50061, dest: 127.0.0.1:58208, bytes: 25955407, op: MAPRED_SHUFFLE, cliID: attempt_201404140437_0001_m_000011_0, duration: 193248623
2014-04-14 04:45:08,189 INFO org.apache.hadoop.mapred.TaskTracker: attempt_201404140437_0001_r_000000_0 0.25% reduce > copy (9 of 12 at 1.48 MB/s) > 
2014-04-14 04:45:08,191 INFO org.apache.hadoop.mapred.TaskTracker: attempt_201404140437_0001_r_000001_0 0.2777778% reduce > copy (10 of 12 at 1.72 MB/s) > 
2014-04-14 04:45:08,390 INFO org.apache.hadoop.mapred.TaskTracker.clienttrace: src: 127.0.1.1:50061, dest: 127.0.0.1:58208, bytes: 26699169, op: MAPRED_SHUFFLE, cliID: attempt_201404140437_0001_m_000010_0, duration: 562680268
2014-04-14 04:45:09,438 INFO org.apache.hadoop.mapred.TaskTracker.clienttrace: src: 127.0.1.1:50061, dest: 127.0.0.1:58209, bytes: 25306417, op: MAPRED_SHUFFLE, cliID: attempt_201404140437_0001_m_000011_0, duration: 158734740
2014-04-14 04:45:10,417 INFO org.apache.hadoop.mapred.TaskTracker.clienttrace: src: 127.0.1.1:50061, dest: 127.0.0.1:58209, bytes: 25884370, op: MAPRED_SHUFFLE, cliID: attempt_201404140437_0001_m_000010_0, duration: 973068868
2014-04-14 04:45:11,216 INFO org.apache.hadoop.mapred.TaskTracker: attempt_201404140437_0001_r_000001_0 0.30555558% reduce > copy (11 of 12 at 1.88 MB/s) > 
2014-04-14 04:45:13,515 INFO org.apache.hadoop.mapred.TaskTracker.clienttrace: src: 127.0.1.1:50061, dest: 127.0.0.1:58210, bytes: 26525068, op: MAPRED_SHUFFLE, cliID: attempt_201404140437_0001_m_000009_0, duration: 117495168
2014-04-14 04:45:14,212 INFO org.apache.hadoop.mapred.TaskTracker: attempt_201404140437_0001_r_000000_0 0.30555558% reduce > copy (11 of 12 at 1.73 MB/s) > 
2014-04-14 04:45:14,240 INFO org.apache.hadoop.mapred.TaskTracker: attempt_201404140437_0001_r_000001_0 0.30555558% reduce > copy (11 of 12 at 1.88 MB/s) > 
2014-04-14 04:45:14,520 INFO org.apache.hadoop.mapred.TaskTracker: attempt_201404140437_0001_r_000001_0 0.30555558% reduce > copy (11 of 12 at 1.88 MB/s) > 
2014-04-14 04:45:15,431 INFO org.apache.hadoop.mapred.TaskTracker: attempt_201404140437_0001_r_000001_0 0.30555558% reduce > copy (11 of 12 at 1.88 MB/s) > 
2014-04-14 04:45:15,693 INFO org.apache.hadoop.mapred.TaskTracker.clienttrace: src: 127.0.1.1:50061, dest: 127.0.0.1:58211, bytes: 25672726, op: MAPRED_SHUFFLE, cliID: attempt_201404140437_0001_m_000009_0, duration: 270800099
2014-04-14 04:45:16,302 INFO org.apache.hadoop.mapred.TaskTracker: attempt_201404140437_0001_r_000000_0 0.30555558% reduce > copy (11 of 12 at 1.73 MB/s) > 
2014-04-14 04:45:17,217 INFO org.apache.hadoop.mapred.TaskTracker: attempt_201404140437_0001_r_000000_0 0.30555558% reduce > copy (11 of 12 at 1.73 MB/s) > 
2014-04-14 04:45:17,368 INFO org.apache.hadoop.mapred.TaskTracker: attempt_201404140437_0001_r_000001_0 0.6666891% reduce > reduce
2014-04-14 04:45:20,239 INFO org.apache.hadoop.mapred.TaskTracker: attempt_201404140437_0001_r_000000_0 0.66669124% reduce > reduce
2014-04-14 04:45:20,369 INFO org.apache.hadoop.mapred.TaskTracker: Task attempt_201404140437_0001_r_000001_0 is in commit-pending, task state:COMMIT_PENDING
2014-04-14 04:45:20,370 INFO org.apache.hadoop.mapred.TaskTracker: attempt_201404140437_0001_r_000001_0 0.6666891% reduce > reduce
2014-04-14 04:45:20,394 INFO org.apache.hadoop.mapred.TaskTracker: attempt_201404140437_0001_r_000001_0 0.6666891% reduce > reduce
2014-04-14 04:45:22,339 INFO org.apache.hadoop.mapred.TaskTracker: Task attempt_201404140437_0001_r_000000_0 is in commit-pending, task state:COMMIT_PENDING
2014-04-14 04:45:22,339 INFO org.apache.hadoop.mapred.TaskTracker: attempt_201404140437_0001_r_000000_0 0.66669124% reduce > reduce
2014-04-14 04:45:23,182 INFO org.apache.hadoop.mapred.TaskTracker: Received commit task action for attempt_201404140437_0001_r_000000_0
2014-04-14 04:45:23,183 INFO org.apache.hadoop.mapred.TaskTracker: Received commit task action for attempt_201404140437_0001_r_000001_0
2014-04-14 04:45:23,261 INFO org.apache.hadoop.mapred.TaskTracker: attempt_201404140437_0001_r_000000_0 0.66669124% reduce > reduce
2014-04-14 04:45:26,268 INFO org.apache.hadoop.mapred.TaskTracker: attempt_201404140437_0001_r_000000_0 0.66669124% reduce > reduce
2014-04-14 04:45:26,271 INFO org.apache.hadoop.mapred.TaskTracker: Task attempt_201404140437_0001_r_000000_0 is done.
2014-04-14 04:45:26,271 INFO org.apache.hadoop.mapred.TaskTracker: reported output size for attempt_201404140437_0001_r_000000_0  was -1
2014-04-14 04:45:26,274 INFO org.apache.hadoop.mapred.TaskTracker: addFreeSlot : current free slots : 1
2014-04-14 04:45:26,423 INFO org.apache.hadoop.mapred.TaskTracker: attempt_201404140437_0001_r_000001_0 0.6666891% reduce > reduce
2014-04-14 04:45:26,427 INFO org.apache.hadoop.mapred.TaskTracker: attempt_201404140437_0001_r_000001_0 0.6666891% reduce > reduce
2014-04-14 04:45:26,430 INFO org.apache.hadoop.mapred.TaskTracker: Task attempt_201404140437_0001_r_000001_0 is done.
2014-04-14 04:45:26,430 INFO org.apache.hadoop.mapred.TaskTracker: reported output size for attempt_201404140437_0001_r_000001_0  was -1
2014-04-14 04:45:26,432 INFO org.apache.hadoop.mapred.TaskTracker: addFreeSlot : current free slots : 2
2014-04-14 04:45:26,816 INFO org.apache.hadoop.mapred.JvmManager: JVM : jvm_201404140437_0001_r_697068164 exited with exit code 0. Number of tasks it ran: 1
2014-04-14 04:45:26,827 INFO org.apache.hadoop.mapred.JvmManager: JVM : jvm_201404140437_0001_r_1158577638 exited with exit code 0. Number of tasks it ran: 1
2014-04-14 04:45:29,225 INFO org.apache.hadoop.mapred.TaskTracker: LaunchTaskAction (registerTask): attempt_201404140437_0001_m_000012_0 task's state:UNASSIGNED
2014-04-14 04:45:29,225 INFO org.apache.hadoop.mapred.TaskTracker: Trying to launch : attempt_201404140437_0001_m_000012_0 which needs 1 slots
2014-04-14 04:45:29,226 INFO org.apache.hadoop.mapred.TaskTracker: In TaskLauncher, current free slots : 4 and trying to launch attempt_201404140437_0001_m_000012_0 which needs 1 slots
2014-04-14 04:45:29,227 INFO org.apache.hadoop.mapred.TaskTracker: Received KillTaskAction for task: attempt_201404140437_0001_r_000000_0
2014-04-14 04:45:29,227 INFO org.apache.hadoop.mapred.TaskTracker: About to purge task: attempt_201404140437_0001_r_000000_0
2014-04-14 04:45:29,228 INFO org.apache.hadoop.mapred.TaskTracker: Received KillTaskAction for task: attempt_201404140437_0001_r_000001_0
2014-04-14 04:45:29,228 INFO org.apache.hadoop.mapred.TaskTracker: About to purge task: attempt_201404140437_0001_r_000001_0
2014-04-14 04:45:29,266 INFO org.apache.hadoop.mapred.JvmManager: In JvmRunner constructed JVM ID: jvm_201404140437_0001_m_1025902093
2014-04-14 04:45:29,267 INFO org.apache.hadoop.mapred.JvmManager: JVM Runner jvm_201404140437_0001_m_1025902093 spawned.
2014-04-14 04:45:29,270 INFO org.apache.hadoop.mapred.TaskController: Writing commands to /tmp/hadoop/hadoop-mgrossman/mapred/local/ttprivate/taskTracker/mgrossman/jobcache/job_201404140437_0001/attempt_201404140437_0001_m_000012_0/taskjvm.sh
2014-04-14 04:45:31,821 INFO org.apache.hadoop.mapred.TaskTracker: JVM with ID: jvm_201404140437_0001_m_1025902093 given task: attempt_201404140437_0001_m_000012_0
2014-04-14 04:45:33,066 INFO org.apache.hadoop.mapred.TaskTracker: attempt_201404140437_0001_m_000012_0 0.0% 
2014-04-14 04:45:35,937 INFO org.apache.hadoop.mapred.TaskTracker: attempt_201404140437_0001_m_000012_0 0.0% cleanup
2014-04-14 04:45:35,941 INFO org.apache.hadoop.mapred.TaskTracker: Task attempt_201404140437_0001_m_000012_0 is done.
2014-04-14 04:45:35,941 INFO org.apache.hadoop.mapred.TaskTracker: reported output size for attempt_201404140437_0001_m_000012_0  was -1
2014-04-14 04:45:35,941 INFO org.apache.hadoop.mapred.TaskTracker: addFreeSlot : current free slots : 4
2014-04-14 04:45:36,165 INFO org.apache.hadoop.mapred.JvmManager: JVM : jvm_201404140437_0001_m_1025902093 exited with exit code 0. Number of tasks it ran: 1
2014-04-14 04:45:38,318 INFO org.apache.hadoop.mapred.TaskTracker: Received 'KillJobAction' for job: job_201404140437_0001
2014-04-14 04:45:38,322 INFO org.apache.hadoop.mapred.IndexCache: Map ID attempt_201404140437_0001_m_000012_0 not found in cache
2014-04-14 04:45:38,323 INFO org.apache.hadoop.mapred.UserLogCleaner: Adding job_201404140437_0001 for user-log deletion with retainTimeStamp:1397555138323
2014-04-14 04:45:39,459 INFO org.mortbay.log: org.mortbay.io.nio.SelectorManager$SelectSet@528d54de JVM BUG(s) - injecting delay2 times
2014-04-14 04:45:39,459 INFO org.mortbay.log: org.mortbay.io.nio.SelectorManager$SelectSet@528d54de JVM BUG(s) - recreating selector 2 times, canceled keys 99 times
