run_opencl_test.sh: Running kmeans with input compression default, intermediate compression lzo
Buffer size 1048576 bytes, Java heap size 16G
Killing
java: no process killed
java: no process killed
jmg3     30988  0.0  0.0 106084  1396 ?        Ss   11:05   0:00 bash -c ps aux | grep java
jmg3     31004  0.0  0.0 103232   844 ?        S    11:05   0:00 grep java
jmg3     15751  0.0  0.0  59072  3524 pts/0    S+   11:05   0:00 ssh -o ConnectTimeout=2 gpu-016 ps aux | grep java
jmg3     15757  0.0  0.0 106084  1400 ?        Ss   11:05   0:00 bash -c ps aux | grep java
jmg3     15773  0.0  0.0 103232   840 ?        S    11:05   0:00 grep java
Done
Setting path to /tmp/1279509.daman.davinci.rice.edu
13 5 36 36 256 256 3 3 1048576 1048576 36 36 256 256 3 3 1048576 1048576 268435456 12 1 1 2 16



Here are the results:
export JAVA_HOME=/opt/apps/jdk/1.6
export HADOOP_OPTS=-Djava.net.preferIPv4Stack=true
export HADOOP_LOG_DIR=/tmp/1279509.daman.davinci.rice.edu/logs
export HADOOP_CLASSPATH=/home/jmg3/hadoop-gpl-compression-read-only/build/hadoop-gpl-compression-0.2.0-dev.jar:${CLASSPATH}:${HADOOP_CLASSPATH}
export JAVA_LIBRARY_PATH=/home/jmg3/lzo-install/lib:${JAVA_LIBRARY_PATH}
-----------------------------------------------------
  <name>mapred.job.tracker</name>
  <value>gpu-016.davinci.rice.edu:54311</value>
  <name>mapred.reduce.parallel.copies</name><value>5</value>
  <name>task.tracker.http.threads</name><value>40</value>
  <name>mapred.reduce.tasks</name><value>5</value>
  <name>mapred.map.tasks</name><value>13</value>
  <name>opencl.mapper.gpumult</name><value>12</value>
  <name>opencl.mapper.cpumult</name><value>1</value>
  <name>opencl.reducer.gpumult</name><value>1</value>
  <name>opencl.reducer.cpumult</name><value>2</value>
  <name>mapred.tasktracker.map.tasks.maximum</name><value>13</value>
  <name>mapred.tasktracker.reduce.tasks.maximum</name><value>5</value>
  <name>mapred.map.tasks.speculative.execution</name>
  <value>true</value>
  <name>mapred.reduce.tasks.speculative.execution</name>
  <value>true</value>
  <name>mapred.task.timeout</name><value>1200000</value>
  <name>mapred.child.java.opts</name><value>-Xmx16G -Dopencl.mapper.groups.gpu=36 -Dopencl.mapper.groups.cpu=36 -Dopencl.mapper.threadsPerGroup.gpu=256 -Dopencl.mapper.threadsPerGroup.cpu=256 -Dopencl.mapper.buffers.gpu=3 -Dopencl.mapper.buffers.cpu=3 -Dopencl.mapper.bufferSize.gpu=1048576 -Dopencl.mapper.bufferSize.cpu=1048576 -Dopencl.reducer.groups.gpu=36 -Dopencl.reducer.groups.cpu=36 -Dopencl.reducer.threadsPerGroup.gpu=256 -Dopencl.reducer.threadsPerGroup.cpu=256 -Dopencl.reducer.buffers.gpu=3 -Dopencl.reducer.buffers.cpu=3 -Dopencl.reducer.bufferSize.gpu=1048576 -Dopencl.reducer.bufferSize.cpu=1048576</value>
  <name>mapred.map.tasks.speculative.execution</name><value>false</value>
  <name>mapred.reduce.tasks.speculative.execution</name><value>false</value>
  <name>mapred.user.jobconf.limit</name><value>10485760</value>
-----------------------------------------------------
  <name>dfs.safemode.threshold.pct</name>
  <value>0</value>
  <name>dfs.replication</name><value>3</value>
  <name>dfs.block.size</name><value>268435456</value>
  <name>dfs.datanode.handler.count</name><value>3</value>
  <name>dfs.namenode.handler.count</name><value>10</value>
  <name>dfs.datanode.max.xcievers</name><value>256</value>
-----------------------------------------------------
  <name>hadoop.tmp.dir</name>
  <value>/tmp/1279509.daman.davinci.rice.edu/hadoop-${user.name}</value>
  <name>fs.default.name</name>
  <value>hdfs://gpu-016.davinci.rice.edu:54310</value>
<name>io.compression.codecs</name>
<value>
</value>
    <name>io.compression.codec.lzo.class</name>
    <value>com.hadoop.compression.lzo.LzoCodec</value>
-----------------------------------------------------
gpu-009
-----------------------------------------------------
gpu-016
-----------------------------------------------------
Completed reconfiguring
Warning: $HADOOP_HOME is deprecated.

13/05/10 11:05:40 INFO namenode.NameNode: STARTUP_MSG: 
/************************************************************
STARTUP_MSG: Starting NameNode
STARTUP_MSG:   host = gpu-016.davinci.rice.edu/192.168.110.216
STARTUP_MSG:   args = [-format]
STARTUP_MSG:   version = 1.0.4-SNAPSHOT
STARTUP_MSG:   build =  -r ; compiled by 'jmg3' on Thu May  9 18:13:15 CDT 2013
************************************************************/
13/05/10 11:05:41 INFO util.GSet: VM type       = 64-bit
13/05/10 11:05:41 INFO util.GSet: 2% max memory = 17.77875 MB
13/05/10 11:05:41 INFO util.GSet: capacity      = 2^21 = 2097152 entries
13/05/10 11:05:41 INFO util.GSet: recommended=2097152, actual=2097152
13/05/10 11:05:41 INFO namenode.FSNamesystem: fsOwner=jmg3
13/05/10 11:05:41 INFO namenode.FSNamesystem: supergroup=supergroup
13/05/10 11:05:41 INFO namenode.FSNamesystem: isPermissionEnabled=true
13/05/10 11:05:41 INFO namenode.FSNamesystem: dfs.block.invalidate.limit=100
13/05/10 11:05:41 INFO namenode.FSNamesystem: isAccessTokenEnabled=false accessKeyUpdateInterval=0 min(s), accessTokenLifetime=0 min(s)
13/05/10 11:05:41 INFO namenode.NameNode: Caching file names occuring more than 10 times 
13/05/10 11:05:41 INFO common.Storage: Image file of size 110 saved in 0 seconds.
13/05/10 11:05:41 INFO common.Storage: Storage directory /tmp/1279509.daman.davinci.rice.edu/hadoop-jmg3/dfs/name has been successfully formatted.
13/05/10 11:05:41 INFO namenode.NameNode: SHUTDOWN_MSG: 
/************************************************************
SHUTDOWN_MSG: Shutting down NameNode at gpu-016.davinci.rice.edu/192.168.110.216
************************************************************/
Completed namenode startup
Warning: $HADOOP_HOME is deprecated.

no jobtracker to stop
gpu-009: no tasktracker to stop
no namenode to stop
gpu-009: no datanode to stop
gpu-016: no secondarynamenode to stop
Completed stop all
Warning: $HADOOP_HOME is deprecated.

starting namenode, logging to /tmp/1279509.daman.davinci.rice.edu/logs/hadoop-jmg3-namenode-gpu-016.davinci.rice.edu.out
gpu-009: starting datanode, logging to /tmp/1279509.daman.davinci.rice.edu/logs/hadoop-jmg3-datanode-gpu-009.davinci.rice.edu.out
gpu-016: starting secondarynamenode, logging to /tmp/1279509.daman.davinci.rice.edu/logs/hadoop-jmg3-secondarynamenode-gpu-016.davinci.rice.edu.out
starting jobtracker, logging to /tmp/1279509.daman.davinci.rice.edu/logs/hadoop-jmg3-jobtracker-gpu-016.davinci.rice.edu.out
gpu-009: starting tasktracker, logging to /tmp/1279509.daman.davinci.rice.edu/logs/hadoop-jmg3-tasktracker-gpu-009.davinci.rice.edu.out
gpu-009: Max num map slots is 13
Completed start all
Putting inputs
Warning: $HADOOP_HOME is deprecated.

Running Application
Warning: $HADOOP_HOME is deprecated.

13/05/10 11:08:11 INFO util.NativeCodeLoader: Loaded the native-hadoop library
13/05/10 11:08:11 INFO zlib.ZlibFactory: Successfully loaded & initialized native-zlib library
13/05/10 11:08:11 INFO compress.CodecPool: Got brand-new decompressor
13/05/10 11:08:11 INFO compress.CodecPool: Got brand-new decompressor
13/05/10 11:08:11 INFO compress.CodecPool: Got brand-new decompressor
13/05/10 11:08:11 INFO compress.CodecPool: Got brand-new decompressor
13/05/10 11:08:11 WARN mapred.JobClient: Use GenericOptionsParser for parsing the arguments. Applications should implement Tool for the same.
13/05/10 11:08:11 INFO input.FileInputFormat: Total input paths to process : 30
13/05/10 11:08:13 INFO mapred.JobClient: Running job: job_201305101105_0001
13/05/10 11:08:14 INFO mapred.JobClient:  map 0% reduce 0%
13/05/10 11:08:36 INFO mapred.JobClient:  map 17% reduce 0%
13/05/10 11:08:39 INFO mapred.JobClient:  map 38% reduce 0%
13/05/10 11:08:43 INFO mapred.JobClient:  map 42% reduce 0%
13/05/10 11:08:46 INFO mapred.JobClient:  map 43% reduce 0%
13/05/10 11:09:28 INFO mapred.JobClient:  map 46% reduce 0%
13/05/10 11:09:37 INFO mapred.JobClient:  map 49% reduce 0%
13/05/10 11:09:40 INFO mapred.JobClient:  map 49% reduce 2%
13/05/10 11:09:43 INFO mapred.JobClient:  map 55% reduce 3%
13/05/10 11:09:46 INFO mapred.JobClient:  map 60% reduce 5%
13/05/10 11:09:49 INFO mapred.JobClient:  map 60% reduce 6%
13/05/10 11:09:52 INFO mapred.JobClient:  map 60% reduce 8%
13/05/10 11:09:55 INFO mapred.JobClient:  map 62% reduce 9%
13/05/10 11:09:58 INFO mapred.JobClient:  map 76% reduce 11%
13/05/10 11:10:01 INFO mapred.JobClient:  map 76% reduce 13%
13/05/10 11:10:04 INFO mapred.JobClient:  map 76% reduce 14%
13/05/10 11:10:10 INFO mapred.JobClient:  map 86% reduce 14%
13/05/10 11:10:16 INFO mapred.JobClient:  map 86% reduce 15%
13/05/10 11:10:28 INFO mapred.JobClient:  map 86% reduce 16%
13/05/10 11:10:40 INFO mapred.JobClient:  map 93% reduce 17%
13/05/10 11:10:46 INFO mapred.JobClient:  map 93% reduce 18%
13/05/10 11:10:52 INFO mapred.JobClient:  map 100% reduce 19%
13/05/10 11:10:55 INFO mapred.JobClient:  map 100% reduce 20%
13/05/10 11:11:04 INFO mapred.JobClient:  map 100% reduce 21%
13/05/10 11:11:10 INFO mapred.JobClient:  map 100% reduce 23%
13/05/10 11:11:16 INFO mapred.JobClient:  map 100% reduce 24%
13/05/10 11:11:25 INFO mapred.JobClient:  map 100% reduce 26%
13/05/10 11:11:31 INFO mapred.JobClient:  map 100% reduce 28%
13/05/10 11:11:40 INFO mapred.JobClient:  map 100% reduce 30%
13/05/10 11:11:43 INFO mapred.JobClient:  map 100% reduce 31%
13/05/10 11:11:49 INFO mapred.JobClient:  map 100% reduce 45%
13/05/10 11:11:52 INFO mapred.JobClient:  map 100% reduce 59%
13/05/10 11:11:55 INFO mapred.JobClient:  map 100% reduce 86%
13/05/10 11:12:01 INFO mapred.JobClient:  map 100% reduce 93%
13/05/10 11:12:04 INFO mapred.JobClient:  map 100% reduce 94%
13/05/10 11:12:10 INFO mapred.JobClient:  map 100% reduce 95%
13/05/10 11:12:13 INFO mapred.JobClient:  map 100% reduce 96%
13/05/10 11:12:19 INFO mapred.JobClient:  map 100% reduce 97%
13/05/10 11:12:25 INFO mapred.JobClient:  map 100% reduce 98%
13/05/10 11:12:28 INFO mapred.JobClient:  map 100% reduce 99%
13/05/10 11:12:37 INFO mapred.JobClient:  map 100% reduce 100%
13/05/10 11:12:42 INFO mapred.JobClient: Job complete: job_201305101105_0001
13/05/10 11:12:42 INFO mapred.JobClient: Counters: 29
13/05/10 11:12:42 INFO mapred.JobClient:   Job Counters 
13/05/10 11:12:42 INFO mapred.JobClient:     Launched reduce tasks=5
13/05/10 11:12:42 INFO mapred.JobClient:     SLOTS_MILLIS_MAPS=2189598
13/05/10 11:12:42 INFO mapred.JobClient:     Total time spent by all reduces waiting after reserving slots (ms)=0
13/05/10 11:12:42 INFO mapred.JobClient:     Total time spent by all maps waiting after reserving slots (ms)=0
13/05/10 11:12:42 INFO mapred.JobClient:     Launched map tasks=30
13/05/10 11:12:42 INFO mapred.JobClient:     Data-local map tasks=30
13/05/10 11:12:42 INFO mapred.JobClient:     SLOTS_MILLIS_REDUCES=730555
13/05/10 11:12:42 INFO mapred.JobClient:   File Output Format Counters 
13/05/10 11:12:42 INFO mapred.JobClient:     Bytes Written=514
13/05/10 11:12:42 INFO mapred.JobClient:   FileSystemCounters
13/05/10 11:12:42 INFO mapred.JobClient:     FILE_BYTES_READ=33868844
13/05/10 11:12:42 INFO mapred.JobClient:     HDFS_BYTES_READ=1811534108
13/05/10 11:12:42 INFO mapred.JobClient:     FILE_BYTES_WRITTEN=175189844
13/05/10 11:12:42 INFO mapred.JobClient:     HDFS_BYTES_WRITTEN=514
13/05/10 11:12:42 INFO mapred.JobClient:   File Input Format Counters 
13/05/10 11:12:42 INFO mapred.JobClient:     Bytes Read=1811530128
13/05/10 11:12:42 INFO mapred.JobClient:   Map-Reduce Framework
13/05/10 11:12:42 INFO mapred.JobClient:     Map output materialized bytes=13728330
13/05/10 11:12:42 INFO mapred.JobClient:     Map input records=120000000
13/05/10 11:12:42 INFO mapred.JobClient:     Reduce shuffle bytes=13270719
13/05/10 11:12:42 INFO mapred.JobClient:     Spilled Records=415050090
13/05/10 11:12:42 INFO mapred.JobClient:     Map output bytes=2400000000
13/05/10 11:12:42 INFO mapred.JobClient:     CPU time spent (ms)=1326390
13/05/10 11:12:42 INFO mapred.JobClient:     Total committed heap usage (bytes)=33600831488
13/05/10 11:12:42 INFO mapred.JobClient:     Combine input records=0
13/05/10 11:12:42 INFO mapred.JobClient:     SPLIT_RAW_BYTES=3980
13/05/10 11:12:42 INFO mapred.JobClient:     Reduce input records=120000000
13/05/10 11:12:42 INFO mapred.JobClient:     Reduce input groups=0
13/05/10 11:12:42 INFO mapred.JobClient:     Combine output records=0
13/05/10 11:12:42 INFO mapred.JobClient:     Physical memory (bytes) snapshot=25819176960
13/05/10 11:12:42 INFO mapred.JobClient:     Reduce output records=1
13/05/10 11:12:42 INFO mapred.JobClient:     Virtual memory (bytes) snapshot=3091577421824
13/05/10 11:12:42 INFO mapred.JobClient:     Map output records=120000000
Execution Time 270975 ms

real	4m32.023s
user	0m2.931s
sys	0m0.234s
Grepping Logs
Done, Killing
jmg3      1977  0.0  0.0 106084  1396 ?        Ss   11:12   0:00 bash -c ps aux | grep java
jmg3      1995  0.0  0.0 103232   836 ?        S    11:12   0:00 grep java
jmg3     16888  0.0  0.0  59072  3528 pts/0    S+   11:12   0:00 ssh -o ConnectTimeout=2 gpu-016 ps aux | grep java
jmg3     16894  0.0  0.0 106084  1396 ?        Ss   11:12   0:00 bash -c ps aux | grep java
jmg3     16910  0.0  0.0 103232   844 ?        S    11:12   0:00 grep java
