java: no process killed
java: no process killed
jmg3     10201  0.0  0.0 106084  1400 ?        Ss   23:41   0:00 bash -c ps aux | grep java
jmg3     10217  0.0  0.0 103232   844 ?        S    23:41   0:00 grep java
jmg3     19746  0.0  0.0  59072  3532 pts/0    T    11:55   0:00 ssh -o ConnectTimeout=2 gpu-015 ps aux | grep java
jmg3     24889  0.0  0.0  59072  3532 pts/0    S+   23:41   0:00 ssh -o ConnectTimeout=2 gpu-016 ps aux | grep java
jmg3     24895  0.0  0.0 106084  1404 ?        Ss   23:41   0:00 bash -c ps aux | grep java
jmg3     24911  0.0  0.0 103232   848 ?        S    23:41   0:00 grep java
Setting path to /tmp/1276323.daman.davinci.rice.edu
12 4 0 0 0 0 0 0 0 0 0 0 0 0 0 0 0 0 67108864 1 1 1 1 2



Here are the results:
export JAVA_HOME=/opt/apps/jdk/1.6
export HADOOP_OPTS=-Djava.net.preferIPv4Stack=true
export HADOOP_LOG_DIR=/tmp/1276323.daman.davinci.rice.edu/logs
export HADOOP_CLASSPATH=/home/jmg3/hadoop-gpl-compression-read-only/build/hadoop-gpl-compression-0.2.0-dev.jar:${CLASSPATH}:${HADOOP_CLASSPATH}
export JAVA_LIBRARY_PATH=/home/jmg3/lzo-install/lib:${JAVA_LIBRARY_PATH}
-----------------------------------------------------
  <name>mapred.job.tracker</name>
  <value>gpu-016.davinci.rice.edu:54311</value>
  <name>mapred.reduce.parallel.copies</name><value>5</value>
  <name>task.tracker.http.threads</name><value>40</value>
  <name>mapred.reduce.tasks</name><value>4</value>
  <name>mapred.map.tasks</name><value>12</value>
  <name>opencl.mapper.gpumult</name><value>1</value>
  <name>opencl.mapper.cpumult</name><value>1</value>
  <name>opencl.reducer.gpumult</name><value>1</value>
  <name>opencl.reducer.cpumult</name><value>1</value>
  <name>mapred.tasktracker.map.tasks.maximum</name><value>12</value>
  <name>mapred.tasktracker.reduce.tasks.maximum</name><value>4</value>
  <name>mapred.map.tasks.speculative.execution</name>
  <value>true</value>
  <name>mapred.reduce.tasks.speculative.execution</name>
  <value>true</value>
  <name>mapred.task.timeout</name><value>1200000</value>
  <name>mapred.child.java.opts</name><value>-Xmx2G -Dopencl.mapper.groups.gpu=0 -Dopencl.mapper.groups.cpu=0 -Dopencl.mapper.threadsPerGroup.gpu=0 -Dopencl.mapper.threadsPerGroup.cpu=0 -Dopencl.mapper.buffers.gpu=0 -Dopencl.mapper.buffers.cpu=0 -Dopencl.mapper.bufferSize.gpu=0 -Dopencl.mapper.bufferSize.cpu=0 -Dopencl.reducer.groups.gpu=0 -Dopencl.reducer.groups.cpu=0 -Dopencl.reducer.threadsPerGroup.gpu=0 -Dopencl.reducer.threadsPerGroup.cpu=0 -Dopencl.reducer.buffers.gpu=0 -Dopencl.reducer.buffers.cpu=0 -Dopencl.reducer.bufferSize.gpu=0 -Dopencl.reducer.bufferSize.cpu=0</value>
  <name>mapred.map.tasks.speculative.execution</name><value>false</value>
  <name>mapred.reduce.tasks.speculative.execution</name><value>false</value>
-----------------------------------------------------
  <name>dfs.safemode.threshold.pct</name>
  <value>0</value>
  <name>dfs.replication</name><value>3</value>
  <name>dfs.block.size</name><value>67108864</value>
  <name>dfs.datanode.handler.count</name><value>3</value>
  <name>dfs.namenode.handler.count</name><value>10</value>
  <name>dfs.datanode.max.xcievers</name><value>256</value>
-----------------------------------------------------
  <name>hadoop.tmp.dir</name>
  <value>/tmp/1276323.daman.davinci.rice.edu/hadoop-${user.name}</value>
  <name>fs.default.name</name>
  <value>hdfs://gpu-016.davinci.rice.edu:54310</value>
<name>io.compression.codecs</name>
<value>
</value>
    <name>io.compression.codec.lzo.class</name>
    <value>com.hadoop.compression.lzo.LzoCodec</value>
-----------------------------------------------------
gpu-015
-----------------------------------------------------
gpu-016
-----------------------------------------------------
Completed reconfiguring
Warning: $HADOOP_HOME is deprecated.

13/05/09 23:41:07 INFO namenode.NameNode: STARTUP_MSG: 
/************************************************************
STARTUP_MSG: Starting NameNode
STARTUP_MSG:   host = gpu-016.davinci.rice.edu/192.168.110.216
STARTUP_MSG:   args = [-format]
STARTUP_MSG:   version = 1.0.4-SNAPSHOT
STARTUP_MSG:   build =  -r ; compiled by 'jmg3' on Thu May  9 18:13:15 CDT 2013
************************************************************/
13/05/09 23:41:08 INFO util.GSet: VM type       = 64-bit
13/05/09 23:41:08 INFO util.GSet: 2% max memory = 17.77875 MB
13/05/09 23:41:08 INFO util.GSet: capacity      = 2^21 = 2097152 entries
13/05/09 23:41:08 INFO util.GSet: recommended=2097152, actual=2097152
13/05/09 23:41:08 INFO namenode.FSNamesystem: fsOwner=jmg3
13/05/09 23:41:08 INFO namenode.FSNamesystem: supergroup=supergroup
13/05/09 23:41:08 INFO namenode.FSNamesystem: isPermissionEnabled=true
13/05/09 23:41:08 INFO namenode.FSNamesystem: dfs.block.invalidate.limit=100
13/05/09 23:41:08 INFO namenode.FSNamesystem: isAccessTokenEnabled=false accessKeyUpdateInterval=0 min(s), accessTokenLifetime=0 min(s)
13/05/09 23:41:08 INFO namenode.NameNode: Caching file names occuring more than 10 times 
13/05/09 23:41:08 INFO common.Storage: Image file of size 110 saved in 0 seconds.
13/05/09 23:41:08 INFO common.Storage: Storage directory /tmp/1276323.daman.davinci.rice.edu/hadoop-jmg3/dfs/name has been successfully formatted.
13/05/09 23:41:08 INFO namenode.NameNode: SHUTDOWN_MSG: 
/************************************************************
SHUTDOWN_MSG: Shutting down NameNode at gpu-016.davinci.rice.edu/192.168.110.216
************************************************************/
Completed namenode startup
Warning: $HADOOP_HOME is deprecated.

no jobtracker to stop
gpu-015: no tasktracker to stop
no namenode to stop
gpu-015: no datanode to stop
gpu-016: no secondarynamenode to stop
Completed stop all
Warning: $HADOOP_HOME is deprecated.

starting namenode, logging to /tmp/1276323.daman.davinci.rice.edu/logs/hadoop-jmg3-namenode-gpu-016.davinci.rice.edu.out
gpu-015: starting datanode, logging to /tmp/1276323.daman.davinci.rice.edu/logs/hadoop-jmg3-datanode-gpu-015.davinci.rice.edu.out
gpu-016: starting secondarynamenode, logging to /tmp/1276323.daman.davinci.rice.edu/logs/hadoop-jmg3-secondarynamenode-gpu-016.davinci.rice.edu.out
starting jobtracker, logging to /tmp/1276323.daman.davinci.rice.edu/logs/hadoop-jmg3-jobtracker-gpu-016.davinci.rice.edu.out
gpu-015: starting tasktracker, logging to /tmp/1276323.daman.davinci.rice.edu/logs/hadoop-jmg3-tasktracker-gpu-015.davinci.rice.edu.out
gpu-015: Max num map slots is 12
Completed start all
Warning: $HADOOP_HOME is deprecated.

Warning: $HADOOP_HOME is deprecated.

13/05/09 23:43:42 INFO util.NativeCodeLoader: Loaded the native-hadoop library
13/05/09 23:43:42 INFO zlib.ZlibFactory: Successfully loaded & initialized native-zlib library
13/05/09 23:43:42 INFO compress.CodecPool: Got brand-new decompressor
13/05/09 23:43:42 INFO compress.CodecPool: Got brand-new decompressor
13/05/09 23:43:42 INFO compress.CodecPool: Got brand-new decompressor
13/05/09 23:43:42 INFO compress.CodecPool: Got brand-new decompressor
13/05/09 23:43:42 WARN mapred.JobClient: Use GenericOptionsParser for parsing the arguments. Applications should implement Tool for the same.
13/05/09 23:43:42 INFO input.FileInputFormat: Total input paths to process : 30
13/05/09 23:43:43 INFO mapred.JobClient: Running job: job_201305092341_0001
13/05/09 23:43:44 INFO mapred.JobClient:  map 0% reduce 0%
13/05/09 23:44:26 INFO mapred.JobClient:  map 1% reduce 0%
13/05/09 23:44:59 INFO mapred.JobClient:  map 2% reduce 0%
13/05/09 23:45:23 INFO mapred.JobClient:  map 3% reduce 0%
13/05/09 23:45:50 INFO mapred.JobClient:  map 4% reduce 0%
13/05/09 23:46:14 INFO mapred.JobClient:  map 5% reduce 0%
13/05/09 23:46:41 INFO mapred.JobClient:  map 6% reduce 0%
13/05/09 23:47:05 INFO mapred.JobClient:  map 7% reduce 0%
13/05/09 23:47:32 INFO mapred.JobClient:  map 8% reduce 0%
13/05/09 23:48:02 INFO mapred.JobClient:  map 9% reduce 0%
13/05/09 23:48:26 INFO mapred.JobClient:  map 10% reduce 0%
13/05/09 23:48:53 INFO mapred.JobClient:  map 11% reduce 0%
13/05/09 23:49:17 INFO mapred.JobClient:  map 12% reduce 0%
13/05/09 23:49:47 INFO mapred.JobClient:  map 13% reduce 0%
13/05/09 23:50:11 INFO mapred.JobClient:  map 14% reduce 0%
13/05/09 23:50:39 INFO mapred.JobClient:  map 15% reduce 0%
13/05/09 23:51:03 INFO mapred.JobClient:  map 16% reduce 0%
13/05/09 23:51:30 INFO mapred.JobClient:  map 17% reduce 0%
13/05/09 23:52:00 INFO mapred.JobClient:  map 18% reduce 0%
13/05/09 23:52:24 INFO mapred.JobClient:  map 19% reduce 0%
13/05/09 23:52:54 INFO mapred.JobClient:  map 20% reduce 0%
13/05/09 23:53:18 INFO mapred.JobClient:  map 20% reduce 1%
13/05/09 23:53:21 INFO mapred.JobClient:  map 20% reduce 2%
13/05/09 23:53:27 INFO mapred.JobClient:  map 20% reduce 3%
13/05/09 23:53:31 INFO mapred.JobClient:  map 20% reduce 4%
13/05/09 23:53:34 INFO mapred.JobClient:  map 20% reduce 5%
13/05/09 23:53:40 INFO mapred.JobClient:  map 20% reduce 6%
13/05/09 23:53:43 INFO mapred.JobClient:  map 21% reduce 6%
13/05/09 23:54:10 INFO mapred.JobClient:  map 22% reduce 6%
13/05/09 23:54:37 INFO mapred.JobClient:  map 23% reduce 6%
13/05/09 23:55:04 INFO mapred.JobClient:  map 24% reduce 6%
13/05/09 23:55:28 INFO mapred.JobClient:  map 25% reduce 6%
13/05/09 23:55:55 INFO mapred.JobClient:  map 26% reduce 6%
13/05/09 23:56:19 INFO mapred.JobClient:  map 27% reduce 6%
13/05/09 23:56:49 INFO mapred.JobClient:  map 28% reduce 6%
13/05/09 23:57:16 INFO mapred.JobClient:  map 29% reduce 6%
13/05/09 23:57:43 INFO mapred.JobClient:  map 30% reduce 6%
13/05/09 23:58:10 INFO mapred.JobClient:  map 31% reduce 6%
13/05/09 23:58:34 INFO mapred.JobClient:  map 32% reduce 6%
13/05/09 23:59:01 INFO mapred.JobClient:  map 33% reduce 6%
13/05/09 23:59:28 INFO mapred.JobClient:  map 34% reduce 6%
13/05/09 23:59:52 INFO mapred.JobClient:  map 35% reduce 6%
13/05/10 00:00:19 INFO mapred.JobClient:  map 36% reduce 6%
13/05/10 00:00:46 INFO mapred.JobClient:  map 37% reduce 6%
13/05/10 00:01:10 INFO mapred.JobClient:  map 38% reduce 6%
13/05/10 00:01:37 INFO mapred.JobClient:  map 39% reduce 6%
13/05/10 00:02:10 INFO mapred.JobClient:  map 40% reduce 6%
13/05/10 00:02:19 INFO mapred.JobClient:  map 40% reduce 7%
13/05/10 00:02:25 INFO mapred.JobClient:  map 40% reduce 8%
13/05/10 00:02:28 INFO mapred.JobClient:  map 40% reduce 9%
13/05/10 00:02:31 INFO mapred.JobClient:  map 40% reduce 10%
13/05/10 00:02:34 INFO mapred.JobClient:  map 40% reduce 11%
13/05/10 00:02:37 INFO mapred.JobClient:  map 41% reduce 12%
13/05/10 00:02:40 INFO mapred.JobClient:  map 41% reduce 13%
13/05/10 00:02:43 INFO mapred.JobClient:  map 42% reduce 13%
13/05/10 00:02:46 INFO mapred.JobClient:  map 43% reduce 13%
13/05/10 00:02:52 INFO mapred.JobClient:  map 44% reduce 13%
13/05/10 00:02:58 INFO mapred.JobClient:  map 45% reduce 13%
13/05/10 00:03:04 INFO mapred.JobClient:  map 46% reduce 13%
13/05/10 00:03:07 INFO mapred.JobClient:  map 47% reduce 13%
13/05/10 00:03:16 INFO mapred.JobClient:  map 48% reduce 13%
13/05/10 00:03:19 INFO mapred.JobClient:  map 49% reduce 13%
13/05/10 00:03:25 INFO mapred.JobClient:  map 50% reduce 13%
13/05/10 00:03:31 INFO mapred.JobClient:  map 51% reduce 13%
13/05/10 00:03:37 INFO mapred.JobClient:  map 51% reduce 14%
13/05/10 00:03:43 INFO mapred.JobClient:  map 52% reduce 14%
13/05/10 00:03:46 INFO mapred.JobClient:  map 53% reduce 15%
13/05/10 00:03:52 INFO mapred.JobClient:  map 54% reduce 16%
13/05/10 00:03:58 INFO mapred.JobClient:  map 55% reduce 16%
13/05/10 00:04:01 INFO mapred.JobClient:  map 56% reduce 16%
13/05/10 00:04:07 INFO mapred.JobClient:  map 57% reduce 16%
13/05/10 00:04:13 INFO mapred.JobClient:  map 58% reduce 16%
13/05/10 00:04:19 INFO mapred.JobClient:  map 59% reduce 16%
13/05/10 00:04:28 INFO mapred.JobClient:  map 60% reduce 16%
13/05/10 00:04:34 INFO mapred.JobClient:  map 62% reduce 16%
13/05/10 00:04:49 INFO mapred.JobClient:  map 62% reduce 17%
13/05/10 00:04:52 INFO mapred.JobClient:  map 63% reduce 18%
13/05/10 00:04:55 INFO mapred.JobClient:  map 64% reduce 18%
13/05/10 00:04:58 INFO mapred.JobClient:  map 64% reduce 19%
13/05/10 00:05:01 INFO mapred.JobClient:  map 65% reduce 19%
13/05/10 00:05:04 INFO mapred.JobClient:  map 66% reduce 19%
13/05/10 00:05:10 INFO mapred.JobClient:  map 67% reduce 19%
13/05/10 00:05:16 INFO mapred.JobClient:  map 68% reduce 19%
13/05/10 00:05:22 INFO mapred.JobClient:  map 69% reduce 19%
13/05/10 00:05:28 INFO mapred.JobClient:  map 70% reduce 19%
13/05/10 00:05:34 INFO mapred.JobClient:  map 71% reduce 19%
13/05/10 00:05:37 INFO mapred.JobClient:  map 72% reduce 19%
13/05/10 00:05:43 INFO mapred.JobClient:  map 73% reduce 19%
13/05/10 00:05:49 INFO mapred.JobClient:  map 73% reduce 20%
13/05/10 00:05:55 INFO mapred.JobClient:  map 74% reduce 20%
13/05/10 00:06:01 INFO mapred.JobClient:  map 75% reduce 21%
13/05/10 00:06:04 INFO mapred.JobClient:  map 75% reduce 22%
13/05/10 00:06:07 INFO mapred.JobClient:  map 76% reduce 23%
13/05/10 00:06:13 INFO mapred.JobClient:  map 77% reduce 23%
13/05/10 00:06:19 INFO mapred.JobClient:  map 78% reduce 23%
13/05/10 00:06:22 INFO mapred.JobClient:  map 79% reduce 23%
13/05/10 00:06:28 INFO mapred.JobClient:  map 80% reduce 23%
13/05/10 00:06:34 INFO mapred.JobClient:  map 81% reduce 23%
13/05/10 00:06:37 INFO mapred.JobClient:  map 82% reduce 23%
13/05/10 00:06:46 INFO mapred.JobClient:  map 83% reduce 23%
13/05/10 00:06:52 INFO mapred.JobClient:  map 84% reduce 23%
13/05/10 00:06:58 INFO mapred.JobClient:  map 85% reduce 23%
13/05/10 00:07:07 INFO mapred.JobClient:  map 85% reduce 24%
13/05/10 00:07:10 INFO mapred.JobClient:  map 86% reduce 25%
13/05/10 00:07:13 INFO mapred.JobClient:  map 87% reduce 25%
13/05/10 00:07:16 INFO mapred.JobClient:  map 87% reduce 26%
13/05/10 00:07:19 INFO mapred.JobClient:  map 88% reduce 26%
13/05/10 00:07:22 INFO mapred.JobClient:  map 89% reduce 26%
13/05/10 00:07:28 INFO mapred.JobClient:  map 90% reduce 26%
13/05/10 00:07:37 INFO mapred.JobClient:  map 91% reduce 26%
13/05/10 00:07:46 INFO mapred.JobClient:  map 93% reduce 26%
13/05/10 00:07:52 INFO mapred.JobClient:  map 94% reduce 26%
13/05/10 00:08:01 INFO mapred.JobClient:  map 95% reduce 26%
13/05/10 00:08:07 INFO mapred.JobClient:  map 96% reduce 26%
13/05/10 00:08:10 INFO mapred.JobClient:  map 96% reduce 27%
13/05/10 00:08:16 INFO mapred.JobClient:  map 96% reduce 28%
13/05/10 00:08:22 INFO mapred.JobClient:  map 96% reduce 29%
13/05/10 00:08:37 INFO mapred.JobClient:  map 97% reduce 29%
13/05/10 00:09:28 INFO mapred.JobClient:  map 98% reduce 29%
13/05/10 00:10:23 INFO mapred.JobClient:  map 99% reduce 29%
13/05/10 00:11:32 INFO mapred.JobClient:  map 100% reduce 30%
13/05/10 00:11:35 INFO mapred.JobClient:  map 100% reduce 31%
13/05/10 00:11:41 INFO mapred.JobClient:  map 100% reduce 32%
13/05/10 00:11:44 INFO mapred.JobClient:  map 100% reduce 33%
13/05/10 00:11:56 INFO mapred.JobClient:  map 100% reduce 43%
13/05/10 00:11:59 INFO mapred.JobClient:  map 100% reduce 73%
13/05/10 00:12:02 INFO mapred.JobClient:  map 100% reduce 81%
13/05/10 00:12:05 INFO mapred.JobClient:  map 100% reduce 89%
13/05/10 00:12:08 INFO mapred.JobClient:  map 100% reduce 93%
13/05/10 00:12:11 INFO mapred.JobClient:  map 100% reduce 97%
13/05/10 00:12:14 INFO mapred.JobClient:  map 100% reduce 100%
13/05/10 00:12:19 INFO mapred.JobClient: Job complete: job_201305092341_0001
13/05/10 00:12:19 INFO mapred.JobClient: Counters: 29
13/05/10 00:12:19 INFO mapred.JobClient:   Job Counters 
13/05/10 00:12:19 INFO mapred.JobClient:     Launched reduce tasks=4
13/05/10 00:12:19 INFO mapred.JobClient:     SLOTS_MILLIS_MAPS=18551333
13/05/10 00:12:19 INFO mapred.JobClient:     Total time spent by all reduces waiting after reserving slots (ms)=0
13/05/10 00:12:19 INFO mapred.JobClient:     Total time spent by all maps waiting after reserving slots (ms)=0
13/05/10 00:12:19 INFO mapred.JobClient:     Launched map tasks=60
13/05/10 00:12:19 INFO mapred.JobClient:     Data-local map tasks=60
13/05/10 00:12:19 INFO mapred.JobClient:     SLOTS_MILLIS_REDUCES=4573854
13/05/10 00:12:19 INFO mapred.JobClient:   File Output Format Counters 
13/05/10 00:12:19 INFO mapred.JobClient:     Bytes Written=242712
13/05/10 00:12:19 INFO mapred.JobClient:   FileSystemCounters
13/05/10 00:12:19 INFO mapred.JobClient:     FILE_BYTES_READ=6669683951
13/05/10 00:12:19 INFO mapred.JobClient:     HDFS_BYTES_READ=2303278205
13/05/10 00:12:19 INFO mapred.JobClient:     FILE_BYTES_WRITTEN=9446770067
13/05/10 00:12:19 INFO mapred.JobClient:     HDFS_BYTES_WRITTEN=242712
13/05/10 00:12:19 INFO mapred.JobClient:   File Input Format Counters 
13/05/10 00:12:19 INFO mapred.JobClient:     Bytes Read=2289116733
13/05/10 00:12:19 INFO mapred.JobClient:   Map-Reduce Framework
13/05/10 00:12:19 INFO mapred.JobClient:     Map output materialized bytes=2667284508
13/05/10 00:12:19 INFO mapred.JobClient:     Map input records=150000000
13/05/10 00:12:19 INFO mapred.JobClient:     Reduce shuffle bytes=2587656540
13/05/10 00:12:19 INFO mapred.JobClient:     Spilled Records=520778670
13/05/10 00:12:19 INFO mapred.JobClient:     Map output bytes=3000000000
13/05/10 00:12:19 INFO mapred.JobClient:     CPU time spent (ms)=18415150
13/05/10 00:12:19 INFO mapred.JobClient:     Total committed heap usage (bytes)=49909268480
13/05/10 00:12:19 INFO mapred.JobClient:     Combine input records=0
13/05/10 00:12:19 INFO mapred.JobClient:     SPLIT_RAW_BYTES=7960
13/05/10 00:12:19 INFO mapred.JobClient:     Reduce input records=150000000
13/05/10 00:12:19 INFO mapred.JobClient:     Reduce input groups=10000
13/05/10 00:12:19 INFO mapred.JobClient:     Combine output records=0
13/05/10 00:12:19 INFO mapred.JobClient:     Physical memory (bytes) snapshot=30651637760
13/05/10 00:12:19 INFO mapred.JobClient:     Reduce output records=10000
13/05/10 00:12:19 INFO mapred.JobClient:     Virtual memory (bytes) snapshot=272135426048
13/05/10 00:12:19 INFO mapred.JobClient:     Map output records=150000000
Execution Time 1716904 ms

real	28m38.851s
user	0m4.718s
sys	0m0.611s
Retrieving Outputs
Warning: $HADOOP_HOME is deprecated.

get: Target /scratch/jmg3/kmeans.output/kmeans.output/_SUCCESS already exists
jmg3     15499  0.0  0.0 106084  1400 ?        Ss   00:12   0:00 bash -c ps aux | grep java
jmg3     15515  0.0  0.0 103232   844 ?        S    00:12   0:00 grep java
jmg3     19746  0.0  0.0  59072  3532 pts/0    T    May09   0:00 ssh -o ConnectTimeout=2 gpu-015 ps aux | grep java
jmg3     26305  0.0  0.0  59072  3528 pts/0    S+   00:12   0:00 ssh -o ConnectTimeout=2 gpu-016 ps aux | grep java
jmg3     26311  0.0  0.0 106084  1400 ?        Ss   00:12   0:00 bash -c ps aux | grep java
jmg3     26327  0.0  0.0 103232   848 ?        S    00:12   0:00 grep java
