2014-04-12 15:34:41,652 INFO org.apache.hadoop.mapred.TaskTracker: STARTUP_MSG: 
/************************************************************
STARTUP_MSG: Starting TaskTracker
STARTUP_MSG:   host = gpu-014.davinci.rice.edu/192.168.110.214
STARTUP_MSG:   args = []
STARTUP_MSG:   version = 1.0.4-SNAPSHOT
STARTUP_MSG:   build =  -r ; compiled by 'jmg3' on Fri Apr 11 17:54:37 CDT 2014
************************************************************/
2014-04-12 15:34:41,822 INFO org.apache.hadoop.metrics2.impl.MetricsConfig: loaded properties from hadoop-metrics2.properties
2014-04-12 15:34:41,878 INFO org.apache.hadoop.metrics2.impl.MetricsSourceAdapter: MBean for source MetricsSystem,sub=Stats registered.
2014-04-12 15:34:41,879 INFO org.apache.hadoop.metrics2.impl.MetricsSystemImpl: Scheduled snapshot period at 10 second(s).
2014-04-12 15:34:41,879 INFO org.apache.hadoop.metrics2.impl.MetricsSystemImpl: TaskTracker metrics system started
2014-04-12 15:34:42,023 INFO org.apache.hadoop.metrics2.impl.MetricsSourceAdapter: MBean for source ugi registered.
2014-04-12 15:34:42,194 INFO org.mortbay.log: Logging to org.slf4j.impl.Log4jLoggerAdapter(org.mortbay.log) via org.mortbay.log.Slf4jLog
2014-04-12 15:34:42,246 INFO org.apache.hadoop.http.HttpServer: Added global filtersafety (class=org.apache.hadoop.http.HttpServer$QuotingInputFilter)
2014-04-12 15:34:42,267 INFO org.apache.hadoop.mapred.TaskLogsTruncater: Initializing logs' truncater with mapRetainSize=-1 and reduceRetainSize=-1
2014-04-12 15:34:42,271 INFO org.apache.hadoop.mapred.TaskTracker: Starting tasktracker with owner as jmg3
2014-04-12 15:34:42,272 INFO org.apache.hadoop.mapred.TaskTracker: Good mapred local directories are: /tmp/hadoop/hadoop-jmg3/mapred/local
2014-04-12 15:34:42,276 WARN org.apache.hadoop.util.NativeCodeLoader: Unable to load native-hadoop library for your platform... using builtin-java classes where applicable
2014-04-12 15:34:42,282 INFO org.apache.hadoop.metrics2.impl.MetricsSourceAdapter: MBean for source jvm registered.
2014-04-12 15:34:42,283 INFO org.apache.hadoop.metrics2.impl.MetricsSourceAdapter: MBean for source TaskTrackerMetrics registered.
2014-04-12 15:34:42,296 INFO org.apache.hadoop.ipc.Server: Starting SocketReader
2014-04-12 15:34:42,298 INFO org.apache.hadoop.metrics2.impl.MetricsSourceAdapter: MBean for source RpcDetailedActivityForPort50890 registered.
2014-04-12 15:34:42,298 INFO org.apache.hadoop.metrics2.impl.MetricsSourceAdapter: MBean for source RpcActivityForPort50890 registered.
2014-04-12 15:34:42,301 INFO org.apache.hadoop.ipc.Server: IPC Server Responder: starting
2014-04-12 15:34:42,301 INFO org.apache.hadoop.ipc.Server: IPC Server listener on 50890: starting
2014-04-12 15:34:42,302 INFO org.apache.hadoop.ipc.Server: IPC Server handler 0 on 50890: starting
2014-04-12 15:34:42,302 INFO org.apache.hadoop.ipc.Server: IPC Server handler 1 on 50890: starting
2014-04-12 15:34:42,303 INFO org.apache.hadoop.ipc.Server: IPC Server handler 2 on 50890: starting
2014-04-12 15:34:42,304 INFO org.apache.hadoop.ipc.Server: IPC Server handler 3 on 50890: starting
2014-04-12 15:34:42,304 INFO org.apache.hadoop.ipc.Server: IPC Server handler 5 on 50890: starting
2014-04-12 15:34:42,304 INFO org.apache.hadoop.ipc.Server: IPC Server handler 4 on 50890: starting
2014-04-12 15:34:42,305 INFO org.apache.hadoop.ipc.Server: IPC Server handler 6 on 50890: starting
2014-04-12 15:34:42,306 INFO org.apache.hadoop.ipc.Server: IPC Server handler 7 on 50890: starting
2014-04-12 15:34:42,306 INFO org.apache.hadoop.ipc.Server: IPC Server handler 8 on 50890: starting
2014-04-12 15:34:42,307 INFO org.apache.hadoop.ipc.Server: IPC Server handler 9 on 50890: starting
2014-04-12 15:34:42,307 INFO org.apache.hadoop.ipc.Server: IPC Server handler 10 on 50890: starting
2014-04-12 15:34:42,308 INFO org.apache.hadoop.ipc.Server: IPC Server handler 11 on 50890: starting
2014-04-12 15:34:42,308 INFO org.apache.hadoop.ipc.Server: IPC Server handler 12 on 50890: starting
2014-04-12 15:34:42,309 INFO org.apache.hadoop.ipc.Server: IPC Server handler 13 on 50890: starting
2014-04-12 15:34:42,309 INFO org.apache.hadoop.ipc.Server: IPC Server handler 14 on 50890: starting
2014-04-12 15:34:42,310 INFO org.apache.hadoop.ipc.Server: IPC Server handler 15 on 50890: starting
2014-04-12 15:34:42,310 INFO org.apache.hadoop.ipc.Server: IPC Server handler 16 on 50890: starting
2014-04-12 15:34:42,311 INFO org.apache.hadoop.ipc.Server: IPC Server handler 17 on 50890: starting
2014-04-12 15:34:42,311 INFO org.apache.hadoop.ipc.Server: IPC Server handler 18 on 50890: starting
2014-04-12 15:34:42,311 INFO org.apache.hadoop.ipc.Server: IPC Server handler 19 on 50890: starting
2014-04-12 15:34:42,312 INFO org.apache.hadoop.ipc.Server: IPC Server handler 20 on 50890: starting
2014-04-12 15:34:42,312 INFO org.apache.hadoop.ipc.Server: IPC Server handler 21 on 50890: starting
2014-04-12 15:34:42,312 INFO org.apache.hadoop.mapred.TaskTracker: TaskTracker up at: localhost/127.0.0.1:50890
2014-04-12 15:34:42,312 INFO org.apache.hadoop.mapred.TaskTracker: Starting tracker tracker_gpu-014.davinci.rice.edu:localhost/127.0.0.1:50890
2014-04-12 15:34:42,312 INFO org.apache.hadoop.ipc.Server: IPC Server handler 22 on 50890: starting
2014-04-12 15:34:42,313 INFO org.apache.hadoop.ipc.Server: IPC Server handler 23 on 50890: starting
2014-04-12 15:34:42,352 INFO org.apache.hadoop.mapred.TaskTracker: Starting thread: Map-events fetcher for all reduce tasks on tracker_gpu-014.davinci.rice.edu:localhost/127.0.0.1:50890
2014-04-12 15:34:42,361 INFO org.apache.hadoop.util.ProcessTree: setsid exited with exit code 0
2014-04-12 15:34:42,364 INFO org.apache.hadoop.mapred.TaskTracker:  Using ResourceCalculatorPlugin : org.apache.hadoop.util.LinuxResourceCalculatorPlugin@4021065
2014-04-12 15:34:42,367 WARN org.apache.hadoop.mapred.TaskTracker: TaskTracker's totalMemoryAllottedForTasks is -1. TaskMemoryManager is disabled.
2014-04-12 15:34:42,370 INFO org.apache.hadoop.mapred.IndexCache: IndexCache created with max memory = 10485760
2014-04-12 15:34:44,160 INFO org.apache.hadoop.metrics2.impl.MetricsSourceAdapter: MBean for source ShuffleServerMetrics registered.
2014-04-12 15:34:44,163 INFO org.apache.hadoop.http.HttpServer: Port returned by webServer.getConnectors()[0].getLocalPort() before open() is -1. Opening the listener on 50061
2014-04-12 15:34:44,163 INFO org.apache.hadoop.http.HttpServer: listener.getLocalPort() returned 50061 webServer.getConnectors()[0].getLocalPort() returned 50061
2014-04-12 15:34:44,163 INFO org.apache.hadoop.http.HttpServer: Jetty bound to port 50061
2014-04-12 15:34:44,163 INFO org.mortbay.log: jetty-6.1.26
2014-04-12 15:34:44,430 INFO org.mortbay.log: Started SelectChannelConnector@0.0.0.0:50061
2014-04-12 15:34:44,441 INFO org.apache.hadoop.mapred.TaskTracker: FILE_CACHE_SIZE for mapOutputServlet set to : 2000
2014-04-12 15:36:05,714 INFO org.apache.hadoop.mapred.TaskTracker: LaunchTaskAction (registerTask): attempt_201404121534_0001_m_000013_0 task's state:UNASSIGNED
2014-04-12 15:36:05,718 INFO org.apache.hadoop.mapred.TaskTracker: Trying to launch : attempt_201404121534_0001_m_000013_0 which needs 1 slots
2014-04-12 15:36:05,718 INFO org.apache.hadoop.mapred.TaskTracker: In TaskLauncher, current free slots : 12 and trying to launch attempt_201404121534_0001_m_000013_0 which needs 1 slots
2014-04-12 15:36:05,872 INFO org.apache.hadoop.mapred.JobLocalizer: Initializing user jmg3 on this TT.
2014-04-12 15:36:06,001 INFO org.apache.hadoop.mapred.JvmManager: In JvmRunner constructed JVM ID: jvm_201404121534_0001_m_234860033
2014-04-12 15:36:06,002 INFO org.apache.hadoop.mapred.JvmManager: JVM Runner jvm_201404121534_0001_m_234860033 spawned.
2014-04-12 15:36:06,003 INFO org.apache.hadoop.mapred.TaskController: Writing commands to /tmp/hadoop/hadoop-jmg3/mapred/local/ttprivate/taskTracker/jmg3/jobcache/job_201404121534_0001/attempt_201404121534_0001_m_000013_0/taskjvm.sh
2014-04-12 15:36:06,658 INFO org.apache.hadoop.mapred.TaskTracker: JVM with ID: jvm_201404121534_0001_m_234860033 given task: attempt_201404121534_0001_m_000013_0
2014-04-12 15:36:10,086 INFO org.apache.hadoop.mapred.TaskTracker: attempt_201404121534_0001_m_000013_0 0.0% setup
2014-04-12 15:36:10,089 INFO org.apache.hadoop.mapred.TaskTracker: Task attempt_201404121534_0001_m_000013_0 is done.
2014-04-12 15:36:10,089 INFO org.apache.hadoop.mapred.TaskTracker: reported output size for attempt_201404121534_0001_m_000013_0  was -1
2014-04-12 15:36:10,090 INFO org.apache.hadoop.mapred.TaskTracker: addFreeSlot : current free slots : 12
2014-04-12 15:36:10,236 INFO org.apache.hadoop.mapred.JvmManager: JVM : jvm_201404121534_0001_m_234860033 exited with exit code 0. Number of tasks it ran: 1
2014-04-12 15:36:11,743 INFO org.apache.hadoop.mapred.TaskTracker: LaunchTaskAction (registerTask): attempt_201404121534_0001_m_000000_0 task's state:UNASSIGNED
2014-04-12 15:36:11,744 INFO org.apache.hadoop.mapred.TaskTracker: LaunchTaskAction (registerTask): attempt_201404121534_0001_m_000001_0 task's state:UNASSIGNED
2014-04-12 15:36:11,744 INFO org.apache.hadoop.mapred.TaskTracker: LaunchTaskAction (registerTask): attempt_201404121534_0001_m_000002_0 task's state:UNASSIGNED
2014-04-12 15:36:11,745 INFO org.apache.hadoop.mapred.TaskTracker: LaunchTaskAction (registerTask): attempt_201404121534_0001_m_000003_0 task's state:UNASSIGNED
2014-04-12 15:36:11,745 INFO org.apache.hadoop.mapred.TaskTracker: LaunchTaskAction (registerTask): attempt_201404121534_0001_m_000004_0 task's state:UNASSIGNED
2014-04-12 15:36:11,746 INFO org.apache.hadoop.mapred.TaskTracker: LaunchTaskAction (registerTask): attempt_201404121534_0001_m_000005_0 task's state:UNASSIGNED
2014-04-12 15:36:11,746 INFO org.apache.hadoop.mapred.TaskTracker: LaunchTaskAction (registerTask): attempt_201404121534_0001_m_000006_0 task's state:UNASSIGNED
2014-04-12 15:36:11,747 INFO org.apache.hadoop.mapred.TaskTracker: LaunchTaskAction (registerTask): attempt_201404121534_0001_m_000007_0 task's state:UNASSIGNED
2014-04-12 15:36:11,747 INFO org.apache.hadoop.mapred.TaskTracker: LaunchTaskAction (registerTask): attempt_201404121534_0001_m_000008_0 task's state:UNASSIGNED
2014-04-12 15:36:11,748 INFO org.apache.hadoop.mapred.TaskTracker: LaunchTaskAction (registerTask): attempt_201404121534_0001_m_000009_0 task's state:UNASSIGNED
2014-04-12 15:36:11,748 INFO org.apache.hadoop.mapred.TaskTracker: LaunchTaskAction (registerTask): attempt_201404121534_0001_m_000010_0 task's state:UNASSIGNED
2014-04-12 15:36:11,749 INFO org.apache.hadoop.mapred.TaskTracker: LaunchTaskAction (registerTask): attempt_201404121534_0001_m_000011_0 task's state:UNASSIGNED
2014-04-12 15:36:11,749 INFO org.apache.hadoop.mapred.TaskTracker: Trying to launch : attempt_201404121534_0001_m_000000_0 which needs 1 slots
2014-04-12 15:36:11,749 INFO org.apache.hadoop.mapred.TaskTracker: In TaskLauncher, current free slots : 12 and trying to launch attempt_201404121534_0001_m_000000_0 which needs 1 slots
2014-04-12 15:36:11,749 INFO org.apache.hadoop.mapred.TaskTracker: Received KillTaskAction for task: attempt_201404121534_0001_m_000013_0
2014-04-12 15:36:11,749 INFO org.apache.hadoop.mapred.TaskTracker: About to purge task: attempt_201404121534_0001_m_000013_0
2014-04-12 15:36:11,749 INFO org.apache.hadoop.mapred.TaskTracker: Trying to launch : attempt_201404121534_0001_m_000001_0 which needs 1 slots
2014-04-12 15:36:11,749 INFO org.apache.hadoop.mapred.TaskTracker: In TaskLauncher, current free slots : 11 and trying to launch attempt_201404121534_0001_m_000001_0 which needs 1 slots
2014-04-12 15:36:11,749 INFO org.apache.hadoop.mapred.IndexCache: Map ID attempt_201404121534_0001_m_000013_0 not found in cache
2014-04-12 15:36:11,750 INFO org.apache.hadoop.mapred.TaskTracker: Trying to launch : attempt_201404121534_0001_m_000002_0 which needs 1 slots
2014-04-12 15:36:11,750 INFO org.apache.hadoop.mapred.TaskTracker: In TaskLauncher, current free slots : 10 and trying to launch attempt_201404121534_0001_m_000002_0 which needs 1 slots
2014-04-12 15:36:11,752 INFO org.apache.hadoop.mapred.TaskTracker: Trying to launch : attempt_201404121534_0001_m_000003_0 which needs 1 slots
2014-04-12 15:36:11,754 INFO org.apache.hadoop.mapred.TaskTracker: In TaskLauncher, current free slots : 9 and trying to launch attempt_201404121534_0001_m_000003_0 which needs 1 slots
2014-04-12 15:36:11,754 INFO org.apache.hadoop.mapred.TaskTracker: Trying to launch : attempt_201404121534_0001_m_000004_0 which needs 1 slots
2014-04-12 15:36:11,754 INFO org.apache.hadoop.mapred.TaskTracker: In TaskLauncher, current free slots : 8 and trying to launch attempt_201404121534_0001_m_000004_0 which needs 1 slots
2014-04-12 15:36:11,754 INFO org.apache.hadoop.mapred.TaskTracker: Trying to launch : attempt_201404121534_0001_m_000005_0 which needs 1 slots
2014-04-12 15:36:11,754 INFO org.apache.hadoop.mapred.TaskTracker: In TaskLauncher, current free slots : 7 and trying to launch attempt_201404121534_0001_m_000005_0 which needs 1 slots
2014-04-12 15:36:11,756 INFO org.apache.hadoop.mapred.TaskTracker: Trying to launch : attempt_201404121534_0001_m_000006_0 which needs 1 slots
2014-04-12 15:36:11,756 INFO org.apache.hadoop.mapred.TaskTracker: In TaskLauncher, current free slots : 6 and trying to launch attempt_201404121534_0001_m_000006_0 which needs 1 slots
2014-04-12 15:36:11,756 INFO org.apache.hadoop.mapred.TaskTracker: Trying to launch : attempt_201404121534_0001_m_000007_0 which needs 1 slots
2014-04-12 15:36:11,757 INFO org.apache.hadoop.mapred.TaskTracker: In TaskLauncher, current free slots : 5 and trying to launch attempt_201404121534_0001_m_000007_0 which needs 1 slots
2014-04-12 15:36:11,759 INFO org.apache.hadoop.mapred.TaskTracker: Trying to launch : attempt_201404121534_0001_m_000008_0 which needs 1 slots
2014-04-12 15:36:11,759 INFO org.apache.hadoop.mapred.TaskTracker: In TaskLauncher, current free slots : 4 and trying to launch attempt_201404121534_0001_m_000008_0 which needs 1 slots
2014-04-12 15:36:11,759 INFO org.apache.hadoop.mapred.TaskTracker: Trying to launch : attempt_201404121534_0001_m_000009_0 which needs 1 slots
2014-04-12 15:36:11,762 INFO org.apache.hadoop.mapred.TaskTracker: In TaskLauncher, current free slots : 3 and trying to launch attempt_201404121534_0001_m_000009_0 which needs 1 slots
2014-04-12 15:36:11,764 INFO org.apache.hadoop.mapred.TaskTracker: Trying to launch : attempt_201404121534_0001_m_000010_0 which needs 1 slots
2014-04-12 15:36:11,764 INFO org.apache.hadoop.mapred.TaskTracker: In TaskLauncher, current free slots : 2 and trying to launch attempt_201404121534_0001_m_000010_0 which needs 1 slots
2014-04-12 15:36:11,766 INFO org.apache.hadoop.mapred.TaskTracker: Trying to launch : attempt_201404121534_0001_m_000011_0 which needs 1 slots
2014-04-12 15:36:11,766 INFO org.apache.hadoop.mapred.TaskTracker: In TaskLauncher, current free slots : 1 and trying to launch attempt_201404121534_0001_m_000011_0 which needs 1 slots
2014-04-12 15:36:11,767 INFO org.apache.hadoop.mapred.JvmManager: In JvmRunner constructed JVM ID: jvm_201404121534_0001_m_1953295252
2014-04-12 15:36:11,768 INFO org.apache.hadoop.mapred.JvmManager: JVM Runner jvm_201404121534_0001_m_1953295252 spawned.
2014-04-12 15:36:11,770 INFO org.apache.hadoop.mapred.JvmManager: In JvmRunner constructed JVM ID: jvm_201404121534_0001_m_680991397
2014-04-12 15:36:11,771 INFO org.apache.hadoop.mapred.JvmManager: JVM Runner jvm_201404121534_0001_m_680991397 spawned.
2014-04-12 15:36:11,771 INFO org.apache.hadoop.mapred.JvmManager: In JvmRunner constructed JVM ID: jvm_201404121534_0001_m_421416615
2014-04-12 15:36:11,771 INFO org.apache.hadoop.mapred.JvmManager: JVM Runner jvm_201404121534_0001_m_421416615 spawned.
2014-04-12 15:36:11,772 INFO org.apache.hadoop.mapred.JvmManager: In JvmRunner constructed JVM ID: jvm_201404121534_0001_m_1364186854
2014-04-12 15:36:11,772 INFO org.apache.hadoop.mapred.JvmManager: JVM Runner jvm_201404121534_0001_m_1364186854 spawned.
2014-04-12 15:36:11,772 INFO org.apache.hadoop.mapred.JvmManager: In JvmRunner constructed JVM ID: jvm_201404121534_0001_m_1516650146
2014-04-12 15:36:11,773 INFO org.apache.hadoop.mapred.JvmManager: JVM Runner jvm_201404121534_0001_m_1516650146 spawned.
2014-04-12 15:36:11,773 INFO org.apache.hadoop.mapred.JvmManager: In JvmRunner constructed JVM ID: jvm_201404121534_0001_m_29431843
2014-04-12 15:36:11,773 INFO org.apache.hadoop.mapred.JvmManager: JVM Runner jvm_201404121534_0001_m_29431843 spawned.
2014-04-12 15:36:11,773 INFO org.apache.hadoop.mapred.TaskController: Writing commands to /tmp/hadoop/hadoop-jmg3/mapred/local/ttprivate/taskTracker/jmg3/jobcache/job_201404121534_0001/attempt_201404121534_0001_m_000003_0/taskjvm.sh
2014-04-12 15:36:11,773 INFO org.apache.hadoop.mapred.JvmManager: In JvmRunner constructed JVM ID: jvm_201404121534_0001_m_326576636
2014-04-12 15:36:11,774 INFO org.apache.hadoop.mapred.TaskController: Writing commands to /tmp/hadoop/hadoop-jmg3/mapred/local/ttprivate/taskTracker/jmg3/jobcache/job_201404121534_0001/attempt_201404121534_0001_m_000002_0/taskjvm.sh
2014-04-12 15:36:11,775 INFO org.apache.hadoop.mapred.JvmManager: JVM Runner jvm_201404121534_0001_m_326576636 spawned.
2014-04-12 15:36:11,775 INFO org.apache.hadoop.mapred.JvmManager: In JvmRunner constructed JVM ID: jvm_201404121534_0001_m_1832113480
2014-04-12 15:36:11,775 INFO org.apache.hadoop.mapred.TaskController: Writing commands to /tmp/hadoop/hadoop-jmg3/mapred/local/ttprivate/taskTracker/jmg3/jobcache/job_201404121534_0001/attempt_201404121534_0001_m_000000_0/taskjvm.sh
2014-04-12 15:36:11,775 INFO org.apache.hadoop.mapred.JvmManager: JVM Runner jvm_201404121534_0001_m_1832113480 spawned.
2014-04-12 15:36:11,776 INFO org.apache.hadoop.mapred.TaskController: Writing commands to /tmp/hadoop/hadoop-jmg3/mapred/local/ttprivate/taskTracker/jmg3/jobcache/job_201404121534_0001/attempt_201404121534_0001_m_000006_0/taskjvm.sh
2014-04-12 15:36:11,776 INFO org.apache.hadoop.mapred.JvmManager: In JvmRunner constructed JVM ID: jvm_201404121534_0001_m_2093289607
2014-04-12 15:36:11,776 INFO org.apache.hadoop.mapred.JvmManager: JVM Runner jvm_201404121534_0001_m_2093289607 spawned.
2014-04-12 15:36:11,776 INFO org.apache.hadoop.mapred.TaskController: Writing commands to /tmp/hadoop/hadoop-jmg3/mapred/local/ttprivate/taskTracker/jmg3/jobcache/job_201404121534_0001/attempt_201404121534_0001_m_000005_0/taskjvm.sh
2014-04-12 15:36:11,776 INFO org.apache.hadoop.mapred.JvmManager: In JvmRunner constructed JVM ID: jvm_201404121534_0001_m_1859978379
2014-04-12 15:36:11,777 INFO org.apache.hadoop.mapred.JvmManager: JVM Runner jvm_201404121534_0001_m_1859978379 spawned.
2014-04-12 15:36:11,777 INFO org.apache.hadoop.mapred.TaskController: Writing commands to /tmp/hadoop/hadoop-jmg3/mapred/local/ttprivate/taskTracker/jmg3/jobcache/job_201404121534_0001/attempt_201404121534_0001_m_000007_0/taskjvm.sh
2014-04-12 15:36:11,777 INFO org.apache.hadoop.mapred.TaskController: Writing commands to /tmp/hadoop/hadoop-jmg3/mapred/local/ttprivate/taskTracker/jmg3/jobcache/job_201404121534_0001/attempt_201404121534_0001_m_000004_0/taskjvm.sh
2014-04-12 15:36:11,778 INFO org.apache.hadoop.mapred.TaskController: Writing commands to /tmp/hadoop/hadoop-jmg3/mapred/local/ttprivate/taskTracker/jmg3/jobcache/job_201404121534_0001/attempt_201404121534_0001_m_000001_0/taskjvm.sh
2014-04-12 15:36:11,778 INFO org.apache.hadoop.mapred.TaskController: Writing commands to /tmp/hadoop/hadoop-jmg3/mapred/local/ttprivate/taskTracker/jmg3/jobcache/job_201404121534_0001/attempt_201404121534_0001_m_000010_0/taskjvm.sh
2014-04-12 15:36:11,777 INFO org.apache.hadoop.mapred.JvmManager: In JvmRunner constructed JVM ID: jvm_201404121534_0001_m_730113957
2014-04-12 15:36:11,780 INFO org.apache.hadoop.mapred.JvmManager: JVM Runner jvm_201404121534_0001_m_730113957 spawned.
2014-04-12 15:36:11,782 INFO org.apache.hadoop.mapred.JvmManager: In JvmRunner constructed JVM ID: jvm_201404121534_0001_m_1725125774
2014-04-12 15:36:11,788 INFO org.apache.hadoop.mapred.JvmManager: JVM Runner jvm_201404121534_0001_m_1725125774 spawned.
2014-04-12 15:36:11,796 INFO org.apache.hadoop.mapred.TaskController: Writing commands to /tmp/hadoop/hadoop-jmg3/mapred/local/ttprivate/taskTracker/jmg3/jobcache/job_201404121534_0001/attempt_201404121534_0001_m_000011_0/taskjvm.sh
2014-04-12 15:36:11,797 INFO org.apache.hadoop.mapred.TaskController: Writing commands to /tmp/hadoop/hadoop-jmg3/mapred/local/ttprivate/taskTracker/jmg3/jobcache/job_201404121534_0001/attempt_201404121534_0001_m_000009_0/taskjvm.sh
2014-04-12 15:36:11,797 INFO org.apache.hadoop.mapred.TaskController: Writing commands to /tmp/hadoop/hadoop-jmg3/mapred/local/ttprivate/taskTracker/jmg3/jobcache/job_201404121534_0001/attempt_201404121534_0001_m_000008_0/taskjvm.sh
2014-04-12 15:36:12,775 INFO org.apache.hadoop.mapred.TaskTracker: JVM with ID: jvm_201404121534_0001_m_1364186854 given task: attempt_201404121534_0001_m_000007_0
2014-04-12 15:36:12,785 INFO org.apache.hadoop.mapred.TaskTracker: JVM with ID: jvm_201404121534_0001_m_326576636 given task: attempt_201404121534_0001_m_000004_0
2014-04-12 15:36:12,844 INFO org.apache.hadoop.mapred.TaskTracker: JVM with ID: jvm_201404121534_0001_m_680991397 given task: attempt_201404121534_0001_m_000002_0
2014-04-12 15:36:12,850 INFO org.apache.hadoop.mapred.TaskTracker: JVM with ID: jvm_201404121534_0001_m_421416615 given task: attempt_201404121534_0001_m_000000_0
2014-04-12 15:36:12,860 INFO org.apache.hadoop.mapred.TaskTracker: JVM with ID: jvm_201404121534_0001_m_29431843 given task: attempt_201404121534_0001_m_000006_0
2014-04-12 15:36:12,876 INFO org.apache.hadoop.mapred.TaskTracker: JVM with ID: jvm_201404121534_0001_m_1859978379 given task: attempt_201404121534_0001_m_000010_0
2014-04-12 15:36:12,879 INFO org.apache.hadoop.mapred.TaskTracker: JVM with ID: jvm_201404121534_0001_m_1725125774 given task: attempt_201404121534_0001_m_000008_0
2014-04-12 15:36:12,893 INFO org.apache.hadoop.mapred.TaskTracker: JVM with ID: jvm_201404121534_0001_m_1832113480 given task: attempt_201404121534_0001_m_000001_0
2014-04-12 15:36:12,897 INFO org.apache.hadoop.mapred.TaskTracker: JVM with ID: jvm_201404121534_0001_m_730113957 given task: attempt_201404121534_0001_m_000009_0
2014-04-12 15:36:12,898 INFO org.apache.hadoop.mapred.TaskTracker: JVM with ID: jvm_201404121534_0001_m_1953295252 given task: attempt_201404121534_0001_m_000003_0
2014-04-12 15:36:12,932 INFO org.apache.hadoop.mapred.TaskTracker: JVM with ID: jvm_201404121534_0001_m_2093289607 given task: attempt_201404121534_0001_m_000011_0
2014-04-12 15:36:13,001 INFO org.apache.hadoop.mapred.TaskTracker: JVM with ID: jvm_201404121534_0001_m_1516650146 given task: attempt_201404121534_0001_m_000005_0
2014-04-12 15:36:19,932 INFO org.apache.hadoop.mapred.TaskTracker: attempt_201404121534_0001_m_000004_0 0.22064592% 
2014-04-12 15:36:20,161 INFO org.apache.hadoop.mapred.TaskTracker: attempt_201404121534_0001_m_000008_0 0.12118844% 
2014-04-12 15:36:20,286 INFO org.apache.hadoop.mapred.TaskTracker: attempt_201404121534_0001_m_000001_0 0.118207656% 
2014-04-12 15:36:20,689 INFO org.apache.hadoop.mapred.TaskTracker: attempt_201404121534_0001_m_000002_0 0.13954958% 
2014-04-12 15:36:22,774 INFO org.apache.hadoop.mapred.TaskTracker: attempt_201404121534_0001_m_000007_0 0.25915554% 
2014-04-12 15:36:22,775 INFO org.apache.hadoop.mapred.TaskTracker: attempt_201404121534_0001_m_000011_0 0.12941356% 
2014-04-12 15:36:23,366 INFO org.apache.hadoop.mapred.TaskTracker: attempt_201404121534_0001_m_000005_0 0.20958397% 
2014-04-12 15:36:23,368 INFO org.apache.hadoop.mapred.TaskTracker: attempt_201404121534_0001_m_000004_0 0.37140507% 
2014-04-12 15:36:23,372 INFO org.apache.hadoop.mapred.TaskTracker: attempt_201404121534_0001_m_000009_0 0.23108844% 
2014-04-12 15:36:23,390 INFO org.apache.hadoop.mapred.TaskTracker: attempt_201404121534_0001_m_000006_0 0.18523826% 
2014-04-12 15:36:23,413 INFO org.apache.hadoop.mapred.TaskTracker: attempt_201404121534_0001_m_000000_0 0.21851407% 
2014-04-12 15:36:23,419 INFO org.apache.hadoop.mapred.TaskTracker: attempt_201404121534_0001_m_000010_0 0.25031394% 
2014-04-12 15:36:23,501 INFO org.apache.hadoop.mapred.TaskTracker: attempt_201404121534_0001_m_000003_0 0.21313547% 
2014-04-12 15:36:23,688 INFO org.apache.hadoop.mapred.TaskTracker: attempt_201404121534_0001_m_000001_0 0.2853858% 
2014-04-12 15:36:24,125 INFO org.apache.hadoop.mapred.TaskTracker: attempt_201404121534_0001_m_000008_0 0.26572192% 
2014-04-12 15:36:26,143 INFO org.apache.hadoop.mapred.TaskTracker: attempt_201404121534_0001_m_000011_0 0.36995602% 
2014-04-12 15:36:26,603 INFO org.apache.hadoop.mapred.TaskTracker: attempt_201404121534_0001_m_000002_0 0.38347018% 
2014-04-12 15:36:26,750 INFO org.apache.hadoop.mapred.TaskTracker: attempt_201404121534_0001_m_000004_0 0.44805947% 
2014-04-12 15:36:26,809 INFO org.apache.hadoop.mapred.TaskTracker: attempt_201404121534_0001_m_000009_0 0.34578934% 
2014-04-12 15:36:26,823 INFO org.apache.hadoop.mapred.TaskTracker: attempt_201404121534_0001_m_000005_0 0.2987188% 
2014-04-12 15:36:26,843 INFO org.apache.hadoop.mapred.TaskTracker: attempt_201404121534_0001_m_000006_0 0.29169172% 
2014-04-12 15:36:26,851 INFO org.apache.hadoop.mapred.TaskTracker: attempt_201404121534_0001_m_000000_0 0.326376% 
2014-04-12 15:36:26,871 INFO org.apache.hadoop.mapred.TaskTracker: attempt_201404121534_0001_m_000010_0 0.29666042% 
2014-04-12 15:36:26,997 INFO org.apache.hadoop.mapred.TaskTracker: attempt_201404121534_0001_m_000003_0 0.30000773% 
2014-04-12 15:36:27,120 INFO org.apache.hadoop.mapred.TaskTracker: attempt_201404121534_0001_m_000001_0 0.40249258% 
2014-04-12 15:36:27,426 INFO org.apache.hadoop.mapred.TaskTracker: attempt_201404121534_0001_m_000008_0 0.37070256% 
2014-04-12 15:36:27,481 INFO org.apache.hadoop.mapred.TaskTracker: attempt_201404121534_0001_m_000007_0 0.4896072% 
2014-04-12 15:36:29,615 INFO org.apache.hadoop.mapred.TaskTracker: attempt_201404121534_0001_m_000011_0 0.47055933% 
2014-04-12 15:36:30,082 INFO org.apache.hadoop.mapred.TaskTracker: attempt_201404121534_0001_m_000002_0 0.47334787% 
2014-04-12 15:36:30,283 INFO org.apache.hadoop.mapred.TaskTracker: attempt_201404121534_0001_m_000009_0 0.42232326% 
2014-04-12 15:36:30,402 INFO org.apache.hadoop.mapred.TaskTracker: attempt_201404121534_0001_m_000003_0 0.40634868% 
2014-04-12 15:36:30,453 INFO org.apache.hadoop.mapred.TaskTracker: attempt_201404121534_0001_m_000001_0 0.51331717% 
2014-04-12 15:36:30,678 INFO org.apache.hadoop.mapred.TaskTracker: attempt_201404121534_0001_m_000000_0 0.39865553% 
2014-04-12 15:36:30,764 INFO org.apache.hadoop.mapred.TaskTracker: attempt_201404121534_0001_m_000010_0 0.38759306% 
2014-04-12 15:36:30,798 INFO org.apache.hadoop.mapred.TaskTracker: attempt_201404121534_0001_m_000005_0 0.39084947% 
2014-04-12 15:36:30,848 INFO org.apache.hadoop.mapred.TaskTracker: attempt_201404121534_0001_m_000008_0 0.45680332% 
2014-04-12 15:36:30,955 INFO org.apache.hadoop.mapred.TaskTracker: attempt_201404121534_0001_m_000007_0 0.58491564% 
2014-04-12 15:36:31,660 INFO org.apache.hadoop.mapred.TaskTracker: attempt_201404121534_0001_m_000006_0 0.39131796% 
2014-04-12 15:36:33,520 INFO org.apache.hadoop.mapred.TaskTracker: attempt_201404121534_0001_m_000002_0 0.5291614% 
2014-04-12 15:36:33,521 INFO org.apache.hadoop.mapred.TaskTracker: attempt_201404121534_0001_m_000011_0 0.56320894% 
2014-04-12 15:36:33,522 INFO org.apache.hadoop.mapred.TaskTracker: attempt_201404121534_0001_m_000004_0 0.5307086% 
2014-04-12 15:36:33,750 INFO org.apache.hadoop.mapred.TaskTracker: attempt_201404121534_0001_m_000009_0 0.5050361% 
2014-04-12 15:36:33,787 INFO org.apache.hadoop.mapred.TaskTracker: attempt_201404121534_0001_m_000003_0 0.4984176% 
2014-04-12 15:36:33,828 INFO org.apache.hadoop.mapred.TaskTracker: attempt_201404121534_0001_m_000001_0 0.5845986% 
2014-04-12 15:36:34,125 INFO org.apache.hadoop.mapred.TaskTracker: attempt_201404121534_0001_m_000000_0 0.5054161% 
2014-04-12 15:36:34,188 INFO org.apache.hadoop.mapred.TaskTracker: attempt_201404121534_0001_m_000010_0 0.52267164% 
2014-04-12 15:36:34,308 INFO org.apache.hadoop.mapred.TaskTracker: attempt_201404121534_0001_m_000005_0 0.48590678% 
2014-04-12 15:36:34,839 INFO org.apache.hadoop.mapred.TaskTracker: attempt_201404121534_0001_m_000008_0 0.5329042% 
2014-04-12 15:36:35,948 INFO org.apache.hadoop.mapred.TaskTracker: attempt_201404121534_0001_m_000007_0 0.67022187% 
2014-04-12 15:36:36,851 INFO org.apache.hadoop.mapred.TaskTracker: attempt_201404121534_0001_m_000002_0 0.62423056% 
2014-04-12 15:36:36,876 INFO org.apache.hadoop.mapred.TaskTracker: attempt_201404121534_0001_m_000004_0 0.63838506% 
2014-04-12 15:36:36,897 INFO org.apache.hadoop.mapred.TaskTracker: attempt_201404121534_0001_m_000011_0 0.663772% 
2014-04-12 15:36:37,045 INFO org.apache.hadoop.mapred.TaskTracker: attempt_201404121534_0001_m_000009_0 0.5766538% 
2014-04-12 15:36:37,182 INFO org.apache.hadoop.mapred.TaskTracker: attempt_201404121534_0001_m_000001_0 0.670125% 
2014-04-12 15:36:37,188 INFO org.apache.hadoop.mapred.TaskTracker: attempt_201404121534_0001_m_000003_0 0.5839126% 
2014-04-12 15:36:37,362 INFO org.apache.hadoop.mapred.TaskTracker: attempt_201404121534_0001_m_000000_0 0.59134114% 
2014-04-12 15:36:37,488 INFO org.apache.hadoop.mapred.TaskTracker: attempt_201404121534_0001_m_000010_0 0.5882231% 
2014-04-12 15:36:37,817 INFO org.apache.hadoop.mapred.TaskTracker: attempt_201404121534_0001_m_000005_0 0.5482004% 
2014-04-12 15:36:38,128 INFO org.apache.hadoop.mapred.TaskTracker: attempt_201404121534_0001_m_000008_0 0.6343323% 
2014-04-12 15:36:38,505 INFO org.apache.hadoop.mapred.TaskTracker: attempt_201404121534_0001_m_000006_0 0.5312659% 
2014-04-12 15:36:39,887 INFO org.apache.hadoop.mapred.TaskTracker: attempt_201404121534_0001_m_000007_0 0.7836359% 
2014-04-12 15:36:40,221 INFO org.apache.hadoop.mapred.TaskTracker: attempt_201404121534_0001_m_000002_0 0.73510987% 
2014-04-12 15:36:40,230 INFO org.apache.hadoop.mapred.TaskTracker: attempt_201404121534_0001_m_000004_0 0.73062974% 
2014-04-12 15:36:40,473 INFO org.apache.hadoop.mapred.TaskTracker: attempt_201404121534_0001_m_000003_0 0.6682053% 
2014-04-12 15:36:40,767 INFO org.apache.hadoop.mapred.TaskTracker: attempt_201404121534_0001_m_000009_0 0.670569% 
2014-04-12 15:36:40,830 INFO org.apache.hadoop.mapred.TaskTracker: attempt_201404121534_0001_m_000001_0 0.7771978% 
2014-04-12 15:36:41,118 INFO org.apache.hadoop.mapred.TaskTracker: attempt_201404121534_0001_m_000005_0 0.6497635% 
2014-04-12 15:36:41,175 INFO org.apache.hadoop.mapred.TaskTracker: attempt_201404121534_0001_m_000011_0 0.7816354% 
2014-04-12 15:36:41,264 INFO org.apache.hadoop.mapred.TaskTracker: attempt_201404121534_0001_m_000010_0 0.6712172% 
2014-04-12 15:36:41,334 INFO org.apache.hadoop.mapred.TaskTracker: attempt_201404121534_0001_m_000000_0 0.667509% 
2014-04-12 15:36:41,453 INFO org.apache.hadoop.mapred.TaskTracker: attempt_201404121534_0001_m_000008_0 0.7454433% 
2014-04-12 15:36:41,977 INFO org.apache.hadoop.mapred.TaskTracker: attempt_201404121534_0001_m_000006_0 0.6188302% 
2014-04-12 15:36:43,250 INFO org.apache.hadoop.mapred.TaskTracker: attempt_201404121534_0001_m_000007_0 0.8885836% 
2014-04-12 15:36:43,493 INFO org.apache.hadoop.mapred.TaskTracker: attempt_201404121534_0001_m_000004_0 0.7972851% 
2014-04-12 15:36:43,583 INFO org.apache.hadoop.mapred.TaskTracker: attempt_201404121534_0001_m_000002_0 0.8332962% 
2014-04-12 15:36:44,111 INFO org.apache.hadoop.mapred.TaskTracker: attempt_201404121534_0001_m_000001_0 0.8793304% 
2014-04-12 15:36:44,111 INFO org.apache.hadoop.mapred.TaskTracker: attempt_201404121534_0001_m_000003_0 0.7806894% 
2014-04-12 15:36:44,382 INFO org.apache.hadoop.mapred.TaskTracker: attempt_201404121534_0001_m_000009_0 0.7852834% 
2014-04-12 15:36:44,426 INFO org.apache.hadoop.mapred.TaskTracker: attempt_201404121534_0001_m_000005_0 0.6893148% 
2014-04-12 15:36:44,532 INFO org.apache.hadoop.mapred.TaskTracker: attempt_201404121534_0001_m_000011_0 0.87094694% 
2014-04-12 15:36:44,607 INFO org.apache.hadoop.mapred.TaskTracker: attempt_201404121534_0001_m_000010_0 0.7701449% 
2014-04-12 15:36:44,775 INFO org.apache.hadoop.mapred.TaskTracker: attempt_201404121534_0001_m_000008_0 0.8260309% 
2014-04-12 15:36:45,081 INFO org.apache.hadoop.mapred.TaskTracker: attempt_201404121534_0001_m_000000_0 0.7718181% 
2014-04-12 15:36:45,388 INFO org.apache.hadoop.mapred.TaskTracker: attempt_201404121534_0001_m_000006_0 0.69024783% 
2014-04-12 15:36:46,533 INFO org.apache.hadoop.mapred.TaskTracker: attempt_201404121534_0001_m_000007_0 0.98721886% 
2014-04-12 15:36:46,840 INFO org.apache.hadoop.mapred.TaskTracker: attempt_201404121534_0001_m_000004_0 0.8799851% 
2014-04-12 15:36:47,110 INFO org.apache.hadoop.mapred.TaskTracker: attempt_201404121534_0001_m_000002_0 0.91249555% 
2014-04-12 15:36:47,332 INFO org.apache.hadoop.mapred.TaskTracker: attempt_201404121534_0001_m_000001_0 0.9473422% 
2014-04-12 15:36:47,348 INFO org.apache.hadoop.mapred.TaskTracker: attempt_201404121534_0001_m_000003_0 0.8791926% 
2014-04-12 15:36:47,683 INFO org.apache.hadoop.mapred.TaskTracker: attempt_201404121534_0001_m_000009_0 0.887192% 
2014-04-12 15:36:47,685 INFO org.apache.hadoop.mapred.TaskTracker: attempt_201404121534_0001_m_000005_0 0.7947561% 
2014-04-12 15:36:47,823 INFO org.apache.hadoop.mapred.TaskTracker: attempt_201404121534_0001_m_000011_0 0.9570418% 
2014-04-12 15:36:47,832 INFO org.apache.hadoop.mapred.TaskTracker: attempt_201404121534_0001_m_000010_0 0.8496929% 
2014-04-12 15:36:48,335 INFO org.apache.hadoop.mapred.TaskTracker: attempt_201404121534_0001_m_000000_0 0.86524487% 
2014-04-12 15:36:48,600 INFO org.apache.hadoop.mapred.TaskTracker: attempt_201404121534_0001_m_000008_0 0.91401947% 
2014-04-12 15:36:48,796 INFO org.apache.hadoop.mapred.TaskTracker: attempt_201404121534_0001_m_000006_0 0.7839958% 
2014-04-12 15:36:49,881 INFO org.apache.hadoop.mapred.TaskTracker: attempt_201404121534_0001_m_000007_0 1.0% 
2014-04-12 15:36:50,058 INFO org.apache.hadoop.mapred.TaskTracker: attempt_201404121534_0001_m_000004_0 0.9607896% 
2014-04-12 15:36:50,338 INFO org.apache.hadoop.mapred.TaskTracker: attempt_201404121534_0001_m_000002_0 1.0% 
2014-04-12 15:36:50,616 INFO org.apache.hadoop.mapred.TaskTracker: attempt_201404121534_0001_m_000003_0 0.9774536% 
2014-04-12 15:36:50,629 INFO org.apache.hadoop.mapred.TaskTracker: attempt_201404121534_0001_m_000001_0 1.0% 
2014-04-12 15:36:51,082 INFO org.apache.hadoop.mapred.TaskTracker: attempt_201404121534_0001_m_000010_0 0.9311855% 
2014-04-12 15:36:51,096 INFO org.apache.hadoop.mapred.TaskTracker: attempt_201404121534_0001_m_000011_0 1.0% 
2014-04-12 15:36:51,133 INFO org.apache.hadoop.mapred.TaskTracker: attempt_201404121534_0001_m_000009_0 0.9876305% 
2014-04-12 15:36:51,399 INFO org.apache.hadoop.mapred.TaskTracker: attempt_201404121534_0001_m_000005_0 0.90399706% 
2014-04-12 15:36:51,510 INFO org.apache.hadoop.mapred.TaskTracker: attempt_201404121534_0001_m_000000_0 0.98218733% 
2014-04-12 15:36:51,800 INFO org.apache.hadoop.mapred.TaskTracker: attempt_201404121534_0001_m_000008_0 1.0% 
2014-04-12 15:36:51,985 INFO org.apache.hadoop.mapred.TaskTracker: attempt_201404121534_0001_m_000006_0 0.8981544% 
2014-04-12 15:36:53,050 INFO org.apache.hadoop.mapred.TaskTracker: attempt_201404121534_0001_m_000007_0 1.0% 
2014-04-12 15:36:53,283 INFO org.apache.hadoop.mapred.TaskTracker: attempt_201404121534_0001_m_000004_0 1.0% 
2014-04-12 15:36:53,513 INFO org.apache.hadoop.mapred.TaskTracker: attempt_201404121534_0001_m_000002_0 1.0% 
2014-04-12 15:36:53,801 INFO org.apache.hadoop.mapred.TaskTracker: attempt_201404121534_0001_m_000003_0 1.0% 
2014-04-12 15:36:53,861 INFO org.apache.hadoop.mapred.TaskTracker: attempt_201404121534_0001_m_000001_0 1.0% 
2014-04-12 15:36:54,249 INFO org.apache.hadoop.mapred.TaskTracker: attempt_201404121534_0001_m_000010_0 1.0% 
2014-04-12 15:36:54,300 INFO org.apache.hadoop.mapred.TaskTracker: attempt_201404121534_0001_m_000009_0 1.0% 
2014-04-12 15:36:54,308 INFO org.apache.hadoop.mapred.TaskTracker: attempt_201404121534_0001_m_000011_0 1.0% 
2014-04-12 15:36:54,550 INFO org.apache.hadoop.mapred.TaskTracker: attempt_201404121534_0001_m_000005_0 1.0% 
2014-04-12 15:36:54,638 INFO org.apache.hadoop.mapred.TaskTracker: attempt_201404121534_0001_m_000000_0 1.0% 
2014-04-12 15:36:54,967 INFO org.apache.hadoop.mapred.TaskTracker: attempt_201404121534_0001_m_000008_0 1.0% 
2014-04-12 15:36:55,097 INFO org.apache.hadoop.mapred.TaskTracker: attempt_201404121534_0001_m_000006_0 1.0% 
2014-04-12 15:36:56,251 INFO org.apache.hadoop.mapred.TaskTracker: attempt_201404121534_0001_m_000007_0 1.0% 
2014-04-12 15:36:56,426 INFO org.apache.hadoop.mapred.TaskTracker: attempt_201404121534_0001_m_000004_0 1.0% 
2014-04-12 15:36:56,640 INFO org.apache.hadoop.mapred.TaskTracker: attempt_201404121534_0001_m_000002_0 1.0% 
2014-04-12 15:36:56,978 INFO org.apache.hadoop.mapred.TaskTracker: attempt_201404121534_0001_m_000003_0 1.0% 
2014-04-12 15:36:57,036 INFO org.apache.hadoop.mapred.TaskTracker: attempt_201404121534_0001_m_000001_0 1.0% 
2014-04-12 15:36:57,382 INFO org.apache.hadoop.mapred.TaskTracker: attempt_201404121534_0001_m_000010_0 1.0% 
2014-04-12 15:36:57,427 INFO org.apache.hadoop.mapred.TaskTracker: attempt_201404121534_0001_m_000011_0 1.0% 
2014-04-12 15:36:57,439 INFO org.apache.hadoop.mapred.TaskTracker: attempt_201404121534_0001_m_000009_0 1.0% 
2014-04-12 15:36:57,622 INFO org.apache.hadoop.mapred.TaskTracker: attempt_201404121534_0001_m_000005_0 1.0% 
2014-04-12 15:36:57,728 INFO org.apache.hadoop.mapred.TaskTracker: attempt_201404121534_0001_m_000000_0 1.0% 
2014-04-12 15:36:58,062 INFO org.apache.hadoop.mapred.TaskTracker: attempt_201404121534_0001_m_000008_0 1.0% 
2014-04-12 15:36:58,179 INFO org.apache.hadoop.mapred.TaskTracker: attempt_201404121534_0001_m_000006_0 1.0% 
2014-04-12 15:36:59,350 INFO org.apache.hadoop.mapred.TaskTracker: attempt_201404121534_0001_m_000007_0 1.0% 
2014-04-12 15:36:59,485 INFO org.apache.hadoop.mapred.TaskTracker: attempt_201404121534_0001_m_000004_0 1.0% 
2014-04-12 15:36:59,707 INFO org.apache.hadoop.mapred.TaskTracker: attempt_201404121534_0001_m_000002_0 1.0% 
2014-04-12 15:37:00,103 INFO org.apache.hadoop.mapred.TaskTracker: attempt_201404121534_0001_m_000003_0 1.0% 
2014-04-12 15:37:00,150 INFO org.apache.hadoop.mapred.TaskTracker: attempt_201404121534_0001_m_000001_0 1.0% 
2014-04-12 15:37:00,496 INFO org.apache.hadoop.mapred.TaskTracker: attempt_201404121534_0001_m_000010_0 1.0% 
2014-04-12 15:37:00,523 INFO org.apache.hadoop.mapred.TaskTracker: attempt_201404121534_0001_m_000011_0 1.0% 
2014-04-12 15:37:00,538 INFO org.apache.hadoop.mapred.TaskTracker: attempt_201404121534_0001_m_000009_0 1.0% 
2014-04-12 15:37:00,746 INFO org.apache.hadoop.mapred.TaskTracker: attempt_201404121534_0001_m_000005_0 1.0% 
2014-04-12 15:37:00,791 INFO org.apache.hadoop.mapred.TaskTracker: attempt_201404121534_0001_m_000000_0 1.0% 
2014-04-12 15:37:01,144 INFO org.apache.hadoop.mapred.TaskTracker: attempt_201404121534_0001_m_000008_0 1.0% 
2014-04-12 15:37:01,284 INFO org.apache.hadoop.mapred.TaskTracker: attempt_201404121534_0001_m_000006_0 1.0% 
2014-04-12 15:37:02,381 INFO org.apache.hadoop.mapred.TaskTracker: attempt_201404121534_0001_m_000007_0 1.0% 
2014-04-12 15:37:03,923 INFO org.apache.hadoop.mapred.TaskTracker: attempt_201404121534_0001_m_000000_0 1.0% 
2014-04-12 15:37:03,923 INFO org.apache.hadoop.mapred.TaskTracker: attempt_201404121534_0001_m_000005_0 1.0% 
2014-04-12 15:37:03,926 INFO org.apache.hadoop.mapred.TaskTracker: attempt_201404121534_0001_m_000009_0 1.0% 
2014-04-12 15:37:03,926 INFO org.apache.hadoop.mapred.TaskTracker: attempt_201404121534_0001_m_000011_0 1.0% 
2014-04-12 15:37:03,933 INFO org.apache.hadoop.mapred.TaskTracker: attempt_201404121534_0001_m_000010_0 1.0% 
2014-04-12 15:37:03,934 INFO org.apache.hadoop.mapred.TaskTracker: attempt_201404121534_0001_m_000001_0 1.0% 
2014-04-12 15:37:03,934 INFO org.apache.hadoop.mapred.TaskTracker: attempt_201404121534_0001_m_000003_0 1.0% 
2014-04-12 15:37:03,935 INFO org.apache.hadoop.mapred.TaskTracker: attempt_201404121534_0001_m_000002_0 1.0% 
2014-04-12 15:37:03,935 INFO org.apache.hadoop.mapred.TaskTracker: attempt_201404121534_0001_m_000004_0 1.0% 
2014-04-12 15:37:04,200 INFO org.apache.hadoop.mapred.TaskTracker: attempt_201404121534_0001_m_000008_0 1.0% 
2014-04-12 15:37:04,381 INFO org.apache.hadoop.mapred.TaskTracker: attempt_201404121534_0001_m_000006_0 1.0% 
2014-04-12 15:37:06,969 INFO org.apache.hadoop.mapred.TaskTracker: attempt_201404121534_0001_m_000001_0 1.0% 
2014-04-12 15:37:08,995 INFO org.apache.hadoop.mapred.TaskTracker: attempt_201404121534_0001_m_000006_0 1.0% 
2014-04-12 15:37:08,995 INFO org.apache.hadoop.mapred.TaskTracker: attempt_201404121534_0001_m_000008_0 1.0% 
2014-04-12 15:37:08,996 INFO org.apache.hadoop.mapred.TaskTracker: attempt_201404121534_0001_m_000005_0 1.0% 
2014-04-12 15:37:08,996 INFO org.apache.hadoop.mapred.TaskTracker: attempt_201404121534_0001_m_000000_0 1.0% 
2014-04-12 15:37:08,996 INFO org.apache.hadoop.mapred.TaskTracker: attempt_201404121534_0001_m_000002_0 1.0% 
2014-04-12 15:37:08,997 INFO org.apache.hadoop.mapred.TaskTracker: attempt_201404121534_0001_m_000004_0 1.0% 
2014-04-12 15:37:08,997 INFO org.apache.hadoop.mapred.TaskTracker: attempt_201404121534_0001_m_000010_0 1.0% 
2014-04-12 15:37:08,997 INFO org.apache.hadoop.mapred.TaskTracker: attempt_201404121534_0001_m_000003_0 1.0% 
2014-04-12 15:37:08,998 INFO org.apache.hadoop.mapred.TaskTracker: attempt_201404121534_0001_m_000009_0 1.0% 
2014-04-12 15:37:08,998 INFO org.apache.hadoop.mapred.TaskTracker: attempt_201404121534_0001_m_000011_0 1.0% 
2014-04-12 15:37:08,999 INFO org.apache.hadoop.mapred.TaskTracker: attempt_201404121534_0001_m_000007_0 1.0% 
2014-04-12 15:37:08,999 INFO org.apache.hadoop.mapred.TaskTracker: attempt_201404121534_0001_m_000008_0 1.0% 
2014-04-12 15:37:08,999 INFO org.apache.hadoop.mapred.TaskTracker: attempt_201404121534_0001_m_000005_0 1.0% 
2014-04-12 15:37:09,001 INFO org.apache.hadoop.mapred.TaskTracker: attempt_201404121534_0001_m_000011_0 1.0% 
2014-04-12 15:37:09,001 INFO org.apache.hadoop.mapred.TaskTracker: attempt_201404121534_0001_m_000007_0 1.0% 
2014-04-12 15:37:09,001 INFO org.apache.hadoop.mapred.TaskTracker: Task attempt_201404121534_0001_m_000008_0 is done.
2014-04-12 15:37:09,002 INFO org.apache.hadoop.mapred.TaskTracker: reported output size for attempt_201404121534_0001_m_000008_0  was 52477018
2014-04-12 15:37:09,002 INFO org.apache.hadoop.mapred.TaskTracker: Task attempt_201404121534_0001_m_000005_0 is done.
2014-04-12 15:37:09,002 INFO org.apache.hadoop.mapred.TaskTracker: reported output size for attempt_201404121534_0001_m_000005_0  was 52209718
2014-04-12 15:37:09,002 INFO org.apache.hadoop.mapred.TaskTracker: addFreeSlot : current free slots : 1
2014-04-12 15:37:09,003 INFO org.apache.hadoop.mapred.TaskTracker: Task attempt_201404121534_0001_m_000007_0 is done.
2014-04-12 15:37:09,003 INFO org.apache.hadoop.mapred.TaskTracker: reported output size for attempt_201404121534_0001_m_000007_0  was 52751733
2014-04-12 15:37:09,003 INFO org.apache.hadoop.mapred.TaskTracker: addFreeSlot : current free slots : 2
2014-04-12 15:37:09,003 INFO org.apache.hadoop.mapred.TaskTracker: Task attempt_201404121534_0001_m_000011_0 is done.
2014-04-12 15:37:09,003 INFO org.apache.hadoop.mapred.TaskTracker: reported output size for attempt_201404121534_0001_m_000011_0  was 51168969
2014-04-12 15:37:09,003 INFO org.apache.hadoop.mapred.TaskTracker: addFreeSlot : current free slots : 3
2014-04-12 15:37:09,003 INFO org.apache.hadoop.mapred.TaskTracker: addFreeSlot : current free slots : 4
2014-04-12 15:37:09,179 INFO org.apache.hadoop.mapred.JvmManager: JVM : jvm_201404121534_0001_m_1516650146 exited with exit code 0. Number of tasks it ran: 1
2014-04-12 15:37:09,295 INFO org.apache.hadoop.mapred.JvmManager: JVM : jvm_201404121534_0001_m_1725125774 exited with exit code 0. Number of tasks it ran: 1
2014-04-12 15:37:09,295 INFO org.apache.hadoop.mapred.JvmManager: JVM : jvm_201404121534_0001_m_2093289607 exited with exit code 0. Number of tasks it ran: 1
2014-04-12 15:37:09,295 INFO org.apache.hadoop.mapred.JvmManager: JVM : jvm_201404121534_0001_m_1364186854 exited with exit code 0. Number of tasks it ran: 1
2014-04-12 15:37:09,979 INFO org.apache.hadoop.mapred.TaskTracker: LaunchTaskAction (registerTask): attempt_201404121534_0001_r_000000_0 task's state:UNASSIGNED
2014-04-12 15:37:09,979 INFO org.apache.hadoop.mapred.TaskTracker: Trying to launch : attempt_201404121534_0001_r_000000_0 which needs 1 slots
2014-04-12 15:37:09,979 INFO org.apache.hadoop.mapred.TaskTracker: In TaskLauncher, current free slots : 2 and trying to launch attempt_201404121534_0001_r_000000_0 which needs 1 slots
2014-04-12 15:37:10,093 INFO org.apache.hadoop.mapred.JvmManager: In JvmRunner constructed JVM ID: jvm_201404121534_0001_r_234860033
2014-04-12 15:37:10,094 INFO org.apache.hadoop.mapred.JvmManager: JVM Runner jvm_201404121534_0001_r_234860033 spawned.
2014-04-12 15:37:10,095 INFO org.apache.hadoop.mapred.TaskController: Writing commands to /tmp/hadoop/hadoop-jmg3/mapred/local/ttprivate/taskTracker/jmg3/jobcache/job_201404121534_0001/attempt_201404121534_0001_r_000000_0/taskjvm.sh
2014-04-12 15:37:10,728 INFO org.apache.hadoop.mapred.TaskTracker: JVM with ID: jvm_201404121534_0001_r_234860033 given task: attempt_201404121534_0001_r_000000_0
2014-04-12 15:37:12,028 INFO org.apache.hadoop.mapred.TaskTracker: attempt_201404121534_0001_m_000003_0 1.0% 
2014-04-12 15:37:12,036 INFO org.apache.hadoop.mapred.TaskTracker: attempt_201404121534_0001_m_000002_0 1.0% 
2014-04-12 15:37:12,036 INFO org.apache.hadoop.mapred.TaskTracker: attempt_201404121534_0001_m_000009_0 1.0% 
2014-04-12 15:37:12,036 INFO org.apache.hadoop.mapred.TaskTracker: attempt_201404121534_0001_m_000000_0 1.0% 
2014-04-12 15:37:12,037 INFO org.apache.hadoop.mapred.TaskTracker: attempt_201404121534_0001_m_000004_0 1.0% 
2014-04-12 15:37:12,037 INFO org.apache.hadoop.mapred.TaskTracker: attempt_201404121534_0001_m_000006_0 1.0% 
2014-04-12 15:37:12,038 INFO org.apache.hadoop.mapred.TaskTracker: attempt_201404121534_0001_m_000001_0 1.0% 
2014-04-12 15:37:12,038 INFO org.apache.hadoop.mapred.TaskTracker: attempt_201404121534_0001_m_000010_0 1.0% 
2014-04-12 15:37:12,039 INFO org.apache.hadoop.mapred.TaskTracker: attempt_201404121534_0001_m_000009_0 1.0% 
2014-04-12 15:37:12,040 INFO org.apache.hadoop.mapred.TaskTracker: attempt_201404121534_0001_m_000003_0 1.0% 
2014-04-12 15:37:12,041 INFO org.apache.hadoop.mapred.TaskTracker: attempt_201404121534_0001_m_000002_0 1.0% 
2014-04-12 15:37:12,041 INFO org.apache.hadoop.mapred.TaskTracker: attempt_201404121534_0001_m_000000_0 1.0% 
2014-04-12 15:37:12,041 INFO org.apache.hadoop.mapred.TaskTracker: Task attempt_201404121534_0001_m_000003_0 is done.
2014-04-12 15:37:12,041 INFO org.apache.hadoop.mapred.TaskTracker: reported output size for attempt_201404121534_0001_m_000003_0  was 52854458
2014-04-12 15:37:12,042 INFO org.apache.hadoop.mapred.TaskTracker: attempt_201404121534_0001_m_000004_0 1.0% 
2014-04-12 15:37:12,042 INFO org.apache.hadoop.mapred.TaskTracker: Task attempt_201404121534_0001_m_000009_0 is done.
2014-04-12 15:37:12,042 INFO org.apache.hadoop.mapred.TaskTracker: reported output size for attempt_201404121534_0001_m_000009_0  was 52197794
2014-04-12 15:37:12,042 INFO org.apache.hadoop.mapred.TaskTracker: addFreeSlot : current free slots : 5
2014-04-12 15:37:12,042 INFO org.apache.hadoop.mapred.TaskTracker: addFreeSlot : current free slots : 6
2014-04-12 15:37:12,043 INFO org.apache.hadoop.mapred.TaskTracker: attempt_201404121534_0001_m_000006_0 1.0% 
2014-04-12 15:37:12,043 INFO org.apache.hadoop.mapred.TaskTracker: Task attempt_201404121534_0001_m_000000_0 is done.
2014-04-12 15:37:12,043 INFO org.apache.hadoop.mapred.TaskTracker: reported output size for attempt_201404121534_0001_m_000000_0  was 52440243
2014-04-12 15:37:12,043 INFO org.apache.hadoop.mapred.TaskTracker: Task attempt_201404121534_0001_m_000002_0 is done.
2014-04-12 15:37:12,043 INFO org.apache.hadoop.mapred.TaskTracker: reported output size for attempt_201404121534_0001_m_000002_0  was 52183163
2014-04-12 15:37:12,043 INFO org.apache.hadoop.mapred.TaskTracker: addFreeSlot : current free slots : 7
2014-04-12 15:37:12,043 INFO org.apache.hadoop.mapred.TaskTracker: attempt_201404121534_0001_m_000010_0 1.0% 
2014-04-12 15:37:12,044 INFO org.apache.hadoop.mapred.TaskTracker: addFreeSlot : current free slots : 8
2014-04-12 15:37:12,044 INFO org.apache.hadoop.mapred.TaskTracker: attempt_201404121534_0001_m_000001_0 1.0% 
2014-04-12 15:37:12,044 INFO org.apache.hadoop.mapred.TaskTracker: Task attempt_201404121534_0001_m_000006_0 is done.
2014-04-12 15:37:12,044 INFO org.apache.hadoop.mapred.TaskTracker: reported output size for attempt_201404121534_0001_m_000006_0  was 51732531
2014-04-12 15:37:12,045 INFO org.apache.hadoop.mapred.TaskTracker: addFreeSlot : current free slots : 9
2014-04-12 15:37:12,045 INFO org.apache.hadoop.mapred.TaskTracker: Task attempt_201404121534_0001_m_000004_0 is done.
2014-04-12 15:37:12,045 INFO org.apache.hadoop.mapred.TaskTracker: reported output size for attempt_201404121534_0001_m_000004_0  was 51909406
2014-04-12 15:37:12,045 INFO org.apache.hadoop.mapred.TaskTracker: addFreeSlot : current free slots : 10
2014-04-12 15:37:12,045 INFO org.apache.hadoop.mapred.TaskTracker: Task attempt_201404121534_0001_m_000010_0 is done.
2014-04-12 15:37:12,045 INFO org.apache.hadoop.mapred.TaskTracker: reported output size for attempt_201404121534_0001_m_000010_0  was 52583539
2014-04-12 15:37:12,045 INFO org.apache.hadoop.mapred.TaskTracker: Task attempt_201404121534_0001_m_000001_0 is done.
2014-04-12 15:37:12,045 INFO org.apache.hadoop.mapred.TaskTracker: reported output size for attempt_201404121534_0001_m_000001_0  was 51903189
2014-04-12 15:37:12,046 INFO org.apache.hadoop.mapred.TaskTracker: addFreeSlot : current free slots : 11
2014-04-12 15:37:12,046 INFO org.apache.hadoop.mapred.TaskTracker: addFreeSlot : current free slots : 12
2014-04-12 15:37:12,998 INFO org.apache.hadoop.mapred.TaskTracker: LaunchTaskAction (registerTask): attempt_201404121534_0001_r_000001_0 task's state:UNASSIGNED
2014-04-12 15:37:12,999 INFO org.apache.hadoop.mapred.TaskTracker: Trying to launch : attempt_201404121534_0001_r_000001_0 which needs 1 slots
2014-04-12 15:37:12,999 INFO org.apache.hadoop.mapred.TaskTracker: In TaskLauncher, current free slots : 1 and trying to launch attempt_201404121534_0001_r_000001_0 which needs 1 slots
2014-04-12 15:37:14,198 INFO org.apache.hadoop.mapred.JvmManager: In JvmRunner constructed JVM ID: jvm_201404121534_0001_r_1953295252
2014-04-12 15:37:14,198 INFO org.apache.hadoop.mapred.JvmManager: JVM Runner jvm_201404121534_0001_r_1953295252 spawned.
2014-04-12 15:37:14,200 INFO org.apache.hadoop.mapred.TaskController: Writing commands to /tmp/hadoop/hadoop-jmg3/mapred/local/ttprivate/taskTracker/jmg3/jobcache/job_201404121534_0001/attempt_201404121534_0001_r_000001_0/taskjvm.sh
2014-04-12 15:37:14,579 INFO org.apache.hadoop.mapred.JvmManager: JVM : jvm_201404121534_0001_m_1953295252 exited with exit code 0. Number of tasks it ran: 1
2014-04-12 15:37:14,580 INFO org.apache.hadoop.mapred.JvmManager: JVM : jvm_201404121534_0001_m_29431843 exited with exit code 0. Number of tasks it ran: 1
2014-04-12 15:37:14,580 INFO org.apache.hadoop.mapred.JvmManager: JVM : jvm_201404121534_0001_m_680991397 exited with exit code 0. Number of tasks it ran: 1
2014-04-12 15:37:14,580 INFO org.apache.hadoop.mapred.JvmManager: JVM : jvm_201404121534_0001_m_1832113480 exited with exit code 0. Number of tasks it ran: 1
2014-04-12 15:37:14,580 INFO org.apache.hadoop.mapred.JvmManager: JVM : jvm_201404121534_0001_m_730113957 exited with exit code 0. Number of tasks it ran: 1
2014-04-12 15:37:14,811 INFO org.apache.hadoop.mapred.TaskTracker: JVM with ID: jvm_201404121534_0001_r_1953295252 given task: attempt_201404121534_0001_r_000001_0
2014-04-12 15:37:15,230 INFO org.apache.hadoop.mapred.JvmManager: JVM : jvm_201404121534_0001_m_326576636 exited with exit code 0. Number of tasks it ran: 1
2014-04-12 15:37:15,230 INFO org.apache.hadoop.mapred.JvmManager: JVM : jvm_201404121534_0001_m_1859978379 exited with exit code 0. Number of tasks it ran: 1
2014-04-12 15:37:15,230 INFO org.apache.hadoop.mapred.JvmManager: JVM : jvm_201404121534_0001_m_421416615 exited with exit code 0. Number of tasks it ran: 1
2014-04-12 15:37:16,570 INFO org.apache.hadoop.mapred.TaskTracker.clienttrace: src: 192.168.110.214:50061, dest: 192.168.110.214:57400, bytes: 25763742, op: MAPRED_SHUFFLE, cliID: attempt_201404121534_0001_m_000005_0, duration: 105401576
2014-04-12 15:37:17,196 INFO org.apache.hadoop.mapred.TaskTracker: attempt_201404121534_0001_r_000000_0 0.02777778% reduce > copy (1 of 12 at 4.10 MB/s) > 
2014-04-12 15:37:17,468 INFO org.apache.hadoop.mapred.TaskTracker.clienttrace: src: 192.168.110.214:50061, dest: 192.168.110.214:57401, bytes: 26019254, op: MAPRED_SHUFFLE, cliID: attempt_201404121534_0001_m_000007_0, duration: 895857012
2014-04-12 15:37:19,599 INFO org.apache.hadoop.mapred.TaskTracker.clienttrace: src: 192.168.110.214:50061, dest: 192.168.110.214:57402, bytes: 25845778, op: MAPRED_SHUFFLE, cliID: attempt_201404121534_0001_m_000008_0, duration: 2127618516
2014-04-12 15:37:20,591 INFO org.apache.hadoop.mapred.TaskTracker.clienttrace: src: 192.168.110.214:50061, dest: 192.168.110.214:57403, bytes: 25259630, op: MAPRED_SHUFFLE, cliID: attempt_201404121534_0001_m_000011_0, duration: 990434057
2014-04-12 15:37:20,618 INFO org.apache.hadoop.mapred.TaskTracker.clienttrace: src: 192.168.110.214:50061, dest: 192.168.110.214:57404, bytes: 26445976, op: MAPRED_SHUFFLE, cliID: attempt_201404121534_0001_m_000005_0, duration: 129099989
2014-04-12 15:37:21,642 INFO org.apache.hadoop.mapred.TaskTracker.clienttrace: src: 192.168.110.214:50061, dest: 192.168.110.214:57405, bytes: 25823427, op: MAPRED_SHUFFLE, cliID: attempt_201404121534_0001_m_000000_0, duration: 1049217998
2014-04-12 15:37:21,670 INFO org.apache.hadoop.mapred.TaskTracker.clienttrace: src: 192.168.110.214:50061, dest: 192.168.110.214:57406, bytes: 26732479, op: MAPRED_SHUFFLE, cliID: attempt_201404121534_0001_m_000007_0, duration: 1049136540
2014-04-12 15:37:22,551 INFO org.apache.hadoop.mapred.TaskTracker: attempt_201404121534_0001_r_000000_0 0.1388889% reduce > copy (5 of 12 at 11.16 MB/s) > 
2014-04-12 15:37:22,569 INFO org.apache.hadoop.mapred.TaskTracker: attempt_201404121534_0001_r_000001_0 0.05555556% reduce > copy (2 of 12 at 7.24 MB/s) > 
2014-04-12 15:37:22,688 INFO org.apache.hadoop.mapred.TaskTracker.clienttrace: src: 192.168.110.214:50061, dest: 192.168.110.214:57407, bytes: 25567953, op: MAPRED_SHUFFLE, cliID: attempt_201404121534_0001_m_000001_0, duration: 1043452102
2014-04-12 15:37:22,694 INFO org.apache.hadoop.mapred.TaskTracker.clienttrace: src: 192.168.110.214:50061, dest: 192.168.110.214:57408, bytes: 26631240, op: MAPRED_SHUFFLE, cliID: attempt_201404121534_0001_m_000008_0, duration: 1020992728
2014-04-12 15:37:23,724 INFO org.apache.hadoop.mapred.TaskTracker.clienttrace: src: 192.168.110.214:50061, dest: 192.168.110.214:57409, bytes: 25708849, op: MAPRED_SHUFFLE, cliID: attempt_201404121534_0001_m_000002_0, duration: 1033587085
2014-04-12 15:37:24,686 INFO org.apache.hadoop.mapred.TaskTracker.clienttrace: src: 192.168.110.214:50061, dest: 192.168.110.214:57410, bytes: 25909339, op: MAPRED_SHUFFLE, cliID: attempt_201404121534_0001_m_000011_0, duration: 1989762204
2014-04-12 15:37:24,757 INFO org.apache.hadoop.mapred.TaskTracker.clienttrace: src: 192.168.110.214:50061, dest: 192.168.110.214:57411, bytes: 26080573, op: MAPRED_SHUFFLE, cliID: attempt_201404121534_0001_m_000003_0, duration: 1031360861
2014-04-12 15:37:25,587 INFO org.apache.hadoop.mapred.TaskTracker: attempt_201404121534_0001_r_000000_0 0.22222224% reduce > copy (8 of 12 at 14.04 MB/s) > 
2014-04-12 15:37:25,606 INFO org.apache.hadoop.mapred.TaskTracker: attempt_201404121534_0001_r_000001_0 0.11111112% reduce > copy (4 of 12 at 10.08 MB/s) > 
2014-04-12 15:37:25,696 INFO org.apache.hadoop.mapred.TaskTracker.clienttrace: src: 192.168.110.214:50061, dest: 192.168.110.214:57412, bytes: 26616816, op: MAPRED_SHUFFLE, cliID: attempt_201404121534_0001_m_000000_0, duration: 1006992192
2014-04-12 15:37:25,754 INFO org.apache.hadoop.mapred.TaskTracker.clienttrace: src: 192.168.110.214:50061, dest: 192.168.110.214:57412, bytes: 26335236, op: MAPRED_SHUFFLE, cliID: attempt_201404121534_0001_m_000001_0, duration: 53288930
2014-04-12 15:37:26,766 INFO org.apache.hadoop.mapred.TaskTracker.clienttrace: src: 192.168.110.214:50061, dest: 192.168.110.214:57411, bytes: 25549548, op: MAPRED_SHUFFLE, cliID: attempt_201404121534_0001_m_000004_0, duration: 2005170624
2014-04-12 15:37:27,732 INFO org.apache.hadoop.mapred.TaskTracker.clienttrace: src: 192.168.110.214:50061, dest: 192.168.110.214:57412, bytes: 26474314, op: MAPRED_SHUFFLE, cliID: attempt_201404121534_0001_m_000002_0, duration: 1926484915
2014-04-12 15:37:28,761 INFO org.apache.hadoop.mapred.TaskTracker.clienttrace: src: 192.168.110.214:50061, dest: 192.168.110.214:57413, bytes: 26773885, op: MAPRED_SHUFFLE, cliID: attempt_201404121534_0001_m_000003_0, duration: 1009824496
2014-04-12 15:37:28,620 INFO org.apache.hadoop.mapred.TaskTracker: attempt_201404121534_0001_r_000000_0 0.2777778% reduce > copy (10 of 12 at 14.43 MB/s) > 
2014-04-12 15:37:27,788 INFO org.apache.hadoop.mapred.TaskTracker.clienttrace: src: 192.168.110.214:50061, dest: 192.168.110.214:57411, bytes: 25555609, op: MAPRED_SHUFFLE, cliID: attempt_201404121534_0001_m_000006_0, duration: 1019112135
2014-04-12 15:37:28,910 INFO org.apache.hadoop.mapred.TaskTracker: attempt_201404121534_0001_r_000001_0 0.19444446% reduce > copy (7 of 12 at 13.58 MB/s) > 
2014-04-12 15:37:29,769 INFO org.apache.hadoop.mapred.TaskTracker.clienttrace: src: 192.168.110.214:50061, dest: 192.168.110.214:57414, bytes: 25672726, op: MAPRED_SHUFFLE, cliID: attempt_201404121534_0001_m_000009_0, duration: 1977812639
2014-04-12 15:37:29,775 INFO org.apache.hadoop.mapred.TaskTracker.clienttrace: src: 192.168.110.214:50061, dest: 192.168.110.214:57415, bytes: 26359858, op: MAPRED_SHUFFLE, cliID: attempt_201404121534_0001_m_000004_0, duration: 864211603
2014-04-12 15:37:30,785 INFO org.apache.hadoop.mapred.TaskTracker.clienttrace: src: 192.168.110.214:50061, dest: 192.168.110.214:57416, bytes: 25884370, op: MAPRED_SHUFFLE, cliID: attempt_201404121534_0001_m_000010_0, duration: 1014096251
2014-04-12 15:37:30,790 INFO org.apache.hadoop.mapred.TaskTracker.clienttrace: src: 192.168.110.214:50061, dest: 192.168.110.214:57415, bytes: 26176922, op: MAPRED_SHUFFLE, cliID: attempt_201404121534_0001_m_000006_0, duration: 1013016262
2014-04-12 15:37:31,533 INFO org.apache.hadoop.mapred.TaskTracker: attempt_201404121534_0001_r_000000_0 0.2777778% reduce > copy (10 of 12 at 14.43 MB/s) > 
2014-04-12 15:37:31,799 INFO org.apache.hadoop.mapred.TaskTracker.clienttrace: src: 192.168.110.214:50061, dest: 192.168.110.214:57415, bytes: 26525068, op: MAPRED_SHUFFLE, cliID: attempt_201404121534_0001_m_000009_0, duration: 1006633636
2014-04-12 15:37:31,944 INFO org.apache.hadoop.mapred.TaskTracker: attempt_201404121534_0001_r_000001_0 0.30555558% reduce > copy (11 of 12 at 16.32 MB/s) > 
2014-04-12 15:37:31,944 INFO org.apache.hadoop.mapred.TaskTracker: attempt_201404121534_0001_r_000000_0 0.33333334% reduce > sort
2014-04-12 15:37:32,281 INFO org.apache.hadoop.mapred.TaskTracker.clienttrace: src: 192.168.110.214:50061, dest: 192.168.110.214:57415, bytes: 26699169, op: MAPRED_SHUFFLE, cliID: attempt_201404121534_0001_m_000010_0, duration: 478742189
2014-04-12 15:37:32,408 INFO org.apache.hadoop.mapred.TaskTracker: attempt_201404121534_0001_r_000000_0 0.33333334% reduce > sort
2014-04-12 15:37:32,567 INFO org.apache.hadoop.mapred.TaskTracker: attempt_201404121534_0001_r_000001_0 0.30555558% reduce > copy (11 of 12 at 16.32 MB/s) > 
2014-04-12 15:37:33,468 INFO org.apache.hadoop.mapred.TaskTracker: attempt_201404121534_0001_r_000001_0 0.30555558% reduce > copy (11 of 12 at 16.32 MB/s) > 
2014-04-12 15:37:34,979 INFO org.apache.hadoop.mapred.TaskTracker: attempt_201404121534_0001_r_000001_0 0.66669047% reduce > reduce
2014-04-12 15:37:34,979 INFO org.apache.hadoop.mapred.TaskTracker: attempt_201404121534_0001_r_000000_0 0.66668606% reduce > reduce
2014-04-12 15:37:36,006 INFO org.apache.hadoop.mapred.TaskTracker: Task attempt_201404121534_0001_r_000000_0 is in commit-pending, task state:COMMIT_PENDING
2014-04-12 15:37:36,006 INFO org.apache.hadoop.mapred.TaskTracker: attempt_201404121534_0001_r_000000_0 0.66668606% reduce > reduce
2014-04-12 15:37:37,536 INFO org.apache.hadoop.mapred.TaskTracker: Received commit task action for attempt_201404121534_0001_r_000000_0
2014-04-12 15:37:37,948 INFO org.apache.hadoop.mapred.TaskTracker: Task attempt_201404121534_0001_r_000001_0 is in commit-pending, task state:COMMIT_PENDING
2014-04-12 15:37:37,948 INFO org.apache.hadoop.mapred.TaskTracker: attempt_201404121534_0001_r_000001_0 0.66669047% reduce > reduce
2014-04-12 15:37:38,010 INFO org.apache.hadoop.mapred.TaskTracker: attempt_201404121534_0001_r_000001_0 0.66669047% reduce > reduce
2014-04-12 15:37:38,011 INFO org.apache.hadoop.mapred.TaskTracker: attempt_201404121534_0001_r_000000_0 0.66668606% reduce > reduce
2014-04-12 15:37:40,540 INFO org.apache.hadoop.mapred.TaskTracker: Received commit task action for attempt_201404121534_0001_r_000001_0
2014-04-12 15:37:41,013 INFO org.apache.hadoop.mapred.TaskTracker: attempt_201404121534_0001_r_000001_0 0.66669047% reduce > reduce
2014-04-12 15:37:41,014 INFO org.apache.hadoop.mapred.TaskTracker: Task attempt_201404121534_0001_r_000001_0 is done.
2014-04-12 15:37:41,014 INFO org.apache.hadoop.mapred.TaskTracker: reported output size for attempt_201404121534_0001_r_000001_0  was -1
2014-04-12 15:37:41,015 INFO org.apache.hadoop.mapred.TaskTracker: addFreeSlot : current free slots : 1
2014-04-12 15:37:41,041 INFO org.apache.hadoop.mapred.TaskTracker: attempt_201404121534_0001_r_000000_0 0.66668606% reduce > reduce
2014-04-12 15:37:41,042 INFO org.apache.hadoop.mapred.TaskTracker: attempt_201404121534_0001_r_000000_0 0.66668606% reduce > reduce
2014-04-12 15:37:41,043 INFO org.apache.hadoop.mapred.TaskTracker: Task attempt_201404121534_0001_r_000000_0 is done.
2014-04-12 15:37:41,044 INFO org.apache.hadoop.mapred.TaskTracker: reported output size for attempt_201404121534_0001_r_000000_0  was -1
2014-04-12 15:37:41,044 INFO org.apache.hadoop.mapred.TaskTracker: addFreeSlot : current free slots : 2
2014-04-12 15:37:41,356 INFO org.apache.hadoop.mapred.JvmManager: JVM : jvm_201404121534_0001_r_1953295252 exited with exit code 0. Number of tasks it ran: 1
2014-04-12 15:37:41,356 INFO org.apache.hadoop.mapred.JvmManager: JVM : jvm_201404121534_0001_r_234860033 exited with exit code 0. Number of tasks it ran: 1
2014-04-12 15:37:43,553 INFO org.apache.hadoop.mapred.TaskTracker: LaunchTaskAction (registerTask): attempt_201404121534_0001_m_000012_0 task's state:UNASSIGNED
2014-04-12 15:37:43,554 INFO org.apache.hadoop.mapred.TaskTracker: Received KillTaskAction for task: attempt_201404121534_0001_r_000000_0
2014-04-12 15:37:43,554 INFO org.apache.hadoop.mapred.TaskTracker: Trying to launch : attempt_201404121534_0001_m_000012_0 which needs 1 slots
2014-04-12 15:37:43,554 INFO org.apache.hadoop.mapred.TaskTracker: About to purge task: attempt_201404121534_0001_r_000000_0
2014-04-12 15:37:43,554 INFO org.apache.hadoop.mapred.TaskTracker: In TaskLauncher, current free slots : 12 and trying to launch attempt_201404121534_0001_m_000012_0 which needs 1 slots
2014-04-12 15:37:43,554 INFO org.apache.hadoop.mapred.TaskTracker: Received KillTaskAction for task: attempt_201404121534_0001_r_000001_0
2014-04-12 15:37:43,554 INFO org.apache.hadoop.mapred.TaskTracker: About to purge task: attempt_201404121534_0001_r_000001_0
2014-04-12 15:37:43,559 INFO org.apache.hadoop.mapred.JvmManager: In JvmRunner constructed JVM ID: jvm_201404121534_0001_m_345554107
2014-04-12 15:37:43,559 INFO org.apache.hadoop.mapred.JvmManager: JVM Runner jvm_201404121534_0001_m_345554107 spawned.
2014-04-12 15:37:43,561 INFO org.apache.hadoop.mapred.TaskController: Writing commands to /tmp/hadoop/hadoop-jmg3/mapred/local/ttprivate/taskTracker/jmg3/jobcache/job_201404121534_0001/attempt_201404121534_0001_m_000012_0/taskjvm.sh
2014-04-12 15:37:44,170 INFO org.apache.hadoop.mapred.TaskTracker: JVM with ID: jvm_201404121534_0001_m_345554107 given task: attempt_201404121534_0001_m_000012_0
2014-04-12 15:37:44,662 INFO org.apache.hadoop.mapred.TaskTracker: attempt_201404121534_0001_m_000012_0 0.0% 
2014-04-12 15:37:44,788 INFO org.mortbay.log: org.mortbay.io.nio.SelectorManager$SelectSet@23fcb72b JVM BUG(s) - injecting delay14 times
2014-04-12 15:37:44,788 INFO org.mortbay.log: org.mortbay.io.nio.SelectorManager$SelectSet@23fcb72b JVM BUG(s) - recreating selector 14 times, canceled keys 232 times
2014-04-12 15:37:47,580 INFO org.apache.hadoop.mapred.TaskTracker: attempt_201404121534_0001_m_000012_0 0.0% cleanup
2014-04-12 15:37:47,581 INFO org.apache.hadoop.mapred.TaskTracker: Task attempt_201404121534_0001_m_000012_0 is done.
2014-04-12 15:37:47,581 INFO org.apache.hadoop.mapred.TaskTracker: reported output size for attempt_201404121534_0001_m_000012_0  was -1
2014-04-12 15:37:47,581 INFO org.apache.hadoop.mapred.TaskTracker: addFreeSlot : current free slots : 12
2014-04-12 15:37:47,734 INFO org.apache.hadoop.mapred.JvmManager: JVM : jvm_201404121534_0001_m_345554107 exited with exit code 0. Number of tasks it ran: 1
2014-04-12 15:37:49,597 INFO org.apache.hadoop.mapred.TaskTracker: Received 'KillJobAction' for job: job_201404121534_0001
2014-04-12 15:37:49,598 INFO org.apache.hadoop.mapred.IndexCache: Map ID attempt_201404121534_0001_m_000012_0 not found in cache
2014-04-12 15:37:49,599 INFO org.apache.hadoop.mapred.UserLogCleaner: Adding job_201404121534_0001 for user-log deletion with retainTimeStamp:1397421469599
