2014-04-12 14:27:00,931 INFO org.apache.hadoop.mapred.TaskTracker: STARTUP_MSG: 
/************************************************************
STARTUP_MSG: Starting TaskTracker
STARTUP_MSG:   host = gpu-014.davinci.rice.edu/192.168.110.214
STARTUP_MSG:   args = []
STARTUP_MSG:   version = 1.0.4-SNAPSHOT
STARTUP_MSG:   build =  -r ; compiled by 'jmg3' on Fri Apr 11 17:54:37 CDT 2014
************************************************************/
2014-04-12 14:27:01,104 INFO org.apache.hadoop.metrics2.impl.MetricsConfig: loaded properties from hadoop-metrics2.properties
2014-04-12 14:27:01,160 INFO org.apache.hadoop.metrics2.impl.MetricsSourceAdapter: MBean for source MetricsSystem,sub=Stats registered.
2014-04-12 14:27:01,161 INFO org.apache.hadoop.metrics2.impl.MetricsSystemImpl: Scheduled snapshot period at 10 second(s).
2014-04-12 14:27:01,161 INFO org.apache.hadoop.metrics2.impl.MetricsSystemImpl: TaskTracker metrics system started
2014-04-12 14:27:01,316 INFO org.apache.hadoop.metrics2.impl.MetricsSourceAdapter: MBean for source ugi registered.
2014-04-12 14:27:01,489 INFO org.mortbay.log: Logging to org.slf4j.impl.Log4jLoggerAdapter(org.mortbay.log) via org.mortbay.log.Slf4jLog
2014-04-12 14:27:01,540 INFO org.apache.hadoop.http.HttpServer: Added global filtersafety (class=org.apache.hadoop.http.HttpServer$QuotingInputFilter)
2014-04-12 14:27:01,563 INFO org.apache.hadoop.mapred.TaskLogsTruncater: Initializing logs' truncater with mapRetainSize=-1 and reduceRetainSize=-1
2014-04-12 14:27:01,567 INFO org.apache.hadoop.mapred.TaskTracker: Starting tasktracker with owner as jmg3
2014-04-12 14:27:01,568 INFO org.apache.hadoop.mapred.TaskTracker: Good mapred local directories are: /tmp/hadoop/hadoop-jmg3/mapred/local
2014-04-12 14:27:01,572 WARN org.apache.hadoop.util.NativeCodeLoader: Unable to load native-hadoop library for your platform... using builtin-java classes where applicable
2014-04-12 14:27:01,579 INFO org.apache.hadoop.metrics2.impl.MetricsSourceAdapter: MBean for source jvm registered.
2014-04-12 14:27:01,580 INFO org.apache.hadoop.metrics2.impl.MetricsSourceAdapter: MBean for source TaskTrackerMetrics registered.
2014-04-12 14:27:01,593 INFO org.apache.hadoop.ipc.Server: Starting SocketReader
2014-04-12 14:27:01,595 INFO org.apache.hadoop.metrics2.impl.MetricsSourceAdapter: MBean for source RpcDetailedActivityForPort34279 registered.
2014-04-12 14:27:01,595 INFO org.apache.hadoop.metrics2.impl.MetricsSourceAdapter: MBean for source RpcActivityForPort34279 registered.
2014-04-12 14:27:01,598 INFO org.apache.hadoop.ipc.Server: IPC Server Responder: starting
2014-04-12 14:27:01,598 INFO org.apache.hadoop.ipc.Server: IPC Server listener on 34279: starting
2014-04-12 14:27:01,599 INFO org.apache.hadoop.ipc.Server: IPC Server handler 0 on 34279: starting
2014-04-12 14:27:01,599 INFO org.apache.hadoop.ipc.Server: IPC Server handler 1 on 34279: starting
2014-04-12 14:27:01,600 INFO org.apache.hadoop.ipc.Server: IPC Server handler 2 on 34279: starting
2014-04-12 14:27:01,600 INFO org.apache.hadoop.ipc.Server: IPC Server handler 3 on 34279: starting
2014-04-12 14:27:01,601 INFO org.apache.hadoop.ipc.Server: IPC Server handler 4 on 34279: starting
2014-04-12 14:27:01,602 INFO org.apache.hadoop.ipc.Server: IPC Server handler 5 on 34279: starting
2014-04-12 14:27:01,602 INFO org.apache.hadoop.ipc.Server: IPC Server handler 6 on 34279: starting
2014-04-12 14:27:01,603 INFO org.apache.hadoop.ipc.Server: IPC Server handler 7 on 34279: starting
2014-04-12 14:27:01,603 INFO org.apache.hadoop.ipc.Server: IPC Server handler 8 on 34279: starting
2014-04-12 14:27:01,604 INFO org.apache.hadoop.ipc.Server: IPC Server handler 9 on 34279: starting
2014-04-12 14:27:01,604 INFO org.apache.hadoop.ipc.Server: IPC Server handler 10 on 34279: starting
2014-04-12 14:27:01,605 INFO org.apache.hadoop.ipc.Server: IPC Server handler 11 on 34279: starting
2014-04-12 14:27:01,605 INFO org.apache.hadoop.ipc.Server: IPC Server handler 12 on 34279: starting
2014-04-12 14:27:01,606 INFO org.apache.hadoop.ipc.Server: IPC Server handler 13 on 34279: starting
2014-04-12 14:27:01,606 INFO org.apache.hadoop.ipc.Server: IPC Server handler 14 on 34279: starting
2014-04-12 14:27:01,607 INFO org.apache.hadoop.ipc.Server: IPC Server handler 15 on 34279: starting
2014-04-12 14:27:01,607 INFO org.apache.hadoop.ipc.Server: IPC Server handler 16 on 34279: starting
2014-04-12 14:27:01,607 INFO org.apache.hadoop.ipc.Server: IPC Server handler 17 on 34279: starting
2014-04-12 14:27:01,608 INFO org.apache.hadoop.ipc.Server: IPC Server handler 18 on 34279: starting
2014-04-12 14:27:01,608 INFO org.apache.hadoop.ipc.Server: IPC Server handler 19 on 34279: starting
2014-04-12 14:27:01,609 INFO org.apache.hadoop.ipc.Server: IPC Server handler 20 on 34279: starting
2014-04-12 14:27:01,609 INFO org.apache.hadoop.ipc.Server: IPC Server handler 21 on 34279: starting
2014-04-12 14:27:01,609 INFO org.apache.hadoop.mapred.TaskTracker: TaskTracker up at: localhost/127.0.0.1:34279
2014-04-12 14:27:01,609 INFO org.apache.hadoop.mapred.TaskTracker: Starting tracker tracker_gpu-014.davinci.rice.edu:localhost/127.0.0.1:34279
2014-04-12 14:27:01,609 INFO org.apache.hadoop.ipc.Server: IPC Server handler 22 on 34279: starting
2014-04-12 14:27:01,610 INFO org.apache.hadoop.ipc.Server: IPC Server handler 23 on 34279: starting
2014-04-12 14:27:01,651 INFO org.apache.hadoop.mapred.TaskTracker: Starting thread: Map-events fetcher for all reduce tasks on tracker_gpu-014.davinci.rice.edu:localhost/127.0.0.1:34279
2014-04-12 14:27:01,661 INFO org.apache.hadoop.util.ProcessTree: setsid exited with exit code 0
2014-04-12 14:27:01,664 INFO org.apache.hadoop.mapred.TaskTracker:  Using ResourceCalculatorPlugin : org.apache.hadoop.util.LinuxResourceCalculatorPlugin@238258f1
2014-04-12 14:27:01,666 WARN org.apache.hadoop.mapred.TaskTracker: TaskTracker's totalMemoryAllottedForTasks is -1. TaskMemoryManager is disabled.
2014-04-12 14:27:01,669 INFO org.apache.hadoop.mapred.IndexCache: IndexCache created with max memory = 10485760
2014-04-12 14:27:02,312 INFO org.apache.hadoop.metrics2.impl.MetricsSourceAdapter: MBean for source ShuffleServerMetrics registered.
2014-04-12 14:27:02,315 INFO org.apache.hadoop.http.HttpServer: Port returned by webServer.getConnectors()[0].getLocalPort() before open() is -1. Opening the listener on 50061
2014-04-12 14:27:02,315 INFO org.apache.hadoop.http.HttpServer: listener.getLocalPort() returned 50061 webServer.getConnectors()[0].getLocalPort() returned 50061
2014-04-12 14:27:02,315 INFO org.apache.hadoop.http.HttpServer: Jetty bound to port 50061
2014-04-12 14:27:02,315 INFO org.mortbay.log: jetty-6.1.26
2014-04-12 14:27:02,580 INFO org.mortbay.log: Started SelectChannelConnector@0.0.0.0:50061
2014-04-12 14:27:02,593 INFO org.apache.hadoop.mapred.TaskTracker: FILE_CACHE_SIZE for mapOutputServlet set to : 2000
2014-04-12 14:28:23,860 INFO org.apache.hadoop.mapred.TaskTracker: LaunchTaskAction (registerTask): attempt_201404121426_0001_m_000013_0 task's state:UNASSIGNED
2014-04-12 14:28:23,864 INFO org.apache.hadoop.mapred.TaskTracker: Trying to launch : attempt_201404121426_0001_m_000013_0 which needs 1 slots
2014-04-12 14:28:23,864 INFO org.apache.hadoop.mapred.TaskTracker: In TaskLauncher, current free slots : 12 and trying to launch attempt_201404121426_0001_m_000013_0 which needs 1 slots
2014-04-12 14:28:24,015 INFO org.apache.hadoop.mapred.JobLocalizer: Initializing user jmg3 on this TT.
2014-04-12 14:28:24,143 INFO org.apache.hadoop.mapred.JvmManager: In JvmRunner constructed JVM ID: jvm_201404121426_0001_m_1713332133
2014-04-12 14:28:24,144 INFO org.apache.hadoop.mapred.JvmManager: JVM Runner jvm_201404121426_0001_m_1713332133 spawned.
2014-04-12 14:28:24,146 INFO org.apache.hadoop.mapred.TaskController: Writing commands to /tmp/hadoop/hadoop-jmg3/mapred/local/ttprivate/taskTracker/jmg3/jobcache/job_201404121426_0001/attempt_201404121426_0001_m_000013_0/taskjvm.sh
2014-04-12 14:28:24,802 INFO org.apache.hadoop.mapred.TaskTracker: JVM with ID: jvm_201404121426_0001_m_1713332133 given task: attempt_201404121426_0001_m_000013_0
2014-04-12 14:28:28,238 INFO org.apache.hadoop.mapred.TaskTracker: attempt_201404121426_0001_m_000013_0 0.0% setup
2014-04-12 14:28:28,241 INFO org.apache.hadoop.mapred.TaskTracker: Task attempt_201404121426_0001_m_000013_0 is done.
2014-04-12 14:28:28,241 INFO org.apache.hadoop.mapred.TaskTracker: reported output size for attempt_201404121426_0001_m_000013_0  was -1
2014-04-12 14:28:28,242 INFO org.apache.hadoop.mapred.TaskTracker: addFreeSlot : current free slots : 12
2014-04-12 14:28:28,388 INFO org.apache.hadoop.mapred.JvmManager: JVM : jvm_201404121426_0001_m_1713332133 exited with exit code 0. Number of tasks it ran: 1
2014-04-12 14:28:29,891 INFO org.apache.hadoop.mapred.TaskTracker: LaunchTaskAction (registerTask): attempt_201404121426_0001_m_000000_0 task's state:UNASSIGNED
2014-04-12 14:28:29,891 INFO org.apache.hadoop.mapred.TaskTracker: LaunchTaskAction (registerTask): attempt_201404121426_0001_m_000001_0 task's state:UNASSIGNED
2014-04-12 14:28:29,892 INFO org.apache.hadoop.mapred.TaskTracker: LaunchTaskAction (registerTask): attempt_201404121426_0001_m_000002_0 task's state:UNASSIGNED
2014-04-12 14:28:29,892 INFO org.apache.hadoop.mapred.TaskTracker: LaunchTaskAction (registerTask): attempt_201404121426_0001_m_000003_0 task's state:UNASSIGNED
2014-04-12 14:28:29,893 INFO org.apache.hadoop.mapred.TaskTracker: LaunchTaskAction (registerTask): attempt_201404121426_0001_m_000004_0 task's state:UNASSIGNED
2014-04-12 14:28:29,893 INFO org.apache.hadoop.mapred.TaskTracker: LaunchTaskAction (registerTask): attempt_201404121426_0001_m_000005_0 task's state:UNASSIGNED
2014-04-12 14:28:29,894 INFO org.apache.hadoop.mapred.TaskTracker: LaunchTaskAction (registerTask): attempt_201404121426_0001_m_000006_0 task's state:UNASSIGNED
2014-04-12 14:28:29,894 INFO org.apache.hadoop.mapred.TaskTracker: LaunchTaskAction (registerTask): attempt_201404121426_0001_m_000007_0 task's state:UNASSIGNED
2014-04-12 14:28:29,895 INFO org.apache.hadoop.mapred.TaskTracker: LaunchTaskAction (registerTask): attempt_201404121426_0001_m_000008_0 task's state:UNASSIGNED
2014-04-12 14:28:29,895 INFO org.apache.hadoop.mapred.TaskTracker: LaunchTaskAction (registerTask): attempt_201404121426_0001_m_000009_0 task's state:UNASSIGNED
2014-04-12 14:28:29,895 INFO org.apache.hadoop.mapred.TaskTracker: LaunchTaskAction (registerTask): attempt_201404121426_0001_m_000010_0 task's state:UNASSIGNED
2014-04-12 14:28:29,896 INFO org.apache.hadoop.mapred.TaskTracker: LaunchTaskAction (registerTask): attempt_201404121426_0001_m_000011_0 task's state:UNASSIGNED
2014-04-12 14:28:29,896 INFO org.apache.hadoop.mapred.TaskTracker: Trying to launch : attempt_201404121426_0001_m_000000_0 which needs 1 slots
2014-04-12 14:28:29,896 INFO org.apache.hadoop.mapred.TaskTracker: In TaskLauncher, current free slots : 12 and trying to launch attempt_201404121426_0001_m_000000_0 which needs 1 slots
2014-04-12 14:28:29,896 INFO org.apache.hadoop.mapred.TaskTracker: Received KillTaskAction for task: attempt_201404121426_0001_m_000013_0
2014-04-12 14:28:29,896 INFO org.apache.hadoop.mapred.TaskTracker: About to purge task: attempt_201404121426_0001_m_000013_0
2014-04-12 14:28:29,896 INFO org.apache.hadoop.mapred.TaskTracker: Trying to launch : attempt_201404121426_0001_m_000001_0 which needs 1 slots
2014-04-12 14:28:29,896 INFO org.apache.hadoop.mapred.TaskTracker: In TaskLauncher, current free slots : 11 and trying to launch attempt_201404121426_0001_m_000001_0 which needs 1 slots
2014-04-12 14:28:29,896 INFO org.apache.hadoop.mapred.IndexCache: Map ID attempt_201404121426_0001_m_000013_0 not found in cache
2014-04-12 14:28:29,897 INFO org.apache.hadoop.mapred.TaskTracker: Trying to launch : attempt_201404121426_0001_m_000002_0 which needs 1 slots
2014-04-12 14:28:29,897 INFO org.apache.hadoop.mapred.TaskTracker: In TaskLauncher, current free slots : 10 and trying to launch attempt_201404121426_0001_m_000002_0 which needs 1 slots
2014-04-12 14:28:29,898 INFO org.apache.hadoop.mapred.TaskTracker: Trying to launch : attempt_201404121426_0001_m_000003_0 which needs 1 slots
2014-04-12 14:28:29,898 INFO org.apache.hadoop.mapred.TaskTracker: In TaskLauncher, current free slots : 9 and trying to launch attempt_201404121426_0001_m_000003_0 which needs 1 slots
2014-04-12 14:28:29,899 INFO org.apache.hadoop.mapred.TaskTracker: Trying to launch : attempt_201404121426_0001_m_000004_0 which needs 1 slots
2014-04-12 14:28:29,900 INFO org.apache.hadoop.mapred.TaskTracker: In TaskLauncher, current free slots : 8 and trying to launch attempt_201404121426_0001_m_000004_0 which needs 1 slots
2014-04-12 14:28:29,901 INFO org.apache.hadoop.mapred.TaskTracker: Trying to launch : attempt_201404121426_0001_m_000005_0 which needs 1 slots
2014-04-12 14:28:29,902 INFO org.apache.hadoop.mapred.TaskTracker: In TaskLauncher, current free slots : 7 and trying to launch attempt_201404121426_0001_m_000005_0 which needs 1 slots
2014-04-12 14:28:29,903 INFO org.apache.hadoop.mapred.TaskTracker: Trying to launch : attempt_201404121426_0001_m_000006_0 which needs 1 slots
2014-04-12 14:28:29,903 INFO org.apache.hadoop.mapred.TaskTracker: In TaskLauncher, current free slots : 6 and trying to launch attempt_201404121426_0001_m_000006_0 which needs 1 slots
2014-04-12 14:28:29,903 INFO org.apache.hadoop.mapred.TaskTracker: Trying to launch : attempt_201404121426_0001_m_000007_0 which needs 1 slots
2014-04-12 14:28:29,903 INFO org.apache.hadoop.mapred.TaskTracker: In TaskLauncher, current free slots : 5 and trying to launch attempt_201404121426_0001_m_000007_0 which needs 1 slots
2014-04-12 14:28:29,905 INFO org.apache.hadoop.mapred.TaskTracker: Trying to launch : attempt_201404121426_0001_m_000008_0 which needs 1 slots
2014-04-12 14:28:29,906 INFO org.apache.hadoop.mapred.TaskTracker: In TaskLauncher, current free slots : 4 and trying to launch attempt_201404121426_0001_m_000008_0 which needs 1 slots
2014-04-12 14:28:29,907 INFO org.apache.hadoop.mapred.TaskTracker: Trying to launch : attempt_201404121426_0001_m_000009_0 which needs 1 slots
2014-04-12 14:28:29,908 INFO org.apache.hadoop.mapred.TaskTracker: In TaskLauncher, current free slots : 3 and trying to launch attempt_201404121426_0001_m_000009_0 which needs 1 slots
2014-04-12 14:28:29,910 INFO org.apache.hadoop.mapred.TaskTracker: Trying to launch : attempt_201404121426_0001_m_000010_0 which needs 1 slots
2014-04-12 14:28:29,910 INFO org.apache.hadoop.mapred.TaskTracker: In TaskLauncher, current free slots : 2 and trying to launch attempt_201404121426_0001_m_000010_0 which needs 1 slots
2014-04-12 14:28:29,913 INFO org.apache.hadoop.mapred.TaskTracker: Trying to launch : attempt_201404121426_0001_m_000011_0 which needs 1 slots
2014-04-12 14:28:29,914 INFO org.apache.hadoop.mapred.JvmManager: In JvmRunner constructed JVM ID: jvm_201404121426_0001_m_434789565
2014-04-12 14:28:29,914 INFO org.apache.hadoop.mapred.TaskTracker: In TaskLauncher, current free slots : 1 and trying to launch attempt_201404121426_0001_m_000011_0 which needs 1 slots
2014-04-12 14:28:29,914 INFO org.apache.hadoop.mapred.JvmManager: JVM Runner jvm_201404121426_0001_m_434789565 spawned.
2014-04-12 14:28:29,916 INFO org.apache.hadoop.mapred.JvmManager: In JvmRunner constructed JVM ID: jvm_201404121426_0001_m_709690063
2014-04-12 14:28:29,917 INFO org.apache.hadoop.mapred.JvmManager: JVM Runner jvm_201404121426_0001_m_709690063 spawned.
2014-04-12 14:28:29,918 INFO org.apache.hadoop.mapred.JvmManager: In JvmRunner constructed JVM ID: jvm_201404121426_0001_m_988046541
2014-04-12 14:28:29,919 INFO org.apache.hadoop.mapred.TaskController: Writing commands to /tmp/hadoop/hadoop-jmg3/mapred/local/ttprivate/taskTracker/jmg3/jobcache/job_201404121426_0001/attempt_201404121426_0001_m_000000_0/taskjvm.sh
2014-04-12 14:28:29,920 INFO org.apache.hadoop.mapred.TaskController: Writing commands to /tmp/hadoop/hadoop-jmg3/mapred/local/ttprivate/taskTracker/jmg3/jobcache/job_201404121426_0001/attempt_201404121426_0001_m_000001_0/taskjvm.sh
2014-04-12 14:28:29,921 INFO org.apache.hadoop.mapred.JvmManager: JVM Runner jvm_201404121426_0001_m_988046541 spawned.
2014-04-12 14:28:29,922 INFO org.apache.hadoop.mapred.JvmManager: In JvmRunner constructed JVM ID: jvm_201404121426_0001_m_1910920846
2014-04-12 14:28:29,922 INFO org.apache.hadoop.mapred.JvmManager: JVM Runner jvm_201404121426_0001_m_1910920846 spawned.
2014-04-12 14:28:29,922 INFO org.apache.hadoop.mapred.JvmManager: In JvmRunner constructed JVM ID: jvm_201404121426_0001_m_661024955
2014-04-12 14:28:29,923 INFO org.apache.hadoop.mapred.JvmManager: JVM Runner jvm_201404121426_0001_m_661024955 spawned.
2014-04-12 14:28:29,923 INFO org.apache.hadoop.mapred.JvmManager: In JvmRunner constructed JVM ID: jvm_201404121426_0001_m_933024130
2014-04-12 14:28:29,923 INFO org.apache.hadoop.mapred.JvmManager: JVM Runner jvm_201404121426_0001_m_933024130 spawned.
2014-04-12 14:28:29,923 INFO org.apache.hadoop.mapred.JvmManager: In JvmRunner constructed JVM ID: jvm_201404121426_0001_m_1533552031
2014-04-12 14:28:29,924 INFO org.apache.hadoop.mapred.JvmManager: JVM Runner jvm_201404121426_0001_m_1533552031 spawned.
2014-04-12 14:28:29,924 INFO org.apache.hadoop.mapred.JvmManager: In JvmRunner constructed JVM ID: jvm_201404121426_0001_m_1431449759
2014-04-12 14:28:29,924 INFO org.apache.hadoop.mapred.TaskController: Writing commands to /tmp/hadoop/hadoop-jmg3/mapred/local/ttprivate/taskTracker/jmg3/jobcache/job_201404121426_0001/attempt_201404121426_0001_m_000004_0/taskjvm.sh
2014-04-12 14:28:29,924 INFO org.apache.hadoop.mapred.JvmManager: JVM Runner jvm_201404121426_0001_m_1431449759 spawned.
2014-04-12 14:28:29,924 INFO org.apache.hadoop.mapred.TaskController: Writing commands to /tmp/hadoop/hadoop-jmg3/mapred/local/ttprivate/taskTracker/jmg3/jobcache/job_201404121426_0001/attempt_201404121426_0001_m_000007_0/taskjvm.sh
2014-04-12 14:28:29,924 INFO org.apache.hadoop.mapred.JvmManager: In JvmRunner constructed JVM ID: jvm_201404121426_0001_m_1030131746
2014-04-12 14:28:29,925 INFO org.apache.hadoop.mapred.JvmManager: JVM Runner jvm_201404121426_0001_m_1030131746 spawned.
2014-04-12 14:28:29,925 INFO org.apache.hadoop.mapred.JvmManager: In JvmRunner constructed JVM ID: jvm_201404121426_0001_m_265054670
2014-04-12 14:28:29,925 INFO org.apache.hadoop.mapred.TaskController: Writing commands to /tmp/hadoop/hadoop-jmg3/mapred/local/ttprivate/taskTracker/jmg3/jobcache/job_201404121426_0001/attempt_201404121426_0001_m_000006_0/taskjvm.sh
2014-04-12 14:28:29,925 INFO org.apache.hadoop.mapred.JvmManager: JVM Runner jvm_201404121426_0001_m_265054670 spawned.
2014-04-12 14:28:29,925 INFO org.apache.hadoop.mapred.JvmManager: In JvmRunner constructed JVM ID: jvm_201404121426_0001_m_1377175517
2014-04-12 14:28:29,926 INFO org.apache.hadoop.mapred.TaskController: Writing commands to /tmp/hadoop/hadoop-jmg3/mapred/local/ttprivate/taskTracker/jmg3/jobcache/job_201404121426_0001/attempt_201404121426_0001_m_000005_0/taskjvm.sh
2014-04-12 14:28:29,926 INFO org.apache.hadoop.mapred.JvmManager: JVM Runner jvm_201404121426_0001_m_1377175517 spawned.
2014-04-12 14:28:29,926 INFO org.apache.hadoop.mapred.JvmManager: In JvmRunner constructed JVM ID: jvm_201404121426_0001_m_1420808034
2014-04-12 14:28:29,926 INFO org.apache.hadoop.mapred.TaskController: Writing commands to /tmp/hadoop/hadoop-jmg3/mapred/local/ttprivate/taskTracker/jmg3/jobcache/job_201404121426_0001/attempt_201404121426_0001_m_000003_0/taskjvm.sh
2014-04-12 14:28:29,927 INFO org.apache.hadoop.mapred.TaskController: Writing commands to /tmp/hadoop/hadoop-jmg3/mapred/local/ttprivate/taskTracker/jmg3/jobcache/job_201404121426_0001/attempt_201404121426_0001_m_000010_0/taskjvm.sh
2014-04-12 14:28:29,927 INFO org.apache.hadoop.mapred.TaskController: Writing commands to /tmp/hadoop/hadoop-jmg3/mapred/local/ttprivate/taskTracker/jmg3/jobcache/job_201404121426_0001/attempt_201404121426_0001_m_000011_0/taskjvm.sh
2014-04-12 14:28:29,926 INFO org.apache.hadoop.mapred.TaskController: Writing commands to /tmp/hadoop/hadoop-jmg3/mapred/local/ttprivate/taskTracker/jmg3/jobcache/job_201404121426_0001/attempt_201404121426_0001_m_000002_0/taskjvm.sh
2014-04-12 14:28:29,928 INFO org.apache.hadoop.mapred.JvmManager: JVM Runner jvm_201404121426_0001_m_1420808034 spawned.
2014-04-12 14:28:29,929 INFO org.apache.hadoop.mapred.TaskController: Writing commands to /tmp/hadoop/hadoop-jmg3/mapred/local/ttprivate/taskTracker/jmg3/jobcache/job_201404121426_0001/attempt_201404121426_0001_m_000008_0/taskjvm.sh
2014-04-12 14:28:29,930 INFO org.apache.hadoop.mapred.TaskController: Writing commands to /tmp/hadoop/hadoop-jmg3/mapred/local/ttprivate/taskTracker/jmg3/jobcache/job_201404121426_0001/attempt_201404121426_0001_m_000009_0/taskjvm.sh
2014-04-12 14:28:30,949 INFO org.apache.hadoop.mapred.TaskTracker: JVM with ID: jvm_201404121426_0001_m_1030131746 given task: attempt_201404121426_0001_m_000010_0
2014-04-12 14:28:30,981 INFO org.apache.hadoop.mapred.TaskTracker: JVM with ID: jvm_201404121426_0001_m_1533552031 given task: attempt_201404121426_0001_m_000002_0
2014-04-12 14:28:30,988 INFO org.apache.hadoop.mapred.TaskTracker: JVM with ID: jvm_201404121426_0001_m_1431449759 given task: attempt_201404121426_0001_m_000003_0
2014-04-12 14:28:30,992 INFO org.apache.hadoop.mapred.TaskTracker: JVM with ID: jvm_201404121426_0001_m_1420808034 given task: attempt_201404121426_0001_m_000009_0
2014-04-12 14:28:31,006 INFO org.apache.hadoop.mapred.TaskTracker: JVM with ID: jvm_201404121426_0001_m_661024955 given task: attempt_201404121426_0001_m_000006_0
2014-04-12 14:28:31,010 INFO org.apache.hadoop.mapred.TaskTracker: JVM with ID: jvm_201404121426_0001_m_1377175517 given task: attempt_201404121426_0001_m_000008_0
2014-04-12 14:28:31,018 INFO org.apache.hadoop.mapred.TaskTracker: JVM with ID: jvm_201404121426_0001_m_434789565 given task: attempt_201404121426_0001_m_000000_0
2014-04-12 14:28:31,018 INFO org.apache.hadoop.mapred.TaskTracker: JVM with ID: jvm_201404121426_0001_m_709690063 given task: attempt_201404121426_0001_m_000001_0
2014-04-12 14:28:31,029 INFO org.apache.hadoop.mapred.TaskTracker: JVM with ID: jvm_201404121426_0001_m_265054670 given task: attempt_201404121426_0001_m_000011_0
2014-04-12 14:28:31,047 INFO org.apache.hadoop.mapred.TaskTracker: JVM with ID: jvm_201404121426_0001_m_988046541 given task: attempt_201404121426_0001_m_000004_0
2014-04-12 14:28:31,053 INFO org.apache.hadoop.mapred.TaskTracker: JVM with ID: jvm_201404121426_0001_m_1910920846 given task: attempt_201404121426_0001_m_000007_0
2014-04-12 14:28:31,054 INFO org.apache.hadoop.mapred.TaskTracker: JVM with ID: jvm_201404121426_0001_m_933024130 given task: attempt_201404121426_0001_m_000005_0
2014-04-12 14:28:38,143 INFO org.apache.hadoop.mapred.TaskTracker: attempt_201404121426_0001_m_000011_0 0.19775414% 
2014-04-12 14:28:38,476 INFO org.apache.hadoop.mapred.TaskTracker: attempt_201404121426_0001_m_000006_0 0.11275208% 
2014-04-12 14:28:38,537 INFO org.apache.hadoop.mapred.TaskTracker: attempt_201404121426_0001_m_000009_0 0.14820597% 
2014-04-12 14:28:40,769 INFO org.apache.hadoop.mapred.TaskTracker: attempt_201404121426_0001_m_000010_0 0.13593026% 
2014-04-12 14:28:40,769 INFO org.apache.hadoop.mapred.TaskTracker: attempt_201404121426_0001_m_000007_0 0.12581366% 
2014-04-12 14:28:40,770 INFO org.apache.hadoop.mapred.TaskTracker: attempt_201404121426_0001_m_000008_0 0.1214318% 
2014-04-12 14:28:40,771 INFO org.apache.hadoop.mapred.TaskTracker: attempt_201404121426_0001_m_000003_0 0.38394734% 
2014-04-12 14:28:40,772 INFO org.apache.hadoop.mapred.TaskTracker: attempt_201404121426_0001_m_000001_0 0.12090819% 
2014-04-12 14:28:40,772 INFO org.apache.hadoop.mapred.TaskTracker: attempt_201404121426_0001_m_000004_0 0.14776035% 
2014-04-12 14:28:40,773 INFO org.apache.hadoop.mapred.TaskTracker: attempt_201404121426_0001_m_000005_0 0.14147478% 
2014-04-12 14:28:40,773 INFO org.apache.hadoop.mapred.TaskTracker: attempt_201404121426_0001_m_000000_0 0.1406078% 
2014-04-12 14:28:41,346 INFO org.apache.hadoop.mapred.TaskTracker: attempt_201404121426_0001_m_000002_0 0.22009729% 
2014-04-12 14:28:41,347 INFO org.apache.hadoop.mapred.TaskTracker: attempt_201404121426_0001_m_000011_0 0.38746285% 
2014-04-12 14:28:41,814 INFO org.apache.hadoop.mapred.TaskTracker: attempt_201404121426_0001_m_000006_0 0.25164226% 
2014-04-12 14:28:44,098 INFO org.apache.hadoop.mapred.TaskTracker: attempt_201404121426_0001_m_000004_0 0.36205205% 
2014-04-12 14:28:44,113 INFO org.apache.hadoop.mapred.TaskTracker: attempt_201404121426_0001_m_000008_0 0.30846286% 
2014-04-12 14:28:44,161 INFO org.apache.hadoop.mapred.TaskTracker: attempt_201404121426_0001_m_000005_0 0.33046222% 
2014-04-12 14:28:44,164 INFO org.apache.hadoop.mapred.TaskTracker: attempt_201404121426_0001_m_000009_0 0.3877047% 
2014-04-12 14:28:44,169 INFO org.apache.hadoop.mapred.TaskTracker: attempt_201404121426_0001_m_000010_0 0.3421243% 
2014-04-12 14:28:44,169 INFO org.apache.hadoop.mapred.TaskTracker: attempt_201404121426_0001_m_000003_0 0.53463256% 
2014-04-12 14:28:44,192 INFO org.apache.hadoop.mapred.TaskTracker: attempt_201404121426_0001_m_000001_0 0.3430471% 
2014-04-12 14:28:44,213 INFO org.apache.hadoop.mapred.TaskTracker: attempt_201404121426_0001_m_000000_0 0.30840707% 
2014-04-12 14:28:44,258 INFO org.apache.hadoop.mapred.TaskTracker: attempt_201404121426_0001_m_000007_0 0.3479926% 
2014-04-12 14:28:44,709 INFO org.apache.hadoop.mapred.TaskTracker: attempt_201404121426_0001_m_000002_0 0.31644204% 
2014-04-12 14:28:44,753 INFO org.apache.hadoop.mapred.TaskTracker: attempt_201404121426_0001_m_000011_0 0.4641416% 
2014-04-12 14:28:45,128 INFO org.apache.hadoop.mapred.TaskTracker: attempt_201404121426_0001_m_000006_0 0.36036742% 
2014-04-12 14:28:47,550 INFO org.apache.hadoop.mapred.TaskTracker: attempt_201404121426_0001_m_000009_0 0.39681426% 
2014-04-12 14:28:47,586 INFO org.apache.hadoop.mapred.TaskTracker: attempt_201404121426_0001_m_000010_0 0.44074598% 
2014-04-12 14:28:47,601 INFO org.apache.hadoop.mapred.TaskTracker: attempt_201404121426_0001_m_000004_0 0.4621251% 
2014-04-12 14:28:47,603 INFO org.apache.hadoop.mapred.TaskTracker: attempt_201404121426_0001_m_000008_0 0.41220623% 
2014-04-12 14:28:47,663 INFO org.apache.hadoop.mapred.TaskTracker: attempt_201404121426_0001_m_000003_0 0.61537063% 
2014-04-12 14:28:47,667 INFO org.apache.hadoop.mapred.TaskTracker: attempt_201404121426_0001_m_000001_0 0.42454597% 
2014-04-12 14:28:47,680 INFO org.apache.hadoop.mapred.TaskTracker: attempt_201404121426_0001_m_000005_0 0.42394188% 
2014-04-12 14:28:47,769 INFO org.apache.hadoop.mapred.TaskTracker: attempt_201404121426_0001_m_000007_0 0.44365153% 
2014-04-12 14:28:48,078 INFO org.apache.hadoop.mapred.TaskTracker: attempt_201404121426_0001_m_000011_0 0.55687284% 
2014-04-12 14:28:48,419 INFO org.apache.hadoop.mapred.TaskTracker: attempt_201404121426_0001_m_000002_0 0.39597225% 
2014-04-12 14:28:48,548 INFO org.apache.hadoop.mapred.TaskTracker: attempt_201404121426_0001_m_000006_0 0.43042916% 
2014-04-12 14:28:49,138 INFO org.apache.hadoop.mapred.TaskTracker: attempt_201404121426_0001_m_000000_0 0.39702532% 
2014-04-12 14:28:51,017 INFO org.apache.hadoop.mapred.TaskTracker: attempt_201404121426_0001_m_000005_0 0.50619036% 
2014-04-12 14:28:51,750 INFO org.apache.hadoop.mapred.TaskTracker: attempt_201404121426_0001_m_000007_0 0.52675223% 
2014-04-12 14:28:51,750 INFO org.apache.hadoop.mapred.TaskTracker: attempt_201404121426_0001_m_000011_0 0.64549464% 
2014-04-12 14:28:51,751 INFO org.apache.hadoop.mapred.TaskTracker: attempt_201404121426_0001_m_000009_0 0.49051332% 
2014-04-12 14:28:51,752 INFO org.apache.hadoop.mapred.TaskTracker: attempt_201404121426_0001_m_000001_0 0.5083554% 
2014-04-12 14:28:51,752 INFO org.apache.hadoop.mapred.TaskTracker: attempt_201404121426_0001_m_000003_0 0.70458376% 
2014-04-12 14:28:51,753 INFO org.apache.hadoop.mapred.TaskTracker: attempt_201404121426_0001_m_000008_0 0.50567234% 
2014-04-12 14:28:51,761 INFO org.apache.hadoop.mapred.TaskTracker: attempt_201404121426_0001_m_000010_0 0.5332609% 
2014-04-12 14:28:51,802 INFO org.apache.hadoop.mapred.TaskTracker: attempt_201404121426_0001_m_000004_0 0.5319882% 
2014-04-12 14:28:51,829 INFO org.apache.hadoop.mapred.TaskTracker: attempt_201404121426_0001_m_000002_0 0.47832116% 
2014-04-12 14:28:51,931 INFO org.apache.hadoop.mapred.TaskTracker: attempt_201404121426_0001_m_000006_0 0.5148374% 
2014-04-12 14:28:52,388 INFO org.apache.hadoop.mapred.TaskTracker: attempt_201404121426_0001_m_000000_0 0.4743866% 
2014-04-12 14:28:55,097 INFO org.apache.hadoop.mapred.TaskTracker: attempt_201404121426_0001_m_000003_0 0.7934201% 
2014-04-12 14:28:55,165 INFO org.apache.hadoop.mapred.TaskTracker: attempt_201404121426_0001_m_000007_0 0.62626714% 
2014-04-12 14:28:55,166 INFO org.apache.hadoop.mapred.TaskTracker: attempt_201404121426_0001_m_000009_0 0.57191646% 
2014-04-12 14:28:55,208 INFO org.apache.hadoop.mapred.TaskTracker: attempt_201404121426_0001_m_000011_0 0.7116223% 
2014-04-12 14:28:55,221 INFO org.apache.hadoop.mapred.TaskTracker: attempt_201404121426_0001_m_000004_0 0.624189% 
2014-04-12 14:28:55,244 INFO org.apache.hadoop.mapred.TaskTracker: attempt_201404121426_0001_m_000010_0 0.6289089% 
2014-04-12 14:28:55,274 INFO org.apache.hadoop.mapred.TaskTracker: attempt_201404121426_0001_m_000002_0 0.5403125% 
2014-04-12 14:28:55,392 INFO org.apache.hadoop.mapred.TaskTracker: attempt_201404121426_0001_m_000006_0 0.593963% 
2014-04-12 14:28:55,458 INFO org.apache.hadoop.mapred.TaskTracker: attempt_201404121426_0001_m_000001_0 0.61633116% 
2014-04-12 14:28:55,468 INFO org.apache.hadoop.mapred.TaskTracker: attempt_201404121426_0001_m_000008_0 0.6170494% 
2014-04-12 14:28:55,488 INFO org.apache.hadoop.mapred.TaskTracker: attempt_201404121426_0001_m_000005_0 0.61149657% 
2014-04-12 14:28:55,709 INFO org.apache.hadoop.mapred.TaskTracker: attempt_201404121426_0001_m_000000_0 0.5358544% 
2014-04-12 14:28:58,384 INFO org.apache.hadoop.mapred.TaskTracker: attempt_201404121426_0001_m_000007_0 0.7170144% 
2014-04-12 14:28:58,429 INFO org.apache.hadoop.mapred.TaskTracker: attempt_201404121426_0001_m_000003_0 0.8858723% 
2014-04-12 14:28:58,504 INFO org.apache.hadoop.mapred.TaskTracker: attempt_201404121426_0001_m_000011_0 0.81022906% 
2014-04-12 14:28:58,565 INFO org.apache.hadoop.mapred.TaskTracker: attempt_201404121426_0001_m_000010_0 0.7389225% 
2014-04-12 14:28:58,567 INFO org.apache.hadoop.mapred.TaskTracker: attempt_201404121426_0001_m_000002_0 0.6398467% 
2014-04-12 14:28:58,778 INFO org.apache.hadoop.mapred.TaskTracker: attempt_201404121426_0001_m_000001_0 0.67025745% 
2014-04-12 14:28:58,789 INFO org.apache.hadoop.mapred.TaskTracker: attempt_201404121426_0001_m_000004_0 0.6656475% 
2014-04-12 14:28:58,814 INFO org.apache.hadoop.mapred.TaskTracker: attempt_201404121426_0001_m_000005_0 0.6908918% 
2014-04-12 14:28:58,893 INFO org.apache.hadoop.mapred.TaskTracker: attempt_201404121426_0001_m_000008_0 0.72095716% 
2014-04-12 14:28:58,927 INFO org.apache.hadoop.mapred.TaskTracker: attempt_201404121426_0001_m_000009_0 0.668122% 
2014-04-12 14:28:59,064 INFO org.apache.hadoop.mapred.TaskTracker: attempt_201404121426_0001_m_000006_0 0.6666227% 
2014-04-12 14:28:59,089 INFO org.apache.hadoop.mapred.TaskTracker: attempt_201404121426_0001_m_000000_0 0.62935436% 
2014-04-12 14:29:01,678 INFO org.apache.hadoop.mapred.TaskTracker: attempt_201404121426_0001_m_000007_0 0.7963434% 
2014-04-12 14:29:01,859 INFO org.apache.hadoop.mapred.TaskTracker: attempt_201404121426_0001_m_000003_0 0.9550563% 
2014-04-12 14:29:01,895 INFO org.apache.hadoop.mapred.TaskTracker: attempt_201404121426_0001_m_000011_0 0.89958555% 
2014-04-12 14:29:01,900 INFO org.apache.hadoop.mapred.TaskTracker: attempt_201404121426_0001_m_000010_0 0.81729645% 
2014-04-12 14:29:02,002 INFO org.apache.hadoop.mapred.TaskTracker: attempt_201404121426_0001_m_000002_0 0.7523962% 
2014-04-12 14:29:02,157 INFO org.apache.hadoop.mapred.TaskTracker: attempt_201404121426_0001_m_000005_0 0.78130674% 
2014-04-12 14:29:02,230 INFO org.apache.hadoop.mapred.TaskTracker: attempt_201404121426_0001_m_000008_0 0.7965425% 
2014-04-12 14:29:02,367 INFO org.apache.hadoop.mapred.TaskTracker: attempt_201404121426_0001_m_000006_0 0.7627421% 
2014-04-12 14:29:02,478 INFO org.apache.hadoop.mapred.TaskTracker: attempt_201404121426_0001_m_000000_0 0.7227961% 
2014-04-12 14:29:02,504 INFO org.apache.hadoop.mapred.TaskTracker: attempt_201404121426_0001_m_000001_0 0.7799529% 
2014-04-12 14:29:02,580 INFO org.apache.hadoop.mapred.TaskTracker: attempt_201404121426_0001_m_000004_0 0.7830521% 
2014-04-12 14:29:03,295 INFO org.apache.hadoop.mapred.TaskTracker: attempt_201404121426_0001_m_000009_0 0.77898544% 
2014-04-12 14:29:04,978 INFO org.apache.hadoop.mapred.TaskTracker: attempt_201404121426_0001_m_000007_0 0.89985275% 
2014-04-12 14:29:05,179 INFO org.apache.hadoop.mapred.TaskTracker: attempt_201404121426_0001_m_000003_0 1.0% 
2014-04-12 14:29:05,209 INFO org.apache.hadoop.mapred.TaskTracker: attempt_201404121426_0001_m_000011_0 0.97801906% 
2014-04-12 14:29:05,351 INFO org.apache.hadoop.mapred.TaskTracker: attempt_201404121426_0001_m_000002_0 0.84441847% 
2014-04-12 14:29:05,582 INFO org.apache.hadoop.mapred.TaskTracker: attempt_201404121426_0001_m_000005_0 0.87047154% 
2014-04-12 14:29:05,582 INFO org.apache.hadoop.mapred.TaskTracker: attempt_201404121426_0001_m_000008_0 0.89427793% 
2014-04-12 14:29:05,607 INFO org.apache.hadoop.mapred.TaskTracker: attempt_201404121426_0001_m_000006_0 0.84676033% 
2014-04-12 14:29:05,734 INFO org.apache.hadoop.mapred.TaskTracker: attempt_201404121426_0001_m_000000_0 0.80991894% 
2014-04-12 14:29:05,915 INFO org.apache.hadoop.mapred.TaskTracker: attempt_201404121426_0001_m_000004_0 0.8736875% 
2014-04-12 14:29:05,923 INFO org.apache.hadoop.mapred.TaskTracker: attempt_201404121426_0001_m_000001_0 0.88088685% 
2014-04-12 14:29:06,024 INFO org.apache.hadoop.mapred.TaskTracker: attempt_201404121426_0001_m_000010_0 0.9173425% 
2014-04-12 14:29:06,767 INFO org.apache.hadoop.mapred.TaskTracker: attempt_201404121426_0001_m_000009_0 0.87283546% 
2014-04-12 14:29:08,278 INFO org.apache.hadoop.mapred.TaskTracker: attempt_201404121426_0001_m_000007_0 0.9793181% 
2014-04-12 14:29:08,451 INFO org.apache.hadoop.mapred.TaskTracker: attempt_201404121426_0001_m_000003_0 1.0% 
2014-04-12 14:29:08,470 INFO org.apache.hadoop.mapred.TaskTracker: attempt_201404121426_0001_m_000011_0 1.0% 
2014-04-12 14:29:08,640 INFO org.apache.hadoop.mapred.TaskTracker: attempt_201404121426_0001_m_000002_0 0.93016756% 
2014-04-12 14:29:08,776 INFO org.apache.hadoop.mapred.TaskTracker: attempt_201404121426_0001_m_000008_0 0.9915674% 
2014-04-12 14:29:08,784 INFO org.apache.hadoop.mapred.TaskTracker: attempt_201404121426_0001_m_000005_0 0.9624635% 
2014-04-12 14:29:08,813 INFO org.apache.hadoop.mapred.TaskTracker: attempt_201404121426_0001_m_000006_0 0.9230119% 
2014-04-12 14:29:09,083 INFO org.apache.hadoop.mapred.TaskTracker: attempt_201404121426_0001_m_000004_0 0.95216805% 
2014-04-12 14:29:09,109 INFO org.apache.hadoop.mapred.TaskTracker: attempt_201404121426_0001_m_000001_0 0.9613259% 
2014-04-12 14:29:09,248 INFO org.apache.hadoop.mapred.TaskTracker: attempt_201404121426_0001_m_000000_0 0.90761036% 
2014-04-12 14:29:09,295 INFO org.apache.hadoop.mapred.TaskTracker: attempt_201404121426_0001_m_000010_0 1.0% 
2014-04-12 14:29:09,877 INFO org.apache.hadoop.mapred.TaskTracker: attempt_201404121426_0001_m_000009_0 0.973416% 
2014-04-12 14:29:11,413 INFO org.apache.hadoop.mapred.TaskTracker: attempt_201404121426_0001_m_000007_0 1.0% 
2014-04-12 14:29:11,585 INFO org.apache.hadoop.mapred.TaskTracker: attempt_201404121426_0001_m_000003_0 1.0% 
2014-04-12 14:29:11,653 INFO org.apache.hadoop.mapred.TaskTracker: attempt_201404121426_0001_m_000011_0 1.0% 
2014-04-12 14:29:11,895 INFO org.apache.hadoop.mapred.TaskTracker: attempt_201404121426_0001_m_000002_0 1.0% 
2014-04-12 14:29:11,955 INFO org.apache.hadoop.mapred.TaskTracker: attempt_201404121426_0001_m_000008_0 1.0% 
2014-04-12 14:29:11,994 INFO org.apache.hadoop.mapred.TaskTracker: attempt_201404121426_0001_m_000005_0 1.0% 
2014-04-12 14:29:11,994 INFO org.apache.hadoop.mapred.TaskTracker: attempt_201404121426_0001_m_000006_0 1.0% 
2014-04-12 14:29:12,280 INFO org.apache.hadoop.mapred.TaskTracker: attempt_201404121426_0001_m_000004_0 1.0% 
2014-04-12 14:29:12,313 INFO org.apache.hadoop.mapred.TaskTracker: attempt_201404121426_0001_m_000001_0 1.0% 
2014-04-12 14:29:12,473 INFO org.apache.hadoop.mapred.TaskTracker: attempt_201404121426_0001_m_000000_0 1.0% 
2014-04-12 14:29:12,530 INFO org.apache.hadoop.mapred.TaskTracker: attempt_201404121426_0001_m_000010_0 1.0% 
2014-04-12 14:29:13,128 INFO org.apache.hadoop.mapred.TaskTracker: attempt_201404121426_0001_m_000009_0 1.0% 
2014-04-12 14:29:14,553 INFO org.apache.hadoop.mapred.TaskTracker: attempt_201404121426_0001_m_000007_0 1.0% 
2014-04-12 14:29:14,720 INFO org.apache.hadoop.mapred.TaskTracker: attempt_201404121426_0001_m_000003_0 1.0% 
2014-04-12 14:29:14,764 INFO org.apache.hadoop.mapred.TaskTracker: attempt_201404121426_0001_m_000011_0 1.0% 
2014-04-12 14:29:15,006 INFO org.apache.hadoop.mapred.TaskTracker: attempt_201404121426_0001_m_000002_0 1.0% 
2014-04-12 14:29:15,046 INFO org.apache.hadoop.mapred.TaskTracker: attempt_201404121426_0001_m_000008_0 1.0% 
2014-04-12 14:29:15,082 INFO org.apache.hadoop.mapred.TaskTracker: attempt_201404121426_0001_m_000005_0 1.0% 
2014-04-12 14:29:15,133 INFO org.apache.hadoop.mapred.TaskTracker: attempt_201404121426_0001_m_000006_0 1.0% 
2014-04-12 14:29:15,442 INFO org.apache.hadoop.mapred.TaskTracker: attempt_201404121426_0001_m_000004_0 1.0% 
2014-04-12 14:29:15,463 INFO org.apache.hadoop.mapred.TaskTracker: attempt_201404121426_0001_m_000001_0 1.0% 
2014-04-12 14:29:15,601 INFO org.apache.hadoop.mapred.TaskTracker: attempt_201404121426_0001_m_000000_0 1.0% 
2014-04-12 14:29:15,662 INFO org.apache.hadoop.mapred.TaskTracker: attempt_201404121426_0001_m_000010_0 1.0% 
2014-04-12 14:29:16,190 INFO org.apache.hadoop.mapred.TaskTracker: attempt_201404121426_0001_m_000009_0 1.0% 
2014-04-12 14:29:17,673 INFO org.apache.hadoop.mapred.TaskTracker: attempt_201404121426_0001_m_000007_0 1.0% 
2014-04-12 14:29:17,777 INFO org.apache.hadoop.mapred.TaskTracker: attempt_201404121426_0001_m_000003_0 1.0% 
2014-04-12 14:29:17,877 INFO org.apache.hadoop.mapred.TaskTracker: attempt_201404121426_0001_m_000011_0 1.0% 
2014-04-12 14:29:18,138 INFO org.apache.hadoop.mapred.TaskTracker: attempt_201404121426_0001_m_000005_0 1.0% 
2014-04-12 14:29:18,179 INFO org.apache.hadoop.mapred.TaskTracker: attempt_201404121426_0001_m_000002_0 1.0% 
2014-04-12 14:29:18,200 INFO org.apache.hadoop.mapred.TaskTracker: attempt_201404121426_0001_m_000008_0 1.0% 
2014-04-12 14:29:18,249 INFO org.apache.hadoop.mapred.TaskTracker: attempt_201404121426_0001_m_000006_0 1.0% 
2014-04-12 14:29:18,483 INFO org.apache.hadoop.mapred.TaskTracker: attempt_201404121426_0001_m_000004_0 1.0% 
2014-04-12 14:29:18,565 INFO org.apache.hadoop.mapred.TaskTracker: attempt_201404121426_0001_m_000001_0 1.0% 
2014-04-12 14:29:18,727 INFO org.apache.hadoop.mapred.TaskTracker: attempt_201404121426_0001_m_000010_0 1.0% 
2014-04-12 14:29:18,745 INFO org.apache.hadoop.mapred.TaskTracker: attempt_201404121426_0001_m_000000_0 1.0% 
2014-04-12 14:29:19,245 INFO org.apache.hadoop.mapred.TaskTracker: attempt_201404121426_0001_m_000009_0 1.0% 
2014-04-12 14:29:20,705 INFO org.apache.hadoop.mapred.TaskTracker: attempt_201404121426_0001_m_000007_0 1.0% 
2014-04-12 14:29:22,457 INFO org.apache.hadoop.mapred.TaskTracker: attempt_201404121426_0001_m_000003_0 1.0% 
2014-04-12 14:29:22,459 INFO org.apache.hadoop.mapred.TaskTracker: attempt_201404121426_0001_m_000011_0 1.0% 
2014-04-12 14:29:22,459 INFO org.apache.hadoop.mapred.TaskTracker: attempt_201404121426_0001_m_000009_0 1.0% 
2014-04-12 14:29:22,460 INFO org.apache.hadoop.mapred.TaskTracker: attempt_201404121426_0001_m_000001_0 1.0% 
2014-04-12 14:29:22,460 INFO org.apache.hadoop.mapred.TaskTracker: attempt_201404121426_0001_m_000008_0 1.0% 
2014-04-12 14:29:22,461 INFO org.apache.hadoop.mapred.TaskTracker: attempt_201404121426_0001_m_000002_0 1.0% 
2014-04-12 14:29:22,461 INFO org.apache.hadoop.mapred.TaskTracker: attempt_201404121426_0001_m_000010_0 1.0% 
2014-04-12 14:29:22,462 INFO org.apache.hadoop.mapred.TaskTracker: attempt_201404121426_0001_m_000004_0 1.0% 
2014-04-12 14:29:22,462 INFO org.apache.hadoop.mapred.TaskTracker: attempt_201404121426_0001_m_000006_0 1.0% 
2014-04-12 14:29:22,462 INFO org.apache.hadoop.mapred.TaskTracker: attempt_201404121426_0001_m_000005_0 1.0% 
2014-04-12 14:29:22,463 INFO org.apache.hadoop.mapred.TaskTracker: attempt_201404121426_0001_m_000000_0 1.0% 
2014-04-12 14:29:25,529 INFO org.apache.hadoop.mapred.TaskTracker: attempt_201404121426_0001_m_000010_0 1.0% 
2014-04-12 14:29:25,531 INFO org.apache.hadoop.mapred.TaskTracker: attempt_201404121426_0001_m_000010_0 1.0% 
2014-04-12 14:29:25,532 INFO org.apache.hadoop.mapred.TaskTracker: Task attempt_201404121426_0001_m_000010_0 is done.
2014-04-12 14:29:25,532 INFO org.apache.hadoop.mapred.TaskTracker: reported output size for attempt_201404121426_0001_m_000010_0  was 52584223
2014-04-12 14:29:25,539 INFO org.apache.hadoop.mapred.TaskTracker: attempt_201404121426_0001_m_000009_0 1.0% 
2014-04-12 14:29:25,556 INFO org.apache.hadoop.mapred.TaskTracker: attempt_201404121426_0001_m_000006_0 1.0% 
2014-04-12 14:29:25,560 INFO org.apache.hadoop.mapred.TaskTracker: attempt_201404121426_0001_m_000007_0 1.0% 
2014-04-12 14:29:25,563 INFO org.apache.hadoop.mapred.TaskTracker: attempt_201404121426_0001_m_000000_0 1.0% 
2014-04-12 14:29:25,566 INFO org.apache.hadoop.mapred.TaskTracker: attempt_201404121426_0001_m_000004_0 1.0% 
2014-04-12 14:29:25,567 INFO org.apache.hadoop.mapred.TaskTracker: attempt_201404121426_0001_m_000003_0 1.0% 
2014-04-12 14:29:25,568 INFO org.apache.hadoop.mapred.TaskTracker: attempt_201404121426_0001_m_000004_0 1.0% 
2014-04-12 14:29:25,569 INFO org.apache.hadoop.mapred.TaskTracker: Task attempt_201404121426_0001_m_000004_0 is done.
2014-04-12 14:29:25,569 INFO org.apache.hadoop.mapred.TaskTracker: reported output size for attempt_201404121426_0001_m_000004_0  was 51946223
2014-04-12 14:29:25,575 INFO org.apache.hadoop.mapred.TaskTracker: attempt_201404121426_0001_m_000005_0 1.0% 
2014-04-12 14:29:25,577 INFO org.apache.hadoop.mapred.TaskTracker: attempt_201404121426_0001_m_000001_0 1.0% 
2014-04-12 14:29:25,579 INFO org.apache.hadoop.mapred.TaskTracker: attempt_201404121426_0001_m_000002_0 1.0% 
2014-04-12 14:29:25,581 INFO org.apache.hadoop.mapred.TaskTracker: attempt_201404121426_0001_m_000011_0 1.0% 
2014-04-12 14:29:25,710 INFO org.apache.hadoop.mapred.TaskTracker: attempt_201404121426_0001_m_000008_0 1.0% 
2014-04-12 14:29:25,865 INFO org.apache.hadoop.mapred.TaskTracker: addFreeSlot : current free slots : 1
2014-04-12 14:29:25,865 INFO org.apache.hadoop.mapred.TaskTracker: addFreeSlot : current free slots : 2
2014-04-12 14:29:26,684 INFO org.apache.hadoop.mapred.JvmManager: JVM : jvm_201404121426_0001_m_988046541 exited with exit code 0. Number of tasks it ran: 1
2014-04-12 14:29:27,938 INFO org.apache.hadoop.mapred.JvmManager: JVM : jvm_201404121426_0001_m_1030131746 exited with exit code 0. Number of tasks it ran: 1
2014-04-12 14:29:28,499 INFO org.apache.hadoop.mapred.TaskTracker: LaunchTaskAction (registerTask): attempt_201404121426_0001_r_000000_0 task's state:UNASSIGNED
2014-04-12 14:29:28,499 INFO org.apache.hadoop.mapred.TaskTracker: Trying to launch : attempt_201404121426_0001_r_000000_0 which needs 1 slots
2014-04-12 14:29:28,499 INFO org.apache.hadoop.mapred.TaskTracker: In TaskLauncher, current free slots : 2 and trying to launch attempt_201404121426_0001_r_000000_0 which needs 1 slots
2014-04-12 14:29:28,569 INFO org.apache.hadoop.mapred.TaskTracker: attempt_201404121426_0001_m_000009_0 1.0% 
2014-04-12 14:29:28,571 INFO org.apache.hadoop.mapred.TaskTracker: attempt_201404121426_0001_m_000003_0 1.0% 
2014-04-12 14:29:28,571 INFO org.apache.hadoop.mapred.TaskTracker: attempt_201404121426_0001_m_000009_0 1.0% 
2014-04-12 14:29:28,572 INFO org.apache.hadoop.mapred.TaskTracker: Task attempt_201404121426_0001_m_000003_0 is done.
2014-04-12 14:29:28,572 INFO org.apache.hadoop.mapred.TaskTracker: reported output size for attempt_201404121426_0001_m_000003_0  was 52854458
2014-04-12 14:29:28,572 INFO org.apache.hadoop.mapred.TaskTracker: Task attempt_201404121426_0001_m_000009_0 is done.
2014-04-12 14:29:28,572 INFO org.apache.hadoop.mapred.TaskTracker: reported output size for attempt_201404121426_0001_m_000009_0  was 52197794
2014-04-12 14:29:28,587 INFO org.apache.hadoop.mapred.TaskTracker: attempt_201404121426_0001_m_000006_0 1.0% 
2014-04-12 14:29:28,589 INFO org.apache.hadoop.mapred.TaskTracker: attempt_201404121426_0001_m_000007_0 1.0% 
2014-04-12 14:29:28,591 INFO org.apache.hadoop.mapred.TaskTracker: attempt_201404121426_0001_m_000007_0 1.0% 
2014-04-12 14:29:28,592 INFO org.apache.hadoop.mapred.TaskTracker: Task attempt_201404121426_0001_m_000007_0 is done.
2014-04-12 14:29:28,592 INFO org.apache.hadoop.mapred.TaskTracker: reported output size for attempt_201404121426_0001_m_000007_0  was 52806801
2014-04-12 14:29:28,597 INFO org.apache.hadoop.mapred.TaskTracker: attempt_201404121426_0001_m_000006_0 1.0% 
2014-04-12 14:29:28,597 INFO org.apache.hadoop.mapred.TaskTracker: attempt_201404121426_0001_m_000000_0 1.0% 
2014-04-12 14:29:28,598 INFO org.apache.hadoop.mapred.TaskTracker: Task attempt_201404121426_0001_m_000006_0 is done.
2014-04-12 14:29:28,598 INFO org.apache.hadoop.mapred.TaskTracker: reported output size for attempt_201404121426_0001_m_000006_0  was 51759015
2014-04-12 14:29:28,601 INFO org.apache.hadoop.mapred.TaskTracker: attempt_201404121426_0001_m_000000_0 1.0% 
2014-04-12 14:29:28,602 INFO org.apache.hadoop.mapred.TaskTracker: Task attempt_201404121426_0001_m_000000_0 is done.
2014-04-12 14:29:28,602 INFO org.apache.hadoop.mapred.TaskTracker: reported output size for attempt_201404121426_0001_m_000000_0  was 52349809
2014-04-12 14:29:28,610 INFO org.apache.hadoop.mapred.TaskTracker: attempt_201404121426_0001_m_000005_0 1.0% 
2014-04-12 14:29:28,610 INFO org.apache.hadoop.mapred.TaskTracker: attempt_201404121426_0001_m_000011_0 1.0% 
2014-04-12 14:29:28,612 INFO org.apache.hadoop.mapred.TaskTracker: attempt_201404121426_0001_m_000001_0 1.0% 
2014-04-12 14:29:28,613 INFO org.apache.hadoop.mapred.TaskTracker: attempt_201404121426_0001_m_000011_0 1.0% 
2014-04-12 14:29:28,614 INFO org.apache.hadoop.mapred.TaskTracker: attempt_201404121426_0001_m_000005_0 1.0% 
2014-04-12 14:29:28,614 INFO org.apache.hadoop.mapred.TaskTracker: attempt_201404121426_0001_m_000001_0 1.0% 
2014-04-12 14:29:28,615 INFO org.apache.hadoop.mapred.TaskTracker: Task attempt_201404121426_0001_m_000011_0 is done.
2014-04-12 14:29:28,615 INFO org.apache.hadoop.mapred.TaskTracker: reported output size for attempt_201404121426_0001_m_000011_0  was 51226880
2014-04-12 14:29:28,615 INFO org.apache.hadoop.mapred.TaskTracker: Task attempt_201404121426_0001_m_000005_0 is done.
2014-04-12 14:29:28,615 INFO org.apache.hadoop.mapred.TaskTracker: reported output size for attempt_201404121426_0001_m_000005_0  was 52209478
2014-04-12 14:29:28,617 INFO org.apache.hadoop.mapred.TaskTracker: Task attempt_201404121426_0001_m_000001_0 is done.
2014-04-12 14:29:28,617 INFO org.apache.hadoop.mapred.TaskTracker: reported output size for attempt_201404121426_0001_m_000001_0  was 51879895
2014-04-12 14:29:28,618 INFO org.apache.hadoop.mapred.TaskTracker: attempt_201404121426_0001_m_000002_0 1.0% 
2014-04-12 14:29:28,621 INFO org.apache.hadoop.mapred.TaskTracker: attempt_201404121426_0001_m_000002_0 1.0% 
2014-04-12 14:29:28,621 INFO org.apache.hadoop.mapred.TaskTracker: Task attempt_201404121426_0001_m_000002_0 is done.
2014-04-12 14:29:28,622 INFO org.apache.hadoop.mapred.TaskTracker: reported output size for attempt_201404121426_0001_m_000002_0  was 52360561
2014-04-12 14:29:28,717 INFO org.apache.hadoop.mapred.JvmManager: In JvmRunner constructed JVM ID: jvm_201404121426_0001_r_1713332133
2014-04-12 14:29:28,717 INFO org.apache.hadoop.mapred.JvmManager: JVM Runner jvm_201404121426_0001_r_1713332133 spawned.
2014-04-12 14:29:28,719 INFO org.apache.hadoop.mapred.TaskController: Writing commands to /tmp/hadoop/hadoop-jmg3/mapred/local/ttprivate/taskTracker/jmg3/jobcache/job_201404121426_0001/attempt_201404121426_0001_r_000000_0/taskjvm.sh
2014-04-12 14:29:28,742 INFO org.apache.hadoop.mapred.TaskTracker: attempt_201404121426_0001_m_000008_0 1.0% 
2014-04-12 14:29:28,744 INFO org.apache.hadoop.mapred.TaskTracker: attempt_201404121426_0001_m_000008_0 1.0% 
2014-04-12 14:29:28,745 INFO org.apache.hadoop.mapred.TaskTracker: Task attempt_201404121426_0001_m_000008_0 is done.
2014-04-12 14:29:28,745 INFO org.apache.hadoop.mapred.TaskTracker: reported output size for attempt_201404121426_0001_m_000008_0  was 52484422
2014-04-12 14:29:28,826 INFO org.apache.hadoop.mapred.TaskTracker: addFreeSlot : current free slots : 3
2014-04-12 14:29:28,841 INFO org.apache.hadoop.mapred.TaskTracker: addFreeSlot : current free slots : 4
2014-04-12 14:29:28,845 INFO org.apache.hadoop.mapred.TaskTracker: addFreeSlot : current free slots : 5
2014-04-12 14:29:28,847 INFO org.apache.hadoop.mapred.TaskTracker: addFreeSlot : current free slots : 6
2014-04-12 14:29:28,861 INFO org.apache.hadoop.mapred.TaskTracker: addFreeSlot : current free slots : 7
2014-04-12 14:29:28,870 INFO org.apache.hadoop.mapred.TaskTracker: addFreeSlot : current free slots : 8
2014-04-12 14:29:28,880 INFO org.apache.hadoop.mapred.TaskTracker: addFreeSlot : current free slots : 9
2014-04-12 14:29:28,882 INFO org.apache.hadoop.mapred.TaskTracker: addFreeSlot : current free slots : 10
2014-04-12 14:29:28,999 INFO org.apache.hadoop.mapred.TaskTracker: addFreeSlot : current free slots : 11
2014-04-12 14:29:29,372 INFO org.apache.hadoop.mapred.TaskTracker: JVM with ID: jvm_201404121426_0001_r_1713332133 given task: attempt_201404121426_0001_r_000000_0
2014-04-12 14:29:31,522 INFO org.apache.hadoop.mapred.TaskTracker: LaunchTaskAction (registerTask): attempt_201404121426_0001_r_000001_0 task's state:UNASSIGNED
2014-04-12 14:29:33,538 INFO org.apache.hadoop.mapred.TaskTracker: Trying to launch : attempt_201404121426_0001_r_000001_0 which needs 1 slots
2014-04-12 14:29:33,538 INFO org.apache.hadoop.mapred.TaskTracker: In TaskLauncher, current free slots : 1 and trying to launch attempt_201404121426_0001_r_000001_0 which needs 1 slots
2014-04-12 14:29:33,541 INFO org.apache.hadoop.mapred.JvmManager: JVM : jvm_201404121426_0001_m_434789565 exited with exit code 0. Number of tasks it ran: 1
2014-04-12 14:29:33,544 INFO org.apache.hadoop.mapred.JvmManager: In JvmRunner constructed JVM ID: jvm_201404121426_0001_r_434789565
2014-04-12 14:29:33,545 INFO org.apache.hadoop.mapred.JvmManager: JVM Runner jvm_201404121426_0001_r_434789565 spawned.
2014-04-12 14:29:33,546 INFO org.apache.hadoop.mapred.TaskController: Writing commands to /tmp/hadoop/hadoop-jmg3/mapred/local/ttprivate/taskTracker/jmg3/jobcache/job_201404121426_0001/attempt_201404121426_0001_r_000001_0/taskjvm.sh
2014-04-12 14:29:33,610 INFO org.apache.hadoop.mapred.JvmManager: JVM : jvm_201404121426_0001_m_1533552031 exited with exit code 0. Number of tasks it ran: 1
2014-04-12 14:29:33,627 INFO org.apache.hadoop.mapred.JvmManager: JVM : jvm_201404121426_0001_m_1431449759 exited with exit code 0. Number of tasks it ran: 1
2014-04-12 14:29:33,635 INFO org.apache.hadoop.mapred.JvmManager: JVM : jvm_201404121426_0001_m_661024955 exited with exit code 0. Number of tasks it ran: 1
2014-04-12 14:29:33,636 INFO org.apache.hadoop.mapred.JvmManager: JVM : jvm_201404121426_0001_m_1910920846 exited with exit code 0. Number of tasks it ran: 1
2014-04-12 14:29:33,636 INFO org.apache.hadoop.mapred.JvmManager: JVM : jvm_201404121426_0001_m_1377175517 exited with exit code 0. Number of tasks it ran: 1
2014-04-12 14:29:33,716 INFO org.apache.hadoop.mapred.JvmManager: JVM : jvm_201404121426_0001_m_933024130 exited with exit code 0. Number of tasks it ran: 1
2014-04-12 14:29:33,717 INFO org.apache.hadoop.mapred.JvmManager: JVM : jvm_201404121426_0001_m_709690063 exited with exit code 0. Number of tasks it ran: 1
2014-04-12 14:29:33,717 INFO org.apache.hadoop.mapred.JvmManager: JVM : jvm_201404121426_0001_m_1420808034 exited with exit code 0. Number of tasks it ran: 1
2014-04-12 14:29:33,717 INFO org.apache.hadoop.mapred.JvmManager: JVM : jvm_201404121426_0001_m_265054670 exited with exit code 0. Number of tasks it ran: 1
2014-04-12 14:29:34,155 INFO org.apache.hadoop.mapred.TaskTracker: JVM with ID: jvm_201404121426_0001_r_434789565 given task: attempt_201404121426_0001_r_000001_0
2014-04-12 14:29:35,211 INFO org.apache.hadoop.mapred.TaskTracker.clienttrace: src: 192.168.110.214:50061, dest: 192.168.110.214:52586, bytes: 25568208, op: MAPRED_SHUFFLE, cliID: attempt_201404121426_0001_m_000004_0, duration: 102391793
2014-04-12 14:29:35,558 INFO org.apache.hadoop.mapred.TaskTracker.clienttrace: src: 192.168.110.214:50061, dest: 192.168.110.214:52587, bytes: 25884622, op: MAPRED_SHUFFLE, cliID: attempt_201404121426_0001_m_000010_0, duration: 344426384
2014-04-12 14:29:35,842 INFO org.apache.hadoop.mapred.TaskTracker: attempt_201404121426_0001_r_000000_0 0.05555556% reduce > copy (2 of 12 at 8.18 MB/s) > 
2014-04-12 14:29:36,577 INFO org.apache.hadoop.mapred.TaskTracker.clienttrace: src: 192.168.110.214:50061, dest: 192.168.110.214:52588, bytes: 25776961, op: MAPRED_SHUFFLE, cliID: attempt_201404121426_0001_m_000000_0, duration: 1015888623
2014-04-12 14:29:38,291 INFO org.apache.hadoop.mapred.TaskTracker.clienttrace: src: 192.168.110.214:50061, dest: 192.168.110.214:52589, bytes: 25557681, op: MAPRED_SHUFFLE, cliID: attempt_201404121426_0001_m_000001_0, duration: 1711537935
2014-04-12 14:29:38,682 INFO org.apache.hadoop.mapred.TaskTracker.clienttrace: src: 192.168.110.214:50061, dest: 192.168.110.214:52590, bytes: 25796235, op: MAPRED_SHUFFLE, cliID: attempt_201404121426_0001_m_000002_0, duration: 389356702
2014-04-12 14:29:38,877 INFO org.apache.hadoop.mapred.TaskTracker: attempt_201404121426_0001_r_000000_0 0.1388889% reduce > copy (5 of 12 at 13.63 MB/s) > 
2014-04-12 14:29:39,669 INFO org.apache.hadoop.mapred.TaskTracker.clienttrace: src: 192.168.110.214:50061, dest: 192.168.110.214:52591, bytes: 26080573, op: MAPRED_SHUFFLE, cliID: attempt_201404121426_0001_m_000003_0, duration: 985155384
2014-04-12 14:29:40,612 INFO org.apache.hadoop.mapred.TaskTracker: attempt_201404121426_0001_r_000001_0 0.0% reduce > copy > 
2014-04-12 14:29:40,704 INFO org.apache.hadoop.mapred.TaskTracker.clienttrace: src: 192.168.110.214:50061, dest: 192.168.110.214:52592, bytes: 25763742, op: MAPRED_SHUFFLE, cliID: attempt_201404121426_0001_m_000005_0, duration: 1033132882
2014-04-12 14:29:41,727 INFO org.apache.hadoop.mapred.TaskTracker.clienttrace: src: 192.168.110.214:50061, dest: 192.168.110.214:52593, bytes: 26378015, op: MAPRED_SHUFFLE, cliID: attempt_201404121426_0001_m_000004_0, duration: 1844971321
2014-04-12 14:29:41,765 INFO org.apache.hadoop.mapred.TaskTracker.clienttrace: src: 192.168.110.214:50061, dest: 192.168.110.214:52592, bytes: 25571809, op: MAPRED_SHUFFLE, cliID: attempt_201404121426_0001_m_000006_0, duration: 1036553533
2014-04-12 14:29:41,912 INFO org.apache.hadoop.mapred.TaskTracker: attempt_201404121426_0001_r_000000_0 0.22222224% reduce > copy (8 of 12 at 16.37 MB/s) > 
2014-04-12 14:29:42,741 INFO org.apache.hadoop.mapred.TaskTracker.clienttrace: src: 192.168.110.214:50061, dest: 192.168.110.214:52594, bytes: 26699601, op: MAPRED_SHUFFLE, cliID: attempt_201404121426_0001_m_000010_0, duration: 1012234357
2014-04-12 14:29:42,785 INFO org.apache.hadoop.mapred.TaskTracker.clienttrace: src: 192.168.110.214:50061, dest: 192.168.110.214:52595, bytes: 26046410, op: MAPRED_SHUFFLE, cliID: attempt_201404121426_0001_m_000007_0, duration: 1009784776
2014-04-12 14:29:43,648 INFO org.apache.hadoop.mapred.TaskTracker: attempt_201404121426_0001_r_000001_0 0.05555556% reduce > copy (2 of 12 at 5.62 MB/s) > 
2014-04-12 14:29:43,772 INFO org.apache.hadoop.mapred.TaskTracker.clienttrace: src: 192.168.110.214:50061, dest: 192.168.110.214:52596, bytes: 26572848, op: MAPRED_SHUFFLE, cliID: attempt_201404121426_0001_m_000000_0, duration: 1027014072
2014-04-12 14:29:43,838 INFO org.apache.hadoop.mapred.TaskTracker.clienttrace: src: 192.168.110.214:50061, dest: 192.168.110.214:52598, bytes: 26322214, op: MAPRED_SHUFFLE, cliID: attempt_201404121426_0001_m_000001_0, duration: 63220155
2014-04-12 14:29:44,857 INFO org.apache.hadoop.mapred.TaskTracker.clienttrace: src: 192.168.110.214:50061, dest: 192.168.110.214:52598, bytes: 26564326, op: MAPRED_SHUFFLE, cliID: attempt_201404121426_0001_m_000002_0, duration: 1010375846
2014-04-12 14:29:44,947 INFO org.apache.hadoop.mapred.TaskTracker: attempt_201404121426_0001_r_000000_0 0.25% reduce > copy (9 of 12 at 17.02 MB/s) > 
2014-04-12 14:29:45,833 INFO org.apache.hadoop.mapred.TaskTracker.clienttrace: src: 192.168.110.214:50061, dest: 192.168.110.214:52597, bytes: 25848670, op: MAPRED_SHUFFLE, cliID: attempt_201404121426_0001_m_000008_0, duration: 3045957546
2014-04-12 14:29:46,683 INFO org.apache.hadoop.mapred.TaskTracker: attempt_201404121426_0001_r_000001_0 0.1388889% reduce > copy (5 of 12 at 11.49 MB/s) > 
2014-04-12 14:29:46,897 INFO org.apache.hadoop.mapred.TaskTracker.clienttrace: src: 192.168.110.214:50061, dest: 192.168.110.214:52597, bytes: 25672726, op: MAPRED_SHUFFLE, cliID: attempt_201404121426_0001_m_000009_0, duration: 1061065536
2014-04-12 14:29:46,877 INFO org.apache.hadoop.mapred.TaskTracker.clienttrace: src: 192.168.110.214:50061, dest: 192.168.110.214:52598, bytes: 26773885, op: MAPRED_SHUFFLE, cliID: attempt_201404121426_0001_m_000003_0, duration: 1960018493
2014-04-12 14:29:47,900 INFO org.apache.hadoop.mapred.TaskTracker.clienttrace: src: 192.168.110.214:50061, dest: 192.168.110.214:52599, bytes: 26445736, op: MAPRED_SHUFFLE, cliID: attempt_201404121426_0001_m_000005_0, duration: 1020108821
2014-04-12 14:29:47,922 INFO org.apache.hadoop.mapred.TaskTracker.clienttrace: src: 192.168.110.214:50061, dest: 192.168.110.214:52600, bytes: 25287361, op: MAPRED_SHUFFLE, cliID: attempt_201404121426_0001_m_000011_0, duration: 1023205977
2014-04-12 14:29:47,979 INFO org.apache.hadoop.mapred.TaskTracker: attempt_201404121426_0001_r_000000_0 0.30555558% reduce > copy (11 of 12 at 15.02 MB/s) > 
2014-04-12 14:29:48,683 INFO org.apache.hadoop.mapred.TaskTracker: attempt_201404121426_0001_r_000000_0 0.30555558% reduce > copy (11 of 12 at 15.02 MB/s) > 
2014-04-12 14:29:48,909 INFO org.apache.hadoop.mapred.TaskTracker.clienttrace: src: 192.168.110.214:50061, dest: 192.168.110.214:52599, bytes: 26187206, op: MAPRED_SHUFFLE, cliID: attempt_201404121426_0001_m_000006_0, duration: 1006777354
2014-04-12 14:29:49,561 INFO org.apache.hadoop.mapred.TaskTracker: attempt_201404121426_0001_r_000000_0 0.30555558% reduce > copy (11 of 12 at 15.02 MB/s) > 
2014-04-12 14:29:49,921 INFO org.apache.hadoop.mapred.TaskTracker.clienttrace: src: 192.168.110.214:50061, dest: 192.168.110.214:52599, bytes: 26760391, op: MAPRED_SHUFFLE, cliID: attempt_201404121426_0001_m_000007_0, duration: 1007216633
2014-04-12 14:29:49,978 INFO org.apache.hadoop.mapred.TaskTracker.clienttrace: src: 192.168.110.214:50061, dest: 192.168.110.214:52603, bytes: 26635752, op: MAPRED_SHUFFLE, cliID: attempt_201404121426_0001_m_000008_0, duration: 55875857
2014-04-12 14:29:50,713 INFO org.apache.hadoop.mapred.TaskTracker: attempt_201404121426_0001_r_000001_0 0.2777778% reduce > copy (10 of 12 at 15.82 MB/s) > 
2014-04-12 14:29:50,995 INFO org.apache.hadoop.mapred.TaskTracker.clienttrace: src: 192.168.110.214:50061, dest: 192.168.110.214:52603, bytes: 26525068, op: MAPRED_SHUFFLE, cliID: attempt_201404121426_0001_m_000009_0, duration: 1006421639
2014-04-12 14:29:51,014 INFO org.apache.hadoop.mapred.TaskTracker: attempt_201404121426_0001_r_000000_0 0.6666905% reduce > reduce
2014-04-12 14:29:52,005 INFO org.apache.hadoop.mapred.TaskTracker.clienttrace: src: 192.168.110.214:50061, dest: 192.168.110.214:52603, bytes: 25939519, op: MAPRED_SHUFFLE, cliID: attempt_201404121426_0001_m_000011_0, duration: 1000319350
2014-04-12 14:29:52,246 INFO org.apache.hadoop.mapred.TaskTracker: Task attempt_201404121426_0001_r_000000_0 is in commit-pending, task state:COMMIT_PENDING
2014-04-12 14:29:52,247 INFO org.apache.hadoop.mapred.TaskTracker: attempt_201404121426_0001_r_000000_0 0.6666905% reduce > reduce
2014-04-12 14:29:52,544 INFO org.apache.hadoop.mapred.TaskTracker: Received commit task action for attempt_201404121426_0001_r_000000_0
2014-04-12 14:29:52,691 INFO org.apache.hadoop.mapred.TaskTracker: attempt_201404121426_0001_r_000001_0 0.2777778% reduce > copy (10 of 12 at 15.82 MB/s) > 
2014-04-12 14:29:53,579 INFO org.apache.hadoop.mapred.TaskTracker: attempt_201404121426_0001_r_000001_0 0.2777778% reduce > copy (10 of 12 at 15.82 MB/s) > 
2014-04-12 14:29:53,747 INFO org.apache.hadoop.mapred.TaskTracker: attempt_201404121426_0001_r_000001_0 0.6666964% reduce > reduce
2014-04-12 14:29:54,047 INFO org.apache.hadoop.mapred.TaskTracker: attempt_201404121426_0001_r_000000_0 0.6666905% reduce > reduce
2014-04-12 14:29:54,048 INFO org.apache.hadoop.mapred.TaskTracker: attempt_201404121426_0001_r_000000_0 0.6666905% reduce > reduce
2014-04-12 14:29:54,049 INFO org.apache.hadoop.mapred.TaskTracker: Task attempt_201404121426_0001_r_000000_0 is done.
2014-04-12 14:29:54,049 INFO org.apache.hadoop.mapred.TaskTracker: reported output size for attempt_201404121426_0001_r_000000_0  was -1
2014-04-12 14:29:54,049 INFO org.apache.hadoop.mapred.TaskTracker: addFreeSlot : current free slots : 1
2014-04-12 14:29:54,222 INFO org.apache.hadoop.mapred.JvmManager: JVM : jvm_201404121426_0001_r_1713332133 exited with exit code 0. Number of tasks it ran: 1
2014-04-12 14:29:55,550 INFO org.apache.hadoop.mapred.TaskTracker: Received KillTaskAction for task: attempt_201404121426_0001_r_000000_0
2014-04-12 14:29:55,550 INFO org.apache.hadoop.mapred.TaskTracker: About to purge task: attempt_201404121426_0001_r_000000_0
2014-04-12 14:29:56,171 INFO org.apache.hadoop.mapred.TaskTracker: Task attempt_201404121426_0001_r_000001_0 is in commit-pending, task state:COMMIT_PENDING
2014-04-12 14:29:56,172 INFO org.apache.hadoop.mapred.TaskTracker: attempt_201404121426_0001_r_000001_0 0.6666964% reduce > reduce
2014-04-12 14:29:56,778 INFO org.apache.hadoop.mapred.TaskTracker: attempt_201404121426_0001_r_000001_0 0.6666964% reduce > reduce
2014-04-12 14:29:58,553 INFO org.apache.hadoop.mapred.TaskTracker: Received commit task action for attempt_201404121426_0001_r_000001_0
2014-04-12 14:29:59,780 INFO org.apache.hadoop.mapred.TaskTracker: attempt_201404121426_0001_r_000001_0 0.6666964% reduce > reduce
2014-04-12 14:29:59,781 INFO org.apache.hadoop.mapred.TaskTracker: Task attempt_201404121426_0001_r_000001_0 is done.
2014-04-12 14:29:59,781 INFO org.apache.hadoop.mapred.TaskTracker: reported output size for attempt_201404121426_0001_r_000001_0  was -1
2014-04-12 14:29:59,781 INFO org.apache.hadoop.mapred.TaskTracker: addFreeSlot : current free slots : 2
2014-04-12 14:29:59,952 INFO org.apache.hadoop.mapred.JvmManager: JVM : jvm_201404121426_0001_r_434789565 exited with exit code 0. Number of tasks it ran: 1
2014-04-12 14:30:01,565 INFO org.apache.hadoop.mapred.TaskTracker: LaunchTaskAction (registerTask): attempt_201404121426_0001_m_000012_0 task's state:UNASSIGNED
2014-04-12 14:30:01,565 INFO org.apache.hadoop.mapred.TaskTracker: Received KillTaskAction for task: attempt_201404121426_0001_r_000001_0
2014-04-12 14:30:01,565 INFO org.apache.hadoop.mapred.TaskTracker: Trying to launch : attempt_201404121426_0001_m_000012_0 which needs 1 slots
2014-04-12 14:30:01,565 INFO org.apache.hadoop.mapred.TaskTracker: About to purge task: attempt_201404121426_0001_r_000001_0
2014-04-12 14:30:01,565 INFO org.apache.hadoop.mapred.TaskTracker: In TaskLauncher, current free slots : 11 and trying to launch attempt_201404121426_0001_m_000012_0 which needs 1 slots
2014-04-12 14:30:01,570 INFO org.apache.hadoop.mapred.JvmManager: In JvmRunner constructed JVM ID: jvm_201404121426_0001_m_1669351336
2014-04-12 14:30:01,571 INFO org.apache.hadoop.mapred.JvmManager: JVM Runner jvm_201404121426_0001_m_1669351336 spawned.
2014-04-12 14:30:01,572 INFO org.apache.hadoop.mapred.TaskController: Writing commands to /tmp/hadoop/hadoop-jmg3/mapred/local/ttprivate/taskTracker/jmg3/jobcache/job_201404121426_0001/attempt_201404121426_0001_m_000012_0/taskjvm.sh
2014-04-12 14:30:02,185 INFO org.apache.hadoop.mapred.TaskTracker: JVM with ID: jvm_201404121426_0001_m_1669351336 given task: attempt_201404121426_0001_m_000012_0
2014-04-12 14:30:02,682 INFO org.apache.hadoop.mapred.TaskTracker: attempt_201404121426_0001_m_000012_0 0.0% 
2014-04-12 14:30:03,044 INFO org.mortbay.log: org.mortbay.io.nio.SelectorManager$SelectSet@62a2e55d JVM BUG(s) - injecting delay16 times
2014-04-12 14:30:03,044 INFO org.mortbay.log: org.mortbay.io.nio.SelectorManager$SelectSet@62a2e55d JVM BUG(s) - recreating selector 16 times, canceled keys 267 times
2014-04-12 14:30:05,599 INFO org.apache.hadoop.mapred.TaskTracker: attempt_201404121426_0001_m_000012_0 0.0% cleanup
2014-04-12 14:30:05,600 INFO org.apache.hadoop.mapred.TaskTracker: Task attempt_201404121426_0001_m_000012_0 is done.
2014-04-12 14:30:05,600 INFO org.apache.hadoop.mapred.TaskTracker: reported output size for attempt_201404121426_0001_m_000012_0  was -1
2014-04-12 14:30:05,601 INFO org.apache.hadoop.mapred.TaskTracker: addFreeSlot : current free slots : 11
2014-04-12 14:30:05,893 INFO org.apache.hadoop.mapred.JvmManager: JVM : jvm_201404121426_0001_m_1669351336 exited with exit code 0. Number of tasks it ran: 1
2014-04-12 14:30:07,622 INFO org.apache.hadoop.mapred.TaskTracker: Received 'KillJobAction' for job: job_201404121426_0001
2014-04-12 14:30:07,623 INFO org.apache.hadoop.mapred.IndexCache: Map ID attempt_201404121426_0001_m_000012_0 not found in cache
2014-04-12 14:30:07,624 INFO org.apache.hadoop.mapred.UserLogCleaner: Adding job_201404121426_0001 for user-log deletion with retainTimeStamp:1397417407623
