2014-04-12 14:37:01,649 INFO org.apache.hadoop.mapred.TaskTracker: STARTUP_MSG: 
/************************************************************
STARTUP_MSG: Starting TaskTracker
STARTUP_MSG:   host = gpu-014.davinci.rice.edu/192.168.110.214
STARTUP_MSG:   args = []
STARTUP_MSG:   version = 1.0.4-SNAPSHOT
STARTUP_MSG:   build =  -r ; compiled by 'jmg3' on Fri Apr 11 17:54:37 CDT 2014
************************************************************/
2014-04-12 14:37:01,818 INFO org.apache.hadoop.metrics2.impl.MetricsConfig: loaded properties from hadoop-metrics2.properties
2014-04-12 14:37:01,874 INFO org.apache.hadoop.metrics2.impl.MetricsSourceAdapter: MBean for source MetricsSystem,sub=Stats registered.
2014-04-12 14:37:01,875 INFO org.apache.hadoop.metrics2.impl.MetricsSystemImpl: Scheduled snapshot period at 10 second(s).
2014-04-12 14:37:01,875 INFO org.apache.hadoop.metrics2.impl.MetricsSystemImpl: TaskTracker metrics system started
2014-04-12 14:37:02,029 INFO org.apache.hadoop.metrics2.impl.MetricsSourceAdapter: MBean for source ugi registered.
2014-04-12 14:37:02,202 INFO org.mortbay.log: Logging to org.slf4j.impl.Log4jLoggerAdapter(org.mortbay.log) via org.mortbay.log.Slf4jLog
2014-04-12 14:37:02,253 INFO org.apache.hadoop.http.HttpServer: Added global filtersafety (class=org.apache.hadoop.http.HttpServer$QuotingInputFilter)
2014-04-12 14:37:02,274 INFO org.apache.hadoop.mapred.TaskLogsTruncater: Initializing logs' truncater with mapRetainSize=-1 and reduceRetainSize=-1
2014-04-12 14:37:02,278 INFO org.apache.hadoop.mapred.TaskTracker: Starting tasktracker with owner as jmg3
2014-04-12 14:37:02,279 INFO org.apache.hadoop.mapred.TaskTracker: Good mapred local directories are: /tmp/hadoop/hadoop-jmg3/mapred/local
2014-04-12 14:37:02,283 WARN org.apache.hadoop.util.NativeCodeLoader: Unable to load native-hadoop library for your platform... using builtin-java classes where applicable
2014-04-12 14:37:02,289 INFO org.apache.hadoop.metrics2.impl.MetricsSourceAdapter: MBean for source jvm registered.
2014-04-12 14:37:02,290 INFO org.apache.hadoop.metrics2.impl.MetricsSourceAdapter: MBean for source TaskTrackerMetrics registered.
2014-04-12 14:37:02,303 INFO org.apache.hadoop.ipc.Server: Starting SocketReader
2014-04-12 14:37:02,305 INFO org.apache.hadoop.metrics2.impl.MetricsSourceAdapter: MBean for source RpcDetailedActivityForPort43292 registered.
2014-04-12 14:37:02,305 INFO org.apache.hadoop.metrics2.impl.MetricsSourceAdapter: MBean for source RpcActivityForPort43292 registered.
2014-04-12 14:37:02,308 INFO org.apache.hadoop.ipc.Server: IPC Server Responder: starting
2014-04-12 14:37:02,308 INFO org.apache.hadoop.ipc.Server: IPC Server listener on 43292: starting
2014-04-12 14:37:02,309 INFO org.apache.hadoop.ipc.Server: IPC Server handler 0 on 43292: starting
2014-04-12 14:37:02,309 INFO org.apache.hadoop.ipc.Server: IPC Server handler 1 on 43292: starting
2014-04-12 14:37:02,310 INFO org.apache.hadoop.ipc.Server: IPC Server handler 2 on 43292: starting
2014-04-12 14:37:02,311 INFO org.apache.hadoop.ipc.Server: IPC Server handler 3 on 43292: starting
2014-04-12 14:37:02,311 INFO org.apache.hadoop.ipc.Server: IPC Server handler 4 on 43292: starting
2014-04-12 14:37:02,312 INFO org.apache.hadoop.ipc.Server: IPC Server handler 5 on 43292: starting
2014-04-12 14:37:02,313 INFO org.apache.hadoop.ipc.Server: IPC Server handler 6 on 43292: starting
2014-04-12 14:37:02,313 INFO org.apache.hadoop.ipc.Server: IPC Server handler 7 on 43292: starting
2014-04-12 14:37:02,314 INFO org.apache.hadoop.ipc.Server: IPC Server handler 8 on 43292: starting
2014-04-12 14:37:02,314 INFO org.apache.hadoop.ipc.Server: IPC Server handler 9 on 43292: starting
2014-04-12 14:37:02,315 INFO org.apache.hadoop.ipc.Server: IPC Server handler 10 on 43292: starting
2014-04-12 14:37:02,315 INFO org.apache.hadoop.ipc.Server: IPC Server handler 11 on 43292: starting
2014-04-12 14:37:02,316 INFO org.apache.hadoop.ipc.Server: IPC Server handler 12 on 43292: starting
2014-04-12 14:37:02,316 INFO org.apache.hadoop.ipc.Server: IPC Server handler 13 on 43292: starting
2014-04-12 14:37:02,317 INFO org.apache.hadoop.ipc.Server: IPC Server handler 14 on 43292: starting
2014-04-12 14:37:02,317 INFO org.apache.hadoop.ipc.Server: IPC Server handler 15 on 43292: starting
2014-04-12 14:37:02,318 INFO org.apache.hadoop.ipc.Server: IPC Server handler 16 on 43292: starting
2014-04-12 14:37:02,318 INFO org.apache.hadoop.ipc.Server: IPC Server handler 17 on 43292: starting
2014-04-12 14:37:02,319 INFO org.apache.hadoop.ipc.Server: IPC Server handler 18 on 43292: starting
2014-04-12 14:37:02,319 INFO org.apache.hadoop.ipc.Server: IPC Server handler 19 on 43292: starting
2014-04-12 14:37:02,319 INFO org.apache.hadoop.ipc.Server: IPC Server handler 20 on 43292: starting
2014-04-12 14:37:02,320 INFO org.apache.hadoop.ipc.Server: IPC Server handler 21 on 43292: starting
2014-04-12 14:37:02,320 INFO org.apache.hadoop.mapred.TaskTracker: TaskTracker up at: localhost/127.0.0.1:43292
2014-04-12 14:37:02,320 INFO org.apache.hadoop.mapred.TaskTracker: Starting tracker tracker_gpu-014.davinci.rice.edu:localhost/127.0.0.1:43292
2014-04-12 14:37:02,320 INFO org.apache.hadoop.ipc.Server: IPC Server handler 22 on 43292: starting
2014-04-12 14:37:02,321 INFO org.apache.hadoop.ipc.Server: IPC Server handler 23 on 43292: starting
2014-04-12 14:37:02,359 INFO org.apache.hadoop.mapred.TaskTracker: Starting thread: Map-events fetcher for all reduce tasks on tracker_gpu-014.davinci.rice.edu:localhost/127.0.0.1:43292
2014-04-12 14:37:02,368 INFO org.apache.hadoop.util.ProcessTree: setsid exited with exit code 0
2014-04-12 14:37:02,372 INFO org.apache.hadoop.mapred.TaskTracker:  Using ResourceCalculatorPlugin : org.apache.hadoop.util.LinuxResourceCalculatorPlugin@238258f1
2014-04-12 14:37:02,374 WARN org.apache.hadoop.mapred.TaskTracker: TaskTracker's totalMemoryAllottedForTasks is -1. TaskMemoryManager is disabled.
2014-04-12 14:37:02,377 INFO org.apache.hadoop.mapred.IndexCache: IndexCache created with max memory = 10485760
2014-04-12 14:37:03,079 INFO org.apache.hadoop.metrics2.impl.MetricsSourceAdapter: MBean for source ShuffleServerMetrics registered.
2014-04-12 14:37:03,082 INFO org.apache.hadoop.http.HttpServer: Port returned by webServer.getConnectors()[0].getLocalPort() before open() is -1. Opening the listener on 50061
2014-04-12 14:37:03,082 INFO org.apache.hadoop.http.HttpServer: listener.getLocalPort() returned 50061 webServer.getConnectors()[0].getLocalPort() returned 50061
2014-04-12 14:37:03,082 INFO org.apache.hadoop.http.HttpServer: Jetty bound to port 50061
2014-04-12 14:37:03,082 INFO org.mortbay.log: jetty-6.1.26
2014-04-12 14:37:03,347 INFO org.mortbay.log: Started SelectChannelConnector@0.0.0.0:50061
2014-04-12 14:37:03,348 INFO org.apache.hadoop.mapred.TaskTracker: FILE_CACHE_SIZE for mapOutputServlet set to : 2000
2014-04-12 14:38:24,617 INFO org.apache.hadoop.mapred.TaskTracker: LaunchTaskAction (registerTask): attempt_201404121437_0001_m_000013_0 task's state:UNASSIGNED
2014-04-12 14:38:24,620 INFO org.apache.hadoop.mapred.TaskTracker: Trying to launch : attempt_201404121437_0001_m_000013_0 which needs 1 slots
2014-04-12 14:38:24,620 INFO org.apache.hadoop.mapred.TaskTracker: In TaskLauncher, current free slots : 12 and trying to launch attempt_201404121437_0001_m_000013_0 which needs 1 slots
2014-04-12 14:38:24,771 INFO org.apache.hadoop.mapred.JobLocalizer: Initializing user jmg3 on this TT.
2014-04-12 14:38:24,899 INFO org.apache.hadoop.mapred.JvmManager: In JvmRunner constructed JVM ID: jvm_201404121437_0001_m_1303118641
2014-04-12 14:38:24,899 INFO org.apache.hadoop.mapred.JvmManager: JVM Runner jvm_201404121437_0001_m_1303118641 spawned.
2014-04-12 14:38:24,901 INFO org.apache.hadoop.mapred.TaskController: Writing commands to /tmp/hadoop/hadoop-jmg3/mapred/local/ttprivate/taskTracker/jmg3/jobcache/job_201404121437_0001/attempt_201404121437_0001_m_000013_0/taskjvm.sh
2014-04-12 14:38:25,559 INFO org.apache.hadoop.mapred.TaskTracker: JVM with ID: jvm_201404121437_0001_m_1303118641 given task: attempt_201404121437_0001_m_000013_0
2014-04-12 14:38:28,990 INFO org.apache.hadoop.mapred.TaskTracker: attempt_201404121437_0001_m_000013_0 0.0% setup
2014-04-12 14:38:28,993 INFO org.apache.hadoop.mapred.TaskTracker: Task attempt_201404121437_0001_m_000013_0 is done.
2014-04-12 14:38:28,993 INFO org.apache.hadoop.mapred.TaskTracker: reported output size for attempt_201404121437_0001_m_000013_0  was -1
2014-04-12 14:38:28,994 INFO org.apache.hadoop.mapred.TaskTracker: addFreeSlot : current free slots : 12
2014-04-12 14:38:29,141 INFO org.apache.hadoop.mapred.JvmManager: JVM : jvm_201404121437_0001_m_1303118641 exited with exit code 0. Number of tasks it ran: 1
2014-04-12 14:38:30,646 INFO org.apache.hadoop.mapred.TaskTracker: LaunchTaskAction (registerTask): attempt_201404121437_0001_m_000000_0 task's state:UNASSIGNED
2014-04-12 14:38:30,647 INFO org.apache.hadoop.mapred.TaskTracker: LaunchTaskAction (registerTask): attempt_201404121437_0001_m_000001_0 task's state:UNASSIGNED
2014-04-12 14:38:30,647 INFO org.apache.hadoop.mapred.TaskTracker: LaunchTaskAction (registerTask): attempt_201404121437_0001_m_000002_0 task's state:UNASSIGNED
2014-04-12 14:38:30,647 INFO org.apache.hadoop.mapred.TaskTracker: LaunchTaskAction (registerTask): attempt_201404121437_0001_m_000003_0 task's state:UNASSIGNED
2014-04-12 14:38:30,648 INFO org.apache.hadoop.mapred.TaskTracker: LaunchTaskAction (registerTask): attempt_201404121437_0001_m_000004_0 task's state:UNASSIGNED
2014-04-12 14:38:30,648 INFO org.apache.hadoop.mapred.TaskTracker: LaunchTaskAction (registerTask): attempt_201404121437_0001_m_000005_0 task's state:UNASSIGNED
2014-04-12 14:38:30,649 INFO org.apache.hadoop.mapred.TaskTracker: LaunchTaskAction (registerTask): attempt_201404121437_0001_m_000006_0 task's state:UNASSIGNED
2014-04-12 14:38:30,649 INFO org.apache.hadoop.mapred.TaskTracker: LaunchTaskAction (registerTask): attempt_201404121437_0001_m_000007_0 task's state:UNASSIGNED
2014-04-12 14:38:30,649 INFO org.apache.hadoop.mapred.TaskTracker: LaunchTaskAction (registerTask): attempt_201404121437_0001_m_000008_0 task's state:UNASSIGNED
2014-04-12 14:38:30,650 INFO org.apache.hadoop.mapred.TaskTracker: LaunchTaskAction (registerTask): attempt_201404121437_0001_m_000009_0 task's state:UNASSIGNED
2014-04-12 14:38:30,650 INFO org.apache.hadoop.mapred.TaskTracker: LaunchTaskAction (registerTask): attempt_201404121437_0001_m_000010_0 task's state:UNASSIGNED
2014-04-12 14:38:30,650 INFO org.apache.hadoop.mapred.TaskTracker: LaunchTaskAction (registerTask): attempt_201404121437_0001_m_000011_0 task's state:UNASSIGNED
2014-04-12 14:38:30,650 INFO org.apache.hadoop.mapred.TaskTracker: Trying to launch : attempt_201404121437_0001_m_000000_0 which needs 1 slots
2014-04-12 14:38:30,650 INFO org.apache.hadoop.mapred.TaskTracker: In TaskLauncher, current free slots : 12 and trying to launch attempt_201404121437_0001_m_000000_0 which needs 1 slots
2014-04-12 14:38:30,650 INFO org.apache.hadoop.mapred.TaskTracker: Received KillTaskAction for task: attempt_201404121437_0001_m_000013_0
2014-04-12 14:38:30,651 INFO org.apache.hadoop.mapred.TaskTracker: About to purge task: attempt_201404121437_0001_m_000013_0
2014-04-12 14:38:30,651 INFO org.apache.hadoop.mapred.TaskTracker: Trying to launch : attempt_201404121437_0001_m_000001_0 which needs 1 slots
2014-04-12 14:38:30,651 INFO org.apache.hadoop.mapred.TaskTracker: In TaskLauncher, current free slots : 11 and trying to launch attempt_201404121437_0001_m_000001_0 which needs 1 slots
2014-04-12 14:38:30,651 INFO org.apache.hadoop.mapred.IndexCache: Map ID attempt_201404121437_0001_m_000013_0 not found in cache
2014-04-12 14:38:30,651 INFO org.apache.hadoop.mapred.TaskTracker: Trying to launch : attempt_201404121437_0001_m_000002_0 which needs 1 slots
2014-04-12 14:38:30,651 INFO org.apache.hadoop.mapred.TaskTracker: In TaskLauncher, current free slots : 10 and trying to launch attempt_201404121437_0001_m_000002_0 which needs 1 slots
2014-04-12 14:38:30,651 INFO org.apache.hadoop.mapred.TaskTracker: Trying to launch : attempt_201404121437_0001_m_000003_0 which needs 1 slots
2014-04-12 14:38:30,652 INFO org.apache.hadoop.mapred.TaskTracker: In TaskLauncher, current free slots : 9 and trying to launch attempt_201404121437_0001_m_000003_0 which needs 1 slots
2014-04-12 14:38:30,652 INFO org.apache.hadoop.mapred.TaskTracker: Trying to launch : attempt_201404121437_0001_m_000004_0 which needs 1 slots
2014-04-12 14:38:30,652 INFO org.apache.hadoop.mapred.TaskTracker: In TaskLauncher, current free slots : 8 and trying to launch attempt_201404121437_0001_m_000004_0 which needs 1 slots
2014-04-12 14:38:30,653 INFO org.apache.hadoop.mapred.TaskTracker: Trying to launch : attempt_201404121437_0001_m_000005_0 which needs 1 slots
2014-04-12 14:38:30,653 INFO org.apache.hadoop.mapred.TaskTracker: In TaskLauncher, current free slots : 7 and trying to launch attempt_201404121437_0001_m_000005_0 which needs 1 slots
2014-04-12 14:38:30,655 INFO org.apache.hadoop.mapred.TaskTracker: Trying to launch : attempt_201404121437_0001_m_000006_0 which needs 1 slots
2014-04-12 14:38:30,655 INFO org.apache.hadoop.mapred.TaskTracker: In TaskLauncher, current free slots : 6 and trying to launch attempt_201404121437_0001_m_000006_0 which needs 1 slots
2014-04-12 14:38:30,657 INFO org.apache.hadoop.mapred.TaskTracker: Trying to launch : attempt_201404121437_0001_m_000007_0 which needs 1 slots
2014-04-12 14:38:30,658 INFO org.apache.hadoop.mapred.TaskTracker: In TaskLauncher, current free slots : 5 and trying to launch attempt_201404121437_0001_m_000007_0 which needs 1 slots
2014-04-12 14:38:30,659 INFO org.apache.hadoop.mapred.TaskTracker: Trying to launch : attempt_201404121437_0001_m_000008_0 which needs 1 slots
2014-04-12 14:38:30,659 INFO org.apache.hadoop.mapred.TaskTracker: In TaskLauncher, current free slots : 4 and trying to launch attempt_201404121437_0001_m_000008_0 which needs 1 slots
2014-04-12 14:38:30,660 INFO org.apache.hadoop.mapred.TaskTracker: Trying to launch : attempt_201404121437_0001_m_000009_0 which needs 1 slots
2014-04-12 14:38:30,660 INFO org.apache.hadoop.mapred.TaskTracker: In TaskLauncher, current free slots : 3 and trying to launch attempt_201404121437_0001_m_000009_0 which needs 1 slots
2014-04-12 14:38:30,660 INFO org.apache.hadoop.mapred.TaskTracker: Trying to launch : attempt_201404121437_0001_m_000010_0 which needs 1 slots
2014-04-12 14:38:30,660 INFO org.apache.hadoop.mapred.TaskTracker: In TaskLauncher, current free slots : 2 and trying to launch attempt_201404121437_0001_m_000010_0 which needs 1 slots
2014-04-12 14:38:30,663 INFO org.apache.hadoop.mapred.TaskTracker: Trying to launch : attempt_201404121437_0001_m_000011_0 which needs 1 slots
2014-04-12 14:38:30,664 INFO org.apache.hadoop.mapred.TaskTracker: In TaskLauncher, current free slots : 1 and trying to launch attempt_201404121437_0001_m_000011_0 which needs 1 slots
2014-04-12 14:38:30,670 INFO org.apache.hadoop.mapred.JvmManager: In JvmRunner constructed JVM ID: jvm_201404121437_0001_m_1400706705
2014-04-12 14:38:30,670 INFO org.apache.hadoop.mapred.JvmManager: JVM Runner jvm_201404121437_0001_m_1400706705 spawned.
2014-04-12 14:38:30,671 INFO org.apache.hadoop.mapred.JvmManager: In JvmRunner constructed JVM ID: jvm_201404121437_0001_m_1269938622
2014-04-12 14:38:30,671 INFO org.apache.hadoop.mapred.JvmManager: JVM Runner jvm_201404121437_0001_m_1269938622 spawned.
2014-04-12 14:38:30,672 INFO org.apache.hadoop.mapred.JvmManager: In JvmRunner constructed JVM ID: jvm_201404121437_0001_m_473583186
2014-04-12 14:38:30,672 INFO org.apache.hadoop.mapred.JvmManager: JVM Runner jvm_201404121437_0001_m_473583186 spawned.
2014-04-12 14:38:30,674 INFO org.apache.hadoop.mapred.JvmManager: In JvmRunner constructed JVM ID: jvm_201404121437_0001_m_2100892242
2014-04-12 14:38:30,674 INFO org.apache.hadoop.mapred.TaskController: Writing commands to /tmp/hadoop/hadoop-jmg3/mapred/local/ttprivate/taskTracker/jmg3/jobcache/job_201404121437_0001/attempt_201404121437_0001_m_000002_0/taskjvm.sh
2014-04-12 14:38:30,675 INFO org.apache.hadoop.mapred.JvmManager: JVM Runner jvm_201404121437_0001_m_2100892242 spawned.
2014-04-12 14:38:30,675 INFO org.apache.hadoop.mapred.JvmManager: In JvmRunner constructed JVM ID: jvm_201404121437_0001_m_227886577
2014-04-12 14:38:30,676 INFO org.apache.hadoop.mapred.JvmManager: JVM Runner jvm_201404121437_0001_m_227886577 spawned.
2014-04-12 14:38:30,677 INFO org.apache.hadoop.mapred.TaskController: Writing commands to /tmp/hadoop/hadoop-jmg3/mapred/local/ttprivate/taskTracker/jmg3/jobcache/job_201404121437_0001/attempt_201404121437_0001_m_000003_0/taskjvm.sh
2014-04-12 14:38:30,678 INFO org.apache.hadoop.mapred.TaskController: Writing commands to /tmp/hadoop/hadoop-jmg3/mapred/local/ttprivate/taskTracker/jmg3/jobcache/job_201404121437_0001/attempt_201404121437_0001_m_000005_0/taskjvm.sh
2014-04-12 14:38:30,678 INFO org.apache.hadoop.mapred.TaskController: Writing commands to /tmp/hadoop/hadoop-jmg3/mapred/local/ttprivate/taskTracker/jmg3/jobcache/job_201404121437_0001/attempt_201404121437_0001_m_000001_0/taskjvm.sh
2014-04-12 14:38:30,679 INFO org.apache.hadoop.mapred.TaskController: Writing commands to /tmp/hadoop/hadoop-jmg3/mapred/local/ttprivate/taskTracker/jmg3/jobcache/job_201404121437_0001/attempt_201404121437_0001_m_000000_0/taskjvm.sh
2014-04-12 14:38:30,684 INFO org.apache.hadoop.mapred.JvmManager: In JvmRunner constructed JVM ID: jvm_201404121437_0001_m_733626691
2014-04-12 14:38:30,684 INFO org.apache.hadoop.mapred.JvmManager: JVM Runner jvm_201404121437_0001_m_733626691 spawned.
2014-04-12 14:38:30,685 INFO org.apache.hadoop.mapred.JvmManager: In JvmRunner constructed JVM ID: jvm_201404121437_0001_m_1697332224
2014-04-12 14:38:30,685 INFO org.apache.hadoop.mapred.JvmManager: JVM Runner jvm_201404121437_0001_m_1697332224 spawned.
2014-04-12 14:38:30,685 INFO org.apache.hadoop.mapred.JvmManager: In JvmRunner constructed JVM ID: jvm_201404121437_0001_m_283016707
2014-04-12 14:38:30,685 INFO org.apache.hadoop.mapred.JvmManager: JVM Runner jvm_201404121437_0001_m_283016707 spawned.
2014-04-12 14:38:30,686 INFO org.apache.hadoop.mapred.JvmManager: In JvmRunner constructed JVM ID: jvm_201404121437_0001_m_872997324
2014-04-12 14:38:30,686 INFO org.apache.hadoop.mapred.JvmManager: JVM Runner jvm_201404121437_0001_m_872997324 spawned.
2014-04-12 14:38:30,686 INFO org.apache.hadoop.mapred.JvmManager: In JvmRunner constructed JVM ID: jvm_201404121437_0001_m_1637882079
2014-04-12 14:38:30,687 INFO org.apache.hadoop.mapred.JvmManager: JVM Runner jvm_201404121437_0001_m_1637882079 spawned.
2014-04-12 14:38:30,687 INFO org.apache.hadoop.mapred.TaskController: Writing commands to /tmp/hadoop/hadoop-jmg3/mapred/local/ttprivate/taskTracker/jmg3/jobcache/job_201404121437_0001/attempt_201404121437_0001_m_000008_0/taskjvm.sh
2014-04-12 14:38:30,687 INFO org.apache.hadoop.mapred.JvmManager: In JvmRunner constructed JVM ID: jvm_201404121437_0001_m_563571248
2014-04-12 14:38:30,687 INFO org.apache.hadoop.mapred.JvmManager: JVM Runner jvm_201404121437_0001_m_563571248 spawned.
2014-04-12 14:38:30,687 INFO org.apache.hadoop.mapred.TaskController: Writing commands to /tmp/hadoop/hadoop-jmg3/mapred/local/ttprivate/taskTracker/jmg3/jobcache/job_201404121437_0001/attempt_201404121437_0001_m_000007_0/taskjvm.sh
2014-04-12 14:38:30,687 INFO org.apache.hadoop.mapred.JvmManager: In JvmRunner constructed JVM ID: jvm_201404121437_0001_m_1914160059
2014-04-12 14:38:30,688 INFO org.apache.hadoop.mapred.TaskController: Writing commands to /tmp/hadoop/hadoop-jmg3/mapred/local/ttprivate/taskTracker/jmg3/jobcache/job_201404121437_0001/attempt_201404121437_0001_m_000009_0/taskjvm.sh
2014-04-12 14:38:30,688 INFO org.apache.hadoop.mapred.TaskController: Writing commands to /tmp/hadoop/hadoop-jmg3/mapred/local/ttprivate/taskTracker/jmg3/jobcache/job_201404121437_0001/attempt_201404121437_0001_m_000010_0/taskjvm.sh
2014-04-12 14:38:30,689 INFO org.apache.hadoop.mapred.JvmManager: JVM Runner jvm_201404121437_0001_m_1914160059 spawned.
2014-04-12 14:38:30,689 INFO org.apache.hadoop.mapred.TaskController: Writing commands to /tmp/hadoop/hadoop-jmg3/mapred/local/ttprivate/taskTracker/jmg3/jobcache/job_201404121437_0001/attempt_201404121437_0001_m_000006_0/taskjvm.sh
2014-04-12 14:38:30,690 INFO org.apache.hadoop.mapred.TaskController: Writing commands to /tmp/hadoop/hadoop-jmg3/mapred/local/ttprivate/taskTracker/jmg3/jobcache/job_201404121437_0001/attempt_201404121437_0001_m_000004_0/taskjvm.sh
2014-04-12 14:38:30,691 INFO org.apache.hadoop.mapred.TaskController: Writing commands to /tmp/hadoop/hadoop-jmg3/mapred/local/ttprivate/taskTracker/jmg3/jobcache/job_201404121437_0001/attempt_201404121437_0001_m_000011_0/taskjvm.sh
2014-04-12 14:38:31,713 INFO org.apache.hadoop.mapred.TaskTracker: JVM with ID: jvm_201404121437_0001_m_2100892242 given task: attempt_201404121437_0001_m_000000_0
2014-04-12 14:38:31,715 INFO org.apache.hadoop.mapred.TaskTracker: JVM with ID: jvm_201404121437_0001_m_1914160059 given task: attempt_201404121437_0001_m_000011_0
2014-04-12 14:38:31,716 INFO org.apache.hadoop.mapred.TaskTracker: JVM with ID: jvm_201404121437_0001_m_563571248 given task: attempt_201404121437_0001_m_000004_0
2014-04-12 14:38:31,725 INFO org.apache.hadoop.mapred.TaskTracker: JVM with ID: jvm_201404121437_0001_m_1269938622 given task: attempt_201404121437_0001_m_000003_0
2014-04-12 14:38:31,752 INFO org.apache.hadoop.mapred.TaskTracker: JVM with ID: jvm_201404121437_0001_m_473583186 given task: attempt_201404121437_0001_m_000005_0
2014-04-12 14:38:31,778 INFO org.apache.hadoop.mapred.TaskTracker: JVM with ID: jvm_201404121437_0001_m_1400706705 given task: attempt_201404121437_0001_m_000002_0
2014-04-12 14:38:31,789 INFO org.apache.hadoop.mapred.TaskTracker: JVM with ID: jvm_201404121437_0001_m_872997324 given task: attempt_201404121437_0001_m_000010_0
2014-04-12 14:38:31,794 INFO org.apache.hadoop.mapred.TaskTracker: JVM with ID: jvm_201404121437_0001_m_1697332224 given task: attempt_201404121437_0001_m_000007_0
2014-04-12 14:38:31,802 INFO org.apache.hadoop.mapred.TaskTracker: JVM with ID: jvm_201404121437_0001_m_283016707 given task: attempt_201404121437_0001_m_000009_0
2014-04-12 14:38:31,803 INFO org.apache.hadoop.mapred.TaskTracker: JVM with ID: jvm_201404121437_0001_m_1637882079 given task: attempt_201404121437_0001_m_000006_0
2014-04-12 14:38:31,813 INFO org.apache.hadoop.mapred.TaskTracker: JVM with ID: jvm_201404121437_0001_m_733626691 given task: attempt_201404121437_0001_m_000008_0
2014-04-12 14:38:31,827 INFO org.apache.hadoop.mapred.TaskTracker: JVM with ID: jvm_201404121437_0001_m_227886577 given task: attempt_201404121437_0001_m_000001_0
2014-04-12 14:38:38,938 INFO org.apache.hadoop.mapred.TaskTracker: attempt_201404121437_0001_m_000003_0 0.23654959% 
2014-04-12 14:38:38,960 INFO org.apache.hadoop.mapred.TaskTracker: attempt_201404121437_0001_m_000004_0 0.20961607% 
2014-04-12 14:38:38,975 INFO org.apache.hadoop.mapred.TaskTracker: attempt_201404121437_0001_m_000000_0 0.22821341% 
2014-04-12 14:38:39,158 INFO org.apache.hadoop.mapred.TaskTracker: attempt_201404121437_0001_m_000009_0 0.15492791% 
2014-04-12 14:38:39,259 INFO org.apache.hadoop.mapred.TaskTracker: attempt_201404121437_0001_m_000008_0 0.13672371% 
2014-04-12 14:38:39,569 INFO org.apache.hadoop.mapred.TaskTracker: attempt_201404121437_0001_m_000006_0 0.13756219% 
2014-04-12 14:38:39,659 INFO org.apache.hadoop.mapred.TaskTracker: attempt_201404121437_0001_m_000002_0 0.15190428% 
2014-04-12 14:38:39,802 INFO org.apache.hadoop.mapred.TaskTracker: attempt_201404121437_0001_m_000001_0 0.1407786% 
2014-04-12 14:38:40,031 INFO org.apache.hadoop.mapred.TaskTracker: attempt_201404121437_0001_m_000010_0 0.13724445% 
2014-04-12 14:38:42,082 INFO org.apache.hadoop.mapred.TaskTracker: attempt_201404121437_0001_m_000011_0 0.23779473% 
2014-04-12 14:38:42,114 INFO org.apache.hadoop.mapred.TaskTracker: attempt_201404121437_0001_m_000007_0 0.2224285% 
2014-04-12 14:38:42,194 INFO org.apache.hadoop.mapred.TaskTracker: attempt_201404121437_0001_m_000003_0 0.3480235% 
2014-04-12 14:38:42,209 INFO org.apache.hadoop.mapred.TaskTracker: attempt_201404121437_0001_m_000005_0 0.27155003% 
2014-04-12 14:38:42,276 INFO org.apache.hadoop.mapred.TaskTracker: attempt_201404121437_0001_m_000004_0 0.39186487% 
2014-04-12 14:38:42,280 INFO org.apache.hadoop.mapred.TaskTracker: attempt_201404121437_0001_m_000000_0 0.37609804% 
2014-04-12 14:38:42,430 INFO org.apache.hadoop.mapred.TaskTracker: attempt_201404121437_0001_m_000009_0 0.25251722% 
2014-04-12 14:38:42,530 INFO org.apache.hadoop.mapred.TaskTracker: attempt_201404121437_0001_m_000008_0 0.28423488% 
2014-04-12 14:38:43,084 INFO org.apache.hadoop.mapred.TaskTracker: attempt_201404121437_0001_m_000002_0 0.25800124% 
2014-04-12 14:38:43,291 INFO org.apache.hadoop.mapred.TaskTracker: attempt_201404121437_0001_m_000001_0 0.27674177% 
2014-04-12 14:38:43,516 INFO org.apache.hadoop.mapred.TaskTracker: attempt_201404121437_0001_m_000010_0 0.2974457% 
2014-04-12 14:38:44,278 INFO org.apache.hadoop.mapred.TaskTracker: attempt_201404121437_0001_m_000006_0 0.38574612% 
2014-04-12 14:38:45,458 INFO org.apache.hadoop.mapred.TaskTracker: attempt_201404121437_0001_m_000011_0 0.29366425% 
2014-04-12 14:38:47,157 INFO org.apache.hadoop.mapred.TaskTracker: attempt_201404121437_0001_m_000010_0 0.40422508% 
2014-04-12 14:38:47,158 INFO org.apache.hadoop.mapred.TaskTracker: attempt_201404121437_0001_m_000001_0 0.37836033% 
2014-04-12 14:38:47,162 INFO org.apache.hadoop.mapred.TaskTracker: attempt_201404121437_0001_m_000002_0 0.35919428% 
2014-04-12 14:38:47,162 INFO org.apache.hadoop.mapred.TaskTracker: attempt_201404121437_0001_m_000008_0 0.38704398% 
2014-04-12 14:38:47,163 INFO org.apache.hadoop.mapred.TaskTracker: attempt_201404121437_0001_m_000009_0 0.35368398% 
2014-04-12 14:38:47,166 INFO org.apache.hadoop.mapred.TaskTracker: attempt_201404121437_0001_m_000004_0 0.49612626% 
2014-04-12 14:38:47,166 INFO org.apache.hadoop.mapred.TaskTracker: attempt_201404121437_0001_m_000000_0 0.442998% 
2014-04-12 14:38:47,167 INFO org.apache.hadoop.mapred.TaskTracker: attempt_201404121437_0001_m_000007_0 0.2989447% 
2014-04-12 14:38:47,167 INFO org.apache.hadoop.mapred.TaskTracker: attempt_201404121437_0001_m_000005_0 0.38273335% 
2014-04-12 14:38:47,167 INFO org.apache.hadoop.mapred.TaskTracker: attempt_201404121437_0001_m_000003_0 0.4167468% 
2014-04-12 14:38:47,691 INFO org.apache.hadoop.mapred.TaskTracker: attempt_201404121437_0001_m_000006_0 0.48009852% 
2014-04-12 14:38:50,575 INFO org.apache.hadoop.mapred.TaskTracker: attempt_201404121437_0001_m_000004_0 0.6068846% 
2014-04-12 14:38:50,593 INFO org.apache.hadoop.mapred.TaskTracker: attempt_201404121437_0001_m_000000_0 0.5866135% 
2014-04-12 14:38:50,658 INFO org.apache.hadoop.mapred.TaskTracker: attempt_201404121437_0001_m_000007_0 0.41520524% 
2014-04-12 14:38:50,673 INFO org.apache.hadoop.mapred.TaskTracker: attempt_201404121437_0001_m_000010_0 0.51427746% 
2014-04-12 14:38:50,692 INFO org.apache.hadoop.mapred.TaskTracker: attempt_201404121437_0001_m_000005_0 0.5067724% 
2014-04-12 14:38:50,712 INFO org.apache.hadoop.mapred.TaskTracker: attempt_201404121437_0001_m_000008_0 0.5075269% 
2014-04-12 14:38:50,750 INFO org.apache.hadoop.mapred.TaskTracker: attempt_201404121437_0001_m_000002_0 0.43084827% 
2014-04-12 14:38:50,776 INFO org.apache.hadoop.mapred.TaskTracker: attempt_201404121437_0001_m_000009_0 0.41736835% 
2014-04-12 14:38:50,817 INFO org.apache.hadoop.mapred.TaskTracker: attempt_201404121437_0001_m_000001_0 0.47362328% 
2014-04-12 14:38:51,046 INFO org.apache.hadoop.mapred.TaskTracker: attempt_201404121437_0001_m_000011_0 0.39896905% 
2014-04-12 14:38:51,072 INFO org.apache.hadoop.mapred.TaskTracker: attempt_201404121437_0001_m_000003_0 0.5296843% 
2014-04-12 14:38:51,430 INFO org.apache.hadoop.mapred.TaskTracker: attempt_201404121437_0001_m_000006_0 0.5278581% 
2014-04-12 14:38:54,044 INFO org.apache.hadoop.mapred.TaskTracker: attempt_201404121437_0001_m_000010_0 0.59214574% 
2014-04-12 14:38:54,060 INFO org.apache.hadoop.mapred.TaskTracker: attempt_201404121437_0001_m_000008_0 0.5823847% 
2014-04-12 14:38:54,077 INFO org.apache.hadoop.mapred.TaskTracker: attempt_201404121437_0001_m_000004_0 0.6703882% 
2014-04-12 14:38:54,102 INFO org.apache.hadoop.mapred.TaskTracker: attempt_201404121437_0001_m_000002_0 0.5134222% 
2014-04-12 14:38:54,125 INFO org.apache.hadoop.mapred.TaskTracker: attempt_201404121437_0001_m_000007_0 0.50856173% 
2014-04-12 14:38:54,155 INFO org.apache.hadoop.mapred.TaskTracker: attempt_201404121437_0001_m_000005_0 0.58596915% 
2014-04-12 14:38:54,168 INFO org.apache.hadoop.mapred.TaskTracker: attempt_201404121437_0001_m_000001_0 0.53285366% 
2014-04-12 14:38:54,175 INFO org.apache.hadoop.mapred.TaskTracker: attempt_201404121437_0001_m_000009_0 0.50662833% 
2014-04-12 14:38:54,391 INFO org.apache.hadoop.mapred.TaskTracker: attempt_201404121437_0001_m_000000_0 0.66531765% 
2014-04-12 14:38:54,478 INFO org.apache.hadoop.mapred.TaskTracker: attempt_201404121437_0001_m_000003_0 0.62048936% 
2014-04-12 14:38:54,518 INFO org.apache.hadoop.mapred.TaskTracker: attempt_201404121437_0001_m_000011_0 0.49615753% 
2014-04-12 14:38:54,734 INFO org.apache.hadoop.mapred.TaskTracker: attempt_201404121437_0001_m_000006_0 0.6168846% 
2014-04-12 14:38:57,377 INFO org.apache.hadoop.mapred.TaskTracker: attempt_201404121437_0001_m_000001_0 0.635974% 
2014-04-12 14:38:57,915 INFO org.apache.hadoop.mapred.TaskTracker: attempt_201404121437_0001_m_000008_0 0.66849476% 
2014-04-12 14:38:57,915 INFO org.apache.hadoop.mapred.TaskTracker: attempt_201404121437_0001_m_000011_0 0.5742003% 
2014-04-12 14:38:57,916 INFO org.apache.hadoop.mapred.TaskTracker: attempt_201404121437_0001_m_000003_0 0.7410113% 
2014-04-12 14:38:57,916 INFO org.apache.hadoop.mapred.TaskTracker: attempt_201404121437_0001_m_000004_0 0.7812435% 
2014-04-12 14:38:57,917 INFO org.apache.hadoop.mapred.TaskTracker: attempt_201404121437_0001_m_000000_0 0.7734747% 
2014-04-12 14:38:57,917 INFO org.apache.hadoop.mapred.TaskTracker: attempt_201404121437_0001_m_000009_0 0.5757549% 
2014-04-12 14:38:57,918 INFO org.apache.hadoop.mapred.TaskTracker: attempt_201404121437_0001_m_000007_0 0.55888295% 
2014-04-12 14:38:57,918 INFO org.apache.hadoop.mapred.TaskTracker: attempt_201404121437_0001_m_000002_0 0.55466986% 
2014-04-12 14:38:58,132 INFO org.apache.hadoop.mapred.TaskTracker: attempt_201404121437_0001_m_000006_0 0.696165% 
2014-04-12 14:38:58,198 INFO org.apache.hadoop.mapred.TaskTracker: attempt_201404121437_0001_m_000010_0 0.6752538% 
2014-04-12 14:38:58,343 INFO org.apache.hadoop.mapred.TaskTracker: attempt_201404121437_0001_m_000005_0 0.66813135% 
2014-04-12 14:39:01,139 INFO org.apache.hadoop.mapred.TaskTracker: attempt_201404121437_0001_m_000000_0 0.8699397% 
2014-04-12 14:39:01,192 INFO org.apache.hadoop.mapred.TaskTracker: attempt_201404121437_0001_m_000004_0 0.87981206% 
2014-04-12 14:39:01,209 INFO org.apache.hadoop.mapred.TaskTracker: attempt_201404121437_0001_m_000002_0 0.6513435% 
2014-04-12 14:39:01,242 INFO org.apache.hadoop.mapred.TaskTracker: attempt_201404121437_0001_m_000003_0 0.8313293% 
2014-04-12 14:39:01,268 INFO org.apache.hadoop.mapred.TaskTracker: attempt_201404121437_0001_m_000009_0 0.68154645% 
2014-04-12 14:39:01,350 INFO org.apache.hadoop.mapred.TaskTracker: attempt_201404121437_0001_m_000006_0 0.78371614% 
2014-04-12 14:39:01,551 INFO org.apache.hadoop.mapred.TaskTracker: attempt_201404121437_0001_m_000008_0 0.7734196% 
2014-04-12 14:39:01,771 INFO org.apache.hadoop.mapred.TaskTracker: attempt_201404121437_0001_m_000007_0 0.6615063% 
2014-04-12 14:39:01,882 INFO org.apache.hadoop.mapred.TaskTracker: attempt_201404121437_0001_m_000010_0 0.78681684% 
2014-04-12 14:39:02,322 INFO org.apache.hadoop.mapred.TaskTracker: attempt_201404121437_0001_m_000005_0 0.7815238% 
2014-04-12 14:39:02,487 INFO org.apache.hadoop.mapred.TaskTracker: attempt_201404121437_0001_m_000001_0 0.7688444% 
2014-04-12 14:39:03,488 INFO org.apache.hadoop.mapred.TaskTracker: attempt_201404121437_0001_m_000011_0 0.6634837% 
2014-04-12 14:39:04,481 INFO org.apache.hadoop.mapred.TaskTracker: attempt_201404121437_0001_m_000000_0 0.9190506% 
2014-04-12 14:39:04,529 INFO org.apache.hadoop.mapred.TaskTracker: attempt_201404121437_0001_m_000002_0 0.75515825% 
2014-04-12 14:39:04,539 INFO org.apache.hadoop.mapred.TaskTracker: attempt_201404121437_0001_m_000004_0 0.96925557% 
2014-04-12 14:39:04,694 INFO org.apache.hadoop.mapred.TaskTracker: attempt_201404121437_0001_m_000006_0 0.87772214% 
2014-04-12 14:39:04,717 INFO org.apache.hadoop.mapred.TaskTracker: attempt_201404121437_0001_m_000003_0 0.9106997% 
2014-04-12 14:39:04,765 INFO org.apache.hadoop.mapred.TaskTracker: attempt_201404121437_0001_m_000009_0 0.78363454% 
2014-04-12 14:39:04,834 INFO org.apache.hadoop.mapred.TaskTracker: attempt_201404121437_0001_m_000008_0 0.87693685% 
2014-04-12 14:39:05,207 INFO org.apache.hadoop.mapred.TaskTracker: attempt_201404121437_0001_m_000010_0 0.8871243% 
2014-04-12 14:39:05,528 INFO org.apache.hadoop.mapred.TaskTracker: attempt_201404121437_0001_m_000007_0 0.7738032% 
2014-04-12 14:39:05,690 INFO org.apache.hadoop.mapred.TaskTracker: attempt_201404121437_0001_m_000005_0 0.881587% 
2014-04-12 14:39:05,787 INFO org.apache.hadoop.mapred.TaskTracker: attempt_201404121437_0001_m_000001_0 0.8611502% 
2014-04-12 14:39:07,216 INFO org.apache.hadoop.mapred.TaskTracker: attempt_201404121437_0001_m_000011_0 0.7847959% 
2014-04-12 14:39:07,800 INFO org.apache.hadoop.mapred.TaskTracker: attempt_201404121437_0001_m_000002_0 0.8424423% 
2014-04-12 14:39:07,804 INFO org.apache.hadoop.mapred.TaskTracker: attempt_201404121437_0001_m_000000_0 1.0% 
2014-04-12 14:39:07,815 INFO org.apache.hadoop.mapred.TaskTracker: attempt_201404121437_0001_m_000004_0 1.0% 
2014-04-12 14:39:07,991 INFO org.apache.hadoop.mapred.TaskTracker: attempt_201404121437_0001_m_000003_0 1.0% 
2014-04-12 14:39:08,013 INFO org.apache.hadoop.mapred.TaskTracker: attempt_201404121437_0001_m_000009_0 0.8793873% 
2014-04-12 14:39:08,017 INFO org.apache.hadoop.mapred.TaskTracker: attempt_201404121437_0001_m_000006_0 0.9567637% 
2014-04-12 14:39:08,098 INFO org.apache.hadoop.mapred.TaskTracker: attempt_201404121437_0001_m_000008_0 0.9656197% 
2014-04-12 14:39:08,420 INFO org.apache.hadoop.mapred.TaskTracker: attempt_201404121437_0001_m_000010_0 0.9717495% 
2014-04-12 14:39:08,859 INFO org.apache.hadoop.mapred.TaskTracker: attempt_201404121437_0001_m_000007_0 0.8893778% 
2014-04-12 14:39:09,001 INFO org.apache.hadoop.mapred.TaskTracker: attempt_201404121437_0001_m_000001_0 0.9558877% 
2014-04-12 14:39:09,167 INFO org.apache.hadoop.mapred.TaskTracker: attempt_201404121437_0001_m_000005_0 0.9624635% 
2014-04-12 14:39:10,451 INFO org.apache.hadoop.mapred.TaskTracker: attempt_201404121437_0001_m_000011_0 0.89168304% 
2014-04-12 14:39:11,061 INFO org.apache.hadoop.mapred.TaskTracker: attempt_201404121437_0001_m_000004_0 1.0% 
2014-04-12 14:39:11,075 INFO org.apache.hadoop.mapred.TaskTracker: attempt_201404121437_0001_m_000002_0 0.94115096% 
2014-04-12 14:39:11,151 INFO org.apache.hadoop.mapred.TaskTracker: attempt_201404121437_0001_m_000000_0 1.0% 
2014-04-12 14:39:11,169 INFO org.apache.hadoop.mapred.TaskTracker: attempt_201404121437_0001_m_000003_0 1.0% 
2014-04-12 14:39:11,239 INFO org.apache.hadoop.mapred.TaskTracker: attempt_201404121437_0001_m_000009_0 0.99246806% 
2014-04-12 14:39:11,293 INFO org.apache.hadoop.mapred.TaskTracker: attempt_201404121437_0001_m_000008_0 1.0% 
2014-04-12 14:39:11,293 INFO org.apache.hadoop.mapred.TaskTracker: attempt_201404121437_0001_m_000006_0 1.0% 
2014-04-12 14:39:11,740 INFO org.apache.hadoop.mapred.TaskTracker: attempt_201404121437_0001_m_000010_0 1.0% 
2014-04-12 14:39:12,135 INFO org.apache.hadoop.mapred.TaskTracker: attempt_201404121437_0001_m_000007_0 0.9988979% 
2014-04-12 14:39:12,199 INFO org.apache.hadoop.mapred.TaskTracker: attempt_201404121437_0001_m_000001_0 1.0% 
2014-04-12 14:39:12,330 INFO org.apache.hadoop.mapred.TaskTracker: attempt_201404121437_0001_m_000005_0 1.0% 
2014-04-12 14:39:13,633 INFO org.apache.hadoop.mapred.TaskTracker: attempt_201404121437_0001_m_000011_0 1.0% 
2014-04-12 14:39:14,216 INFO org.apache.hadoop.mapred.TaskTracker: attempt_201404121437_0001_m_000004_0 1.0% 
2014-04-12 14:39:14,266 INFO org.apache.hadoop.mapred.TaskTracker: attempt_201404121437_0001_m_000002_0 1.0% 
2014-04-12 14:39:14,319 INFO org.apache.hadoop.mapred.TaskTracker: attempt_201404121437_0001_m_000003_0 1.0% 
2014-04-12 14:39:14,373 INFO org.apache.hadoop.mapred.TaskTracker: attempt_201404121437_0001_m_000000_0 1.0% 
2014-04-12 14:39:14,415 INFO org.apache.hadoop.mapred.TaskTracker: attempt_201404121437_0001_m_000009_0 1.0% 
2014-04-12 14:39:14,441 INFO org.apache.hadoop.mapred.TaskTracker: attempt_201404121437_0001_m_000006_0 1.0% 
2014-04-12 14:39:14,448 INFO org.apache.hadoop.mapred.TaskTracker: attempt_201404121437_0001_m_000008_0 1.0% 
2014-04-12 14:39:14,879 INFO org.apache.hadoop.mapred.TaskTracker: attempt_201404121437_0001_m_000010_0 1.0% 
2014-04-12 14:39:15,274 INFO org.apache.hadoop.mapred.TaskTracker: attempt_201404121437_0001_m_000007_0 1.0% 
2014-04-12 14:39:15,329 INFO org.apache.hadoop.mapred.TaskTracker: attempt_201404121437_0001_m_000001_0 1.0% 
2014-04-12 14:39:15,472 INFO org.apache.hadoop.mapred.TaskTracker: attempt_201404121437_0001_m_000005_0 1.0% 
2014-04-12 14:39:16,770 INFO org.apache.hadoop.mapred.TaskTracker: attempt_201404121437_0001_m_000011_0 1.0% 
2014-04-12 14:39:17,369 INFO org.apache.hadoop.mapred.TaskTracker: attempt_201404121437_0001_m_000002_0 1.0% 
2014-04-12 14:39:17,435 INFO org.apache.hadoop.mapred.TaskTracker: attempt_201404121437_0001_m_000004_0 1.0% 
2014-04-12 14:39:17,510 INFO org.apache.hadoop.mapred.TaskTracker: attempt_201404121437_0001_m_000000_0 1.0% 
2014-04-12 14:39:17,543 INFO org.apache.hadoop.mapred.TaskTracker: attempt_201404121437_0001_m_000003_0 1.0% 
2014-04-12 14:39:17,544 INFO org.apache.hadoop.mapred.TaskTracker: attempt_201404121437_0001_m_000006_0 1.0% 
2014-04-12 14:39:17,549 INFO org.apache.hadoop.mapred.TaskTracker: attempt_201404121437_0001_m_000009_0 1.0% 
2014-04-12 14:39:17,557 INFO org.apache.hadoop.mapred.TaskTracker: attempt_201404121437_0001_m_000008_0 1.0% 
2014-04-12 14:39:18,392 INFO org.apache.hadoop.mapred.TaskTracker: attempt_201404121437_0001_m_000010_0 1.0% 
2014-04-12 14:39:18,451 INFO org.apache.hadoop.mapred.TaskTracker: attempt_201404121437_0001_m_000001_0 1.0% 
2014-04-12 14:39:18,453 INFO org.apache.hadoop.mapred.TaskTracker: attempt_201404121437_0001_m_000007_0 1.0% 
2014-04-12 14:39:18,548 INFO org.apache.hadoop.mapred.TaskTracker: attempt_201404121437_0001_m_000005_0 1.0% 
2014-04-12 14:39:20,091 INFO org.apache.hadoop.mapred.TaskTracker: attempt_201404121437_0001_m_000011_0 1.0% 
2014-04-12 14:39:20,468 INFO org.apache.hadoop.mapred.TaskTracker: attempt_201404121437_0001_m_000002_0 1.0% 
2014-04-12 14:39:20,596 INFO org.apache.hadoop.mapred.TaskTracker: attempt_201404121437_0001_m_000004_0 1.0% 
2014-04-12 14:39:20,682 INFO org.apache.hadoop.mapred.TaskTracker: attempt_201404121437_0001_m_000003_0 1.0% 
2014-04-12 14:39:20,682 INFO org.apache.hadoop.mapred.TaskTracker: attempt_201404121437_0001_m_000006_0 1.0% 
2014-04-12 14:39:20,683 INFO org.apache.hadoop.mapred.TaskTracker: attempt_201404121437_0001_m_000009_0 1.0% 
2014-04-12 14:39:20,712 INFO org.apache.hadoop.mapred.TaskTracker: attempt_201404121437_0001_m_000008_0 1.0% 
2014-04-12 14:39:20,720 INFO org.apache.hadoop.mapred.TaskTracker: attempt_201404121437_0001_m_000000_0 1.0% 
2014-04-12 14:39:21,476 INFO org.apache.hadoop.mapred.TaskTracker: attempt_201404121437_0001_m_000010_0 1.0% 
2014-04-12 14:39:21,502 INFO org.apache.hadoop.mapred.TaskTracker: attempt_201404121437_0001_m_000001_0 1.0% 
2014-04-12 14:39:21,554 INFO org.apache.hadoop.mapred.TaskTracker: attempt_201404121437_0001_m_000007_0 1.0% 
2014-04-12 14:39:21,618 INFO org.apache.hadoop.mapred.TaskTracker: attempt_201404121437_0001_m_000005_0 1.0% 
2014-04-12 14:39:23,128 INFO org.apache.hadoop.mapred.TaskTracker: attempt_201404121437_0001_m_000011_0 1.0% 
2014-04-12 14:39:23,500 INFO org.apache.hadoop.mapred.TaskTracker: attempt_201404121437_0001_m_000002_0 1.0% 
2014-04-12 14:39:23,644 INFO org.apache.hadoop.mapred.TaskTracker: attempt_201404121437_0001_m_000004_0 1.0% 
2014-04-12 14:39:23,717 INFO org.apache.hadoop.mapred.TaskTracker: attempt_201404121437_0001_m_000006_0 1.0% 
2014-04-12 14:39:23,723 INFO org.apache.hadoop.mapred.TaskTracker: attempt_201404121437_0001_m_000003_0 1.0% 
2014-04-12 14:39:23,726 INFO org.apache.hadoop.mapred.TaskTracker: attempt_201404121437_0001_m_000009_0 1.0% 
2014-04-12 14:39:23,744 INFO org.apache.hadoop.mapred.TaskTracker: attempt_201404121437_0001_m_000008_0 1.0% 
2014-04-12 14:39:23,752 INFO org.apache.hadoop.mapred.TaskTracker: attempt_201404121437_0001_m_000000_0 1.0% 
2014-04-12 14:39:24,529 INFO org.apache.hadoop.mapred.TaskTracker: attempt_201404121437_0001_m_000010_0 1.0% 
2014-04-12 14:39:24,560 INFO org.apache.hadoop.mapred.TaskTracker: attempt_201404121437_0001_m_000001_0 1.0% 
2014-04-12 14:39:24,604 INFO org.apache.hadoop.mapred.TaskTracker: attempt_201404121437_0001_m_000007_0 1.0% 
2014-04-12 14:39:24,718 INFO org.apache.hadoop.mapred.TaskTracker: attempt_201404121437_0001_m_000005_0 1.0% 
2014-04-12 14:39:26,164 INFO org.apache.hadoop.mapred.TaskTracker: attempt_201404121437_0001_m_000011_0 1.0% 
2014-04-12 14:39:26,533 INFO org.apache.hadoop.mapred.TaskTracker: attempt_201404121437_0001_m_000002_0 1.0% 
2014-04-12 14:39:26,535 INFO org.apache.hadoop.mapred.TaskTracker: attempt_201404121437_0001_m_000002_0 1.0% 
2014-04-12 14:39:28,500 INFO org.apache.hadoop.mapred.TaskTracker: attempt_201404121437_0001_m_000007_0 1.0% 
2014-04-12 14:39:28,500 INFO org.apache.hadoop.mapred.TaskTracker: attempt_201404121437_0001_m_000010_0 1.0% 
2014-04-12 14:39:28,501 INFO org.apache.hadoop.mapred.TaskTracker: attempt_201404121437_0001_m_000000_0 1.0% 
2014-04-12 14:39:28,501 INFO org.apache.hadoop.mapred.TaskTracker: attempt_201404121437_0001_m_000009_0 1.0% 
2014-04-12 14:39:28,502 INFO org.apache.hadoop.mapred.TaskTracker: attempt_201404121437_0001_m_000003_0 1.0% 
2014-04-12 14:39:28,502 INFO org.apache.hadoop.mapred.TaskTracker: attempt_201404121437_0001_m_000007_0 1.0% 
2014-04-12 14:39:28,503 INFO org.apache.hadoop.mapred.TaskTracker: attempt_201404121437_0001_m_000004_0 1.0% 
2014-04-12 14:39:28,503 INFO org.apache.hadoop.mapred.TaskTracker: attempt_201404121437_0001_m_000005_0 1.0% 
2014-04-12 14:39:28,503 INFO org.apache.hadoop.mapred.TaskTracker: Task attempt_201404121437_0001_m_000002_0 is done.
2014-04-12 14:39:28,503 INFO org.apache.hadoop.mapred.TaskTracker: reported output size for attempt_201404121437_0001_m_000002_0  was 52183163
2014-04-12 14:39:28,504 INFO org.apache.hadoop.mapred.TaskTracker: Task attempt_201404121437_0001_m_000007_0 is done.
2014-04-12 14:39:28,504 INFO org.apache.hadoop.mapred.TaskTracker: reported output size for attempt_201404121437_0001_m_000007_0  was 52806609
2014-04-12 14:39:28,504 INFO org.apache.hadoop.mapred.TaskTracker: attempt_201404121437_0001_m_000000_0 1.0% 
2014-04-12 14:39:28,506 INFO org.apache.hadoop.mapred.TaskTracker: attempt_201404121437_0001_m_000009_0 1.0% 
2014-04-12 14:39:28,507 INFO org.apache.hadoop.mapred.TaskTracker: attempt_201404121437_0001_m_000004_0 1.0% 
2014-04-12 14:39:28,507 INFO org.apache.hadoop.mapred.TaskTracker: Task attempt_201404121437_0001_m_000005_0 is done.
2014-04-12 14:39:28,508 INFO org.apache.hadoop.mapred.TaskTracker: reported output size for attempt_201404121437_0001_m_000005_0  was 52209478
2014-04-12 14:39:28,508 INFO org.apache.hadoop.mapred.TaskTracker: Task attempt_201404121437_0001_m_000000_0 is done.
2014-04-12 14:39:28,508 INFO org.apache.hadoop.mapred.TaskTracker: reported output size for attempt_201404121437_0001_m_000000_0  was 52422377
2014-04-12 14:39:28,508 INFO org.apache.hadoop.mapred.TaskTracker: attempt_201404121437_0001_m_000003_0 1.0% 
2014-04-12 14:39:28,509 INFO org.apache.hadoop.mapred.TaskTracker: Task attempt_201404121437_0001_m_000004_0 is done.
2014-04-12 14:39:28,509 INFO org.apache.hadoop.mapred.TaskTracker: reported output size for attempt_201404121437_0001_m_000004_0  was 51928306
2014-04-12 14:39:28,509 INFO org.apache.hadoop.mapred.TaskTracker: Task attempt_201404121437_0001_m_000009_0 is done.
2014-04-12 14:39:28,509 INFO org.apache.hadoop.mapred.TaskTracker: reported output size for attempt_201404121437_0001_m_000009_0  was 52154498
2014-04-12 14:39:28,510 INFO org.apache.hadoop.mapred.TaskTracker: Task attempt_201404121437_0001_m_000003_0 is done.
2014-04-12 14:39:28,510 INFO org.apache.hadoop.mapred.TaskTracker: reported output size for attempt_201404121437_0001_m_000003_0  was 52792826
2014-04-12 14:39:28,603 INFO org.apache.hadoop.mapred.JvmManager: JVM : jvm_201404121437_0001_m_473583186 exited with exit code 0. Number of tasks it ran: 1
2014-04-12 14:39:28,818 INFO org.apache.hadoop.mapred.TaskTracker: addFreeSlot : current free slots : 1
2014-04-12 14:39:28,819 INFO org.apache.hadoop.mapred.TaskTracker: addFreeSlot : current free slots : 2
2014-04-12 14:39:28,821 INFO org.apache.hadoop.mapred.TaskTracker: addFreeSlot : current free slots : 3
2014-04-12 14:39:28,821 INFO org.apache.hadoop.mapred.TaskTracker: addFreeSlot : current free slots : 4
2014-04-12 14:39:28,821 INFO org.apache.hadoop.mapred.TaskTracker: addFreeSlot : current free slots : 5
2014-04-12 14:39:28,821 INFO org.apache.hadoop.mapred.TaskTracker: addFreeSlot : current free slots : 6
2014-04-12 14:39:28,875 INFO org.apache.hadoop.mapred.JvmManager: JVM : jvm_201404121437_0001_m_1269938622 exited with exit code 0. Number of tasks it ran: 1
2014-04-12 14:39:28,878 INFO org.apache.hadoop.mapred.JvmManager: JVM : jvm_201404121437_0001_m_2100892242 exited with exit code 0. Number of tasks it ran: 1
2014-04-12 14:39:28,878 INFO org.apache.hadoop.mapred.JvmManager: JVM : jvm_201404121437_0001_m_1697332224 exited with exit code 0. Number of tasks it ran: 1
2014-04-12 14:39:28,878 INFO org.apache.hadoop.mapred.JvmManager: JVM : jvm_201404121437_0001_m_283016707 exited with exit code 0. Number of tasks it ran: 1
2014-04-12 14:39:28,878 INFO org.apache.hadoop.mapred.JvmManager: JVM : jvm_201404121437_0001_m_563571248 exited with exit code 0. Number of tasks it ran: 1
2014-04-12 14:39:28,878 INFO org.apache.hadoop.mapred.JvmManager: JVM : jvm_201404121437_0001_m_1400706705 exited with exit code 0. Number of tasks it ran: 1
2014-04-12 14:39:29,193 INFO org.apache.hadoop.mapred.TaskTracker: attempt_201404121437_0001_m_000011_0 1.0% 
2014-04-12 14:39:29,196 INFO org.apache.hadoop.mapred.TaskTracker: attempt_201404121437_0001_m_000011_0 1.0% 
2014-04-12 14:39:29,197 INFO org.apache.hadoop.mapred.TaskTracker: Task attempt_201404121437_0001_m_000011_0 is done.
2014-04-12 14:39:29,197 INFO org.apache.hadoop.mapred.TaskTracker: reported output size for attempt_201404121437_0001_m_000011_0  was 51179215
2014-04-12 14:39:29,436 INFO org.apache.hadoop.mapred.TaskTracker: addFreeSlot : current free slots : 7
2014-04-12 14:39:29,479 INFO org.apache.hadoop.mapred.TaskTracker: LaunchTaskAction (registerTask): attempt_201404121437_0001_r_000000_0 task's state:UNASSIGNED
2014-04-12 14:39:29,480 INFO org.apache.hadoop.mapred.TaskTracker: Trying to launch : attempt_201404121437_0001_r_000000_0 which needs 1 slots
2014-04-12 14:39:29,480 INFO org.apache.hadoop.mapred.TaskTracker: In TaskLauncher, current free slots : 2 and trying to launch attempt_201404121437_0001_r_000000_0 which needs 1 slots
2014-04-12 14:39:29,489 INFO org.apache.hadoop.mapred.JvmManager: In JvmRunner constructed JVM ID: jvm_201404121437_0001_r_1303118641
2014-04-12 14:39:29,489 INFO org.apache.hadoop.mapred.JvmManager: JVM Runner jvm_201404121437_0001_r_1303118641 spawned.
2014-04-12 14:39:29,490 INFO org.apache.hadoop.mapred.TaskController: Writing commands to /tmp/hadoop/hadoop-jmg3/mapred/local/ttprivate/taskTracker/jmg3/jobcache/job_201404121437_0001/attempt_201404121437_0001_r_000000_0/taskjvm.sh
2014-04-12 14:39:30,126 INFO org.apache.hadoop.mapred.TaskTracker: JVM with ID: jvm_201404121437_0001_r_1303118641 given task: attempt_201404121437_0001_r_000000_0
2014-04-12 14:39:31,529 INFO org.apache.hadoop.mapred.TaskTracker: attempt_201404121437_0001_m_000010_0 1.0% 
2014-04-12 14:39:31,531 INFO org.apache.hadoop.mapred.TaskTracker: attempt_201404121437_0001_m_000001_0 1.0% 
2014-04-12 14:39:31,531 INFO org.apache.hadoop.mapred.TaskTracker: attempt_201404121437_0001_m_000008_0 1.0% 
2014-04-12 14:39:31,532 INFO org.apache.hadoop.mapred.TaskTracker: attempt_201404121437_0001_m_000010_0 1.0% 
2014-04-12 14:39:31,532 INFO org.apache.hadoop.mapred.TaskTracker: attempt_201404121437_0001_m_000006_0 1.0% 
2014-04-12 14:39:31,533 INFO org.apache.hadoop.mapred.TaskTracker: Task attempt_201404121437_0001_m_000010_0 is done.
2014-04-12 14:39:31,533 INFO org.apache.hadoop.mapred.TaskTracker: reported output size for attempt_201404121437_0001_m_000010_0  was 52725679
2014-04-12 14:39:31,533 INFO org.apache.hadoop.mapred.TaskTracker: attempt_201404121437_0001_m_000001_0 1.0% 
2014-04-12 14:39:31,533 INFO org.apache.hadoop.mapred.TaskTracker: attempt_201404121437_0001_m_000008_0 1.0% 
2014-04-12 14:39:31,534 INFO org.apache.hadoop.mapred.TaskTracker: Task attempt_201404121437_0001_m_000001_0 is done.
2014-04-12 14:39:31,534 INFO org.apache.hadoop.mapred.TaskTracker: reported output size for attempt_201404121437_0001_m_000001_0  was 51813571
2014-04-12 14:39:31,534 INFO org.apache.hadoop.mapred.TaskTracker: attempt_201404121437_0001_m_000006_0 1.0% 
2014-04-12 14:39:31,535 INFO org.apache.hadoop.mapred.TaskTracker: Task attempt_201404121437_0001_m_000008_0 is done.
2014-04-12 14:39:31,535 INFO org.apache.hadoop.mapred.TaskTracker: reported output size for attempt_201404121437_0001_m_000008_0  was 52363606
2014-04-12 14:39:31,535 INFO org.apache.hadoop.mapred.TaskTracker: Task attempt_201404121437_0001_m_000006_0 is done.
2014-04-12 14:39:31,535 INFO org.apache.hadoop.mapred.TaskTracker: reported output size for attempt_201404121437_0001_m_000006_0  was 51731595
2014-04-12 14:39:32,134 INFO org.apache.hadoop.mapred.TaskTracker: addFreeSlot : current free slots : 8
2014-04-12 14:39:32,282 INFO org.apache.hadoop.mapred.TaskTracker: addFreeSlot : current free slots : 9
2014-04-12 14:39:32,282 INFO org.apache.hadoop.mapred.TaskTracker: addFreeSlot : current free slots : 10
2014-04-12 14:39:32,285 INFO org.apache.hadoop.mapred.TaskTracker: addFreeSlot : current free slots : 11
2014-04-12 14:39:32,494 INFO org.apache.hadoop.mapred.TaskTracker: LaunchTaskAction (registerTask): attempt_201404121437_0001_r_000001_0 task's state:UNASSIGNED
2014-04-12 14:39:32,494 INFO org.apache.hadoop.mapred.TaskTracker: Trying to launch : attempt_201404121437_0001_r_000001_0 which needs 1 slots
2014-04-12 14:39:32,494 INFO org.apache.hadoop.mapred.TaskTracker: In TaskLauncher, current free slots : 1 and trying to launch attempt_201404121437_0001_r_000001_0 which needs 1 slots
2014-04-12 14:39:34,179 INFO org.apache.hadoop.mapred.JvmManager: In JvmRunner constructed JVM ID: jvm_201404121437_0001_r_1400706705
2014-04-12 14:39:34,180 INFO org.apache.hadoop.mapred.JvmManager: JVM Runner jvm_201404121437_0001_r_1400706705 spawned.
2014-04-12 14:39:34,181 INFO org.apache.hadoop.mapred.JvmManager: JVM : jvm_201404121437_0001_m_227886577 exited with exit code 0. Number of tasks it ran: 1
2014-04-12 14:39:34,181 INFO org.apache.hadoop.mapred.JvmManager: JVM : jvm_201404121437_0001_m_1637882079 exited with exit code 0. Number of tasks it ran: 1
2014-04-12 14:39:34,181 INFO org.apache.hadoop.mapred.JvmManager: JVM : jvm_201404121437_0001_m_1914160059 exited with exit code 0. Number of tasks it ran: 1
2014-04-12 14:39:34,182 INFO org.apache.hadoop.mapred.TaskController: Writing commands to /tmp/hadoop/hadoop-jmg3/mapred/local/ttprivate/taskTracker/jmg3/jobcache/job_201404121437_0001/attempt_201404121437_0001_r_000001_0/taskjvm.sh
2014-04-12 14:39:34,767 INFO org.apache.hadoop.mapred.JvmManager: JVM : jvm_201404121437_0001_m_733626691 exited with exit code 0. Number of tasks it ran: 1
2014-04-12 14:39:34,767 INFO org.apache.hadoop.mapred.JvmManager: JVM : jvm_201404121437_0001_m_872997324 exited with exit code 0. Number of tasks it ran: 1
2014-04-12 14:39:34,790 INFO org.apache.hadoop.mapred.TaskTracker: JVM with ID: jvm_201404121437_0001_r_1400706705 given task: attempt_201404121437_0001_r_000001_0
2014-04-12 14:39:35,959 INFO org.apache.hadoop.mapred.TaskTracker.clienttrace: src: 192.168.110.214:50061, dest: 192.168.110.214:53423, bytes: 25817691, op: MAPRED_SHUFFLE, cliID: attempt_201404121437_0001_m_000000_0, duration: 100012830
2014-04-12 14:39:36,458 INFO org.apache.hadoop.mapred.TaskTracker.clienttrace: src: 192.168.110.214:50061, dest: 192.168.110.214:53424, bytes: 25708849, op: MAPRED_SHUFFLE, cliID: attempt_201404121437_0001_m_000002_0, duration: 496684357
2014-04-12 14:39:36,593 INFO org.apache.hadoop.mapred.TaskTracker: attempt_201404121437_0001_r_000000_0 0.05555556% reduce > copy (2 of 12 at 8.19 MB/s) > 
2014-04-12 14:39:37,468 INFO org.apache.hadoop.mapred.TaskTracker.clienttrace: src: 192.168.110.214:50061, dest: 192.168.110.214:53425, bytes: 26048929, op: MAPRED_SHUFFLE, cliID: attempt_201404121437_0001_m_000003_0, duration: 1006607416
2014-04-12 14:39:38,465 INFO org.apache.hadoop.mapred.TaskTracker.clienttrace: src: 192.168.110.214:50061, dest: 192.168.110.214:53426, bytes: 25562760, op: MAPRED_SHUFFLE, cliID: attempt_201404121437_0001_m_000004_0, duration: 995041508
2014-04-12 14:39:39,628 INFO org.apache.hadoop.mapred.TaskTracker: attempt_201404121437_0001_r_000000_0 0.11111112% reduce > copy (4 of 12 at 12.30 MB/s) > 
2014-04-12 14:39:40,466 INFO org.apache.hadoop.mapred.TaskTracker.clienttrace: src: 192.168.110.214:50061, dest: 192.168.110.214:53427, bytes: 25763742, op: MAPRED_SHUFFLE, cliID: attempt_201404121437_0001_m_000005_0, duration: 1999137008
2014-04-12 14:39:41,247 INFO org.apache.hadoop.mapred.TaskTracker: attempt_201404121437_0001_r_000001_0 0.0% reduce > copy > 
2014-04-12 14:39:41,489 INFO org.apache.hadoop.mapred.TaskTracker.clienttrace: src: 192.168.110.214:50061, dest: 192.168.110.214:53429, bytes: 26604686, op: MAPRED_SHUFFLE, cliID: attempt_201404121437_0001_m_000000_0, duration: 1017590360
2014-04-12 14:39:41,489 INFO org.apache.hadoop.mapred.TaskTracker.clienttrace: src: 192.168.110.214:50061, dest: 192.168.110.214:53428, bytes: 26046374, op: MAPRED_SHUFFLE, cliID: attempt_201404121437_0001_m_000007_0, duration: 1021103524
2014-04-12 14:39:42,508 INFO org.apache.hadoop.mapred.TaskTracker.clienttrace: src: 192.168.110.214:50061, dest: 192.168.110.214:53431, bytes: 26474314, op: MAPRED_SHUFFLE, cliID: attempt_201404121437_0001_m_000002_0, duration: 1016533275
2014-04-12 14:39:42,512 INFO org.apache.hadoop.mapred.TaskTracker.clienttrace: src: 192.168.110.214:50061, dest: 192.168.110.214:53430, bytes: 25647322, op: MAPRED_SHUFFLE, cliID: attempt_201404121437_0001_m_000009_0, duration: 1020696620
2014-04-12 14:39:42,663 INFO org.apache.hadoop.mapred.TaskTracker: attempt_201404121437_0001_r_000000_0 0.19444446% reduce > copy (7 of 12 at 14.35 MB/s) > 
2014-04-12 14:39:43,543 INFO org.apache.hadoop.mapred.TaskTracker.clienttrace: src: 192.168.110.214:50061, dest: 192.168.110.214:53433, bytes: 25262076, op: MAPRED_SHUFFLE, cliID: attempt_201404121437_0001_m_000011_0, duration: 1029831827
2014-04-12 14:39:43,550 INFO org.apache.hadoop.mapred.TaskTracker.clienttrace: src: 192.168.110.214:50061, dest: 192.168.110.214:53432, bytes: 26743897, op: MAPRED_SHUFFLE, cliID: attempt_201404121437_0001_m_000003_0, duration: 1039527904
2014-04-12 14:39:44,285 INFO org.apache.hadoop.mapred.TaskTracker: attempt_201404121437_0001_r_000001_0 0.083333336% reduce > copy (3 of 12 at 8.46 MB/s) > 
2014-04-12 14:39:44,579 INFO org.apache.hadoop.mapred.TaskTracker.clienttrace: src: 192.168.110.214:50061, dest: 192.168.110.214:53435, bytes: 26365546, op: MAPRED_SHUFFLE, cliID: attempt_201404121437_0001_m_000004_0, duration: 1025501444
2014-04-12 14:39:44,580 INFO org.apache.hadoop.mapred.TaskTracker.clienttrace: src: 192.168.110.214:50061, dest: 192.168.110.214:53434, bytes: 25523457, op: MAPRED_SHUFFLE, cliID: attempt_201404121437_0001_m_000001_0, duration: 1035881615
2014-04-12 14:39:45,621 INFO org.apache.hadoop.mapred.TaskTracker.clienttrace: src: 192.168.110.214:50061, dest: 192.168.110.214:53437, bytes: 26445736, op: MAPRED_SHUFFLE, cliID: attempt_201404121437_0001_m_000005_0, duration: 1031532668
2014-04-12 14:39:45,634 INFO org.apache.hadoop.mapred.TaskTracker.clienttrace: src: 192.168.110.214:50061, dest: 192.168.110.214:53436, bytes: 25558885, op: MAPRED_SHUFFLE, cliID: attempt_201404121437_0001_m_000006_0, duration: 1044798194
2014-04-12 14:39:45,698 INFO org.apache.hadoop.mapred.TaskTracker: attempt_201404121437_0001_r_000000_0 0.2777778% reduce > copy (10 of 12 at 16.34 MB/s) > 
2014-04-12 14:39:46,636 INFO org.apache.hadoop.mapred.TaskTracker.clienttrace: src: 192.168.110.214:50061, dest: 192.168.110.214:53437, bytes: 26760235, op: MAPRED_SHUFFLE, cliID: attempt_201404121437_0001_m_000007_0, duration: 1012001439
2014-04-12 14:39:47,194 INFO org.apache.hadoop.mapred.TaskTracker.clienttrace: src: 192.168.110.214:50061, dest: 192.168.110.214:53436, bytes: 25787098, op: MAPRED_SHUFFLE, cliID: attempt_201404121437_0001_m_000008_0, duration: 1505584518
2014-04-12 14:39:47,321 INFO org.apache.hadoop.mapred.TaskTracker: attempt_201404121437_0001_r_000001_0 0.16666667% reduce > copy (6 of 12 at 12.67 MB/s) > 
2014-04-12 14:39:48,623 INFO org.apache.hadoop.mapred.TaskTracker.clienttrace: src: 192.168.110.214:50061, dest: 192.168.110.214:53437, bytes: 26507176, op: MAPRED_SHUFFLE, cliID: attempt_201404121437_0001_m_000009_0, duration: 1933186771
2014-04-12 14:39:48,623 INFO org.apache.hadoop.mapred.TaskTracker.clienttrace: src: 192.168.110.214:50061, dest: 192.168.110.214:53438, bytes: 25963870, op: MAPRED_SHUFFLE, cliID: attempt_201404121437_0001_m_000010_0, duration: 1377603206
2014-04-12 14:39:48,674 INFO org.apache.hadoop.mapred.TaskTracker.clienttrace: src: 192.168.110.214:50061, dest: 192.168.110.214:53437, bytes: 25917139, op: MAPRED_SHUFFLE, cliID: attempt_201404121437_0001_m_000011_0, duration: 49579006
2014-04-12 14:39:48,678 INFO org.apache.hadoop.mapred.TaskTracker: attempt_201404121437_0001_r_000000_0 0.2777778% reduce > copy (10 of 12 at 16.34 MB/s) > 
2014-04-12 14:39:48,730 INFO org.apache.hadoop.mapred.TaskTracker: attempt_201404121437_0001_r_000000_0 0.33333334% reduce > sort
2014-04-12 14:39:49,547 INFO org.apache.hadoop.mapred.TaskTracker: attempt_201404121437_0001_r_000000_0 0.33333334% reduce > sort
2014-04-12 14:39:49,691 INFO org.apache.hadoop.mapred.TaskTracker.clienttrace: src: 192.168.110.214:50061, dest: 192.168.110.214:53437, bytes: 26290114, op: MAPRED_SHUFFLE, cliID: attempt_201404121437_0001_m_000001_0, duration: 1005330338
2014-04-12 14:39:50,356 INFO org.apache.hadoop.mapred.TaskTracker: attempt_201404121437_0001_r_000001_0 0.25% reduce > copy (9 of 12 at 15.14 MB/s) > 
2014-04-12 14:39:50,711 INFO org.apache.hadoop.mapred.TaskTracker.clienttrace: src: 192.168.110.214:50061, dest: 192.168.110.214:53437, bytes: 26172710, op: MAPRED_SHUFFLE, cliID: attempt_201404121437_0001_m_000006_0, duration: 1007666833
2014-04-12 14:39:51,719 INFO org.apache.hadoop.mapred.TaskTracker.clienttrace: src: 192.168.110.214:50061, dest: 192.168.110.214:53437, bytes: 26576508, op: MAPRED_SHUFFLE, cliID: attempt_201404121437_0001_m_000008_0, duration: 1000044872
2014-04-12 14:39:51,782 INFO org.apache.hadoop.mapred.TaskTracker: attempt_201404121437_0001_r_000000_0 0.6666853% reduce > reduce
2014-04-12 14:39:52,226 INFO org.apache.hadoop.mapred.TaskTracker: Task attempt_201404121437_0001_r_000000_0 is in commit-pending, task state:COMMIT_PENDING
2014-04-12 14:39:52,227 INFO org.apache.hadoop.mapred.TaskTracker: attempt_201404121437_0001_r_000000_0 0.6666853% reduce > reduce
2014-04-12 14:39:52,730 INFO org.apache.hadoop.mapred.TaskTracker.clienttrace: src: 192.168.110.214:50061, dest: 192.168.110.214:53437, bytes: 26761809, op: MAPRED_SHUFFLE, cliID: attempt_201404121437_0001_m_000010_0, duration: 986260968
2014-04-12 14:39:53,328 INFO org.apache.hadoop.mapred.TaskTracker: attempt_201404121437_0001_r_000001_0 0.25% reduce > copy (9 of 12 at 15.14 MB/s) > 
2014-04-12 14:39:53,389 INFO org.apache.hadoop.mapred.TaskTracker: attempt_201404121437_0001_r_000001_0 0.33333334% reduce > sort
2014-04-12 14:39:53,515 INFO org.apache.hadoop.mapred.TaskTracker: Received commit task action for attempt_201404121437_0001_r_000000_0
2014-04-12 14:39:54,216 INFO org.apache.hadoop.mapred.TaskTracker: attempt_201404121437_0001_r_000001_0 0.33333334% reduce > sort
2014-04-12 14:39:54,813 INFO org.apache.hadoop.mapred.TaskTracker: attempt_201404121437_0001_r_000000_0 0.6666853% reduce > reduce
2014-04-12 14:39:54,815 INFO org.apache.hadoop.mapred.TaskTracker: attempt_201404121437_0001_r_000000_0 0.6666853% reduce > reduce
2014-04-12 14:39:54,816 INFO org.apache.hadoop.mapred.TaskTracker: Task attempt_201404121437_0001_r_000000_0 is done.
2014-04-12 14:39:54,816 INFO org.apache.hadoop.mapred.TaskTracker: reported output size for attempt_201404121437_0001_r_000000_0  was -1
2014-04-12 14:39:54,816 INFO org.apache.hadoop.mapred.TaskTracker: addFreeSlot : current free slots : 1
2014-04-12 14:39:54,998 INFO org.apache.hadoop.mapred.JvmManager: JVM : jvm_201404121437_0001_r_1303118641 exited with exit code 0. Number of tasks it ran: 1
2014-04-12 14:39:56,423 INFO org.apache.hadoop.mapred.TaskTracker: attempt_201404121437_0001_r_000001_0 0.666691% reduce > reduce
2014-04-12 14:39:56,521 INFO org.apache.hadoop.mapred.TaskTracker: Received KillTaskAction for task: attempt_201404121437_0001_r_000000_0
2014-04-12 14:39:56,521 INFO org.apache.hadoop.mapred.TaskTracker: About to purge task: attempt_201404121437_0001_r_000000_0
2014-04-12 14:39:56,710 INFO org.apache.hadoop.mapred.TaskTracker: Task attempt_201404121437_0001_r_000001_0 is in commit-pending, task state:COMMIT_PENDING
2014-04-12 14:39:56,710 INFO org.apache.hadoop.mapred.TaskTracker: attempt_201404121437_0001_r_000001_0 0.666691% reduce > reduce
2014-04-12 14:39:59,478 INFO org.apache.hadoop.mapred.TaskTracker: attempt_201404121437_0001_r_000001_0 0.666691% reduce > reduce
2014-04-12 14:39:59,524 INFO org.apache.hadoop.mapred.TaskTracker: Received commit task action for attempt_201404121437_0001_r_000001_0
2014-04-12 14:40:02,508 INFO org.apache.hadoop.mapred.TaskTracker: attempt_201404121437_0001_r_000001_0 0.666691% reduce > reduce
2014-04-12 14:40:02,509 INFO org.apache.hadoop.mapred.TaskTracker: attempt_201404121437_0001_r_000001_0 0.666691% reduce > reduce
2014-04-12 14:40:02,510 INFO org.apache.hadoop.mapred.TaskTracker: Task attempt_201404121437_0001_r_000001_0 is done.
2014-04-12 14:40:02,511 INFO org.apache.hadoop.mapred.TaskTracker: reported output size for attempt_201404121437_0001_r_000001_0  was -1
2014-04-12 14:40:02,511 INFO org.apache.hadoop.mapred.TaskTracker: addFreeSlot : current free slots : 2
2014-04-12 14:40:02,536 INFO org.apache.hadoop.mapred.TaskTracker: LaunchTaskAction (registerTask): attempt_201404121437_0001_m_000012_0 task's state:UNASSIGNED
2014-04-12 14:40:02,536 INFO org.apache.hadoop.mapred.TaskTracker: Trying to launch : attempt_201404121437_0001_m_000012_0 which needs 1 slots
2014-04-12 14:40:02,536 INFO org.apache.hadoop.mapred.TaskTracker: Received KillTaskAction for task: attempt_201404121437_0001_r_000001_0
2014-04-12 14:40:02,536 INFO org.apache.hadoop.mapred.TaskTracker: In TaskLauncher, current free slots : 11 and trying to launch attempt_201404121437_0001_m_000012_0 which needs 1 slots
2014-04-12 14:40:02,536 INFO org.apache.hadoop.mapred.TaskTracker: About to purge task: attempt_201404121437_0001_r_000001_0
2014-04-12 14:40:02,541 INFO org.apache.hadoop.mapred.JvmManager: In JvmRunner constructed JVM ID: jvm_201404121437_0001_m_211340183
2014-04-12 14:40:02,541 INFO org.apache.hadoop.mapred.JvmManager: JVM Runner jvm_201404121437_0001_m_211340183 spawned.
2014-04-12 14:40:02,542 INFO org.apache.hadoop.mapred.TaskController: Writing commands to /tmp/hadoop/hadoop-jmg3/mapred/local/ttprivate/taskTracker/jmg3/jobcache/job_201404121437_0001/attempt_201404121437_0001_m_000012_0/taskjvm.sh
2014-04-12 14:40:02,684 INFO org.apache.hadoop.mapred.JvmManager: JVM : jvm_201404121437_0001_r_1400706705 exited with exit code 0. Number of tasks it ran: 1
2014-04-12 14:40:03,154 INFO org.apache.hadoop.mapred.TaskTracker: JVM with ID: jvm_201404121437_0001_m_211340183 given task: attempt_201404121437_0001_m_000012_0
2014-04-12 14:40:03,651 INFO org.apache.hadoop.mapred.TaskTracker: attempt_201404121437_0001_m_000012_0 0.0% 
2014-04-12 14:40:03,719 INFO org.mortbay.log: org.mortbay.io.nio.SelectorManager$SelectSet@54a96023 JVM BUG(s) - injecting delay15 times
2014-04-12 14:40:03,719 INFO org.mortbay.log: org.mortbay.io.nio.SelectorManager$SelectSet@54a96023 JVM BUG(s) - recreating selector 15 times, canceled keys 253 times
2014-04-12 14:40:06,569 INFO org.apache.hadoop.mapred.TaskTracker: attempt_201404121437_0001_m_000012_0 0.0% cleanup
2014-04-12 14:40:06,571 INFO org.apache.hadoop.mapred.TaskTracker: Task attempt_201404121437_0001_m_000012_0 is done.
2014-04-12 14:40:06,571 INFO org.apache.hadoop.mapred.TaskTracker: reported output size for attempt_201404121437_0001_m_000012_0  was -1
2014-04-12 14:40:06,571 INFO org.apache.hadoop.mapred.TaskTracker: addFreeSlot : current free slots : 11
2014-04-12 14:40:06,725 INFO org.apache.hadoop.mapred.JvmManager: JVM : jvm_201404121437_0001_m_211340183 exited with exit code 0. Number of tasks it ran: 1
2014-04-12 14:40:08,593 INFO org.apache.hadoop.mapred.TaskTracker: Received 'KillJobAction' for job: job_201404121437_0001
2014-04-12 14:40:08,594 INFO org.apache.hadoop.mapred.IndexCache: Map ID attempt_201404121437_0001_m_000012_0 not found in cache
2014-04-12 14:40:08,595 INFO org.apache.hadoop.mapred.UserLogCleaner: Adding job_201404121437_0001 for user-log deletion with retainTimeStamp:1397418008595
