2014-04-14 01:19:07,882 INFO org.apache.hadoop.mapred.TaskTracker: STARTUP_MSG: 
/************************************************************
STARTUP_MSG: Starting TaskTracker
STARTUP_MSG:   host = node08.asa-web.amd.com/127.0.1.1
STARTUP_MSG:   args = []
STARTUP_MSG:   version = Unknown
STARTUP_MSG:   build = Unknown -r Unknown; compiled by 'Unknown' on Unknown
************************************************************/
2014-04-14 01:19:08,142 INFO org.apache.hadoop.metrics2.impl.MetricsConfig: loaded properties from hadoop-metrics2.properties
2014-04-14 01:19:08,207 INFO org.apache.hadoop.metrics2.impl.MetricsSourceAdapter: MBean for source MetricsSystem,sub=Stats registered.
2014-04-14 01:19:08,209 INFO org.apache.hadoop.metrics2.impl.MetricsSystemImpl: Scheduled snapshot period at 10 second(s).
2014-04-14 01:19:08,209 INFO org.apache.hadoop.metrics2.impl.MetricsSystemImpl: TaskTracker metrics system started
2014-04-14 01:19:08,580 INFO org.apache.hadoop.metrics2.impl.MetricsSourceAdapter: MBean for source ugi registered.
2014-04-14 01:19:08,594 WARN org.apache.hadoop.metrics2.impl.MetricsSystemImpl: Source name ugi already exists!
2014-04-14 01:19:13,893 INFO org.mortbay.log: Logging to org.slf4j.impl.Log4jLoggerAdapter(org.mortbay.log) via org.mortbay.log.Slf4jLog
2014-04-14 01:19:13,955 INFO org.apache.hadoop.http.HttpServer: Added global filtersafety (class=org.apache.hadoop.http.HttpServer$QuotingInputFilter)
2014-04-14 01:19:14,019 INFO org.apache.hadoop.mapred.TaskLogsTruncater: Initializing logs' truncater with mapRetainSize=-1 and reduceRetainSize=-1
2014-04-14 01:19:14,034 INFO org.apache.hadoop.mapred.TaskTracker: Starting tasktracker with owner as mgrossman
2014-04-14 01:19:14,036 INFO org.apache.hadoop.mapred.TaskTracker: Good mapred local directories are: /tmp/hadoop/hadoop-mgrossman/mapred/local
2014-04-14 01:19:14,047 INFO org.apache.hadoop.util.NativeCodeLoader: Loaded the native-hadoop library
2014-04-14 01:19:14,074 INFO org.apache.hadoop.metrics2.impl.MetricsSourceAdapter: MBean for source jvm registered.
2014-04-14 01:19:14,077 INFO org.apache.hadoop.metrics2.impl.MetricsSourceAdapter: MBean for source TaskTrackerMetrics registered.
2014-04-14 01:19:14,106 INFO org.apache.hadoop.ipc.Server: Starting SocketReader
2014-04-14 01:19:14,115 INFO org.apache.hadoop.metrics2.impl.MetricsSourceAdapter: MBean for source RpcDetailedActivityForPort55198 registered.
2014-04-14 01:19:14,116 INFO org.apache.hadoop.metrics2.impl.MetricsSourceAdapter: MBean for source RpcActivityForPort55198 registered.
2014-04-14 01:19:14,121 INFO org.apache.hadoop.ipc.Server: IPC Server Responder: starting
2014-04-14 01:19:14,121 INFO org.apache.hadoop.ipc.Server: IPC Server listener on 55198: starting
2014-04-14 01:19:14,124 INFO org.apache.hadoop.ipc.Server: IPC Server handler 1 on 55198: starting
2014-04-14 01:19:14,124 INFO org.apache.hadoop.ipc.Server: IPC Server handler 0 on 55198: starting
2014-04-14 01:19:14,124 INFO org.apache.hadoop.ipc.Server: IPC Server handler 2 on 55198: starting
2014-04-14 01:19:14,125 INFO org.apache.hadoop.ipc.Server: IPC Server handler 3 on 55198: starting
2014-04-14 01:19:14,125 INFO org.apache.hadoop.ipc.Server: IPC Server handler 4 on 55198: starting
2014-04-14 01:19:14,125 INFO org.apache.hadoop.ipc.Server: IPC Server handler 5 on 55198: starting
2014-04-14 01:19:14,126 INFO org.apache.hadoop.ipc.Server: IPC Server handler 6 on 55198: starting
2014-04-14 01:19:14,126 INFO org.apache.hadoop.ipc.Server: IPC Server handler 7 on 55198: starting
2014-04-14 01:19:14,126 INFO org.apache.hadoop.mapred.TaskTracker: TaskTracker up at: localhost/127.0.0.1:55198
2014-04-14 01:19:14,126 INFO org.apache.hadoop.mapred.TaskTracker: Starting tracker tracker_node08.asa-web.amd.com:localhost/127.0.0.1:55198
2014-04-14 01:19:24,077 INFO org.apache.hadoop.mapred.TaskTracker: Starting thread: Map-events fetcher for all reduce tasks on tracker_node08.asa-web.amd.com:localhost/127.0.0.1:55198
2014-04-14 01:19:24,088 INFO org.apache.hadoop.util.ProcessTree: setsid exited with exit code 0
2014-04-14 01:19:24,094 INFO org.apache.hadoop.mapred.TaskTracker:  Using ResourceCalculatorPlugin : org.apache.hadoop.util.LinuxResourceCalculatorPlugin@26e4757f
2014-04-14 01:19:24,098 WARN org.apache.hadoop.mapred.TaskTracker: TaskTracker's totalMemoryAllottedForTasks is -1. TaskMemoryManager is disabled.
2014-04-14 01:19:24,103 INFO org.apache.hadoop.mapred.IndexCache: IndexCache created with max memory = 10485760
2014-04-14 01:19:25,473 INFO org.apache.hadoop.metrics2.impl.MetricsSourceAdapter: MBean for source ShuffleServerMetrics registered.
2014-04-14 01:19:25,482 INFO org.apache.hadoop.http.HttpServer: Port returned by webServer.getConnectors()[0].getLocalPort() before open() is -1. Opening the listener on 50061
2014-04-14 01:19:25,483 INFO org.apache.hadoop.http.HttpServer: listener.getLocalPort() returned 50061 webServer.getConnectors()[0].getLocalPort() returned 50061
2014-04-14 01:19:25,483 INFO org.apache.hadoop.http.HttpServer: Jetty bound to port 50061
2014-04-14 01:19:25,483 INFO org.mortbay.log: jetty-6.1.26
2014-04-14 01:19:25,889 INFO org.mortbay.log: Started SelectChannelConnector@0.0.0.0:50061
2014-04-14 01:19:25,890 INFO org.apache.hadoop.mapred.TaskTracker: FILE_CACHE_SIZE for mapOutputServlet set to : 2000
2014-04-14 01:20:32,556 INFO org.apache.hadoop.mapred.TaskTracker: LaunchTaskAction (registerTask): attempt_201404140119_0001_m_000021_0 task's state:UNASSIGNED
2014-04-14 01:20:32,566 INFO org.apache.hadoop.mapred.TaskTracker: Trying to launch : attempt_201404140119_0001_m_000021_0 which needs 1 slots
2014-04-14 01:20:32,566 INFO org.apache.hadoop.mapred.TaskTracker: In TaskLauncher, current free slots : 4 and trying to launch attempt_201404140119_0001_m_000021_0 which needs 1 slots
2014-04-14 01:20:32,982 INFO org.apache.hadoop.mapred.JobLocalizer: Initializing user mgrossman on this TT.
2014-04-14 01:20:33,208 INFO org.apache.hadoop.mapred.JvmManager: In JvmRunner constructed JVM ID: jvm_201404140119_0001_m_1356604621
2014-04-14 01:20:33,209 INFO org.apache.hadoop.mapred.JvmManager: JVM Runner jvm_201404140119_0001_m_1356604621 spawned.
2014-04-14 01:20:33,214 INFO org.apache.hadoop.mapred.TaskController: Writing commands to /tmp/hadoop/hadoop-mgrossman/mapred/local/ttprivate/taskTracker/mgrossman/jobcache/job_201404140119_0001/attempt_201404140119_0001_m_000021_0/taskjvm.sh
2014-04-14 01:20:34,561 INFO org.apache.hadoop.mapred.TaskTracker: JVM with ID: jvm_201404140119_0001_m_1356604621 given task: attempt_201404140119_0001_m_000021_0
2014-04-14 01:20:38,452 INFO org.apache.hadoop.mapred.TaskTracker: attempt_201404140119_0001_m_000021_0 0.0% setup
2014-04-14 01:20:38,456 INFO org.apache.hadoop.mapred.TaskTracker: Task attempt_201404140119_0001_m_000021_0 is done.
2014-04-14 01:20:38,456 INFO org.apache.hadoop.mapred.TaskTracker: reported output size for attempt_201404140119_0001_m_000021_0  was -1
2014-04-14 01:20:38,458 INFO org.apache.hadoop.mapred.TaskTracker: addFreeSlot : current free slots : 4
2014-04-14 01:20:38,606 INFO org.apache.hadoop.mapred.JvmManager: JVM : jvm_201404140119_0001_m_1356604621 exited with exit code 0. Number of tasks it ran: 1
2014-04-14 01:20:38,611 INFO org.apache.hadoop.mapred.TaskTracker: LaunchTaskAction (registerTask): attempt_201404140119_0001_m_000000_0 task's state:UNASSIGNED
2014-04-14 01:20:38,612 INFO org.apache.hadoop.mapred.TaskTracker: LaunchTaskAction (registerTask): attempt_201404140119_0001_m_000001_0 task's state:UNASSIGNED
2014-04-14 01:20:38,612 INFO org.apache.hadoop.mapred.TaskTracker: LaunchTaskAction (registerTask): attempt_201404140119_0001_m_000002_0 task's state:UNASSIGNED
2014-04-14 01:20:38,612 INFO org.apache.hadoop.mapred.TaskTracker: LaunchTaskAction (registerTask): attempt_201404140119_0001_m_000003_0 task's state:UNASSIGNED
2014-04-14 01:20:38,613 INFO org.apache.hadoop.mapred.TaskTracker: Trying to launch : attempt_201404140119_0001_m_000000_0 which needs 1 slots
2014-04-14 01:20:38,613 INFO org.apache.hadoop.mapred.TaskTracker: Received KillTaskAction for task: attempt_201404140119_0001_m_000021_0
2014-04-14 01:20:38,613 INFO org.apache.hadoop.mapred.TaskTracker: In TaskLauncher, current free slots : 4 and trying to launch attempt_201404140119_0001_m_000000_0 which needs 1 slots
2014-04-14 01:20:38,613 INFO org.apache.hadoop.mapred.TaskTracker: About to purge task: attempt_201404140119_0001_m_000021_0
2014-04-14 01:20:38,613 INFO org.apache.hadoop.mapred.TaskTracker: Trying to launch : attempt_201404140119_0001_m_000001_0 which needs 1 slots
2014-04-14 01:20:38,614 INFO org.apache.hadoop.mapred.TaskTracker: In TaskLauncher, current free slots : 3 and trying to launch attempt_201404140119_0001_m_000001_0 which needs 1 slots
2014-04-14 01:20:38,614 INFO org.apache.hadoop.mapred.TaskTracker: Trying to launch : attempt_201404140119_0001_m_000002_0 which needs 1 slots
2014-04-14 01:20:38,615 INFO org.apache.hadoop.mapred.TaskTracker: In TaskLauncher, current free slots : 2 and trying to launch attempt_201404140119_0001_m_000002_0 which needs 1 slots
2014-04-14 01:20:38,615 INFO org.apache.hadoop.mapred.TaskTracker: Trying to launch : attempt_201404140119_0001_m_000003_0 which needs 1 slots
2014-04-14 01:20:38,615 INFO org.apache.hadoop.mapred.TaskTracker: In TaskLauncher, current free slots : 1 and trying to launch attempt_201404140119_0001_m_000003_0 which needs 1 slots
2014-04-14 01:20:38,614 INFO org.apache.hadoop.mapred.IndexCache: Map ID attempt_201404140119_0001_m_000021_0 not found in cache
2014-04-14 01:20:38,657 INFO org.apache.hadoop.mapred.JvmManager: In JvmRunner constructed JVM ID: jvm_201404140119_0001_m_989085120
2014-04-14 01:20:38,657 INFO org.apache.hadoop.mapred.JvmManager: JVM Runner jvm_201404140119_0001_m_989085120 spawned.
2014-04-14 01:20:38,664 INFO org.apache.hadoop.mapred.JvmManager: In JvmRunner constructed JVM ID: jvm_201404140119_0001_m_2058590897
2014-04-14 01:20:38,664 INFO org.apache.hadoop.mapred.JvmManager: JVM Runner jvm_201404140119_0001_m_2058590897 spawned.
2014-04-14 01:20:38,661 INFO org.apache.hadoop.mapred.TaskController: Writing commands to /tmp/hadoop/hadoop-mgrossman/mapred/local/ttprivate/taskTracker/mgrossman/jobcache/job_201404140119_0001/attempt_201404140119_0001_m_000001_0/taskjvm.sh
2014-04-14 01:20:38,665 INFO org.apache.hadoop.mapred.JvmManager: In JvmRunner constructed JVM ID: jvm_201404140119_0001_m_1854892798
2014-04-14 01:20:38,665 INFO org.apache.hadoop.mapred.JvmManager: JVM Runner jvm_201404140119_0001_m_1854892798 spawned.
2014-04-14 01:20:38,671 INFO org.apache.hadoop.mapred.TaskController: Writing commands to /tmp/hadoop/hadoop-mgrossman/mapred/local/ttprivate/taskTracker/mgrossman/jobcache/job_201404140119_0001/attempt_201404140119_0001_m_000000_0/taskjvm.sh
2014-04-14 01:20:38,671 INFO org.apache.hadoop.mapred.JvmManager: In JvmRunner constructed JVM ID: jvm_201404140119_0001_m_1433656792
2014-04-14 01:20:38,672 INFO org.apache.hadoop.mapred.JvmManager: JVM Runner jvm_201404140119_0001_m_1433656792 spawned.
2014-04-14 01:20:38,673 INFO org.apache.hadoop.mapred.TaskController: Writing commands to /tmp/hadoop/hadoop-mgrossman/mapred/local/ttprivate/taskTracker/mgrossman/jobcache/job_201404140119_0001/attempt_201404140119_0001_m_000003_0/taskjvm.sh
2014-04-14 01:20:38,687 INFO org.apache.hadoop.mapred.TaskController: Writing commands to /tmp/hadoop/hadoop-mgrossman/mapred/local/ttprivate/taskTracker/mgrossman/jobcache/job_201404140119_0001/attempt_201404140119_0001_m_000002_0/taskjvm.sh
2014-04-14 01:20:38,746 INFO org.apache.hadoop.io.nativeio.NativeIO: Initialized cache for UID to User mapping with a cache timeout of 14400 seconds.
2014-04-14 01:20:38,752 INFO org.apache.hadoop.io.nativeio.NativeIO: Got UserName mgrossman for UID 1007 from the native implementation
2014-04-14 01:20:40,163 INFO org.apache.hadoop.mapred.TaskTracker: JVM with ID: jvm_201404140119_0001_m_2058590897 given task: attempt_201404140119_0001_m_000003_0
2014-04-14 01:20:40,174 INFO org.apache.hadoop.mapred.TaskTracker: JVM with ID: jvm_201404140119_0001_m_1433656792 given task: attempt_201404140119_0001_m_000002_0
2014-04-14 01:20:40,175 INFO org.apache.hadoop.mapred.TaskTracker: JVM with ID: jvm_201404140119_0001_m_989085120 given task: attempt_201404140119_0001_m_000001_0
2014-04-14 01:20:40,194 INFO org.apache.hadoop.mapred.TaskTracker: JVM with ID: jvm_201404140119_0001_m_1854892798 given task: attempt_201404140119_0001_m_000000_0
2014-04-14 01:20:48,115 INFO org.apache.hadoop.mapred.TaskTracker: attempt_201404140119_0001_m_000000_0 0.5298963% 
2014-04-14 01:20:48,301 INFO org.apache.hadoop.mapred.TaskTracker: attempt_201404140119_0001_m_000003_0 0.49508077% 
2014-04-14 01:20:48,361 INFO org.apache.hadoop.mapred.TaskTracker: attempt_201404140119_0001_m_000001_0 0.3890543% 
2014-04-14 01:20:48,516 INFO org.apache.hadoop.mapred.TaskTracker: attempt_201404140119_0001_m_000002_0 0.5028917% 
2014-04-14 01:20:51,155 INFO org.apache.hadoop.mapred.TaskTracker: attempt_201404140119_0001_m_000000_0 1.0% 
2014-04-14 01:20:51,360 INFO org.apache.hadoop.mapred.TaskTracker: attempt_201404140119_0001_m_000003_0 1.0% 
2014-04-14 01:20:51,397 INFO org.apache.hadoop.mapred.TaskTracker: attempt_201404140119_0001_m_000001_0 1.0% 
2014-04-14 01:20:51,564 INFO org.apache.hadoop.mapred.TaskTracker: attempt_201404140119_0001_m_000002_0 1.0% 
2014-04-14 01:20:54,200 INFO org.apache.hadoop.mapred.TaskTracker: attempt_201404140119_0001_m_000000_0 1.0% 
2014-04-14 01:20:54,402 INFO org.apache.hadoop.mapred.TaskTracker: attempt_201404140119_0001_m_000003_0 1.0% 
2014-04-14 01:20:54,434 INFO org.apache.hadoop.mapred.TaskTracker: attempt_201404140119_0001_m_000001_0 1.0% 
2014-04-14 01:20:54,605 INFO org.apache.hadoop.mapred.TaskTracker: attempt_201404140119_0001_m_000002_0 1.0% 
2014-04-14 01:20:57,244 INFO org.apache.hadoop.mapred.TaskTracker: attempt_201404140119_0001_m_000000_0 1.0% 
2014-04-14 01:20:57,476 INFO org.apache.hadoop.mapred.TaskTracker: attempt_201404140119_0001_m_000001_0 1.0% 
2014-04-14 01:21:00,293 INFO org.apache.hadoop.mapred.TaskTracker: attempt_201404140119_0001_m_000000_0 1.0% 
2014-04-14 01:21:00,650 INFO org.apache.hadoop.mapred.TaskTracker: attempt_201404140119_0001_m_000002_0 1.0% 
2014-04-14 01:21:03,447 INFO org.apache.hadoop.mapred.TaskTracker: attempt_201404140119_0001_m_000003_0 1.0% 
2014-04-14 01:21:06,336 INFO org.apache.hadoop.mapred.TaskTracker: attempt_201404140119_0001_m_000000_0 1.0% 
2014-04-14 01:21:06,524 INFO org.apache.hadoop.mapred.TaskTracker: attempt_201404140119_0001_m_000001_0 1.0% 
2014-04-14 01:21:08,673 INFO org.apache.hadoop.mapred.TaskTracker: Task attempt_201404140119_0001_m_000001_0 is in commit-pending, task state:COMMIT_PENDING
2014-04-14 01:21:08,674 INFO org.apache.hadoop.mapred.TaskTracker: attempt_201404140119_0001_m_000001_0 1.0% 
2014-04-14 01:21:08,706 INFO org.apache.hadoop.mapred.TaskTracker: LaunchTaskAction (registerTask): attempt_201404140119_0001_m_000004_0 task's state:UNASSIGNED
2014-04-14 01:21:08,707 INFO org.apache.hadoop.mapred.TaskTracker: Received commit task action for attempt_201404140119_0001_m_000001_0
2014-04-14 01:21:08,707 INFO org.apache.hadoop.mapred.TaskTracker: Trying to launch : attempt_201404140119_0001_m_000004_0 which needs 1 slots
2014-04-14 01:21:08,707 INFO org.apache.hadoop.mapred.TaskTracker: TaskLauncher : Waiting for 1 to launch attempt_201404140119_0001_m_000004_0, currently we have 0 free slots
2014-04-14 01:21:09,101 INFO org.apache.hadoop.mapred.TaskTracker: Task attempt_201404140119_0001_m_000000_0 is in commit-pending, task state:COMMIT_PENDING
2014-04-14 01:21:09,101 INFO org.apache.hadoop.mapred.TaskTracker: attempt_201404140119_0001_m_000000_0 1.0% 
2014-04-14 01:21:09,369 INFO org.apache.hadoop.mapred.TaskTracker: attempt_201404140119_0001_m_000000_0 1.0% 
2014-04-14 01:21:09,567 INFO org.apache.hadoop.mapred.TaskTracker: Task attempt_201404140119_0001_m_000002_0 is in commit-pending, task state:COMMIT_PENDING
2014-04-14 01:21:09,567 INFO org.apache.hadoop.mapred.TaskTracker: attempt_201404140119_0001_m_000002_0 1.0% 
2014-04-14 01:21:09,688 INFO org.apache.hadoop.mapred.TaskTracker: attempt_201404140119_0001_m_000002_0 1.0% 
2014-04-14 01:21:09,956 INFO org.apache.hadoop.mapred.TaskTracker: Task attempt_201404140119_0001_m_000003_0 is in commit-pending, task state:COMMIT_PENDING
2014-04-14 01:21:09,956 INFO org.apache.hadoop.mapred.TaskTracker: attempt_201404140119_0001_m_000003_0 1.0% 
2014-04-14 01:21:11,740 INFO org.apache.hadoop.mapred.TaskTracker: LaunchTaskAction (registerTask): attempt_201404140119_0001_m_000005_0 task's state:UNASSIGNED
2014-04-14 01:21:11,741 INFO org.apache.hadoop.mapred.TaskTracker: LaunchTaskAction (registerTask): attempt_201404140119_0001_m_000006_0 task's state:UNASSIGNED
2014-04-14 01:21:11,741 INFO org.apache.hadoop.mapred.TaskTracker: LaunchTaskAction (registerTask): attempt_201404140119_0001_m_000007_0 task's state:UNASSIGNED
2014-04-14 01:21:11,741 INFO org.apache.hadoop.mapred.TaskTracker: Received commit task action for attempt_201404140119_0001_m_000000_0
2014-04-14 01:21:11,741 INFO org.apache.hadoop.mapred.TaskTracker: Received commit task action for attempt_201404140119_0001_m_000002_0
2014-04-14 01:21:11,741 INFO org.apache.hadoop.mapred.TaskTracker: Received commit task action for attempt_201404140119_0001_m_000003_0
2014-04-14 01:21:12,400 INFO org.apache.hadoop.mapred.TaskTracker: attempt_201404140119_0001_m_000000_0 1.0% 
2014-04-14 01:21:12,406 INFO org.apache.hadoop.mapred.TaskTracker: attempt_201404140119_0001_m_000000_0 1.0% 
2014-04-14 01:21:12,409 INFO org.apache.hadoop.mapred.TaskTracker: Task attempt_201404140119_0001_m_000000_0 is done.
2014-04-14 01:21:12,410 INFO org.apache.hadoop.mapred.TaskTracker: reported output size for attempt_201404140119_0001_m_000000_0  was -1
2014-04-14 01:21:12,411 INFO org.apache.hadoop.mapred.TaskTracker: addFreeSlot : current free slots : 1
2014-04-14 01:21:12,411 INFO org.apache.hadoop.mapred.TaskTracker: In TaskLauncher, current free slots : 1 and trying to launch attempt_201404140119_0001_m_000004_0 which needs 1 slots
2014-04-14 01:21:12,413 INFO org.apache.hadoop.mapred.TaskTracker: Trying to launch : attempt_201404140119_0001_m_000005_0 which needs 1 slots
2014-04-14 01:21:12,413 INFO org.apache.hadoop.mapred.TaskTracker: TaskLauncher : Waiting for 1 to launch attempt_201404140119_0001_m_000005_0, currently we have 0 free slots
2014-04-14 01:21:12,424 INFO org.apache.hadoop.mapred.JvmManager: Killing JVM: jvm_201404140119_0001_m_1854892798
2014-04-14 01:21:12,431 INFO org.apache.hadoop.mapred.JvmManager: In JvmRunner constructed JVM ID: jvm_201404140119_0001_m_596731201
2014-04-14 01:21:12,431 INFO org.apache.hadoop.mapred.JvmManager: JVM Runner jvm_201404140119_0001_m_596731201 spawned.
2014-04-14 01:21:12,434 INFO org.apache.hadoop.mapred.TaskController: Writing commands to /tmp/hadoop/hadoop-mgrossman/mapred/local/ttprivate/taskTracker/mgrossman/jobcache/job_201404140119_0001/attempt_201404140119_0001_m_000004_0/taskjvm.sh
2014-04-14 01:21:12,490 INFO org.apache.hadoop.mapred.TaskTracker: attempt_201404140119_0001_m_000003_0 1.0% 
2014-04-14 01:21:12,493 INFO org.apache.hadoop.mapred.TaskTracker: attempt_201404140119_0001_m_000003_0 1.0% 
2014-04-14 01:21:12,495 INFO org.apache.hadoop.mapred.TaskTracker: Task attempt_201404140119_0001_m_000003_0 is done.
2014-04-14 01:21:12,496 INFO org.apache.hadoop.mapred.TaskTracker: reported output size for attempt_201404140119_0001_m_000003_0  was -1
2014-04-14 01:21:12,497 INFO org.apache.hadoop.mapred.TaskTracker: addFreeSlot : current free slots : 1
2014-04-14 01:21:12,498 INFO org.apache.hadoop.mapred.TaskTracker: In TaskLauncher, current free slots : 1 and trying to launch attempt_201404140119_0001_m_000005_0 which needs 1 slots
2014-04-14 01:21:12,498 INFO org.apache.hadoop.mapred.TaskTracker: Trying to launch : attempt_201404140119_0001_m_000006_0 which needs 1 slots
2014-04-14 01:21:12,498 INFO org.apache.hadoop.mapred.TaskTracker: TaskLauncher : Waiting for 1 to launch attempt_201404140119_0001_m_000006_0, currently we have 0 free slots
2014-04-14 01:21:12,507 INFO org.apache.hadoop.mapred.JvmManager: Killing JVM: jvm_201404140119_0001_m_2058590897
2014-04-14 01:21:12,510 INFO org.apache.hadoop.mapred.JvmManager: In JvmRunner constructed JVM ID: jvm_201404140119_0001_m_384977198
2014-04-14 01:21:12,510 INFO org.apache.hadoop.mapred.JvmManager: JVM Runner jvm_201404140119_0001_m_384977198 spawned.
2014-04-14 01:21:12,512 INFO org.apache.hadoop.mapred.TaskController: Writing commands to /tmp/hadoop/hadoop-mgrossman/mapred/local/ttprivate/taskTracker/mgrossman/jobcache/job_201404140119_0001/attempt_201404140119_0001_m_000005_0/taskjvm.sh
2014-04-14 01:21:12,552 INFO org.apache.hadoop.mapred.TaskTracker: attempt_201404140119_0001_m_000001_0 1.0% 
2014-04-14 01:21:12,555 INFO org.apache.hadoop.mapred.TaskTracker: attempt_201404140119_0001_m_000001_0 1.0% 
2014-04-14 01:21:12,557 INFO org.apache.hadoop.mapred.TaskTracker: Task attempt_201404140119_0001_m_000001_0 is done.
2014-04-14 01:21:12,558 INFO org.apache.hadoop.mapred.TaskTracker: reported output size for attempt_201404140119_0001_m_000001_0  was -1
2014-04-14 01:21:12,558 INFO org.apache.hadoop.mapred.TaskTracker: addFreeSlot : current free slots : 1
2014-04-14 01:21:12,558 INFO org.apache.hadoop.mapred.TaskTracker: In TaskLauncher, current free slots : 1 and trying to launch attempt_201404140119_0001_m_000006_0 which needs 1 slots
2014-04-14 01:21:12,561 INFO org.apache.hadoop.mapred.TaskTracker: Trying to launch : attempt_201404140119_0001_m_000007_0 which needs 1 slots
2014-04-14 01:21:12,562 INFO org.apache.hadoop.mapred.TaskTracker: TaskLauncher : Waiting for 1 to launch attempt_201404140119_0001_m_000007_0, currently we have 0 free slots
2014-04-14 01:21:12,578 INFO org.apache.hadoop.mapred.JvmManager: Killing JVM: jvm_201404140119_0001_m_989085120
2014-04-14 01:21:12,590 INFO org.apache.hadoop.mapred.JvmManager: In JvmRunner constructed JVM ID: jvm_201404140119_0001_m_469294836
2014-04-14 01:21:12,590 INFO org.apache.hadoop.mapred.JvmManager: JVM Runner jvm_201404140119_0001_m_469294836 spawned.
2014-04-14 01:21:12,592 INFO org.apache.hadoop.mapred.TaskController: Writing commands to /tmp/hadoop/hadoop-mgrossman/mapred/local/ttprivate/taskTracker/mgrossman/jobcache/job_201404140119_0001/attempt_201404140119_0001_m_000006_0/taskjvm.sh
2014-04-14 01:21:12,748 INFO org.apache.hadoop.mapred.TaskTracker: attempt_201404140119_0001_m_000002_0 1.0% 
2014-04-14 01:21:12,762 INFO org.apache.hadoop.mapred.TaskTracker: attempt_201404140119_0001_m_000002_0 1.0% 
2014-04-14 01:21:12,764 INFO org.apache.hadoop.mapred.JvmManager: JVM : jvm_201404140119_0001_m_1854892798 exited with exit code 0. Number of tasks it ran: 1
2014-04-14 01:21:12,766 INFO org.apache.hadoop.mapred.TaskTracker: Task attempt_201404140119_0001_m_000002_0 is done.
2014-04-14 01:21:12,766 INFO org.apache.hadoop.mapred.TaskTracker: reported output size for attempt_201404140119_0001_m_000002_0  was -1
2014-04-14 01:21:12,767 INFO org.apache.hadoop.mapred.TaskTracker: addFreeSlot : current free slots : 1
2014-04-14 01:21:12,767 INFO org.apache.hadoop.mapred.TaskTracker: In TaskLauncher, current free slots : 1 and trying to launch attempt_201404140119_0001_m_000007_0 which needs 1 slots
2014-04-14 01:21:12,812 INFO org.apache.hadoop.mapred.JvmManager: JVM : jvm_201404140119_0001_m_989085120 exited with exit code 0. Number of tasks it ran: 1
2014-04-14 01:21:12,834 INFO org.apache.hadoop.mapred.JvmManager: Killing JVM: jvm_201404140119_0001_m_1433656792
2014-04-14 01:21:12,859 INFO org.apache.hadoop.mapred.JvmManager: In JvmRunner constructed JVM ID: jvm_201404140119_0001_m_2015351459
2014-04-14 01:21:12,859 INFO org.apache.hadoop.mapred.JvmManager: JVM Runner jvm_201404140119_0001_m_2015351459 spawned.
2014-04-14 01:21:12,859 INFO org.apache.hadoop.mapred.JvmManager: JVM : jvm_201404140119_0001_m_2058590897 exited with exit code 0. Number of tasks it ran: 1
2014-04-14 01:21:12,862 INFO org.apache.hadoop.mapred.TaskController: Writing commands to /tmp/hadoop/hadoop-mgrossman/mapred/local/ttprivate/taskTracker/mgrossman/jobcache/job_201404140119_0001/attempt_201404140119_0001_m_000007_0/taskjvm.sh
2014-04-14 01:21:13,081 INFO org.apache.hadoop.mapred.JvmManager: JVM : jvm_201404140119_0001_m_1433656792 exited with exit code 0. Number of tasks it ran: 1
2014-04-14 01:21:13,871 INFO org.apache.hadoop.mapred.TaskTracker: JVM with ID: jvm_201404140119_0001_m_596731201 given task: attempt_201404140119_0001_m_000004_0
2014-04-14 01:21:14,044 INFO org.apache.hadoop.mapred.TaskTracker: JVM with ID: jvm_201404140119_0001_m_384977198 given task: attempt_201404140119_0001_m_000005_0
2014-04-14 01:21:14,277 INFO org.apache.hadoop.mapred.TaskTracker: JVM with ID: jvm_201404140119_0001_m_469294836 given task: attempt_201404140119_0001_m_000006_0
2014-04-14 01:21:14,536 INFO org.apache.hadoop.mapred.TaskTracker: JVM with ID: jvm_201404140119_0001_m_2015351459 given task: attempt_201404140119_0001_m_000007_0
2014-04-14 01:21:21,661 INFO org.apache.hadoop.mapred.TaskTracker: attempt_201404140119_0001_m_000004_0 0.5175131% 
2014-04-14 01:21:21,689 INFO org.apache.hadoop.mapred.TaskTracker: attempt_201404140119_0001_m_000005_0 0.4821711% 
2014-04-14 01:21:21,902 INFO org.apache.hadoop.mapred.TaskTracker: attempt_201404140119_0001_m_000006_0 0.48453918% 
2014-04-14 01:21:22,006 INFO org.apache.hadoop.mapred.TaskTracker: attempt_201404140119_0001_m_000007_0 0.54012036% 
2014-04-14 01:21:24,704 INFO org.apache.hadoop.mapred.TaskTracker: attempt_201404140119_0001_m_000004_0 1.0% 
2014-04-14 01:21:24,736 INFO org.apache.hadoop.mapred.TaskTracker: attempt_201404140119_0001_m_000005_0 1.0% 
2014-04-14 01:21:24,944 INFO org.apache.hadoop.mapred.TaskTracker: attempt_201404140119_0001_m_000006_0 1.0% 
2014-04-14 01:21:25,048 INFO org.apache.hadoop.mapred.TaskTracker: attempt_201404140119_0001_m_000007_0 1.0% 
2014-04-14 01:21:27,741 INFO org.apache.hadoop.mapred.TaskTracker: attempt_201404140119_0001_m_000004_0 1.0% 
2014-04-14 01:21:27,775 INFO org.apache.hadoop.mapred.TaskTracker: attempt_201404140119_0001_m_000005_0 1.0% 
2014-04-14 01:21:27,986 INFO org.apache.hadoop.mapred.TaskTracker: attempt_201404140119_0001_m_000006_0 1.0% 
2014-04-14 01:21:28,089 INFO org.apache.hadoop.mapred.TaskTracker: attempt_201404140119_0001_m_000007_0 1.0% 
2014-04-14 01:21:30,776 INFO org.apache.hadoop.mapred.TaskTracker: attempt_201404140119_0001_m_000004_0 1.0% 
2014-04-14 01:21:30,813 INFO org.apache.hadoop.mapred.TaskTracker: attempt_201404140119_0001_m_000005_0 1.0% 
2014-04-14 01:21:34,130 INFO org.apache.hadoop.mapred.TaskTracker: attempt_201404140119_0001_m_000007_0 1.0% 
2014-04-14 01:21:36,819 INFO org.apache.hadoop.mapred.TaskTracker: attempt_201404140119_0001_m_000004_0 1.0% 
2014-04-14 01:21:37,028 INFO org.apache.hadoop.mapred.TaskTracker: attempt_201404140119_0001_m_000006_0 1.0% 
2014-04-14 01:21:39,857 INFO org.apache.hadoop.mapred.TaskTracker: attempt_201404140119_0001_m_000005_0 1.0% 
2014-04-14 01:21:41,237 INFO org.apache.hadoop.mapred.TaskTracker: Task attempt_201404140119_0001_m_000004_0 is in commit-pending, task state:COMMIT_PENDING
2014-04-14 01:21:41,238 INFO org.apache.hadoop.mapred.TaskTracker: attempt_201404140119_0001_m_000004_0 1.0% 
2014-04-14 01:21:41,766 INFO org.apache.hadoop.mapred.TaskTracker: Task attempt_201404140119_0001_m_000005_0 is in commit-pending, task state:COMMIT_PENDING
2014-04-14 01:21:41,767 INFO org.apache.hadoop.mapred.TaskTracker: attempt_201404140119_0001_m_000005_0 1.0% 
2014-04-14 01:21:41,863 INFO org.apache.hadoop.mapred.TaskTracker: LaunchTaskAction (registerTask): attempt_201404140119_0001_m_000008_0 task's state:UNASSIGNED
2014-04-14 01:21:41,863 INFO org.apache.hadoop.mapred.TaskTracker: LaunchTaskAction (registerTask): attempt_201404140119_0001_m_000009_0 task's state:UNASSIGNED
2014-04-14 01:21:41,864 INFO org.apache.hadoop.mapred.TaskTracker: Received commit task action for attempt_201404140119_0001_m_000004_0
2014-04-14 01:21:41,864 INFO org.apache.hadoop.mapred.TaskTracker: Trying to launch : attempt_201404140119_0001_m_000008_0 which needs 1 slots
2014-04-14 01:21:41,864 INFO org.apache.hadoop.mapred.TaskTracker: Received commit task action for attempt_201404140119_0001_m_000005_0
2014-04-14 01:21:41,864 INFO org.apache.hadoop.mapred.TaskTracker: TaskLauncher : Waiting for 1 to launch attempt_201404140119_0001_m_000008_0, currently we have 0 free slots
2014-04-14 01:21:42,277 INFO org.apache.hadoop.mapred.TaskTracker: Task attempt_201404140119_0001_m_000007_0 is in commit-pending, task state:COMMIT_PENDING
2014-04-14 01:21:42,277 INFO org.apache.hadoop.mapred.TaskTracker: attempt_201404140119_0001_m_000007_0 1.0% 
2014-04-14 01:21:42,740 INFO org.apache.hadoop.mapred.TaskTracker: Task attempt_201404140119_0001_m_000006_0 is in commit-pending, task state:COMMIT_PENDING
2014-04-14 01:21:42,741 INFO org.apache.hadoop.mapred.TaskTracker: attempt_201404140119_0001_m_000006_0 1.0% 
2014-04-14 01:21:42,829 INFO org.apache.hadoop.mapred.TaskTracker: attempt_201404140119_0001_m_000004_0 1.0% 
2014-04-14 01:21:42,833 INFO org.apache.hadoop.mapred.TaskTracker: Task attempt_201404140119_0001_m_000004_0 is done.
2014-04-14 01:21:42,833 INFO org.apache.hadoop.mapred.TaskTracker: reported output size for attempt_201404140119_0001_m_000004_0  was -1
2014-04-14 01:21:42,834 INFO org.apache.hadoop.mapred.TaskTracker: addFreeSlot : current free slots : 1
2014-04-14 01:21:42,834 INFO org.apache.hadoop.mapred.TaskTracker: In TaskLauncher, current free slots : 1 and trying to launch attempt_201404140119_0001_m_000008_0 which needs 1 slots
2014-04-14 01:21:42,835 INFO org.apache.hadoop.mapred.TaskTracker: Trying to launch : attempt_201404140119_0001_m_000009_0 which needs 1 slots
2014-04-14 01:21:42,835 INFO org.apache.hadoop.mapred.TaskTracker: TaskLauncher : Waiting for 1 to launch attempt_201404140119_0001_m_000009_0, currently we have 0 free slots
2014-04-14 01:21:42,849 INFO org.apache.hadoop.mapred.JvmManager: Killing JVM: jvm_201404140119_0001_m_596731201
2014-04-14 01:21:42,853 INFO org.apache.hadoop.mapred.JvmManager: In JvmRunner constructed JVM ID: jvm_201404140119_0001_m_860573382
2014-04-14 01:21:42,853 INFO org.apache.hadoop.mapred.JvmManager: JVM Runner jvm_201404140119_0001_m_860573382 spawned.
2014-04-14 01:21:42,856 INFO org.apache.hadoop.mapred.TaskController: Writing commands to /tmp/hadoop/hadoop-mgrossman/mapred/local/ttprivate/taskTracker/mgrossman/jobcache/job_201404140119_0001/attempt_201404140119_0001_m_000008_0/taskjvm.sh
2014-04-14 01:21:42,863 INFO org.apache.hadoop.mapred.TaskTracker: attempt_201404140119_0001_m_000005_0 1.0% 
2014-04-14 01:21:42,866 INFO org.apache.hadoop.mapred.TaskTracker: Task attempt_201404140119_0001_m_000005_0 is done.
2014-04-14 01:21:42,867 INFO org.apache.hadoop.mapred.TaskTracker: reported output size for attempt_201404140119_0001_m_000005_0  was -1
2014-04-14 01:21:42,868 INFO org.apache.hadoop.mapred.TaskTracker: addFreeSlot : current free slots : 1
2014-04-14 01:21:42,868 INFO org.apache.hadoop.mapred.TaskTracker: In TaskLauncher, current free slots : 1 and trying to launch attempt_201404140119_0001_m_000009_0 which needs 1 slots
2014-04-14 01:21:42,881 INFO org.apache.hadoop.mapred.JvmManager: Killing JVM: jvm_201404140119_0001_m_384977198
2014-04-14 01:21:42,886 INFO org.apache.hadoop.mapred.JvmManager: In JvmRunner constructed JVM ID: jvm_201404140119_0001_m_1805036033
2014-04-14 01:21:42,887 INFO org.apache.hadoop.mapred.JvmManager: JVM Runner jvm_201404140119_0001_m_1805036033 spawned.
2014-04-14 01:21:42,890 INFO org.apache.hadoop.mapred.TaskController: Writing commands to /tmp/hadoop/hadoop-mgrossman/mapred/local/ttprivate/taskTracker/mgrossman/jobcache/job_201404140119_0001/attempt_201404140119_0001_m_000009_0/taskjvm.sh
2014-04-14 01:21:43,059 INFO org.apache.hadoop.mapred.JvmManager: JVM : jvm_201404140119_0001_m_596731201 exited with exit code 0. Number of tasks it ran: 1
2014-04-14 01:21:43,178 INFO org.apache.hadoop.mapred.TaskTracker: attempt_201404140119_0001_m_000007_0 1.0% 
2014-04-14 01:21:43,189 INFO org.apache.hadoop.mapred.JvmManager: JVM : jvm_201404140119_0001_m_384977198 exited with exit code 0. Number of tasks it ran: 1
2014-04-14 01:21:43,880 INFO org.apache.hadoop.mapred.TaskTracker: JVM with ID: jvm_201404140119_0001_m_860573382 given task: attempt_201404140119_0001_m_000008_0
2014-04-14 01:21:43,887 INFO org.apache.hadoop.mapred.TaskTracker: JVM with ID: jvm_201404140119_0001_m_1805036033 given task: attempt_201404140119_0001_m_000009_0
2014-04-14 01:21:44,891 INFO org.apache.hadoop.mapred.TaskTracker: LaunchTaskAction (registerTask): attempt_201404140119_0001_m_000010_0 task's state:UNASSIGNED
2014-04-14 01:21:44,891 INFO org.apache.hadoop.mapred.TaskTracker: LaunchTaskAction (registerTask): attempt_201404140119_0001_m_000011_0 task's state:UNASSIGNED
2014-04-14 01:21:44,891 INFO org.apache.hadoop.mapred.TaskTracker: Received commit task action for attempt_201404140119_0001_m_000006_0
2014-04-14 01:21:44,891 INFO org.apache.hadoop.mapred.TaskTracker: Trying to launch : attempt_201404140119_0001_m_000010_0 which needs 1 slots
2014-04-14 01:21:44,891 INFO org.apache.hadoop.mapred.TaskTracker: Received commit task action for attempt_201404140119_0001_m_000007_0
2014-04-14 01:21:44,891 INFO org.apache.hadoop.mapred.TaskTracker: TaskLauncher : Waiting for 1 to launch attempt_201404140119_0001_m_000010_0, currently we have 0 free slots
2014-04-14 01:21:46,073 INFO org.apache.hadoop.mapred.TaskTracker: attempt_201404140119_0001_m_000006_0 1.0% 
2014-04-14 01:21:46,076 INFO org.apache.hadoop.mapred.TaskTracker: attempt_201404140119_0001_m_000006_0 1.0% 
2014-04-14 01:21:46,081 INFO org.apache.hadoop.mapred.TaskTracker: Task attempt_201404140119_0001_m_000006_0 is done.
2014-04-14 01:21:46,081 INFO org.apache.hadoop.mapred.TaskTracker: reported output size for attempt_201404140119_0001_m_000006_0  was -1
2014-04-14 01:21:46,082 INFO org.apache.hadoop.mapred.TaskTracker: addFreeSlot : current free slots : 1
2014-04-14 01:21:46,083 INFO org.apache.hadoop.mapred.TaskTracker: In TaskLauncher, current free slots : 1 and trying to launch attempt_201404140119_0001_m_000010_0 which needs 1 slots
2014-04-14 01:21:46,083 INFO org.apache.hadoop.mapred.TaskTracker: Trying to launch : attempt_201404140119_0001_m_000011_0 which needs 1 slots
2014-04-14 01:21:46,083 INFO org.apache.hadoop.mapred.TaskTracker: TaskLauncher : Waiting for 1 to launch attempt_201404140119_0001_m_000011_0, currently we have 0 free slots
2014-04-14 01:21:46,099 INFO org.apache.hadoop.mapred.JvmManager: Killing JVM: jvm_201404140119_0001_m_469294836
2014-04-14 01:21:46,108 INFO org.apache.hadoop.mapred.JvmManager: In JvmRunner constructed JVM ID: jvm_201404140119_0001_m_1830697451
2014-04-14 01:21:46,109 INFO org.apache.hadoop.mapred.JvmManager: JVM Runner jvm_201404140119_0001_m_1830697451 spawned.
2014-04-14 01:21:46,115 INFO org.apache.hadoop.mapred.TaskController: Writing commands to /tmp/hadoop/hadoop-mgrossman/mapred/local/ttprivate/taskTracker/mgrossman/jobcache/job_201404140119_0001/attempt_201404140119_0001_m_000010_0/taskjvm.sh
2014-04-14 01:21:46,215 INFO org.apache.hadoop.mapred.TaskTracker: attempt_201404140119_0001_m_000007_0 1.0% 
2014-04-14 01:21:46,218 INFO org.apache.hadoop.mapred.TaskTracker: attempt_201404140119_0001_m_000007_0 1.0% 
2014-04-14 01:21:46,219 INFO org.apache.hadoop.mapred.TaskTracker: Task attempt_201404140119_0001_m_000007_0 is done.
2014-04-14 01:21:46,220 INFO org.apache.hadoop.mapred.TaskTracker: reported output size for attempt_201404140119_0001_m_000007_0  was -1
2014-04-14 01:21:46,220 INFO org.apache.hadoop.mapred.TaskTracker: addFreeSlot : current free slots : 1
2014-04-14 01:21:46,222 INFO org.apache.hadoop.mapred.TaskTracker: In TaskLauncher, current free slots : 1 and trying to launch attempt_201404140119_0001_m_000011_0 which needs 1 slots
2014-04-14 01:21:46,248 INFO org.apache.hadoop.mapred.JvmManager: Killing JVM: jvm_201404140119_0001_m_2015351459
2014-04-14 01:21:46,259 INFO org.apache.hadoop.mapred.JvmManager: In JvmRunner constructed JVM ID: jvm_201404140119_0001_m_677111899
2014-04-14 01:21:46,259 INFO org.apache.hadoop.mapred.JvmManager: JVM Runner jvm_201404140119_0001_m_677111899 spawned.
2014-04-14 01:21:46,263 INFO org.apache.hadoop.mapred.TaskController: Writing commands to /tmp/hadoop/hadoop-mgrossman/mapred/local/ttprivate/taskTracker/mgrossman/jobcache/job_201404140119_0001/attempt_201404140119_0001_m_000011_0/taskjvm.sh
2014-04-14 01:21:46,406 INFO org.apache.hadoop.mapred.JvmManager: JVM : jvm_201404140119_0001_m_469294836 exited with exit code 0. Number of tasks it ran: 1
2014-04-14 01:21:46,508 INFO org.apache.hadoop.mapred.JvmManager: JVM : jvm_201404140119_0001_m_2015351459 exited with exit code 0. Number of tasks it ran: 1
2014-04-14 01:21:47,652 INFO org.apache.hadoop.mapred.TaskTracker: JVM with ID: jvm_201404140119_0001_m_1830697451 given task: attempt_201404140119_0001_m_000010_0
2014-04-14 01:21:47,952 INFO org.apache.hadoop.mapred.TaskTracker: JVM with ID: jvm_201404140119_0001_m_677111899 given task: attempt_201404140119_0001_m_000011_0
2014-04-14 01:21:50,704 INFO org.apache.hadoop.mapred.TaskTracker: attempt_201404140119_0001_m_000008_0 1.0% 
2014-04-14 01:21:50,773 INFO org.apache.hadoop.mapred.TaskTracker: attempt_201404140119_0001_m_000009_0 1.0% 
2014-04-14 01:21:53,801 INFO org.apache.hadoop.mapred.TaskTracker: attempt_201404140119_0001_m_000008_0 1.0% 
2014-04-14 01:21:53,935 INFO org.apache.hadoop.mapred.TaskTracker: attempt_201404140119_0001_m_000009_0 1.0% 
2014-04-14 01:21:56,851 INFO org.apache.hadoop.mapred.TaskTracker: attempt_201404140119_0001_m_000008_0 1.0% 
2014-04-14 01:21:56,975 INFO org.apache.hadoop.mapred.TaskTracker: attempt_201404140119_0001_m_000009_0 1.0% 
2014-04-14 01:21:58,350 INFO org.apache.hadoop.mapred.TaskTracker: attempt_201404140119_0001_m_000010_0 0.95430326% 
2014-04-14 01:21:58,441 INFO org.apache.hadoop.mapred.TaskTracker: Task attempt_201404140119_0001_m_000008_0 is in commit-pending, task state:COMMIT_PENDING
2014-04-14 01:21:58,441 INFO org.apache.hadoop.mapred.TaskTracker: attempt_201404140119_0001_m_000008_0 1.0% 
2014-04-14 01:21:58,560 INFO org.apache.hadoop.mapred.TaskTracker: attempt_201404140119_0001_m_000011_0 0.955294% 
2014-04-14 01:21:59,890 INFO org.apache.hadoop.mapred.TaskTracker: attempt_201404140119_0001_m_000008_0 1.0% 
2014-04-14 01:21:59,943 INFO org.apache.hadoop.mapred.TaskTracker: LaunchTaskAction (registerTask): attempt_201404140119_0001_m_000012_0 task's state:UNASSIGNED
2014-04-14 01:21:59,943 INFO org.apache.hadoop.mapred.TaskTracker: Received commit task action for attempt_201404140119_0001_m_000008_0
2014-04-14 01:21:59,943 INFO org.apache.hadoop.mapred.TaskTracker: Trying to launch : attempt_201404140119_0001_m_000012_0 which needs 1 slots
2014-04-14 01:21:59,944 INFO org.apache.hadoop.mapred.TaskTracker: TaskLauncher : Waiting for 1 to launch attempt_201404140119_0001_m_000012_0, currently we have 0 free slots
2014-04-14 01:22:00,019 INFO org.apache.hadoop.mapred.TaskTracker: attempt_201404140119_0001_m_000009_0 1.0% 
2014-04-14 01:22:01,389 INFO org.apache.hadoop.mapred.TaskTracker: attempt_201404140119_0001_m_000010_0 1.0% 
2014-04-14 01:22:01,599 INFO org.apache.hadoop.mapred.TaskTracker: attempt_201404140119_0001_m_000011_0 1.0% 
2014-04-14 01:22:02,929 INFO org.apache.hadoop.mapred.TaskTracker: attempt_201404140119_0001_m_000008_0 1.0% 
2014-04-14 01:22:02,935 INFO org.apache.hadoop.mapred.TaskTracker: attempt_201404140119_0001_m_000008_0 1.0% 
2014-04-14 01:22:02,937 INFO org.apache.hadoop.mapred.TaskTracker: Task attempt_201404140119_0001_m_000008_0 is done.
2014-04-14 01:22:02,937 INFO org.apache.hadoop.mapred.TaskTracker: reported output size for attempt_201404140119_0001_m_000008_0  was -1
2014-04-14 01:22:02,938 INFO org.apache.hadoop.mapred.TaskTracker: addFreeSlot : current free slots : 1
2014-04-14 01:22:02,938 INFO org.apache.hadoop.mapred.TaskTracker: In TaskLauncher, current free slots : 1 and trying to launch attempt_201404140119_0001_m_000012_0 which needs 1 slots
2014-04-14 01:22:02,949 INFO org.apache.hadoop.mapred.JvmManager: Killing JVM: jvm_201404140119_0001_m_860573382
2014-04-14 01:22:02,954 INFO org.apache.hadoop.mapred.JvmManager: In JvmRunner constructed JVM ID: jvm_201404140119_0001_m_1520615262
2014-04-14 01:22:02,954 INFO org.apache.hadoop.mapred.JvmManager: JVM Runner jvm_201404140119_0001_m_1520615262 spawned.
2014-04-14 01:22:02,958 INFO org.apache.hadoop.mapred.TaskController: Writing commands to /tmp/hadoop/hadoop-mgrossman/mapred/local/ttprivate/taskTracker/mgrossman/jobcache/job_201404140119_0001/attempt_201404140119_0001_m_000012_0/taskjvm.sh
2014-04-14 01:22:03,062 INFO org.apache.hadoop.mapred.TaskTracker: attempt_201404140119_0001_m_000009_0 1.0% 
2014-04-14 01:22:04,184 INFO org.apache.hadoop.mapred.TaskTracker: JVM with ID: jvm_201404140119_0001_m_1520615262 given task: attempt_201404140119_0001_m_000012_0
2014-04-14 01:22:04,421 INFO org.apache.hadoop.mapred.TaskTracker: attempt_201404140119_0001_m_000010_0 1.0% 
2014-04-14 01:22:04,633 INFO org.apache.hadoop.mapred.TaskTracker: attempt_201404140119_0001_m_000011_0 1.0% 
2014-04-14 01:22:07,468 INFO org.apache.hadoop.mapred.JvmManager: JVM : jvm_201404140119_0001_m_860573382 exited with exit code 0. Number of tasks it ran: 1
2014-04-14 01:22:07,708 INFO org.apache.hadoop.mapred.TaskTracker: attempt_201404140119_0001_m_000011_0 1.0% 
2014-04-14 01:22:07,728 INFO org.apache.hadoop.mapred.TaskTracker: Task attempt_201404140119_0001_m_000009_0 is in commit-pending, task state:COMMIT_PENDING
2014-04-14 01:22:07,729 INFO org.apache.hadoop.mapred.TaskTracker: attempt_201404140119_0001_m_000009_0 1.0% 
2014-04-14 01:22:08,218 INFO org.apache.hadoop.mapred.TaskTracker: Task attempt_201404140119_0001_m_000010_0 is in commit-pending, task state:COMMIT_PENDING
2014-04-14 01:22:08,219 INFO org.apache.hadoop.mapred.TaskTracker: attempt_201404140119_0001_m_000010_0 1.0% 
2014-04-14 01:22:08,621 INFO org.apache.hadoop.mapred.TaskTracker: Task attempt_201404140119_0001_m_000011_0 is in commit-pending, task state:COMMIT_PENDING
2014-04-14 01:22:08,621 INFO org.apache.hadoop.mapred.TaskTracker: attempt_201404140119_0001_m_000011_0 1.0% 
2014-04-14 01:22:08,980 INFO org.apache.hadoop.mapred.TaskTracker: LaunchTaskAction (registerTask): attempt_201404140119_0001_m_000013_0 task's state:UNASSIGNED
2014-04-14 01:22:08,980 INFO org.apache.hadoop.mapred.TaskTracker: LaunchTaskAction (registerTask): attempt_201404140119_0001_m_000014_0 task's state:UNASSIGNED
2014-04-14 01:22:08,980 INFO org.apache.hadoop.mapred.TaskTracker: LaunchTaskAction (registerTask): attempt_201404140119_0001_m_000015_0 task's state:UNASSIGNED
2014-04-14 01:22:08,980 INFO org.apache.hadoop.mapred.TaskTracker: Trying to launch : attempt_201404140119_0001_m_000013_0 which needs 1 slots
2014-04-14 01:22:08,980 INFO org.apache.hadoop.mapred.TaskTracker: TaskLauncher : Waiting for 1 to launch attempt_201404140119_0001_m_000013_0, currently we have 0 free slots
2014-04-14 01:22:08,980 INFO org.apache.hadoop.mapred.TaskTracker: Received commit task action for attempt_201404140119_0001_m_000009_0
2014-04-14 01:22:08,980 INFO org.apache.hadoop.mapred.TaskTracker: Received commit task action for attempt_201404140119_0001_m_000010_0
2014-04-14 01:22:08,980 INFO org.apache.hadoop.mapred.TaskTracker: Received commit task action for attempt_201404140119_0001_m_000011_0
2014-04-14 01:22:10,430 INFO org.apache.hadoop.mapred.TaskTracker: attempt_201404140119_0001_m_000010_0 1.0% 
2014-04-14 01:22:10,433 INFO org.apache.hadoop.mapred.TaskTracker: Task attempt_201404140119_0001_m_000010_0 is done.
2014-04-14 01:22:10,433 INFO org.apache.hadoop.mapred.TaskTracker: reported output size for attempt_201404140119_0001_m_000010_0  was -1
2014-04-14 01:22:10,434 INFO org.apache.hadoop.mapred.TaskTracker: addFreeSlot : current free slots : 1
2014-04-14 01:22:10,434 INFO org.apache.hadoop.mapred.TaskTracker: In TaskLauncher, current free slots : 1 and trying to launch attempt_201404140119_0001_m_000013_0 which needs 1 slots
2014-04-14 01:22:10,435 INFO org.apache.hadoop.mapred.TaskTracker: Trying to launch : attempt_201404140119_0001_m_000014_0 which needs 1 slots
2014-04-14 01:22:10,435 INFO org.apache.hadoop.mapred.TaskTracker: TaskLauncher : Waiting for 1 to launch attempt_201404140119_0001_m_000014_0, currently we have 0 free slots
2014-04-14 01:22:10,446 INFO org.apache.hadoop.mapred.JvmManager: Killing JVM: jvm_201404140119_0001_m_1830697451
2014-04-14 01:22:10,451 INFO org.apache.hadoop.mapred.JvmManager: In JvmRunner constructed JVM ID: jvm_201404140119_0001_m_377818466
2014-04-14 01:22:10,452 INFO org.apache.hadoop.mapred.JvmManager: JVM Runner jvm_201404140119_0001_m_377818466 spawned.
2014-04-14 01:22:10,455 INFO org.apache.hadoop.mapred.TaskController: Writing commands to /tmp/hadoop/hadoop-mgrossman/mapred/local/ttprivate/taskTracker/mgrossman/jobcache/job_201404140119_0001/attempt_201404140119_0001_m_000013_0/taskjvm.sh
2014-04-14 01:22:10,730 INFO org.apache.hadoop.mapred.TaskTracker: attempt_201404140119_0001_m_000011_0 1.0% 
2014-04-14 01:22:10,732 INFO org.apache.hadoop.mapred.TaskTracker: attempt_201404140119_0001_m_000011_0 1.0% 
2014-04-14 01:22:10,733 INFO org.apache.hadoop.mapred.TaskTracker: Task attempt_201404140119_0001_m_000011_0 is done.
2014-04-14 01:22:10,733 INFO org.apache.hadoop.mapred.TaskTracker: reported output size for attempt_201404140119_0001_m_000011_0  was -1
2014-04-14 01:22:10,738 INFO org.apache.hadoop.mapred.TaskTracker: addFreeSlot : current free slots : 1
2014-04-14 01:22:10,739 INFO org.apache.hadoop.mapred.TaskTracker: In TaskLauncher, current free slots : 1 and trying to launch attempt_201404140119_0001_m_000014_0 which needs 1 slots
2014-04-14 01:22:10,743 INFO org.apache.hadoop.mapred.TaskTracker: Trying to launch : attempt_201404140119_0001_m_000015_0 which needs 1 slots
2014-04-14 01:22:10,743 INFO org.apache.hadoop.mapred.TaskTracker: TaskLauncher : Waiting for 1 to launch attempt_201404140119_0001_m_000015_0, currently we have 0 free slots
2014-04-14 01:22:10,749 INFO org.apache.hadoop.mapred.JvmManager: Killing JVM: jvm_201404140119_0001_m_677111899
2014-04-14 01:22:10,752 INFO org.apache.hadoop.mapred.JvmManager: In JvmRunner constructed JVM ID: jvm_201404140119_0001_m_37084270
2014-04-14 01:22:10,752 INFO org.apache.hadoop.mapred.JvmManager: JVM Runner jvm_201404140119_0001_m_37084270 spawned.
2014-04-14 01:22:10,755 INFO org.apache.hadoop.mapred.TaskController: Writing commands to /tmp/hadoop/hadoop-mgrossman/mapred/local/ttprivate/taskTracker/mgrossman/jobcache/job_201404140119_0001/attempt_201404140119_0001_m_000014_0/taskjvm.sh
2014-04-14 01:22:11,066 INFO org.apache.hadoop.mapred.TaskTracker: attempt_201404140119_0001_m_000012_0 1.0% 
2014-04-14 01:22:11,533 INFO org.apache.hadoop.mapred.TaskTracker: JVM with ID: jvm_201404140119_0001_m_377818466 given task: attempt_201404140119_0001_m_000013_0
2014-04-14 01:22:11,905 INFO org.apache.hadoop.mapred.JvmManager: JVM : jvm_201404140119_0001_m_1830697451 exited with exit code 0. Number of tasks it ran: 1
2014-04-14 01:22:11,907 INFO org.apache.hadoop.mapred.JvmManager: JVM : jvm_201404140119_0001_m_677111899 exited with exit code 0. Number of tasks it ran: 1
2014-04-14 01:22:12,103 INFO org.apache.hadoop.mapred.TaskTracker: attempt_201404140119_0001_m_000009_0 1.0% 
2014-04-14 01:22:12,106 INFO org.apache.hadoop.mapred.TaskTracker: attempt_201404140119_0001_m_000009_0 1.0% 
2014-04-14 01:22:12,107 INFO org.apache.hadoop.mapred.TaskTracker: Task attempt_201404140119_0001_m_000009_0 is done.
2014-04-14 01:22:12,107 INFO org.apache.hadoop.mapred.TaskTracker: reported output size for attempt_201404140119_0001_m_000009_0  was -1
2014-04-14 01:22:12,108 INFO org.apache.hadoop.mapred.TaskTracker: addFreeSlot : current free slots : 1
2014-04-14 01:22:12,109 INFO org.apache.hadoop.mapred.TaskTracker: In TaskLauncher, current free slots : 1 and trying to launch attempt_201404140119_0001_m_000015_0 which needs 1 slots
2014-04-14 01:22:12,122 INFO org.apache.hadoop.mapred.JvmManager: Killing JVM: jvm_201404140119_0001_m_1805036033
2014-04-14 01:22:12,130 INFO org.apache.hadoop.mapred.JvmManager: In JvmRunner constructed JVM ID: jvm_201404140119_0001_m_2048950173
2014-04-14 01:22:12,131 INFO org.apache.hadoop.mapred.JvmManager: JVM Runner jvm_201404140119_0001_m_2048950173 spawned.
2014-04-14 01:22:12,132 INFO org.apache.hadoop.mapred.TaskController: Writing commands to /tmp/hadoop/hadoop-mgrossman/mapred/local/ttprivate/taskTracker/mgrossman/jobcache/job_201404140119_0001/attempt_201404140119_0001_m_000015_0/taskjvm.sh
2014-04-14 01:22:12,162 INFO org.apache.hadoop.mapred.TaskTracker: JVM with ID: jvm_201404140119_0001_m_37084270 given task: attempt_201404140119_0001_m_000014_0
2014-04-14 01:22:13,961 INFO org.apache.hadoop.mapred.TaskTracker: JVM with ID: jvm_201404140119_0001_m_2048950173 given task: attempt_201404140119_0001_m_000015_0
2014-04-14 01:22:14,140 INFO org.apache.hadoop.mapred.TaskTracker: attempt_201404140119_0001_m_000012_0 1.0% 
2014-04-14 01:22:14,172 INFO org.apache.hadoop.mapred.JvmManager: JVM : jvm_201404140119_0001_m_1805036033 exited with exit code 0. Number of tasks it ran: 1
2014-04-14 01:22:14,983 INFO org.apache.hadoop.mapred.TaskTracker: Task attempt_201404140119_0001_m_000012_0 is in commit-pending, task state:COMMIT_PENDING
2014-04-14 01:22:14,983 INFO org.apache.hadoop.mapred.TaskTracker: attempt_201404140119_0001_m_000012_0 1.0% 
2014-04-14 01:22:15,010 INFO org.apache.hadoop.mapred.TaskTracker: LaunchTaskAction (registerTask): attempt_201404140119_0001_m_000016_0 task's state:UNASSIGNED
2014-04-14 01:22:15,011 INFO org.apache.hadoop.mapred.TaskTracker: Received commit task action for attempt_201404140119_0001_m_000012_0
2014-04-14 01:22:15,011 INFO org.apache.hadoop.mapred.TaskTracker: Trying to launch : attempt_201404140119_0001_m_000016_0 which needs 1 slots
2014-04-14 01:22:15,011 INFO org.apache.hadoop.mapred.TaskTracker: TaskLauncher : Waiting for 1 to launch attempt_201404140119_0001_m_000016_0, currently we have 0 free slots
2014-04-14 01:22:17,181 INFO org.apache.hadoop.mapred.TaskTracker: attempt_201404140119_0001_m_000012_0 1.0% 
2014-04-14 01:22:17,187 INFO org.apache.hadoop.mapred.TaskTracker: attempt_201404140119_0001_m_000012_0 1.0% 
2014-04-14 01:22:17,189 INFO org.apache.hadoop.mapred.TaskTracker: Task attempt_201404140119_0001_m_000012_0 is done.
2014-04-14 01:22:17,190 INFO org.apache.hadoop.mapred.TaskTracker: reported output size for attempt_201404140119_0001_m_000012_0  was -1
2014-04-14 01:22:17,190 INFO org.apache.hadoop.mapred.TaskTracker: addFreeSlot : current free slots : 1
2014-04-14 01:22:17,190 INFO org.apache.hadoop.mapred.TaskTracker: In TaskLauncher, current free slots : 1 and trying to launch attempt_201404140119_0001_m_000016_0 which needs 1 slots
2014-04-14 01:22:17,243 INFO org.apache.hadoop.mapred.JvmManager: Killing JVM: jvm_201404140119_0001_m_1520615262
2014-04-14 01:22:17,286 INFO org.apache.hadoop.mapred.JvmManager: In JvmRunner constructed JVM ID: jvm_201404140119_0001_m_728684362
2014-04-14 01:22:17,286 INFO org.apache.hadoop.mapred.JvmManager: JVM Runner jvm_201404140119_0001_m_728684362 spawned.
2014-04-14 01:22:17,307 INFO org.apache.hadoop.mapred.TaskController: Writing commands to /tmp/hadoop/hadoop-mgrossman/mapred/local/ttprivate/taskTracker/mgrossman/jobcache/job_201404140119_0001/attempt_201404140119_0001_m_000016_0/taskjvm.sh
2014-04-14 01:22:17,618 INFO org.apache.hadoop.mapred.JvmManager: JVM : jvm_201404140119_0001_m_1520615262 exited with exit code 0. Number of tasks it ran: 1
2014-04-14 01:22:18,970 INFO org.apache.hadoop.mapred.TaskTracker: attempt_201404140119_0001_m_000013_0 0.4908444% 
2014-04-14 01:22:19,098 INFO org.apache.hadoop.mapred.TaskTracker: JVM with ID: jvm_201404140119_0001_m_728684362 given task: attempt_201404140119_0001_m_000016_0
2014-04-14 01:22:20,208 INFO org.apache.hadoop.mapred.TaskTracker: attempt_201404140119_0001_m_000014_0 0.9155864% 
2014-04-14 01:22:21,193 INFO org.apache.hadoop.mapred.TaskTracker: attempt_201404140119_0001_m_000015_0 1.0% 
2014-04-14 01:22:22,012 INFO org.apache.hadoop.mapred.TaskTracker: attempt_201404140119_0001_m_000013_0 1.0% 
2014-04-14 01:22:23,253 INFO org.apache.hadoop.mapred.TaskTracker: attempt_201404140119_0001_m_000014_0 1.0% 
2014-04-14 01:22:24,229 INFO org.apache.hadoop.mapred.TaskTracker: attempt_201404140119_0001_m_000015_0 1.0% 
2014-04-14 01:22:25,052 INFO org.apache.hadoop.mapred.TaskTracker: attempt_201404140119_0001_m_000013_0 1.0% 
2014-04-14 01:22:26,310 INFO org.apache.hadoop.mapred.TaskTracker: attempt_201404140119_0001_m_000014_0 1.0% 
2014-04-14 01:22:29,348 INFO org.apache.hadoop.mapred.TaskTracker: attempt_201404140119_0001_m_000014_0 1.0% 
2014-04-14 01:22:29,598 INFO org.apache.hadoop.mapred.TaskTracker: attempt_201404140119_0001_m_000016_0 1.0% 
2014-04-14 01:22:30,274 INFO org.apache.hadoop.mapred.TaskTracker: attempt_201404140119_0001_m_000015_0 1.0% 
2014-04-14 01:22:31,091 INFO org.apache.hadoop.mapred.TaskTracker: attempt_201404140119_0001_m_000013_0 1.0% 
2014-04-14 01:22:32,638 INFO org.apache.hadoop.mapred.TaskTracker: attempt_201404140119_0001_m_000016_0 1.0% 
2014-04-14 01:22:32,644 INFO org.apache.hadoop.mapred.TaskTracker: Task attempt_201404140119_0001_m_000015_0 is in commit-pending, task state:COMMIT_PENDING
2014-04-14 01:22:32,645 INFO org.apache.hadoop.mapred.TaskTracker: attempt_201404140119_0001_m_000015_0 1.0% 
2014-04-14 01:22:33,066 INFO org.apache.hadoop.mapred.TaskTracker: LaunchTaskAction (registerTask): attempt_201404140119_0001_m_000017_0 task's state:UNASSIGNED
2014-04-14 01:22:33,067 INFO org.apache.hadoop.mapred.TaskTracker: Received commit task action for attempt_201404140119_0001_m_000015_0
2014-04-14 01:22:33,067 INFO org.apache.hadoop.mapred.TaskTracker: Trying to launch : attempt_201404140119_0001_m_000017_0 which needs 1 slots
2014-04-14 01:22:33,067 INFO org.apache.hadoop.mapred.TaskTracker: TaskLauncher : Waiting for 1 to launch attempt_201404140119_0001_m_000017_0, currently we have 0 free slots
2014-04-14 01:22:33,312 INFO org.apache.hadoop.mapred.TaskTracker: attempt_201404140119_0001_m_000015_0 1.0% 
2014-04-14 01:22:35,404 INFO org.apache.hadoop.mapred.TaskTracker: attempt_201404140119_0001_m_000014_0 1.0% 
2014-04-14 01:22:35,406 INFO org.apache.hadoop.mapred.TaskTracker: Task attempt_201404140119_0001_m_000014_0 is in commit-pending, task state:COMMIT_PENDING
2014-04-14 01:22:35,406 INFO org.apache.hadoop.mapred.TaskTracker: attempt_201404140119_0001_m_000014_0 1.0% 
2014-04-14 01:22:35,759 INFO org.apache.hadoop.mapred.TaskTracker: Task attempt_201404140119_0001_m_000013_0 is in commit-pending, task state:COMMIT_PENDING
2014-04-14 01:22:35,759 INFO org.apache.hadoop.mapred.TaskTracker: attempt_201404140119_0001_m_000013_0 1.0% 
2014-04-14 01:22:36,086 INFO org.apache.hadoop.mapred.TaskTracker: LaunchTaskAction (registerTask): attempt_201404140119_0001_m_000018_0 task's state:UNASSIGNED
2014-04-14 01:22:36,086 INFO org.apache.hadoop.mapred.TaskTracker: LaunchTaskAction (registerTask): attempt_201404140119_0001_m_000019_0 task's state:UNASSIGNED
2014-04-14 01:22:36,086 INFO org.apache.hadoop.mapred.TaskTracker: Received commit task action for attempt_201404140119_0001_m_000013_0
2014-04-14 01:22:36,086 INFO org.apache.hadoop.mapred.TaskTracker: Received commit task action for attempt_201404140119_0001_m_000014_0
2014-04-14 01:22:36,346 INFO org.apache.hadoop.mapred.TaskTracker: attempt_201404140119_0001_m_000015_0 1.0% 
2014-04-14 01:22:36,351 INFO org.apache.hadoop.mapred.TaskTracker: attempt_201404140119_0001_m_000015_0 1.0% 
2014-04-14 01:22:36,354 INFO org.apache.hadoop.mapred.TaskTracker: Task attempt_201404140119_0001_m_000015_0 is done.
2014-04-14 01:22:36,354 INFO org.apache.hadoop.mapred.TaskTracker: reported output size for attempt_201404140119_0001_m_000015_0  was -1
2014-04-14 01:22:36,354 INFO org.apache.hadoop.mapred.TaskTracker: addFreeSlot : current free slots : 1
2014-04-14 01:22:36,355 INFO org.apache.hadoop.mapred.TaskTracker: In TaskLauncher, current free slots : 1 and trying to launch attempt_201404140119_0001_m_000017_0 which needs 1 slots
2014-04-14 01:22:36,355 INFO org.apache.hadoop.mapred.TaskTracker: Trying to launch : attempt_201404140119_0001_m_000018_0 which needs 1 slots
2014-04-14 01:22:36,355 INFO org.apache.hadoop.mapred.TaskTracker: TaskLauncher : Waiting for 1 to launch attempt_201404140119_0001_m_000018_0, currently we have 0 free slots
2014-04-14 01:22:36,366 INFO org.apache.hadoop.mapred.JvmManager: Killing JVM: jvm_201404140119_0001_m_2048950173
2014-04-14 01:22:36,369 INFO org.apache.hadoop.mapred.JvmManager: In JvmRunner constructed JVM ID: jvm_201404140119_0001_m_941793374
2014-04-14 01:22:36,369 INFO org.apache.hadoop.mapred.JvmManager: JVM Runner jvm_201404140119_0001_m_941793374 spawned.
2014-04-14 01:22:36,371 INFO org.apache.hadoop.mapred.TaskController: Writing commands to /tmp/hadoop/hadoop-mgrossman/mapred/local/ttprivate/taskTracker/mgrossman/jobcache/job_201404140119_0001/attempt_201404140119_0001_m_000017_0/taskjvm.sh
2014-04-14 01:22:37,135 INFO org.apache.hadoop.mapred.TaskTracker: attempt_201404140119_0001_m_000013_0 1.0% 
2014-04-14 01:22:37,145 INFO org.apache.hadoop.mapred.TaskTracker: attempt_201404140119_0001_m_000013_0 1.0% 
2014-04-14 01:22:37,147 INFO org.apache.hadoop.mapred.TaskTracker: Task attempt_201404140119_0001_m_000013_0 is done.
2014-04-14 01:22:37,147 INFO org.apache.hadoop.mapred.TaskTracker: reported output size for attempt_201404140119_0001_m_000013_0  was -1
2014-04-14 01:22:37,148 INFO org.apache.hadoop.mapred.TaskTracker: addFreeSlot : current free slots : 1
2014-04-14 01:22:37,148 INFO org.apache.hadoop.mapred.TaskTracker: In TaskLauncher, current free slots : 1 and trying to launch attempt_201404140119_0001_m_000018_0 which needs 1 slots
2014-04-14 01:22:37,148 INFO org.apache.hadoop.mapred.TaskTracker: Trying to launch : attempt_201404140119_0001_m_000019_0 which needs 1 slots
2014-04-14 01:22:37,148 INFO org.apache.hadoop.mapred.TaskTracker: TaskLauncher : Waiting for 1 to launch attempt_201404140119_0001_m_000019_0, currently we have 0 free slots
2014-04-14 01:22:37,179 INFO org.apache.hadoop.mapred.JvmManager: Killing JVM: jvm_201404140119_0001_m_377818466
2014-04-14 01:22:37,187 INFO org.apache.hadoop.mapred.JvmManager: In JvmRunner constructed JVM ID: jvm_201404140119_0001_m_1902049168
2014-04-14 01:22:37,188 INFO org.apache.hadoop.mapred.JvmManager: JVM Runner jvm_201404140119_0001_m_1902049168 spawned.
2014-04-14 01:22:37,190 INFO org.apache.hadoop.mapred.TaskController: Writing commands to /tmp/hadoop/hadoop-mgrossman/mapred/local/ttprivate/taskTracker/mgrossman/jobcache/job_201404140119_0001/attempt_201404140119_0001_m_000018_0/taskjvm.sh
2014-04-14 01:22:37,536 INFO org.apache.hadoop.mapred.TaskTracker: JVM with ID: jvm_201404140119_0001_m_941793374 given task: attempt_201404140119_0001_m_000017_0
2014-04-14 01:22:37,626 INFO org.apache.hadoop.mapred.JvmManager: JVM : jvm_201404140119_0001_m_2048950173 exited with exit code 0. Number of tasks it ran: 1
2014-04-14 01:22:37,628 INFO org.apache.hadoop.mapred.JvmManager: JVM : jvm_201404140119_0001_m_377818466 exited with exit code 0. Number of tasks it ran: 1
2014-04-14 01:22:38,309 INFO org.apache.hadoop.mapred.TaskTracker: Task attempt_201404140119_0001_m_000016_0 is in commit-pending, task state:COMMIT_PENDING
2014-04-14 01:22:38,309 INFO org.apache.hadoop.mapred.TaskTracker: attempt_201404140119_0001_m_000016_0 1.0% 
2014-04-14 01:22:38,427 INFO org.apache.hadoop.mapred.TaskTracker: attempt_201404140119_0001_m_000014_0 1.0% 
2014-04-14 01:22:38,432 INFO org.apache.hadoop.mapred.TaskTracker: attempt_201404140119_0001_m_000014_0 1.0% 
2014-04-14 01:22:38,433 INFO org.apache.hadoop.mapred.TaskTracker: Task attempt_201404140119_0001_m_000014_0 is done.
2014-04-14 01:22:38,433 INFO org.apache.hadoop.mapred.TaskTracker: reported output size for attempt_201404140119_0001_m_000014_0  was -1
2014-04-14 01:22:38,434 INFO org.apache.hadoop.mapred.TaskTracker: addFreeSlot : current free slots : 1
2014-04-14 01:22:38,435 INFO org.apache.hadoop.mapred.TaskTracker: In TaskLauncher, current free slots : 1 and trying to launch attempt_201404140119_0001_m_000019_0 which needs 1 slots
2014-04-14 01:22:38,452 INFO org.apache.hadoop.mapred.JvmManager: Killing JVM: jvm_201404140119_0001_m_37084270
2014-04-14 01:22:38,456 INFO org.apache.hadoop.mapred.JvmManager: In JvmRunner constructed JVM ID: jvm_201404140119_0001_m_448665306
2014-04-14 01:22:38,456 INFO org.apache.hadoop.mapred.JvmManager: JVM Runner jvm_201404140119_0001_m_448665306 spawned.
2014-04-14 01:22:38,458 INFO org.apache.hadoop.mapred.TaskController: Writing commands to /tmp/hadoop/hadoop-mgrossman/mapred/local/ttprivate/taskTracker/mgrossman/jobcache/job_201404140119_0001/attempt_201404140119_0001_m_000019_0/taskjvm.sh
2014-04-14 01:22:38,508 INFO org.apache.hadoop.mapred.TaskTracker: JVM with ID: jvm_201404140119_0001_m_1902049168 given task: attempt_201404140119_0001_m_000018_0
2014-04-14 01:22:38,670 INFO org.apache.hadoop.mapred.JvmManager: JVM : jvm_201404140119_0001_m_37084270 exited with exit code 0. Number of tasks it ran: 1
2014-04-14 01:22:38,685 INFO org.apache.hadoop.mapred.TaskTracker: attempt_201404140119_0001_m_000016_0 1.0% 
2014-04-14 01:22:39,105 INFO org.apache.hadoop.mapred.TaskTracker: Received commit task action for attempt_201404140119_0001_m_000016_0
2014-04-14 01:22:39,820 INFO org.apache.hadoop.mapred.TaskTracker: JVM with ID: jvm_201404140119_0001_m_448665306 given task: attempt_201404140119_0001_m_000019_0
2014-04-14 01:22:41,732 INFO org.apache.hadoop.mapred.TaskTracker: attempt_201404140119_0001_m_000016_0 1.0% 
2014-04-14 01:22:41,738 INFO org.apache.hadoop.mapred.TaskTracker: attempt_201404140119_0001_m_000016_0 1.0% 
2014-04-14 01:22:41,740 INFO org.apache.hadoop.mapred.TaskTracker: Task attempt_201404140119_0001_m_000016_0 is done.
2014-04-14 01:22:41,740 INFO org.apache.hadoop.mapred.TaskTracker: reported output size for attempt_201404140119_0001_m_000016_0  was -1
2014-04-14 01:22:41,741 INFO org.apache.hadoop.mapred.TaskTracker: addFreeSlot : current free slots : 1
2014-04-14 01:22:42,053 INFO org.apache.hadoop.mapred.JvmManager: JVM : jvm_201404140119_0001_m_728684362 exited with exit code 0. Number of tasks it ran: 1
2014-04-14 01:22:45,322 INFO org.apache.hadoop.mapred.TaskTracker: attempt_201404140119_0001_m_000017_0 1.0% 
2014-04-14 01:22:45,493 INFO org.apache.hadoop.mapred.TaskTracker: attempt_201404140119_0001_m_000018_0 1.0% 
2014-04-14 01:22:46,842 INFO org.apache.hadoop.mapred.TaskTracker: attempt_201404140119_0001_m_000019_0 1.0% 
2014-04-14 01:22:48,367 INFO org.apache.hadoop.mapred.TaskTracker: attempt_201404140119_0001_m_000017_0 1.0% 
2014-04-14 01:22:48,540 INFO org.apache.hadoop.mapred.TaskTracker: attempt_201404140119_0001_m_000018_0 1.0% 
2014-04-14 01:22:49,884 INFO org.apache.hadoop.mapred.TaskTracker: attempt_201404140119_0001_m_000019_0 1.0% 
2014-04-14 01:22:51,405 INFO org.apache.hadoop.mapred.TaskTracker: attempt_201404140119_0001_m_000017_0 1.0% 
2014-04-14 01:22:51,582 INFO org.apache.hadoop.mapred.TaskTracker: attempt_201404140119_0001_m_000018_0 1.0% 
2014-04-14 01:22:52,919 INFO org.apache.hadoop.mapred.TaskTracker: attempt_201404140119_0001_m_000019_0 1.0% 
2014-04-14 01:22:55,960 INFO org.apache.hadoop.mapred.TaskTracker: attempt_201404140119_0001_m_000019_0 1.0% 
2014-04-14 01:22:56,809 INFO org.apache.hadoop.mapred.TaskTracker: Task attempt_201404140119_0001_m_000017_0 is in commit-pending, task state:COMMIT_PENDING
2014-04-14 01:22:56,809 INFO org.apache.hadoop.mapred.TaskTracker: attempt_201404140119_0001_m_000017_0 1.0% 
2014-04-14 01:22:57,153 INFO org.apache.hadoop.mapred.TaskTracker: Received commit task action for attempt_201404140119_0001_m_000017_0
2014-04-14 01:22:57,312 INFO org.apache.hadoop.mapred.TaskTracker: Task attempt_201404140119_0001_m_000018_0 is in commit-pending, task state:COMMIT_PENDING
2014-04-14 01:22:57,312 INFO org.apache.hadoop.mapred.TaskTracker: attempt_201404140119_0001_m_000018_0 1.0% 
2014-04-14 01:22:57,448 INFO org.apache.hadoop.mapred.TaskTracker: attempt_201404140119_0001_m_000017_0 1.0% 
2014-04-14 01:22:57,633 INFO org.apache.hadoop.mapred.TaskTracker: attempt_201404140119_0001_m_000018_0 1.0% 
2014-04-14 01:22:57,769 INFO org.apache.hadoop.mapred.TaskTracker: Task attempt_201404140119_0001_m_000019_0 is in commit-pending, task state:COMMIT_PENDING
2014-04-14 01:22:57,769 INFO org.apache.hadoop.mapred.TaskTracker: attempt_201404140119_0001_m_000019_0 1.0% 
2014-04-14 01:23:00,166 INFO org.apache.hadoop.mapred.TaskTracker: Received commit task action for attempt_201404140119_0001_m_000018_0
2014-04-14 01:23:00,167 INFO org.apache.hadoop.mapred.TaskTracker: Received commit task action for attempt_201404140119_0001_m_000019_0
2014-04-14 01:23:00,481 INFO org.apache.hadoop.mapred.TaskTracker: attempt_201404140119_0001_m_000017_0 1.0% 
2014-04-14 01:23:00,486 INFO org.apache.hadoop.mapred.TaskTracker: attempt_201404140119_0001_m_000017_0 1.0% 
2014-04-14 01:23:00,488 INFO org.apache.hadoop.mapred.TaskTracker: Task attempt_201404140119_0001_m_000017_0 is done.
2014-04-14 01:23:00,488 INFO org.apache.hadoop.mapred.TaskTracker: reported output size for attempt_201404140119_0001_m_000017_0  was -1
2014-04-14 01:23:00,489 INFO org.apache.hadoop.mapred.TaskTracker: addFreeSlot : current free slots : 2
2014-04-14 01:23:00,666 INFO org.apache.hadoop.mapred.TaskTracker: attempt_201404140119_0001_m_000018_0 1.0% 
2014-04-14 01:23:00,671 INFO org.apache.hadoop.mapred.TaskTracker: attempt_201404140119_0001_m_000018_0 1.0% 
2014-04-14 01:23:00,672 INFO org.apache.hadoop.mapred.TaskTracker: Task attempt_201404140119_0001_m_000018_0 is done.
2014-04-14 01:23:00,672 INFO org.apache.hadoop.mapred.TaskTracker: reported output size for attempt_201404140119_0001_m_000018_0  was -1
2014-04-14 01:23:00,673 INFO org.apache.hadoop.mapred.TaskTracker: addFreeSlot : current free slots : 3
2014-04-14 01:23:00,839 INFO org.apache.hadoop.mapred.JvmManager: JVM : jvm_201404140119_0001_m_941793374 exited with exit code 0. Number of tasks it ran: 1
2014-04-14 01:23:00,986 INFO org.apache.hadoop.mapred.JvmManager: JVM : jvm_201404140119_0001_m_1902049168 exited with exit code 0. Number of tasks it ran: 1
2014-04-14 01:23:01,993 INFO org.apache.hadoop.mapred.TaskTracker: attempt_201404140119_0001_m_000019_0 1.0% 
2014-04-14 01:23:01,995 INFO org.apache.hadoop.mapred.TaskTracker: attempt_201404140119_0001_m_000019_0 1.0% 
2014-04-14 01:23:01,997 INFO org.apache.hadoop.mapred.TaskTracker: Task attempt_201404140119_0001_m_000019_0 is done.
2014-04-14 01:23:01,997 INFO org.apache.hadoop.mapred.TaskTracker: reported output size for attempt_201404140119_0001_m_000019_0  was -1
2014-04-14 01:23:01,998 INFO org.apache.hadoop.mapred.TaskTracker: addFreeSlot : current free slots : 4
2014-04-14 01:23:02,236 INFO org.apache.hadoop.mapred.JvmManager: JVM : jvm_201404140119_0001_m_448665306 exited with exit code 0. Number of tasks it ran: 1
2014-04-14 01:23:03,199 INFO org.apache.hadoop.mapred.TaskTracker: LaunchTaskAction (registerTask): attempt_201404140119_0001_m_000020_0 task's state:UNASSIGNED
2014-04-14 01:23:03,199 INFO org.apache.hadoop.mapred.TaskTracker: Trying to launch : attempt_201404140119_0001_m_000020_0 which needs 1 slots
2014-04-14 01:23:03,199 INFO org.apache.hadoop.mapred.TaskTracker: In TaskLauncher, current free slots : 4 and trying to launch attempt_201404140119_0001_m_000020_0 which needs 1 slots
2014-04-14 01:23:03,210 INFO org.apache.hadoop.mapred.JvmManager: In JvmRunner constructed JVM ID: jvm_201404140119_0001_m_1682625409
2014-04-14 01:23:03,210 INFO org.apache.hadoop.mapred.JvmManager: JVM Runner jvm_201404140119_0001_m_1682625409 spawned.
2014-04-14 01:23:03,214 INFO org.apache.hadoop.mapred.TaskController: Writing commands to /tmp/hadoop/hadoop-mgrossman/mapred/local/ttprivate/taskTracker/mgrossman/jobcache/job_201404140119_0001/attempt_201404140119_0001_m_000020_0/taskjvm.sh
2014-04-14 01:23:04,292 INFO org.apache.hadoop.mapred.TaskTracker: JVM with ID: jvm_201404140119_0001_m_1682625409 given task: attempt_201404140119_0001_m_000020_0
2014-04-14 01:23:05,114 INFO org.apache.hadoop.mapred.TaskTracker: attempt_201404140119_0001_m_000020_0 0.0% 
2014-04-14 01:23:07,998 INFO org.apache.hadoop.mapred.TaskTracker: attempt_201404140119_0001_m_000020_0 0.0% cleanup
2014-04-14 01:23:08,000 INFO org.apache.hadoop.mapred.TaskTracker: Task attempt_201404140119_0001_m_000020_0 is done.
2014-04-14 01:23:08,000 INFO org.apache.hadoop.mapred.TaskTracker: reported output size for attempt_201404140119_0001_m_000020_0  was -1
2014-04-14 01:23:08,001 INFO org.apache.hadoop.mapred.TaskTracker: addFreeSlot : current free slots : 4
2014-04-14 01:23:08,245 INFO org.apache.hadoop.mapred.JvmManager: JVM : jvm_201404140119_0001_m_1682625409 exited with exit code 0. Number of tasks it ran: 1
2014-04-14 01:23:09,296 INFO org.apache.hadoop.mapred.TaskTracker: Received 'KillJobAction' for job: job_201404140119_0001
2014-04-14 01:23:09,297 INFO org.apache.hadoop.mapred.IndexCache: Map ID attempt_201404140119_0001_m_000018_0 not found in cache
2014-04-14 01:23:09,297 INFO org.apache.hadoop.mapred.IndexCache: Map ID attempt_201404140119_0001_m_000004_0 not found in cache
2014-04-14 01:23:09,298 INFO org.apache.hadoop.mapred.IndexCache: Map ID attempt_201404140119_0001_m_000003_0 not found in cache
2014-04-14 01:23:09,298 INFO org.apache.hadoop.mapred.IndexCache: Map ID attempt_201404140119_0001_m_000010_0 not found in cache
2014-04-14 01:23:09,298 INFO org.apache.hadoop.mapred.IndexCache: Map ID attempt_201404140119_0001_m_000012_0 not found in cache
2014-04-14 01:23:09,299 INFO org.apache.hadoop.mapred.IndexCache: Map ID attempt_201404140119_0001_m_000006_0 not found in cache
2014-04-14 01:23:09,299 INFO org.apache.hadoop.mapred.IndexCache: Map ID attempt_201404140119_0001_m_000016_0 not found in cache
2014-04-14 01:23:09,299 INFO org.apache.hadoop.mapred.IndexCache: Map ID attempt_201404140119_0001_m_000005_0 not found in cache
2014-04-14 01:23:09,300 INFO org.apache.hadoop.mapred.IndexCache: Map ID attempt_201404140119_0001_m_000011_0 not found in cache
2014-04-14 01:23:09,300 INFO org.apache.hadoop.mapred.IndexCache: Map ID attempt_201404140119_0001_m_000017_0 not found in cache
2014-04-14 01:23:09,300 INFO org.apache.hadoop.mapred.IndexCache: Map ID attempt_201404140119_0001_m_000001_0 not found in cache
2014-04-14 01:23:09,301 INFO org.apache.hadoop.mapred.IndexCache: Map ID attempt_201404140119_0001_m_000007_0 not found in cache
2014-04-14 01:23:09,301 INFO org.apache.hadoop.mapred.IndexCache: Map ID attempt_201404140119_0001_m_000015_0 not found in cache
2014-04-14 01:23:09,301 INFO org.apache.hadoop.mapred.IndexCache: Map ID attempt_201404140119_0001_m_000000_0 not found in cache
2014-04-14 01:23:09,302 INFO org.apache.hadoop.mapred.IndexCache: Map ID attempt_201404140119_0001_m_000019_0 not found in cache
2014-04-14 01:23:09,302 INFO org.apache.hadoop.mapred.IndexCache: Map ID attempt_201404140119_0001_m_000013_0 not found in cache
2014-04-14 01:23:09,302 INFO org.apache.hadoop.mapred.IndexCache: Map ID attempt_201404140119_0001_m_000009_0 not found in cache
2014-04-14 01:23:09,303 INFO org.apache.hadoop.mapred.IndexCache: Map ID attempt_201404140119_0001_m_000002_0 not found in cache
2014-04-14 01:23:09,303 INFO org.apache.hadoop.mapred.IndexCache: Map ID attempt_201404140119_0001_m_000008_0 not found in cache
2014-04-14 01:23:09,303 INFO org.apache.hadoop.mapred.IndexCache: Map ID attempt_201404140119_0001_m_000020_0 not found in cache
2014-04-14 01:23:09,304 INFO org.apache.hadoop.mapred.IndexCache: Map ID attempt_201404140119_0001_m_000014_0 not found in cache
2014-04-14 01:23:09,305 INFO org.apache.hadoop.mapred.UserLogCleaner: Adding job_201404140119_0001 for user-log deletion with retainTimeStamp:1397542989304
