2014-04-14 05:12:30,837 INFO org.apache.hadoop.mapred.TaskTracker: STARTUP_MSG: 
/************************************************************
STARTUP_MSG: Starting TaskTracker
STARTUP_MSG:   host = node08.asa-web.amd.com/127.0.1.1
STARTUP_MSG:   args = []
STARTUP_MSG:   version = Unknown
STARTUP_MSG:   build = Unknown -r Unknown; compiled by 'Unknown' on Unknown
************************************************************/
2014-04-14 05:12:31,113 INFO org.apache.hadoop.metrics2.impl.MetricsConfig: loaded properties from hadoop-metrics2.properties
2014-04-14 05:12:31,182 INFO org.apache.hadoop.metrics2.impl.MetricsSourceAdapter: MBean for source MetricsSystem,sub=Stats registered.
2014-04-14 05:12:31,183 INFO org.apache.hadoop.metrics2.impl.MetricsSystemImpl: Scheduled snapshot period at 10 second(s).
2014-04-14 05:12:31,183 INFO org.apache.hadoop.metrics2.impl.MetricsSystemImpl: TaskTracker metrics system started
2014-04-14 05:12:31,560 INFO org.apache.hadoop.metrics2.impl.MetricsSourceAdapter: MBean for source ugi registered.
2014-04-14 05:12:31,572 WARN org.apache.hadoop.metrics2.impl.MetricsSystemImpl: Source name ugi already exists!
2014-04-14 05:12:36,962 INFO org.mortbay.log: Logging to org.slf4j.impl.Log4jLoggerAdapter(org.mortbay.log) via org.mortbay.log.Slf4jLog
2014-04-14 05:12:37,031 INFO org.apache.hadoop.http.HttpServer: Added global filtersafety (class=org.apache.hadoop.http.HttpServer$QuotingInputFilter)
2014-04-14 05:12:37,101 INFO org.apache.hadoop.mapred.TaskLogsTruncater: Initializing logs' truncater with mapRetainSize=-1 and reduceRetainSize=-1
2014-04-14 05:12:37,118 INFO org.apache.hadoop.mapred.TaskTracker: Starting tasktracker with owner as mgrossman
2014-04-14 05:12:37,121 INFO org.apache.hadoop.mapred.TaskTracker: Good mapred local directories are: /tmp/hadoop/hadoop-mgrossman/mapred/local
2014-04-14 05:12:37,133 INFO org.apache.hadoop.util.NativeCodeLoader: Loaded the native-hadoop library
2014-04-14 05:12:37,160 INFO org.apache.hadoop.metrics2.impl.MetricsSourceAdapter: MBean for source jvm registered.
2014-04-14 05:12:37,162 INFO org.apache.hadoop.metrics2.impl.MetricsSourceAdapter: MBean for source TaskTrackerMetrics registered.
2014-04-14 05:12:37,193 INFO org.apache.hadoop.ipc.Server: Starting SocketReader
2014-04-14 05:12:37,203 INFO org.apache.hadoop.metrics2.impl.MetricsSourceAdapter: MBean for source RpcDetailedActivityForPort42112 registered.
2014-04-14 05:12:37,204 INFO org.apache.hadoop.metrics2.impl.MetricsSourceAdapter: MBean for source RpcActivityForPort42112 registered.
2014-04-14 05:12:37,209 INFO org.apache.hadoop.ipc.Server: IPC Server Responder: starting
2014-04-14 05:12:37,209 INFO org.apache.hadoop.ipc.Server: IPC Server listener on 42112: starting
2014-04-14 05:12:37,212 INFO org.apache.hadoop.ipc.Server: IPC Server handler 0 on 42112: starting
2014-04-14 05:12:37,212 INFO org.apache.hadoop.ipc.Server: IPC Server handler 1 on 42112: starting
2014-04-14 05:12:37,212 INFO org.apache.hadoop.ipc.Server: IPC Server handler 2 on 42112: starting
2014-04-14 05:12:37,213 INFO org.apache.hadoop.ipc.Server: IPC Server handler 3 on 42112: starting
2014-04-14 05:12:37,213 INFO org.apache.hadoop.ipc.Server: IPC Server handler 4 on 42112: starting
2014-04-14 05:12:37,213 INFO org.apache.hadoop.ipc.Server: IPC Server handler 5 on 42112: starting
2014-04-14 05:12:37,214 INFO org.apache.hadoop.ipc.Server: IPC Server handler 6 on 42112: starting
2014-04-14 05:12:37,214 INFO org.apache.hadoop.ipc.Server: IPC Server handler 7 on 42112: starting
2014-04-14 05:12:37,214 INFO org.apache.hadoop.mapred.TaskTracker: TaskTracker up at: localhost/127.0.0.1:42112
2014-04-14 05:12:37,214 INFO org.apache.hadoop.mapred.TaskTracker: Starting tracker tracker_node08.asa-web.amd.com:localhost/127.0.0.1:42112
2014-04-14 05:12:47,057 INFO org.apache.hadoop.mapred.TaskTracker: Starting thread: Map-events fetcher for all reduce tasks on tracker_node08.asa-web.amd.com:localhost/127.0.0.1:42112
2014-04-14 05:12:47,069 INFO org.apache.hadoop.util.ProcessTree: setsid exited with exit code 0
2014-04-14 05:12:47,075 INFO org.apache.hadoop.mapred.TaskTracker:  Using ResourceCalculatorPlugin : org.apache.hadoop.util.LinuxResourceCalculatorPlugin@cf9091c
2014-04-14 05:12:47,079 WARN org.apache.hadoop.mapred.TaskTracker: TaskTracker's totalMemoryAllottedForTasks is -1. TaskMemoryManager is disabled.
2014-04-14 05:12:47,085 INFO org.apache.hadoop.mapred.IndexCache: IndexCache created with max memory = 10485760
2014-04-14 05:12:52,557 INFO org.apache.hadoop.metrics2.impl.MetricsSourceAdapter: MBean for source ShuffleServerMetrics registered.
2014-04-14 05:12:52,568 INFO org.apache.hadoop.http.HttpServer: Port returned by webServer.getConnectors()[0].getLocalPort() before open() is -1. Opening the listener on 50061
2014-04-14 05:12:52,568 INFO org.apache.hadoop.http.HttpServer: listener.getLocalPort() returned 50061 webServer.getConnectors()[0].getLocalPort() returned 50061
2014-04-14 05:12:52,568 INFO org.apache.hadoop.http.HttpServer: Jetty bound to port 50061
2014-04-14 05:12:52,568 INFO org.mortbay.log: jetty-6.1.26
2014-04-14 05:12:52,989 INFO org.mortbay.log: Started SelectChannelConnector@0.0.0.0:50061
2014-04-14 05:12:52,990 INFO org.apache.hadoop.mapred.TaskTracker: FILE_CACHE_SIZE for mapOutputServlet set to : 2000
2014-04-14 05:16:51,010 INFO org.apache.hadoop.mapred.TaskTracker: LaunchTaskAction (registerTask): attempt_201404140512_0001_m_000013_0 task's state:UNASSIGNED
2014-04-14 05:16:51,020 INFO org.apache.hadoop.mapred.TaskTracker: Trying to launch : attempt_201404140512_0001_m_000013_0 which needs 1 slots
2014-04-14 05:16:51,020 INFO org.apache.hadoop.mapred.TaskTracker: In TaskLauncher, current free slots : 4 and trying to launch attempt_201404140512_0001_m_000013_0 which needs 1 slots
2014-04-14 05:16:51,400 INFO org.apache.hadoop.mapred.JobLocalizer: Initializing user mgrossman on this TT.
2014-04-14 05:16:51,636 INFO org.apache.hadoop.mapred.JvmManager: In JvmRunner constructed JVM ID: jvm_201404140512_0001_m_1626264046
2014-04-14 05:16:51,637 INFO org.apache.hadoop.mapred.JvmManager: JVM Runner jvm_201404140512_0001_m_1626264046 spawned.
2014-04-14 05:16:51,641 INFO org.apache.hadoop.mapred.TaskController: Writing commands to /tmp/hadoop/hadoop-mgrossman/mapred/local/ttprivate/taskTracker/mgrossman/jobcache/job_201404140512_0001/attempt_201404140512_0001_m_000013_0/taskjvm.sh
2014-04-14 05:16:52,940 INFO org.apache.hadoop.mapred.TaskTracker: JVM with ID: jvm_201404140512_0001_m_1626264046 given task: attempt_201404140512_0001_m_000013_0
2014-04-14 05:16:56,856 INFO org.apache.hadoop.mapred.TaskTracker: attempt_201404140512_0001_m_000013_0 0.0% setup
2014-04-14 05:16:56,860 INFO org.apache.hadoop.mapred.TaskTracker: Task attempt_201404140512_0001_m_000013_0 is done.
2014-04-14 05:16:56,860 INFO org.apache.hadoop.mapred.TaskTracker: reported output size for attempt_201404140512_0001_m_000013_0  was -1
2014-04-14 05:16:56,878 INFO org.apache.hadoop.mapred.TaskTracker: addFreeSlot : current free slots : 4
2014-04-14 05:16:57,064 INFO org.apache.hadoop.mapred.TaskTracker: LaunchTaskAction (registerTask): attempt_201404140512_0001_m_000000_0 task's state:UNASSIGNED
2014-04-14 05:16:57,064 INFO org.apache.hadoop.mapred.TaskTracker: Trying to launch : attempt_201404140512_0001_m_000000_0 which needs 1 slots
2014-04-14 05:16:57,064 INFO org.apache.hadoop.mapred.TaskTracker: In TaskLauncher, current free slots : 4 and trying to launch attempt_201404140512_0001_m_000000_0 which needs 1 slots
2014-04-14 05:16:57,064 INFO org.apache.hadoop.mapred.TaskTracker: LaunchTaskAction (registerTask): attempt_201404140512_0001_m_000001_0 task's state:UNASSIGNED
2014-04-14 05:16:57,064 INFO org.apache.hadoop.mapred.TaskTracker: Trying to launch : attempt_201404140512_0001_m_000001_0 which needs 1 slots
2014-04-14 05:16:57,065 INFO org.apache.hadoop.mapred.TaskTracker: In TaskLauncher, current free slots : 3 and trying to launch attempt_201404140512_0001_m_000001_0 which needs 1 slots
2014-04-14 05:16:57,066 INFO org.apache.hadoop.mapred.TaskTracker: LaunchTaskAction (registerTask): attempt_201404140512_0001_m_000002_0 task's state:UNASSIGNED
2014-04-14 05:16:57,067 INFO org.apache.hadoop.mapred.TaskTracker: Trying to launch : attempt_201404140512_0001_m_000002_0 which needs 1 slots
2014-04-14 05:16:57,067 INFO org.apache.hadoop.mapred.TaskTracker: In TaskLauncher, current free slots : 2 and trying to launch attempt_201404140512_0001_m_000002_0 which needs 1 slots
2014-04-14 05:16:57,067 INFO org.apache.hadoop.mapred.TaskTracker: LaunchTaskAction (registerTask): attempt_201404140512_0001_m_000003_0 task's state:UNASSIGNED
2014-04-14 05:16:57,068 INFO org.apache.hadoop.mapred.TaskTracker: Trying to launch : attempt_201404140512_0001_m_000003_0 which needs 1 slots
2014-04-14 05:16:57,068 INFO org.apache.hadoop.mapred.TaskTracker: In TaskLauncher, current free slots : 1 and trying to launch attempt_201404140512_0001_m_000003_0 which needs 1 slots
2014-04-14 05:16:57,068 INFO org.apache.hadoop.mapred.TaskTracker: Received KillTaskAction for task: attempt_201404140512_0001_m_000013_0
2014-04-14 05:16:57,068 INFO org.apache.hadoop.mapred.TaskTracker: About to purge task: attempt_201404140512_0001_m_000013_0
2014-04-14 05:16:57,069 INFO org.apache.hadoop.mapred.IndexCache: Map ID attempt_201404140512_0001_m_000013_0 not found in cache
2014-04-14 05:16:57,073 INFO org.apache.hadoop.mapred.JvmManager: In JvmRunner constructed JVM ID: jvm_201404140512_0001_m_1973135367
2014-04-14 05:16:57,073 INFO org.apache.hadoop.mapred.JvmManager: JVM Runner jvm_201404140512_0001_m_1973135367 spawned.
2014-04-14 05:16:57,075 INFO org.apache.hadoop.mapred.TaskController: Writing commands to /tmp/hadoop/hadoop-mgrossman/mapred/local/ttprivate/taskTracker/mgrossman/jobcache/job_201404140512_0001/attempt_201404140512_0001_m_000001_0/taskjvm.sh
2014-04-14 05:16:57,076 INFO org.apache.hadoop.mapred.JvmManager: In JvmRunner constructed JVM ID: jvm_201404140512_0001_m_1730183702
2014-04-14 05:16:57,076 INFO org.apache.hadoop.mapred.JvmManager: JVM Runner jvm_201404140512_0001_m_1730183702 spawned.
2014-04-14 05:16:57,083 INFO org.apache.hadoop.mapred.JvmManager: JVM : jvm_201404140512_0001_m_1626264046 exited with exit code 0. Number of tasks it ran: 1
2014-04-14 05:16:57,084 INFO org.apache.hadoop.mapred.TaskController: Writing commands to /tmp/hadoop/hadoop-mgrossman/mapred/local/ttprivate/taskTracker/mgrossman/jobcache/job_201404140512_0001/attempt_201404140512_0001_m_000002_0/taskjvm.sh
2014-04-14 05:16:57,085 INFO org.apache.hadoop.mapred.JvmManager: In JvmRunner constructed JVM ID: jvm_201404140512_0001_m_1109529746
2014-04-14 05:16:57,085 INFO org.apache.hadoop.mapred.JvmManager: JVM Runner jvm_201404140512_0001_m_1109529746 spawned.
2014-04-14 05:16:57,085 INFO org.apache.hadoop.mapred.JvmManager: In JvmRunner constructed JVM ID: jvm_201404140512_0001_m_1570683216
2014-04-14 05:16:57,085 INFO org.apache.hadoop.mapred.JvmManager: JVM Runner jvm_201404140512_0001_m_1570683216 spawned.
2014-04-14 05:16:57,087 INFO org.apache.hadoop.mapred.TaskController: Writing commands to /tmp/hadoop/hadoop-mgrossman/mapred/local/ttprivate/taskTracker/mgrossman/jobcache/job_201404140512_0001/attempt_201404140512_0001_m_000000_0/taskjvm.sh
2014-04-14 05:16:57,097 INFO org.apache.hadoop.mapred.TaskController: Writing commands to /tmp/hadoop/hadoop-mgrossman/mapred/local/ttprivate/taskTracker/mgrossman/jobcache/job_201404140512_0001/attempt_201404140512_0001_m_000003_0/taskjvm.sh
2014-04-14 05:16:57,217 INFO org.apache.hadoop.io.nativeio.NativeIO: Initialized cache for UID to User mapping with a cache timeout of 14400 seconds.
2014-04-14 05:16:57,224 INFO org.apache.hadoop.io.nativeio.NativeIO: Got UserName mgrossman for UID 1007 from the native implementation
2014-04-14 05:16:58,566 INFO org.apache.hadoop.mapred.TaskTracker: JVM with ID: jvm_201404140512_0001_m_1109529746 given task: attempt_201404140512_0001_m_000000_0
2014-04-14 05:16:58,571 INFO org.apache.hadoop.mapred.TaskTracker: JVM with ID: jvm_201404140512_0001_m_1973135367 given task: attempt_201404140512_0001_m_000001_0
2014-04-14 05:16:58,583 INFO org.apache.hadoop.mapred.TaskTracker: JVM with ID: jvm_201404140512_0001_m_1730183702 given task: attempt_201404140512_0001_m_000002_0
2014-04-14 05:16:58,588 INFO org.apache.hadoop.mapred.TaskTracker: JVM with ID: jvm_201404140512_0001_m_1570683216 given task: attempt_201404140512_0001_m_000003_0
2014-04-14 05:17:06,910 INFO org.apache.hadoop.mapred.TaskTracker: attempt_201404140512_0001_m_000000_0 0.17832473% 
2014-04-14 05:17:07,141 INFO org.apache.hadoop.mapred.TaskTracker: attempt_201404140512_0001_m_000001_0 0.1760133% 
2014-04-14 05:17:07,369 INFO org.apache.hadoop.mapred.TaskTracker: attempt_201404140512_0001_m_000002_0 0.17946498% 
2014-04-14 05:17:07,388 INFO org.apache.hadoop.mapred.TaskTracker: attempt_201404140512_0001_m_000003_0 0.17646846% 
2014-04-14 05:17:10,039 INFO org.apache.hadoop.mapred.TaskTracker: attempt_201404140512_0001_m_000000_0 0.3392599% 
2014-04-14 05:17:10,305 INFO org.apache.hadoop.mapred.TaskTracker: attempt_201404140512_0001_m_000001_0 0.35882732% 
2014-04-14 05:17:10,548 INFO org.apache.hadoop.mapred.TaskTracker: attempt_201404140512_0001_m_000003_0 0.35386756% 
2014-04-14 05:17:10,567 INFO org.apache.hadoop.mapred.TaskTracker: attempt_201404140512_0001_m_000002_0 0.3625883% 
2014-04-14 05:17:13,189 INFO org.apache.hadoop.mapred.TaskTracker: attempt_201404140512_0001_m_000000_0 0.48241442% 
2014-04-14 05:17:13,531 INFO org.apache.hadoop.mapred.TaskTracker: attempt_201404140512_0001_m_000001_0 0.54108745% 
2014-04-14 05:17:13,735 INFO org.apache.hadoop.mapred.TaskTracker: attempt_201404140512_0001_m_000003_0 0.49796256% 
2014-04-14 05:17:13,805 INFO org.apache.hadoop.mapred.TaskTracker: attempt_201404140512_0001_m_000002_0 0.5058533% 
2014-04-14 05:17:16,695 INFO org.apache.hadoop.mapred.TaskTracker: attempt_201404140512_0001_m_000001_0 0.6233899% 
2014-04-14 05:17:17,076 INFO org.apache.hadoop.mapred.TaskTracker: attempt_201404140512_0001_m_000000_0 0.5934292% 
2014-04-14 05:17:17,104 INFO org.apache.hadoop.mapred.TaskTracker: attempt_201404140512_0001_m_000002_0 0.598968% 
2014-04-14 05:17:17,144 INFO org.apache.hadoop.mapred.TaskTracker: attempt_201404140512_0001_m_000003_0 0.6183047% 
2014-04-14 05:17:20,212 INFO org.apache.hadoop.mapred.TaskTracker: attempt_201404140512_0001_m_000003_0 0.74281824% 
2014-04-14 05:17:20,368 INFO org.apache.hadoop.mapred.TaskTracker: attempt_201404140512_0001_m_000002_0 0.7277612% 
2014-04-14 05:17:20,370 INFO org.apache.hadoop.mapred.TaskTracker: attempt_201404140512_0001_m_000001_0 0.75966203% 
2014-04-14 05:17:23,371 INFO org.apache.hadoop.mapred.TaskTracker: attempt_201404140512_0001_m_000003_0 0.8627817% 
2014-04-14 05:17:23,519 INFO org.apache.hadoop.mapred.TaskTracker: attempt_201404140512_0001_m_000002_0 0.79672533% 
2014-04-14 05:17:23,560 INFO org.apache.hadoop.mapred.TaskTracker: attempt_201404140512_0001_m_000001_0 0.863599% 
2014-04-14 05:17:23,901 INFO org.apache.hadoop.mapred.TaskTracker: attempt_201404140512_0001_m_000000_0 0.7608523% 
2014-04-14 05:17:26,647 INFO org.apache.hadoop.mapred.TaskTracker: attempt_201404140512_0001_m_000003_0 0.94042176% 
2014-04-14 05:17:26,734 INFO org.apache.hadoop.mapred.TaskTracker: attempt_201404140512_0001_m_000001_0 0.9729833% 
2014-04-14 05:17:26,971 INFO org.apache.hadoop.mapred.TaskTracker: attempt_201404140512_0001_m_000002_0 0.9106443% 
2014-04-14 05:17:29,105 INFO org.apache.hadoop.mapred.TaskTracker: attempt_201404140512_0001_m_000000_0 0.8995534% 
2014-04-14 05:17:29,886 INFO org.apache.hadoop.mapred.TaskTracker: attempt_201404140512_0001_m_000001_0 1.0% 
2014-04-14 05:17:29,888 INFO org.apache.hadoop.mapred.TaskTracker: attempt_201404140512_0001_m_000003_0 1.0% 
2014-04-14 05:17:30,129 INFO org.apache.hadoop.mapred.TaskTracker: attempt_201404140512_0001_m_000002_0 1.0% 
2014-04-14 05:17:32,310 INFO org.apache.hadoop.mapred.TaskTracker: attempt_201404140512_0001_m_000000_0 1.0% 
2014-04-14 05:17:32,975 INFO org.apache.hadoop.mapred.TaskTracker: attempt_201404140512_0001_m_000003_0 1.0% 
2014-04-14 05:17:33,114 INFO org.apache.hadoop.mapred.TaskTracker: attempt_201404140512_0001_m_000001_0 1.0% 
2014-04-14 05:17:33,231 INFO org.apache.hadoop.mapred.TaskTracker: attempt_201404140512_0001_m_000002_0 1.0% 
2014-04-14 05:17:35,431 INFO org.apache.hadoop.mapred.TaskTracker: attempt_201404140512_0001_m_000000_0 1.0% 
2014-04-14 05:17:36,089 INFO org.apache.hadoop.mapred.TaskTracker: attempt_201404140512_0001_m_000003_0 1.0% 
2014-04-14 05:17:36,227 INFO org.apache.hadoop.mapred.TaskTracker: attempt_201404140512_0001_m_000001_0 1.0% 
2014-04-14 05:17:36,374 INFO org.apache.hadoop.mapred.TaskTracker: attempt_201404140512_0001_m_000002_0 1.0% 
2014-04-14 05:17:38,554 INFO org.apache.hadoop.mapred.TaskTracker: attempt_201404140512_0001_m_000000_0 1.0% 
2014-04-14 05:17:39,210 INFO org.apache.hadoop.mapred.TaskTracker: attempt_201404140512_0001_m_000003_0 1.0% 
2014-04-14 05:17:39,290 INFO org.apache.hadoop.mapred.TaskTracker: attempt_201404140512_0001_m_000001_0 1.0% 
2014-04-14 05:17:39,414 INFO org.apache.hadoop.mapred.TaskTracker: attempt_201404140512_0001_m_000002_0 1.0% 
2014-04-14 05:17:41,676 INFO org.apache.hadoop.mapred.TaskTracker: attempt_201404140512_0001_m_000000_0 1.0% 
2014-04-14 05:17:42,282 INFO org.apache.hadoop.mapred.TaskTracker: attempt_201404140512_0001_m_000003_0 1.0% 
2014-04-14 05:17:42,333 INFO org.apache.hadoop.mapred.TaskTracker: attempt_201404140512_0001_m_000001_0 1.0% 
2014-04-14 05:17:42,670 INFO org.apache.hadoop.mapred.TaskTracker: attempt_201404140512_0001_m_000002_0 1.0% 
2014-04-14 05:17:44,700 INFO org.apache.hadoop.mapred.TaskTracker: attempt_201404140512_0001_m_000000_0 1.0% 
2014-04-14 05:17:45,362 INFO org.apache.hadoop.mapred.TaskTracker: attempt_201404140512_0001_m_000001_0 1.0% 
2014-04-14 05:17:45,465 INFO org.apache.hadoop.mapred.TaskTracker: attempt_201404140512_0001_m_000003_0 1.0% 
2014-04-14 05:17:45,730 INFO org.apache.hadoop.mapred.TaskTracker: attempt_201404140512_0001_m_000002_0 1.0% 
2014-04-14 05:17:47,726 INFO org.apache.hadoop.mapred.TaskTracker: attempt_201404140512_0001_m_000000_0 1.0% 
2014-04-14 05:17:47,730 INFO org.apache.hadoop.mapred.TaskTracker: attempt_201404140512_0001_m_000000_0 1.0% 
2014-04-14 05:17:47,732 INFO org.apache.hadoop.mapred.TaskTracker: Task attempt_201404140512_0001_m_000000_0 is done.
2014-04-14 05:17:47,732 INFO org.apache.hadoop.mapred.TaskTracker: reported output size for attempt_201404140512_0001_m_000000_0  was 52440243
2014-04-14 05:17:47,733 INFO org.apache.hadoop.mapred.TaskTracker: addFreeSlot : current free slots : 1
2014-04-14 05:17:48,227 INFO org.apache.hadoop.mapred.TaskTracker: LaunchTaskAction (registerTask): attempt_201404140512_0001_m_000004_0 task's state:UNASSIGNED
2014-04-14 05:17:48,227 INFO org.apache.hadoop.mapred.TaskTracker: Trying to launch : attempt_201404140512_0001_m_000004_0 which needs 1 slots
2014-04-14 05:17:48,227 INFO org.apache.hadoop.mapred.TaskTracker: In TaskLauncher, current free slots : 1 and trying to launch attempt_201404140512_0001_m_000004_0 which needs 1 slots
2014-04-14 05:17:48,229 INFO org.apache.hadoop.mapred.TaskTracker: LaunchTaskAction (registerTask): attempt_201404140512_0001_r_000000_0 task's state:UNASSIGNED
2014-04-14 05:17:48,230 INFO org.apache.hadoop.mapred.TaskTracker: Trying to launch : attempt_201404140512_0001_r_000000_0 which needs 1 slots
2014-04-14 05:17:48,230 INFO org.apache.hadoop.mapred.TaskTracker: In TaskLauncher, current free slots : 2 and trying to launch attempt_201404140512_0001_r_000000_0 which needs 1 slots
2014-04-14 05:17:48,263 INFO org.apache.hadoop.mapred.JvmManager: Killing JVM: jvm_201404140512_0001_m_1109529746
2014-04-14 05:17:48,263 INFO org.apache.hadoop.mapred.JvmManager: In JvmRunner constructed JVM ID: jvm_201404140512_0001_r_1626264046
2014-04-14 05:17:48,264 INFO org.apache.hadoop.mapred.JvmManager: JVM Runner jvm_201404140512_0001_r_1626264046 spawned.
2014-04-14 05:17:48,267 INFO org.apache.hadoop.mapred.TaskController: Writing commands to /tmp/hadoop/hadoop-mgrossman/mapred/local/ttprivate/taskTracker/mgrossman/jobcache/job_201404140512_0001/attempt_201404140512_0001_r_000000_0/taskjvm.sh
2014-04-14 05:17:48,296 INFO org.apache.hadoop.mapred.JvmManager: In JvmRunner constructed JVM ID: jvm_201404140512_0001_m_276261346
2014-04-14 05:17:48,296 INFO org.apache.hadoop.mapred.JvmManager: JVM Runner jvm_201404140512_0001_m_276261346 spawned.
2014-04-14 05:17:48,299 INFO org.apache.hadoop.mapred.TaskController: Writing commands to /tmp/hadoop/hadoop-mgrossman/mapred/local/ttprivate/taskTracker/mgrossman/jobcache/job_201404140512_0001/attempt_201404140512_0001_m_000004_0/taskjvm.sh
2014-04-14 05:17:48,327 INFO org.apache.hadoop.mapred.JvmManager: JVM : jvm_201404140512_0001_m_1109529746 exited with exit code 0. Number of tasks it ran: 1
2014-04-14 05:17:48,393 INFO org.apache.hadoop.mapred.TaskTracker: attempt_201404140512_0001_m_000001_0 1.0% 
2014-04-14 05:17:48,396 INFO org.apache.hadoop.mapred.TaskTracker: attempt_201404140512_0001_m_000001_0 1.0% 
2014-04-14 05:17:48,397 INFO org.apache.hadoop.mapred.TaskTracker: Task attempt_201404140512_0001_m_000001_0 is done.
2014-04-14 05:17:48,397 INFO org.apache.hadoop.mapred.TaskTracker: reported output size for attempt_201404140512_0001_m_000001_0  was 51879895
2014-04-14 05:17:48,398 INFO org.apache.hadoop.mapred.TaskTracker: addFreeSlot : current free slots : 1
2014-04-14 05:17:48,487 INFO org.apache.hadoop.mapred.TaskTracker: attempt_201404140512_0001_m_000003_0 1.0% 
2014-04-14 05:17:48,491 INFO org.apache.hadoop.mapred.TaskTracker: attempt_201404140512_0001_m_000003_0 1.0% 
2014-04-14 05:17:48,492 INFO org.apache.hadoop.mapred.TaskTracker: Task attempt_201404140512_0001_m_000003_0 is done.
2014-04-14 05:17:48,492 INFO org.apache.hadoop.mapred.TaskTracker: reported output size for attempt_201404140512_0001_m_000003_0  was 52854458
2014-04-14 05:17:48,493 INFO org.apache.hadoop.mapred.TaskTracker: addFreeSlot : current free slots : 2
2014-04-14 05:17:48,724 INFO org.apache.hadoop.mapred.JvmManager: JVM : jvm_201404140512_0001_m_1973135367 exited with exit code 0. Number of tasks it ran: 1
2014-04-14 05:17:48,755 INFO org.apache.hadoop.mapred.TaskTracker: attempt_201404140512_0001_m_000002_0 1.0% 
2014-04-14 05:17:48,758 INFO org.apache.hadoop.mapred.TaskTracker: attempt_201404140512_0001_m_000002_0 1.0% 
2014-04-14 05:17:48,760 INFO org.apache.hadoop.mapred.TaskTracker: Task attempt_201404140512_0001_m_000002_0 is done.
2014-04-14 05:17:48,760 INFO org.apache.hadoop.mapred.TaskTracker: reported output size for attempt_201404140512_0001_m_000002_0  was 52183163
2014-04-14 05:17:48,760 INFO org.apache.hadoop.mapred.TaskTracker: addFreeSlot : current free slots : 3
2014-04-14 05:17:48,897 INFO org.apache.hadoop.mapred.JvmManager: JVM : jvm_201404140512_0001_m_1570683216 exited with exit code 0. Number of tasks it ran: 1
2014-04-14 05:17:49,084 INFO org.apache.hadoop.mapred.JvmManager: JVM : jvm_201404140512_0001_m_1730183702 exited with exit code 0. Number of tasks it ran: 1
2014-04-14 05:17:49,427 INFO org.apache.hadoop.mapred.TaskTracker: JVM with ID: jvm_201404140512_0001_r_1626264046 given task: attempt_201404140512_0001_r_000000_0
2014-04-14 05:17:49,469 INFO org.apache.hadoop.mapred.TaskTracker: JVM with ID: jvm_201404140512_0001_m_276261346 given task: attempt_201404140512_0001_m_000004_0
2014-04-14 05:17:51,263 INFO org.apache.hadoop.mapred.TaskTracker: LaunchTaskAction (registerTask): attempt_201404140512_0001_m_000005_0 task's state:UNASSIGNED
2014-04-14 05:17:51,263 INFO org.apache.hadoop.mapred.TaskTracker: LaunchTaskAction (registerTask): attempt_201404140512_0001_m_000006_0 task's state:UNASSIGNED
2014-04-14 05:17:51,263 INFO org.apache.hadoop.mapred.TaskTracker: LaunchTaskAction (registerTask): attempt_201404140512_0001_m_000007_0 task's state:UNASSIGNED
2014-04-14 05:17:51,264 INFO org.apache.hadoop.mapred.TaskTracker: Trying to launch : attempt_201404140512_0001_m_000005_0 which needs 1 slots
2014-04-14 05:17:51,264 INFO org.apache.hadoop.mapred.TaskTracker: In TaskLauncher, current free slots : 3 and trying to launch attempt_201404140512_0001_m_000005_0 which needs 1 slots
2014-04-14 05:17:51,267 INFO org.apache.hadoop.mapred.TaskTracker: LaunchTaskAction (registerTask): attempt_201404140512_0001_r_000001_0 task's state:UNASSIGNED
2014-04-14 05:17:51,268 INFO org.apache.hadoop.mapred.TaskTracker: Trying to launch : attempt_201404140512_0001_r_000001_0 which needs 1 slots
2014-04-14 05:17:51,268 INFO org.apache.hadoop.mapred.TaskTracker: In TaskLauncher, current free slots : 1 and trying to launch attempt_201404140512_0001_r_000001_0 which needs 1 slots
2014-04-14 05:17:51,268 INFO org.apache.hadoop.mapred.TaskTracker: Trying to launch : attempt_201404140512_0001_m_000006_0 which needs 1 slots
2014-04-14 05:17:51,269 INFO org.apache.hadoop.mapred.TaskTracker: In TaskLauncher, current free slots : 2 and trying to launch attempt_201404140512_0001_m_000006_0 which needs 1 slots
2014-04-14 05:17:51,269 INFO org.apache.hadoop.mapred.TaskTracker: Trying to launch : attempt_201404140512_0001_m_000007_0 which needs 1 slots
2014-04-14 05:17:51,269 INFO org.apache.hadoop.mapred.TaskTracker: In TaskLauncher, current free slots : 1 and trying to launch attempt_201404140512_0001_m_000007_0 which needs 1 slots
2014-04-14 05:17:51,287 INFO org.apache.hadoop.mapred.JvmManager: In JvmRunner constructed JVM ID: jvm_201404140512_0001_m_1705846798
2014-04-14 05:17:51,290 INFO org.apache.hadoop.mapred.JvmManager: JVM Runner jvm_201404140512_0001_m_1705846798 spawned.
2014-04-14 05:17:51,290 INFO org.apache.hadoop.mapred.JvmManager: In JvmRunner constructed JVM ID: jvm_201404140512_0001_m_1665344930
2014-04-14 05:17:51,293 INFO org.apache.hadoop.mapred.JvmManager: JVM Runner jvm_201404140512_0001_m_1665344930 spawned.
2014-04-14 05:17:51,295 INFO org.apache.hadoop.mapred.JvmManager: In JvmRunner constructed JVM ID: jvm_201404140512_0001_r_1973135367
2014-04-14 05:17:51,296 INFO org.apache.hadoop.mapred.JvmManager: In JvmRunner constructed JVM ID: jvm_201404140512_0001_m_1816059346
2014-04-14 05:17:51,296 INFO org.apache.hadoop.mapred.TaskController: Writing commands to /tmp/hadoop/hadoop-mgrossman/mapred/local/ttprivate/taskTracker/mgrossman/jobcache/job_201404140512_0001/attempt_201404140512_0001_m_000005_0/taskjvm.sh
2014-04-14 05:17:51,296 INFO org.apache.hadoop.mapred.JvmManager: JVM Runner jvm_201404140512_0001_r_1973135367 spawned.
2014-04-14 05:17:51,296 INFO org.apache.hadoop.mapred.JvmManager: JVM Runner jvm_201404140512_0001_m_1816059346 spawned.
2014-04-14 05:17:51,299 INFO org.apache.hadoop.mapred.TaskController: Writing commands to /tmp/hadoop/hadoop-mgrossman/mapred/local/ttprivate/taskTracker/mgrossman/jobcache/job_201404140512_0001/attempt_201404140512_0001_m_000007_0/taskjvm.sh
2014-04-14 05:17:51,300 INFO org.apache.hadoop.mapred.TaskController: Writing commands to /tmp/hadoop/hadoop-mgrossman/mapred/local/ttprivate/taskTracker/mgrossman/jobcache/job_201404140512_0001/attempt_201404140512_0001_r_000001_0/taskjvm.sh
2014-04-14 05:17:51,305 INFO org.apache.hadoop.mapred.TaskController: Writing commands to /tmp/hadoop/hadoop-mgrossman/mapred/local/ttprivate/taskTracker/mgrossman/jobcache/job_201404140512_0001/attempt_201404140512_0001_m_000006_0/taskjvm.sh
2014-04-14 05:17:53,425 INFO org.apache.hadoop.mapred.TaskTracker: JVM with ID: jvm_201404140512_0001_m_1816059346 given task: attempt_201404140512_0001_m_000006_0
2014-04-14 05:17:53,426 INFO org.apache.hadoop.mapred.TaskTracker: JVM with ID: jvm_201404140512_0001_r_1973135367 given task: attempt_201404140512_0001_r_000001_0
2014-04-14 05:17:53,428 INFO org.apache.hadoop.mapred.TaskTracker: JVM with ID: jvm_201404140512_0001_m_1665344930 given task: attempt_201404140512_0001_m_000007_0
2014-04-14 05:17:53,437 INFO org.apache.hadoop.mapred.TaskTracker: JVM with ID: jvm_201404140512_0001_m_1705846798 given task: attempt_201404140512_0001_m_000005_0
2014-04-14 05:17:56,523 INFO org.apache.hadoop.mapred.TaskTracker: attempt_201404140512_0001_m_000004_0 0.17367415% 
2014-04-14 05:17:56,743 INFO org.apache.hadoop.mapred.TaskTracker: attempt_201404140512_0001_r_000000_0 0.0% reduce > copy > 
2014-04-14 05:17:56,848 INFO org.apache.hadoop.mapred.TaskTracker.clienttrace: src: 127.0.1.1:50061, dest: 127.0.0.1:59182, bytes: 25823427, op: MAPRED_SHUFFLE, cliID: attempt_201404140512_0001_m_000000_0, duration: 537373943
2014-04-14 05:17:57,616 INFO org.apache.hadoop.mapred.TaskTracker.clienttrace: src: 127.0.1.1:50061, dest: 127.0.0.1:59182, bytes: 25557681, op: MAPRED_SHUFFLE, cliID: attempt_201404140512_0001_m_000001_0, duration: 658782641
2014-04-14 05:17:58,526 INFO org.apache.hadoop.mapred.TaskTracker.clienttrace: src: 127.0.1.1:50061, dest: 127.0.0.1:59182, bytes: 25708849, op: MAPRED_SHUFFLE, cliID: attempt_201404140512_0001_m_000002_0, duration: 845511337
2014-04-14 05:17:59,538 INFO org.apache.hadoop.mapred.TaskTracker.clienttrace: src: 127.0.1.1:50061, dest: 127.0.0.1:59182, bytes: 26080573, op: MAPRED_SHUFFLE, cliID: attempt_201404140512_0001_m_000003_0, duration: 933779136
2014-04-14 05:17:59,657 INFO org.apache.hadoop.mapred.TaskTracker: attempt_201404140512_0001_m_000004_0 0.27219868% 
2014-04-14 05:17:59,825 INFO org.apache.hadoop.mapred.TaskTracker: attempt_201404140512_0001_r_000000_0 0.11111112% reduce > copy (4 of 12 at 9.84 MB/s) > 
2014-04-14 05:18:01,693 INFO org.apache.hadoop.mapred.TaskTracker: attempt_201404140512_0001_m_000006_0 0.091729134% 
2014-04-14 05:18:01,822 INFO org.apache.hadoop.mapred.TaskTracker: attempt_201404140512_0001_r_000001_0 0.0% reduce > copy > 
2014-04-14 05:18:01,983 INFO org.apache.hadoop.mapred.TaskTracker: attempt_201404140512_0001_m_000007_0 0.061318334% 
2014-04-14 05:18:02,178 INFO org.apache.hadoop.mapred.TaskTracker: attempt_201404140512_0001_m_000005_0 0.13250208% 
2014-04-14 05:18:02,214 INFO org.apache.hadoop.mapred.TaskTracker.clienttrace: src: 127.0.1.1:50061, dest: 127.0.0.1:59190, bytes: 26616816, op: MAPRED_SHUFFLE, cliID: attempt_201404140512_0001_m_000000_0, duration: 468883248
2014-04-14 05:18:02,727 INFO org.apache.hadoop.mapred.TaskTracker.clienttrace: src: 127.0.1.1:50061, dest: 127.0.0.1:59190, bytes: 26322214, op: MAPRED_SHUFFLE, cliID: attempt_201404140512_0001_m_000001_0, duration: 453948908
2014-04-14 05:18:02,739 INFO org.apache.hadoop.mapred.TaskTracker: attempt_201404140512_0001_m_000004_0 0.3837698% 
2014-04-14 05:18:02,862 INFO org.apache.hadoop.mapred.TaskTracker: attempt_201404140512_0001_r_000000_0 0.11111112% reduce > copy (4 of 12 at 9.84 MB/s) > 
2014-04-14 05:18:03,703 INFO org.apache.hadoop.mapred.TaskTracker.clienttrace: src: 127.0.1.1:50061, dest: 127.0.0.1:59190, bytes: 26474314, op: MAPRED_SHUFFLE, cliID: attempt_201404140512_0001_m_000002_0, duration: 878662952
2014-04-14 05:18:04,662 INFO org.apache.hadoop.mapred.TaskTracker.clienttrace: src: 127.0.1.1:50061, dest: 127.0.0.1:59190, bytes: 26773885, op: MAPRED_SHUFFLE, cliID: attempt_201404140512_0001_m_000003_0, duration: 940133506
2014-04-14 05:18:04,859 INFO org.apache.hadoop.mapred.TaskTracker: attempt_201404140512_0001_m_000006_0 0.21586433% 
2014-04-14 05:18:05,201 INFO org.apache.hadoop.mapred.TaskTracker: attempt_201404140512_0001_m_000007_0 0.19291493% 
2014-04-14 05:18:05,387 INFO org.apache.hadoop.mapred.TaskTracker: attempt_201404140512_0001_m_000005_0 0.21976325% 
2014-04-14 05:18:05,972 INFO org.apache.hadoop.mapred.TaskTracker: attempt_201404140512_0001_m_000004_0 0.525611% 
2014-04-14 05:18:07,867 INFO org.apache.hadoop.mapred.TaskTracker: attempt_201404140512_0001_r_000001_0 0.11111112% reduce > copy (4 of 12 at 10.13 MB/s) > 
2014-04-14 05:18:08,275 INFO org.apache.hadoop.mapred.TaskTracker: attempt_201404140512_0001_m_000006_0 0.44687897% 
2014-04-14 05:18:08,334 INFO org.apache.hadoop.mapred.TaskTracker: attempt_201404140512_0001_m_000007_0 0.41317502% 
2014-04-14 05:18:08,842 INFO org.apache.hadoop.mapred.TaskTracker: attempt_201404140512_0001_m_000005_0 0.44477665% 
2014-04-14 05:18:08,889 INFO org.apache.hadoop.mapred.TaskTracker: attempt_201404140512_0001_r_000000_0 0.11111112% reduce > copy (4 of 12 at 9.84 MB/s) > 
2014-04-14 05:18:09,317 INFO org.apache.hadoop.mapred.TaskTracker: attempt_201404140512_0001_m_000004_0 0.597701% 
2014-04-14 05:18:11,526 INFO org.apache.hadoop.mapred.TaskTracker: attempt_201404140512_0001_m_000007_0 0.534472% 
2014-04-14 05:18:11,892 INFO org.apache.hadoop.mapred.TaskTracker: attempt_201404140512_0001_m_000006_0 0.58803815% 
2014-04-14 05:18:12,015 INFO org.apache.hadoop.mapred.TaskTracker: attempt_201404140512_0001_m_000005_0 0.5854764% 
2014-04-14 05:18:12,446 INFO org.apache.hadoop.mapred.TaskTracker: attempt_201404140512_0001_m_000004_0 0.7461861% 
2014-04-14 05:18:13,923 INFO org.apache.hadoop.mapred.TaskTracker: attempt_201404140512_0001_r_000001_0 0.11111112% reduce > copy (4 of 12 at 10.13 MB/s) > 
2014-04-14 05:18:14,929 INFO org.apache.hadoop.mapred.TaskTracker: attempt_201404140512_0001_r_000000_0 0.11111112% reduce > copy (4 of 12 at 9.84 MB/s) > 
2014-04-14 05:18:14,948 INFO org.apache.hadoop.mapred.TaskTracker: attempt_201404140512_0001_m_000007_0 0.6003856% 
2014-04-14 05:18:15,155 INFO org.apache.hadoop.mapred.TaskTracker: attempt_201404140512_0001_m_000006_0 0.7152557% 
2014-04-14 05:18:15,241 INFO org.apache.hadoop.mapred.TaskTracker: attempt_201404140512_0001_m_000005_0 0.6325089% 
2014-04-14 05:18:15,582 INFO org.apache.hadoop.mapred.TaskTracker: attempt_201404140512_0001_m_000004_0 0.84684% 
2014-04-14 05:18:17,966 INFO org.apache.hadoop.mapred.TaskTracker: attempt_201404140512_0001_r_000000_0 0.11111112% reduce > copy (4 of 12 at 9.84 MB/s) > 
2014-04-14 05:18:18,129 INFO org.apache.hadoop.mapred.TaskTracker: attempt_201404140512_0001_m_000007_0 0.74875164% 
2014-04-14 05:18:18,352 INFO org.apache.hadoop.mapred.TaskTracker: attempt_201404140512_0001_m_000006_0 0.7607844% 
2014-04-14 05:18:18,751 INFO org.apache.hadoop.mapred.TaskTracker: attempt_201404140512_0001_m_000004_0 0.9289937% 
2014-04-14 05:18:18,785 INFO org.apache.hadoop.mapred.TaskTracker: attempt_201404140512_0001_m_000005_0 0.7606286% 
2014-04-14 05:18:19,961 INFO org.apache.hadoop.mapred.TaskTracker: attempt_201404140512_0001_r_000001_0 0.11111112% reduce > copy (4 of 12 at 10.13 MB/s) > 
2014-04-14 05:18:21,323 INFO org.apache.hadoop.mapred.TaskTracker: attempt_201404140512_0001_m_000007_0 0.86012906% 
2014-04-14 05:18:21,979 INFO org.apache.hadoop.mapred.TaskTracker: attempt_201404140512_0001_m_000004_0 1.0% 
2014-04-14 05:18:22,202 INFO org.apache.hadoop.mapred.TaskTracker: attempt_201404140512_0001_m_000005_0 0.90146124% 
2014-04-14 05:18:23,013 INFO org.apache.hadoop.mapred.TaskTracker: attempt_201404140512_0001_r_000001_0 0.11111112% reduce > copy (4 of 12 at 10.13 MB/s) > 
2014-04-14 05:18:23,068 INFO org.apache.hadoop.mapred.TaskTracker: attempt_201404140512_0001_m_000006_0 0.9027826% 
2014-04-14 05:18:24,013 INFO org.apache.hadoop.mapred.TaskTracker: attempt_201404140512_0001_r_000000_0 0.11111112% reduce > copy (4 of 12 at 9.84 MB/s) > 
2014-04-14 05:18:24,436 INFO org.apache.hadoop.mapred.TaskTracker: attempt_201404140512_0001_m_000007_0 0.9215748% 
2014-04-14 05:18:25,087 INFO org.apache.hadoop.mapred.TaskTracker: attempt_201404140512_0001_m_000004_0 1.0% 
2014-04-14 05:18:25,314 INFO org.apache.hadoop.mapred.TaskTracker: attempt_201404140512_0001_m_000005_0 0.9932481% 
2014-04-14 05:18:26,251 INFO org.apache.hadoop.mapred.TaskTracker: attempt_201404140512_0001_m_000006_0 1.0% 
2014-04-14 05:18:27,600 INFO org.apache.hadoop.mapred.TaskTracker: attempt_201404140512_0001_m_000007_0 1.0% 
2014-04-14 05:18:28,151 INFO org.apache.hadoop.mapred.TaskTracker: attempt_201404140512_0001_m_000004_0 1.0% 
2014-04-14 05:18:28,434 INFO org.apache.hadoop.mapred.TaskTracker: attempt_201404140512_0001_m_000005_0 1.0% 
2014-04-14 05:18:29,054 INFO org.apache.hadoop.mapred.TaskTracker: attempt_201404140512_0001_r_000001_0 0.11111112% reduce > copy (4 of 12 at 10.13 MB/s) > 
2014-04-14 05:18:29,351 INFO org.apache.hadoop.mapred.TaskTracker: attempt_201404140512_0001_m_000006_0 1.0% 
2014-04-14 05:18:30,066 INFO org.apache.hadoop.mapred.TaskTracker: attempt_201404140512_0001_r_000000_0 0.11111112% reduce > copy (4 of 12 at 9.84 MB/s) > 
2014-04-14 05:18:30,715 INFO org.apache.hadoop.mapred.TaskTracker: attempt_201404140512_0001_m_000007_0 1.0% 
2014-04-14 05:18:31,264 INFO org.apache.hadoop.mapred.TaskTracker: attempt_201404140512_0001_m_000004_0 1.0% 
2014-04-14 05:18:31,651 INFO org.apache.hadoop.mapred.TaskTracker: attempt_201404140512_0001_m_000005_0 1.0% 
2014-04-14 05:18:32,542 INFO org.apache.hadoop.mapred.TaskTracker: attempt_201404140512_0001_m_000006_0 1.0% 
2014-04-14 05:18:33,091 INFO org.apache.hadoop.mapred.TaskTracker: attempt_201404140512_0001_r_000000_0 0.11111112% reduce > copy (4 of 12 at 9.84 MB/s) > 
2014-04-14 05:18:33,807 INFO org.apache.hadoop.mapred.TaskTracker: attempt_201404140512_0001_m_000007_0 1.0% 
2014-04-14 05:18:34,349 INFO org.apache.hadoop.mapred.TaskTracker: attempt_201404140512_0001_m_000004_0 1.0% 
2014-04-14 05:18:34,876 INFO org.apache.hadoop.mapred.TaskTracker: attempt_201404140512_0001_m_000005_0 1.0% 
2014-04-14 05:18:35,078 INFO org.apache.hadoop.mapred.TaskTracker: attempt_201404140512_0001_r_000001_0 0.11111112% reduce > copy (4 of 12 at 10.13 MB/s) > 
2014-04-14 05:18:35,719 INFO org.apache.hadoop.mapred.TaskTracker: attempt_201404140512_0001_m_000006_0 1.0% 
2014-04-14 05:18:37,379 INFO org.apache.hadoop.mapred.TaskTracker: attempt_201404140512_0001_m_000004_0 1.0% 
2014-04-14 05:18:38,114 INFO org.apache.hadoop.mapred.TaskTracker: attempt_201404140512_0001_r_000001_0 0.11111112% reduce > copy (4 of 12 at 10.13 MB/s) > 
2014-04-14 05:18:38,198 INFO org.apache.hadoop.mapred.TaskTracker: attempt_201404140512_0001_m_000005_0 1.0% 
2014-04-14 05:18:38,505 INFO org.apache.hadoop.mapred.TaskTracker: attempt_201404140512_0001_m_000007_0 1.0% 
2014-04-14 05:18:40,571 INFO org.apache.hadoop.mapred.TaskTracker: attempt_201404140512_0001_r_000000_0 0.11111112% reduce > copy (4 of 12 at 9.84 MB/s) > 
2014-04-14 05:18:40,613 INFO org.apache.hadoop.mapred.TaskTracker: attempt_201404140512_0001_m_000004_0 1.0% 
2014-04-14 05:18:41,533 INFO org.apache.hadoop.mapred.TaskTracker: attempt_201404140512_0001_m_000007_0 1.0% 
2014-04-14 05:18:41,534 INFO org.apache.hadoop.mapred.TaskTracker: attempt_201404140512_0001_m_000005_0 1.0% 
2014-04-14 05:18:42,882 INFO org.apache.hadoop.mapred.TaskTracker: attempt_201404140512_0001_m_000006_0 1.0% 
2014-04-14 05:18:44,559 INFO org.apache.hadoop.mapred.TaskTracker: attempt_201404140512_0001_m_000007_0 1.0% 
2014-04-14 05:18:44,697 INFO org.apache.hadoop.mapred.TaskTracker: attempt_201404140512_0001_m_000005_0 1.0% 
2014-04-14 05:18:45,191 INFO org.apache.hadoop.mapred.TaskTracker: attempt_201404140512_0001_r_000000_0 0.11111112% reduce > copy (4 of 12 at 9.84 MB/s) > 
2014-04-14 05:18:46,270 INFO org.apache.hadoop.mapred.TaskTracker: attempt_201404140512_0001_r_000001_0 0.11111112% reduce > copy (4 of 12 at 10.13 MB/s) > 
2014-04-14 05:18:47,710 INFO org.apache.hadoop.mapred.TaskTracker: attempt_201404140512_0001_m_000006_0 1.0% 
2014-04-14 05:18:47,727 INFO org.apache.hadoop.mapred.TaskTracker: attempt_201404140512_0001_m_000005_0 1.0% 
2014-04-14 05:18:49,570 INFO org.apache.hadoop.mapred.TaskTracker: attempt_201404140512_0001_r_000000_0 0.11111112% reduce > copy (4 of 12 at 9.84 MB/s) > 
2014-04-14 05:18:49,673 INFO org.apache.hadoop.mapred.TaskTracker: attempt_201404140512_0001_r_000001_0 0.11111112% reduce > copy (4 of 12 at 10.13 MB/s) > 
2014-04-14 05:18:50,591 INFO org.apache.hadoop.mapred.TaskTracker: attempt_201404140512_0001_m_000007_0 1.0% 
2014-04-14 05:18:52,589 INFO org.apache.hadoop.mapred.TaskTracker: attempt_201404140512_0001_m_000004_0 1.0% 
2014-04-14 05:18:52,592 INFO org.apache.hadoop.mapred.TaskTracker: Task attempt_201404140512_0001_m_000004_0 is done.
2014-04-14 05:18:52,593 INFO org.apache.hadoop.mapred.TaskTracker: reported output size for attempt_201404140512_0001_m_000004_0  was 51961174
2014-04-14 05:18:52,594 INFO org.apache.hadoop.mapred.TaskTracker: addFreeSlot : current free slots : 1
2014-04-14 05:18:52,645 INFO org.apache.hadoop.mapred.TaskTracker: attempt_201404140512_0001_r_000000_0 0.11111112% reduce > copy (4 of 12 at 9.84 MB/s) > 
2014-04-14 05:18:53,471 INFO org.apache.hadoop.mapred.JvmManager: JVM : jvm_201404140512_0001_m_276261346 exited with exit code 0. Number of tasks it ran: 1
2014-04-14 05:18:53,639 INFO org.apache.hadoop.mapred.TaskTracker: attempt_201404140512_0001_m_000007_0 1.0% 
2014-04-14 05:18:53,733 INFO org.apache.hadoop.mapred.TaskTracker: attempt_201404140512_0001_m_000006_0 1.0% 
2014-04-14 05:18:53,760 INFO org.apache.hadoop.mapred.TaskTracker: attempt_201404140512_0001_m_000005_0 1.0% 
2014-04-14 05:18:54,309 INFO org.mortbay.log: org.mortbay.io.nio.SelectorManager$SelectSet@e81789d JVM BUG(s) - injecting delay6 times
2014-04-14 05:18:54,309 INFO org.mortbay.log: org.mortbay.io.nio.SelectorManager$SelectSet@e81789d JVM BUG(s) - recreating selector 6 times, canceled keys 98 times
2014-04-14 05:18:54,396 INFO org.apache.hadoop.mapred.TaskTracker: LaunchTaskAction (registerTask): attempt_201404140512_0001_m_000008_0 task's state:UNASSIGNED
2014-04-14 05:18:54,396 INFO org.apache.hadoop.mapred.TaskTracker: Trying to launch : attempt_201404140512_0001_m_000008_0 which needs 1 slots
2014-04-14 05:18:54,396 INFO org.apache.hadoop.mapred.TaskTracker: In TaskLauncher, current free slots : 1 and trying to launch attempt_201404140512_0001_m_000008_0 which needs 1 slots
2014-04-14 05:18:54,435 INFO org.apache.hadoop.mapred.JvmManager: In JvmRunner constructed JVM ID: jvm_201404140512_0001_m_994417236
2014-04-14 05:18:54,436 INFO org.apache.hadoop.mapred.JvmManager: JVM Runner jvm_201404140512_0001_m_994417236 spawned.
2014-04-14 05:18:54,437 INFO org.apache.hadoop.mapred.TaskController: Writing commands to /tmp/hadoop/hadoop-mgrossman/mapred/local/ttprivate/taskTracker/mgrossman/jobcache/job_201404140512_0001/attempt_201404140512_0001_m_000008_0/taskjvm.sh
2014-04-14 05:18:55,468 INFO org.apache.hadoop.mapred.TaskTracker: JVM with ID: jvm_201404140512_0001_m_994417236 given task: attempt_201404140512_0001_m_000008_0
2014-04-14 05:18:55,698 INFO org.apache.hadoop.mapred.TaskTracker: attempt_201404140512_0001_r_000001_0 0.11111112% reduce > copy (4 of 12 at 10.13 MB/s) > 
2014-04-14 05:18:56,671 INFO org.apache.hadoop.mapred.TaskTracker: attempt_201404140512_0001_m_000007_0 1.0% 
2014-04-14 05:18:56,675 INFO org.apache.hadoop.mapred.TaskTracker: attempt_201404140512_0001_m_000007_0 1.0% 
2014-04-14 05:18:56,677 INFO org.apache.hadoop.mapred.TaskTracker: Task attempt_201404140512_0001_m_000007_0 is done.
2014-04-14 05:18:56,677 INFO org.apache.hadoop.mapred.TaskTracker: reported output size for attempt_201404140512_0001_m_000007_0  was 52806609
2014-04-14 05:18:56,678 INFO org.apache.hadoop.mapred.TaskTracker: addFreeSlot : current free slots : 1
2014-04-14 05:18:56,760 INFO org.apache.hadoop.mapred.TaskTracker: attempt_201404140512_0001_m_000006_0 1.0% 
2014-04-14 05:18:56,763 INFO org.apache.hadoop.mapred.TaskTracker: attempt_201404140512_0001_m_000006_0 1.0% 
2014-04-14 05:18:56,764 INFO org.apache.hadoop.mapred.TaskTracker: Task attempt_201404140512_0001_m_000006_0 is done.
2014-04-14 05:18:56,764 INFO org.apache.hadoop.mapred.TaskTracker: reported output size for attempt_201404140512_0001_m_000006_0  was 51759015
2014-04-14 05:18:56,764 INFO org.apache.hadoop.mapred.TaskTracker: addFreeSlot : current free slots : 2
2014-04-14 05:18:56,783 INFO org.apache.hadoop.mapred.TaskTracker: attempt_201404140512_0001_m_000005_0 1.0% 
2014-04-14 05:18:56,786 INFO org.apache.hadoop.mapred.TaskTracker: attempt_201404140512_0001_m_000005_0 1.0% 
2014-04-14 05:18:56,788 INFO org.apache.hadoop.mapred.TaskTracker: Task attempt_201404140512_0001_m_000005_0 is done.
2014-04-14 05:18:56,788 INFO org.apache.hadoop.mapred.TaskTracker: reported output size for attempt_201404140512_0001_m_000005_0  was 52209478
2014-04-14 05:18:56,788 INFO org.apache.hadoop.mapred.TaskTracker: addFreeSlot : current free slots : 3
2014-04-14 05:18:57,088 INFO org.apache.hadoop.mapred.JvmManager: JVM : jvm_201404140512_0001_m_1665344930 exited with exit code 0. Number of tasks it ran: 1
2014-04-14 05:18:57,136 INFO org.apache.hadoop.mapred.JvmManager: JVM : jvm_201404140512_0001_m_1816059346 exited with exit code 0. Number of tasks it ran: 1
2014-04-14 05:18:57,181 INFO org.apache.hadoop.mapred.JvmManager: JVM : jvm_201404140512_0001_m_1705846798 exited with exit code 0. Number of tasks it ran: 1
2014-04-14 05:18:57,427 INFO org.apache.hadoop.mapred.TaskTracker: LaunchTaskAction (registerTask): attempt_201404140512_0001_m_000009_0 task's state:UNASSIGNED
2014-04-14 05:18:57,427 INFO org.apache.hadoop.mapred.TaskTracker: LaunchTaskAction (registerTask): attempt_201404140512_0001_m_000010_0 task's state:UNASSIGNED
2014-04-14 05:18:57,428 INFO org.apache.hadoop.mapred.TaskTracker: LaunchTaskAction (registerTask): attempt_201404140512_0001_m_000011_0 task's state:UNASSIGNED
2014-04-14 05:18:57,428 INFO org.apache.hadoop.mapred.TaskTracker: Trying to launch : attempt_201404140512_0001_m_000009_0 which needs 1 slots
2014-04-14 05:18:57,428 INFO org.apache.hadoop.mapred.TaskTracker: In TaskLauncher, current free slots : 3 and trying to launch attempt_201404140512_0001_m_000009_0 which needs 1 slots
2014-04-14 05:18:57,428 INFO org.apache.hadoop.mapred.TaskTracker: Trying to launch : attempt_201404140512_0001_m_000010_0 which needs 1 slots
2014-04-14 05:18:57,428 INFO org.apache.hadoop.mapred.TaskTracker: In TaskLauncher, current free slots : 2 and trying to launch attempt_201404140512_0001_m_000010_0 which needs 1 slots
2014-04-14 05:18:57,428 INFO org.apache.hadoop.mapred.TaskTracker: Trying to launch : attempt_201404140512_0001_m_000011_0 which needs 1 slots
2014-04-14 05:18:57,428 INFO org.apache.hadoop.mapred.TaskTracker: In TaskLauncher, current free slots : 1 and trying to launch attempt_201404140512_0001_m_000011_0 which needs 1 slots
2014-04-14 05:18:57,442 INFO org.apache.hadoop.mapred.JvmManager: In JvmRunner constructed JVM ID: jvm_201404140512_0001_m_457195868
2014-04-14 05:18:57,443 INFO org.apache.hadoop.mapred.JvmManager: JVM Runner jvm_201404140512_0001_m_457195868 spawned.
2014-04-14 05:18:57,445 INFO org.apache.hadoop.mapred.JvmManager: In JvmRunner constructed JVM ID: jvm_201404140512_0001_m_497787314
2014-04-14 05:18:57,449 INFO org.apache.hadoop.mapred.JvmManager: JVM Runner jvm_201404140512_0001_m_497787314 spawned.
2014-04-14 05:18:57,450 INFO org.apache.hadoop.mapred.TaskController: Writing commands to /tmp/hadoop/hadoop-mgrossman/mapred/local/ttprivate/taskTracker/mgrossman/jobcache/job_201404140512_0001/attempt_201404140512_0001_m_000010_0/taskjvm.sh
2014-04-14 05:18:57,452 INFO org.apache.hadoop.mapred.TaskController: Writing commands to /tmp/hadoop/hadoop-mgrossman/mapred/local/ttprivate/taskTracker/mgrossman/jobcache/job_201404140512_0001/attempt_201404140512_0001_m_000009_0/taskjvm.sh
2014-04-14 05:18:57,453 INFO org.apache.hadoop.mapred.JvmManager: In JvmRunner constructed JVM ID: jvm_201404140512_0001_m_963509620
2014-04-14 05:18:57,453 INFO org.apache.hadoop.mapred.JvmManager: JVM Runner jvm_201404140512_0001_m_963509620 spawned.
2014-04-14 05:18:57,455 INFO org.apache.hadoop.mapred.TaskController: Writing commands to /tmp/hadoop/hadoop-mgrossman/mapred/local/ttprivate/taskTracker/mgrossman/jobcache/job_201404140512_0001/attempt_201404140512_0001_m_000011_0/taskjvm.sh
2014-04-14 05:18:58,672 INFO org.apache.hadoop.mapred.TaskTracker: attempt_201404140512_0001_r_000000_0 0.11111112% reduce > copy (4 of 12 at 9.84 MB/s) > 
2014-04-14 05:18:58,746 INFO org.apache.hadoop.mapred.TaskTracker: attempt_201404140512_0001_r_000001_0 0.11111112% reduce > copy (4 of 12 at 10.13 MB/s) > 
2014-04-14 05:18:58,984 INFO org.apache.hadoop.mapred.TaskTracker: JVM with ID: jvm_201404140512_0001_m_457195868 given task: attempt_201404140512_0001_m_000010_0
2014-04-14 05:18:59,027 INFO org.apache.hadoop.mapred.TaskTracker: JVM with ID: jvm_201404140512_0001_m_963509620 given task: attempt_201404140512_0001_m_000011_0
2014-04-14 05:18:59,344 INFO org.apache.hadoop.mapred.TaskTracker: JVM with ID: jvm_201404140512_0001_m_497787314 given task: attempt_201404140512_0001_m_000009_0
2014-04-14 05:18:59,804 INFO org.apache.hadoop.mapred.TaskTracker.clienttrace: src: 127.0.1.1:50061, dest: 127.0.0.1:59254, bytes: 25575768, op: MAPRED_SHUFFLE, cliID: attempt_201404140512_0001_m_000004_0, duration: 231438894
2014-04-14 05:19:00,454 INFO org.apache.hadoop.mapred.TaskTracker.clienttrace: src: 127.0.1.1:50061, dest: 127.0.0.1:59255, bytes: 26385406, op: MAPRED_SHUFFLE, cliID: attempt_201404140512_0001_m_000004_0, duration: 758276620
2014-04-14 05:19:01,586 INFO org.apache.hadoop.mapred.TaskTracker.clienttrace: src: 127.0.1.1:50061, dest: 127.0.0.1:59254, bytes: 25763742, op: MAPRED_SHUFFLE, cliID: attempt_201404140512_0001_m_000005_0, duration: 1721389384
2014-04-14 05:19:01,601 INFO org.apache.hadoop.mapred.TaskTracker.clienttrace: src: 127.0.1.1:50061, dest: 127.0.0.1:59255, bytes: 26445736, op: MAPRED_SHUFFLE, cliID: attempt_201404140512_0001_m_000005_0, duration: 1071884822
2014-04-14 05:19:02,556 INFO org.apache.hadoop.mapred.TaskTracker.clienttrace: src: 127.0.1.1:50061, dest: 127.0.0.1:59255, bytes: 26187206, op: MAPRED_SHUFFLE, cliID: attempt_201404140512_0001_m_000006_0, duration: 915350990
2014-04-14 05:19:02,691 INFO org.apache.hadoop.mapred.TaskTracker: attempt_201404140512_0001_m_000008_0 0.18432644% 
2014-04-14 05:19:03,370 INFO org.apache.hadoop.mapred.TaskTracker.clienttrace: src: 127.0.1.1:50061, dest: 127.0.0.1:59254, bytes: 25571809, op: MAPRED_SHUFFLE, cliID: attempt_201404140512_0001_m_000006_0, duration: 1644891618
2014-04-14 05:19:03,885 INFO org.apache.hadoop.mapred.TaskTracker.clienttrace: src: 127.0.1.1:50061, dest: 127.0.0.1:59268, bytes: 26760235, op: MAPRED_SHUFFLE, cliID: attempt_201404140512_0001_m_000007_0, duration: 1310914343
2014-04-14 05:19:04,409 INFO org.apache.hadoop.mapred.TaskTracker.clienttrace: src: 127.0.1.1:50061, dest: 127.0.0.1:59254, bytes: 26046374, op: MAPRED_SHUFFLE, cliID: attempt_201404140512_0001_m_000007_0, duration: 1016557031
2014-04-14 05:19:04,738 INFO org.apache.hadoop.mapred.TaskTracker: attempt_201404140512_0001_r_000000_0 0.22222224% reduce > copy (8 of 12 at 2.66 MB/s) > 
2014-04-14 05:19:04,781 INFO org.apache.hadoop.mapred.TaskTracker: attempt_201404140512_0001_r_000001_0 0.22222224% reduce > copy (8 of 12 at 2.93 MB/s) > 
2014-04-14 05:19:06,141 INFO org.apache.hadoop.mapred.TaskTracker: attempt_201404140512_0001_m_000008_0 0.31772712% 
2014-04-14 05:19:07,637 INFO org.apache.hadoop.mapred.TaskTracker: attempt_201404140512_0001_m_000011_0 0.1321258% 
2014-04-14 05:19:07,783 INFO org.apache.hadoop.mapred.TaskTracker: attempt_201404140512_0001_r_000000_0 0.22222224% reduce > copy (8 of 12 at 2.66 MB/s) > 
2014-04-14 05:19:07,857 INFO org.apache.hadoop.mapred.TaskTracker: attempt_201404140512_0001_r_000001_0 0.22222224% reduce > copy (8 of 12 at 2.93 MB/s) > 
2014-04-14 05:19:09,431 INFO org.apache.hadoop.mapred.TaskTracker: attempt_201404140512_0001_m_000008_0 0.48321307% 
2014-04-14 05:19:10,656 INFO org.apache.hadoop.mapred.TaskTracker: attempt_201404140512_0001_m_000010_0 0.18242739% 
2014-04-14 05:19:10,881 INFO org.apache.hadoop.mapred.TaskTracker: attempt_201404140512_0001_m_000009_0 0.21403278% 
2014-04-14 05:19:11,057 INFO org.apache.hadoop.mapred.TaskTracker: attempt_201404140512_0001_m_000011_0 0.3240202% 
2014-04-14 05:19:12,626 INFO org.apache.hadoop.mapred.TaskTracker: attempt_201404140512_0001_m_000008_0 0.6055492% 
2014-04-14 05:19:13,802 INFO org.apache.hadoop.mapred.TaskTracker: attempt_201404140512_0001_r_000000_0 0.22222224% reduce > copy (8 of 12 at 2.66 MB/s) > 
2014-04-14 05:19:13,840 INFO org.apache.hadoop.mapred.TaskTracker: attempt_201404140512_0001_m_000010_0 0.42860708% 
2014-04-14 05:19:13,876 INFO org.apache.hadoop.mapred.TaskTracker: attempt_201404140512_0001_r_000001_0 0.22222224% reduce > copy (8 of 12 at 2.93 MB/s) > 
2014-04-14 05:19:14,075 INFO org.apache.hadoop.mapred.TaskTracker: attempt_201404140512_0001_m_000009_0 0.4305787% 
2014-04-14 05:19:14,225 INFO org.apache.hadoop.mapred.TaskTracker: attempt_201404140512_0001_m_000011_0 0.5005775% 
2014-04-14 05:19:15,819 INFO org.apache.hadoop.mapred.TaskTracker: attempt_201404140512_0001_m_000008_0 0.73624855% 
2014-04-14 05:19:17,060 INFO org.apache.hadoop.mapred.TaskTracker: attempt_201404140512_0001_m_000010_0 0.5819198% 
2014-04-14 05:19:17,242 INFO org.apache.hadoop.mapred.TaskTracker: attempt_201404140512_0001_m_000009_0 0.55203086% 
2014-04-14 05:19:17,419 INFO org.apache.hadoop.mapred.TaskTracker: attempt_201404140512_0001_m_000011_0 0.5925362% 
2014-04-14 05:19:19,054 INFO org.apache.hadoop.mapred.TaskTracker: attempt_201404140512_0001_m_000008_0 0.805568% 
2014-04-14 05:19:19,834 INFO org.apache.hadoop.mapred.TaskTracker: attempt_201404140512_0001_r_000000_0 0.22222224% reduce > copy (8 of 12 at 2.66 MB/s) > 
2014-04-14 05:19:19,905 INFO org.apache.hadoop.mapred.TaskTracker: attempt_201404140512_0001_r_000001_0 0.22222224% reduce > copy (8 of 12 at 2.93 MB/s) > 
2014-04-14 05:19:20,332 INFO org.apache.hadoop.mapred.TaskTracker: attempt_201404140512_0001_m_000010_0 0.6077184% 
2014-04-14 05:19:20,527 INFO org.apache.hadoop.mapred.TaskTracker: attempt_201404140512_0001_m_000009_0 0.629938% 
2014-04-14 05:19:20,533 INFO org.apache.hadoop.mapred.TaskTracker: attempt_201404140512_0001_m_000011_0 0.7477555% 
2014-04-14 05:19:22,852 INFO org.apache.hadoop.mapred.TaskTracker: attempt_201404140512_0001_r_000000_0 0.22222224% reduce > copy (8 of 12 at 2.66 MB/s) > 
2014-04-14 05:19:22,975 INFO org.apache.hadoop.mapred.TaskTracker: attempt_201404140512_0001_r_000001_0 0.22222224% reduce > copy (8 of 12 at 2.93 MB/s) > 
2014-04-14 05:19:23,035 INFO org.apache.hadoop.mapred.TaskTracker: attempt_201404140512_0001_m_000008_0 0.90785277% 
2014-04-14 05:19:23,505 INFO org.apache.hadoop.mapred.TaskTracker: attempt_201404140512_0001_m_000010_0 0.75297904% 
2014-04-14 05:19:23,673 INFO org.apache.hadoop.mapred.TaskTracker: attempt_201404140512_0001_m_000011_0 0.83810306% 
2014-04-14 05:19:24,087 INFO org.apache.hadoop.mapred.TaskTracker: attempt_201404140512_0001_m_000009_0 0.75924206% 
2014-04-14 05:19:26,156 INFO org.apache.hadoop.mapred.TaskTracker: attempt_201404140512_0001_m_000008_0 1.0% 
2014-04-14 05:19:26,671 INFO org.apache.hadoop.mapred.TaskTracker: attempt_201404140512_0001_m_000010_0 0.87947047% 
2014-04-14 05:19:26,818 INFO org.apache.hadoop.mapred.TaskTracker: attempt_201404140512_0001_m_000011_0 0.93293446% 
2014-04-14 05:19:28,333 INFO org.apache.hadoop.mapred.TaskTracker: attempt_201404140512_0001_m_000009_0 0.90148354% 
2014-04-14 05:19:28,888 INFO org.apache.hadoop.mapred.TaskTracker: attempt_201404140512_0001_r_000000_0 0.22222224% reduce > copy (8 of 12 at 2.66 MB/s) > 
2014-04-14 05:19:28,997 INFO org.apache.hadoop.mapred.TaskTracker: attempt_201404140512_0001_r_000001_0 0.22222224% reduce > copy (8 of 12 at 2.93 MB/s) > 
2014-04-14 05:19:29,375 INFO org.apache.hadoop.mapred.TaskTracker: attempt_201404140512_0001_m_000008_0 1.0% 
2014-04-14 05:19:29,799 INFO org.apache.hadoop.mapred.TaskTracker: attempt_201404140512_0001_m_000010_0 0.94863766% 
2014-04-14 05:19:29,975 INFO org.apache.hadoop.mapred.TaskTracker: attempt_201404140512_0001_m_000011_0 1.0% 
2014-04-14 05:19:31,483 INFO org.apache.hadoop.mapred.TaskTracker: attempt_201404140512_0001_m_000009_0 1.0% 
2014-04-14 05:19:32,025 INFO org.apache.hadoop.mapred.TaskTracker: attempt_201404140512_0001_r_000001_0 0.22222224% reduce > copy (8 of 12 at 2.93 MB/s) > 
2014-04-14 05:19:32,541 INFO org.apache.hadoop.mapred.TaskTracker: attempt_201404140512_0001_m_000008_0 1.0% 
2014-04-14 05:19:32,934 INFO org.apache.hadoop.mapred.TaskTracker: attempt_201404140512_0001_m_000010_0 1.0% 
2014-04-14 05:19:33,091 INFO org.apache.hadoop.mapred.TaskTracker: attempt_201404140512_0001_m_000011_0 1.0% 
2014-04-14 05:19:34,602 INFO org.apache.hadoop.mapred.TaskTracker: attempt_201404140512_0001_m_000009_0 1.0% 
2014-04-14 05:19:34,919 INFO org.apache.hadoop.mapred.TaskTracker: attempt_201404140512_0001_r_000000_0 0.22222224% reduce > copy (8 of 12 at 2.66 MB/s) > 
2014-04-14 05:19:35,644 INFO org.apache.hadoop.mapred.TaskTracker: attempt_201404140512_0001_m_000008_0 1.0% 
2014-04-14 05:19:36,058 INFO org.apache.hadoop.mapred.TaskTracker: attempt_201404140512_0001_m_000010_0 1.0% 
2014-04-14 05:19:36,205 INFO org.apache.hadoop.mapred.TaskTracker: attempt_201404140512_0001_m_000011_0 1.0% 
2014-04-14 05:19:37,731 INFO org.apache.hadoop.mapred.TaskTracker: attempt_201404140512_0001_m_000009_0 1.0% 
2014-04-14 05:19:37,937 INFO org.apache.hadoop.mapred.TaskTracker: attempt_201404140512_0001_r_000000_0 0.22222224% reduce > copy (8 of 12 at 2.66 MB/s) > 
2014-04-14 05:19:38,055 INFO org.apache.hadoop.mapred.TaskTracker: attempt_201404140512_0001_r_000001_0 0.22222224% reduce > copy (8 of 12 at 2.93 MB/s) > 
2014-04-14 05:19:38,713 INFO org.apache.hadoop.mapred.TaskTracker: attempt_201404140512_0001_m_000008_0 1.0% 
2014-04-14 05:19:39,178 INFO org.apache.hadoop.mapred.TaskTracker: attempt_201404140512_0001_m_000010_0 1.0% 
2014-04-14 05:19:39,268 INFO org.apache.hadoop.mapred.TaskTracker: attempt_201404140512_0001_m_000011_0 1.0% 
2014-04-14 05:19:41,947 INFO org.apache.hadoop.mapred.TaskTracker: attempt_201404140512_0001_m_000008_0 1.0% 
2014-04-14 05:19:42,429 INFO org.apache.hadoop.mapred.TaskTracker: attempt_201404140512_0001_m_000010_0 1.0% 
2014-04-14 05:19:43,964 INFO org.apache.hadoop.mapred.TaskTracker: attempt_201404140512_0001_r_000000_0 0.22222224% reduce > copy (8 of 12 at 2.66 MB/s) > 
2014-04-14 05:19:44,093 INFO org.apache.hadoop.mapred.TaskTracker: attempt_201404140512_0001_r_000001_0 0.22222224% reduce > copy (8 of 12 at 2.93 MB/s) > 
2014-04-14 05:19:44,827 INFO org.apache.hadoop.mapred.TaskTracker: attempt_201404140512_0001_m_000011_0 1.0% 
2014-04-14 05:19:46,415 INFO org.apache.hadoop.mapred.TaskTracker: attempt_201404140512_0001_m_000010_0 1.0% 
2014-04-14 05:19:46,437 INFO org.apache.hadoop.mapred.TaskTracker: attempt_201404140512_0001_m_000008_0 1.0% 
2014-04-14 05:19:46,505 INFO org.apache.hadoop.mapred.TaskTracker: attempt_201404140512_0001_m_000009_0 1.0% 
2014-04-14 05:19:47,122 INFO org.apache.hadoop.mapred.TaskTracker: attempt_201404140512_0001_r_000001_0 0.22222224% reduce > copy (8 of 12 at 2.93 MB/s) > 
2014-04-14 05:19:48,382 INFO org.apache.hadoop.mapred.TaskTracker: attempt_201404140512_0001_m_000011_0 1.0% 
2014-04-14 05:19:49,472 INFO org.apache.hadoop.mapred.TaskTracker: attempt_201404140512_0001_m_000008_0 1.0% 
2014-04-14 05:19:49,739 INFO org.apache.hadoop.mapred.TaskTracker: attempt_201404140512_0001_m_000009_0 1.0% 
2014-04-14 05:19:49,989 INFO org.apache.hadoop.mapred.TaskTracker: attempt_201404140512_0001_r_000000_0 0.22222224% reduce > copy (8 of 12 at 2.66 MB/s) > 
2014-04-14 05:19:51,408 INFO org.apache.hadoop.mapred.TaskTracker: attempt_201404140512_0001_m_000011_0 1.0% 
2014-04-14 05:19:52,459 INFO org.apache.hadoop.mapred.TaskTracker: attempt_201404140512_0001_m_000010_0 1.0% 
2014-04-14 05:19:52,491 INFO org.apache.hadoop.mapred.TaskTracker: attempt_201404140512_0001_m_000008_0 1.0% 
2014-04-14 05:19:52,770 INFO org.apache.hadoop.mapred.TaskTracker: attempt_201404140512_0001_m_000009_0 1.0% 
2014-04-14 05:19:53,010 INFO org.apache.hadoop.mapred.TaskTracker: attempt_201404140512_0001_r_000000_0 0.22222224% reduce > copy (8 of 12 at 2.66 MB/s) > 
2014-04-14 05:19:53,150 INFO org.apache.hadoop.mapred.TaskTracker: attempt_201404140512_0001_r_000001_0 0.22222224% reduce > copy (8 of 12 at 2.93 MB/s) > 
2014-04-14 05:19:54,446 INFO org.apache.hadoop.mapred.TaskTracker: attempt_201404140512_0001_m_000011_0 1.0% 
2014-04-14 05:19:54,867 INFO org.mortbay.log: org.mortbay.io.nio.SelectorManager$SelectSet@e81789d JVM BUG(s) - injecting delay5 times
2014-04-14 05:19:54,867 INFO org.mortbay.log: org.mortbay.io.nio.SelectorManager$SelectSet@e81789d JVM BUG(s) - recreating selector 5 times, canceled keys 81 times
2014-04-14 05:19:56,034 INFO org.apache.hadoop.mapred.TaskTracker: attempt_201404140512_0001_m_000009_0 1.0% 
2014-04-14 05:19:56,187 INFO org.apache.hadoop.mapred.TaskTracker: attempt_201404140512_0001_m_000010_0 1.0% 
2014-04-14 05:19:58,498 INFO org.apache.hadoop.mapred.TaskTracker: attempt_201404140512_0001_m_000008_0 1.0% 
2014-04-14 05:19:58,501 INFO org.apache.hadoop.mapred.TaskTracker: Task attempt_201404140512_0001_m_000008_0 is done.
2014-04-14 05:19:58,501 INFO org.apache.hadoop.mapred.TaskTracker: reported output size for attempt_201404140512_0001_m_000008_0  was 52484422
2014-04-14 05:19:58,502 INFO org.apache.hadoop.mapred.TaskTracker: addFreeSlot : current free slots : 1
2014-04-14 05:19:59,049 INFO org.apache.hadoop.mapred.TaskTracker: attempt_201404140512_0001_r_000000_0 0.22222224% reduce > copy (8 of 12 at 2.66 MB/s) > 
2014-04-14 05:19:59,062 INFO org.apache.hadoop.mapred.TaskTracker: attempt_201404140512_0001_m_000009_0 1.0% 
2014-04-14 05:19:59,199 INFO org.apache.hadoop.mapred.TaskTracker: attempt_201404140512_0001_r_000001_0 0.22222224% reduce > copy (8 of 12 at 2.93 MB/s) > 
2014-04-14 05:19:59,212 INFO org.apache.hadoop.mapred.TaskTracker: attempt_201404140512_0001_m_000010_0 1.0% 
2014-04-14 05:20:00,669 INFO org.apache.hadoop.mapred.TaskTracker: attempt_201404140512_0001_m_000011_0 1.0% 
2014-04-14 05:20:00,672 INFO org.apache.hadoop.mapred.TaskTracker: attempt_201404140512_0001_m_000011_0 1.0% 
2014-04-14 05:20:00,673 INFO org.apache.hadoop.mapred.TaskTracker: Task attempt_201404140512_0001_m_000011_0 is done.
2014-04-14 05:20:00,673 INFO org.apache.hadoop.mapred.TaskTracker: reported output size for attempt_201404140512_0001_m_000011_0  was 51261824
2014-04-14 05:20:00,674 INFO org.apache.hadoop.mapred.TaskTracker: addFreeSlot : current free slots : 2
2014-04-14 05:20:02,231 INFO org.apache.hadoop.mapred.TaskTracker: attempt_201404140512_0001_r_000001_0 0.22222224% reduce > copy (8 of 12 at 2.93 MB/s) > 
2014-04-14 05:20:03,123 INFO org.apache.hadoop.mapred.JvmManager: JVM : jvm_201404140512_0001_m_994417236 exited with exit code 0. Number of tasks it ran: 1
2014-04-14 05:20:03,129 INFO org.apache.hadoop.mapred.JvmManager: JVM : jvm_201404140512_0001_m_963509620 exited with exit code 0. Number of tasks it ran: 1
2014-04-14 05:20:04,271 INFO org.apache.hadoop.mapred.TaskTracker.clienttrace: src: 127.0.1.1:50061, dest: 127.0.0.1:59324, bytes: 26635752, op: MAPRED_SHUFFLE, cliID: attempt_201404140512_0001_m_000008_0, duration: 318572909
2014-04-14 05:20:05,070 INFO org.apache.hadoop.mapred.TaskTracker: attempt_201404140512_0001_r_000000_0 0.22222224% reduce > copy (8 of 12 at 2.66 MB/s) > 
2014-04-14 05:20:05,070 INFO org.apache.hadoop.mapred.TaskTracker.clienttrace: src: 127.0.1.1:50061, dest: 127.0.0.1:59325, bytes: 25848670, op: MAPRED_SHUFFLE, cliID: attempt_201404140512_0001_m_000008_0, duration: 610117512
2014-04-14 05:20:05,097 INFO org.apache.hadoop.mapred.TaskTracker: attempt_201404140512_0001_m_000009_0 1.0% 
2014-04-14 05:20:05,099 INFO org.apache.hadoop.mapred.TaskTracker: Task attempt_201404140512_0001_m_000009_0 is done.
2014-04-14 05:20:05,099 INFO org.apache.hadoop.mapred.TaskTracker: reported output size for attempt_201404140512_0001_m_000009_0  was 52197794
2014-04-14 05:20:05,100 INFO org.apache.hadoop.mapred.TaskTracker: addFreeSlot : current free slots : 3
2014-04-14 05:20:05,220 INFO org.apache.hadoop.mapred.TaskTracker: attempt_201404140512_0001_m_000010_0 1.0% 
2014-04-14 05:20:05,222 INFO org.apache.hadoop.mapred.TaskTracker: Task attempt_201404140512_0001_m_000010_0 is done.
2014-04-14 05:20:05,222 INFO org.apache.hadoop.mapred.TaskTracker: reported output size for attempt_201404140512_0001_m_000010_0  was 52583539
2014-04-14 05:20:05,223 INFO org.apache.hadoop.mapred.TaskTracker: addFreeSlot : current free slots : 4
2014-04-14 05:20:05,558 INFO org.apache.hadoop.mapred.JvmManager: JVM : jvm_201404140512_0001_m_497787314 exited with exit code 0. Number of tasks it ran: 1
2014-04-14 05:20:05,666 INFO org.apache.hadoop.mapred.JvmManager: JVM : jvm_201404140512_0001_m_457195868 exited with exit code 0. Number of tasks it ran: 1
2014-04-14 05:20:08,088 INFO org.apache.hadoop.mapred.TaskTracker: attempt_201404140512_0001_r_000000_0 0.25% reduce > copy (9 of 12 at 1.64 MB/s) > 
2014-04-14 05:20:08,273 INFO org.apache.hadoop.mapred.TaskTracker: attempt_201404140512_0001_r_000001_0 0.25% reduce > copy (9 of 12 at 1.76 MB/s) > 
2014-04-14 05:20:09,466 INFO org.apache.hadoop.mapred.TaskTracker.clienttrace: src: 127.0.1.1:50061, dest: 127.0.0.1:59326, bytes: 25955407, op: MAPRED_SHUFFLE, cliID: attempt_201404140512_0001_m_000011_0, duration: 173161076
2014-04-14 05:20:10,163 INFO org.apache.hadoop.mapred.TaskTracker.clienttrace: src: 127.0.1.1:50061, dest: 127.0.0.1:59326, bytes: 26525068, op: MAPRED_SHUFFLE, cliID: attempt_201404140512_0001_m_000009_0, duration: 682275219
2014-04-14 05:20:11,156 INFO org.apache.hadoop.mapred.TaskTracker: attempt_201404140512_0001_r_000000_0 0.25% reduce > copy (9 of 12 at 1.64 MB/s) > 
2014-04-14 05:20:11,202 INFO org.apache.hadoop.mapred.TaskTracker.clienttrace: src: 127.0.1.1:50061, dest: 127.0.0.1:59327, bytes: 25306417, op: MAPRED_SHUFFLE, cliID: attempt_201404140512_0001_m_000011_0, duration: 1095585348
2014-04-14 05:20:11,203 INFO org.apache.hadoop.mapred.TaskTracker.clienttrace: src: 127.0.1.1:50061, dest: 127.0.0.1:59326, bytes: 26699169, op: MAPRED_SHUFFLE, cliID: attempt_201404140512_0001_m_000010_0, duration: 1022225732
2014-04-14 05:20:11,939 INFO org.apache.hadoop.mapred.TaskTracker: attempt_201404140512_0001_r_000001_0 0.25% reduce > copy (9 of 12 at 1.76 MB/s) > 
2014-04-14 05:20:12,202 INFO org.apache.hadoop.mapred.TaskTracker.clienttrace: src: 127.0.1.1:50061, dest: 127.0.0.1:59327, bytes: 25672726, op: MAPRED_SHUFFLE, cliID: attempt_201404140512_0001_m_000009_0, duration: 995360668
2014-04-14 05:20:12,912 INFO org.apache.hadoop.mapred.TaskTracker: attempt_201404140512_0001_r_000001_0 0.25% reduce > copy (9 of 12 at 1.76 MB/s) > 
2014-04-14 05:20:13,182 INFO org.apache.hadoop.mapred.TaskTracker.clienttrace: src: 127.0.1.1:50061, dest: 127.0.0.1:59327, bytes: 25884370, op: MAPRED_SHUFFLE, cliID: attempt_201404140512_0001_m_000010_0, duration: 967410091
2014-04-14 05:20:14,183 INFO org.apache.hadoop.mapred.TaskTracker: attempt_201404140512_0001_r_000000_0 0.33333334% reduce > sort
2014-04-14 05:20:14,184 INFO org.apache.hadoop.mapred.TaskTracker: attempt_201404140512_0001_r_000000_0 0.33333334% reduce > sort
2014-04-14 05:20:14,299 INFO org.apache.hadoop.mapred.TaskTracker: attempt_201404140512_0001_r_000001_0 0.666691% reduce > reduce
2014-04-14 05:20:15,154 INFO org.apache.hadoop.mapred.TaskTracker: attempt_201404140512_0001_r_000000_0 0.33333334% reduce > sort
2014-04-14 05:20:17,211 INFO org.apache.hadoop.mapred.TaskTracker: attempt_201404140512_0001_r_000000_0 0.6666853% reduce > reduce
2014-04-14 05:20:17,287 INFO org.apache.hadoop.mapred.TaskTracker: Task attempt_201404140512_0001_r_000001_0 is in commit-pending, task state:COMMIT_PENDING
2014-04-14 05:20:17,288 INFO org.apache.hadoop.mapred.TaskTracker: attempt_201404140512_0001_r_000001_0 0.666691% reduce > reduce
2014-04-14 05:20:17,323 INFO org.apache.hadoop.mapred.TaskTracker: attempt_201404140512_0001_r_000001_0 0.666691% reduce > reduce
2014-04-14 05:20:17,776 WARN org.apache.hadoop.mapred.DefaultTaskController: Exit code from task is : 3
2014-04-14 05:20:17,776 INFO org.apache.hadoop.mapred.DefaultTaskController: Output from command export JVM_PID=`echo $$`
export HADOOP_CLIENT_OPTS="-Dhadoop.tasklog.taskid=attempt_201404140512_0001_r_000000_0 -Dhadoop.tasklog.iscleanup=false -Dhadoop.tasklog.totalLogFileSize=0"
export SHELL="/bin/bash"
export HADOOP_WORK_DIR="/tmp/hadoop/hadoop-mgrossman/mapred/local/taskTracker/mgrossman/jobcache/job_201404140512_0001/attempt_201404140512_0001_r_000000_0/work"
export HOME="/homes/"
export LOGNAME="mgrossman"
export HADOOP_TOKEN_FILE_LOCATION="/tmp/hadoop/hadoop-mgrossman/mapred/local/taskTracker/mgrossman/jobcache/job_201404140512_0001/jobToken"
export HADOOP_ROOT_LOGGER="INFO,TLA"
export LD_LIBRARY_PATH="/tmp/hadoop/hadoop-mgrossman/mapred/local/taskTracker/mgrossman/jobcache/job_201404140512_0001/attempt_201404140512_0001_r_000000_0/work:/usr/lib64:/home-nis/mgrossman/hadoopcl-aparapi/com.amd.aparapi.jni/dist/:/usr/lib64:/home-nis/mgrossman/hadoopcl-aparapi/com.amd.aparapi.jni/dist/:/usr/lib64:/home-nis/mgrossman/hadoopcl-aparapi/com.amd.aparapi.jni/dist/:"
export USER="mgrossman"

exec setsid '/home-nis/mgrossman/jdk1.7.0_51/jre/bin/java' '-Dopencl.device=0' '-Dopencl.device_slot=-1' '-Djava.library.path=/home-nis/mgrossman/lzo-install/lib:/home-nis/mgrossman/lzo-install/lib:/home-nis/mgrossman/lzo-install/lib::/home-nis/mgrossman/hadoopcl/libexec/../lib/native/Linux-amd64-64:/tmp/hadoop/hadoop-mgrossman/mapred/local/taskTracker/mgrossman/jobcache/job_201404140512_0001/attempt_201404140512_0001_r_000000_0/work' '-Xms2G' '-Xmx4G' '-Dopencl.mapper.threadsPerGroup.gpu=256' '-Dopencl.mapper.threadsPerGroup.cpu=64' '-Dopencl.reducer.threadsPerGroup.gpu=256' '-Dopencl.reducer.threadsPerGroup.cpu=64' '-Dopencl.scheduler=BALANCED' '-Dopencl.vectorsToBuffer=32768' '-Djava.net.preferIPv4Stack=true' '-Dhadoop.metrics.log.level=WARN' '-Djava.io.tmpdir=/tmp/hadoop/hadoop-mgrossman/mapred/local/taskTracker/mgrossman/jobcache/job_201404140512_0001/attempt_201404140512_0001_r_000000_0/work/tmp' '-classpath' '/home-nis/mgrossman/hadoopcl/libexec/../conf:/home-nis/mgrossman/jdk1.7.0_51/lib/tools.jar:/home-nis/mgrossman/hadoopcl/libexec/../build/classes:/home-nis/mgrossman/hadoopcl/libexec/../build:/home-nis/mgrossman/hadoopcl/libexec/../build/test/classes:/home-nis/mgrossman/hadoopcl/libexec/../build/tools:/home-nis/mgrossman/hadoopcl/libexec/..:/home-nis/mgrossman/hadoopcl/libexec/../hadoop-core-*.jar:/home-nis/mgrossman/hadoopcl/libexec/../lib/aparapi.jar:/home-nis/mgrossman/hadoopcl/libexec/../lib/asm-3.2.jar:/home-nis/mgrossman/hadoopcl/libexec/../lib/aspectjrt-1.6.5.jar:/home-nis/mgrossman/hadoopcl/libexec/../lib/aspectjtools-1.6.5.jar:/home-nis/mgrossman/hadoopcl/libexec/../lib/commons-beanutils-1.7.0.jar:/home-nis/mgrossman/hadoopcl/libexec/../lib/commons-beanutils-core-1.8.0.jar:/home-nis/mgrossman/hadoopcl/libexec/../lib/commons-cli-1.0-beta-2-dev.jar:/home-nis/mgrossman/hadoopcl/libexec/../lib/commons-cli-2.0-mahout.jar:/home-nis/mgrossman/hadoopcl/libexec/../lib/commons-codec-1.4.jar:/home-nis/mgrossman/hadoopcl/libexec/../lib/commons-collections-3.2.1.jar:/home-nis/mgrossman/hadoopcl/libexec/../lib/commons-configuration-1.6.jar:/home-nis/mgrossman/hadoopcl/libexec/../lib/commons-daemon-1.0.1.jar:/home-nis/mgrossman/hadoopcl/libexec/../lib/commons-digester-1.8.jar:/home-nis/mgrossman/hadoopcl/libexec/../lib/commons-el-1.0.jar:/home-nis/mgrossman/hadoopcl/libexec/../lib/commons-httpclient-3.0.1.jar:/home-nis/mgrossman/hadoopcl/libexec/../lib/commons-io-2.1.jar:/home-nis/mgrossman/hadoopcl/libexec/../lib/commons-lang-2.4.jar:/home-nis/mgrossman/hadoopcl/libexec/../lib/commons-logging-1.1.1.jar:/home-nis/mgrossman/hadoopcl/libexec/../lib/commons-logging-api-1.0.4.jar:/home-nis/mgrossman/hadoopcl/libexec/../lib/commons-math-2.1.jar:/home-nis/mgrossman/hadoopcl/libexec/../lib/commons-math3-3.2.jar:/home-nis/mgrossman/hadoopcl/libexec/../lib/commons-net-1.4.1.jar:/home-nis/mgrossman/hadoopcl/libexec/../lib/core-3.1.1.jar:/home-nis/mgrossman/hadoopcl/libexec/../lib/guava-15.0.jar:/home-nis/mgrossman/hadoopcl/libexec/../lib/guava-primitives-r03.jar:/home-nis/mgrossman/hadoopcl/libexec/../lib/hadoop-capacity-scheduler-1.0.3.jar:/home-nis/mgrossman/hadoopcl/libexec/../lib/hadoop-fairscheduler-1.0.3.jar:/home-nis/mgrossman/hadoopcl/libexec/../lib/hadoop-thriftfs-1.0.3.jar:/home-nis/mgrossman/hadoopcl/libexec/../lib/hsqldb-1.8.0.10.jar:/home-nis/mgrossman/hadoopcl/libexec/../lib/jackson-core-asl-1.8.8.jar:/home-nis/mgrossman/hadoopcl/libexec/../lib/jackson-mapper-asl-1.8.8.jar:/home-nis/mgrossman/hadoopcl/libexec/../lib/jasper-compiler-5.5.12.jar:/home-nis/mgrossman/hadoopcl/libexec/../lib/jasper-runtime-5.5.12.jar:/home-nis/mgrossman/hadoopcl/libexec/../lib/jdeb-0.8.jar:/home-nis/mgrossman/hadoopcl/libexec/../lib/jersey-core-1.8.jar:/home-nis/mgrossman/hadoopcl/libexec/../lib/jersey-json-1.8.jar:/home-nis/mgrossman/hadoopcl/libexec/../lib/jersey-server-1.8.jar:/home-nis/mgrossman/hadoopcl/libexec/../lib/jets3t-0.6.1.jar:/home-nis/mgrossman/hadoopcl/libexec/../lib/jetty-6.1.26.jar:/home-nis/mgrossman/hadoopcl/libexec/../lib/jetty-util-6.1.26.jar:/home-nis/mgrossman/hadoopcl/libexec/../lib/jsch-0.1.42.jar:/home-nis/mgrossman/hadoopcl/libexec/../lib/junit-4.5.jar:/home-nis/mgrossman/hadoopcl/libexec/../lib/kfs-0.2.2.jar:/home-nis/mgrossman/hadoopcl/libexec/../lib/log4j-1.2.15.jar:/home-nis/mgrossman/hadoopcl/libexec/../lib/lucene-core-2.3.1.jar:/home-nis/mgrossman/hadoopcl/libexec/../lib/mahout-core-0.9-SNAPSHOT.jar:/home-nis/mgrossman/hadoopcl/libexec/../lib/mahout-examples-0.8.jar:/home-nis/mgrossman/hadoopcl/libexec/../lib/mahout-math-0.9-SNAPSHOT.jar:/home-nis/mgrossman/hadoopcl/libexec/../lib/mockito-all-1.8.5.jar:/home-nis/mgrossman/hadoopcl/libexec/../lib/oro-2.0.8.jar:/home-nis/mgrossman/hadoopcl/libexec/../lib/servlet-api-2.5-20081211.jar:/home-nis/mgrossman/hadoopcl/libexec/../lib/slf4j-api-1.4.3.jar:/home-nis/mgrossman/hadoopcl/libexec/../lib/slf4j-log4j12-1.4.3.jar:/home-nis/mgrossman/hadoopcl/libexec/../lib/xmlenc-0.52.jar:/home-nis/mgrossman/hadoopcl/libexec/../lib/jsp-2.1/jsp-2.1.jar:/home-nis/mgrossman/hadoopcl/libexec/../lib/jsp-2.1/jsp-api-2.1.jar:/home-nis/mgrossman/hadoopcl/libexec/../build/hadoop-core-1.0.4-SNAPSHOT.jar:/build/hadoop-gpl-compression-0.2.0-dev.jar:/home-nis/mgrossman/mahout/trunk/core/target/mahout-core-0.8-SNAPSHOT.jar:/home-nis/mgrossman/mahout/trunk/math/target/mahout-math-0.8-SNAPSHOT.jar:/home-nis/mgrossman/hadoopcl-aparapi/com.amd.aparapi/dist/aparapi.jar:/home-nis/mgrossman/hadoopcl/libexec/../build/hadoop-core-1.0.4-SNAPSHOT.jar:/build/hadoop-gpl-compression-0.2.0-dev.jar:/home-nis/mgrossman/hadoopcl/libexec/../build/hadoop-core-1.0.4-SNAPSHOT.jar:/home-nis/mgrossman/jfreechart-1.0.14.jar:.:/home-nis/mgrossman/mahout/trunk/core/target/mahout-core-0.8-SNAPSHOT.jar:/home-nis/mgrossman/mahout/trunk/math/target/mahout-math-0.8-SNAPSHOT.jar:/home-nis/mgrossman/hadoopcl-aparapi/com.amd.aparapi/dist/aparapi.jar:/home-nis/mgrossman/hadoopcl/libexec/../build/hadoop-core-1.0.4-SNAPSHOT.jar:/build/hadoop-gpl-compression-0.2.0-dev.jar:/home-nis/mgrossman/hadoopcl/libexec/../build/hadoop-core-1.0.4-SNAPSHOT.jar:/home-nis/mgrossman/jfreechart-1.0.14.jar:.:/home-nis/mgrossman/mahout/trunk/core/target/mahout-core-0.8-SNAPSHOT.jar:/home-nis/mgrossman/mahout/trunk/math/target/mahout-math-0.8-SNAPSHOT.jar:/home-nis/mgrossman/hadoopcl-aparapi/com.amd.aparapi/dist/aparapi.jar:/build/hadoop-core-1.0.4-SNAPSHOT.jar:/build/hadoop-gpl-compression-0.2.0-dev.jar:/build/hadoop-core-1.0.4-SNAPSHOT.jar:/home-nis/mgrossman/jfreechart-1.0.14.jar:.::/home-nis/mgrossman/hadoopcl/libexec/../build/hadoop-core-1.0.4-SNAPSHOT.jar:/build/hadoop-gpl-compression-0.2.0-dev.jar:/home-nis/mgrossman/mahout/trunk/core/target/mahout-core-0.8-SNAPSHOT.jar:/home-nis/mgrossman/mahout/trunk/math/target/mahout-math-0.8-SNAPSHOT.jar:/home-nis/mgrossman/hadoopcl-aparapi/com.amd.aparapi/dist/aparapi.jar:/home-nis/mgrossman/hadoopcl/libexec/../build/hadoop-core-1.0.4-SNAPSHOT.jar:/build/hadoop-gpl-compression-0.2.0-dev.jar:/home-nis/mgrossman/hadoopcl/libexec/../build/hadoop-core-1.0.4-SNAPSHOT.jar:/home-nis/mgrossman/jfreechart-1.0.14.jar:.:/home-nis/mgrossman/mahout/trunk/core/target/mahout-core-0.8-SNAPSHOT.jar:/home-nis/mgrossman/mahout/trunk/math/target/mahout-math-0.8-SNAPSHOT.jar:/home-nis/mgrossman/hadoopcl-aparapi/com.amd.aparapi/dist/aparapi.jar:/build/hadoop-core-1.0.4-SNAPSHOT.jar:/build/hadoop-gpl-compression-0.2.0-dev.jar:/build/hadoop-core-1.0.4-SNAPSHOT.jar:/home-nis/mgrossman/jfreechart-1.0.14.jar:.::/build/hadoop-core-1.0.4-SNAPSHOT.jar:/build/hadoop-gpl-compression-0.2.0-dev.jar:/home-nis/mgrossman/mahout/trunk/core/target/mahout-core-0.8-SNAPSHOT.jar:/home-nis/mgrossman/mahout/trunk/math/target/mahout-math-0.8-SNAPSHOT.jar:/home-nis/mgrossman/hadoopcl-aparapi/com.amd.aparapi/dist/aparapi.jar:/build/hadoop-core-1.0.4-SNAPSHOT.jar:/build/hadoop-gpl-compression-0.2.0-dev.jar:/build/hadoop-core-1.0.4-SNAPSHOT.jar:/home-nis/mgrossman/jfreechart-1.0.14.jar:.:/tmp/hadoop/hadoop-mgrossman/mapred/local/taskTracker/mgrossman/jobcache/job_201404140512_0001/jars/classes:/tmp/hadoop/hadoop-mgrossman/mapred/local/taskTracker/mgrossman/jobcache/job_201404140512_0001/jars:/tmp/hadoop/hadoop-mgrossman/mapred/local/taskTracker/mgrossman/jobcache/job_201404140512_0001/attempt_201404140512_0001_r_000000_0/work' '-Dhadoop.log.dir=/tmp/hadoop/logs' '-Dhadoop.root.logger=INFO,TLA' '-Dhadoop.tasklog.taskid=attempt_201404140512_0001_r_000000_0' '-Dhadoop.tasklog.iscleanup=false' '-Dhadoop.tasklog.totalLogFileSize=0' 'org.apache.hadoop.mapred.Child' '127.0.0.1' '42112' 'attempt_201404140512_0001_r_000000_0' '/tmp/hadoop/logs/userlogs/job_201404140512_0001/attempt_201404140512_0001_r_000000_0' '1626264046'  < /dev/null  1>> /tmp/hadoop/logs/userlogs/job_201404140512_0001/attempt_201404140512_0001_r_000000_0/stdout 2>> /tmp/hadoop/logs/userlogs/job_201404140512_0001/attempt_201404140512_0001_r_000000_0/stderr
2014-04-14 05:20:17,777 INFO org.apache.hadoop.mapred.DefaultTaskController: Output from exception  org.apache.hadoop.util.Shell$ExitCodeException: 
2014-04-14 05:20:17,777 INFO org.apache.hadoop.mapred.DefaultTaskController: Output from DefaultTaskController's launchTask follows:
2014-04-14 05:20:17,777 INFO org.apache.hadoop.mapred.TaskController: 
2014-04-14 05:20:17,781 INFO org.apache.hadoop.mapred.JvmManager: JVM : jvm_201404140512_0001_r_1626264046 exited with exit code 3. Number of tasks it ran: 0
2014-04-14 05:20:17,792 WARN org.apache.hadoop.mapred.TaskRunner: attempt_201404140512_0001_r_000000_0 : Child Error
java.io.IOException: Task process exit with nonzero status of 3.
	at org.apache.hadoop.mapred.TaskRunner.run(TaskRunner.java:278)
2014-04-14 05:20:18,740 INFO org.apache.hadoop.mapred.TaskTracker: Received commit task action for attempt_201404140512_0001_r_000001_0
2014-04-14 05:20:20,330 INFO org.apache.hadoop.mapred.TaskTracker: attempt_201404140512_0001_r_000001_0 0.666691% reduce > reduce
2014-04-14 05:20:20,332 INFO org.apache.hadoop.mapred.TaskTracker: Task attempt_201404140512_0001_r_000001_0 is done.
2014-04-14 05:20:20,333 INFO org.apache.hadoop.mapred.TaskTracker: reported output size for attempt_201404140512_0001_r_000001_0  was -1
2014-04-14 05:20:20,336 INFO org.apache.hadoop.mapred.TaskTracker: addFreeSlot : current free slots : 1
2014-04-14 05:20:20,660 INFO org.apache.hadoop.mapred.JvmManager: JVM : jvm_201404140512_0001_r_1973135367 exited with exit code 0. Number of tasks it ran: 1
2014-04-14 05:20:20,799 INFO org.apache.hadoop.mapred.TaskTracker: addFreeSlot : current free slots : 2
2014-04-14 05:20:21,761 INFO org.apache.hadoop.mapred.TaskTracker: LaunchTaskAction (registerTask): attempt_201404140512_0001_r_000000_0 task's state:FAILED_UNCLEAN
2014-04-14 05:20:21,761 INFO org.apache.hadoop.mapred.TaskTracker: Trying to launch : attempt_201404140512_0001_r_000000_0 which needs 1 slots
2014-04-14 05:20:21,761 INFO org.apache.hadoop.mapred.TaskTracker: In TaskLauncher, current free slots : 2 and trying to launch attempt_201404140512_0001_r_000000_0 which needs 1 slots
2014-04-14 05:20:21,762 INFO org.apache.hadoop.mapred.TaskTracker: Received KillTaskAction for task: attempt_201404140512_0001_r_000001_0
2014-04-14 05:20:21,763 INFO org.apache.hadoop.mapred.TaskTracker: About to purge task: attempt_201404140512_0001_r_000001_0
2014-04-14 05:20:21,798 INFO org.apache.hadoop.mapred.JvmManager: In JvmRunner constructed JVM ID: jvm_201404140512_0001_r_1730183702
2014-04-14 05:20:21,798 INFO org.apache.hadoop.mapred.JvmManager: JVM Runner jvm_201404140512_0001_r_1730183702 spawned.
2014-04-14 05:20:21,803 INFO org.apache.hadoop.mapred.TaskController: Writing commands to /tmp/hadoop/hadoop-mgrossman/mapred/local/ttprivate/taskTracker/mgrossman/jobcache/job_201404140512_0001/attempt_201404140512_0001_r_000000_0.cleanup/taskjvm.sh
2014-04-14 05:20:24,472 INFO org.apache.hadoop.mapred.TaskTracker: JVM with ID: jvm_201404140512_0001_r_1730183702 given task: attempt_201404140512_0001_r_000000_0
2014-04-14 05:20:25,661 INFO org.apache.hadoop.mapred.TaskTracker: attempt_201404140512_0001_r_000000_0 0.0% 
2014-04-14 05:20:28,553 INFO org.apache.hadoop.mapred.TaskTracker: attempt_201404140512_0001_r_000000_0 0.0% cleanup
2014-04-14 05:20:28,556 INFO org.apache.hadoop.mapred.TaskTracker: Task attempt_201404140512_0001_r_000000_0 is done.
2014-04-14 05:20:28,556 INFO org.apache.hadoop.mapred.TaskTracker: reported output size for attempt_201404140512_0001_r_000000_0  was -1
2014-04-14 05:20:28,556 INFO org.apache.hadoop.mapred.TaskTracker: addFreeSlot : current free slots : 2
2014-04-14 05:20:28,787 INFO org.apache.hadoop.mapred.JvmManager: JVM : jvm_201404140512_0001_r_1730183702 exited with exit code 0. Number of tasks it ran: 1
2014-04-14 05:20:30,788 INFO org.apache.hadoop.mapred.TaskTracker: LaunchTaskAction (registerTask): attempt_201404140512_0001_r_000000_1 task's state:UNASSIGNED
2014-04-14 05:20:30,842 INFO org.apache.hadoop.mapred.TaskTracker: Trying to launch : attempt_201404140512_0001_r_000000_1 which needs 1 slots
2014-04-14 05:20:30,842 INFO org.apache.hadoop.mapred.TaskTracker: In TaskLauncher, current free slots : 2 and trying to launch attempt_201404140512_0001_r_000000_1 which needs 1 slots
2014-04-14 05:20:30,855 INFO org.apache.hadoop.mapred.JvmManager: In JvmRunner constructed JVM ID: jvm_201404140512_0001_r_1109529746
2014-04-14 05:20:30,856 INFO org.apache.hadoop.mapred.JvmManager: JVM Runner jvm_201404140512_0001_r_1109529746 spawned.
2014-04-14 05:20:30,861 INFO org.apache.hadoop.mapred.TaskController: Writing commands to /tmp/hadoop/hadoop-mgrossman/mapred/local/ttprivate/taskTracker/mgrossman/jobcache/job_201404140512_0001/attempt_201404140512_0001_r_000000_1/taskjvm.sh
2014-04-14 05:20:31,936 INFO org.apache.hadoop.mapred.TaskTracker: JVM with ID: jvm_201404140512_0001_r_1109529746 given task: attempt_201404140512_0001_r_000000_1
2014-04-14 05:20:38,280 INFO org.apache.hadoop.mapred.TaskTracker.clienttrace: src: 127.0.1.1:50061, dest: 127.0.0.1:59339, bytes: 25823427, op: MAPRED_SHUFFLE, cliID: attempt_201404140512_0001_m_000000_0, duration: 166337658
2014-04-14 05:20:38,475 INFO org.apache.hadoop.mapred.TaskTracker.clienttrace: src: 127.0.1.1:50061, dest: 127.0.0.1:59339, bytes: 25557681, op: MAPRED_SHUFFLE, cliID: attempt_201404140512_0001_m_000001_0, duration: 185463126
2014-04-14 05:20:38,788 INFO org.apache.hadoop.mapred.TaskTracker: attempt_201404140512_0001_r_000000_1 0.05555556% reduce > copy (2 of 12 at 8.17 MB/s) > 
2014-04-14 05:20:39,487 INFO org.apache.hadoop.mapred.TaskTracker.clienttrace: src: 127.0.1.1:50061, dest: 127.0.0.1:59339, bytes: 25708849, op: MAPRED_SHUFFLE, cliID: attempt_201404140512_0001_m_000002_0, duration: 1009130998
2014-04-14 05:20:40,455 INFO org.apache.hadoop.mapred.TaskTracker.clienttrace: src: 127.0.1.1:50061, dest: 127.0.0.1:59340, bytes: 26080573, op: MAPRED_SHUFFLE, cliID: attempt_201404140512_0001_m_000003_0, duration: 965646518
2014-04-14 05:20:40,627 INFO org.apache.hadoop.mapred.TaskTracker.clienttrace: src: 127.0.1.1:50061, dest: 127.0.0.1:59340, bytes: 25575768, op: MAPRED_SHUFFLE, cliID: attempt_201404140512_0001_m_000004_0, duration: 167817595
2014-04-14 05:20:41,602 INFO org.apache.hadoop.mapred.TaskTracker.clienttrace: src: 127.0.1.1:50061, dest: 127.0.0.1:59340, bytes: 25763742, op: MAPRED_SHUFFLE, cliID: attempt_201404140512_0001_m_000005_0, duration: 970969134
2014-04-14 05:20:41,816 INFO org.apache.hadoop.mapred.TaskTracker: attempt_201404140512_0001_r_000000_1 0.16666667% reduce > copy (6 of 12 at 16.37 MB/s) > 
2014-04-14 05:20:42,599 INFO org.apache.hadoop.mapred.TaskTracker.clienttrace: src: 127.0.1.1:50061, dest: 127.0.0.1:59340, bytes: 25571809, op: MAPRED_SHUFFLE, cliID: attempt_201404140512_0001_m_000006_0, duration: 991594984
2014-04-14 05:20:43,560 INFO org.apache.hadoop.mapred.TaskTracker.clienttrace: src: 127.0.1.1:50061, dest: 127.0.0.1:59340, bytes: 26046374, op: MAPRED_SHUFFLE, cliID: attempt_201404140512_0001_m_000007_0, duration: 955335190
2014-04-14 05:20:43,619 INFO org.apache.hadoop.mapred.TaskTracker.clienttrace: src: 127.0.1.1:50061, dest: 127.0.0.1:59341, bytes: 25848670, op: MAPRED_SHUFFLE, cliID: attempt_201404140512_0001_m_000008_0, duration: 55830333
2014-04-14 05:20:44,593 INFO org.apache.hadoop.mapred.TaskTracker.clienttrace: src: 127.0.1.1:50061, dest: 127.0.0.1:59341, bytes: 25306417, op: MAPRED_SHUFFLE, cliID: attempt_201404140512_0001_m_000011_0, duration: 956302326
2014-04-14 05:20:44,839 INFO org.apache.hadoop.mapred.TaskTracker: attempt_201404140512_0001_r_000000_1 0.2777778% reduce > copy (10 of 12 at 20.45 MB/s) > 
2014-04-14 05:20:45,599 INFO org.apache.hadoop.mapred.TaskTracker.clienttrace: src: 127.0.1.1:50061, dest: 127.0.0.1:59341, bytes: 25672726, op: MAPRED_SHUFFLE, cliID: attempt_201404140512_0001_m_000009_0, duration: 999466701
2014-04-14 05:20:46,618 INFO org.apache.hadoop.mapred.TaskTracker.clienttrace: src: 127.0.1.1:50061, dest: 127.0.0.1:59341, bytes: 25884370, op: MAPRED_SHUFFLE, cliID: attempt_201404140512_0001_m_000010_0, duration: 1005619379
2014-04-14 05:20:46,918 INFO org.apache.hadoop.mapred.TaskTracker: attempt_201404140512_0001_r_000000_1 0.2777778% reduce > copy (10 of 12 at 20.45 MB/s) > 
2014-04-14 05:20:47,756 INFO org.apache.hadoop.mapred.TaskTracker: attempt_201404140512_0001_r_000000_1 0.2777778% reduce > copy (10 of 12 at 20.45 MB/s) > 
2014-04-14 05:20:47,873 INFO org.apache.hadoop.mapred.TaskTracker: attempt_201404140512_0001_r_000000_1 0.6666853% reduce > reduce
2014-04-14 05:20:50,904 INFO org.apache.hadoop.mapred.TaskTracker: attempt_201404140512_0001_r_000000_1 0.6666853% reduce > reduce
2014-04-14 05:20:51,650 INFO org.apache.hadoop.mapred.TaskTracker: Task attempt_201404140512_0001_r_000000_1 is in commit-pending, task state:COMMIT_PENDING
2014-04-14 05:20:51,650 INFO org.apache.hadoop.mapred.TaskTracker: attempt_201404140512_0001_r_000000_1 0.6666853% reduce > reduce
2014-04-14 05:20:51,830 INFO org.apache.hadoop.mapred.TaskTracker: Received commit task action for attempt_201404140512_0001_r_000000_1
2014-04-14 05:20:53,911 INFO org.apache.hadoop.mapred.TaskTracker: attempt_201404140512_0001_r_000000_1 0.6666853% reduce > reduce
2014-04-14 05:20:53,914 INFO org.apache.hadoop.mapred.TaskTracker: Task attempt_201404140512_0001_r_000000_1 is done.
2014-04-14 05:20:53,914 INFO org.apache.hadoop.mapred.TaskTracker: reported output size for attempt_201404140512_0001_r_000000_1  was -1
2014-04-14 05:20:53,916 INFO org.apache.hadoop.mapred.TaskTracker: addFreeSlot : current free slots : 2
2014-04-14 05:20:54,288 INFO org.apache.hadoop.mapred.JvmManager: JVM : jvm_201404140512_0001_r_1109529746 exited with exit code 0. Number of tasks it ran: 1
2014-04-14 05:20:54,853 INFO org.apache.hadoop.mapred.TaskTracker: LaunchTaskAction (registerTask): attempt_201404140512_0001_m_000012_0 task's state:UNASSIGNED
2014-04-14 05:20:54,853 INFO org.apache.hadoop.mapred.TaskTracker: Trying to launch : attempt_201404140512_0001_m_000012_0 which needs 1 slots
2014-04-14 05:20:54,854 INFO org.apache.hadoop.mapred.TaskTracker: Received KillTaskAction for task: attempt_201404140512_0001_r_000000_1
2014-04-14 05:20:54,854 INFO org.apache.hadoop.mapred.TaskTracker: In TaskLauncher, current free slots : 4 and trying to launch attempt_201404140512_0001_m_000012_0 which needs 1 slots
2014-04-14 05:20:54,854 INFO org.apache.hadoop.mapred.TaskTracker: About to purge task: attempt_201404140512_0001_r_000000_1
2014-04-14 05:20:54,863 INFO org.apache.hadoop.mapred.JvmManager: In JvmRunner constructed JVM ID: jvm_201404140512_0001_m_599162811
2014-04-14 05:20:54,863 INFO org.apache.hadoop.mapred.JvmManager: JVM Runner jvm_201404140512_0001_m_599162811 spawned.
2014-04-14 05:20:54,867 INFO org.apache.hadoop.mapred.TaskController: Writing commands to /tmp/hadoop/hadoop-mgrossman/mapred/local/ttprivate/taskTracker/mgrossman/jobcache/job_201404140512_0001/attempt_201404140512_0001_m_000012_0/taskjvm.sh
2014-04-14 05:20:55,784 INFO org.mortbay.log: org.mortbay.io.nio.SelectorManager$SelectSet@e81789d JVM BUG(s) - injecting delay14 times
2014-04-14 05:20:55,784 INFO org.mortbay.log: org.mortbay.io.nio.SelectorManager$SelectSet@e81789d JVM BUG(s) - recreating selector 14 times, canceled keys 242 times
2014-04-14 05:20:55,989 INFO org.apache.hadoop.mapred.TaskTracker: JVM with ID: jvm_201404140512_0001_m_599162811 given task: attempt_201404140512_0001_m_000012_0
2014-04-14 05:20:56,870 INFO org.apache.hadoop.mapred.TaskTracker: attempt_201404140512_0001_m_000012_0 0.0% 
2014-04-14 05:20:59,774 INFO org.apache.hadoop.mapred.TaskTracker: attempt_201404140512_0001_m_000012_0 0.0% cleanup
2014-04-14 05:20:59,776 INFO org.apache.hadoop.mapred.TaskTracker: Task attempt_201404140512_0001_m_000012_0 is done.
2014-04-14 05:20:59,776 INFO org.apache.hadoop.mapred.TaskTracker: reported output size for attempt_201404140512_0001_m_000012_0  was -1
2014-04-14 05:20:59,777 INFO org.apache.hadoop.mapred.TaskTracker: addFreeSlot : current free slots : 4
2014-04-14 05:20:59,987 INFO org.apache.hadoop.mapred.JvmManager: JVM : jvm_201404140512_0001_m_599162811 exited with exit code 0. Number of tasks it ran: 1
2014-04-14 05:21:00,945 INFO org.apache.hadoop.mapred.TaskTracker: Received 'KillJobAction' for job: job_201404140512_0001
2014-04-14 05:21:00,946 INFO org.apache.hadoop.mapred.IndexCache: Map ID attempt_201404140512_0001_m_000012_0 not found in cache
2014-04-14 05:21:00,950 INFO org.apache.hadoop.mapred.UserLogCleaner: Adding job_201404140512_0001 for user-log deletion with retainTimeStamp:1397557260950
