2014-04-14 03:37:07,743 INFO org.apache.hadoop.mapred.TaskTracker: STARTUP_MSG: 
/************************************************************
STARTUP_MSG: Starting TaskTracker
STARTUP_MSG:   host = node08.asa-web.amd.com/127.0.1.1
STARTUP_MSG:   args = []
STARTUP_MSG:   version = Unknown
STARTUP_MSG:   build = Unknown -r Unknown; compiled by 'Unknown' on Unknown
************************************************************/
2014-04-14 03:37:08,011 INFO org.apache.hadoop.metrics2.impl.MetricsConfig: loaded properties from hadoop-metrics2.properties
2014-04-14 03:37:08,074 INFO org.apache.hadoop.metrics2.impl.MetricsSourceAdapter: MBean for source MetricsSystem,sub=Stats registered.
2014-04-14 03:37:08,075 INFO org.apache.hadoop.metrics2.impl.MetricsSystemImpl: Scheduled snapshot period at 10 second(s).
2014-04-14 03:37:08,075 INFO org.apache.hadoop.metrics2.impl.MetricsSystemImpl: TaskTracker metrics system started
2014-04-14 03:37:08,473 INFO org.apache.hadoop.metrics2.impl.MetricsSourceAdapter: MBean for source ugi registered.
2014-04-14 03:37:08,484 WARN org.apache.hadoop.metrics2.impl.MetricsSystemImpl: Source name ugi already exists!
2014-04-14 03:37:13,803 INFO org.mortbay.log: Logging to org.slf4j.impl.Log4jLoggerAdapter(org.mortbay.log) via org.mortbay.log.Slf4jLog
2014-04-14 03:37:13,872 INFO org.apache.hadoop.http.HttpServer: Added global filtersafety (class=org.apache.hadoop.http.HttpServer$QuotingInputFilter)
2014-04-14 03:37:13,940 INFO org.apache.hadoop.mapred.TaskLogsTruncater: Initializing logs' truncater with mapRetainSize=-1 and reduceRetainSize=-1
2014-04-14 03:37:13,957 INFO org.apache.hadoop.mapred.TaskTracker: Starting tasktracker with owner as mgrossman
2014-04-14 03:37:13,960 INFO org.apache.hadoop.mapred.TaskTracker: Good mapred local directories are: /tmp/hadoop/hadoop-mgrossman/mapred/local
2014-04-14 03:37:13,971 INFO org.apache.hadoop.util.NativeCodeLoader: Loaded the native-hadoop library
2014-04-14 03:37:14,000 INFO org.apache.hadoop.metrics2.impl.MetricsSourceAdapter: MBean for source jvm registered.
2014-04-14 03:37:14,003 INFO org.apache.hadoop.metrics2.impl.MetricsSourceAdapter: MBean for source TaskTrackerMetrics registered.
2014-04-14 03:37:14,031 INFO org.apache.hadoop.ipc.Server: Starting SocketReader
2014-04-14 03:37:14,040 INFO org.apache.hadoop.metrics2.impl.MetricsSourceAdapter: MBean for source RpcDetailedActivityForPort49409 registered.
2014-04-14 03:37:14,040 INFO org.apache.hadoop.metrics2.impl.MetricsSourceAdapter: MBean for source RpcActivityForPort49409 registered.
2014-04-14 03:37:14,045 INFO org.apache.hadoop.ipc.Server: IPC Server listener on 49409: starting
2014-04-14 03:37:14,045 INFO org.apache.hadoop.ipc.Server: IPC Server Responder: starting
2014-04-14 03:37:14,048 INFO org.apache.hadoop.ipc.Server: IPC Server handler 1 on 49409: starting
2014-04-14 03:37:14,048 INFO org.apache.hadoop.ipc.Server: IPC Server handler 0 on 49409: starting
2014-04-14 03:37:14,048 INFO org.apache.hadoop.ipc.Server: IPC Server handler 2 on 49409: starting
2014-04-14 03:37:14,048 INFO org.apache.hadoop.ipc.Server: IPC Server handler 3 on 49409: starting
2014-04-14 03:37:14,049 INFO org.apache.hadoop.ipc.Server: IPC Server handler 4 on 49409: starting
2014-04-14 03:37:14,049 INFO org.apache.hadoop.ipc.Server: IPC Server handler 5 on 49409: starting
2014-04-14 03:37:14,049 INFO org.apache.hadoop.ipc.Server: IPC Server handler 6 on 49409: starting
2014-04-14 03:37:14,050 INFO org.apache.hadoop.mapred.TaskTracker: TaskTracker up at: localhost/127.0.0.1:49409
2014-04-14 03:37:14,050 INFO org.apache.hadoop.ipc.Server: IPC Server handler 7 on 49409: starting
2014-04-14 03:37:14,050 INFO org.apache.hadoop.mapred.TaskTracker: Starting tracker tracker_node08.asa-web.amd.com:localhost/127.0.0.1:49409
2014-04-14 03:37:23,974 INFO org.apache.hadoop.mapred.TaskTracker: Starting thread: Map-events fetcher for all reduce tasks on tracker_node08.asa-web.amd.com:localhost/127.0.0.1:49409
2014-04-14 03:37:23,988 INFO org.apache.hadoop.util.ProcessTree: setsid exited with exit code 0
2014-04-14 03:37:23,994 INFO org.apache.hadoop.mapred.TaskTracker:  Using ResourceCalculatorPlugin : org.apache.hadoop.util.LinuxResourceCalculatorPlugin@60ddf8cb
2014-04-14 03:37:23,999 WARN org.apache.hadoop.mapred.TaskTracker: TaskTracker's totalMemoryAllottedForTasks is -1. TaskMemoryManager is disabled.
2014-04-14 03:37:24,005 INFO org.apache.hadoop.mapred.IndexCache: IndexCache created with max memory = 10485760
2014-04-14 03:37:25,223 INFO org.apache.hadoop.metrics2.impl.MetricsSourceAdapter: MBean for source ShuffleServerMetrics registered.
2014-04-14 03:37:25,233 INFO org.apache.hadoop.http.HttpServer: Port returned by webServer.getConnectors()[0].getLocalPort() before open() is -1. Opening the listener on 50061
2014-04-14 03:37:25,234 INFO org.apache.hadoop.http.HttpServer: listener.getLocalPort() returned 50061 webServer.getConnectors()[0].getLocalPort() returned 50061
2014-04-14 03:37:25,234 INFO org.apache.hadoop.http.HttpServer: Jetty bound to port 50061
2014-04-14 03:37:25,234 INFO org.mortbay.log: jetty-6.1.26
2014-04-14 03:37:25,641 INFO org.mortbay.log: Started SelectChannelConnector@0.0.0.0:50061
2014-04-14 03:37:25,642 INFO org.apache.hadoop.mapred.TaskTracker: FILE_CACHE_SIZE for mapOutputServlet set to : 2000
2014-04-14 03:41:29,690 INFO org.apache.hadoop.mapred.TaskTracker: LaunchTaskAction (registerTask): attempt_201404140337_0001_m_000013_0 task's state:UNASSIGNED
2014-04-14 03:41:29,701 INFO org.apache.hadoop.mapred.TaskTracker: Trying to launch : attempt_201404140337_0001_m_000013_0 which needs 1 slots
2014-04-14 03:41:29,701 INFO org.apache.hadoop.mapred.TaskTracker: In TaskLauncher, current free slots : 4 and trying to launch attempt_201404140337_0001_m_000013_0 which needs 1 slots
2014-04-14 03:41:30,085 INFO org.apache.hadoop.mapred.JobLocalizer: Initializing user mgrossman on this TT.
2014-04-14 03:41:30,318 INFO org.apache.hadoop.mapred.JvmManager: In JvmRunner constructed JVM ID: jvm_201404140337_0001_m_1378033202
2014-04-14 03:41:30,319 INFO org.apache.hadoop.mapred.JvmManager: JVM Runner jvm_201404140337_0001_m_1378033202 spawned.
2014-04-14 03:41:30,322 INFO org.apache.hadoop.mapred.TaskController: Writing commands to /tmp/hadoop/hadoop-mgrossman/mapred/local/ttprivate/taskTracker/mgrossman/jobcache/job_201404140337_0001/attempt_201404140337_0001_m_000013_0/taskjvm.sh
2014-04-14 03:41:31,673 INFO org.apache.hadoop.mapred.TaskTracker: JVM with ID: jvm_201404140337_0001_m_1378033202 given task: attempt_201404140337_0001_m_000013_0
2014-04-14 03:41:35,555 INFO org.apache.hadoop.mapred.TaskTracker: attempt_201404140337_0001_m_000013_0 0.0% setup
2014-04-14 03:41:35,559 INFO org.apache.hadoop.mapred.TaskTracker: Task attempt_201404140337_0001_m_000013_0 is done.
2014-04-14 03:41:35,559 INFO org.apache.hadoop.mapred.TaskTracker: reported output size for attempt_201404140337_0001_m_000013_0  was -1
2014-04-14 03:41:35,561 INFO org.apache.hadoop.mapred.TaskTracker: addFreeSlot : current free slots : 4
2014-04-14 03:41:35,742 INFO org.apache.hadoop.mapred.TaskTracker: LaunchTaskAction (registerTask): attempt_201404140337_0001_m_000000_0 task's state:UNASSIGNED
2014-04-14 03:41:35,742 INFO org.apache.hadoop.mapred.TaskTracker: LaunchTaskAction (registerTask): attempt_201404140337_0001_m_000001_0 task's state:UNASSIGNED
2014-04-14 03:41:35,742 INFO org.apache.hadoop.mapred.TaskTracker: LaunchTaskAction (registerTask): attempt_201404140337_0001_m_000002_0 task's state:UNASSIGNED
2014-04-14 03:41:35,743 INFO org.apache.hadoop.mapred.TaskTracker: LaunchTaskAction (registerTask): attempt_201404140337_0001_m_000003_0 task's state:UNASSIGNED
2014-04-14 03:41:35,743 INFO org.apache.hadoop.mapred.TaskTracker: Trying to launch : attempt_201404140337_0001_m_000000_0 which needs 1 slots
2014-04-14 03:41:35,743 INFO org.apache.hadoop.mapred.TaskTracker: Received KillTaskAction for task: attempt_201404140337_0001_m_000013_0
2014-04-14 03:41:35,743 INFO org.apache.hadoop.mapred.TaskTracker: In TaskLauncher, current free slots : 4 and trying to launch attempt_201404140337_0001_m_000000_0 which needs 1 slots
2014-04-14 03:41:35,743 INFO org.apache.hadoop.mapred.TaskTracker: About to purge task: attempt_201404140337_0001_m_000013_0
2014-04-14 03:41:35,743 INFO org.apache.hadoop.mapred.TaskTracker: Trying to launch : attempt_201404140337_0001_m_000001_0 which needs 1 slots
2014-04-14 03:41:35,744 INFO org.apache.hadoop.mapred.TaskTracker: In TaskLauncher, current free slots : 3 and trying to launch attempt_201404140337_0001_m_000001_0 which needs 1 slots
2014-04-14 03:41:35,744 INFO org.apache.hadoop.mapred.IndexCache: Map ID attempt_201404140337_0001_m_000013_0 not found in cache
2014-04-14 03:41:35,746 INFO org.apache.hadoop.mapred.TaskTracker: Trying to launch : attempt_201404140337_0001_m_000002_0 which needs 1 slots
2014-04-14 03:41:35,746 INFO org.apache.hadoop.mapred.TaskTracker: In TaskLauncher, current free slots : 2 and trying to launch attempt_201404140337_0001_m_000002_0 which needs 1 slots
2014-04-14 03:41:35,747 INFO org.apache.hadoop.mapred.TaskTracker: Trying to launch : attempt_201404140337_0001_m_000003_0 which needs 1 slots
2014-04-14 03:41:35,747 INFO org.apache.hadoop.mapred.TaskTracker: In TaskLauncher, current free slots : 1 and trying to launch attempt_201404140337_0001_m_000003_0 which needs 1 slots
2014-04-14 03:41:35,793 INFO org.apache.hadoop.mapred.JvmManager: In JvmRunner constructed JVM ID: jvm_201404140337_0001_m_1203933887
2014-04-14 03:41:35,794 INFO org.apache.hadoop.mapred.JvmManager: JVM Runner jvm_201404140337_0001_m_1203933887 spawned.
2014-04-14 03:41:35,794 INFO org.apache.hadoop.mapred.JvmManager: In JvmRunner constructed JVM ID: jvm_201404140337_0001_m_1079759999
2014-04-14 03:41:35,795 INFO org.apache.hadoop.mapred.TaskController: Writing commands to /tmp/hadoop/hadoop-mgrossman/mapred/local/ttprivate/taskTracker/mgrossman/jobcache/job_201404140337_0001/attempt_201404140337_0001_m_000002_0/taskjvm.sh
2014-04-14 03:41:35,796 INFO org.apache.hadoop.mapred.JvmManager: JVM Runner jvm_201404140337_0001_m_1079759999 spawned.
2014-04-14 03:41:35,802 INFO org.apache.hadoop.mapred.JvmManager: In JvmRunner constructed JVM ID: jvm_201404140337_0001_m_1578362811
2014-04-14 03:41:35,802 INFO org.apache.hadoop.mapred.JvmManager: JVM Runner jvm_201404140337_0001_m_1578362811 spawned.
2014-04-14 03:41:35,804 INFO org.apache.hadoop.mapred.TaskController: Writing commands to /tmp/hadoop/hadoop-mgrossman/mapred/local/ttprivate/taskTracker/mgrossman/jobcache/job_201404140337_0001/attempt_201404140337_0001_m_000003_0/taskjvm.sh
2014-04-14 03:41:35,809 INFO org.apache.hadoop.mapred.JvmManager: Killing JVM: jvm_201404140337_0001_m_1378033202
2014-04-14 03:41:35,815 INFO org.apache.hadoop.mapred.JvmManager: In JvmRunner constructed JVM ID: jvm_201404140337_0001_m_235804610
2014-04-14 03:41:35,817 INFO org.apache.hadoop.mapred.JvmManager: JVM Runner jvm_201404140337_0001_m_235804610 spawned.
2014-04-14 03:41:35,821 INFO org.apache.hadoop.mapred.TaskController: Writing commands to /tmp/hadoop/hadoop-mgrossman/mapred/local/ttprivate/taskTracker/mgrossman/jobcache/job_201404140337_0001/attempt_201404140337_0001_m_000000_0/taskjvm.sh
2014-04-14 03:41:35,822 INFO org.apache.hadoop.mapred.JvmManager: JVM : jvm_201404140337_0001_m_1378033202 exited with exit code 0. Number of tasks it ran: 1
2014-04-14 03:41:35,825 INFO org.apache.hadoop.mapred.TaskController: Writing commands to /tmp/hadoop/hadoop-mgrossman/mapred/local/ttprivate/taskTracker/mgrossman/jobcache/job_201404140337_0001/attempt_201404140337_0001_m_000001_0/taskjvm.sh
2014-04-14 03:41:35,931 INFO org.apache.hadoop.io.nativeio.NativeIO: Initialized cache for UID to User mapping with a cache timeout of 14400 seconds.
2014-04-14 03:41:35,932 INFO org.apache.hadoop.io.nativeio.NativeIO: Got UserName mgrossman for UID 1007 from the native implementation
2014-04-14 03:41:37,300 INFO org.apache.hadoop.mapred.TaskTracker: JVM with ID: jvm_201404140337_0001_m_235804610 given task: attempt_201404140337_0001_m_000001_0
2014-04-14 03:41:37,302 INFO org.apache.hadoop.mapred.TaskTracker: JVM with ID: jvm_201404140337_0001_m_1203933887 given task: attempt_201404140337_0001_m_000002_0
2014-04-14 03:41:37,314 INFO org.apache.hadoop.mapred.TaskTracker: JVM with ID: jvm_201404140337_0001_m_1079759999 given task: attempt_201404140337_0001_m_000003_0
2014-04-14 03:41:37,319 INFO org.apache.hadoop.mapred.TaskTracker: JVM with ID: jvm_201404140337_0001_m_1578362811 given task: attempt_201404140337_0001_m_000000_0
2014-04-14 03:41:45,766 INFO org.apache.hadoop.mapred.TaskTracker: attempt_201404140337_0001_m_000003_0 0.1841039% 
2014-04-14 03:41:45,916 INFO org.apache.hadoop.mapred.TaskTracker: attempt_201404140337_0001_m_000001_0 0.17631136% 
2014-04-14 03:41:45,969 INFO org.apache.hadoop.mapred.TaskTracker: attempt_201404140337_0001_m_000002_0 0.18074965% 
2014-04-14 03:41:46,132 INFO org.apache.hadoop.mapred.TaskTracker: attempt_201404140337_0001_m_000000_0 0.18435386% 
2014-04-14 03:41:48,935 INFO org.apache.hadoop.mapred.TaskTracker: attempt_201404140337_0001_m_000003_0 0.38553673% 
2014-04-14 03:41:49,073 INFO org.apache.hadoop.mapred.TaskTracker: attempt_201404140337_0001_m_000001_0 0.3726467% 
2014-04-14 03:41:49,126 INFO org.apache.hadoop.mapred.TaskTracker: attempt_201404140337_0001_m_000002_0 0.36980122% 
2014-04-14 03:41:49,250 INFO org.apache.hadoop.mapred.TaskTracker: attempt_201404140337_0001_m_000000_0 0.38285393% 
2014-04-14 03:41:52,176 INFO org.apache.hadoop.mapred.TaskTracker: attempt_201404140337_0001_m_000003_0 0.5264928% 
2014-04-14 03:41:52,278 INFO org.apache.hadoop.mapred.TaskTracker: attempt_201404140337_0001_m_000001_0 0.51755726% 
2014-04-14 03:41:52,358 INFO org.apache.hadoop.mapred.TaskTracker: attempt_201404140337_0001_m_000002_0 0.5014096% 
2014-04-14 03:41:52,404 INFO org.apache.hadoop.mapred.TaskTracker: attempt_201404140337_0001_m_000000_0 0.48879293% 
2014-04-14 03:41:55,518 INFO org.apache.hadoop.mapred.TaskTracker: attempt_201404140337_0001_m_000002_0 0.60676986% 
2014-04-14 03:41:55,571 INFO org.apache.hadoop.mapred.TaskTracker: attempt_201404140337_0001_m_000000_0 0.5929916% 
2014-04-14 03:41:55,615 INFO org.apache.hadoop.mapred.TaskTracker: attempt_201404140337_0001_m_000001_0 0.5982908% 
2014-04-14 03:41:55,690 INFO org.apache.hadoop.mapred.TaskTracker: attempt_201404140337_0001_m_000003_0 0.61190593% 
2014-04-14 03:41:58,711 INFO org.apache.hadoop.mapred.TaskTracker: attempt_201404140337_0001_m_000000_0 0.7178313% 
2014-04-14 03:41:58,734 INFO org.apache.hadoop.mapred.TaskTracker: attempt_201404140337_0001_m_000001_0 0.7327913% 
2014-04-14 03:41:58,793 INFO org.apache.hadoop.mapred.TaskTracker: attempt_201404140337_0001_m_000002_0 0.71687526% 
2014-04-14 03:41:58,928 INFO org.apache.hadoop.mapred.TaskTracker: attempt_201404140337_0001_m_000003_0 0.7506487% 
2014-04-14 03:42:01,849 INFO org.apache.hadoop.mapred.TaskTracker: attempt_201404140337_0001_m_000000_0 0.80294955% 
2014-04-14 03:42:01,956 INFO org.apache.hadoop.mapred.TaskTracker: attempt_201404140337_0001_m_000001_0 0.8152629% 
2014-04-14 03:42:01,960 INFO org.apache.hadoop.mapred.TaskTracker: attempt_201404140337_0001_m_000002_0 0.8006799% 
2014-04-14 03:42:02,030 INFO org.apache.hadoop.mapred.TaskTracker: attempt_201404140337_0001_m_000003_0 0.85342664% 
2014-04-14 03:42:04,954 INFO org.apache.hadoop.mapred.TaskTracker: attempt_201404140337_0001_m_000000_0 0.9007032% 
2014-04-14 03:42:05,186 INFO org.apache.hadoop.mapred.TaskTracker: attempt_201404140337_0001_m_000001_0 0.9097576% 
2014-04-14 03:42:05,225 INFO org.apache.hadoop.mapred.TaskTracker: attempt_201404140337_0001_m_000003_0 0.9382475% 
2014-04-14 03:42:06,077 INFO org.apache.hadoop.mapred.TaskTracker: attempt_201404140337_0001_m_000002_0 0.9087992% 
2014-04-14 03:42:08,064 INFO org.apache.hadoop.mapred.TaskTracker: attempt_201404140337_0001_m_000000_0 1.0% 
2014-04-14 03:42:08,337 INFO org.apache.hadoop.mapred.TaskTracker: attempt_201404140337_0001_m_000001_0 1.0% 
2014-04-14 03:42:08,504 INFO org.apache.hadoop.mapred.TaskTracker: attempt_201404140337_0001_m_000003_0 1.0% 
2014-04-14 03:42:09,229 INFO org.apache.hadoop.mapred.TaskTracker: attempt_201404140337_0001_m_000002_0 1.0% 
2014-04-14 03:42:11,180 INFO org.apache.hadoop.mapred.TaskTracker: attempt_201404140337_0001_m_000000_0 1.0% 
2014-04-14 03:42:11,445 INFO org.apache.hadoop.mapred.TaskTracker: attempt_201404140337_0001_m_000001_0 1.0% 
2014-04-14 03:42:11,619 INFO org.apache.hadoop.mapred.TaskTracker: attempt_201404140337_0001_m_000003_0 1.0% 
2014-04-14 03:42:12,392 INFO org.apache.hadoop.mapred.TaskTracker: attempt_201404140337_0001_m_000002_0 1.0% 
2014-04-14 03:42:14,321 INFO org.apache.hadoop.mapred.TaskTracker: attempt_201404140337_0001_m_000000_0 1.0% 
2014-04-14 03:42:14,528 INFO org.apache.hadoop.mapred.TaskTracker: attempt_201404140337_0001_m_000001_0 1.0% 
2014-04-14 03:42:14,708 INFO org.apache.hadoop.mapred.TaskTracker: attempt_201404140337_0001_m_000003_0 1.0% 
2014-04-14 03:42:15,550 INFO org.apache.hadoop.mapred.TaskTracker: attempt_201404140337_0001_m_000002_0 1.0% 
2014-04-14 03:42:17,460 INFO org.apache.hadoop.mapred.TaskTracker: attempt_201404140337_0001_m_000000_0 1.0% 
2014-04-14 03:42:17,800 INFO org.apache.hadoop.mapred.TaskTracker: attempt_201404140337_0001_m_000003_0 1.0% 
2014-04-14 03:42:17,937 INFO org.apache.hadoop.mapred.TaskTracker: attempt_201404140337_0001_m_000001_0 1.0% 
2014-04-14 03:42:18,581 INFO org.apache.hadoop.mapred.TaskTracker: attempt_201404140337_0001_m_000002_0 1.0% 
2014-04-14 03:42:20,515 INFO org.apache.hadoop.mapred.TaskTracker: attempt_201404140337_0001_m_000000_0 1.0% 
2014-04-14 03:42:20,854 INFO org.apache.hadoop.mapred.TaskTracker: attempt_201404140337_0001_m_000003_0 1.0% 
2014-04-14 03:42:21,031 INFO org.apache.hadoop.mapred.TaskTracker: attempt_201404140337_0001_m_000001_0 1.0% 
2014-04-14 03:42:21,616 INFO org.apache.hadoop.mapred.TaskTracker: attempt_201404140337_0001_m_000002_0 1.0% 
2014-04-14 03:42:23,571 INFO org.apache.hadoop.mapred.TaskTracker: attempt_201404140337_0001_m_000000_0 1.0% 
2014-04-14 03:42:23,904 INFO org.apache.hadoop.mapred.TaskTracker: attempt_201404140337_0001_m_000003_0 1.0% 
2014-04-14 03:42:24,079 INFO org.apache.hadoop.mapred.TaskTracker: attempt_201404140337_0001_m_000001_0 1.0% 
2014-04-14 03:42:24,671 INFO org.apache.hadoop.mapred.TaskTracker: attempt_201404140337_0001_m_000002_0 1.0% 
2014-04-14 03:42:26,595 INFO org.apache.hadoop.mapred.TaskTracker: attempt_201404140337_0001_m_000000_0 1.0% 
2014-04-14 03:42:26,599 INFO org.apache.hadoop.mapred.TaskTracker: attempt_201404140337_0001_m_000000_0 1.0% 
2014-04-14 03:42:26,600 INFO org.apache.hadoop.mapred.TaskTracker: Task attempt_201404140337_0001_m_000000_0 is done.
2014-04-14 03:42:26,600 INFO org.apache.hadoop.mapred.TaskTracker: reported output size for attempt_201404140337_0001_m_000000_0  was 52440243
2014-04-14 03:42:27,217 INFO org.apache.hadoop.mapred.JvmManager: JVM : jvm_201404140337_0001_m_1578362811 exited with exit code 0. Number of tasks it ran: 1
2014-04-14 03:42:28,042 INFO org.apache.hadoop.mapred.TaskTracker: addFreeSlot : current free slots : 1
2014-04-14 03:42:28,043 INFO org.apache.hadoop.mapred.TaskTracker: attempt_201404140337_0001_m_000002_0 1.0% 
2014-04-14 03:42:28,044 INFO org.apache.hadoop.mapred.TaskTracker: attempt_201404140337_0001_m_000001_0 1.0% 
2014-04-14 03:42:28,045 INFO org.apache.hadoop.mapred.TaskTracker: attempt_201404140337_0001_m_000003_0 1.0% 
2014-04-14 03:42:28,049 INFO org.apache.hadoop.mapred.TaskTracker: attempt_201404140337_0001_m_000002_0 1.0% 
2014-04-14 03:42:28,052 INFO org.apache.hadoop.mapred.TaskTracker: attempt_201404140337_0001_m_000003_0 1.0% 
2014-04-14 03:42:28,054 INFO org.apache.hadoop.mapred.TaskTracker: attempt_201404140337_0001_m_000001_0 1.0% 
2014-04-14 03:42:28,054 INFO org.apache.hadoop.mapred.TaskTracker: Task attempt_201404140337_0001_m_000002_0 is done.
2014-04-14 03:42:28,054 INFO org.apache.hadoop.mapred.TaskTracker: reported output size for attempt_201404140337_0001_m_000002_0  was 52183163
2014-04-14 03:42:28,055 INFO org.apache.hadoop.mapred.TaskTracker: Task attempt_201404140337_0001_m_000003_0 is done.
2014-04-14 03:42:28,055 INFO org.apache.hadoop.mapred.TaskTracker: reported output size for attempt_201404140337_0001_m_000003_0  was 52854458
2014-04-14 03:42:28,056 INFO org.apache.hadoop.mapred.TaskTracker: Task attempt_201404140337_0001_m_000001_0 is done.
2014-04-14 03:42:28,057 INFO org.apache.hadoop.mapred.TaskTracker: reported output size for attempt_201404140337_0001_m_000001_0  was 51879895
2014-04-14 03:42:28,453 INFO org.apache.hadoop.mapred.JvmManager: JVM : jvm_201404140337_0001_m_1203933887 exited with exit code 0. Number of tasks it ran: 1
2014-04-14 03:42:28,483 INFO org.apache.hadoop.mapred.JvmManager: JVM : jvm_201404140337_0001_m_1079759999 exited with exit code 0. Number of tasks it ran: 1
2014-04-14 03:42:28,552 INFO org.apache.hadoop.mapred.JvmManager: JVM : jvm_201404140337_0001_m_235804610 exited with exit code 0. Number of tasks it ran: 1
2014-04-14 03:42:28,924 INFO org.apache.hadoop.mapred.TaskTracker: addFreeSlot : current free slots : 2
2014-04-14 03:42:28,940 INFO org.apache.hadoop.mapred.TaskTracker: addFreeSlot : current free slots : 3
2014-04-14 03:42:28,952 INFO org.apache.hadoop.mapred.TaskTracker: addFreeSlot : current free slots : 4
2014-04-14 03:42:28,953 INFO org.apache.hadoop.mapred.TaskTracker: LaunchTaskAction (registerTask): attempt_201404140337_0001_m_000004_0 task's state:UNASSIGNED
2014-04-14 03:42:28,953 INFO org.apache.hadoop.mapred.TaskTracker: Trying to launch : attempt_201404140337_0001_m_000004_0 which needs 1 slots
2014-04-14 03:42:28,953 INFO org.apache.hadoop.mapred.TaskTracker: LaunchTaskAction (registerTask): attempt_201404140337_0001_r_000000_0 task's state:UNASSIGNED
2014-04-14 03:42:28,953 INFO org.apache.hadoop.mapred.TaskTracker: In TaskLauncher, current free slots : 4 and trying to launch attempt_201404140337_0001_m_000004_0 which needs 1 slots
2014-04-14 03:42:28,954 INFO org.apache.hadoop.mapred.TaskTracker: Trying to launch : attempt_201404140337_0001_r_000000_0 which needs 1 slots
2014-04-14 03:42:28,954 INFO org.apache.hadoop.mapred.TaskTracker: In TaskLauncher, current free slots : 2 and trying to launch attempt_201404140337_0001_r_000000_0 which needs 1 slots
2014-04-14 03:42:28,972 INFO org.apache.hadoop.mapred.JvmManager: In JvmRunner constructed JVM ID: jvm_201404140337_0001_r_1378033202
2014-04-14 03:42:28,973 INFO org.apache.hadoop.mapred.JvmManager: JVM Runner jvm_201404140337_0001_r_1378033202 spawned.
2014-04-14 03:42:28,974 INFO org.apache.hadoop.mapred.JvmManager: In JvmRunner constructed JVM ID: jvm_201404140337_0001_m_825543651
2014-04-14 03:42:28,974 INFO org.apache.hadoop.mapred.JvmManager: JVM Runner jvm_201404140337_0001_m_825543651 spawned.
2014-04-14 03:42:28,976 INFO org.apache.hadoop.mapred.TaskController: Writing commands to /tmp/hadoop/hadoop-mgrossman/mapred/local/ttprivate/taskTracker/mgrossman/jobcache/job_201404140337_0001/attempt_201404140337_0001_r_000000_0/taskjvm.sh
2014-04-14 03:42:28,977 INFO org.apache.hadoop.mapred.TaskController: Writing commands to /tmp/hadoop/hadoop-mgrossman/mapred/local/ttprivate/taskTracker/mgrossman/jobcache/job_201404140337_0001/attempt_201404140337_0001_m_000004_0/taskjvm.sh
2014-04-14 03:42:29,946 INFO org.apache.hadoop.mapred.TaskTracker: JVM with ID: jvm_201404140337_0001_m_825543651 given task: attempt_201404140337_0001_m_000004_0
2014-04-14 03:42:29,976 INFO org.apache.hadoop.mapred.TaskTracker: JVM with ID: jvm_201404140337_0001_r_1378033202 given task: attempt_201404140337_0001_r_000000_0
2014-04-14 03:42:31,995 INFO org.apache.hadoop.mapred.TaskTracker: LaunchTaskAction (registerTask): attempt_201404140337_0001_m_000005_0 task's state:UNASSIGNED
2014-04-14 03:42:31,995 INFO org.apache.hadoop.mapred.TaskTracker: LaunchTaskAction (registerTask): attempt_201404140337_0001_m_000006_0 task's state:UNASSIGNED
2014-04-14 03:42:31,995 INFO org.apache.hadoop.mapred.TaskTracker: LaunchTaskAction (registerTask): attempt_201404140337_0001_m_000007_0 task's state:UNASSIGNED
2014-04-14 03:42:31,995 INFO org.apache.hadoop.mapred.TaskTracker: Trying to launch : attempt_201404140337_0001_m_000005_0 which needs 1 slots
2014-04-14 03:42:31,995 INFO org.apache.hadoop.mapred.TaskTracker: LaunchTaskAction (registerTask): attempt_201404140337_0001_r_000001_0 task's state:UNASSIGNED
2014-04-14 03:42:31,995 INFO org.apache.hadoop.mapred.TaskTracker: In TaskLauncher, current free slots : 3 and trying to launch attempt_201404140337_0001_m_000005_0 which needs 1 slots
2014-04-14 03:42:31,996 INFO org.apache.hadoop.mapred.TaskTracker: Trying to launch : attempt_201404140337_0001_r_000001_0 which needs 1 slots
2014-04-14 03:42:31,996 INFO org.apache.hadoop.mapred.TaskTracker: In TaskLauncher, current free slots : 1 and trying to launch attempt_201404140337_0001_r_000001_0 which needs 1 slots
2014-04-14 03:42:31,996 INFO org.apache.hadoop.mapred.TaskTracker: Trying to launch : attempt_201404140337_0001_m_000006_0 which needs 1 slots
2014-04-14 03:42:31,996 INFO org.apache.hadoop.mapred.TaskTracker: In TaskLauncher, current free slots : 2 and trying to launch attempt_201404140337_0001_m_000006_0 which needs 1 slots
2014-04-14 03:42:31,996 INFO org.apache.hadoop.mapred.TaskTracker: Trying to launch : attempt_201404140337_0001_m_000007_0 which needs 1 slots
2014-04-14 03:42:31,997 INFO org.apache.hadoop.mapred.TaskTracker: In TaskLauncher, current free slots : 1 and trying to launch attempt_201404140337_0001_m_000007_0 which needs 1 slots
2014-04-14 03:42:32,005 INFO org.apache.hadoop.mapred.JvmManager: In JvmRunner constructed JVM ID: jvm_201404140337_0001_m_645976779
2014-04-14 03:42:32,008 INFO org.apache.hadoop.mapred.JvmManager: JVM Runner jvm_201404140337_0001_m_645976779 spawned.
2014-04-14 03:42:32,011 INFO org.apache.hadoop.mapred.JvmManager: In JvmRunner constructed JVM ID: jvm_201404140337_0001_m_406344853
2014-04-14 03:42:32,012 INFO org.apache.hadoop.mapred.JvmManager: In JvmRunner constructed JVM ID: jvm_201404140337_0001_r_1203933887
2014-04-14 03:42:32,012 INFO org.apache.hadoop.mapred.JvmManager: JVM Runner jvm_201404140337_0001_m_406344853 spawned.
2014-04-14 03:42:32,013 INFO org.apache.hadoop.mapred.JvmManager: JVM Runner jvm_201404140337_0001_r_1203933887 spawned.
2014-04-14 03:42:32,019 INFO org.apache.hadoop.mapred.TaskController: Writing commands to /tmp/hadoop/hadoop-mgrossman/mapred/local/ttprivate/taskTracker/mgrossman/jobcache/job_201404140337_0001/attempt_201404140337_0001_m_000007_0/taskjvm.sh
2014-04-14 03:42:32,019 INFO org.apache.hadoop.mapred.JvmManager: In JvmRunner constructed JVM ID: jvm_201404140337_0001_m_482928751
2014-04-14 03:42:32,020 INFO org.apache.hadoop.mapred.JvmManager: JVM Runner jvm_201404140337_0001_m_482928751 spawned.
2014-04-14 03:42:32,021 INFO org.apache.hadoop.mapred.TaskController: Writing commands to /tmp/hadoop/hadoop-mgrossman/mapred/local/ttprivate/taskTracker/mgrossman/jobcache/job_201404140337_0001/attempt_201404140337_0001_m_000005_0/taskjvm.sh
2014-04-14 03:42:32,022 INFO org.apache.hadoop.mapred.TaskController: Writing commands to /tmp/hadoop/hadoop-mgrossman/mapred/local/ttprivate/taskTracker/mgrossman/jobcache/job_201404140337_0001/attempt_201404140337_0001_r_000001_0/taskjvm.sh
2014-04-14 03:42:32,024 INFO org.apache.hadoop.mapred.TaskController: Writing commands to /tmp/hadoop/hadoop-mgrossman/mapred/local/ttprivate/taskTracker/mgrossman/jobcache/job_201404140337_0001/attempt_201404140337_0001_m_000006_0/taskjvm.sh
2014-04-14 03:42:34,130 INFO org.apache.hadoop.mapred.TaskTracker: JVM with ID: jvm_201404140337_0001_r_1203933887 given task: attempt_201404140337_0001_r_000001_0
2014-04-14 03:42:34,259 INFO org.apache.hadoop.mapred.TaskTracker: JVM with ID: jvm_201404140337_0001_m_645976779 given task: attempt_201404140337_0001_m_000005_0
2014-04-14 03:42:34,262 INFO org.apache.hadoop.mapred.TaskTracker: JVM with ID: jvm_201404140337_0001_m_482928751 given task: attempt_201404140337_0001_m_000006_0
2014-04-14 03:42:34,284 INFO org.apache.hadoop.mapred.TaskTracker: JVM with ID: jvm_201404140337_0001_m_406344853 given task: attempt_201404140337_0001_m_000007_0
2014-04-14 03:42:36,847 INFO org.apache.hadoop.mapred.TaskTracker: attempt_201404140337_0001_r_000000_0 0.0% reduce > copy > 
2014-04-14 03:42:37,120 INFO org.apache.hadoop.mapred.TaskTracker: attempt_201404140337_0001_m_000004_0 0.21403593% 
2014-04-14 03:42:37,403 INFO org.apache.hadoop.mapred.TaskTracker.clienttrace: src: 127.0.1.1:50061, dest: 127.0.0.1:56153, bytes: 25823427, op: MAPRED_SHUFFLE, cliID: attempt_201404140337_0001_m_000000_0, duration: 294857547
2014-04-14 03:42:38,363 INFO org.apache.hadoop.mapred.TaskTracker.clienttrace: src: 127.0.1.1:50061, dest: 127.0.0.1:56153, bytes: 25557681, op: MAPRED_SHUFFLE, cliID: attempt_201404140337_0001_m_000001_0, duration: 912401557
2014-04-14 03:42:39,160 INFO org.apache.hadoop.mapred.TaskTracker.clienttrace: src: 127.0.1.1:50061, dest: 127.0.0.1:56153, bytes: 25708849, op: MAPRED_SHUFFLE, cliID: attempt_201404140337_0001_m_000002_0, duration: 643172326
2014-04-14 03:42:40,131 INFO org.apache.hadoop.mapred.TaskTracker.clienttrace: src: 127.0.1.1:50061, dest: 127.0.0.1:56153, bytes: 26080573, op: MAPRED_SHUFFLE, cliID: attempt_201404140337_0001_m_000003_0, duration: 950648790
2014-04-14 03:42:40,529 INFO org.apache.hadoop.mapred.TaskTracker: attempt_201404140337_0001_m_000004_0 0.3203967% 
2014-04-14 03:42:42,447 INFO org.apache.hadoop.mapred.TaskTracker: attempt_201404140337_0001_m_000007_0 0.06907865% 
2014-04-14 03:42:42,636 INFO org.apache.hadoop.mapred.TaskTracker: attempt_201404140337_0001_r_000001_0 0.0% reduce > copy > 
2014-04-14 03:42:42,844 INFO org.apache.hadoop.mapred.TaskTracker: attempt_201404140337_0001_m_000006_0 0.09994166% 
2014-04-14 03:42:42,921 INFO org.apache.hadoop.mapred.TaskTracker.clienttrace: src: 127.0.1.1:50061, dest: 127.0.0.1:56163, bytes: 26616816, op: MAPRED_SHUFFLE, cliID: attempt_201404140337_0001_m_000000_0, duration: 347991683
2014-04-14 03:42:42,944 INFO org.apache.hadoop.mapred.TaskTracker: attempt_201404140337_0001_r_000000_0 0.11111112% reduce > copy (4 of 12 at 9.84 MB/s) > 
2014-04-14 03:42:43,086 INFO org.apache.hadoop.mapred.TaskTracker: attempt_201404140337_0001_m_000005_0 0.08547332% 
2014-04-14 03:42:43,275 INFO org.apache.hadoop.mapred.TaskTracker.clienttrace: src: 127.0.1.1:50061, dest: 127.0.0.1:56163, bytes: 26322214, op: MAPRED_SHUFFLE, cliID: attempt_201404140337_0001_m_000001_0, duration: 303573419
2014-04-14 03:42:43,732 INFO org.apache.hadoop.mapred.TaskTracker: attempt_201404140337_0001_m_000004_0 0.43469405% 
2014-04-14 03:42:44,298 INFO org.apache.hadoop.mapred.TaskTracker.clienttrace: src: 127.0.1.1:50061, dest: 127.0.0.1:56163, bytes: 26474314, op: MAPRED_SHUFFLE, cliID: attempt_201404140337_0001_m_000002_0, duration: 925535611
2014-04-14 03:42:45,195 INFO org.apache.hadoop.mapred.TaskTracker.clienttrace: src: 127.0.1.1:50061, dest: 127.0.0.1:56163, bytes: 26773885, op: MAPRED_SHUFFLE, cliID: attempt_201404140337_0001_m_000003_0, duration: 883197184
2014-04-14 03:42:45,597 INFO org.apache.hadoop.mapred.TaskTracker: attempt_201404140337_0001_m_000007_0 0.21090546% 
2014-04-14 03:42:45,981 INFO org.apache.hadoop.mapred.TaskTracker: attempt_201404140337_0001_r_000000_0 0.11111112% reduce > copy (4 of 12 at 9.84 MB/s) > 
2014-04-14 03:42:46,034 INFO org.apache.hadoop.mapred.TaskTracker: attempt_201404140337_0001_m_000006_0 0.244132% 
2014-04-14 03:42:46,228 INFO org.apache.hadoop.mapred.TaskTracker: attempt_201404140337_0001_m_000005_0 0.257455% 
2014-04-14 03:42:46,958 INFO org.apache.hadoop.mapred.TaskTracker: attempt_201404140337_0001_m_000004_0 0.51080704% 
2014-04-14 03:42:48,723 INFO org.apache.hadoop.mapred.TaskTracker: attempt_201404140337_0001_r_000001_0 0.11111112% reduce > copy (4 of 12 at 11.25 MB/s) > 
2014-04-14 03:42:48,759 INFO org.apache.hadoop.mapred.TaskTracker: attempt_201404140337_0001_m_000007_0 0.43906778% 
2014-04-14 03:42:49,024 INFO org.apache.hadoop.mapred.TaskTracker: attempt_201404140337_0001_r_000000_0 0.11111112% reduce > copy (4 of 12 at 9.84 MB/s) > 
2014-04-14 03:42:49,204 INFO org.apache.hadoop.mapred.TaskTracker: attempt_201404140337_0001_m_000006_0 0.44687897% 
2014-04-14 03:42:49,332 INFO org.apache.hadoop.mapred.TaskTracker: attempt_201404140337_0001_m_000005_0 0.44477665% 
2014-04-14 03:42:50,657 INFO org.apache.hadoop.mapred.TaskTracker: attempt_201404140337_0001_m_000004_0 0.60070586% 
2014-04-14 03:42:51,943 INFO org.apache.hadoop.mapred.TaskTracker: attempt_201404140337_0001_m_000007_0 0.5723627% 
2014-04-14 03:42:52,859 INFO org.apache.hadoop.mapred.TaskTracker: attempt_201404140337_0001_m_000005_0 0.5854764% 
2014-04-14 03:42:53,054 INFO org.apache.hadoop.mapred.TaskTracker: attempt_201404140337_0001_m_000006_0 0.58803815% 
2014-04-14 03:42:53,806 INFO org.apache.hadoop.mapred.TaskTracker: attempt_201404140337_0001_m_000004_0 0.7463912% 
2014-04-14 03:42:54,754 INFO org.apache.hadoop.mapred.TaskTracker: attempt_201404140337_0001_r_000001_0 0.11111112% reduce > copy (4 of 12 at 11.25 MB/s) > 
2014-04-14 03:42:55,062 INFO org.apache.hadoop.mapred.TaskTracker: attempt_201404140337_0001_r_000000_0 0.11111112% reduce > copy (4 of 12 at 9.84 MB/s) > 
2014-04-14 03:42:55,340 INFO org.apache.hadoop.mapred.TaskTracker: attempt_201404140337_0001_m_000007_0 0.6056091% 
2014-04-14 03:42:56,115 INFO org.apache.hadoop.mapred.TaskTracker: attempt_201404140337_0001_m_000005_0 0.65068126% 
2014-04-14 03:42:56,228 INFO org.apache.hadoop.mapred.TaskTracker: attempt_201404140337_0001_m_000006_0 0.66076726% 
2014-04-14 03:42:56,906 INFO org.apache.hadoop.mapred.TaskTracker: attempt_201404140337_0001_m_000004_0 0.83857644% 
2014-04-14 03:42:59,522 INFO org.apache.hadoop.mapred.TaskTracker: attempt_201404140337_0001_m_000005_0 0.7606286% 
2014-04-14 03:42:59,536 INFO org.apache.hadoop.mapred.TaskTracker: attempt_201404140337_0001_m_000006_0 0.7738988% 
2014-04-14 03:42:59,602 INFO org.apache.hadoop.mapred.TaskTracker: attempt_201404140337_0001_m_000007_0 0.7585362% 
2014-04-14 03:43:00,786 INFO org.apache.hadoop.mapred.TaskTracker: attempt_201404140337_0001_r_000001_0 0.11111112% reduce > copy (4 of 12 at 11.25 MB/s) > 
2014-04-14 03:43:01,105 INFO org.apache.hadoop.mapred.TaskTracker: attempt_201404140337_0001_r_000000_0 0.11111112% reduce > copy (4 of 12 at 9.84 MB/s) > 
2014-04-14 03:43:01,812 INFO org.apache.hadoop.mapred.TaskTracker: attempt_201404140337_0001_m_000004_0 0.9083134% 
2014-04-14 03:43:02,832 INFO org.apache.hadoop.mapred.TaskTracker: attempt_201404140337_0001_m_000005_0 0.90146124% 
2014-04-14 03:43:03,476 INFO org.apache.hadoop.mapred.TaskTracker: attempt_201404140337_0001_m_000007_0 0.9021128% 
2014-04-14 03:43:03,825 INFO org.apache.hadoop.mapred.TaskTracker: attempt_201404140337_0001_r_000001_0 0.11111112% reduce > copy (4 of 12 at 11.25 MB/s) > 
2014-04-14 03:43:04,114 INFO org.apache.hadoop.mapred.TaskTracker: attempt_201404140337_0001_m_000006_0 0.9027826% 
2014-04-14 03:43:04,153 INFO org.apache.hadoop.mapred.TaskTracker: attempt_201404140337_0001_r_000000_0 0.11111112% reduce > copy (4 of 12 at 9.84 MB/s) > 
2014-04-14 03:43:04,953 INFO org.apache.hadoop.mapred.TaskTracker: attempt_201404140337_0001_m_000004_0 1.0% 
2014-04-14 03:43:06,061 INFO org.apache.hadoop.mapred.TaskTracker: attempt_201404140337_0001_m_000005_0 0.9974416% 
2014-04-14 03:43:06,649 INFO org.apache.hadoop.mapred.TaskTracker: attempt_201404140337_0001_m_000007_0 1.0% 
2014-04-14 03:43:07,268 INFO org.apache.hadoop.mapred.TaskTracker: attempt_201404140337_0001_m_000006_0 1.0% 
2014-04-14 03:43:08,040 INFO org.apache.hadoop.mapred.TaskTracker: attempt_201404140337_0001_m_000004_0 1.0% 
2014-04-14 03:43:09,212 INFO org.apache.hadoop.mapred.TaskTracker: attempt_201404140337_0001_m_000005_0 1.0% 
2014-04-14 03:43:09,757 INFO org.apache.hadoop.mapred.TaskTracker: attempt_201404140337_0001_m_000007_0 1.0% 
2014-04-14 03:43:09,867 INFO org.apache.hadoop.mapred.TaskTracker: attempt_201404140337_0001_r_000001_0 0.11111112% reduce > copy (4 of 12 at 11.25 MB/s) > 
2014-04-14 03:43:10,185 INFO org.apache.hadoop.mapred.TaskTracker: attempt_201404140337_0001_r_000000_0 0.11111112% reduce > copy (4 of 12 at 9.84 MB/s) > 
2014-04-14 03:43:10,427 INFO org.apache.hadoop.mapred.TaskTracker: attempt_201404140337_0001_m_000006_0 1.0% 
2014-04-14 03:43:11,096 INFO org.apache.hadoop.mapred.TaskTracker: attempt_201404140337_0001_m_000004_0 1.0% 
2014-04-14 03:43:12,427 INFO org.apache.hadoop.mapred.TaskTracker: attempt_201404140337_0001_m_000005_0 1.0% 
2014-04-14 03:43:12,997 INFO org.apache.hadoop.mapred.TaskTracker: attempt_201404140337_0001_m_000007_0 1.0% 
2014-04-14 03:43:13,223 INFO org.apache.hadoop.mapred.TaskTracker: attempt_201404140337_0001_r_000000_0 0.11111112% reduce > copy (4 of 12 at 9.84 MB/s) > 
2014-04-14 03:43:13,651 INFO org.apache.hadoop.mapred.TaskTracker: attempt_201404140337_0001_m_000006_0 1.0% 
2014-04-14 03:43:14,200 INFO org.apache.hadoop.mapred.TaskTracker: attempt_201404140337_0001_m_000004_0 1.0% 
2014-04-14 03:43:15,631 INFO org.apache.hadoop.mapred.TaskTracker: attempt_201404140337_0001_m_000005_0 1.0% 
2014-04-14 03:43:15,911 INFO org.apache.hadoop.mapred.TaskTracker: attempt_201404140337_0001_r_000001_0 0.11111112% reduce > copy (4 of 12 at 11.25 MB/s) > 
2014-04-14 03:43:16,155 INFO org.apache.hadoop.mapred.TaskTracker: attempt_201404140337_0001_m_000007_0 1.0% 
2014-04-14 03:43:16,787 INFO org.apache.hadoop.mapred.TaskTracker: attempt_201404140337_0001_m_000006_0 1.0% 
2014-04-14 03:43:17,720 INFO org.apache.hadoop.mapred.TaskTracker: attempt_201404140337_0001_m_000004_0 1.0% 
2014-04-14 03:43:18,673 INFO org.apache.hadoop.mapred.TaskTracker: attempt_201404140337_0001_m_000005_0 1.0% 
2014-04-14 03:43:20,718 INFO org.apache.hadoop.mapred.TaskTracker: attempt_201404140337_0001_r_000001_0 0.11111112% reduce > copy (4 of 12 at 11.25 MB/s) > 
2014-04-14 03:43:20,727 INFO org.apache.hadoop.mapred.TaskTracker: attempt_201404140337_0001_r_000000_0 0.11111112% reduce > copy (4 of 12 at 9.84 MB/s) > 
2014-04-14 03:43:20,785 INFO org.apache.hadoop.mapred.TaskTracker: attempt_201404140337_0001_m_000004_0 1.0% 
2014-04-14 03:43:20,808 INFO org.apache.hadoop.mapred.TaskTracker: attempt_201404140337_0001_m_000006_0 1.0% 
2014-04-14 03:43:20,846 INFO org.apache.hadoop.mapred.TaskTracker: attempt_201404140337_0001_m_000007_0 1.0% 
2014-04-14 03:43:21,719 INFO org.apache.hadoop.mapred.TaskTracker: attempt_201404140337_0001_m_000005_0 1.0% 
2014-04-14 03:43:23,842 INFO org.apache.hadoop.mapred.TaskTracker: attempt_201404140337_0001_m_000006_0 1.0% 
2014-04-14 03:43:24,979 INFO org.apache.hadoop.mapred.TaskTracker: attempt_201404140337_0001_m_000005_0 1.0% 
2014-04-14 03:43:24,980 INFO org.apache.hadoop.mapred.TaskTracker: attempt_201404140337_0001_r_000001_0 0.11111112% reduce > copy (4 of 12 at 11.25 MB/s) > 
2014-04-14 03:43:24,983 INFO org.apache.hadoop.mapred.TaskTracker: attempt_201404140337_0001_m_000004_0 1.0% 
2014-04-14 03:43:24,984 INFO org.apache.hadoop.mapred.TaskTracker: attempt_201404140337_0001_r_000000_0 0.11111112% reduce > copy (4 of 12 at 9.84 MB/s) > 
2014-04-14 03:43:24,984 INFO org.apache.hadoop.mapred.TaskTracker: attempt_201404140337_0001_m_000007_0 1.0% 
2014-04-14 03:43:26,992 INFO org.mortbay.log: org.mortbay.io.nio.SelectorManager$SelectSet@15b3ca81 JVM BUG(s) - injecting delay6 times
2014-04-14 03:43:26,992 INFO org.mortbay.log: org.mortbay.io.nio.SelectorManager$SelectSet@15b3ca81 JVM BUG(s) - recreating selector 6 times, canceled keys 98 times
2014-04-14 03:43:27,995 INFO org.apache.hadoop.mapred.TaskTracker: attempt_201404140337_0001_m_000004_0 1.0% 
2014-04-14 03:43:27,996 INFO org.apache.hadoop.mapred.TaskTracker: Task attempt_201404140337_0001_m_000004_0 is done.
2014-04-14 03:43:27,996 INFO org.apache.hadoop.mapred.TaskTracker: reported output size for attempt_201404140337_0001_m_000004_0  was 51961174
2014-04-14 03:43:28,131 INFO org.apache.hadoop.mapred.TaskTracker: attempt_201404140337_0001_m_000006_0 1.0% 
2014-04-14 03:43:28,199 INFO org.apache.hadoop.mapred.TaskTracker: attempt_201404140337_0001_m_000007_0 1.0% 
2014-04-14 03:43:28,818 INFO org.apache.hadoop.mapred.JvmManager: JVM : jvm_201404140337_0001_m_825543651 exited with exit code 0. Number of tasks it ran: 1
2014-04-14 03:43:29,861 INFO org.apache.hadoop.mapred.TaskTracker: addFreeSlot : current free slots : 1
2014-04-14 03:43:29,874 INFO org.apache.hadoop.mapred.TaskTracker: LaunchTaskAction (registerTask): attempt_201404140337_0001_m_000008_0 task's state:UNASSIGNED
2014-04-14 03:43:29,875 INFO org.apache.hadoop.mapred.TaskTracker: Trying to launch : attempt_201404140337_0001_m_000008_0 which needs 1 slots
2014-04-14 03:43:29,875 INFO org.apache.hadoop.mapred.TaskTracker: In TaskLauncher, current free slots : 1 and trying to launch attempt_201404140337_0001_m_000008_0 which needs 1 slots
2014-04-14 03:43:30,023 INFO org.apache.hadoop.mapred.JvmManager: In JvmRunner constructed JVM ID: jvm_201404140337_0001_m_491934943
2014-04-14 03:43:30,023 INFO org.apache.hadoop.mapred.JvmManager: JVM Runner jvm_201404140337_0001_m_491934943 spawned.
2014-04-14 03:43:30,026 INFO org.apache.hadoop.mapred.TaskController: Writing commands to /tmp/hadoop/hadoop-mgrossman/mapred/local/ttprivate/taskTracker/mgrossman/jobcache/job_201404140337_0001/attempt_201404140337_0001_m_000008_0/taskjvm.sh
2014-04-14 03:43:31,008 INFO org.apache.hadoop.mapred.TaskTracker: attempt_201404140337_0001_r_000001_0 0.11111112% reduce > copy (4 of 12 at 11.25 MB/s) > 
2014-04-14 03:43:31,017 INFO org.apache.hadoop.mapred.TaskTracker: attempt_201404140337_0001_m_000005_0 1.0% 
2014-04-14 03:43:31,020 INFO org.apache.hadoop.mapred.TaskTracker: attempt_201404140337_0001_m_000005_0 1.0% 
2014-04-14 03:43:31,022 INFO org.apache.hadoop.mapred.TaskTracker: Task attempt_201404140337_0001_m_000005_0 is done.
2014-04-14 03:43:31,022 INFO org.apache.hadoop.mapred.TaskTracker: reported output size for attempt_201404140337_0001_m_000005_0  was 52209478
2014-04-14 03:43:31,025 INFO org.apache.hadoop.mapred.TaskTracker: attempt_201404140337_0001_r_000000_0 0.11111112% reduce > copy (4 of 12 at 9.84 MB/s) > 
2014-04-14 03:43:31,165 INFO org.apache.hadoop.mapred.TaskTracker: attempt_201404140337_0001_m_000006_0 1.0% 
2014-04-14 03:43:31,168 INFO org.apache.hadoop.mapred.TaskTracker: attempt_201404140337_0001_m_000006_0 1.0% 
2014-04-14 03:43:31,170 INFO org.apache.hadoop.mapred.TaskTracker: Task attempt_201404140337_0001_m_000006_0 is done.
2014-04-14 03:43:31,170 INFO org.apache.hadoop.mapred.TaskTracker: reported output size for attempt_201404140337_0001_m_000006_0  was 51759015
2014-04-14 03:43:31,226 INFO org.apache.hadoop.mapred.TaskTracker: attempt_201404140337_0001_m_000007_0 1.0% 
2014-04-14 03:43:31,230 INFO org.apache.hadoop.mapred.TaskTracker: attempt_201404140337_0001_m_000007_0 1.0% 
2014-04-14 03:43:31,234 INFO org.apache.hadoop.mapred.TaskTracker: Task attempt_201404140337_0001_m_000007_0 is done.
2014-04-14 03:43:31,234 INFO org.apache.hadoop.mapred.TaskTracker: reported output size for attempt_201404140337_0001_m_000007_0  was 52806609
2014-04-14 03:43:31,472 INFO org.apache.hadoop.mapred.JvmManager: JVM : jvm_201404140337_0001_m_645976779 exited with exit code 0. Number of tasks it ran: 1
2014-04-14 03:43:31,498 INFO org.apache.hadoop.mapred.TaskTracker: JVM with ID: jvm_201404140337_0001_m_491934943 given task: attempt_201404140337_0001_m_000008_0
2014-04-14 03:43:31,675 INFO org.apache.hadoop.mapred.JvmManager: JVM : jvm_201404140337_0001_m_482928751 exited with exit code 0. Number of tasks it ran: 1
2014-04-14 03:43:31,819 INFO org.apache.hadoop.mapred.JvmManager: JVM : jvm_201404140337_0001_m_406344853 exited with exit code 0. Number of tasks it ran: 1
2014-04-14 03:43:31,825 INFO org.apache.hadoop.mapred.TaskTracker: addFreeSlot : current free slots : 1
2014-04-14 03:43:31,966 INFO org.apache.hadoop.mapred.TaskTracker: addFreeSlot : current free slots : 2
2014-04-14 03:43:31,973 INFO org.apache.hadoop.mapred.TaskTracker: addFreeSlot : current free slots : 3
2014-04-14 03:43:32,904 INFO org.apache.hadoop.mapred.TaskTracker: LaunchTaskAction (registerTask): attempt_201404140337_0001_m_000009_0 task's state:UNASSIGNED
2014-04-14 03:43:32,904 INFO org.apache.hadoop.mapred.TaskTracker: LaunchTaskAction (registerTask): attempt_201404140337_0001_m_000010_0 task's state:UNASSIGNED
2014-04-14 03:43:32,905 INFO org.apache.hadoop.mapred.TaskTracker: LaunchTaskAction (registerTask): attempt_201404140337_0001_m_000011_0 task's state:UNASSIGNED
2014-04-14 03:43:32,905 INFO org.apache.hadoop.mapred.TaskTracker: Trying to launch : attempt_201404140337_0001_m_000009_0 which needs 1 slots
2014-04-14 03:43:32,905 INFO org.apache.hadoop.mapred.TaskTracker: In TaskLauncher, current free slots : 3 and trying to launch attempt_201404140337_0001_m_000009_0 which needs 1 slots
2014-04-14 03:43:32,905 INFO org.apache.hadoop.mapred.TaskTracker: Trying to launch : attempt_201404140337_0001_m_000010_0 which needs 1 slots
2014-04-14 03:43:32,906 INFO org.apache.hadoop.mapred.TaskTracker: In TaskLauncher, current free slots : 2 and trying to launch attempt_201404140337_0001_m_000010_0 which needs 1 slots
2014-04-14 03:43:32,906 INFO org.apache.hadoop.mapred.TaskTracker: Trying to launch : attempt_201404140337_0001_m_000011_0 which needs 1 slots
2014-04-14 03:43:32,906 INFO org.apache.hadoop.mapred.TaskTracker: In TaskLauncher, current free slots : 1 and trying to launch attempt_201404140337_0001_m_000011_0 which needs 1 slots
2014-04-14 03:43:32,925 INFO org.apache.hadoop.mapred.JvmManager: In JvmRunner constructed JVM ID: jvm_201404140337_0001_m_83472905
2014-04-14 03:43:32,926 INFO org.apache.hadoop.mapred.JvmManager: JVM Runner jvm_201404140337_0001_m_83472905 spawned.
2014-04-14 03:43:32,926 INFO org.apache.hadoop.mapred.JvmManager: In JvmRunner constructed JVM ID: jvm_201404140337_0001_m_1251191518
2014-04-14 03:43:32,927 INFO org.apache.hadoop.mapred.JvmManager: JVM Runner jvm_201404140337_0001_m_1251191518 spawned.
2014-04-14 03:43:32,927 INFO org.apache.hadoop.mapred.JvmManager: In JvmRunner constructed JVM ID: jvm_201404140337_0001_m_334897937
2014-04-14 03:43:32,928 INFO org.apache.hadoop.mapred.JvmManager: JVM Runner jvm_201404140337_0001_m_334897937 spawned.
2014-04-14 03:43:32,930 INFO org.apache.hadoop.mapred.TaskController: Writing commands to /tmp/hadoop/hadoop-mgrossman/mapred/local/ttprivate/taskTracker/mgrossman/jobcache/job_201404140337_0001/attempt_201404140337_0001_m_000011_0/taskjvm.sh
2014-04-14 03:43:32,932 INFO org.apache.hadoop.mapred.TaskController: Writing commands to /tmp/hadoop/hadoop-mgrossman/mapred/local/ttprivate/taskTracker/mgrossman/jobcache/job_201404140337_0001/attempt_201404140337_0001_m_000010_0/taskjvm.sh
2014-04-14 03:43:32,935 INFO org.apache.hadoop.mapred.TaskController: Writing commands to /tmp/hadoop/hadoop-mgrossman/mapred/local/ttprivate/taskTracker/mgrossman/jobcache/job_201404140337_0001/attempt_201404140337_0001_m_000009_0/taskjvm.sh
2014-04-14 03:43:34,046 INFO org.apache.hadoop.mapred.TaskTracker: attempt_201404140337_0001_r_000001_0 0.11111112% reduce > copy (4 of 12 at 11.25 MB/s) > 
2014-04-14 03:43:34,062 INFO org.apache.hadoop.mapred.TaskTracker: attempt_201404140337_0001_r_000000_0 0.11111112% reduce > copy (4 of 12 at 9.84 MB/s) > 
2014-04-14 03:43:34,481 INFO org.apache.hadoop.mapred.TaskTracker: JVM with ID: jvm_201404140337_0001_m_334897937 given task: attempt_201404140337_0001_m_000010_0
2014-04-14 03:43:34,499 INFO org.apache.hadoop.mapred.TaskTracker: JVM with ID: jvm_201404140337_0001_m_83472905 given task: attempt_201404140337_0001_m_000011_0
2014-04-14 03:43:34,507 INFO org.apache.hadoop.mapred.TaskTracker: JVM with ID: jvm_201404140337_0001_m_1251191518 given task: attempt_201404140337_0001_m_000009_0
2014-04-14 03:43:36,060 INFO org.apache.hadoop.mapred.TaskTracker.clienttrace: src: 127.0.1.1:50061, dest: 127.0.0.1:56226, bytes: 25575768, op: MAPRED_SHUFFLE, cliID: attempt_201404140337_0001_m_000004_0, duration: 896114047
2014-04-14 03:43:36,106 INFO org.apache.hadoop.mapred.TaskTracker.clienttrace: src: 127.0.1.1:50061, dest: 127.0.0.1:56227, bytes: 26385406, op: MAPRED_SHUFFLE, cliID: attempt_201404140337_0001_m_000004_0, duration: 879698816
2014-04-14 03:43:37,081 INFO org.apache.hadoop.mapred.TaskTracker.clienttrace: src: 127.0.1.1:50061, dest: 127.0.0.1:56227, bytes: 26445736, op: MAPRED_SHUFFLE, cliID: attempt_201404140337_0001_m_000005_0, duration: 926100518
2014-04-14 03:43:38,132 INFO org.apache.hadoop.mapred.TaskTracker.clienttrace: src: 127.0.1.1:50061, dest: 127.0.0.1:56228, bytes: 25763742, op: MAPRED_SHUFFLE, cliID: attempt_201404140337_0001_m_000005_0, duration: 2048762854
2014-04-14 03:43:38,298 INFO org.apache.hadoop.mapred.TaskTracker.clienttrace: src: 127.0.1.1:50061, dest: 127.0.0.1:56227, bytes: 26187206, op: MAPRED_SHUFFLE, cliID: attempt_201404140337_0001_m_000006_0, duration: 1174292542
2014-04-14 03:43:39,187 INFO org.apache.hadoop.mapred.TaskTracker.clienttrace: src: 127.0.1.1:50061, dest: 127.0.0.1:56241, bytes: 25571809, op: MAPRED_SHUFFLE, cliID: attempt_201404140337_0001_m_000006_0, duration: 1023791296
2014-04-14 03:43:39,372 INFO org.apache.hadoop.mapred.TaskTracker.clienttrace: src: 127.0.1.1:50061, dest: 127.0.0.1:56242, bytes: 26760235, op: MAPRED_SHUFFLE, cliID: attempt_201404140337_0001_m_000007_0, duration: 1038808841
2014-04-14 03:43:39,923 INFO org.apache.hadoop.mapred.TaskTracker: attempt_201404140337_0001_m_000008_0 0.1773254% 
2014-04-14 03:43:40,109 INFO org.apache.hadoop.mapred.TaskTracker: attempt_201404140337_0001_r_000001_0 0.22222224% reduce > copy (8 of 12 at 3.21 MB/s) > 
2014-04-14 03:43:40,201 INFO org.apache.hadoop.mapred.TaskTracker: attempt_201404140337_0001_r_000000_0 0.19444446% reduce > copy (7 of 12 at 2.49 MB/s) > 
2014-04-14 03:43:40,360 INFO org.apache.hadoop.mapred.TaskTracker.clienttrace: src: 127.0.1.1:50061, dest: 127.0.0.1:56245, bytes: 26046374, op: MAPRED_SHUFFLE, cliID: attempt_201404140337_0001_m_000007_0, duration: 1124709004
2014-04-14 03:43:43,047 INFO org.apache.hadoop.mapred.TaskTracker: attempt_201404140337_0001_m_000011_0 0.050632916% 
2014-04-14 03:43:43,138 INFO org.apache.hadoop.mapred.TaskTracker: attempt_201404140337_0001_r_000001_0 0.22222224% reduce > copy (8 of 12 at 3.21 MB/s) > 
2014-04-14 03:43:43,209 INFO org.apache.hadoop.mapred.TaskTracker: attempt_201404140337_0001_m_000010_0 0.09246177% 
2014-04-14 03:43:43,248 INFO org.apache.hadoop.mapred.TaskTracker: attempt_201404140337_0001_r_000000_0 0.22222224% reduce > copy (8 of 12 at 2.81 MB/s) > 
2014-04-14 03:43:43,361 INFO org.apache.hadoop.mapred.TaskTracker: attempt_201404140337_0001_m_000009_0 0.065203436% 
2014-04-14 03:43:43,365 INFO org.apache.hadoop.mapred.TaskTracker: attempt_201404140337_0001_m_000008_0 0.31781843% 
2014-04-14 03:43:46,287 INFO org.apache.hadoop.mapred.TaskTracker: attempt_201404140337_0001_r_000000_0 0.22222224% reduce > copy (8 of 12 at 2.81 MB/s) > 
2014-04-14 03:43:46,295 INFO org.apache.hadoop.mapred.TaskTracker: attempt_201404140337_0001_m_000011_0 0.25946212% 
2014-04-14 03:43:46,341 INFO org.apache.hadoop.mapred.TaskTracker: attempt_201404140337_0001_m_000010_0 0.27565938% 
2014-04-14 03:43:46,520 INFO org.apache.hadoop.mapred.TaskTracker: attempt_201404140337_0001_m_000009_0 0.2738199% 
2014-04-14 03:43:46,713 INFO org.apache.hadoop.mapred.TaskTracker: attempt_201404140337_0001_m_000008_0 0.45658007% 
2014-04-14 03:43:49,216 INFO org.apache.hadoop.mapred.TaskTracker: attempt_201404140337_0001_r_000001_0 0.22222224% reduce > copy (8 of 12 at 3.21 MB/s) > 
2014-04-14 03:43:49,337 INFO org.apache.hadoop.mapred.TaskTracker: attempt_201404140337_0001_r_000000_0 0.22222224% reduce > copy (8 of 12 at 2.81 MB/s) > 
2014-04-14 03:43:49,422 INFO org.apache.hadoop.mapred.TaskTracker: attempt_201404140337_0001_m_000011_0 0.44777608% 
2014-04-14 03:43:49,483 INFO org.apache.hadoop.mapred.TaskTracker: attempt_201404140337_0001_m_000010_0 0.4461599% 
2014-04-14 03:43:49,633 INFO org.apache.hadoop.mapred.TaskTracker: attempt_201404140337_0001_m_000009_0 0.44597757% 
2014-04-14 03:43:49,887 INFO org.apache.hadoop.mapred.TaskTracker: attempt_201404140337_0001_m_000008_0 0.58334136% 
2014-04-14 03:43:52,824 INFO org.apache.hadoop.mapred.TaskTracker: attempt_201404140337_0001_m_000009_0 0.5715258% 
2014-04-14 03:43:53,012 INFO org.apache.hadoop.mapred.TaskTracker: attempt_201404140337_0001_m_000011_0 0.586122% 
2014-04-14 03:43:53,037 INFO org.apache.hadoop.mapred.TaskTracker: attempt_201404140337_0001_m_000008_0 0.6501764% 
2014-04-14 03:43:53,283 INFO org.apache.hadoop.mapred.TaskTracker: attempt_201404140337_0001_m_000010_0 0.5865877% 
2014-04-14 03:43:55,368 INFO org.apache.hadoop.mapred.TaskTracker: attempt_201404140337_0001_r_000001_0 0.22222224% reduce > copy (8 of 12 at 3.21 MB/s) > 
2014-04-14 03:43:55,396 INFO org.apache.hadoop.mapred.TaskTracker: attempt_201404140337_0001_r_000000_0 0.22222224% reduce > copy (8 of 12 at 2.81 MB/s) > 
2014-04-14 03:43:56,073 INFO org.apache.hadoop.mapred.TaskTracker: attempt_201404140337_0001_m_000009_0 0.6338898% 
2014-04-14 03:43:56,166 INFO org.apache.hadoop.mapred.TaskTracker: attempt_201404140337_0001_m_000011_0 0.68632615% 
2014-04-14 03:43:56,362 INFO org.apache.hadoop.mapred.TaskTracker: attempt_201404140337_0001_m_000008_0 0.7605766% 
2014-04-14 03:43:56,439 INFO org.apache.hadoop.mapred.TaskTracker: attempt_201404140337_0001_m_000010_0 0.6891243% 
2014-04-14 03:43:58,438 INFO org.apache.hadoop.mapred.TaskTracker: attempt_201404140337_0001_r_000001_0 0.22222224% reduce > copy (8 of 12 at 3.21 MB/s) > 
2014-04-14 03:43:59,261 INFO org.apache.hadoop.mapred.TaskTracker: attempt_201404140337_0001_m_000011_0 0.7868583% 
2014-04-14 03:43:59,573 INFO org.apache.hadoop.mapred.TaskTracker: attempt_201404140337_0001_m_000010_0 0.78844064% 
2014-04-14 03:43:59,651 INFO org.apache.hadoop.mapred.TaskTracker: attempt_201404140337_0001_m_000009_0 0.75924206% 
2014-04-14 03:43:59,744 INFO org.apache.hadoop.mapred.TaskTracker: attempt_201404140337_0001_m_000008_0 0.8739202% 
2014-04-14 03:44:01,420 INFO org.apache.hadoop.mapred.TaskTracker: attempt_201404140337_0001_r_000000_0 0.22222224% reduce > copy (8 of 12 at 2.81 MB/s) > 
2014-04-14 03:44:02,863 INFO org.apache.hadoop.mapred.TaskTracker: attempt_201404140337_0001_m_000008_0 0.95318806% 
2014-04-14 03:44:02,984 INFO org.apache.hadoop.mapred.TaskTracker: attempt_201404140337_0001_m_000011_0 0.9019602% 
2014-04-14 03:44:03,159 INFO org.apache.hadoop.mapred.TaskTracker: attempt_201404140337_0001_m_000010_0 0.9020765% 
2014-04-14 03:44:04,467 INFO org.apache.hadoop.mapred.TaskTracker: attempt_201404140337_0001_r_000000_0 0.22222224% reduce > copy (8 of 12 at 2.81 MB/s) > 
2014-04-14 03:44:04,472 INFO org.apache.hadoop.mapred.TaskTracker: attempt_201404140337_0001_r_000001_0 0.22222224% reduce > copy (8 of 12 at 3.21 MB/s) > 
2014-04-14 03:44:04,514 INFO org.apache.hadoop.mapred.TaskTracker: attempt_201404140337_0001_m_000009_0 0.90148354% 
2014-04-14 03:44:05,997 INFO org.apache.hadoop.mapred.TaskTracker: attempt_201404140337_0001_m_000008_0 1.0% 
2014-04-14 03:44:06,215 INFO org.apache.hadoop.mapred.TaskTracker: attempt_201404140337_0001_m_000011_0 1.0% 
2014-04-14 03:44:06,271 INFO org.apache.hadoop.mapred.TaskTracker: attempt_201404140337_0001_m_000010_0 1.0% 
2014-04-14 03:44:07,504 INFO org.apache.hadoop.mapred.TaskTracker: attempt_201404140337_0001_r_000001_0 0.22222224% reduce > copy (8 of 12 at 3.21 MB/s) > 
2014-04-14 03:44:07,748 INFO org.apache.hadoop.mapred.TaskTracker: attempt_201404140337_0001_m_000009_0 1.0% 
2014-04-14 03:44:09,148 INFO org.apache.hadoop.mapred.TaskTracker: attempt_201404140337_0001_m_000008_0 1.0% 
2014-04-14 03:44:09,417 INFO org.apache.hadoop.mapred.TaskTracker: attempt_201404140337_0001_m_000011_0 1.0% 
2014-04-14 03:44:09,491 INFO org.apache.hadoop.mapred.TaskTracker: attempt_201404140337_0001_m_000010_0 1.0% 
2014-04-14 03:44:10,494 INFO org.apache.hadoop.mapred.TaskTracker: attempt_201404140337_0001_r_000000_0 0.22222224% reduce > copy (8 of 12 at 2.81 MB/s) > 
2014-04-14 03:44:10,857 INFO org.apache.hadoop.mapred.TaskTracker: attempt_201404140337_0001_m_000009_0 1.0% 
2014-04-14 03:44:12,219 INFO org.apache.hadoop.mapred.TaskTracker: attempt_201404140337_0001_m_000008_0 1.0% 
2014-04-14 03:44:12,580 INFO org.apache.hadoop.mapred.TaskTracker: attempt_201404140337_0001_m_000011_0 1.0% 
2014-04-14 03:44:12,625 INFO org.apache.hadoop.mapred.TaskTracker: attempt_201404140337_0001_m_000010_0 1.0% 
2014-04-14 03:44:13,543 INFO org.apache.hadoop.mapred.TaskTracker: attempt_201404140337_0001_r_000000_0 0.22222224% reduce > copy (8 of 12 at 2.81 MB/s) > 
2014-04-14 03:44:13,554 INFO org.apache.hadoop.mapred.TaskTracker: attempt_201404140337_0001_r_000001_0 0.22222224% reduce > copy (8 of 12 at 3.21 MB/s) > 
2014-04-14 03:44:14,080 INFO org.apache.hadoop.mapred.TaskTracker: attempt_201404140337_0001_m_000009_0 1.0% 
2014-04-14 03:44:15,287 INFO org.apache.hadoop.mapred.TaskTracker: attempt_201404140337_0001_m_000008_0 1.0% 
2014-04-14 03:44:15,703 INFO org.apache.hadoop.mapred.TaskTracker: attempt_201404140337_0001_m_000011_0 1.0% 
2014-04-14 03:44:18,543 INFO org.apache.hadoop.mapred.TaskTracker: attempt_201404140337_0001_m_000008_0 1.0% 
2014-04-14 03:44:19,067 INFO org.apache.hadoop.mapred.TaskTracker: attempt_201404140337_0001_m_000010_0 1.0% 
2014-04-14 03:44:20,180 INFO org.apache.hadoop.mapred.TaskTracker: attempt_201404140337_0001_r_000001_0 0.22222224% reduce > copy (8 of 12 at 3.21 MB/s) > 
2014-04-14 03:44:21,301 INFO org.apache.hadoop.mapred.TaskTracker: attempt_201404140337_0001_r_000000_0 0.22222224% reduce > copy (8 of 12 at 2.81 MB/s) > 
2014-04-14 03:44:21,574 INFO org.apache.hadoop.mapred.TaskTracker: attempt_201404140337_0001_m_000008_0 1.0% 
2014-04-14 03:44:23,182 INFO org.apache.hadoop.mapred.TaskTracker: attempt_201404140337_0001_m_000011_0 1.0% 
2014-04-14 03:44:23,203 INFO org.apache.hadoop.mapred.TaskTracker: attempt_201404140337_0001_r_000001_0 0.22222224% reduce > copy (8 of 12 at 3.21 MB/s) > 
2014-04-14 03:44:24,494 INFO org.apache.hadoop.mapred.TaskTracker: attempt_201404140337_0001_r_000000_0 0.22222224% reduce > copy (8 of 12 at 2.81 MB/s) > 
2014-04-14 03:44:24,986 INFO org.apache.hadoop.mapred.TaskTracker: attempt_201404140337_0001_m_000008_0 1.0% 
2014-04-14 03:44:25,658 INFO org.apache.hadoop.mapred.TaskTracker: attempt_201404140337_0001_m_000010_0 1.0% 
2014-04-14 03:44:25,684 INFO org.apache.hadoop.mapred.TaskTracker: attempt_201404140337_0001_m_000009_0 1.0% 
2014-04-14 03:44:27,441 INFO org.mortbay.log: org.mortbay.io.nio.SelectorManager$SelectSet@15b3ca81 JVM BUG(s) - injecting delay5 times
2014-04-14 03:44:27,441 INFO org.mortbay.log: org.mortbay.io.nio.SelectorManager$SelectSet@15b3ca81 JVM BUG(s) - recreating selector 5 times, canceled keys 86 times
2014-04-14 03:44:28,967 INFO org.apache.hadoop.mapred.TaskTracker: attempt_201404140337_0001_m_000009_0 1.0% 
2014-04-14 03:44:29,214 INFO org.apache.hadoop.mapred.TaskTracker: attempt_201404140337_0001_m_000011_0 1.0% 
2014-04-14 03:44:29,230 INFO org.apache.hadoop.mapred.TaskTracker: attempt_201404140337_0001_r_000001_0 0.22222224% reduce > copy (8 of 12 at 3.21 MB/s) > 
2014-04-14 03:44:30,521 INFO org.apache.hadoop.mapred.TaskTracker: attempt_201404140337_0001_r_000000_0 0.22222224% reduce > copy (8 of 12 at 2.81 MB/s) > 
2014-04-14 03:44:31,019 INFO org.apache.hadoop.mapred.TaskTracker: attempt_201404140337_0001_m_000008_0 1.0% 
2014-04-14 03:44:31,030 INFO org.apache.hadoop.mapred.TaskTracker: attempt_201404140337_0001_m_000008_0 1.0% 
2014-04-14 03:44:31,032 INFO org.apache.hadoop.mapred.TaskTracker: Task attempt_201404140337_0001_m_000008_0 is done.
2014-04-14 03:44:31,032 INFO org.apache.hadoop.mapred.TaskTracker: reported output size for attempt_201404140337_0001_m_000008_0  was 52484422
2014-04-14 03:44:32,075 INFO org.apache.hadoop.mapred.TaskTracker: attempt_201404140337_0001_m_000009_0 1.0% 
2014-04-14 03:44:32,078 INFO org.apache.hadoop.mapred.TaskTracker: attempt_201404140337_0001_m_000010_0 1.0% 
2014-04-14 03:44:32,243 INFO org.apache.hadoop.mapred.TaskTracker: attempt_201404140337_0001_m_000011_0 1.0% 
2014-04-14 03:44:47,555 INFO org.apache.hadoop.mapred.JvmManager: JVM : jvm_201404140337_0001_m_491934943 exited with exit code 0. Number of tasks it ran: 1
2014-04-14 03:44:48,817 INFO org.apache.hadoop.mapred.TaskTracker: addFreeSlot : current free slots : 1
2014-04-14 03:44:48,818 INFO org.apache.hadoop.mapred.TaskTracker: attempt_201404140337_0001_r_000001_0 0.22222224% reduce > copy (8 of 12 at 3.21 MB/s) > 
2014-04-14 03:44:48,819 INFO org.apache.hadoop.mapred.TaskTracker: attempt_201404140337_0001_m_000011_0 1.0% 
2014-04-14 03:44:48,821 INFO org.apache.hadoop.mapred.TaskTracker: attempt_201404140337_0001_m_000010_0 1.0% 
2014-04-14 03:44:48,822 INFO org.apache.hadoop.mapred.TaskTracker: attempt_201404140337_0001_m_000009_0 1.0% 
2014-04-14 03:44:48,824 INFO org.apache.hadoop.mapred.TaskTracker: attempt_201404140337_0001_r_000000_0 0.22222224% reduce > copy (8 of 12 at 2.81 MB/s) > 
2014-04-14 03:44:48,832 INFO org.apache.hadoop.mapred.TaskTracker: attempt_201404140337_0001_m_000009_0 1.0% 
2014-04-14 03:44:48,845 INFO org.apache.hadoop.mapred.TaskTracker: attempt_201404140337_0001_m_000011_0 1.0% 
2014-04-14 03:44:48,847 INFO org.apache.hadoop.mapred.TaskTracker: attempt_201404140337_0001_m_000010_0 1.0% 
2014-04-14 03:44:48,848 INFO org.apache.hadoop.mapred.TaskTracker: Task attempt_201404140337_0001_m_000011_0 is done.
2014-04-14 03:44:48,849 INFO org.apache.hadoop.mapred.TaskTracker: reported output size for attempt_201404140337_0001_m_000011_0  was 51261824
2014-04-14 03:44:48,849 INFO org.apache.hadoop.mapred.TaskTracker: Task attempt_201404140337_0001_m_000009_0 is done.
2014-04-14 03:44:48,850 INFO org.apache.hadoop.mapred.TaskTracker: reported output size for attempt_201404140337_0001_m_000009_0  was 52197794
2014-04-14 03:44:48,861 INFO org.apache.hadoop.mapred.TaskTracker: Task attempt_201404140337_0001_m_000010_0 is done.
2014-04-14 03:44:48,862 INFO org.apache.hadoop.mapred.TaskTracker: reported output size for attempt_201404140337_0001_m_000010_0  was 52583539
2014-04-14 03:44:49,360 INFO org.apache.hadoop.mapred.JvmManager: JVM : jvm_201404140337_0001_m_1251191518 exited with exit code 0. Number of tasks it ran: 1
2014-04-14 03:44:49,379 INFO org.apache.hadoop.mapred.JvmManager: JVM : jvm_201404140337_0001_m_334897937 exited with exit code 0. Number of tasks it ran: 1
2014-04-14 03:44:49,386 INFO org.apache.hadoop.mapred.JvmManager: JVM : jvm_201404140337_0001_m_83472905 exited with exit code 0. Number of tasks it ran: 1
2014-04-14 03:44:49,914 INFO org.apache.hadoop.mapred.TaskTracker: addFreeSlot : current free slots : 2
2014-04-14 03:44:49,924 INFO org.apache.hadoop.mapred.TaskTracker: addFreeSlot : current free slots : 3
2014-04-14 03:44:49,927 INFO org.apache.hadoop.mapred.TaskTracker: addFreeSlot : current free slots : 4
2014-04-14 03:44:51,852 INFO org.apache.hadoop.mapred.TaskTracker: attempt_201404140337_0001_r_000001_0 0.22222224% reduce > copy (8 of 12 at 3.21 MB/s) > 
2014-04-14 03:44:51,861 INFO org.apache.hadoop.mapred.TaskTracker: attempt_201404140337_0001_r_000000_0 0.22222224% reduce > copy (8 of 12 at 2.81 MB/s) > 
2014-04-14 03:44:54,713 INFO org.apache.hadoop.mapred.TaskTracker.clienttrace: src: 127.0.1.1:50061, dest: 127.0.0.1:56307, bytes: 26635752, op: MAPRED_SHUFFLE, cliID: attempt_201404140337_0001_m_000008_0, duration: 208427750
2014-04-14 03:44:54,873 INFO org.apache.hadoop.mapred.TaskTracker: attempt_201404140337_0001_r_000001_0 0.25% reduce > copy (9 of 12 at 1.64 MB/s) > 
2014-04-14 03:44:54,878 INFO org.apache.hadoop.mapred.TaskTracker: attempt_201404140337_0001_r_000000_0 0.22222224% reduce > copy (8 of 12 at 2.81 MB/s) > 
2014-04-14 03:44:55,720 INFO org.apache.hadoop.mapred.TaskTracker.clienttrace: src: 127.0.1.1:50061, dest: 127.0.0.1:56308, bytes: 25848670, op: MAPRED_SHUFFLE, cliID: attempt_201404140337_0001_m_000008_0, duration: 178513569
2014-04-14 03:44:56,689 INFO org.apache.hadoop.mapred.TaskTracker.clienttrace: src: 127.0.1.1:50061, dest: 127.0.0.1:56308, bytes: 25672726, op: MAPRED_SHUFFLE, cliID: attempt_201404140337_0001_m_000009_0, duration: 963245614
2014-04-14 03:44:57,654 INFO org.apache.hadoop.mapred.TaskTracker.clienttrace: src: 127.0.1.1:50061, dest: 127.0.0.1:56308, bytes: 25884370, op: MAPRED_SHUFFLE, cliID: attempt_201404140337_0001_m_000010_0, duration: 961272570
2014-04-14 03:44:57,896 INFO org.apache.hadoop.mapred.TaskTracker: attempt_201404140337_0001_r_000001_0 0.25% reduce > copy (9 of 12 at 1.64 MB/s) > 
2014-04-14 03:44:58,673 INFO org.apache.hadoop.mapred.TaskTracker.clienttrace: src: 127.0.1.1:50061, dest: 127.0.0.1:56309, bytes: 25306417, op: MAPRED_SHUFFLE, cliID: attempt_201404140337_0001_m_000011_0, duration: 1016800812
2014-04-14 03:44:58,862 INFO org.apache.hadoop.mapred.TaskTracker: attempt_201404140337_0001_r_000000_0 0.22222224% reduce > copy (8 of 12 at 2.81 MB/s) > 
2014-04-14 03:44:59,738 INFO org.apache.hadoop.mapred.TaskTracker: attempt_201404140337_0001_r_000000_0 0.22222224% reduce > copy (8 of 12 at 2.81 MB/s) > 
2014-04-14 03:45:00,005 INFO org.apache.hadoop.mapred.TaskTracker.clienttrace: src: 127.0.1.1:50061, dest: 127.0.0.1:56310, bytes: 26525068, op: MAPRED_SHUFFLE, cliID: attempt_201404140337_0001_m_000009_0, duration: 288555966
2014-04-14 03:45:00,850 INFO org.apache.hadoop.mapred.TaskTracker.clienttrace: src: 127.0.1.1:50061, dest: 127.0.0.1:56313, bytes: 26699169, op: MAPRED_SHUFFLE, cliID: attempt_201404140337_0001_m_000010_0, duration: 841957584
2014-04-14 03:45:00,916 INFO org.apache.hadoop.mapred.TaskTracker: attempt_201404140337_0001_r_000000_0 0.6666853% reduce > reduce
2014-04-14 03:45:01,813 INFO org.apache.hadoop.mapred.TaskTracker.clienttrace: src: 127.0.1.1:50061, dest: 127.0.0.1:56313, bytes: 25955407, op: MAPRED_SHUFFLE, cliID: attempt_201404140337_0001_m_000011_0, duration: 950104314
2014-04-14 03:45:01,867 INFO org.apache.hadoop.mapred.TaskTracker: attempt_201404140337_0001_r_000001_0 0.25% reduce > copy (9 of 12 at 1.64 MB/s) > 
2014-04-14 03:45:02,763 INFO org.apache.hadoop.mapred.TaskTracker: attempt_201404140337_0001_r_000001_0 0.25% reduce > copy (9 of 12 at 1.64 MB/s) > 
2014-04-14 03:45:03,952 INFO org.apache.hadoop.mapred.TaskTracker: attempt_201404140337_0001_r_000000_0 0.6666853% reduce > reduce
2014-04-14 03:45:03,958 INFO org.apache.hadoop.mapred.TaskTracker: Task attempt_201404140337_0001_r_000000_0 is in commit-pending, task state:COMMIT_PENDING
2014-04-14 03:45:03,958 INFO org.apache.hadoop.mapred.TaskTracker: attempt_201404140337_0001_r_000000_0 0.6666853% reduce > reduce
2014-04-14 03:45:03,999 INFO org.apache.hadoop.mapred.TaskTracker: attempt_201404140337_0001_r_000001_0 0.666691% reduce > reduce
2014-04-14 03:45:05,885 INFO org.apache.hadoop.mapred.TaskTracker: Task attempt_201404140337_0001_r_000001_0 is in commit-pending, task state:COMMIT_PENDING
2014-04-14 03:45:05,886 INFO org.apache.hadoop.mapred.TaskTracker: attempt_201404140337_0001_r_000001_0 0.666691% reduce > reduce
2014-04-14 03:45:06,909 INFO org.apache.hadoop.mapred.TaskTracker: Received commit task action for attempt_201404140337_0001_r_000000_0
2014-04-14 03:45:06,909 INFO org.apache.hadoop.mapred.TaskTracker: Received commit task action for attempt_201404140337_0001_r_000001_0
2014-04-14 03:45:07,026 INFO org.apache.hadoop.mapred.TaskTracker: attempt_201404140337_0001_r_000001_0 0.666691% reduce > reduce
2014-04-14 03:45:09,976 INFO org.apache.hadoop.mapred.TaskTracker: attempt_201404140337_0001_r_000000_0 0.6666853% reduce > reduce
2014-04-14 03:45:09,979 INFO org.apache.hadoop.mapred.TaskTracker: attempt_201404140337_0001_r_000000_0 0.6666853% reduce > reduce
2014-04-14 03:45:09,982 INFO org.apache.hadoop.mapred.TaskTracker: Task attempt_201404140337_0001_r_000000_0 is done.
2014-04-14 03:45:09,982 INFO org.apache.hadoop.mapred.TaskTracker: reported output size for attempt_201404140337_0001_r_000000_0  was -1
2014-04-14 03:45:09,984 INFO org.apache.hadoop.mapred.TaskTracker: addFreeSlot : current free slots : 1
2014-04-14 03:45:10,046 INFO org.apache.hadoop.mapred.TaskTracker: attempt_201404140337_0001_r_000001_0 0.666691% reduce > reduce
2014-04-14 03:45:10,048 INFO org.apache.hadoop.mapred.TaskTracker: attempt_201404140337_0001_r_000001_0 0.666691% reduce > reduce
2014-04-14 03:45:10,049 INFO org.apache.hadoop.mapred.TaskTracker: Task attempt_201404140337_0001_r_000001_0 is done.
2014-04-14 03:45:10,050 INFO org.apache.hadoop.mapred.TaskTracker: reported output size for attempt_201404140337_0001_r_000001_0  was -1
2014-04-14 03:45:10,050 INFO org.apache.hadoop.mapred.TaskTracker: addFreeSlot : current free slots : 2
2014-04-14 03:45:10,456 INFO org.apache.hadoop.mapred.JvmManager: JVM : jvm_201404140337_0001_r_1378033202 exited with exit code 0. Number of tasks it ran: 1
2014-04-14 03:45:10,478 INFO org.apache.hadoop.mapred.JvmManager: JVM : jvm_201404140337_0001_r_1203933887 exited with exit code 0. Number of tasks it ran: 1
2014-04-14 03:45:12,950 INFO org.apache.hadoop.mapred.TaskTracker: LaunchTaskAction (registerTask): attempt_201404140337_0001_m_000012_0 task's state:UNASSIGNED
2014-04-14 03:45:12,950 INFO org.apache.hadoop.mapred.TaskTracker: Trying to launch : attempt_201404140337_0001_m_000012_0 which needs 1 slots
2014-04-14 03:45:12,950 INFO org.apache.hadoop.mapred.TaskTracker: In TaskLauncher, current free slots : 4 and trying to launch attempt_201404140337_0001_m_000012_0 which needs 1 slots
2014-04-14 03:45:12,950 INFO org.apache.hadoop.mapred.TaskTracker: Received KillTaskAction for task: attempt_201404140337_0001_r_000000_0
2014-04-14 03:45:12,951 INFO org.apache.hadoop.mapred.TaskTracker: About to purge task: attempt_201404140337_0001_r_000000_0
2014-04-14 03:45:12,951 INFO org.apache.hadoop.mapred.TaskTracker: Received KillTaskAction for task: attempt_201404140337_0001_r_000001_0
2014-04-14 03:45:12,951 INFO org.apache.hadoop.mapred.TaskTracker: About to purge task: attempt_201404140337_0001_r_000001_0
2014-04-14 03:45:12,983 INFO org.apache.hadoop.mapred.JvmManager: In JvmRunner constructed JVM ID: jvm_201404140337_0001_m_1324625018
2014-04-14 03:45:12,983 INFO org.apache.hadoop.mapred.JvmManager: JVM Runner jvm_201404140337_0001_m_1324625018 spawned.
2014-04-14 03:45:12,986 INFO org.apache.hadoop.mapred.TaskController: Writing commands to /tmp/hadoop/hadoop-mgrossman/mapred/local/ttprivate/taskTracker/mgrossman/jobcache/job_201404140337_0001/attempt_201404140337_0001_m_000012_0/taskjvm.sh
2014-04-14 03:45:15,589 INFO org.apache.hadoop.mapred.TaskTracker: JVM with ID: jvm_201404140337_0001_m_1324625018 given task: attempt_201404140337_0001_m_000012_0
2014-04-14 03:45:16,817 INFO org.apache.hadoop.mapred.TaskTracker: attempt_201404140337_0001_m_000012_0 0.0% 
2014-04-14 03:45:19,701 INFO org.apache.hadoop.mapred.TaskTracker: attempt_201404140337_0001_m_000012_0 0.0% cleanup
2014-04-14 03:45:19,704 INFO org.apache.hadoop.mapred.TaskTracker: Task attempt_201404140337_0001_m_000012_0 is done.
2014-04-14 03:45:19,704 INFO org.apache.hadoop.mapred.TaskTracker: reported output size for attempt_201404140337_0001_m_000012_0  was -1
2014-04-14 03:45:19,705 INFO org.apache.hadoop.mapred.TaskTracker: addFreeSlot : current free slots : 4
2014-04-14 03:45:19,932 INFO org.apache.hadoop.mapred.JvmManager: JVM : jvm_201404140337_0001_m_1324625018 exited with exit code 0. Number of tasks it ran: 1
2014-04-14 03:45:22,041 INFO org.apache.hadoop.mapred.TaskTracker: Received 'KillJobAction' for job: job_201404140337_0001
2014-04-14 03:45:22,043 INFO org.apache.hadoop.mapred.IndexCache: Map ID attempt_201404140337_0001_m_000012_0 not found in cache
2014-04-14 03:45:22,045 INFO org.apache.hadoop.mapred.UserLogCleaner: Adding job_201404140337_0001 for user-log deletion with retainTimeStamp:1397551522045
