2014-04-12 14:40:21,718 INFO org.apache.hadoop.mapred.TaskTracker: STARTUP_MSG: 
/************************************************************
STARTUP_MSG: Starting TaskTracker
STARTUP_MSG:   host = gpu-014.davinci.rice.edu/192.168.110.214
STARTUP_MSG:   args = []
STARTUP_MSG:   version = 1.0.4-SNAPSHOT
STARTUP_MSG:   build =  -r ; compiled by 'jmg3' on Fri Apr 11 17:54:37 CDT 2014
************************************************************/
2014-04-12 14:40:21,887 INFO org.apache.hadoop.metrics2.impl.MetricsConfig: loaded properties from hadoop-metrics2.properties
2014-04-12 14:40:21,943 INFO org.apache.hadoop.metrics2.impl.MetricsSourceAdapter: MBean for source MetricsSystem,sub=Stats registered.
2014-04-12 14:40:21,943 INFO org.apache.hadoop.metrics2.impl.MetricsSystemImpl: Scheduled snapshot period at 10 second(s).
2014-04-12 14:40:21,944 INFO org.apache.hadoop.metrics2.impl.MetricsSystemImpl: TaskTracker metrics system started
2014-04-12 14:40:22,097 INFO org.apache.hadoop.metrics2.impl.MetricsSourceAdapter: MBean for source ugi registered.
2014-04-12 14:40:22,268 INFO org.mortbay.log: Logging to org.slf4j.impl.Log4jLoggerAdapter(org.mortbay.log) via org.mortbay.log.Slf4jLog
2014-04-12 14:40:22,320 INFO org.apache.hadoop.http.HttpServer: Added global filtersafety (class=org.apache.hadoop.http.HttpServer$QuotingInputFilter)
2014-04-12 14:40:22,341 INFO org.apache.hadoop.mapred.TaskLogsTruncater: Initializing logs' truncater with mapRetainSize=-1 and reduceRetainSize=-1
2014-04-12 14:40:22,345 INFO org.apache.hadoop.mapred.TaskTracker: Starting tasktracker with owner as jmg3
2014-04-12 14:40:22,346 INFO org.apache.hadoop.mapred.TaskTracker: Good mapred local directories are: /tmp/hadoop/hadoop-jmg3/mapred/local
2014-04-12 14:40:22,350 WARN org.apache.hadoop.util.NativeCodeLoader: Unable to load native-hadoop library for your platform... using builtin-java classes where applicable
2014-04-12 14:40:22,356 INFO org.apache.hadoop.metrics2.impl.MetricsSourceAdapter: MBean for source jvm registered.
2014-04-12 14:40:22,357 INFO org.apache.hadoop.metrics2.impl.MetricsSourceAdapter: MBean for source TaskTrackerMetrics registered.
2014-04-12 14:40:22,370 INFO org.apache.hadoop.ipc.Server: Starting SocketReader
2014-04-12 14:40:22,372 INFO org.apache.hadoop.metrics2.impl.MetricsSourceAdapter: MBean for source RpcDetailedActivityForPort50359 registered.
2014-04-12 14:40:22,372 INFO org.apache.hadoop.metrics2.impl.MetricsSourceAdapter: MBean for source RpcActivityForPort50359 registered.
2014-04-12 14:40:22,375 INFO org.apache.hadoop.ipc.Server: IPC Server Responder: starting
2014-04-12 14:40:22,375 INFO org.apache.hadoop.ipc.Server: IPC Server listener on 50359: starting
2014-04-12 14:40:22,376 INFO org.apache.hadoop.ipc.Server: IPC Server handler 0 on 50359: starting
2014-04-12 14:40:22,377 INFO org.apache.hadoop.ipc.Server: IPC Server handler 1 on 50359: starting
2014-04-12 14:40:22,378 INFO org.apache.hadoop.ipc.Server: IPC Server handler 3 on 50359: starting
2014-04-12 14:40:22,378 INFO org.apache.hadoop.ipc.Server: IPC Server handler 2 on 50359: starting
2014-04-12 14:40:22,378 INFO org.apache.hadoop.ipc.Server: IPC Server handler 4 on 50359: starting
2014-04-12 14:40:22,379 INFO org.apache.hadoop.ipc.Server: IPC Server handler 5 on 50359: starting
2014-04-12 14:40:22,379 INFO org.apache.hadoop.ipc.Server: IPC Server handler 6 on 50359: starting
2014-04-12 14:40:22,380 INFO org.apache.hadoop.ipc.Server: IPC Server handler 7 on 50359: starting
2014-04-12 14:40:22,380 INFO org.apache.hadoop.ipc.Server: IPC Server handler 8 on 50359: starting
2014-04-12 14:40:22,380 INFO org.apache.hadoop.ipc.Server: IPC Server handler 9 on 50359: starting
2014-04-12 14:40:22,381 INFO org.apache.hadoop.ipc.Server: IPC Server handler 10 on 50359: starting
2014-04-12 14:40:22,381 INFO org.apache.hadoop.ipc.Server: IPC Server handler 11 on 50359: starting
2014-04-12 14:40:22,382 INFO org.apache.hadoop.ipc.Server: IPC Server handler 12 on 50359: starting
2014-04-12 14:40:22,382 INFO org.apache.hadoop.ipc.Server: IPC Server handler 13 on 50359: starting
2014-04-12 14:40:22,383 INFO org.apache.hadoop.ipc.Server: IPC Server handler 14 on 50359: starting
2014-04-12 14:40:22,383 INFO org.apache.hadoop.ipc.Server: IPC Server handler 15 on 50359: starting
2014-04-12 14:40:22,384 INFO org.apache.hadoop.ipc.Server: IPC Server handler 16 on 50359: starting
2014-04-12 14:40:22,384 INFO org.apache.hadoop.ipc.Server: IPC Server handler 17 on 50359: starting
2014-04-12 14:40:22,384 INFO org.apache.hadoop.ipc.Server: IPC Server handler 18 on 50359: starting
2014-04-12 14:40:22,385 INFO org.apache.hadoop.ipc.Server: IPC Server handler 19 on 50359: starting
2014-04-12 14:40:22,385 INFO org.apache.hadoop.ipc.Server: IPC Server handler 20 on 50359: starting
2014-04-12 14:40:22,386 INFO org.apache.hadoop.ipc.Server: IPC Server handler 21 on 50359: starting
2014-04-12 14:40:22,386 INFO org.apache.hadoop.mapred.TaskTracker: TaskTracker up at: localhost/127.0.0.1:50359
2014-04-12 14:40:22,386 INFO org.apache.hadoop.mapred.TaskTracker: Starting tracker tracker_gpu-014.davinci.rice.edu:localhost/127.0.0.1:50359
2014-04-12 14:40:22,386 INFO org.apache.hadoop.ipc.Server: IPC Server handler 22 on 50359: starting
2014-04-12 14:40:22,387 INFO org.apache.hadoop.ipc.Server: IPC Server handler 23 on 50359: starting
2014-04-12 14:40:52,073 INFO org.apache.hadoop.mapred.TaskTracker: Starting thread: Map-events fetcher for all reduce tasks on tracker_gpu-014.davinci.rice.edu:localhost/127.0.0.1:50359
2014-04-12 14:40:52,084 INFO org.apache.hadoop.util.ProcessTree: setsid exited with exit code 0
2014-04-12 14:40:52,088 INFO org.apache.hadoop.mapred.TaskTracker:  Using ResourceCalculatorPlugin : org.apache.hadoop.util.LinuxResourceCalculatorPlugin@322f8695
2014-04-12 14:40:52,090 WARN org.apache.hadoop.mapred.TaskTracker: TaskTracker's totalMemoryAllottedForTasks is -1. TaskMemoryManager is disabled.
2014-04-12 14:40:52,093 INFO org.apache.hadoop.mapred.IndexCache: IndexCache created with max memory = 10485760
2014-04-12 14:40:52,746 INFO org.apache.hadoop.metrics2.impl.MetricsSourceAdapter: MBean for source ShuffleServerMetrics registered.
2014-04-12 14:40:52,749 INFO org.apache.hadoop.http.HttpServer: Port returned by webServer.getConnectors()[0].getLocalPort() before open() is -1. Opening the listener on 50061
2014-04-12 14:40:52,749 INFO org.apache.hadoop.http.HttpServer: listener.getLocalPort() returned 50061 webServer.getConnectors()[0].getLocalPort() returned 50061
2014-04-12 14:40:52,749 INFO org.apache.hadoop.http.HttpServer: Jetty bound to port 50061
2014-04-12 14:40:52,749 INFO org.mortbay.log: jetty-6.1.26
2014-04-12 14:40:53,021 INFO org.mortbay.log: Started SelectChannelConnector@0.0.0.0:50061
2014-04-12 14:40:53,035 INFO org.apache.hadoop.mapred.TaskTracker: FILE_CACHE_SIZE for mapOutputServlet set to : 2000
2014-04-12 14:41:47,278 INFO org.apache.hadoop.mapred.TaskTracker: LaunchTaskAction (registerTask): attempt_201404121440_0001_m_000013_0 task's state:UNASSIGNED
2014-04-12 14:41:47,282 INFO org.apache.hadoop.mapred.TaskTracker: Trying to launch : attempt_201404121440_0001_m_000013_0 which needs 1 slots
2014-04-12 14:41:47,282 INFO org.apache.hadoop.mapred.TaskTracker: In TaskLauncher, current free slots : 12 and trying to launch attempt_201404121440_0001_m_000013_0 which needs 1 slots
2014-04-12 14:41:47,433 INFO org.apache.hadoop.mapred.JobLocalizer: Initializing user jmg3 on this TT.
2014-04-12 14:41:47,566 INFO org.apache.hadoop.mapred.JvmManager: In JvmRunner constructed JVM ID: jvm_201404121440_0001_m_705543947
2014-04-12 14:41:47,566 INFO org.apache.hadoop.mapred.JvmManager: JVM Runner jvm_201404121440_0001_m_705543947 spawned.
2014-04-12 14:41:47,568 INFO org.apache.hadoop.mapred.TaskController: Writing commands to /tmp/hadoop/hadoop-jmg3/mapred/local/ttprivate/taskTracker/jmg3/jobcache/job_201404121440_0001/attempt_201404121440_0001_m_000013_0/taskjvm.sh
2014-04-12 14:41:48,213 INFO org.apache.hadoop.mapred.TaskTracker: JVM with ID: jvm_201404121440_0001_m_705543947 given task: attempt_201404121440_0001_m_000013_0
2014-04-12 14:41:51,634 INFO org.apache.hadoop.mapred.TaskTracker: attempt_201404121440_0001_m_000013_0 0.0% setup
2014-04-12 14:41:51,637 INFO org.apache.hadoop.mapred.TaskTracker: Task attempt_201404121440_0001_m_000013_0 is done.
2014-04-12 14:41:51,637 INFO org.apache.hadoop.mapred.TaskTracker: reported output size for attempt_201404121440_0001_m_000013_0  was -1
2014-04-12 14:41:51,639 INFO org.apache.hadoop.mapred.TaskTracker: addFreeSlot : current free slots : 12
2014-04-12 14:41:51,784 INFO org.apache.hadoop.mapred.JvmManager: JVM : jvm_201404121440_0001_m_705543947 exited with exit code 0. Number of tasks it ran: 1
2014-04-12 14:41:53,308 INFO org.apache.hadoop.mapred.TaskTracker: LaunchTaskAction (registerTask): attempt_201404121440_0001_m_000000_0 task's state:UNASSIGNED
2014-04-12 14:41:53,308 INFO org.apache.hadoop.mapred.TaskTracker: LaunchTaskAction (registerTask): attempt_201404121440_0001_m_000001_0 task's state:UNASSIGNED
2014-04-12 14:41:53,309 INFO org.apache.hadoop.mapred.TaskTracker: LaunchTaskAction (registerTask): attempt_201404121440_0001_m_000002_0 task's state:UNASSIGNED
2014-04-12 14:41:53,309 INFO org.apache.hadoop.mapred.TaskTracker: LaunchTaskAction (registerTask): attempt_201404121440_0001_m_000003_0 task's state:UNASSIGNED
2014-04-12 14:41:53,309 INFO org.apache.hadoop.mapred.TaskTracker: LaunchTaskAction (registerTask): attempt_201404121440_0001_m_000004_0 task's state:UNASSIGNED
2014-04-12 14:41:53,310 INFO org.apache.hadoop.mapred.TaskTracker: LaunchTaskAction (registerTask): attempt_201404121440_0001_m_000005_0 task's state:UNASSIGNED
2014-04-12 14:41:53,310 INFO org.apache.hadoop.mapred.TaskTracker: LaunchTaskAction (registerTask): attempt_201404121440_0001_m_000006_0 task's state:UNASSIGNED
2014-04-12 14:41:53,311 INFO org.apache.hadoop.mapred.TaskTracker: LaunchTaskAction (registerTask): attempt_201404121440_0001_m_000007_0 task's state:UNASSIGNED
2014-04-12 14:41:53,311 INFO org.apache.hadoop.mapred.TaskTracker: LaunchTaskAction (registerTask): attempt_201404121440_0001_m_000008_0 task's state:UNASSIGNED
2014-04-12 14:41:53,312 INFO org.apache.hadoop.mapred.TaskTracker: LaunchTaskAction (registerTask): attempt_201404121440_0001_m_000009_0 task's state:UNASSIGNED
2014-04-12 14:41:53,312 INFO org.apache.hadoop.mapred.TaskTracker: LaunchTaskAction (registerTask): attempt_201404121440_0001_m_000010_0 task's state:UNASSIGNED
2014-04-12 14:41:53,313 INFO org.apache.hadoop.mapred.TaskTracker: LaunchTaskAction (registerTask): attempt_201404121440_0001_m_000011_0 task's state:UNASSIGNED
2014-04-12 14:41:53,313 INFO org.apache.hadoop.mapred.TaskTracker: Trying to launch : attempt_201404121440_0001_m_000000_0 which needs 1 slots
2014-04-12 14:41:53,313 INFO org.apache.hadoop.mapred.TaskTracker: In TaskLauncher, current free slots : 12 and trying to launch attempt_201404121440_0001_m_000000_0 which needs 1 slots
2014-04-12 14:41:53,313 INFO org.apache.hadoop.mapred.TaskTracker: Trying to launch : attempt_201404121440_0001_m_000001_0 which needs 1 slots
2014-04-12 14:41:53,313 INFO org.apache.hadoop.mapred.TaskTracker: In TaskLauncher, current free slots : 11 and trying to launch attempt_201404121440_0001_m_000001_0 which needs 1 slots
2014-04-12 14:41:53,313 INFO org.apache.hadoop.mapred.TaskTracker: Received KillTaskAction for task: attempt_201404121440_0001_m_000013_0
2014-04-12 14:41:53,313 INFO org.apache.hadoop.mapred.TaskTracker: About to purge task: attempt_201404121440_0001_m_000013_0
2014-04-12 14:41:53,313 INFO org.apache.hadoop.mapred.TaskTracker: Trying to launch : attempt_201404121440_0001_m_000002_0 which needs 1 slots
2014-04-12 14:41:53,314 INFO org.apache.hadoop.mapred.TaskTracker: In TaskLauncher, current free slots : 10 and trying to launch attempt_201404121440_0001_m_000002_0 which needs 1 slots
2014-04-12 14:41:53,314 INFO org.apache.hadoop.mapred.TaskTracker: Trying to launch : attempt_201404121440_0001_m_000003_0 which needs 1 slots
2014-04-12 14:41:53,314 INFO org.apache.hadoop.mapred.IndexCache: Map ID attempt_201404121440_0001_m_000013_0 not found in cache
2014-04-12 14:41:53,315 INFO org.apache.hadoop.mapred.TaskTracker: In TaskLauncher, current free slots : 9 and trying to launch attempt_201404121440_0001_m_000003_0 which needs 1 slots
2014-04-12 14:41:53,316 INFO org.apache.hadoop.mapred.TaskTracker: Trying to launch : attempt_201404121440_0001_m_000004_0 which needs 1 slots
2014-04-12 14:41:53,316 INFO org.apache.hadoop.mapred.TaskTracker: In TaskLauncher, current free slots : 8 and trying to launch attempt_201404121440_0001_m_000004_0 which needs 1 slots
2014-04-12 14:41:53,317 INFO org.apache.hadoop.mapred.TaskTracker: Trying to launch : attempt_201404121440_0001_m_000005_0 which needs 1 slots
2014-04-12 14:41:53,317 INFO org.apache.hadoop.mapred.TaskTracker: In TaskLauncher, current free slots : 7 and trying to launch attempt_201404121440_0001_m_000005_0 which needs 1 slots
2014-04-12 14:41:53,317 INFO org.apache.hadoop.mapred.TaskTracker: Trying to launch : attempt_201404121440_0001_m_000006_0 which needs 1 slots
2014-04-12 14:41:53,317 INFO org.apache.hadoop.mapred.TaskTracker: In TaskLauncher, current free slots : 6 and trying to launch attempt_201404121440_0001_m_000006_0 which needs 1 slots
2014-04-12 14:41:53,318 INFO org.apache.hadoop.mapred.TaskTracker: Trying to launch : attempt_201404121440_0001_m_000007_0 which needs 1 slots
2014-04-12 14:41:53,318 INFO org.apache.hadoop.mapred.TaskTracker: In TaskLauncher, current free slots : 5 and trying to launch attempt_201404121440_0001_m_000007_0 which needs 1 slots
2014-04-12 14:41:53,318 INFO org.apache.hadoop.mapred.TaskTracker: Trying to launch : attempt_201404121440_0001_m_000008_0 which needs 1 slots
2014-04-12 14:41:53,319 INFO org.apache.hadoop.mapred.TaskTracker: In TaskLauncher, current free slots : 4 and trying to launch attempt_201404121440_0001_m_000008_0 which needs 1 slots
2014-04-12 14:41:53,319 INFO org.apache.hadoop.mapred.TaskTracker: Trying to launch : attempt_201404121440_0001_m_000009_0 which needs 1 slots
2014-04-12 14:41:53,319 INFO org.apache.hadoop.mapred.TaskTracker: In TaskLauncher, current free slots : 3 and trying to launch attempt_201404121440_0001_m_000009_0 which needs 1 slots
2014-04-12 14:41:53,321 INFO org.apache.hadoop.mapred.TaskTracker: Trying to launch : attempt_201404121440_0001_m_000010_0 which needs 1 slots
2014-04-12 14:41:53,322 INFO org.apache.hadoop.mapred.TaskTracker: In TaskLauncher, current free slots : 2 and trying to launch attempt_201404121440_0001_m_000010_0 which needs 1 slots
2014-04-12 14:41:53,323 INFO org.apache.hadoop.mapred.TaskTracker: Trying to launch : attempt_201404121440_0001_m_000011_0 which needs 1 slots
2014-04-12 14:41:53,323 INFO org.apache.hadoop.mapred.TaskTracker: In TaskLauncher, current free slots : 1 and trying to launch attempt_201404121440_0001_m_000011_0 which needs 1 slots
2014-04-12 14:41:53,328 INFO org.apache.hadoop.mapred.JvmManager: In JvmRunner constructed JVM ID: jvm_201404121440_0001_m_941381692
2014-04-12 14:41:53,329 INFO org.apache.hadoop.mapred.JvmManager: JVM Runner jvm_201404121440_0001_m_941381692 spawned.
2014-04-12 14:41:53,332 INFO org.apache.hadoop.mapred.JvmManager: In JvmRunner constructed JVM ID: jvm_201404121440_0001_m_1123354309
2014-04-12 14:41:53,332 INFO org.apache.hadoop.mapred.JvmManager: JVM Runner jvm_201404121440_0001_m_1123354309 spawned.
2014-04-12 14:41:53,332 INFO org.apache.hadoop.mapred.JvmManager: In JvmRunner constructed JVM ID: jvm_201404121440_0001_m_1043717083
2014-04-12 14:41:53,334 INFO org.apache.hadoop.mapred.JvmManager: JVM Runner jvm_201404121440_0001_m_1043717083 spawned.
2014-04-12 14:41:53,334 INFO org.apache.hadoop.mapred.JvmManager: In JvmRunner constructed JVM ID: jvm_201404121440_0001_m_261638080
2014-04-12 14:41:53,334 INFO org.apache.hadoop.mapred.JvmManager: JVM Runner jvm_201404121440_0001_m_261638080 spawned.
2014-04-12 14:41:53,334 INFO org.apache.hadoop.mapred.TaskController: Writing commands to /tmp/hadoop/hadoop-jmg3/mapred/local/ttprivate/taskTracker/jmg3/jobcache/job_201404121440_0001/attempt_201404121440_0001_m_000000_0/taskjvm.sh
2014-04-12 14:41:53,335 INFO org.apache.hadoop.mapred.JvmManager: In JvmRunner constructed JVM ID: jvm_201404121440_0001_m_1225369321
2014-04-12 14:41:53,336 INFO org.apache.hadoop.mapred.JvmManager: JVM Runner jvm_201404121440_0001_m_1225369321 spawned.
2014-04-12 14:41:53,336 INFO org.apache.hadoop.mapred.JvmManager: In JvmRunner constructed JVM ID: jvm_201404121440_0001_m_1040335089
2014-04-12 14:41:53,336 INFO org.apache.hadoop.mapred.TaskController: Writing commands to /tmp/hadoop/hadoop-jmg3/mapred/local/ttprivate/taskTracker/jmg3/jobcache/job_201404121440_0001/attempt_201404121440_0001_m_000007_0/taskjvm.sh
2014-04-12 14:41:53,336 INFO org.apache.hadoop.mapred.TaskController: Writing commands to /tmp/hadoop/hadoop-jmg3/mapred/local/ttprivate/taskTracker/jmg3/jobcache/job_201404121440_0001/attempt_201404121440_0001_m_000005_0/taskjvm.sh
2014-04-12 14:41:53,336 INFO org.apache.hadoop.mapred.JvmManager: JVM Runner jvm_201404121440_0001_m_1040335089 spawned.
2014-04-12 14:41:53,336 INFO org.apache.hadoop.mapred.TaskController: Writing commands to /tmp/hadoop/hadoop-jmg3/mapred/local/ttprivate/taskTracker/jmg3/jobcache/job_201404121440_0001/attempt_201404121440_0001_m_000006_0/taskjvm.sh
2014-04-12 14:41:53,337 INFO org.apache.hadoop.mapred.JvmManager: In JvmRunner constructed JVM ID: jvm_201404121440_0001_m_1477797982
2014-04-12 14:41:53,337 INFO org.apache.hadoop.mapred.JvmManager: JVM Runner jvm_201404121440_0001_m_1477797982 spawned.
2014-04-12 14:41:53,337 INFO org.apache.hadoop.mapred.JvmManager: In JvmRunner constructed JVM ID: jvm_201404121440_0001_m_1968561204
2014-04-12 14:41:53,337 INFO org.apache.hadoop.mapred.JvmManager: JVM Runner jvm_201404121440_0001_m_1968561204 spawned.
2014-04-12 14:41:53,338 INFO org.apache.hadoop.mapred.JvmManager: In JvmRunner constructed JVM ID: jvm_201404121440_0001_m_756568163
2014-04-12 14:41:53,338 INFO org.apache.hadoop.mapred.JvmManager: JVM Runner jvm_201404121440_0001_m_756568163 spawned.
2014-04-12 14:41:53,338 INFO org.apache.hadoop.mapred.TaskController: Writing commands to /tmp/hadoop/hadoop-jmg3/mapred/local/ttprivate/taskTracker/jmg3/jobcache/job_201404121440_0001/attempt_201404121440_0001_m_000009_0/taskjvm.sh
2014-04-12 14:41:53,338 INFO org.apache.hadoop.mapred.JvmManager: In JvmRunner constructed JVM ID: jvm_201404121440_0001_m_923339815
2014-04-12 14:41:53,339 INFO org.apache.hadoop.mapred.TaskController: Writing commands to /tmp/hadoop/hadoop-jmg3/mapred/local/ttprivate/taskTracker/jmg3/jobcache/job_201404121440_0001/attempt_201404121440_0001_m_000008_0/taskjvm.sh
2014-04-12 14:41:53,339 INFO org.apache.hadoop.mapred.JvmManager: JVM Runner jvm_201404121440_0001_m_923339815 spawned.
2014-04-12 14:41:53,339 INFO org.apache.hadoop.mapred.TaskController: Writing commands to /tmp/hadoop/hadoop-jmg3/mapred/local/ttprivate/taskTracker/jmg3/jobcache/job_201404121440_0001/attempt_201404121440_0001_m_000003_0/taskjvm.sh
2014-04-12 14:41:53,339 INFO org.apache.hadoop.mapred.JvmManager: In JvmRunner constructed JVM ID: jvm_201404121440_0001_m_2107736720
2014-04-12 14:41:53,339 INFO org.apache.hadoop.mapred.TaskController: Writing commands to /tmp/hadoop/hadoop-jmg3/mapred/local/ttprivate/taskTracker/jmg3/jobcache/job_201404121440_0001/attempt_201404121440_0001_m_000001_0/taskjvm.sh
2014-04-12 14:41:53,341 INFO org.apache.hadoop.mapred.JvmManager: JVM Runner jvm_201404121440_0001_m_2107736720 spawned.
2014-04-12 14:41:53,342 INFO org.apache.hadoop.mapred.TaskController: Writing commands to /tmp/hadoop/hadoop-jmg3/mapred/local/ttprivate/taskTracker/jmg3/jobcache/job_201404121440_0001/attempt_201404121440_0001_m_000010_0/taskjvm.sh
2014-04-12 14:41:53,343 INFO org.apache.hadoop.mapred.TaskController: Writing commands to /tmp/hadoop/hadoop-jmg3/mapred/local/ttprivate/taskTracker/jmg3/jobcache/job_201404121440_0001/attempt_201404121440_0001_m_000004_0/taskjvm.sh
2014-04-12 14:41:53,344 INFO org.apache.hadoop.mapred.TaskController: Writing commands to /tmp/hadoop/hadoop-jmg3/mapred/local/ttprivate/taskTracker/jmg3/jobcache/job_201404121440_0001/attempt_201404121440_0001_m_000011_0/taskjvm.sh
2014-04-12 14:41:53,344 INFO org.apache.hadoop.mapred.JvmManager: In JvmRunner constructed JVM ID: jvm_201404121440_0001_m_748874057
2014-04-12 14:41:53,345 INFO org.apache.hadoop.mapred.JvmManager: JVM Runner jvm_201404121440_0001_m_748874057 spawned.
2014-04-12 14:41:53,347 INFO org.apache.hadoop.mapred.TaskController: Writing commands to /tmp/hadoop/hadoop-jmg3/mapred/local/ttprivate/taskTracker/jmg3/jobcache/job_201404121440_0001/attempt_201404121440_0001_m_000002_0/taskjvm.sh
2014-04-12 14:41:54,386 INFO org.apache.hadoop.mapred.TaskTracker: JVM with ID: jvm_201404121440_0001_m_2107736720 given task: attempt_201404121440_0001_m_000004_0
2014-04-12 14:41:54,389 INFO org.apache.hadoop.mapred.TaskTracker: JVM with ID: jvm_201404121440_0001_m_748874057 given task: attempt_201404121440_0001_m_000002_0
2014-04-12 14:41:54,396 INFO org.apache.hadoop.mapred.TaskTracker: JVM with ID: jvm_201404121440_0001_m_941381692 given task: attempt_201404121440_0001_m_000000_0
2014-04-12 14:41:54,399 INFO org.apache.hadoop.mapred.TaskTracker: JVM with ID: jvm_201404121440_0001_m_1040335089 given task: attempt_201404121440_0001_m_000008_0
2014-04-12 14:41:54,418 INFO org.apache.hadoop.mapred.TaskTracker: JVM with ID: jvm_201404121440_0001_m_261638080 given task: attempt_201404121440_0001_m_000006_0
2014-04-12 14:41:54,420 INFO org.apache.hadoop.mapred.TaskTracker: JVM with ID: jvm_201404121440_0001_m_923339815 given task: attempt_201404121440_0001_m_000011_0
2014-04-12 14:41:54,425 INFO org.apache.hadoop.mapred.TaskTracker: JVM with ID: jvm_201404121440_0001_m_1477797982 given task: attempt_201404121440_0001_m_000003_0
2014-04-12 14:41:54,436 INFO org.apache.hadoop.mapred.TaskTracker: JVM with ID: jvm_201404121440_0001_m_1123354309 given task: attempt_201404121440_0001_m_000007_0
2014-04-12 14:41:54,439 INFO org.apache.hadoop.mapred.TaskTracker: JVM with ID: jvm_201404121440_0001_m_1043717083 given task: attempt_201404121440_0001_m_000005_0
2014-04-12 14:41:54,440 INFO org.apache.hadoop.mapred.TaskTracker: JVM with ID: jvm_201404121440_0001_m_1225369321 given task: attempt_201404121440_0001_m_000009_0
2014-04-12 14:41:54,440 INFO org.apache.hadoop.mapred.TaskTracker: JVM with ID: jvm_201404121440_0001_m_1968561204 given task: attempt_201404121440_0001_m_000001_0
2014-04-12 14:41:54,450 INFO org.apache.hadoop.mapred.TaskTracker: JVM with ID: jvm_201404121440_0001_m_756568163 given task: attempt_201404121440_0001_m_000010_0
2014-04-12 14:42:01,743 INFO org.apache.hadoop.mapred.TaskTracker: attempt_201404121440_0001_m_000002_0 0.16782743% 
2014-04-12 14:42:01,802 INFO org.apache.hadoop.mapred.TaskTracker: attempt_201404121440_0001_m_000001_0 0.21221355% 
2014-04-12 14:42:01,842 INFO org.apache.hadoop.mapred.TaskTracker: attempt_201404121440_0001_m_000011_0 0.18828687% 
2014-04-12 14:42:01,947 INFO org.apache.hadoop.mapred.TaskTracker: attempt_201404121440_0001_m_000000_0 0.2294471% 
2014-04-12 14:42:01,994 INFO org.apache.hadoop.mapred.TaskTracker: attempt_201404121440_0001_m_000009_0 0.19993638% 
2014-04-12 14:42:02,005 INFO org.apache.hadoop.mapred.TaskTracker: attempt_201404121440_0001_m_000006_0 0.16830648% 
2014-04-12 14:42:02,131 INFO org.apache.hadoop.mapred.TaskTracker: attempt_201404121440_0001_m_000010_0 0.14198901% 
2014-04-12 14:42:04,921 INFO org.apache.hadoop.mapred.TaskTracker: attempt_201404121440_0001_m_000008_0 0.14157748% 
2014-04-12 14:42:04,924 INFO org.apache.hadoop.mapred.TaskTracker: attempt_201404121440_0001_m_000004_0 0.14140236% 
2014-04-12 14:42:05,120 INFO org.apache.hadoop.mapred.TaskTracker: attempt_201404121440_0001_m_000001_0 0.30574638% 
2014-04-12 14:42:05,163 INFO org.apache.hadoop.mapred.TaskTracker: attempt_201404121440_0001_m_000002_0 0.30178145% 
2014-04-12 14:42:05,177 INFO org.apache.hadoop.mapred.TaskTracker: attempt_201404121440_0001_m_000011_0 0.33517155% 
2014-04-12 14:42:05,256 INFO org.apache.hadoop.mapred.TaskTracker: attempt_201404121440_0001_m_000003_0 0.26341477% 
2014-04-12 14:42:05,299 INFO org.apache.hadoop.mapred.TaskTracker: attempt_201404121440_0001_m_000005_0 0.13967828% 
2014-04-12 14:42:05,324 INFO org.apache.hadoop.mapred.TaskTracker: attempt_201404121440_0001_m_000000_0 0.35267913% 
2014-04-12 14:42:05,341 INFO org.apache.hadoop.mapred.TaskTracker: attempt_201404121440_0001_m_000006_0 0.2940514% 
2014-04-12 14:42:05,383 INFO org.apache.hadoop.mapred.TaskTracker: attempt_201404121440_0001_m_000007_0 0.2563497% 
2014-04-12 14:42:05,426 INFO org.apache.hadoop.mapred.TaskTracker: attempt_201404121440_0001_m_000009_0 0.34973902% 
2014-04-12 14:42:05,472 INFO org.apache.hadoop.mapred.TaskTracker: attempt_201404121440_0001_m_000010_0 0.284008% 
2014-04-12 14:42:08,316 INFO org.apache.hadoop.mapred.TaskTracker: attempt_201404121440_0001_m_000008_0 0.25729084% 
2014-04-12 14:42:09,097 INFO org.apache.hadoop.mapred.TaskTracker: attempt_201404121440_0001_m_000009_0 0.46278894% 
2014-04-12 14:42:09,098 INFO org.apache.hadoop.mapred.TaskTracker: attempt_201404121440_0001_m_000000_0 0.46338212% 
2014-04-12 14:42:09,098 INFO org.apache.hadoop.mapred.TaskTracker: attempt_201404121440_0001_m_000003_0 0.37753832% 
2014-04-12 14:42:09,099 INFO org.apache.hadoop.mapred.TaskTracker: attempt_201404121440_0001_m_000007_0 0.37187514% 
2014-04-12 14:42:09,100 INFO org.apache.hadoop.mapred.TaskTracker: attempt_201404121440_0001_m_000006_0 0.4020995% 
2014-04-12 14:42:09,100 INFO org.apache.hadoop.mapred.TaskTracker: attempt_201404121440_0001_m_000011_0 0.449983% 
2014-04-12 14:42:09,101 INFO org.apache.hadoop.mapred.TaskTracker: attempt_201404121440_0001_m_000001_0 0.4084019% 
2014-04-12 14:42:09,296 INFO org.apache.hadoop.mapred.TaskTracker: attempt_201404121440_0001_m_000004_0 0.26681447% 
2014-04-12 14:42:09,304 INFO org.apache.hadoop.mapred.TaskTracker: attempt_201404121440_0001_m_000005_0 0.2541921% 
2014-04-12 14:42:09,355 INFO org.apache.hadoop.mapred.TaskTracker: attempt_201404121440_0001_m_000002_0 0.39523554% 
2014-04-12 14:42:09,382 INFO org.apache.hadoop.mapred.TaskTracker: attempt_201404121440_0001_m_000010_0 0.39389136% 
2014-04-12 14:42:12,474 INFO org.apache.hadoop.mapred.TaskTracker: attempt_201404121440_0001_m_000008_0 0.3770184% 
2014-04-12 14:42:12,857 INFO org.apache.hadoop.mapred.TaskTracker: attempt_201404121440_0001_m_000005_0 0.35096306% 
2014-04-12 14:42:12,858 INFO org.apache.hadoop.mapred.TaskTracker: attempt_201404121440_0001_m_000004_0 0.36527416% 
2014-04-12 14:42:12,859 INFO org.apache.hadoop.mapred.TaskTracker: attempt_201404121440_0001_m_000002_0 0.49581432% 
2014-04-12 14:42:12,862 INFO org.apache.hadoop.mapred.TaskTracker: attempt_201404121440_0001_m_000010_0 0.48452312% 
2014-04-12 14:42:12,862 INFO org.apache.hadoop.mapred.TaskTracker: attempt_201404121440_0001_m_000009_0 0.5467184% 
2014-04-12 14:42:12,863 INFO org.apache.hadoop.mapred.TaskTracker: attempt_201404121440_0001_m_000007_0 0.4578817% 
2014-04-12 14:42:12,863 INFO org.apache.hadoop.mapred.TaskTracker: attempt_201404121440_0001_m_000003_0 0.45688814% 
2014-04-12 14:42:12,864 INFO org.apache.hadoop.mapred.TaskTracker: attempt_201404121440_0001_m_000000_0 0.5395444% 
2014-04-12 14:42:12,864 INFO org.apache.hadoop.mapred.TaskTracker: attempt_201404121440_0001_m_000006_0 0.5053189% 
2014-04-12 14:42:12,999 INFO org.apache.hadoop.mapred.TaskTracker: attempt_201404121440_0001_m_000001_0 0.5225955% 
2014-04-12 14:42:13,955 INFO org.apache.hadoop.mapred.TaskTracker: attempt_201404121440_0001_m_000011_0 0.5333516% 
2014-04-12 14:42:16,218 INFO org.apache.hadoop.mapred.TaskTracker: attempt_201404121440_0001_m_000006_0 0.5959349% 
2014-04-12 14:42:16,241 INFO org.apache.hadoop.mapred.TaskTracker: attempt_201404121440_0001_m_000004_0 0.42913264% 
2014-04-12 14:42:16,245 INFO org.apache.hadoop.mapred.TaskTracker: attempt_201404121440_0001_m_000002_0 0.5782695% 
2014-04-12 14:42:16,254 INFO org.apache.hadoop.mapred.TaskTracker: attempt_201404121440_0001_m_000007_0 0.5565132% 
2014-04-12 14:42:16,259 INFO org.apache.hadoop.mapred.TaskTracker: attempt_201404121440_0001_m_000010_0 0.56627816% 
2014-04-12 14:42:16,290 INFO org.apache.hadoop.mapred.TaskTracker: attempt_201404121440_0001_m_000003_0 0.5331495% 
2014-04-12 14:42:16,311 INFO org.apache.hadoop.mapred.TaskTracker: attempt_201404121440_0001_m_000000_0 0.6400179% 
2014-04-12 14:42:16,322 INFO org.apache.hadoop.mapred.TaskTracker: attempt_201404121440_0001_m_000009_0 0.6422113% 
2014-04-12 14:42:16,327 INFO org.apache.hadoop.mapred.TaskTracker: attempt_201404121440_0001_m_000008_0 0.4457586% 
2014-04-12 14:42:16,360 INFO org.apache.hadoop.mapred.TaskTracker: attempt_201404121440_0001_m_000001_0 0.61633116% 
2014-04-12 14:42:16,362 INFO org.apache.hadoop.mapred.TaskTracker: attempt_201404121440_0001_m_000005_0 0.4367507% 
2014-04-12 14:42:17,298 INFO org.apache.hadoop.mapred.TaskTracker: attempt_201404121440_0001_m_000011_0 0.614084% 
2014-04-12 14:42:19,650 INFO org.apache.hadoop.mapred.TaskTracker: attempt_201404121440_0001_m_000001_0 0.69382524% 
2014-04-12 14:42:19,665 INFO org.apache.hadoop.mapred.TaskTracker: attempt_201404121440_0001_m_000006_0 0.6878861% 
2014-04-12 14:42:19,667 INFO org.apache.hadoop.mapred.TaskTracker: attempt_201404121440_0001_m_000000_0 0.7399119% 
2014-04-12 14:42:19,681 INFO org.apache.hadoop.mapred.TaskTracker: attempt_201404121440_0001_m_000003_0 0.62834793% 
2014-04-12 14:42:19,710 INFO org.apache.hadoop.mapred.TaskTracker: attempt_201404121440_0001_m_000009_0 0.73259515% 
2014-04-12 14:42:20,150 INFO org.apache.hadoop.mapred.TaskTracker: attempt_201404121440_0001_m_000010_0 0.6728832% 
2014-04-12 14:42:20,230 INFO org.apache.hadoop.mapred.TaskTracker: attempt_201404121440_0001_m_000005_0 0.53197074% 
2014-04-12 14:42:20,298 INFO org.apache.hadoop.mapred.TaskTracker: attempt_201404121440_0001_m_000008_0 0.53454936% 
2014-04-12 14:42:20,377 INFO org.apache.hadoop.mapred.TaskTracker: attempt_201404121440_0001_m_000007_0 0.66775995% 
2014-04-12 14:42:20,963 INFO org.apache.hadoop.mapred.TaskTracker: attempt_201404121440_0001_m_000002_0 0.6671523% 
2014-04-12 14:42:21,443 INFO org.apache.hadoop.mapred.TaskTracker: attempt_201404121440_0001_m_000004_0 0.52564347% 
2014-04-12 14:42:21,660 INFO org.apache.hadoop.mapred.TaskTracker: attempt_201404121440_0001_m_000011_0 0.7610026% 
2014-04-12 14:42:22,950 INFO org.apache.hadoop.mapred.TaskTracker: attempt_201404121440_0001_m_000000_0 0.81464076% 
2014-04-12 14:42:22,993 INFO org.apache.hadoop.mapred.TaskTracker: attempt_201404121440_0001_m_000006_0 0.7959414% 
2014-04-12 14:42:23,033 INFO org.apache.hadoop.mapred.TaskTracker: attempt_201404121440_0001_m_000003_0 0.7173774% 
2014-04-12 14:42:23,118 INFO org.apache.hadoop.mapred.TaskTracker: attempt_201404121440_0001_m_000001_0 0.79054546% 
2014-04-12 14:42:23,157 INFO org.apache.hadoop.mapred.TaskTracker: attempt_201404121440_0001_m_000009_0 0.8165281% 
2014-04-12 14:42:23,678 INFO org.apache.hadoop.mapred.TaskTracker: attempt_201404121440_0001_m_000005_0 0.61309063% 
2014-04-12 14:42:23,684 INFO org.apache.hadoop.mapred.TaskTracker: attempt_201404121440_0001_m_000008_0 0.6396048% 
2014-04-12 14:42:24,008 INFO org.apache.hadoop.mapred.TaskTracker: attempt_201404121440_0001_m_000007_0 0.76995975% 
2014-04-12 14:42:24,101 INFO org.apache.hadoop.mapred.TaskTracker: attempt_201404121440_0001_m_000010_0 0.77971894% 
2014-04-12 14:42:24,636 INFO org.apache.hadoop.mapred.TaskTracker: attempt_201404121440_0001_m_000002_0 0.76826704% 
2014-04-12 14:42:24,774 INFO org.apache.hadoop.mapred.TaskTracker: attempt_201404121440_0001_m_000004_0 0.61661035% 
2014-04-12 14:42:24,979 INFO org.apache.hadoop.mapred.TaskTracker: attempt_201404121440_0001_m_000011_0 0.85479933% 
2014-04-12 14:42:26,275 INFO org.apache.hadoop.mapred.TaskTracker: attempt_201404121440_0001_m_000006_0 0.89442486% 
2014-04-12 14:42:26,327 INFO org.apache.hadoop.mapred.TaskTracker: attempt_201404121440_0001_m_000000_0 0.90885806% 
2014-04-12 14:42:26,443 INFO org.apache.hadoop.mapred.TaskTracker: attempt_201404121440_0001_m_000001_0 0.8932284% 
2014-04-12 14:42:26,444 INFO org.apache.hadoop.mapred.TaskTracker: attempt_201404121440_0001_m_000003_0 0.7933268% 
2014-04-12 14:42:26,964 INFO org.apache.hadoop.mapred.TaskTracker: attempt_201404121440_0001_m_000008_0 0.72570914% 
2014-04-12 14:42:27,017 INFO org.apache.hadoop.mapred.TaskTracker: attempt_201404121440_0001_m_000005_0 0.7127158% 
2014-04-12 14:42:27,247 INFO org.apache.hadoop.mapred.TaskTracker: attempt_201404121440_0001_m_000009_0 0.91145414% 
2014-04-12 14:42:27,304 INFO org.apache.hadoop.mapred.TaskTracker: attempt_201404121440_0001_m_000007_0 0.8728254% 
2014-04-12 14:42:27,496 INFO org.apache.hadoop.mapred.TaskTracker: attempt_201404121440_0001_m_000010_0 0.8832666% 
2014-04-12 14:42:27,920 INFO org.apache.hadoop.mapred.TaskTracker: attempt_201404121440_0001_m_000002_0 0.8714293% 
2014-04-12 14:42:28,090 INFO org.apache.hadoop.mapred.TaskTracker: attempt_201404121440_0001_m_000004_0 0.7133131% 
2014-04-12 14:42:28,223 INFO org.apache.hadoop.mapred.TaskTracker: attempt_201404121440_0001_m_000011_0 0.9412129% 
2014-04-12 14:42:29,562 INFO org.apache.hadoop.mapred.TaskTracker: attempt_201404121440_0001_m_000006_0 0.9724326% 
2014-04-12 14:42:29,614 INFO org.apache.hadoop.mapred.TaskTracker: attempt_201404121440_0001_m_000000_0 1.0% 
2014-04-12 14:42:29,664 INFO org.apache.hadoop.mapred.TaskTracker: attempt_201404121440_0001_m_000001_0 0.9776354% 
2014-04-12 14:42:29,696 INFO org.apache.hadoop.mapred.TaskTracker: attempt_201404121440_0001_m_000003_0 0.8979632% 
2014-04-12 14:42:30,218 INFO org.apache.hadoop.mapred.TaskTracker: attempt_201404121440_0001_m_000008_0 0.846503% 
2014-04-12 14:42:30,285 INFO org.apache.hadoop.mapred.TaskTracker: attempt_201404121440_0001_m_000005_0 0.81819963% 
2014-04-12 14:42:30,517 INFO org.apache.hadoop.mapred.TaskTracker: attempt_201404121440_0001_m_000009_0 1.0% 
2014-04-12 14:42:30,549 INFO org.apache.hadoop.mapred.TaskTracker: attempt_201404121440_0001_m_000007_0 0.9982846% 
2014-04-12 14:42:30,791 INFO org.apache.hadoop.mapred.TaskTracker: attempt_201404121440_0001_m_000010_0 0.99169976% 
2014-04-12 14:42:31,164 INFO org.apache.hadoop.mapred.TaskTracker: attempt_201404121440_0001_m_000002_0 0.9839202% 
2014-04-12 14:42:31,398 INFO org.apache.hadoop.mapred.TaskTracker: attempt_201404121440_0001_m_000004_0 0.8149921% 
2014-04-12 14:42:31,491 INFO org.apache.hadoop.mapred.TaskTracker: attempt_201404121440_0001_m_000011_0 1.0% 
2014-04-12 14:42:32,758 INFO org.apache.hadoop.mapred.TaskTracker: attempt_201404121440_0001_m_000006_0 1.0% 
2014-04-12 14:42:32,864 INFO org.apache.hadoop.mapred.TaskTracker: attempt_201404121440_0001_m_000001_0 1.0% 
2014-04-12 14:42:32,882 INFO org.apache.hadoop.mapred.TaskTracker: attempt_201404121440_0001_m_000000_0 1.0% 
2014-04-12 14:42:32,944 INFO org.apache.hadoop.mapred.TaskTracker: attempt_201404121440_0001_m_000003_0 1.0% 
2014-04-12 14:42:33,390 INFO org.apache.hadoop.mapred.TaskTracker: attempt_201404121440_0001_m_000008_0 0.93895173% 
2014-04-12 14:42:33,503 INFO org.apache.hadoop.mapred.TaskTracker: attempt_201404121440_0001_m_000005_0 0.91666013% 
2014-04-12 14:42:33,714 INFO org.apache.hadoop.mapred.TaskTracker: attempt_201404121440_0001_m_000007_0 1.0% 
2014-04-12 14:42:33,747 INFO org.apache.hadoop.mapred.TaskTracker: attempt_201404121440_0001_m_000009_0 1.0% 
2014-04-12 14:42:33,954 INFO org.apache.hadoop.mapred.TaskTracker: attempt_201404121440_0001_m_000010_0 1.0% 
2014-04-12 14:42:34,372 INFO org.apache.hadoop.mapred.TaskTracker: attempt_201404121440_0001_m_000002_0 1.0% 
2014-04-12 14:42:34,645 INFO org.apache.hadoop.mapred.TaskTracker: attempt_201404121440_0001_m_000004_0 0.9130915% 
2014-04-12 14:42:34,662 INFO org.apache.hadoop.mapred.TaskTracker: attempt_201404121440_0001_m_000011_0 1.0% 
2014-04-12 14:42:35,936 INFO org.apache.hadoop.mapred.TaskTracker: attempt_201404121440_0001_m_000006_0 1.0% 
2014-04-12 14:42:36,023 INFO org.apache.hadoop.mapred.TaskTracker: attempt_201404121440_0001_m_000001_0 1.0% 
2014-04-12 14:42:36,055 INFO org.apache.hadoop.mapred.TaskTracker: attempt_201404121440_0001_m_000000_0 1.0% 
2014-04-12 14:42:36,144 INFO org.apache.hadoop.mapred.TaskTracker: attempt_201404121440_0001_m_000003_0 1.0% 
2014-04-12 14:42:36,546 INFO org.apache.hadoop.mapred.TaskTracker: attempt_201404121440_0001_m_000008_0 1.0% 
2014-04-12 14:42:36,613 INFO org.apache.hadoop.mapred.TaskTracker: attempt_201404121440_0001_m_000005_0 1.0% 
2014-04-12 14:42:36,848 INFO org.apache.hadoop.mapred.TaskTracker: attempt_201404121440_0001_m_000007_0 1.0% 
2014-04-12 14:42:36,920 INFO org.apache.hadoop.mapred.TaskTracker: attempt_201404121440_0001_m_000009_0 1.0% 
2014-04-12 14:42:37,101 INFO org.apache.hadoop.mapred.TaskTracker: attempt_201404121440_0001_m_000010_0 1.0% 
2014-04-12 14:42:37,486 INFO org.apache.hadoop.mapred.TaskTracker: attempt_201404121440_0001_m_000002_0 1.0% 
2014-04-12 14:42:37,787 INFO org.apache.hadoop.mapred.TaskTracker: attempt_201404121440_0001_m_000011_0 1.0% 
2014-04-12 14:42:37,822 INFO org.apache.hadoop.mapred.TaskTracker: attempt_201404121440_0001_m_000004_0 1.0% 
2014-04-12 14:42:39,050 INFO org.apache.hadoop.mapred.TaskTracker: attempt_201404121440_0001_m_000006_0 1.0% 
2014-04-12 14:42:39,115 INFO org.apache.hadoop.mapred.TaskTracker: attempt_201404121440_0001_m_000001_0 1.0% 
2014-04-12 14:42:39,220 INFO org.apache.hadoop.mapred.TaskTracker: attempt_201404121440_0001_m_000003_0 1.0% 
2014-04-12 14:42:39,331 INFO org.apache.hadoop.mapred.TaskTracker: attempt_201404121440_0001_m_000000_0 1.0% 
2014-04-12 14:42:39,670 INFO org.apache.hadoop.mapred.TaskTracker: attempt_201404121440_0001_m_000008_0 1.0% 
2014-04-12 14:42:39,681 INFO org.apache.hadoop.mapred.TaskTracker: attempt_201404121440_0001_m_000005_0 1.0% 
2014-04-12 14:42:40,028 INFO org.apache.hadoop.mapred.TaskTracker: attempt_201404121440_0001_m_000009_0 1.0% 
2014-04-12 14:42:40,038 INFO org.apache.hadoop.mapred.TaskTracker: attempt_201404121440_0001_m_000007_0 1.0% 
2014-04-12 14:42:40,307 INFO org.apache.hadoop.mapred.TaskTracker: attempt_201404121440_0001_m_000010_0 1.0% 
2014-04-12 14:42:40,715 INFO org.apache.hadoop.mapred.TaskTracker: attempt_201404121440_0001_m_000002_0 1.0% 
2014-04-12 14:42:40,875 INFO org.apache.hadoop.mapred.TaskTracker: attempt_201404121440_0001_m_000011_0 1.0% 
2014-04-12 14:42:40,948 INFO org.apache.hadoop.mapred.TaskTracker: attempt_201404121440_0001_m_000004_0 1.0% 
2014-04-12 14:42:42,107 INFO org.apache.hadoop.mapred.TaskTracker: attempt_201404121440_0001_m_000006_0 1.0% 
2014-04-12 14:42:42,223 INFO org.apache.hadoop.mapred.TaskTracker: attempt_201404121440_0001_m_000001_0 1.0% 
2014-04-12 14:42:42,338 INFO org.apache.hadoop.mapred.TaskTracker: attempt_201404121440_0001_m_000003_0 1.0% 
2014-04-12 14:42:42,440 INFO org.apache.hadoop.mapred.TaskTracker: attempt_201404121440_0001_m_000000_0 1.0% 
2014-04-12 14:42:42,755 INFO org.apache.hadoop.mapred.TaskTracker: attempt_201404121440_0001_m_000008_0 1.0% 
2014-04-12 14:42:42,785 INFO org.apache.hadoop.mapred.TaskTracker: attempt_201404121440_0001_m_000005_0 1.0% 
2014-04-12 14:42:43,106 INFO org.apache.hadoop.mapred.TaskTracker: attempt_201404121440_0001_m_000009_0 1.0% 
2014-04-12 14:42:43,115 INFO org.apache.hadoop.mapred.TaskTracker: attempt_201404121440_0001_m_000007_0 1.0% 
2014-04-12 14:42:43,343 INFO org.apache.hadoop.mapred.TaskTracker: attempt_201404121440_0001_m_000010_0 1.0% 
2014-04-12 14:42:43,797 INFO org.apache.hadoop.mapred.TaskTracker: attempt_201404121440_0001_m_000002_0 1.0% 
2014-04-12 14:42:43,986 INFO org.apache.hadoop.mapred.TaskTracker: attempt_201404121440_0001_m_000011_0 1.0% 
2014-04-12 14:42:44,044 INFO org.apache.hadoop.mapred.TaskTracker: attempt_201404121440_0001_m_000004_0 1.0% 
2014-04-12 14:42:45,197 INFO org.apache.hadoop.mapred.TaskTracker: attempt_201404121440_0001_m_000006_0 1.0% 
2014-04-12 14:42:45,328 INFO org.apache.hadoop.mapred.TaskTracker: attempt_201404121440_0001_m_000001_0 1.0% 
2014-04-12 14:42:45,433 INFO org.apache.hadoop.mapred.TaskTracker: attempt_201404121440_0001_m_000003_0 1.0% 
2014-04-12 14:42:45,498 INFO org.apache.hadoop.mapred.TaskTracker: attempt_201404121440_0001_m_000000_0 1.0% 
2014-04-12 14:42:45,812 INFO org.apache.hadoop.mapred.TaskTracker: attempt_201404121440_0001_m_000008_0 1.0% 
2014-04-12 14:42:45,824 INFO org.apache.hadoop.mapred.TaskTracker: attempt_201404121440_0001_m_000005_0 1.0% 
2014-04-12 14:42:46,155 INFO org.apache.hadoop.mapred.TaskTracker: attempt_201404121440_0001_m_000007_0 1.0% 
2014-04-12 14:42:46,158 INFO org.apache.hadoop.mapred.TaskTracker: attempt_201404121440_0001_m_000007_0 1.0% 
2014-04-12 14:42:46,159 INFO org.apache.hadoop.mapred.TaskTracker: Task attempt_201404121440_0001_m_000007_0 is done.
2014-04-12 14:42:46,159 INFO org.apache.hadoop.mapred.TaskTracker: reported output size for attempt_201404121440_0001_m_000007_0  was 52745085
2014-04-12 14:42:46,165 INFO org.apache.hadoop.mapred.TaskTracker: attempt_201404121440_0001_m_000009_0 1.0% 
2014-04-12 14:42:46,383 INFO org.apache.hadoop.mapred.TaskTracker: attempt_201404121440_0001_m_000010_0 1.0% 
2014-04-12 14:42:46,385 INFO org.apache.hadoop.mapred.TaskTracker: attempt_201404121440_0001_m_000010_0 1.0% 
2014-04-12 14:42:46,386 INFO org.apache.hadoop.mapred.TaskTracker: Task attempt_201404121440_0001_m_000010_0 is done.
2014-04-12 14:42:46,386 INFO org.apache.hadoop.mapred.TaskTracker: reported output size for attempt_201404121440_0001_m_000010_0  was 52583539
2014-04-12 14:42:46,522 INFO org.apache.hadoop.mapred.TaskTracker: addFreeSlot : current free slots : 1
2014-04-12 14:42:46,724 INFO org.apache.hadoop.mapred.TaskTracker: addFreeSlot : current free slots : 2
2014-04-12 14:42:46,849 INFO org.apache.hadoop.mapred.TaskTracker: attempt_201404121440_0001_m_000002_0 1.0% 
2014-04-12 14:42:47,017 INFO org.apache.hadoop.mapred.TaskTracker: attempt_201404121440_0001_m_000011_0 1.0% 
2014-04-12 14:42:47,020 INFO org.apache.hadoop.mapred.TaskTracker: attempt_201404121440_0001_m_000011_0 1.0% 
2014-04-12 14:42:47,021 INFO org.apache.hadoop.mapred.TaskTracker: Task attempt_201404121440_0001_m_000011_0 is done.
2014-04-12 14:42:47,022 INFO org.apache.hadoop.mapred.TaskTracker: reported output size for attempt_201404121440_0001_m_000011_0  was 51230456
2014-04-12 14:42:47,085 INFO org.apache.hadoop.mapred.TaskTracker: attempt_201404121440_0001_m_000004_0 1.0% 
2014-04-12 14:42:47,087 INFO org.apache.hadoop.mapred.TaskTracker: attempt_201404121440_0001_m_000004_0 1.0% 
2014-04-12 14:42:47,088 INFO org.apache.hadoop.mapred.TaskTracker: Task attempt_201404121440_0001_m_000004_0 is done.
2014-04-12 14:42:47,088 INFO org.apache.hadoop.mapred.TaskTracker: reported output size for attempt_201404121440_0001_m_000004_0  was 51961174
2014-04-12 14:42:47,266 INFO org.apache.hadoop.mapred.TaskTracker: addFreeSlot : current free slots : 3
2014-04-12 14:42:47,335 INFO org.apache.hadoop.mapred.TaskTracker: addFreeSlot : current free slots : 4
2014-04-12 14:42:48,240 INFO org.apache.hadoop.mapred.TaskTracker: attempt_201404121440_0001_m_000006_0 1.0% 
2014-04-12 14:42:48,375 INFO org.apache.hadoop.mapred.TaskTracker: attempt_201404121440_0001_m_000001_0 1.0% 
2014-04-12 14:42:48,378 INFO org.apache.hadoop.mapred.TaskTracker: attempt_201404121440_0001_m_000006_0 1.0% 
2014-04-12 14:42:48,378 INFO org.apache.hadoop.mapred.TaskTracker: attempt_201404121440_0001_m_000001_0 1.0% 
2014-04-12 14:42:48,379 INFO org.apache.hadoop.mapred.TaskTracker: Task attempt_201404121440_0001_m_000006_0 is done.
2014-04-12 14:42:48,379 INFO org.apache.hadoop.mapred.TaskTracker: reported output size for attempt_201404121440_0001_m_000006_0  was 51634479
2014-04-12 14:42:48,379 INFO org.apache.hadoop.mapred.TaskTracker: Task attempt_201404121440_0001_m_000001_0 is done.
2014-04-12 14:42:48,379 INFO org.apache.hadoop.mapred.TaskTracker: reported output size for attempt_201404121440_0001_m_000001_0  was 51879895
2014-04-12 14:42:48,630 INFO org.apache.hadoop.mapred.JvmManager: JVM : jvm_201404121440_0001_m_1123354309 exited with exit code 0. Number of tasks it ran: 1
2014-04-12 14:42:48,631 INFO org.apache.hadoop.mapred.JvmManager: JVM : jvm_201404121440_0001_m_1968561204 exited with exit code 0. Number of tasks it ran: 1
2014-04-12 14:42:48,631 INFO org.apache.hadoop.mapred.JvmManager: JVM : jvm_201404121440_0001_m_923339815 exited with exit code 0. Number of tasks it ran: 1
2014-04-12 14:42:48,631 INFO org.apache.hadoop.mapred.JvmManager: JVM : jvm_201404121440_0001_m_2107736720 exited with exit code 0. Number of tasks it ran: 1
2014-04-12 14:42:48,631 INFO org.apache.hadoop.mapred.JvmManager: JVM : jvm_201404121440_0001_m_756568163 exited with exit code 0. Number of tasks it ran: 1
2014-04-12 14:42:48,636 INFO org.apache.hadoop.mapred.TaskTracker: addFreeSlot : current free slots : 5
2014-04-12 14:42:48,637 INFO org.apache.hadoop.mapred.TaskTracker: LaunchTaskAction (registerTask): attempt_201404121440_0001_r_000000_0 task's state:UNASSIGNED
2014-04-12 14:42:48,637 INFO org.apache.hadoop.mapred.TaskTracker: attempt_201404121440_0001_m_000000_0 1.0% 
2014-04-12 14:42:48,637 INFO org.apache.hadoop.mapred.TaskTracker: attempt_201404121440_0001_m_000003_0 1.0% 
2014-04-12 14:42:48,638 INFO org.apache.hadoop.mapred.TaskTracker: Trying to launch : attempt_201404121440_0001_r_000000_0 which needs 1 slots
2014-04-12 14:42:48,638 INFO org.apache.hadoop.mapred.TaskTracker: In TaskLauncher, current free slots : 2 and trying to launch attempt_201404121440_0001_r_000000_0 which needs 1 slots
2014-04-12 14:42:48,641 INFO org.apache.hadoop.mapred.TaskTracker: attempt_201404121440_0001_m_000000_0 1.0% 
2014-04-12 14:42:48,641 INFO org.apache.hadoop.mapred.TaskTracker: attempt_201404121440_0001_m_000003_0 1.0% 
2014-04-12 14:42:48,642 INFO org.apache.hadoop.mapred.TaskTracker: Task attempt_201404121440_0001_m_000000_0 is done.
2014-04-12 14:42:48,642 INFO org.apache.hadoop.mapred.TaskTracker: reported output size for attempt_201404121440_0001_m_000000_0  was 52440243
2014-04-12 14:42:48,642 INFO org.apache.hadoop.mapred.TaskTracker: Task attempt_201404121440_0001_m_000003_0 is done.
2014-04-12 14:42:48,643 INFO org.apache.hadoop.mapred.TaskTracker: reported output size for attempt_201404121440_0001_m_000003_0  was 53249175
2014-04-12 14:42:48,648 INFO org.apache.hadoop.mapred.JvmManager: In JvmRunner constructed JVM ID: jvm_201404121440_0001_r_705543947
2014-04-12 14:42:48,648 INFO org.apache.hadoop.mapred.JvmManager: JVM Runner jvm_201404121440_0001_r_705543947 spawned.
2014-04-12 14:42:48,650 INFO org.apache.hadoop.mapred.TaskController: Writing commands to /tmp/hadoop/hadoop-jmg3/mapred/local/ttprivate/taskTracker/jmg3/jobcache/job_201404121440_0001/attempt_201404121440_0001_r_000000_0/taskjvm.sh
2014-04-12 14:42:48,843 INFO org.apache.hadoop.mapred.TaskTracker: attempt_201404121440_0001_m_000008_0 1.0% 
2014-04-12 14:42:48,846 INFO org.apache.hadoop.mapred.TaskTracker: attempt_201404121440_0001_m_000008_0 1.0% 
2014-04-12 14:42:48,846 INFO org.apache.hadoop.mapred.TaskTracker: Task attempt_201404121440_0001_m_000008_0 is done.
2014-04-12 14:42:48,847 INFO org.apache.hadoop.mapred.TaskTracker: reported output size for attempt_201404121440_0001_m_000008_0  was 52484422
2014-04-12 14:42:48,854 INFO org.apache.hadoop.mapred.TaskTracker: attempt_201404121440_0001_m_000005_0 1.0% 
2014-04-12 14:42:48,856 INFO org.apache.hadoop.mapred.TaskTracker: attempt_201404121440_0001_m_000005_0 1.0% 
2014-04-12 14:42:48,857 INFO org.apache.hadoop.mapred.TaskTracker: Task attempt_201404121440_0001_m_000005_0 is done.
2014-04-12 14:42:48,857 INFO org.apache.hadoop.mapred.TaskTracker: reported output size for attempt_201404121440_0001_m_000005_0  was 52209478
2014-04-12 14:42:48,891 INFO org.apache.hadoop.mapred.TaskTracker: addFreeSlot : current free slots : 6
2014-04-12 14:42:48,891 INFO org.apache.hadoop.mapred.TaskTracker: addFreeSlot : current free slots : 7
2014-04-12 14:42:49,096 INFO org.apache.hadoop.mapred.TaskTracker: addFreeSlot : current free slots : 8
2014-04-12 14:42:49,102 INFO org.apache.hadoop.mapred.TaskTracker: addFreeSlot : current free slots : 9
2014-04-12 14:42:49,196 INFO org.apache.hadoop.mapred.TaskTracker: attempt_201404121440_0001_m_000009_0 1.0% 
2014-04-12 14:42:49,199 INFO org.apache.hadoop.mapred.TaskTracker: attempt_201404121440_0001_m_000009_0 1.0% 
2014-04-12 14:42:49,200 INFO org.apache.hadoop.mapred.TaskTracker: Task attempt_201404121440_0001_m_000009_0 is done.
2014-04-12 14:42:49,200 INFO org.apache.hadoop.mapred.TaskTracker: reported output size for attempt_201404121440_0001_m_000009_0  was 52182638
2014-04-12 14:42:49,292 INFO org.apache.hadoop.mapred.TaskTracker: JVM with ID: jvm_201404121440_0001_r_705543947 given task: attempt_201404121440_0001_r_000000_0
2014-04-12 14:42:49,341 INFO org.apache.hadoop.mapred.JvmManager: JVM : jvm_201404121440_0001_m_261638080 exited with exit code 0. Number of tasks it ran: 1
2014-04-12 14:42:49,455 INFO org.apache.hadoop.mapred.TaskTracker: addFreeSlot : current free slots : 10
2014-04-12 14:42:49,878 INFO org.apache.hadoop.mapred.TaskTracker: attempt_201404121440_0001_m_000002_0 1.0% 
2014-04-12 14:42:49,881 INFO org.apache.hadoop.mapred.TaskTracker: attempt_201404121440_0001_m_000002_0 1.0% 
2014-04-12 14:42:49,882 INFO org.apache.hadoop.mapred.TaskTracker: Task attempt_201404121440_0001_m_000002_0 is done.
2014-04-12 14:42:49,882 INFO org.apache.hadoop.mapred.TaskTracker: reported output size for attempt_201404121440_0001_m_000002_0  was 52183163
2014-04-12 14:42:50,124 INFO org.apache.hadoop.mapred.TaskTracker: addFreeSlot : current free slots : 11
2014-04-12 14:42:51,435 INFO org.apache.hadoop.mapred.JvmManager: JVM : jvm_201404121440_0001_m_1477797982 exited with exit code 0. Number of tasks it ran: 1
2014-04-12 14:42:51,435 INFO org.apache.hadoop.mapred.JvmManager: JVM : jvm_201404121440_0001_m_1043717083 exited with exit code 0. Number of tasks it ran: 1
2014-04-12 14:42:51,435 INFO org.apache.hadoop.mapred.JvmManager: JVM : jvm_201404121440_0001_m_748874057 exited with exit code 0. Number of tasks it ran: 1
2014-04-12 14:42:51,435 INFO org.apache.hadoop.mapred.JvmManager: JVM : jvm_201404121440_0001_m_941381692 exited with exit code 0. Number of tasks it ran: 1
2014-04-12 14:42:51,659 INFO org.apache.hadoop.mapred.TaskTracker: LaunchTaskAction (registerTask): attempt_201404121440_0001_r_000001_0 task's state:UNASSIGNED
2014-04-12 14:42:51,659 INFO org.apache.hadoop.mapred.TaskTracker: Trying to launch : attempt_201404121440_0001_r_000001_0 which needs 1 slots
2014-04-12 14:42:51,659 INFO org.apache.hadoop.mapred.TaskTracker: In TaskLauncher, current free slots : 1 and trying to launch attempt_201404121440_0001_r_000001_0 which needs 1 slots
2014-04-12 14:42:51,666 INFO org.apache.hadoop.mapred.JvmManager: In JvmRunner constructed JVM ID: jvm_201404121440_0001_r_941381692
2014-04-12 14:42:51,666 INFO org.apache.hadoop.mapred.JvmManager: JVM Runner jvm_201404121440_0001_r_941381692 spawned.
2014-04-12 14:42:51,667 INFO org.apache.hadoop.mapred.TaskController: Writing commands to /tmp/hadoop/hadoop-jmg3/mapred/local/ttprivate/taskTracker/jmg3/jobcache/job_201404121440_0001/attempt_201404121440_0001_r_000001_0/taskjvm.sh
2014-04-12 14:42:51,943 INFO org.apache.hadoop.mapred.JvmManager: JVM : jvm_201404121440_0001_m_1040335089 exited with exit code 0. Number of tasks it ran: 1
2014-04-12 14:42:51,943 INFO org.apache.hadoop.mapred.JvmManager: JVM : jvm_201404121440_0001_m_1225369321 exited with exit code 0. Number of tasks it ran: 1
2014-04-12 14:42:52,276 INFO org.apache.hadoop.mapred.TaskTracker: JVM with ID: jvm_201404121440_0001_r_941381692 given task: attempt_201404121440_0001_r_000001_0
2014-04-12 14:42:55,142 INFO org.apache.hadoop.mapred.TaskTracker.clienttrace: src: 192.168.110.214:50061, dest: 192.168.110.214:53707, bytes: 25575768, op: MAPRED_SHUFFLE, cliID: attempt_201404121440_0001_m_000004_0, duration: 101623314
2014-04-12 14:42:55,783 INFO org.apache.hadoop.mapred.TaskTracker: attempt_201404121440_0001_r_000000_0 0.02777778% reduce > copy (1 of 12 at 4.07 MB/s) > 
2014-04-12 14:42:56,143 INFO org.apache.hadoop.mapred.TaskTracker.clienttrace: src: 192.168.110.214:50061, dest: 192.168.110.214:53708, bytes: 26018162, op: MAPRED_SHUFFLE, cliID: attempt_201404121440_0001_m_000007_0, duration: 997816128
2014-04-12 14:42:57,147 INFO org.apache.hadoop.mapred.TaskTracker.clienttrace: src: 192.168.110.214:50061, dest: 192.168.110.214:53709, bytes: 25884370, op: MAPRED_SHUFFLE, cliID: attempt_201404121440_0001_m_000010_0, duration: 1001748964
2014-04-12 14:42:58,138 INFO org.apache.hadoop.mapred.TaskTracker.clienttrace: src: 192.168.110.214:50061, dest: 192.168.110.214:53710, bytes: 25289149, op: MAPRED_SHUFFLE, cliID: attempt_201404121440_0001_m_000011_0, duration: 988498289
2014-04-12 14:42:58,312 INFO org.apache.hadoop.mapred.TaskTracker.clienttrace: src: 192.168.110.214:50061, dest: 192.168.110.214:53711, bytes: 26385406, op: MAPRED_SHUFFLE, cliID: attempt_201404121440_0001_m_000004_0, duration: 233381341
2014-04-12 14:42:58,733 INFO org.apache.hadoop.mapred.TaskTracker: attempt_201404121440_0001_r_000001_0 0.02777778% reduce > copy (1 of 12 at 4.19 MB/s) > 
2014-04-12 14:42:58,820 INFO org.apache.hadoop.mapred.TaskTracker: attempt_201404121440_0001_r_000000_0 0.11111112% reduce > copy (4 of 12 at 10.89 MB/s) > 
2014-04-12 14:42:59,190 INFO org.apache.hadoop.mapred.TaskTracker.clienttrace: src: 192.168.110.214:50061, dest: 192.168.110.214:53712, bytes: 25823427, op: MAPRED_SHUFFLE, cliID: attempt_201404121440_0001_m_000000_0, duration: 1050429279
2014-04-12 14:42:59,268 INFO org.apache.hadoop.mapred.TaskTracker.clienttrace: src: 192.168.110.214:50061, dest: 192.168.110.214:53713, bytes: 26726923, op: MAPRED_SHUFFLE, cliID: attempt_201404121440_0001_m_000007_0, duration: 904777055
2014-04-12 14:43:00,194 INFO org.apache.hadoop.mapred.TaskTracker.clienttrace: src: 192.168.110.214:50061, dest: 192.168.110.214:53714, bytes: 25557681, op: MAPRED_SHUFFLE, cliID: attempt_201404121440_0001_m_000001_0, duration: 1002322789
2014-04-12 14:43:00,251 INFO org.apache.hadoop.mapred.TaskTracker.clienttrace: src: 192.168.110.214:50061, dest: 192.168.110.214:53715, bytes: 26699169, op: MAPRED_SHUFFLE, cliID: attempt_201404121440_0001_m_000010_0, duration: 979942634
2014-04-12 14:43:01,231 INFO org.apache.hadoop.mapred.TaskTracker.clienttrace: src: 192.168.110.214:50061, dest: 192.168.110.214:53716, bytes: 25708849, op: MAPRED_SHUFFLE, cliID: attempt_201404121440_0001_m_000002_0, duration: 1035133561
2014-04-12 14:43:01,278 INFO org.apache.hadoop.mapred.TaskTracker.clienttrace: src: 192.168.110.214:50061, dest: 192.168.110.214:53717, bytes: 25941307, op: MAPRED_SHUFFLE, cliID: attempt_201404121440_0001_m_000011_0, duration: 1025150484
2014-04-12 14:43:01,770 INFO org.apache.hadoop.mapred.TaskTracker: attempt_201404121440_0001_r_000001_0 0.11111112% reduce > copy (4 of 12 at 11.21 MB/s) > 
2014-04-12 14:43:01,857 INFO org.apache.hadoop.mapred.TaskTracker: attempt_201404121440_0001_r_000000_0 0.19444446% reduce > copy (7 of 12 at 14.29 MB/s) > 
2014-04-12 14:43:02,267 INFO org.apache.hadoop.mapred.TaskTracker.clienttrace: src: 192.168.110.214:50061, dest: 192.168.110.214:53718, bytes: 26476046, op: MAPRED_SHUFFLE, cliID: attempt_201404121440_0001_m_000003_0, duration: 1034594300
2014-04-12 14:43:03,049 INFO org.apache.hadoop.mapred.TaskTracker.clienttrace: src: 192.168.110.214:50061, dest: 192.168.110.214:53719, bytes: 26616816, op: MAPRED_SHUFFLE, cliID: attempt_201404121440_0001_m_000000_0, duration: 1769068224
2014-04-12 14:43:03,287 INFO org.apache.hadoop.mapred.TaskTracker.clienttrace: src: 192.168.110.214:50061, dest: 192.168.110.214:53720, bytes: 25763742, op: MAPRED_SHUFFLE, cliID: attempt_201404121440_0001_m_000005_0, duration: 1017971559
2014-04-12 14:43:03,301 INFO org.apache.hadoop.mapred.TaskTracker.clienttrace: src: 192.168.110.214:50061, dest: 192.168.110.214:53721, bytes: 26322214, op: MAPRED_SHUFFLE, cliID: attempt_201404121440_0001_m_000001_0, duration: 200372779
2014-04-12 14:43:04,806 INFO org.apache.hadoop.mapred.TaskTracker: attempt_201404121440_0001_r_000001_0 0.16666667% reduce > copy (6 of 12 at 13.76 MB/s) > 
2014-04-12 14:43:04,890 INFO org.apache.hadoop.mapred.TaskTracker: attempt_201404121440_0001_r_000000_0 0.25% reduce > copy (9 of 12 at 15.81 MB/s) > 
2014-04-12 14:43:05,280 INFO org.apache.hadoop.mapred.TaskTracker.clienttrace: src: 192.168.110.214:50061, dest: 192.168.110.214:53721, bytes: 26474314, op: MAPRED_SHUFFLE, cliID: attempt_201404121440_0001_m_000002_0, duration: 1922829697
2014-04-12 14:43:05,281 INFO org.apache.hadoop.mapred.TaskTracker.clienttrace: src: 192.168.110.214:50061, dest: 192.168.110.214:53720, bytes: 25511089, op: MAPRED_SHUFFLE, cliID: attempt_201404121440_0001_m_000006_0, duration: 1987242390
2014-04-12 14:43:06,297 INFO org.apache.hadoop.mapred.TaskTracker.clienttrace: src: 192.168.110.214:50061, dest: 192.168.110.214:53722, bytes: 26773129, op: MAPRED_SHUFFLE, cliID: attempt_201404121440_0001_m_000003_0, duration: 1014325905
2014-04-12 14:43:06,304 INFO org.apache.hadoop.mapred.TaskTracker.clienttrace: src: 192.168.110.214:50061, dest: 192.168.110.214:53723, bytes: 25848670, op: MAPRED_SHUFFLE, cliID: attempt_201404121440_0001_m_000008_0, duration: 1021339453
2014-04-12 14:43:07,314 INFO org.apache.hadoop.mapred.TaskTracker.clienttrace: src: 192.168.110.214:50061, dest: 192.168.110.214:53724, bytes: 26445736, op: MAPRED_SHUFFLE, cliID: attempt_201404121440_0001_m_000005_0, duration: 1015343846
2014-04-12 14:43:07,324 INFO org.apache.hadoop.mapred.TaskTracker.clienttrace: src: 192.168.110.214:50061, dest: 192.168.110.214:53725, bytes: 25668154, op: MAPRED_SHUFFLE, cliID: attempt_201404121440_0001_m_000009_0, duration: 1017591549
2014-04-12 14:43:07,840 INFO org.apache.hadoop.mapred.TaskTracker: attempt_201404121440_0001_r_000001_0 0.25% reduce > copy (9 of 12 at 15.16 MB/s) > 
2014-04-12 14:43:07,856 INFO org.apache.hadoop.mapred.TaskTracker: attempt_201404121440_0001_r_000000_0 0.25% reduce > copy (9 of 12 at 15.81 MB/s) > 
2014-04-12 14:43:07,923 INFO org.apache.hadoop.mapred.TaskTracker: attempt_201404121440_0001_r_000000_0 0.33333334% reduce > sort
2014-04-12 14:43:08,324 INFO org.apache.hadoop.mapred.TaskTracker.clienttrace: src: 192.168.110.214:50061, dest: 192.168.110.214:53724, bytes: 26123390, op: MAPRED_SHUFFLE, cliID: attempt_201404121440_0001_m_000006_0, duration: 1007582802
2014-04-12 14:43:08,733 INFO org.apache.hadoop.mapred.TaskTracker: attempt_201404121440_0001_r_000000_0 0.33333334% reduce > sort
2014-04-12 14:43:09,335 INFO org.apache.hadoop.mapred.TaskTracker.clienttrace: src: 192.168.110.214:50061, dest: 192.168.110.214:53724, bytes: 26635752, op: MAPRED_SHUFFLE, cliID: attempt_201404121440_0001_m_000008_0, duration: 1008222611
2014-04-12 14:43:09,393 INFO org.apache.hadoop.mapred.TaskTracker.clienttrace: src: 192.168.110.214:50061, dest: 192.168.110.214:53729, bytes: 26514484, op: MAPRED_SHUFFLE, cliID: attempt_201404121440_0001_m_000009_0, duration: 55357205
2014-04-12 14:43:09,926 INFO org.apache.hadoop.mapred.TaskTracker: attempt_201404121440_0001_r_000001_0 0.25% reduce > copy (9 of 12 at 15.16 MB/s) > 
2014-04-12 14:43:10,845 INFO org.apache.hadoop.mapred.TaskTracker: attempt_201404121440_0001_r_000001_0 0.25% reduce > copy (9 of 12 at 15.16 MB/s) > 
2014-04-12 14:43:10,883 INFO org.apache.hadoop.mapred.TaskTracker: attempt_201404121440_0001_r_000001_0 0.6666667% reduce > reduce
2014-04-12 14:43:10,958 INFO org.apache.hadoop.mapred.TaskTracker: attempt_201404121440_0001_r_000000_0 0.6666905% reduce > reduce
2014-04-12 14:43:11,267 INFO org.apache.hadoop.mapred.TaskTracker: Task attempt_201404121440_0001_r_000000_0 is in commit-pending, task state:COMMIT_PENDING
2014-04-12 14:43:11,267 INFO org.apache.hadoop.mapred.TaskTracker: attempt_201404121440_0001_r_000000_0 0.6666905% reduce > reduce
2014-04-12 14:43:12,683 INFO org.apache.hadoop.mapred.TaskTracker: Received commit task action for attempt_201404121440_0001_r_000000_0
2014-04-12 14:43:13,541 INFO org.apache.hadoop.mapred.TaskTracker: Task attempt_201404121440_0001_r_000001_0 is in commit-pending, task state:COMMIT_PENDING
2014-04-12 14:43:13,542 INFO org.apache.hadoop.mapred.TaskTracker: attempt_201404121440_0001_r_000001_0 0.6666667% reduce > reduce
2014-04-12 14:43:13,914 INFO org.apache.hadoop.mapred.TaskTracker: attempt_201404121440_0001_r_000001_0 0.6666965% reduce > reduce
2014-04-12 14:43:13,989 INFO org.apache.hadoop.mapred.TaskTracker: attempt_201404121440_0001_r_000000_0 0.6666905% reduce > reduce
2014-04-12 14:43:13,990 INFO org.apache.hadoop.mapred.TaskTracker: attempt_201404121440_0001_r_000000_0 0.6666905% reduce > reduce
2014-04-12 14:43:13,991 INFO org.apache.hadoop.mapred.TaskTracker: Task attempt_201404121440_0001_r_000000_0 is done.
2014-04-12 14:43:13,991 INFO org.apache.hadoop.mapred.TaskTracker: reported output size for attempt_201404121440_0001_r_000000_0  was -1
2014-04-12 14:43:13,992 INFO org.apache.hadoop.mapred.TaskTracker: addFreeSlot : current free slots : 1
2014-04-12 14:43:14,164 INFO org.apache.hadoop.mapred.JvmManager: JVM : jvm_201404121440_0001_r_705543947 exited with exit code 0. Number of tasks it ran: 1
2014-04-12 14:43:15,690 INFO org.apache.hadoop.mapred.TaskTracker: Received commit task action for attempt_201404121440_0001_r_000001_0
2014-04-12 14:43:15,690 INFO org.apache.hadoop.mapred.TaskTracker: Received KillTaskAction for task: attempt_201404121440_0001_r_000000_0
2014-04-12 14:43:15,690 INFO org.apache.hadoop.mapred.TaskTracker: About to purge task: attempt_201404121440_0001_r_000000_0
2014-04-12 14:43:16,945 INFO org.apache.hadoop.mapred.TaskTracker: attempt_201404121440_0001_r_000001_0 0.6666965% reduce > reduce
2014-04-12 14:43:16,946 INFO org.apache.hadoop.mapred.TaskTracker: attempt_201404121440_0001_r_000001_0 0.6666965% reduce > reduce
2014-04-12 14:43:16,947 INFO org.apache.hadoop.mapred.TaskTracker: Task attempt_201404121440_0001_r_000001_0 is done.
2014-04-12 14:43:16,947 INFO org.apache.hadoop.mapred.TaskTracker: reported output size for attempt_201404121440_0001_r_000001_0  was -1
2014-04-12 14:43:16,947 INFO org.apache.hadoop.mapred.TaskTracker: addFreeSlot : current free slots : 2
2014-04-12 14:43:17,122 INFO org.apache.hadoop.mapred.JvmManager: JVM : jvm_201404121440_0001_r_941381692 exited with exit code 0. Number of tasks it ran: 1
2014-04-12 14:43:18,702 INFO org.apache.hadoop.mapred.TaskTracker: LaunchTaskAction (registerTask): attempt_201404121440_0001_m_000012_0 task's state:UNASSIGNED
2014-04-12 14:43:18,703 INFO org.apache.hadoop.mapred.TaskTracker: Trying to launch : attempt_201404121440_0001_m_000012_0 which needs 1 slots
2014-04-12 14:43:18,703 INFO org.apache.hadoop.mapred.TaskTracker: Received KillTaskAction for task: attempt_201404121440_0001_r_000001_0
2014-04-12 14:43:18,703 INFO org.apache.hadoop.mapred.TaskTracker: In TaskLauncher, current free slots : 11 and trying to launch attempt_201404121440_0001_m_000012_0 which needs 1 slots
2014-04-12 14:43:18,703 INFO org.apache.hadoop.mapred.TaskTracker: About to purge task: attempt_201404121440_0001_r_000001_0
2014-04-12 14:43:18,708 INFO org.apache.hadoop.mapred.JvmManager: In JvmRunner constructed JVM ID: jvm_201404121440_0001_m_926508235
2014-04-12 14:43:18,708 INFO org.apache.hadoop.mapred.JvmManager: JVM Runner jvm_201404121440_0001_m_926508235 spawned.
2014-04-12 14:43:18,710 INFO org.apache.hadoop.mapred.TaskController: Writing commands to /tmp/hadoop/hadoop-jmg3/mapred/local/ttprivate/taskTracker/jmg3/jobcache/job_201404121440_0001/attempt_201404121440_0001_m_000012_0/taskjvm.sh
2014-04-12 14:43:19,325 INFO org.apache.hadoop.mapred.TaskTracker: JVM with ID: jvm_201404121440_0001_m_926508235 given task: attempt_201404121440_0001_m_000012_0
2014-04-12 14:43:19,818 INFO org.apache.hadoop.mapred.TaskTracker: attempt_201404121440_0001_m_000012_0 0.0% 
2014-04-12 14:43:22,737 INFO org.apache.hadoop.mapred.TaskTracker: attempt_201404121440_0001_m_000012_0 0.0% cleanup
2014-04-12 14:43:22,738 INFO org.apache.hadoop.mapred.TaskTracker: Task attempt_201404121440_0001_m_000012_0 is done.
2014-04-12 14:43:22,738 INFO org.apache.hadoop.mapred.TaskTracker: reported output size for attempt_201404121440_0001_m_000012_0  was -1
2014-04-12 14:43:22,738 INFO org.apache.hadoop.mapred.TaskTracker: addFreeSlot : current free slots : 11
2014-04-12 14:43:26,083 INFO org.apache.hadoop.mapred.JvmManager: JVM : jvm_201404121440_0001_m_926508235 exited with exit code 0. Number of tasks it ran: 1
2014-04-12 14:43:26,101 INFO org.apache.hadoop.mapred.TaskTracker: Received 'KillJobAction' for job: job_201404121440_0001
2014-04-12 14:43:26,102 INFO org.apache.hadoop.mapred.IndexCache: Map ID attempt_201404121440_0001_m_000012_0 not found in cache
2014-04-12 14:43:26,102 INFO org.apache.hadoop.mapred.UserLogCleaner: Adding job_201404121440_0001 for user-log deletion with retainTimeStamp:1397418206102
