2014-04-12 14:30:20,254 INFO org.apache.hadoop.mapred.TaskTracker: STARTUP_MSG: 
/************************************************************
STARTUP_MSG: Starting TaskTracker
STARTUP_MSG:   host = gpu-014.davinci.rice.edu/192.168.110.214
STARTUP_MSG:   args = []
STARTUP_MSG:   version = 1.0.4-SNAPSHOT
STARTUP_MSG:   build =  -r ; compiled by 'jmg3' on Fri Apr 11 17:54:37 CDT 2014
************************************************************/
2014-04-12 14:30:20,422 INFO org.apache.hadoop.metrics2.impl.MetricsConfig: loaded properties from hadoop-metrics2.properties
2014-04-12 14:30:20,478 INFO org.apache.hadoop.metrics2.impl.MetricsSourceAdapter: MBean for source MetricsSystem,sub=Stats registered.
2014-04-12 14:30:20,478 INFO org.apache.hadoop.metrics2.impl.MetricsSystemImpl: Scheduled snapshot period at 10 second(s).
2014-04-12 14:30:20,478 INFO org.apache.hadoop.metrics2.impl.MetricsSystemImpl: TaskTracker metrics system started
2014-04-12 14:30:20,632 INFO org.apache.hadoop.metrics2.impl.MetricsSourceAdapter: MBean for source ugi registered.
2014-04-12 14:30:20,803 INFO org.mortbay.log: Logging to org.slf4j.impl.Log4jLoggerAdapter(org.mortbay.log) via org.mortbay.log.Slf4jLog
2014-04-12 14:30:20,853 INFO org.apache.hadoop.http.HttpServer: Added global filtersafety (class=org.apache.hadoop.http.HttpServer$QuotingInputFilter)
2014-04-12 14:30:20,874 INFO org.apache.hadoop.mapred.TaskLogsTruncater: Initializing logs' truncater with mapRetainSize=-1 and reduceRetainSize=-1
2014-04-12 14:30:20,878 INFO org.apache.hadoop.mapred.TaskTracker: Starting tasktracker with owner as jmg3
2014-04-12 14:30:20,879 INFO org.apache.hadoop.mapred.TaskTracker: Good mapred local directories are: /tmp/hadoop/hadoop-jmg3/mapred/local
2014-04-12 14:30:20,883 WARN org.apache.hadoop.util.NativeCodeLoader: Unable to load native-hadoop library for your platform... using builtin-java classes where applicable
2014-04-12 14:30:20,889 INFO org.apache.hadoop.metrics2.impl.MetricsSourceAdapter: MBean for source jvm registered.
2014-04-12 14:30:20,890 INFO org.apache.hadoop.metrics2.impl.MetricsSourceAdapter: MBean for source TaskTrackerMetrics registered.
2014-04-12 14:30:20,903 INFO org.apache.hadoop.ipc.Server: Starting SocketReader
2014-04-12 14:30:20,905 INFO org.apache.hadoop.metrics2.impl.MetricsSourceAdapter: MBean for source RpcDetailedActivityForPort40260 registered.
2014-04-12 14:30:20,905 INFO org.apache.hadoop.metrics2.impl.MetricsSourceAdapter: MBean for source RpcActivityForPort40260 registered.
2014-04-12 14:30:20,907 INFO org.apache.hadoop.ipc.Server: IPC Server Responder: starting
2014-04-12 14:30:20,908 INFO org.apache.hadoop.ipc.Server: IPC Server listener on 40260: starting
2014-04-12 14:30:20,909 INFO org.apache.hadoop.ipc.Server: IPC Server handler 0 on 40260: starting
2014-04-12 14:30:20,909 INFO org.apache.hadoop.ipc.Server: IPC Server handler 1 on 40260: starting
2014-04-12 14:30:20,910 INFO org.apache.hadoop.ipc.Server: IPC Server handler 2 on 40260: starting
2014-04-12 14:30:20,910 INFO org.apache.hadoop.ipc.Server: IPC Server handler 3 on 40260: starting
2014-04-12 14:30:20,911 INFO org.apache.hadoop.ipc.Server: IPC Server handler 4 on 40260: starting
2014-04-12 14:30:20,911 INFO org.apache.hadoop.ipc.Server: IPC Server handler 5 on 40260: starting
2014-04-12 14:30:20,912 INFO org.apache.hadoop.ipc.Server: IPC Server handler 6 on 40260: starting
2014-04-12 14:30:20,913 INFO org.apache.hadoop.ipc.Server: IPC Server handler 7 on 40260: starting
2014-04-12 14:30:20,913 INFO org.apache.hadoop.ipc.Server: IPC Server handler 8 on 40260: starting
2014-04-12 14:30:20,914 INFO org.apache.hadoop.ipc.Server: IPC Server handler 9 on 40260: starting
2014-04-12 14:30:20,914 INFO org.apache.hadoop.ipc.Server: IPC Server handler 10 on 40260: starting
2014-04-12 14:30:20,915 INFO org.apache.hadoop.ipc.Server: IPC Server handler 11 on 40260: starting
2014-04-12 14:30:20,915 INFO org.apache.hadoop.ipc.Server: IPC Server handler 12 on 40260: starting
2014-04-12 14:30:20,916 INFO org.apache.hadoop.ipc.Server: IPC Server handler 13 on 40260: starting
2014-04-12 14:30:20,916 INFO org.apache.hadoop.ipc.Server: IPC Server handler 14 on 40260: starting
2014-04-12 14:30:20,917 INFO org.apache.hadoop.ipc.Server: IPC Server handler 15 on 40260: starting
2014-04-12 14:30:20,917 INFO org.apache.hadoop.ipc.Server: IPC Server handler 16 on 40260: starting
2014-04-12 14:30:20,917 INFO org.apache.hadoop.ipc.Server: IPC Server handler 17 on 40260: starting
2014-04-12 14:30:20,918 INFO org.apache.hadoop.ipc.Server: IPC Server handler 18 on 40260: starting
2014-04-12 14:30:20,918 INFO org.apache.hadoop.ipc.Server: IPC Server handler 19 on 40260: starting
2014-04-12 14:30:20,919 INFO org.apache.hadoop.ipc.Server: IPC Server handler 20 on 40260: starting
2014-04-12 14:30:20,919 INFO org.apache.hadoop.ipc.Server: IPC Server handler 21 on 40260: starting
2014-04-12 14:30:20,919 INFO org.apache.hadoop.mapred.TaskTracker: TaskTracker up at: localhost/127.0.0.1:40260
2014-04-12 14:30:20,919 INFO org.apache.hadoop.mapred.TaskTracker: Starting tracker tracker_gpu-014.davinci.rice.edu:localhost/127.0.0.1:40260
2014-04-12 14:30:20,920 INFO org.apache.hadoop.ipc.Server: IPC Server handler 22 on 40260: starting
2014-04-12 14:30:20,920 INFO org.apache.hadoop.ipc.Server: IPC Server handler 23 on 40260: starting
2014-04-12 14:30:20,959 INFO org.apache.hadoop.mapred.TaskTracker: Starting thread: Map-events fetcher for all reduce tasks on tracker_gpu-014.davinci.rice.edu:localhost/127.0.0.1:40260
2014-04-12 14:30:20,968 INFO org.apache.hadoop.util.ProcessTree: setsid exited with exit code 0
2014-04-12 14:30:20,972 INFO org.apache.hadoop.mapred.TaskTracker:  Using ResourceCalculatorPlugin : org.apache.hadoop.util.LinuxResourceCalculatorPlugin@238258f1
2014-04-12 14:30:20,974 WARN org.apache.hadoop.mapred.TaskTracker: TaskTracker's totalMemoryAllottedForTasks is -1. TaskMemoryManager is disabled.
2014-04-12 14:30:20,977 INFO org.apache.hadoop.mapred.IndexCache: IndexCache created with max memory = 10485760
2014-04-12 14:30:21,623 INFO org.apache.hadoop.metrics2.impl.MetricsSourceAdapter: MBean for source ShuffleServerMetrics registered.
2014-04-12 14:30:21,625 INFO org.apache.hadoop.http.HttpServer: Port returned by webServer.getConnectors()[0].getLocalPort() before open() is -1. Opening the listener on 50061
2014-04-12 14:30:21,626 INFO org.apache.hadoop.http.HttpServer: listener.getLocalPort() returned 50061 webServer.getConnectors()[0].getLocalPort() returned 50061
2014-04-12 14:30:21,626 INFO org.apache.hadoop.http.HttpServer: Jetty bound to port 50061
2014-04-12 14:30:21,626 INFO org.mortbay.log: jetty-6.1.26
2014-04-12 14:30:21,890 INFO org.mortbay.log: Started SelectChannelConnector@0.0.0.0:50061
2014-04-12 14:30:21,902 INFO org.apache.hadoop.mapred.TaskTracker: FILE_CACHE_SIZE for mapOutputServlet set to : 2000
2014-04-12 14:31:43,158 INFO org.apache.hadoop.mapred.TaskTracker: LaunchTaskAction (registerTask): attempt_201404121430_0001_m_000013_0 task's state:UNASSIGNED
2014-04-12 14:31:43,161 INFO org.apache.hadoop.mapred.TaskTracker: Trying to launch : attempt_201404121430_0001_m_000013_0 which needs 1 slots
2014-04-12 14:31:43,161 INFO org.apache.hadoop.mapred.TaskTracker: In TaskLauncher, current free slots : 12 and trying to launch attempt_201404121430_0001_m_000013_0 which needs 1 slots
2014-04-12 14:31:43,312 INFO org.apache.hadoop.mapred.JobLocalizer: Initializing user jmg3 on this TT.
2014-04-12 14:31:43,445 INFO org.apache.hadoop.mapred.JvmManager: In JvmRunner constructed JVM ID: jvm_201404121430_0001_m_1168561367
2014-04-12 14:31:43,446 INFO org.apache.hadoop.mapred.JvmManager: JVM Runner jvm_201404121430_0001_m_1168561367 spawned.
2014-04-12 14:31:43,448 INFO org.apache.hadoop.mapred.TaskController: Writing commands to /tmp/hadoop/hadoop-jmg3/mapred/local/ttprivate/taskTracker/jmg3/jobcache/job_201404121430_0001/attempt_201404121430_0001_m_000013_0/taskjvm.sh
2014-04-12 14:31:44,104 INFO org.apache.hadoop.mapred.TaskTracker: JVM with ID: jvm_201404121430_0001_m_1168561367 given task: attempt_201404121430_0001_m_000013_0
2014-04-12 14:31:47,533 INFO org.apache.hadoop.mapred.TaskTracker: attempt_201404121430_0001_m_000013_0 0.0% setup
2014-04-12 14:31:47,536 INFO org.apache.hadoop.mapred.TaskTracker: Task attempt_201404121430_0001_m_000013_0 is done.
2014-04-12 14:31:47,536 INFO org.apache.hadoop.mapred.TaskTracker: reported output size for attempt_201404121430_0001_m_000013_0  was -1
2014-04-12 14:31:47,537 INFO org.apache.hadoop.mapred.TaskTracker: addFreeSlot : current free slots : 12
2014-04-12 14:31:47,683 INFO org.apache.hadoop.mapred.JvmManager: JVM : jvm_201404121430_0001_m_1168561367 exited with exit code 0. Number of tasks it ran: 1
2014-04-12 14:31:49,186 INFO org.apache.hadoop.mapred.TaskTracker: LaunchTaskAction (registerTask): attempt_201404121430_0001_m_000000_0 task's state:UNASSIGNED
2014-04-12 14:31:49,186 INFO org.apache.hadoop.mapred.TaskTracker: LaunchTaskAction (registerTask): attempt_201404121430_0001_m_000001_0 task's state:UNASSIGNED
2014-04-12 14:31:49,187 INFO org.apache.hadoop.mapred.TaskTracker: LaunchTaskAction (registerTask): attempt_201404121430_0001_m_000002_0 task's state:UNASSIGNED
2014-04-12 14:31:49,187 INFO org.apache.hadoop.mapred.TaskTracker: LaunchTaskAction (registerTask): attempt_201404121430_0001_m_000003_0 task's state:UNASSIGNED
2014-04-12 14:31:49,188 INFO org.apache.hadoop.mapred.TaskTracker: LaunchTaskAction (registerTask): attempt_201404121430_0001_m_000004_0 task's state:UNASSIGNED
2014-04-12 14:31:49,188 INFO org.apache.hadoop.mapred.TaskTracker: LaunchTaskAction (registerTask): attempt_201404121430_0001_m_000005_0 task's state:UNASSIGNED
2014-04-12 14:31:49,189 INFO org.apache.hadoop.mapred.TaskTracker: LaunchTaskAction (registerTask): attempt_201404121430_0001_m_000006_0 task's state:UNASSIGNED
2014-04-12 14:31:49,189 INFO org.apache.hadoop.mapred.TaskTracker: LaunchTaskAction (registerTask): attempt_201404121430_0001_m_000007_0 task's state:UNASSIGNED
2014-04-12 14:31:49,190 INFO org.apache.hadoop.mapred.TaskTracker: LaunchTaskAction (registerTask): attempt_201404121430_0001_m_000008_0 task's state:UNASSIGNED
2014-04-12 14:31:49,190 INFO org.apache.hadoop.mapred.TaskTracker: LaunchTaskAction (registerTask): attempt_201404121430_0001_m_000009_0 task's state:UNASSIGNED
2014-04-12 14:31:49,190 INFO org.apache.hadoop.mapred.TaskTracker: LaunchTaskAction (registerTask): attempt_201404121430_0001_m_000010_0 task's state:UNASSIGNED
2014-04-12 14:31:49,191 INFO org.apache.hadoop.mapred.TaskTracker: LaunchTaskAction (registerTask): attempt_201404121430_0001_m_000011_0 task's state:UNASSIGNED
2014-04-12 14:31:49,191 INFO org.apache.hadoop.mapred.TaskTracker: Trying to launch : attempt_201404121430_0001_m_000000_0 which needs 1 slots
2014-04-12 14:31:49,191 INFO org.apache.hadoop.mapred.TaskTracker: In TaskLauncher, current free slots : 12 and trying to launch attempt_201404121430_0001_m_000000_0 which needs 1 slots
2014-04-12 14:31:49,191 INFO org.apache.hadoop.mapred.TaskTracker: Received KillTaskAction for task: attempt_201404121430_0001_m_000013_0
2014-04-12 14:31:49,191 INFO org.apache.hadoop.mapred.TaskTracker: About to purge task: attempt_201404121430_0001_m_000013_0
2014-04-12 14:31:49,191 INFO org.apache.hadoop.mapred.TaskTracker: Trying to launch : attempt_201404121430_0001_m_000001_0 which needs 1 slots
2014-04-12 14:31:49,191 INFO org.apache.hadoop.mapred.TaskTracker: In TaskLauncher, current free slots : 11 and trying to launch attempt_201404121430_0001_m_000001_0 which needs 1 slots
2014-04-12 14:31:49,191 INFO org.apache.hadoop.mapred.IndexCache: Map ID attempt_201404121430_0001_m_000013_0 not found in cache
2014-04-12 14:31:49,192 INFO org.apache.hadoop.mapred.TaskTracker: Trying to launch : attempt_201404121430_0001_m_000002_0 which needs 1 slots
2014-04-12 14:31:49,192 INFO org.apache.hadoop.mapred.TaskTracker: In TaskLauncher, current free slots : 10 and trying to launch attempt_201404121430_0001_m_000002_0 which needs 1 slots
2014-04-12 14:31:49,192 INFO org.apache.hadoop.mapred.TaskTracker: Trying to launch : attempt_201404121430_0001_m_000003_0 which needs 1 slots
2014-04-12 14:31:49,192 INFO org.apache.hadoop.mapred.TaskTracker: In TaskLauncher, current free slots : 9 and trying to launch attempt_201404121430_0001_m_000003_0 which needs 1 slots
2014-04-12 14:31:49,194 INFO org.apache.hadoop.mapred.TaskTracker: Trying to launch : attempt_201404121430_0001_m_000004_0 which needs 1 slots
2014-04-12 14:31:49,194 INFO org.apache.hadoop.mapred.TaskTracker: In TaskLauncher, current free slots : 8 and trying to launch attempt_201404121430_0001_m_000004_0 which needs 1 slots
2014-04-12 14:31:49,194 INFO org.apache.hadoop.mapred.TaskTracker: Trying to launch : attempt_201404121430_0001_m_000005_0 which needs 1 slots
2014-04-12 14:31:49,194 INFO org.apache.hadoop.mapred.TaskTracker: In TaskLauncher, current free slots : 7 and trying to launch attempt_201404121430_0001_m_000005_0 which needs 1 slots
2014-04-12 14:31:49,194 INFO org.apache.hadoop.mapred.TaskTracker: Trying to launch : attempt_201404121430_0001_m_000006_0 which needs 1 slots
2014-04-12 14:31:49,195 INFO org.apache.hadoop.mapred.TaskTracker: In TaskLauncher, current free slots : 6 and trying to launch attempt_201404121430_0001_m_000006_0 which needs 1 slots
2014-04-12 14:31:49,195 INFO org.apache.hadoop.mapred.TaskTracker: Trying to launch : attempt_201404121430_0001_m_000007_0 which needs 1 slots
2014-04-12 14:31:49,195 INFO org.apache.hadoop.mapred.TaskTracker: In TaskLauncher, current free slots : 5 and trying to launch attempt_201404121430_0001_m_000007_0 which needs 1 slots
2014-04-12 14:31:49,198 INFO org.apache.hadoop.mapred.TaskTracker: Trying to launch : attempt_201404121430_0001_m_000008_0 which needs 1 slots
2014-04-12 14:31:49,198 INFO org.apache.hadoop.mapred.TaskTracker: In TaskLauncher, current free slots : 4 and trying to launch attempt_201404121430_0001_m_000008_0 which needs 1 slots
2014-04-12 14:31:49,199 INFO org.apache.hadoop.mapred.TaskTracker: Trying to launch : attempt_201404121430_0001_m_000009_0 which needs 1 slots
2014-04-12 14:31:49,200 INFO org.apache.hadoop.mapred.TaskTracker: In TaskLauncher, current free slots : 3 and trying to launch attempt_201404121430_0001_m_000009_0 which needs 1 slots
2014-04-12 14:31:49,202 INFO org.apache.hadoop.mapred.TaskTracker: Trying to launch : attempt_201404121430_0001_m_000010_0 which needs 1 slots
2014-04-12 14:31:49,202 INFO org.apache.hadoop.mapred.TaskTracker: In TaskLauncher, current free slots : 2 and trying to launch attempt_201404121430_0001_m_000010_0 which needs 1 slots
2014-04-12 14:31:49,203 INFO org.apache.hadoop.mapred.TaskTracker: Trying to launch : attempt_201404121430_0001_m_000011_0 which needs 1 slots
2014-04-12 14:31:49,203 INFO org.apache.hadoop.mapred.TaskTracker: In TaskLauncher, current free slots : 1 and trying to launch attempt_201404121430_0001_m_000011_0 which needs 1 slots
2014-04-12 14:31:49,204 INFO org.apache.hadoop.mapred.JvmManager: In JvmRunner constructed JVM ID: jvm_201404121430_0001_m_281186264
2014-04-12 14:31:49,208 INFO org.apache.hadoop.mapred.JvmManager: JVM Runner jvm_201404121430_0001_m_281186264 spawned.
2014-04-12 14:31:49,210 INFO org.apache.hadoop.mapred.JvmManager: In JvmRunner constructed JVM ID: jvm_201404121430_0001_m_2141209201
2014-04-12 14:31:49,211 INFO org.apache.hadoop.mapred.JvmManager: JVM Runner jvm_201404121430_0001_m_2141209201 spawned.
2014-04-12 14:31:49,211 INFO org.apache.hadoop.mapred.JvmManager: In JvmRunner constructed JVM ID: jvm_201404121430_0001_m_1242303141
2014-04-12 14:31:49,212 INFO org.apache.hadoop.mapred.JvmManager: JVM Runner jvm_201404121430_0001_m_1242303141 spawned.
2014-04-12 14:31:49,212 INFO org.apache.hadoop.mapred.JvmManager: In JvmRunner constructed JVM ID: jvm_201404121430_0001_m_1868160334
2014-04-12 14:31:49,212 INFO org.apache.hadoop.mapred.JvmManager: JVM Runner jvm_201404121430_0001_m_1868160334 spawned.
2014-04-12 14:31:49,212 INFO org.apache.hadoop.mapred.JvmManager: In JvmRunner constructed JVM ID: jvm_201404121430_0001_m_364526245
2014-04-12 14:31:49,212 INFO org.apache.hadoop.mapred.TaskController: Writing commands to /tmp/hadoop/hadoop-jmg3/mapred/local/ttprivate/taskTracker/jmg3/jobcache/job_201404121430_0001/attempt_201404121430_0001_m_000000_0/taskjvm.sh
2014-04-12 14:31:49,212 INFO org.apache.hadoop.mapred.JvmManager: JVM Runner jvm_201404121430_0001_m_364526245 spawned.
2014-04-12 14:31:49,213 INFO org.apache.hadoop.mapred.JvmManager: In JvmRunner constructed JVM ID: jvm_201404121430_0001_m_396328867
2014-04-12 14:31:49,213 INFO org.apache.hadoop.mapred.JvmManager: JVM Runner jvm_201404121430_0001_m_396328867 spawned.
2014-04-12 14:31:49,214 INFO org.apache.hadoop.mapred.TaskController: Writing commands to /tmp/hadoop/hadoop-jmg3/mapred/local/ttprivate/taskTracker/jmg3/jobcache/job_201404121430_0001/attempt_201404121430_0001_m_000004_0/taskjvm.sh
2014-04-12 14:31:49,214 INFO org.apache.hadoop.mapred.JvmManager: In JvmRunner constructed JVM ID: jvm_201404121430_0001_m_563038689
2014-04-12 14:31:49,214 INFO org.apache.hadoop.mapred.JvmManager: JVM Runner jvm_201404121430_0001_m_563038689 spawned.
2014-04-12 14:31:49,214 INFO org.apache.hadoop.mapred.TaskController: Writing commands to /tmp/hadoop/hadoop-jmg3/mapred/local/ttprivate/taskTracker/jmg3/jobcache/job_201404121430_0001/attempt_201404121430_0001_m_000005_0/taskjvm.sh
2014-04-12 14:31:49,214 INFO org.apache.hadoop.mapred.JvmManager: In JvmRunner constructed JVM ID: jvm_201404121430_0001_m_664358786
2014-04-12 14:31:49,215 INFO org.apache.hadoop.mapred.JvmManager: JVM Runner jvm_201404121430_0001_m_664358786 spawned.
2014-04-12 14:31:49,215 INFO org.apache.hadoop.mapred.JvmManager: In JvmRunner constructed JVM ID: jvm_201404121430_0001_m_328049749
2014-04-12 14:31:49,215 INFO org.apache.hadoop.mapred.TaskController: Writing commands to /tmp/hadoop/hadoop-jmg3/mapred/local/ttprivate/taskTracker/jmg3/jobcache/job_201404121430_0001/attempt_201404121430_0001_m_000003_0/taskjvm.sh
2014-04-12 14:31:49,215 INFO org.apache.hadoop.mapred.JvmManager: JVM Runner jvm_201404121430_0001_m_328049749 spawned.
2014-04-12 14:31:49,215 INFO org.apache.hadoop.mapred.TaskController: Writing commands to /tmp/hadoop/hadoop-jmg3/mapred/local/ttprivate/taskTracker/jmg3/jobcache/job_201404121430_0001/attempt_201404121430_0001_m_000001_0/taskjvm.sh
2014-04-12 14:31:49,215 INFO org.apache.hadoop.mapred.JvmManager: In JvmRunner constructed JVM ID: jvm_201404121430_0001_m_1282492713
2014-04-12 14:31:49,216 INFO org.apache.hadoop.mapred.JvmManager: JVM Runner jvm_201404121430_0001_m_1282492713 spawned.
2014-04-12 14:31:49,216 INFO org.apache.hadoop.mapred.TaskController: Writing commands to /tmp/hadoop/hadoop-jmg3/mapred/local/ttprivate/taskTracker/jmg3/jobcache/job_201404121430_0001/attempt_201404121430_0001_m_000002_0/taskjvm.sh
2014-04-12 14:31:49,216 INFO org.apache.hadoop.mapred.JvmManager: In JvmRunner constructed JVM ID: jvm_201404121430_0001_m_1012135462
2014-04-12 14:31:49,216 INFO org.apache.hadoop.mapred.JvmManager: JVM Runner jvm_201404121430_0001_m_1012135462 spawned.
2014-04-12 14:31:49,216 INFO org.apache.hadoop.mapred.TaskController: Writing commands to /tmp/hadoop/hadoop-jmg3/mapred/local/ttprivate/taskTracker/jmg3/jobcache/job_201404121430_0001/attempt_201404121430_0001_m_000011_0/taskjvm.sh
2014-04-12 14:31:49,217 INFO org.apache.hadoop.mapred.JvmManager: In JvmRunner constructed JVM ID: jvm_201404121430_0001_m_780365662
2014-04-12 14:31:49,217 INFO org.apache.hadoop.mapred.TaskController: Writing commands to /tmp/hadoop/hadoop-jmg3/mapred/local/ttprivate/taskTracker/jmg3/jobcache/job_201404121430_0001/attempt_201404121430_0001_m_000009_0/taskjvm.sh
2014-04-12 14:31:49,217 INFO org.apache.hadoop.mapred.JvmManager: JVM Runner jvm_201404121430_0001_m_780365662 spawned.
2014-04-12 14:31:49,218 INFO org.apache.hadoop.mapred.TaskController: Writing commands to /tmp/hadoop/hadoop-jmg3/mapred/local/ttprivate/taskTracker/jmg3/jobcache/job_201404121430_0001/attempt_201404121430_0001_m_000007_0/taskjvm.sh
2014-04-12 14:31:49,218 INFO org.apache.hadoop.mapred.TaskController: Writing commands to /tmp/hadoop/hadoop-jmg3/mapred/local/ttprivate/taskTracker/jmg3/jobcache/job_201404121430_0001/attempt_201404121430_0001_m_000010_0/taskjvm.sh
2014-04-12 14:31:49,218 INFO org.apache.hadoop.mapred.TaskController: Writing commands to /tmp/hadoop/hadoop-jmg3/mapred/local/ttprivate/taskTracker/jmg3/jobcache/job_201404121430_0001/attempt_201404121430_0001_m_000006_0/taskjvm.sh
2014-04-12 14:31:49,219 INFO org.apache.hadoop.mapred.TaskController: Writing commands to /tmp/hadoop/hadoop-jmg3/mapred/local/ttprivate/taskTracker/jmg3/jobcache/job_201404121430_0001/attempt_201404121430_0001_m_000008_0/taskjvm.sh
2014-04-12 14:31:50,227 INFO org.apache.hadoop.mapred.TaskTracker: JVM with ID: jvm_201404121430_0001_m_1012135462 given task: attempt_201404121430_0001_m_000008_0
2014-04-12 14:31:50,239 INFO org.apache.hadoop.mapred.TaskTracker: JVM with ID: jvm_201404121430_0001_m_563038689 given task: attempt_201404121430_0001_m_000011_0
2014-04-12 14:31:50,247 INFO org.apache.hadoop.mapred.TaskTracker: JVM with ID: jvm_201404121430_0001_m_364526245 given task: attempt_201404121430_0001_m_000001_0
2014-04-12 14:31:50,260 INFO org.apache.hadoop.mapred.TaskTracker: JVM with ID: jvm_201404121430_0001_m_328049749 given task: attempt_201404121430_0001_m_000007_0
2014-04-12 14:31:50,281 INFO org.apache.hadoop.mapred.TaskTracker: JVM with ID: jvm_201404121430_0001_m_664358786 given task: attempt_201404121430_0001_m_000009_0
2014-04-12 14:31:50,288 INFO org.apache.hadoop.mapred.TaskTracker: JVM with ID: jvm_201404121430_0001_m_2141209201 given task: attempt_201404121430_0001_m_000004_0
2014-04-12 14:31:50,310 INFO org.apache.hadoop.mapred.TaskTracker: JVM with ID: jvm_201404121430_0001_m_1282492713 given task: attempt_201404121430_0001_m_000010_0
2014-04-12 14:31:50,314 INFO org.apache.hadoop.mapred.TaskTracker: JVM with ID: jvm_201404121430_0001_m_1868160334 given task: attempt_201404121430_0001_m_000003_0
2014-04-12 14:31:50,365 INFO org.apache.hadoop.mapred.TaskTracker: JVM with ID: jvm_201404121430_0001_m_396328867 given task: attempt_201404121430_0001_m_000002_0
2014-04-12 14:31:50,365 INFO org.apache.hadoop.mapred.TaskTracker: JVM with ID: jvm_201404121430_0001_m_1242303141 given task: attempt_201404121430_0001_m_000005_0
2014-04-12 14:31:50,366 INFO org.apache.hadoop.mapred.TaskTracker: JVM with ID: jvm_201404121430_0001_m_780365662 given task: attempt_201404121430_0001_m_000006_0
2014-04-12 14:31:50,534 INFO org.apache.hadoop.mapred.TaskTracker: JVM with ID: jvm_201404121430_0001_m_281186264 given task: attempt_201404121430_0001_m_000000_0
2014-04-12 14:31:57,637 INFO org.apache.hadoop.mapred.TaskTracker: attempt_201404121430_0001_m_000004_0 0.17179687% 
2014-04-12 14:31:57,903 INFO org.apache.hadoop.mapred.TaskTracker: attempt_201404121430_0001_m_000002_0 0.13954958% 
2014-04-12 14:31:58,030 INFO org.apache.hadoop.mapred.TaskTracker: attempt_201404121430_0001_m_000007_0 0.13997684% 
2014-04-12 14:31:58,209 INFO org.apache.hadoop.mapred.TaskTracker: attempt_201404121430_0001_m_000008_0 0.14553349% 
2014-04-12 14:31:58,217 INFO org.apache.hadoop.mapred.TaskTracker: attempt_201404121430_0001_m_000005_0 0.13977562% 
2014-04-12 14:31:58,218 INFO org.apache.hadoop.mapred.TaskTracker: attempt_201404121430_0001_m_000001_0 0.17607659% 
2014-04-12 14:31:58,219 INFO org.apache.hadoop.mapred.TaskTracker: attempt_201404121430_0001_m_000010_0 0.14502394% 
2014-04-12 14:32:00,729 INFO org.apache.hadoop.mapred.TaskTracker: attempt_201404121430_0001_m_000000_0 0.2231812% 
2014-04-12 14:32:00,866 INFO org.apache.hadoop.mapred.TaskTracker: attempt_201404121430_0001_m_000004_0 0.26839447% 
2014-04-12 14:32:00,917 INFO org.apache.hadoop.mapred.TaskTracker: attempt_201404121430_0001_m_000003_0 0.26814613% 
2014-04-12 14:32:01,027 INFO org.apache.hadoop.mapred.TaskTracker: attempt_201404121430_0001_m_000009_0 0.25251722% 
2014-04-12 14:32:01,175 INFO org.apache.hadoop.mapred.TaskTracker: attempt_201404121430_0001_m_000002_0 0.2661571% 
2014-04-12 14:32:01,361 INFO org.apache.hadoop.mapred.TaskTracker: attempt_201404121430_0001_m_000007_0 0.31511676% 
2014-04-12 14:32:01,543 INFO org.apache.hadoop.mapred.TaskTracker: attempt_201404121430_0001_m_000001_0 0.2838121% 
2014-04-12 14:32:01,555 INFO org.apache.hadoop.mapred.TaskTracker: attempt_201404121430_0001_m_000010_0 0.3013957% 
2014-04-12 14:32:01,611 INFO org.apache.hadoop.mapred.TaskTracker: attempt_201404121430_0001_m_000011_0 0.26160577% 
2014-04-12 14:32:01,616 INFO org.apache.hadoop.mapred.TaskTracker: attempt_201404121430_0001_m_000005_0 0.28134385% 
2014-04-12 14:32:01,811 INFO org.apache.hadoop.mapred.TaskTracker: attempt_201404121430_0001_m_000006_0 0.25876465% 
2014-04-12 14:32:01,858 INFO org.apache.hadoop.mapred.TaskTracker: attempt_201404121430_0001_m_000008_0 0.2689784% 
2014-04-12 14:32:04,176 INFO org.apache.hadoop.mapred.TaskTracker: attempt_201404121430_0001_m_000000_0 0.31624645% 
2014-04-12 14:32:05,469 INFO org.apache.hadoop.mapred.TaskTracker: attempt_201404121430_0001_m_000010_0 0.39967293% 
2014-04-12 14:32:05,470 INFO org.apache.hadoop.mapred.TaskTracker: attempt_201404121430_0001_m_000008_0 0.3707759% 
2014-04-12 14:32:05,470 INFO org.apache.hadoop.mapred.TaskTracker: attempt_201404121430_0001_m_000006_0 0.370897% 
2014-04-12 14:32:05,471 INFO org.apache.hadoop.mapred.TaskTracker: attempt_201404121430_0001_m_000005_0 0.3861582% 
2014-04-12 14:32:05,472 INFO org.apache.hadoop.mapred.TaskTracker: attempt_201404121430_0001_m_000011_0 0.3668307% 
2014-04-12 14:32:05,472 INFO org.apache.hadoop.mapred.TaskTracker: attempt_201404121430_0001_m_000007_0 0.39752263% 
2014-04-12 14:32:05,473 INFO org.apache.hadoop.mapred.TaskTracker: attempt_201404121430_0001_m_000002_0 0.35719997% 
2014-04-12 14:32:05,479 INFO org.apache.hadoop.mapred.TaskTracker: attempt_201404121430_0001_m_000009_0 0.3232925% 
2014-04-12 14:32:05,479 INFO org.apache.hadoop.mapred.TaskTracker: attempt_201404121430_0001_m_000003_0 0.366514% 
2014-04-12 14:32:05,480 INFO org.apache.hadoop.mapred.TaskTracker: attempt_201404121430_0001_m_000004_0 0.38193387% 
2014-04-12 14:32:06,215 INFO org.apache.hadoop.mapred.TaskTracker: attempt_201404121430_0001_m_000001_0 0.38540596% 
2014-04-12 14:32:08,874 INFO org.apache.hadoop.mapred.TaskTracker: attempt_201404121430_0001_m_000007_0 0.510308% 
2014-04-12 14:32:08,920 INFO org.apache.hadoop.mapred.TaskTracker: attempt_201404121430_0001_m_000008_0 0.4621674% 
2014-04-12 14:32:08,926 INFO org.apache.hadoop.mapred.TaskTracker: attempt_201404121430_0001_m_000010_0 0.50873244% 
2014-04-12 14:32:08,944 INFO org.apache.hadoop.mapred.TaskTracker: attempt_201404121430_0001_m_000009_0 0.3877047% 
2014-04-12 14:32:08,956 INFO org.apache.hadoop.mapred.TaskTracker: attempt_201404121430_0001_m_000000_0 0.44456577% 
2014-04-12 14:32:08,960 INFO org.apache.hadoop.mapred.TaskTracker: attempt_201404121430_0001_m_000011_0 0.4657994% 
2014-04-12 14:32:08,970 INFO org.apache.hadoop.mapred.TaskTracker: attempt_201404121430_0001_m_000004_0 0.5004095% 
2014-04-12 14:32:08,971 INFO org.apache.hadoop.mapred.TaskTracker: attempt_201404121430_0001_m_000003_0 0.4849775% 
2014-04-12 14:32:09,047 INFO org.apache.hadoop.mapred.TaskTracker: attempt_201404121430_0001_m_000005_0 0.48748633% 
2014-04-12 14:32:09,052 INFO org.apache.hadoop.mapred.TaskTracker: attempt_201404121430_0001_m_000006_0 0.4559605% 
2014-04-12 14:32:09,078 INFO org.apache.hadoop.mapred.TaskTracker: attempt_201404121430_0001_m_000002_0 0.47682962% 
2014-04-12 14:32:09,625 INFO org.apache.hadoop.mapred.TaskTracker: attempt_201404121430_0001_m_000001_0 0.47432363% 
2014-04-12 14:32:12,273 INFO org.apache.hadoop.mapred.TaskTracker: attempt_201404121430_0001_m_000011_0 0.5489352% 
2014-04-12 14:32:12,319 INFO org.apache.hadoop.mapred.TaskTracker: attempt_201404121430_0001_m_000003_0 0.5507815% 
2014-04-12 14:32:12,324 INFO org.apache.hadoop.mapred.TaskTracker: attempt_201404121430_0001_m_000008_0 0.5482486% 
2014-04-12 14:32:12,377 INFO org.apache.hadoop.mapred.TaskTracker: attempt_201404121430_0001_m_000004_0 0.5938947% 
2014-04-12 14:32:12,380 INFO org.apache.hadoop.mapred.TaskTracker: attempt_201404121430_0001_m_000009_0 0.45075688% 
2014-04-12 14:32:12,399 INFO org.apache.hadoop.mapred.TaskTracker: attempt_201404121430_0001_m_000010_0 0.6107284% 
2014-04-12 14:32:12,414 INFO org.apache.hadoop.mapred.TaskTracker: attempt_201404121430_0001_m_000007_0 0.5691322% 
2014-04-12 14:32:12,415 INFO org.apache.hadoop.mapred.TaskTracker: attempt_201404121430_0001_m_000005_0 0.5671277% 
2014-04-12 14:32:12,448 INFO org.apache.hadoop.mapred.TaskTracker: attempt_201404121430_0001_m_000000_0 0.53289336% 
2014-04-12 14:32:12,868 INFO org.apache.hadoop.mapred.TaskTracker: attempt_201404121430_0001_m_000006_0 0.53172714% 
2014-04-12 14:32:12,996 INFO org.apache.hadoop.mapred.TaskTracker: attempt_201404121430_0001_m_000001_0 0.54363155% 
2014-04-12 14:32:13,027 INFO org.apache.hadoop.mapred.TaskTracker: attempt_201404121430_0001_m_000002_0 0.5291614% 
2014-04-12 14:32:15,527 INFO org.apache.hadoop.mapred.TaskTracker: attempt_201404121430_0001_m_000011_0 0.64121324% 
2014-04-12 14:32:15,665 INFO org.apache.hadoop.mapred.TaskTracker: attempt_201404121430_0001_m_000008_0 0.638017% 
2014-04-12 14:32:15,689 INFO org.apache.hadoop.mapred.TaskTracker: attempt_201404121430_0001_m_000010_0 0.69819206% 
2014-04-12 14:32:15,694 INFO org.apache.hadoop.mapred.TaskTracker: attempt_201404121430_0001_m_000003_0 0.6506418% 
2014-04-12 14:32:15,716 INFO org.apache.hadoop.mapred.TaskTracker: attempt_201404121430_0001_m_000005_0 0.6529271% 
2014-04-12 14:32:15,805 INFO org.apache.hadoop.mapred.TaskTracker: attempt_201404121430_0001_m_000000_0 0.62465024% 
2014-04-12 14:32:16,184 INFO org.apache.hadoop.mapred.TaskTracker: attempt_201404121430_0001_m_000004_0 0.6687966% 
2014-04-12 14:32:16,220 INFO org.apache.hadoop.mapred.TaskTracker: attempt_201404121430_0001_m_000006_0 0.6196128% 
2014-04-12 14:32:16,297 INFO org.apache.hadoop.mapred.TaskTracker: attempt_201404121430_0001_m_000002_0 0.6352218% 
2014-04-12 14:32:16,787 INFO org.apache.hadoop.mapred.TaskTracker: attempt_201404121430_0001_m_000009_0 0.5299098% 
2014-04-12 14:32:16,819 INFO org.apache.hadoop.mapred.TaskTracker: attempt_201404121430_0001_m_000001_0 0.657677% 
2014-04-12 14:32:17,511 INFO org.apache.hadoop.mapred.TaskTracker: attempt_201404121430_0001_m_000007_0 0.66746145% 
2014-04-12 14:32:18,958 INFO org.apache.hadoop.mapred.TaskTracker: attempt_201404121430_0001_m_000011_0 0.73060143% 
2014-04-12 14:32:19,050 INFO org.apache.hadoop.mapred.TaskTracker: attempt_201404121430_0001_m_000010_0 0.7939421% 
2014-04-12 14:32:19,054 INFO org.apache.hadoop.mapred.TaskTracker: attempt_201404121430_0001_m_000008_0 0.7509565% 
2014-04-12 14:32:19,070 INFO org.apache.hadoop.mapred.TaskTracker: attempt_201404121430_0001_m_000005_0 0.7385223% 
2014-04-12 14:32:19,114 INFO org.apache.hadoop.mapred.TaskTracker: attempt_201404121430_0001_m_000003_0 0.7618449% 
2014-04-12 14:32:19,152 INFO org.apache.hadoop.mapred.TaskTracker: attempt_201404121430_0001_m_000000_0 0.70239174% 
2014-04-12 14:32:19,606 INFO org.apache.hadoop.mapred.TaskTracker: attempt_201404121430_0001_m_000006_0 0.697343% 
2014-04-12 14:32:19,689 INFO org.apache.hadoop.mapred.TaskTracker: attempt_201404121430_0001_m_000002_0 0.7193997% 
2014-04-12 14:32:19,904 INFO org.apache.hadoop.mapred.TaskTracker: attempt_201404121430_0001_m_000004_0 0.77514845% 
2014-04-12 14:32:20,089 INFO org.apache.hadoop.mapred.TaskTracker: attempt_201404121430_0001_m_000009_0 0.60390854% 
2014-04-12 14:32:20,131 INFO org.apache.hadoop.mapred.TaskTracker: attempt_201404121430_0001_m_000001_0 0.75901914% 
2014-04-12 14:32:20,766 INFO org.apache.hadoop.mapred.TaskTracker: attempt_201404121430_0001_m_000007_0 0.76788175% 
2014-04-12 14:32:22,457 INFO org.apache.hadoop.mapred.TaskTracker: attempt_201404121430_0001_m_000010_0 0.90384626% 
2014-04-12 14:32:22,483 INFO org.apache.hadoop.mapred.TaskTracker: attempt_201404121430_0001_m_000003_0 0.8552099% 
2014-04-12 14:32:22,516 INFO org.apache.hadoop.mapred.TaskTracker: attempt_201404121430_0001_m_000000_0 0.79384625% 
2014-04-12 14:32:22,519 INFO org.apache.hadoop.mapred.TaskTracker: attempt_201404121430_0001_m_000008_0 0.84180576% 
2014-04-12 14:32:22,542 INFO org.apache.hadoop.mapred.TaskTracker: attempt_201404121430_0001_m_000011_0 0.82475895% 
2014-04-12 14:32:22,568 INFO org.apache.hadoop.mapred.TaskTracker: attempt_201404121430_0001_m_000005_0 0.8323824% 
2014-04-12 14:32:22,939 INFO org.apache.hadoop.mapred.TaskTracker: attempt_201404121430_0001_m_000006_0 0.8006735% 
2014-04-12 14:32:23,041 INFO org.apache.hadoop.mapred.TaskTracker: attempt_201404121430_0001_m_000002_0 0.7861351% 
2014-04-12 14:32:23,379 INFO org.apache.hadoop.mapred.TaskTracker: attempt_201404121430_0001_m_000004_0 0.87419635% 
2014-04-12 14:32:23,464 INFO org.apache.hadoop.mapred.TaskTracker: attempt_201404121430_0001_m_000009_0 0.6992033% 
2014-04-12 14:32:23,536 INFO org.apache.hadoop.mapred.TaskTracker: attempt_201404121430_0001_m_000001_0 0.8347199% 
2014-04-12 14:32:24,236 INFO org.apache.hadoop.mapred.TaskTracker: attempt_201404121430_0001_m_000007_0 0.853441% 
2014-04-12 14:32:25,856 INFO org.apache.hadoop.mapred.TaskTracker: attempt_201404121430_0001_m_000005_0 0.9115417% 
2014-04-12 14:32:25,858 INFO org.apache.hadoop.mapred.TaskTracker: attempt_201404121430_0001_m_000003_0 0.9269097% 
2014-04-12 14:32:25,860 INFO org.apache.hadoop.mapred.TaskTracker: attempt_201404121430_0001_m_000010_0 0.9757926% 
2014-04-12 14:32:25,950 INFO org.apache.hadoop.mapred.TaskTracker: attempt_201404121430_0001_m_000000_0 0.88542503% 
2014-04-12 14:32:26,271 INFO org.apache.hadoop.mapred.TaskTracker: attempt_201404121430_0001_m_000006_0 0.88947034% 
2014-04-12 14:32:26,307 INFO org.apache.hadoop.mapred.TaskTracker: attempt_201404121430_0001_m_000008_0 0.9149022% 
2014-04-12 14:32:26,346 INFO org.apache.hadoop.mapred.TaskTracker: attempt_201404121430_0001_m_000002_0 0.8713421% 
2014-04-12 14:32:26,668 INFO org.apache.hadoop.mapred.TaskTracker: attempt_201404121430_0001_m_000004_0 0.95837635% 
2014-04-12 14:32:26,703 INFO org.apache.hadoop.mapred.TaskTracker: attempt_201404121430_0001_m_000009_0 0.7883654% 
2014-04-12 14:32:26,717 INFO org.apache.hadoop.mapred.TaskTracker: attempt_201404121430_0001_m_000011_0 0.9081904% 
2014-04-12 14:32:26,934 INFO org.apache.hadoop.mapred.TaskTracker: attempt_201404121430_0001_m_000001_0 0.912619% 
2014-04-12 14:32:27,583 INFO org.apache.hadoop.mapred.TaskTracker: attempt_201404121430_0001_m_000007_0 0.9442052% 
2014-04-12 14:32:29,039 INFO org.apache.hadoop.mapred.TaskTracker: attempt_201404121430_0001_m_000005_0 1.0% 
2014-04-12 14:32:29,084 INFO org.apache.hadoop.mapred.TaskTracker: attempt_201404121430_0001_m_000010_0 1.0% 
2014-04-12 14:32:29,108 INFO org.apache.hadoop.mapred.TaskTracker: attempt_201404121430_0001_m_000003_0 1.0% 
2014-04-12 14:32:29,159 INFO org.apache.hadoop.mapred.TaskTracker: attempt_201404121430_0001_m_000000_0 0.98061335% 
2014-04-12 14:32:29,436 INFO org.apache.hadoop.mapred.TaskTracker: attempt_201404121430_0001_m_000006_0 0.9756583% 
2014-04-12 14:32:29,523 INFO org.apache.hadoop.mapred.TaskTracker: attempt_201404121430_0001_m_000002_0 0.9614137% 
2014-04-12 14:32:29,534 INFO org.apache.hadoop.mapred.TaskTracker: attempt_201404121430_0001_m_000008_0 1.0% 
2014-04-12 14:32:29,974 INFO org.apache.hadoop.mapred.TaskTracker: attempt_201404121430_0001_m_000011_0 1.0% 
2014-04-12 14:32:30,040 INFO org.apache.hadoop.mapred.TaskTracker: attempt_201404121430_0001_m_000004_0 1.0% 
2014-04-12 14:32:30,254 INFO org.apache.hadoop.mapred.TaskTracker: attempt_201404121430_0001_m_000001_0 1.0% 
2014-04-12 14:32:30,633 INFO org.apache.hadoop.mapred.TaskTracker: attempt_201404121430_0001_m_000009_0 0.9151685% 
2014-04-12 14:32:30,812 INFO org.apache.hadoop.mapred.TaskTracker: attempt_201404121430_0001_m_000007_0 1.0% 
2014-04-12 14:32:32,224 INFO org.apache.hadoop.mapred.TaskTracker: attempt_201404121430_0001_m_000005_0 1.0% 
2014-04-12 14:32:32,297 INFO org.apache.hadoop.mapred.TaskTracker: attempt_201404121430_0001_m_000010_0 1.0% 
2014-04-12 14:32:32,325 INFO org.apache.hadoop.mapred.TaskTracker: attempt_201404121430_0001_m_000000_0 1.0% 
2014-04-12 14:32:32,353 INFO org.apache.hadoop.mapred.TaskTracker: attempt_201404121430_0001_m_000003_0 1.0% 
2014-04-12 14:32:32,632 INFO org.apache.hadoop.mapred.TaskTracker: attempt_201404121430_0001_m_000006_0 1.0% 
2014-04-12 14:32:32,718 INFO org.apache.hadoop.mapred.TaskTracker: attempt_201404121430_0001_m_000002_0 1.0% 
2014-04-12 14:32:32,722 INFO org.apache.hadoop.mapred.TaskTracker: attempt_201404121430_0001_m_000008_0 1.0% 
2014-04-12 14:32:33,122 INFO org.apache.hadoop.mapred.TaskTracker: attempt_201404121430_0001_m_000011_0 1.0% 
2014-04-12 14:32:33,239 INFO org.apache.hadoop.mapred.TaskTracker: attempt_201404121430_0001_m_000004_0 1.0% 
2014-04-12 14:32:33,395 INFO org.apache.hadoop.mapred.TaskTracker: attempt_201404121430_0001_m_000001_0 1.0% 
2014-04-12 14:32:33,717 INFO org.apache.hadoop.mapred.TaskTracker: attempt_201404121430_0001_m_000009_0 1.0% 
2014-04-12 14:32:33,916 INFO org.apache.hadoop.mapred.TaskTracker: attempt_201404121430_0001_m_000007_0 1.0% 
2014-04-12 14:32:35,344 INFO org.apache.hadoop.mapred.TaskTracker: attempt_201404121430_0001_m_000005_0 1.0% 
2014-04-12 14:32:35,402 INFO org.apache.hadoop.mapred.TaskTracker: attempt_201404121430_0001_m_000010_0 1.0% 
2014-04-12 14:32:35,442 INFO org.apache.hadoop.mapred.TaskTracker: attempt_201404121430_0001_m_000000_0 1.0% 
2014-04-12 14:32:35,470 INFO org.apache.hadoop.mapred.TaskTracker: attempt_201404121430_0001_m_000003_0 1.0% 
2014-04-12 14:32:35,752 INFO org.apache.hadoop.mapred.TaskTracker: attempt_201404121430_0001_m_000006_0 1.0% 
2014-04-12 14:32:35,831 INFO org.apache.hadoop.mapred.TaskTracker: attempt_201404121430_0001_m_000002_0 1.0% 
2014-04-12 14:32:35,841 INFO org.apache.hadoop.mapred.TaskTracker: attempt_201404121430_0001_m_000008_0 1.0% 
2014-04-12 14:32:36,241 INFO org.apache.hadoop.mapred.TaskTracker: attempt_201404121430_0001_m_000011_0 1.0% 
2014-04-12 14:32:36,421 INFO org.apache.hadoop.mapred.TaskTracker: attempt_201404121430_0001_m_000004_0 1.0% 
2014-04-12 14:32:36,512 INFO org.apache.hadoop.mapred.TaskTracker: attempt_201404121430_0001_m_000001_0 1.0% 
2014-04-12 14:32:36,807 INFO org.apache.hadoop.mapred.TaskTracker: attempt_201404121430_0001_m_000009_0 1.0% 
2014-04-12 14:32:36,982 INFO org.apache.hadoop.mapred.TaskTracker: attempt_201404121430_0001_m_000007_0 1.0% 
2014-04-12 14:32:38,428 INFO org.apache.hadoop.mapred.TaskTracker: attempt_201404121430_0001_m_000005_0 1.0% 
2014-04-12 14:32:38,491 INFO org.apache.hadoop.mapred.TaskTracker: attempt_201404121430_0001_m_000010_0 1.0% 
2014-04-12 14:32:38,532 INFO org.apache.hadoop.mapred.TaskTracker: attempt_201404121430_0001_m_000000_0 1.0% 
2014-04-12 14:32:38,567 INFO org.apache.hadoop.mapred.TaskTracker: attempt_201404121430_0001_m_000003_0 1.0% 
2014-04-12 14:32:38,862 INFO org.apache.hadoop.mapred.TaskTracker: attempt_201404121430_0001_m_000006_0 1.0% 
2014-04-12 14:32:38,912 INFO org.apache.hadoop.mapred.TaskTracker: attempt_201404121430_0001_m_000008_0 1.0% 
2014-04-12 14:32:38,957 INFO org.apache.hadoop.mapred.TaskTracker: attempt_201404121430_0001_m_000002_0 1.0% 
2014-04-12 14:32:41,889 INFO org.apache.hadoop.mapred.TaskTracker: attempt_201404121430_0001_m_000003_0 1.0% 
2014-04-12 14:32:41,890 INFO org.apache.hadoop.mapred.TaskTracker: attempt_201404121430_0001_m_000000_0 1.0% 
2014-04-12 14:32:41,892 INFO org.apache.hadoop.mapred.TaskTracker: attempt_201404121430_0001_m_000010_0 1.0% 
2014-04-12 14:32:41,893 INFO org.apache.hadoop.mapred.TaskTracker: attempt_201404121430_0001_m_000005_0 1.0% 
2014-04-12 14:32:41,893 INFO org.apache.hadoop.mapred.TaskTracker: attempt_201404121430_0001_m_000007_0 1.0% 
2014-04-12 14:32:41,894 INFO org.apache.hadoop.mapred.TaskTracker: attempt_201404121430_0001_m_000009_0 1.0% 
2014-04-12 14:32:41,894 INFO org.apache.hadoop.mapred.TaskTracker: attempt_201404121430_0001_m_000001_0 1.0% 
2014-04-12 14:32:41,895 INFO org.apache.hadoop.mapred.TaskTracker: attempt_201404121430_0001_m_000004_0 1.0% 
2014-04-12 14:32:41,896 INFO org.apache.hadoop.mapred.TaskTracker: attempt_201404121430_0001_m_000011_0 1.0% 
2014-04-12 14:32:41,918 INFO org.apache.hadoop.mapred.TaskTracker: attempt_201404121430_0001_m_000006_0 1.0% 
2014-04-12 14:32:42,040 INFO org.apache.hadoop.mapred.TaskTracker: attempt_201404121430_0001_m_000008_0 1.0% 
2014-04-12 14:32:44,925 INFO org.apache.hadoop.mapred.TaskTracker: attempt_201404121430_0001_m_000000_0 1.0% 
2014-04-12 14:32:46,511 INFO org.apache.hadoop.mapred.TaskTracker: attempt_201404121430_0001_m_000006_0 1.0% 
2014-04-12 14:32:46,512 INFO org.apache.hadoop.mapred.TaskTracker: attempt_201404121430_0001_m_000005_0 1.0% 
2014-04-12 14:32:46,512 INFO org.apache.hadoop.mapred.TaskTracker: attempt_201404121430_0001_m_000001_0 1.0% 
2014-04-12 14:32:46,512 INFO org.apache.hadoop.mapred.TaskTracker: attempt_201404121430_0001_m_000003_0 1.0% 
2014-04-12 14:32:46,513 INFO org.apache.hadoop.mapred.TaskTracker: attempt_201404121430_0001_m_000011_0 1.0% 
2014-04-12 14:32:46,513 INFO org.apache.hadoop.mapred.TaskTracker: attempt_201404121430_0001_m_000002_0 1.0% 
2014-04-12 14:32:46,514 INFO org.apache.hadoop.mapred.TaskTracker: attempt_201404121430_0001_m_000004_0 1.0% 
2014-04-12 14:32:46,514 INFO org.apache.hadoop.mapred.TaskTracker: attempt_201404121430_0001_m_000009_0 1.0% 
2014-04-12 14:32:46,514 INFO org.apache.hadoop.mapred.TaskTracker: attempt_201404121430_0001_m_000010_0 1.0% 
2014-04-12 14:32:46,515 INFO org.apache.hadoop.mapred.TaskTracker: attempt_201404121430_0001_m_000007_0 1.0% 
2014-04-12 14:32:46,515 INFO org.apache.hadoop.mapred.TaskTracker: attempt_201404121430_0001_m_000008_0 1.0% 
2014-04-12 14:32:46,516 INFO org.apache.hadoop.mapred.TaskTracker: attempt_201404121430_0001_m_000006_0 1.0% 
2014-04-12 14:32:46,516 INFO org.apache.hadoop.mapred.TaskTracker: attempt_201404121430_0001_m_000005_0 1.0% 
2014-04-12 14:32:46,516 INFO org.apache.hadoop.mapred.TaskTracker: attempt_201404121430_0001_m_000000_0 1.0% 
2014-04-12 14:32:46,517 INFO org.apache.hadoop.mapred.TaskTracker: attempt_201404121430_0001_m_000007_0 1.0% 
2014-04-12 14:32:46,517 INFO org.apache.hadoop.mapred.TaskTracker: attempt_201404121430_0001_m_000011_0 1.0% 
2014-04-12 14:32:46,518 INFO org.apache.hadoop.mapred.TaskTracker: Task attempt_201404121430_0001_m_000005_0 is done.
2014-04-12 14:32:46,518 INFO org.apache.hadoop.mapred.TaskTracker: reported output size for attempt_201404121430_0001_m_000005_0  was 52209478
2014-04-12 14:32:46,519 INFO org.apache.hadoop.mapred.TaskTracker: Task attempt_201404121430_0001_m_000006_0 is done.
2014-04-12 14:32:46,519 INFO org.apache.hadoop.mapred.TaskTracker: reported output size for attempt_201404121430_0001_m_000006_0  was 51715503
2014-04-12 14:32:46,519 INFO org.apache.hadoop.mapred.TaskTracker: attempt_201404121430_0001_m_000010_0 1.0% 
2014-04-12 14:32:46,519 INFO org.apache.hadoop.mapred.TaskTracker: Task attempt_201404121430_0001_m_000007_0 is done.
2014-04-12 14:32:46,519 INFO org.apache.hadoop.mapred.TaskTracker: reported output size for attempt_201404121430_0001_m_000007_0  was 52806609
2014-04-12 14:32:46,520 INFO org.apache.hadoop.mapred.TaskTracker: Task attempt_201404121430_0001_m_000010_0 is done.
2014-04-12 14:32:46,520 INFO org.apache.hadoop.mapred.TaskTracker: reported output size for attempt_201404121430_0001_m_000010_0  was 52456807
2014-04-12 14:32:46,522 INFO org.apache.hadoop.mapred.TaskTracker: Task attempt_201404121430_0001_m_000000_0 is done.
2014-04-12 14:32:46,522 INFO org.apache.hadoop.mapred.TaskTracker: reported output size for attempt_201404121430_0001_m_000000_0  was 52456396
2014-04-12 14:32:46,522 INFO org.apache.hadoop.mapred.TaskTracker: Task attempt_201404121430_0001_m_000011_0 is done.
2014-04-12 14:32:46,522 INFO org.apache.hadoop.mapred.TaskTracker: reported output size for attempt_201404121430_0001_m_000011_0  was 51261824
2014-04-12 14:32:46,523 INFO org.apache.hadoop.mapred.TaskTracker: Task attempt_201404121430_0001_m_000008_0 is done.
2014-04-12 14:32:46,523 INFO org.apache.hadoop.mapred.TaskTracker: reported output size for attempt_201404121430_0001_m_000008_0  was 52484422
2014-04-12 14:32:46,829 INFO org.apache.hadoop.mapred.TaskTracker: addFreeSlot : current free slots : 1
2014-04-12 14:32:46,829 INFO org.apache.hadoop.mapred.TaskTracker: addFreeSlot : current free slots : 2
2014-04-12 14:32:46,831 INFO org.apache.hadoop.mapred.TaskTracker: addFreeSlot : current free slots : 3
2014-04-12 14:32:46,831 INFO org.apache.hadoop.mapred.TaskTracker: addFreeSlot : current free slots : 4
2014-04-12 14:32:46,831 INFO org.apache.hadoop.mapred.TaskTracker: addFreeSlot : current free slots : 5
2014-04-12 14:32:46,832 INFO org.apache.hadoop.mapred.TaskTracker: addFreeSlot : current free slots : 6
2014-04-12 14:32:46,832 INFO org.apache.hadoop.mapred.TaskTracker: addFreeSlot : current free slots : 7
2014-04-12 14:32:47,951 INFO org.apache.hadoop.mapred.TaskTracker: LaunchTaskAction (registerTask): attempt_201404121430_0001_r_000000_0 task's state:UNASSIGNED
2014-04-12 14:32:48,958 INFO org.apache.hadoop.mapred.TaskTracker: Trying to launch : attempt_201404121430_0001_r_000000_0 which needs 1 slots
2014-04-12 14:32:48,958 INFO org.apache.hadoop.mapred.TaskTracker: In TaskLauncher, current free slots : 2 and trying to launch attempt_201404121430_0001_r_000000_0 which needs 1 slots
2014-04-12 14:32:48,967 INFO org.apache.hadoop.mapred.JvmManager: In JvmRunner constructed JVM ID: jvm_201404121430_0001_r_1168561367
2014-04-12 14:32:48,967 INFO org.apache.hadoop.mapred.JvmManager: JVM Runner jvm_201404121430_0001_r_1168561367 spawned.
2014-04-12 14:32:48,968 INFO org.apache.hadoop.mapred.TaskController: Writing commands to /tmp/hadoop/hadoop-jmg3/mapred/local/ttprivate/taskTracker/jmg3/jobcache/job_201404121430_0001/attempt_201404121430_0001_r_000000_0/taskjvm.sh
2014-04-12 14:32:49,067 INFO org.apache.hadoop.mapred.JvmManager: JVM : jvm_201404121430_0001_m_281186264 exited with exit code 0. Number of tasks it ran: 1
2014-04-12 14:32:49,070 INFO org.apache.hadoop.mapred.JvmManager: JVM : jvm_201404121430_0001_m_780365662 exited with exit code 0. Number of tasks it ran: 1
2014-04-12 14:32:49,070 INFO org.apache.hadoop.mapred.JvmManager: JVM : jvm_201404121430_0001_m_563038689 exited with exit code 0. Number of tasks it ran: 1
2014-04-12 14:32:49,072 INFO org.apache.hadoop.mapred.JvmManager: JVM : jvm_201404121430_0001_m_328049749 exited with exit code 0. Number of tasks it ran: 1
2014-04-12 14:32:49,072 INFO org.apache.hadoop.mapred.JvmManager: JVM : jvm_201404121430_0001_m_1012135462 exited with exit code 0. Number of tasks it ran: 1
2014-04-12 14:32:49,070 INFO org.apache.hadoop.mapred.JvmManager: JVM : jvm_201404121430_0001_m_1242303141 exited with exit code 0. Number of tasks it ran: 1
2014-04-12 14:32:49,070 INFO org.apache.hadoop.mapred.JvmManager: JVM : jvm_201404121430_0001_m_1282492713 exited with exit code 0. Number of tasks it ran: 1
2014-04-12 14:32:49,516 INFO org.apache.hadoop.mapred.TaskTracker: attempt_201404121430_0001_m_000003_0 1.0% 
2014-04-12 14:32:49,517 INFO org.apache.hadoop.mapred.TaskTracker: Task attempt_201404121430_0001_m_000003_0 is done.
2014-04-12 14:32:49,518 INFO org.apache.hadoop.mapred.TaskTracker: reported output size for attempt_201404121430_0001_m_000003_0  was 52854458
2014-04-12 14:32:49,544 INFO org.apache.hadoop.mapred.TaskTracker: attempt_201404121430_0001_m_000004_0 1.0% 
2014-04-12 14:32:49,545 INFO org.apache.hadoop.mapred.TaskTracker: attempt_201404121430_0001_m_000001_0 1.0% 
2014-04-12 14:32:49,546 INFO org.apache.hadoop.mapred.TaskTracker: attempt_201404121430_0001_m_000002_0 1.0% 
2014-04-12 14:32:49,547 INFO org.apache.hadoop.mapred.TaskTracker: attempt_201404121430_0001_m_000004_0 1.0% 
2014-04-12 14:32:49,547 INFO org.apache.hadoop.mapred.TaskTracker: attempt_201404121430_0001_m_000009_0 1.0% 
2014-04-12 14:32:49,548 INFO org.apache.hadoop.mapred.TaskTracker: attempt_201404121430_0001_m_000001_0 1.0% 
2014-04-12 14:32:49,548 INFO org.apache.hadoop.mapred.TaskTracker: Task attempt_201404121430_0001_m_000004_0 is done.
2014-04-12 14:32:49,548 INFO org.apache.hadoop.mapred.TaskTracker: reported output size for attempt_201404121430_0001_m_000004_0  was 51881472
2014-04-12 14:32:49,548 INFO org.apache.hadoop.mapred.TaskTracker: attempt_201404121430_0001_m_000002_0 1.0% 
2014-04-12 14:32:49,549 INFO org.apache.hadoop.mapred.TaskTracker: Task attempt_201404121430_0001_m_000001_0 is done.
2014-04-12 14:32:49,549 INFO org.apache.hadoop.mapred.TaskTracker: reported output size for attempt_201404121430_0001_m_000001_0  was 51782106
2014-04-12 14:32:49,549 INFO org.apache.hadoop.mapred.TaskTracker: Task attempt_201404121430_0001_m_000002_0 is done.
2014-04-12 14:32:49,549 INFO org.apache.hadoop.mapred.TaskTracker: reported output size for attempt_201404121430_0001_m_000002_0  was 52135237
2014-04-12 14:32:49,606 INFO org.apache.hadoop.mapred.TaskTracker: JVM with ID: jvm_201404121430_0001_r_1168561367 given task: attempt_201404121430_0001_r_000000_0
2014-04-12 14:32:50,206 INFO org.apache.hadoop.mapred.TaskTracker: addFreeSlot : current free slots : 8
2014-04-12 14:32:50,207 INFO org.apache.hadoop.mapred.TaskTracker: addFreeSlot : current free slots : 9
2014-04-12 14:32:50,208 INFO org.apache.hadoop.mapred.TaskTracker: addFreeSlot : current free slots : 10
2014-04-12 14:32:50,209 INFO org.apache.hadoop.mapred.TaskTracker: addFreeSlot : current free slots : 11
2014-04-12 14:32:50,965 INFO org.apache.hadoop.mapred.TaskTracker: LaunchTaskAction (registerTask): attempt_201404121430_0001_r_000001_0 task's state:UNASSIGNED
2014-04-12 14:32:50,965 INFO org.apache.hadoop.mapred.TaskTracker: Trying to launch : attempt_201404121430_0001_r_000001_0 which needs 1 slots
2014-04-12 14:32:50,965 INFO org.apache.hadoop.mapred.TaskTracker: In TaskLauncher, current free slots : 1 and trying to launch attempt_201404121430_0001_r_000001_0 which needs 1 slots
2014-04-12 14:32:50,972 INFO org.apache.hadoop.mapred.JvmManager: In JvmRunner constructed JVM ID: jvm_201404121430_0001_r_281186264
2014-04-12 14:32:50,972 INFO org.apache.hadoop.mapred.JvmManager: JVM Runner jvm_201404121430_0001_r_281186264 spawned.
2014-04-12 14:32:50,974 INFO org.apache.hadoop.mapred.TaskController: Writing commands to /tmp/hadoop/hadoop-jmg3/mapred/local/ttprivate/taskTracker/jmg3/jobcache/job_201404121430_0001/attempt_201404121430_0001_r_000001_0/taskjvm.sh
2014-04-12 14:32:51,582 INFO org.apache.hadoop.mapred.TaskTracker: JVM with ID: jvm_201404121430_0001_r_281186264 given task: attempt_201404121430_0001_r_000001_0
2014-04-12 14:32:52,552 INFO org.apache.hadoop.mapred.TaskTracker: attempt_201404121430_0001_m_000009_0 1.0% 
2014-04-12 14:32:52,553 INFO org.apache.hadoop.mapred.TaskTracker: Task attempt_201404121430_0001_m_000009_0 is done.
2014-04-12 14:32:52,553 INFO org.apache.hadoop.mapred.TaskTracker: reported output size for attempt_201404121430_0001_m_000009_0  was 52197794
2014-04-12 14:32:52,790 INFO org.apache.hadoop.mapred.TaskTracker: addFreeSlot : current free slots : 12
2014-04-12 14:32:53,417 INFO org.apache.hadoop.mapred.JvmManager: JVM : jvm_201404121430_0001_m_364526245 exited with exit code 0. Number of tasks it ran: 1
2014-04-12 14:32:53,453 INFO org.apache.hadoop.mapred.JvmManager: JVM : jvm_201404121430_0001_m_396328867 exited with exit code 0. Number of tasks it ran: 1
2014-04-12 14:32:53,453 INFO org.apache.hadoop.mapred.JvmManager: JVM : jvm_201404121430_0001_m_1868160334 exited with exit code 0. Number of tasks it ran: 1
2014-04-12 14:32:53,453 INFO org.apache.hadoop.mapred.JvmManager: JVM : jvm_201404121430_0001_m_2141209201 exited with exit code 0. Number of tasks it ran: 1
2014-04-12 14:32:55,075 INFO org.apache.hadoop.mapred.JvmManager: JVM : jvm_201404121430_0001_m_664358786 exited with exit code 0. Number of tasks it ran: 1
2014-04-12 14:32:55,788 INFO org.apache.hadoop.mapred.TaskTracker.clienttrace: src: 192.168.110.214:50061, dest: 192.168.110.214:52862, bytes: 25830243, op: MAPRED_SHUFFLE, cliID: attempt_201404121430_0001_m_000000_0, duration: 102978206
2014-04-12 14:32:55,980 INFO org.apache.hadoop.mapred.TaskTracker.clienttrace: src: 192.168.110.214:50061, dest: 192.168.110.214:52863, bytes: 25763742, op: MAPRED_SHUFFLE, cliID: attempt_201404121430_0001_m_000005_0, duration: 190472517
2014-04-12 14:32:56,415 INFO org.apache.hadoop.mapred.TaskTracker: attempt_201404121430_0001_r_000000_0 0.05555556% reduce > copy (2 of 12 at 8.20 MB/s) > 
2014-04-12 14:32:58,110 INFO org.apache.hadoop.mapred.TaskTracker.clienttrace: src: 192.168.110.214:50061, dest: 192.168.110.214:52864, bytes: 25551253, op: MAPRED_SHUFFLE, cliID: attempt_201404121430_0001_m_000006_0, duration: 2127199289
2014-04-12 14:32:59,107 INFO org.apache.hadoop.mapred.TaskTracker.clienttrace: src: 192.168.110.214:50061, dest: 192.168.110.214:52865, bytes: 26046374, op: MAPRED_SHUFFLE, cliID: attempt_201404121430_0001_m_000007_0, duration: 995117279
2014-04-12 14:32:59,131 INFO org.apache.hadoop.mapred.TaskTracker.clienttrace: src: 192.168.110.214:50061, dest: 192.168.110.214:52866, bytes: 26626153, op: MAPRED_SHUFFLE, cliID: attempt_201404121430_0001_m_000000_0, duration: 280677776
2014-04-12 14:32:59,451 INFO org.apache.hadoop.mapred.TaskTracker: attempt_201404121430_0001_r_000000_0 0.11111112% reduce > copy (4 of 12 at 10.93 MB/s) > 
2014-04-12 14:32:59,590 INFO org.apache.hadoop.mapred.TaskTracker: attempt_201404121430_0001_r_000001_0 0.02777778% reduce > copy (1 of 12 at 4.23 MB/s) > 
2014-04-12 14:33:00,165 INFO org.apache.hadoop.mapred.TaskTracker.clienttrace: src: 192.168.110.214:50061, dest: 192.168.110.214:52865, bytes: 25848670, op: MAPRED_SHUFFLE, cliID: attempt_201404121430_0001_m_000008_0, duration: 1049474599
2014-04-12 14:33:00,177 INFO org.apache.hadoop.mapred.TaskTracker.clienttrace: src: 192.168.110.214:50061, dest: 192.168.110.214:52867, bytes: 26445736, op: MAPRED_SHUFFLE, cliID: attempt_201404121430_0001_m_000005_0, duration: 1044038903
2014-04-12 14:33:01,171 INFO org.apache.hadoop.mapred.TaskTracker.clienttrace: src: 192.168.110.214:50061, dest: 192.168.110.214:52868, bytes: 25825426, op: MAPRED_SHUFFLE, cliID: attempt_201404121430_0001_m_000010_0, duration: 985572831
2014-04-12 14:33:01,174 INFO org.apache.hadoop.mapred.TaskTracker.clienttrace: src: 192.168.110.214:50061, dest: 192.168.110.214:52867, bytes: 26164250, op: MAPRED_SHUFFLE, cliID: attempt_201404121430_0001_m_000006_0, duration: 988552204
2014-04-12 14:33:02,201 INFO org.apache.hadoop.mapred.TaskTracker.clienttrace: src: 192.168.110.214:50061, dest: 192.168.110.214:52869, bytes: 25306417, op: MAPRED_SHUFFLE, cliID: attempt_201404121430_0001_m_000011_0, duration: 1028345679
2014-04-12 14:33:02,486 INFO org.apache.hadoop.mapred.TaskTracker: attempt_201404121430_0001_r_000000_0 0.19444446% reduce > copy (7 of 12 at 14.32 MB/s) > 
2014-04-12 14:33:02,628 INFO org.apache.hadoop.mapred.TaskTracker: attempt_201404121430_0001_r_000001_0 0.083333336% reduce > copy (3 of 12 at 9.45 MB/s) > 
2014-04-12 14:33:02,825 INFO org.apache.hadoop.mapred.TaskTracker.clienttrace: src: 192.168.110.214:50061, dest: 192.168.110.214:52870, bytes: 26760235, op: MAPRED_SHUFFLE, cliID: attempt_201404121430_0001_m_000007_0, duration: 1648690166
2014-04-12 14:33:03,246 INFO org.apache.hadoop.mapred.TaskTracker.clienttrace: src: 192.168.110.214:50061, dest: 192.168.110.214:52872, bytes: 26635752, op: MAPRED_SHUFFLE, cliID: attempt_201404121430_0001_m_000008_0, duration: 356891824
2014-04-12 14:33:04,268 INFO org.apache.hadoop.mapred.TaskTracker.clienttrace: src: 192.168.110.214:50061, dest: 192.168.110.214:52873, bytes: 26631381, op: MAPRED_SHUFFLE, cliID: attempt_201404121430_0001_m_000010_0, duration: 1019993539
2014-04-12 14:33:05,265 INFO org.apache.hadoop.mapred.TaskTracker.clienttrace: src: 192.168.110.214:50061, dest: 192.168.110.214:52871, bytes: 25510869, op: MAPRED_SHUFFLE, cliID: attempt_201404121430_0001_m_000001_0, duration: 3062215048
2014-04-12 14:33:05,297 INFO org.apache.hadoop.mapred.TaskTracker.clienttrace: src: 192.168.110.214:50061, dest: 192.168.110.214:52873, bytes: 25955407, op: MAPRED_SHUFFLE, cliID: attempt_201404121430_0001_m_000011_0, duration: 1011721982
2014-04-12 14:33:05,519 INFO org.apache.hadoop.mapred.TaskTracker: attempt_201404121430_0001_r_000000_0 0.22222224% reduce > copy (8 of 12 at 13.08 MB/s) > 
2014-04-12 14:33:05,665 INFO org.apache.hadoop.mapred.TaskTracker: attempt_201404121430_0001_r_000001_0 0.19444446% reduce > copy (7 of 12 at 14.72 MB/s) > 
2014-04-12 14:33:06,291 INFO org.apache.hadoop.mapred.TaskTracker.clienttrace: src: 192.168.110.214:50061, dest: 192.168.110.214:52871, bytes: 25689313, op: MAPRED_SHUFFLE, cliID: attempt_201404121430_0001_m_000002_0, duration: 1018885504
2014-04-12 14:33:06,318 INFO org.apache.hadoop.mapred.TaskTracker.clienttrace: src: 192.168.110.214:50061, dest: 192.168.110.214:52873, bytes: 26271237, op: MAPRED_SHUFFLE, cliID: attempt_201404121430_0001_m_000001_0, duration: 1012100488
2014-04-12 14:33:07,306 INFO org.apache.hadoop.mapred.TaskTracker.clienttrace: src: 192.168.110.214:50061, dest: 192.168.110.214:52874, bytes: 26080573, op: MAPRED_SHUFFLE, cliID: attempt_201404121430_0001_m_000003_0, duration: 1013293882
2014-04-12 14:33:08,294 INFO org.apache.hadoop.mapred.TaskTracker.clienttrace: src: 192.168.110.214:50061, dest: 192.168.110.214:52873, bytes: 26445924, op: MAPRED_SHUFFLE, cliID: attempt_201404121430_0001_m_000002_0, duration: 1971594003
2014-04-12 14:33:08,326 INFO org.apache.hadoop.mapred.TaskTracker.clienttrace: src: 192.168.110.214:50061, dest: 192.168.110.214:52874, bytes: 25535030, op: MAPRED_SHUFFLE, cliID: attempt_201404121430_0001_m_000004_0, duration: 1009002009
2014-04-12 14:33:08,550 INFO org.apache.hadoop.mapred.TaskTracker: attempt_201404121430_0001_r_000000_0 0.30555558% reduce > copy (11 of 12 at 14.99 MB/s) > 
2014-04-12 14:33:08,699 INFO org.apache.hadoop.mapred.TaskTracker: attempt_201404121430_0001_r_000001_0 0.25% reduce > copy (9 of 12 at 15.13 MB/s) > 
2014-04-12 14:33:09,354 INFO org.apache.hadoop.mapred.TaskTracker.clienttrace: src: 192.168.110.214:50061, dest: 192.168.110.214:52873, bytes: 26773885, op: MAPRED_SHUFFLE, cliID: attempt_201404121430_0001_m_000003_0, duration: 1057788967
2014-04-12 14:33:09,399 INFO org.apache.hadoop.mapred.TaskTracker.clienttrace: src: 192.168.110.214:50061, dest: 192.168.110.214:52874, bytes: 25672726, op: MAPRED_SHUFFLE, cliID: attempt_201404121430_0001_m_000009_0, duration: 1068410358
2014-04-12 14:33:09,506 INFO org.apache.hadoop.mapred.TaskTracker: attempt_201404121430_0001_r_000000_0 0.30555558% reduce > copy (11 of 12 at 14.99 MB/s) > 
2014-04-12 14:33:10,386 INFO org.apache.hadoop.mapred.TaskTracker: attempt_201404121430_0001_r_000000_0 0.30555558% reduce > copy (11 of 12 at 14.99 MB/s) > 
2014-04-12 14:33:10,389 INFO org.apache.hadoop.mapred.TaskTracker.clienttrace: src: 192.168.110.214:50061, dest: 192.168.110.214:52873, bytes: 26346442, op: MAPRED_SHUFFLE, cliID: attempt_201404121430_0001_m_000004_0, duration: 1031948843
2014-04-12 14:33:11,398 INFO org.apache.hadoop.mapred.TaskTracker.clienttrace: src: 192.168.110.214:50061, dest: 192.168.110.214:52873, bytes: 26525068, op: MAPRED_SHUFFLE, cliID: attempt_201404121430_0001_m_000009_0, duration: 1004271019
2014-04-12 14:33:11,584 INFO org.apache.hadoop.mapred.TaskTracker: attempt_201404121430_0001_r_000000_0 0.6666853% reduce > reduce
2014-04-12 14:33:11,683 INFO org.apache.hadoop.mapred.TaskTracker: attempt_201404121430_0001_r_000001_0 0.25% reduce > copy (9 of 12 at 15.13 MB/s) > 
2014-04-12 14:33:11,733 INFO org.apache.hadoop.mapred.TaskTracker: attempt_201404121430_0001_r_000001_0 0.33333334% reduce > sort
2014-04-12 14:33:12,576 INFO org.apache.hadoop.mapred.TaskTracker: attempt_201404121430_0001_r_000001_0 0.33333334% reduce > sort
2014-04-12 14:33:13,029 INFO org.apache.hadoop.mapred.TaskTracker: Task attempt_201404121430_0001_r_000000_0 is in commit-pending, task state:COMMIT_PENDING
2014-04-12 14:33:13,029 INFO org.apache.hadoop.mapred.TaskTracker: attempt_201404121430_0001_r_000000_0 0.6666853% reduce > reduce
2014-04-12 14:33:14,615 INFO org.apache.hadoop.mapred.TaskTracker: attempt_201404121430_0001_r_000000_0 0.6666853% reduce > reduce
2014-04-12 14:33:14,767 INFO org.apache.hadoop.mapred.TaskTracker: attempt_201404121430_0001_r_000001_0 0.666691% reduce > reduce
2014-04-12 14:33:14,992 INFO org.apache.hadoop.mapred.TaskTracker: Received commit task action for attempt_201404121430_0001_r_000000_0
2014-04-12 14:33:15,212 INFO org.apache.hadoop.mapred.TaskTracker: Task attempt_201404121430_0001_r_000001_0 is in commit-pending, task state:COMMIT_PENDING
2014-04-12 14:33:15,212 INFO org.apache.hadoop.mapred.TaskTracker: attempt_201404121430_0001_r_000001_0 0.666691% reduce > reduce
2014-04-12 14:33:17,644 INFO org.apache.hadoop.mapred.TaskTracker: attempt_201404121430_0001_r_000000_0 0.6666853% reduce > reduce
2014-04-12 14:33:17,646 INFO org.apache.hadoop.mapred.TaskTracker: attempt_201404121430_0001_r_000000_0 0.6666853% reduce > reduce
2014-04-12 14:33:17,646 INFO org.apache.hadoop.mapred.TaskTracker: Task attempt_201404121430_0001_r_000000_0 is done.
2014-04-12 14:33:17,646 INFO org.apache.hadoop.mapred.TaskTracker: reported output size for attempt_201404121430_0001_r_000000_0  was -1
2014-04-12 14:33:17,647 INFO org.apache.hadoop.mapred.TaskTracker: addFreeSlot : current free slots : 1
2014-04-12 14:33:17,800 INFO org.apache.hadoop.mapred.TaskTracker: attempt_201404121430_0001_r_000001_0 0.666691% reduce > reduce
2014-04-12 14:33:17,821 INFO org.apache.hadoop.mapred.JvmManager: JVM : jvm_201404121430_0001_r_1168561367 exited with exit code 0. Number of tasks it ran: 1
2014-04-12 14:33:17,999 INFO org.apache.hadoop.mapred.TaskTracker: Received commit task action for attempt_201404121430_0001_r_000001_0
2014-04-12 14:33:17,999 INFO org.apache.hadoop.mapred.TaskTracker: Received KillTaskAction for task: attempt_201404121430_0001_r_000000_0
2014-04-12 14:33:17,999 INFO org.apache.hadoop.mapred.TaskTracker: About to purge task: attempt_201404121430_0001_r_000000_0
2014-04-12 14:33:20,830 INFO org.apache.hadoop.mapred.TaskTracker: attempt_201404121430_0001_r_000001_0 0.666691% reduce > reduce
2014-04-12 14:33:20,832 INFO org.apache.hadoop.mapred.TaskTracker: attempt_201404121430_0001_r_000001_0 0.666691% reduce > reduce
2014-04-12 14:33:20,833 INFO org.apache.hadoop.mapred.TaskTracker: Task attempt_201404121430_0001_r_000001_0 is done.
2014-04-12 14:33:20,833 INFO org.apache.hadoop.mapred.TaskTracker: reported output size for attempt_201404121430_0001_r_000001_0  was -1
2014-04-12 14:33:20,833 INFO org.apache.hadoop.mapred.TaskTracker: addFreeSlot : current free slots : 2
2014-04-12 14:33:21,011 INFO org.apache.hadoop.mapred.TaskTracker: LaunchTaskAction (registerTask): attempt_201404121430_0001_m_000012_0 task's state:UNASSIGNED
2014-04-12 14:33:21,011 INFO org.apache.hadoop.mapred.TaskTracker: Received KillTaskAction for task: attempt_201404121430_0001_r_000001_0
2014-04-12 14:33:21,011 INFO org.apache.hadoop.mapred.TaskTracker: Trying to launch : attempt_201404121430_0001_m_000012_0 which needs 1 slots
2014-04-12 14:33:21,011 INFO org.apache.hadoop.mapred.TaskTracker: About to purge task: attempt_201404121430_0001_r_000001_0
2014-04-12 14:33:21,011 INFO org.apache.hadoop.mapred.TaskTracker: In TaskLauncher, current free slots : 12 and trying to launch attempt_201404121430_0001_m_000012_0 which needs 1 slots
2014-04-12 14:33:21,017 INFO org.apache.hadoop.mapred.JvmManager: In JvmRunner constructed JVM ID: jvm_201404121430_0001_m_1554119052
2014-04-12 14:33:21,017 INFO org.apache.hadoop.mapred.JvmManager: JVM Runner jvm_201404121430_0001_m_1554119052 spawned.
2014-04-12 14:33:21,019 INFO org.apache.hadoop.mapred.TaskController: Writing commands to /tmp/hadoop/hadoop-jmg3/mapred/local/ttprivate/taskTracker/jmg3/jobcache/job_201404121430_0001/attempt_201404121430_0001_m_000012_0/taskjvm.sh
2014-04-12 14:33:21,628 INFO org.apache.hadoop.mapred.TaskTracker: JVM with ID: jvm_201404121430_0001_m_1554119052 given task: attempt_201404121430_0001_m_000012_0
2014-04-12 14:33:21,883 INFO org.apache.hadoop.mapred.JvmManager: JVM : jvm_201404121430_0001_r_281186264 exited with exit code 0. Number of tasks it ran: 1
2014-04-12 14:33:22,124 INFO org.apache.hadoop.mapred.TaskTracker: attempt_201404121430_0001_m_000012_0 0.0% 
2014-04-12 14:33:23,393 INFO org.mortbay.log: org.mortbay.io.nio.SelectorManager$SelectSet@1f109723 JVM BUG(s) - injecting delay14 times
2014-04-12 14:33:23,393 INFO org.mortbay.log: org.mortbay.io.nio.SelectorManager$SelectSet@1f109723 JVM BUG(s) - recreating selector 14 times, canceled keys 237 times
2014-04-12 14:33:25,043 INFO org.apache.hadoop.mapred.TaskTracker: attempt_201404121430_0001_m_000012_0 0.0% cleanup
2014-04-12 14:33:25,044 INFO org.apache.hadoop.mapred.TaskTracker: Task attempt_201404121430_0001_m_000012_0 is done.
2014-04-12 14:33:25,044 INFO org.apache.hadoop.mapred.TaskTracker: reported output size for attempt_201404121430_0001_m_000012_0  was -1
2014-04-12 14:33:25,044 INFO org.apache.hadoop.mapred.TaskTracker: addFreeSlot : current free slots : 12
2014-04-12 14:33:25,197 INFO org.apache.hadoop.mapred.JvmManager: JVM : jvm_201404121430_0001_m_1554119052 exited with exit code 0. Number of tasks it ran: 1
2014-04-12 14:33:27,087 INFO org.apache.hadoop.mapred.TaskTracker: Received 'KillJobAction' for job: job_201404121430_0001
2014-04-12 14:33:27,088 INFO org.apache.hadoop.mapred.IndexCache: Map ID attempt_201404121430_0001_m_000012_0 not found in cache
2014-04-12 14:33:27,089 INFO org.apache.hadoop.mapred.UserLogCleaner: Adding job_201404121430_0001 for user-log deletion with retainTimeStamp:1397417607089
