2014-04-12 15:13:27,366 INFO org.apache.hadoop.mapred.TaskTracker: STARTUP_MSG: 
/************************************************************
STARTUP_MSG: Starting TaskTracker
STARTUP_MSG:   host = gpu-014.davinci.rice.edu/192.168.110.214
STARTUP_MSG:   args = []
STARTUP_MSG:   version = 1.0.4-SNAPSHOT
STARTUP_MSG:   build =  -r ; compiled by 'jmg3' on Fri Apr 11 17:54:37 CDT 2014
************************************************************/
2014-04-12 15:13:27,534 INFO org.apache.hadoop.metrics2.impl.MetricsConfig: loaded properties from hadoop-metrics2.properties
2014-04-12 15:13:27,590 INFO org.apache.hadoop.metrics2.impl.MetricsSourceAdapter: MBean for source MetricsSystem,sub=Stats registered.
2014-04-12 15:13:27,591 INFO org.apache.hadoop.metrics2.impl.MetricsSystemImpl: Scheduled snapshot period at 10 second(s).
2014-04-12 15:13:27,591 INFO org.apache.hadoop.metrics2.impl.MetricsSystemImpl: TaskTracker metrics system started
2014-04-12 15:13:27,744 INFO org.apache.hadoop.metrics2.impl.MetricsSourceAdapter: MBean for source ugi registered.
2014-04-12 15:13:27,915 INFO org.mortbay.log: Logging to org.slf4j.impl.Log4jLoggerAdapter(org.mortbay.log) via org.mortbay.log.Slf4jLog
2014-04-12 15:13:27,966 INFO org.apache.hadoop.http.HttpServer: Added global filtersafety (class=org.apache.hadoop.http.HttpServer$QuotingInputFilter)
2014-04-12 15:13:27,987 INFO org.apache.hadoop.mapred.TaskLogsTruncater: Initializing logs' truncater with mapRetainSize=-1 and reduceRetainSize=-1
2014-04-12 15:13:27,991 INFO org.apache.hadoop.mapred.TaskTracker: Starting tasktracker with owner as jmg3
2014-04-12 15:13:27,992 INFO org.apache.hadoop.mapred.TaskTracker: Good mapred local directories are: /tmp/hadoop/hadoop-jmg3/mapred/local
2014-04-12 15:13:27,996 WARN org.apache.hadoop.util.NativeCodeLoader: Unable to load native-hadoop library for your platform... using builtin-java classes where applicable
2014-04-12 15:13:28,002 INFO org.apache.hadoop.metrics2.impl.MetricsSourceAdapter: MBean for source jvm registered.
2014-04-12 15:13:28,003 INFO org.apache.hadoop.metrics2.impl.MetricsSourceAdapter: MBean for source TaskTrackerMetrics registered.
2014-04-12 15:13:28,016 INFO org.apache.hadoop.ipc.Server: Starting SocketReader
2014-04-12 15:13:28,018 INFO org.apache.hadoop.metrics2.impl.MetricsSourceAdapter: MBean for source RpcDetailedActivityForPort41942 registered.
2014-04-12 15:13:28,018 INFO org.apache.hadoop.metrics2.impl.MetricsSourceAdapter: MBean for source RpcActivityForPort41942 registered.
2014-04-12 15:13:28,021 INFO org.apache.hadoop.ipc.Server: IPC Server Responder: starting
2014-04-12 15:13:28,021 INFO org.apache.hadoop.ipc.Server: IPC Server listener on 41942: starting
2014-04-12 15:13:28,022 INFO org.apache.hadoop.ipc.Server: IPC Server handler 0 on 41942: starting
2014-04-12 15:13:28,023 INFO org.apache.hadoop.ipc.Server: IPC Server handler 1 on 41942: starting
2014-04-12 15:13:28,024 INFO org.apache.hadoop.ipc.Server: IPC Server handler 2 on 41942: starting
2014-04-12 15:13:28,024 INFO org.apache.hadoop.ipc.Server: IPC Server handler 3 on 41942: starting
2014-04-12 15:13:28,025 INFO org.apache.hadoop.ipc.Server: IPC Server handler 4 on 41942: starting
2014-04-12 15:13:28,026 INFO org.apache.hadoop.ipc.Server: IPC Server handler 5 on 41942: starting
2014-04-12 15:13:28,026 INFO org.apache.hadoop.ipc.Server: IPC Server handler 6 on 41942: starting
2014-04-12 15:13:28,027 INFO org.apache.hadoop.ipc.Server: IPC Server handler 7 on 41942: starting
2014-04-12 15:13:28,027 INFO org.apache.hadoop.ipc.Server: IPC Server handler 8 on 41942: starting
2014-04-12 15:13:28,028 INFO org.apache.hadoop.ipc.Server: IPC Server handler 9 on 41942: starting
2014-04-12 15:13:28,028 INFO org.apache.hadoop.ipc.Server: IPC Server handler 10 on 41942: starting
2014-04-12 15:13:28,029 INFO org.apache.hadoop.ipc.Server: IPC Server handler 11 on 41942: starting
2014-04-12 15:13:28,029 INFO org.apache.hadoop.ipc.Server: IPC Server handler 12 on 41942: starting
2014-04-12 15:13:28,030 INFO org.apache.hadoop.ipc.Server: IPC Server handler 13 on 41942: starting
2014-04-12 15:13:28,030 INFO org.apache.hadoop.ipc.Server: IPC Server handler 14 on 41942: starting
2014-04-12 15:13:28,031 INFO org.apache.hadoop.ipc.Server: IPC Server handler 15 on 41942: starting
2014-04-12 15:13:28,031 INFO org.apache.hadoop.ipc.Server: IPC Server handler 16 on 41942: starting
2014-04-12 15:13:28,031 INFO org.apache.hadoop.ipc.Server: IPC Server handler 17 on 41942: starting
2014-04-12 15:13:28,032 INFO org.apache.hadoop.ipc.Server: IPC Server handler 18 on 41942: starting
2014-04-12 15:13:28,032 INFO org.apache.hadoop.ipc.Server: IPC Server handler 19 on 41942: starting
2014-04-12 15:13:28,033 INFO org.apache.hadoop.ipc.Server: IPC Server handler 20 on 41942: starting
2014-04-12 15:13:28,033 INFO org.apache.hadoop.ipc.Server: IPC Server handler 21 on 41942: starting
2014-04-12 15:13:28,033 INFO org.apache.hadoop.mapred.TaskTracker: TaskTracker up at: localhost/127.0.0.1:41942
2014-04-12 15:13:28,033 INFO org.apache.hadoop.mapred.TaskTracker: Starting tracker tracker_gpu-014.davinci.rice.edu:localhost/127.0.0.1:41942
2014-04-12 15:13:28,033 INFO org.apache.hadoop.ipc.Server: IPC Server handler 22 on 41942: starting
2014-04-12 15:13:28,034 INFO org.apache.hadoop.ipc.Server: IPC Server handler 23 on 41942: starting
2014-04-12 15:13:57,886 INFO org.apache.hadoop.mapred.TaskTracker: Starting thread: Map-events fetcher for all reduce tasks on tracker_gpu-014.davinci.rice.edu:localhost/127.0.0.1:41942
2014-04-12 15:13:57,896 INFO org.apache.hadoop.util.ProcessTree: setsid exited with exit code 0
2014-04-12 15:13:57,900 INFO org.apache.hadoop.mapred.TaskTracker:  Using ResourceCalculatorPlugin : org.apache.hadoop.util.LinuxResourceCalculatorPlugin@1bf13ad
2014-04-12 15:13:57,902 WARN org.apache.hadoop.mapred.TaskTracker: TaskTracker's totalMemoryAllottedForTasks is -1. TaskMemoryManager is disabled.
2014-04-12 15:13:57,905 INFO org.apache.hadoop.mapred.IndexCache: IndexCache created with max memory = 10485760
2014-04-12 15:13:59,039 INFO org.apache.hadoop.metrics2.impl.MetricsSourceAdapter: MBean for source ShuffleServerMetrics registered.
2014-04-12 15:13:59,041 INFO org.apache.hadoop.http.HttpServer: Port returned by webServer.getConnectors()[0].getLocalPort() before open() is -1. Opening the listener on 50061
2014-04-12 15:13:59,041 INFO org.apache.hadoop.http.HttpServer: listener.getLocalPort() returned 50061 webServer.getConnectors()[0].getLocalPort() returned 50061
2014-04-12 15:13:59,041 INFO org.apache.hadoop.http.HttpServer: Jetty bound to port 50061
2014-04-12 15:13:59,041 INFO org.mortbay.log: jetty-6.1.26
2014-04-12 15:13:59,322 INFO org.mortbay.log: Started SelectChannelConnector@0.0.0.0:50061
2014-04-12 15:13:59,323 INFO org.apache.hadoop.mapred.TaskTracker: FILE_CACHE_SIZE for mapOutputServlet set to : 2000
2014-04-12 15:14:50,555 INFO org.apache.hadoop.mapred.TaskTracker: LaunchTaskAction (registerTask): attempt_201404121513_0001_m_000013_0 task's state:UNASSIGNED
2014-04-12 15:14:50,558 INFO org.apache.hadoop.mapred.TaskTracker: Trying to launch : attempt_201404121513_0001_m_000013_0 which needs 1 slots
2014-04-12 15:14:50,558 INFO org.apache.hadoop.mapred.TaskTracker: In TaskLauncher, current free slots : 12 and trying to launch attempt_201404121513_0001_m_000013_0 which needs 1 slots
2014-04-12 15:14:50,707 INFO org.apache.hadoop.mapred.JobLocalizer: Initializing user jmg3 on this TT.
2014-04-12 15:14:50,834 INFO org.apache.hadoop.mapred.JvmManager: In JvmRunner constructed JVM ID: jvm_201404121513_0001_m_1156722807
2014-04-12 15:14:50,834 INFO org.apache.hadoop.mapred.JvmManager: JVM Runner jvm_201404121513_0001_m_1156722807 spawned.
2014-04-12 15:14:50,836 INFO org.apache.hadoop.mapred.TaskController: Writing commands to /tmp/hadoop/hadoop-jmg3/mapred/local/ttprivate/taskTracker/jmg3/jobcache/job_201404121513_0001/attempt_201404121513_0001_m_000013_0/taskjvm.sh
2014-04-12 15:14:51,492 INFO org.apache.hadoop.mapred.TaskTracker: JVM with ID: jvm_201404121513_0001_m_1156722807 given task: attempt_201404121513_0001_m_000013_0
2014-04-12 15:14:54,916 INFO org.apache.hadoop.mapred.TaskTracker: attempt_201404121513_0001_m_000013_0 0.0% setup
2014-04-12 15:14:54,919 INFO org.apache.hadoop.mapred.TaskTracker: Task attempt_201404121513_0001_m_000013_0 is done.
2014-04-12 15:14:54,919 INFO org.apache.hadoop.mapred.TaskTracker: reported output size for attempt_201404121513_0001_m_000013_0  was -1
2014-04-12 15:14:54,920 INFO org.apache.hadoop.mapred.TaskTracker: addFreeSlot : current free slots : 12
2014-04-12 15:14:55,066 INFO org.apache.hadoop.mapred.JvmManager: JVM : jvm_201404121513_0001_m_1156722807 exited with exit code 0. Number of tasks it ran: 1
2014-04-12 15:14:56,584 INFO org.apache.hadoop.mapred.TaskTracker: LaunchTaskAction (registerTask): attempt_201404121513_0001_m_000000_0 task's state:UNASSIGNED
2014-04-12 15:14:56,584 INFO org.apache.hadoop.mapred.TaskTracker: LaunchTaskAction (registerTask): attempt_201404121513_0001_m_000001_0 task's state:UNASSIGNED
2014-04-12 15:14:56,585 INFO org.apache.hadoop.mapred.TaskTracker: LaunchTaskAction (registerTask): attempt_201404121513_0001_m_000002_0 task's state:UNASSIGNED
2014-04-12 15:14:56,585 INFO org.apache.hadoop.mapred.TaskTracker: LaunchTaskAction (registerTask): attempt_201404121513_0001_m_000003_0 task's state:UNASSIGNED
2014-04-12 15:14:56,585 INFO org.apache.hadoop.mapred.TaskTracker: LaunchTaskAction (registerTask): attempt_201404121513_0001_m_000004_0 task's state:UNASSIGNED
2014-04-12 15:14:56,586 INFO org.apache.hadoop.mapred.TaskTracker: LaunchTaskAction (registerTask): attempt_201404121513_0001_m_000005_0 task's state:UNASSIGNED
2014-04-12 15:14:56,586 INFO org.apache.hadoop.mapred.TaskTracker: LaunchTaskAction (registerTask): attempt_201404121513_0001_m_000006_0 task's state:UNASSIGNED
2014-04-12 15:14:56,586 INFO org.apache.hadoop.mapred.TaskTracker: LaunchTaskAction (registerTask): attempt_201404121513_0001_m_000007_0 task's state:UNASSIGNED
2014-04-12 15:14:56,587 INFO org.apache.hadoop.mapred.TaskTracker: LaunchTaskAction (registerTask): attempt_201404121513_0001_m_000008_0 task's state:UNASSIGNED
2014-04-12 15:14:56,587 INFO org.apache.hadoop.mapred.TaskTracker: LaunchTaskAction (registerTask): attempt_201404121513_0001_m_000009_0 task's state:UNASSIGNED
2014-04-12 15:14:56,588 INFO org.apache.hadoop.mapred.TaskTracker: LaunchTaskAction (registerTask): attempt_201404121513_0001_m_000010_0 task's state:UNASSIGNED
2014-04-12 15:14:56,588 INFO org.apache.hadoop.mapred.TaskTracker: LaunchTaskAction (registerTask): attempt_201404121513_0001_m_000011_0 task's state:UNASSIGNED
2014-04-12 15:14:56,588 INFO org.apache.hadoop.mapred.TaskTracker: Trying to launch : attempt_201404121513_0001_m_000000_0 which needs 1 slots
2014-04-12 15:14:56,588 INFO org.apache.hadoop.mapred.TaskTracker: In TaskLauncher, current free slots : 12 and trying to launch attempt_201404121513_0001_m_000000_0 which needs 1 slots
2014-04-12 15:14:56,588 INFO org.apache.hadoop.mapred.TaskTracker: Received KillTaskAction for task: attempt_201404121513_0001_m_000013_0
2014-04-12 15:14:56,588 INFO org.apache.hadoop.mapred.TaskTracker: About to purge task: attempt_201404121513_0001_m_000013_0
2014-04-12 15:14:56,588 INFO org.apache.hadoop.mapred.TaskTracker: Trying to launch : attempt_201404121513_0001_m_000001_0 which needs 1 slots
2014-04-12 15:14:56,589 INFO org.apache.hadoop.mapred.TaskTracker: In TaskLauncher, current free slots : 11 and trying to launch attempt_201404121513_0001_m_000001_0 which needs 1 slots
2014-04-12 15:14:56,589 INFO org.apache.hadoop.mapred.IndexCache: Map ID attempt_201404121513_0001_m_000013_0 not found in cache
2014-04-12 15:14:56,590 INFO org.apache.hadoop.mapred.TaskTracker: Trying to launch : attempt_201404121513_0001_m_000002_0 which needs 1 slots
2014-04-12 15:14:56,590 INFO org.apache.hadoop.mapred.TaskTracker: In TaskLauncher, current free slots : 10 and trying to launch attempt_201404121513_0001_m_000002_0 which needs 1 slots
2014-04-12 15:14:56,591 INFO org.apache.hadoop.mapred.TaskTracker: Trying to launch : attempt_201404121513_0001_m_000003_0 which needs 1 slots
2014-04-12 15:14:56,591 INFO org.apache.hadoop.mapred.TaskTracker: In TaskLauncher, current free slots : 9 and trying to launch attempt_201404121513_0001_m_000003_0 which needs 1 slots
2014-04-12 15:14:56,592 INFO org.apache.hadoop.mapred.TaskTracker: Trying to launch : attempt_201404121513_0001_m_000004_0 which needs 1 slots
2014-04-12 15:14:56,592 INFO org.apache.hadoop.mapred.TaskTracker: In TaskLauncher, current free slots : 8 and trying to launch attempt_201404121513_0001_m_000004_0 which needs 1 slots
2014-04-12 15:14:56,593 INFO org.apache.hadoop.mapred.TaskTracker: Trying to launch : attempt_201404121513_0001_m_000005_0 which needs 1 slots
2014-04-12 15:14:56,593 INFO org.apache.hadoop.mapred.TaskTracker: In TaskLauncher, current free slots : 7 and trying to launch attempt_201404121513_0001_m_000005_0 which needs 1 slots
2014-04-12 15:14:56,593 INFO org.apache.hadoop.mapred.TaskTracker: Trying to launch : attempt_201404121513_0001_m_000006_0 which needs 1 slots
2014-04-12 15:14:56,594 INFO org.apache.hadoop.mapred.TaskTracker: In TaskLauncher, current free slots : 6 and trying to launch attempt_201404121513_0001_m_000006_0 which needs 1 slots
2014-04-12 15:14:56,595 INFO org.apache.hadoop.mapred.TaskTracker: Trying to launch : attempt_201404121513_0001_m_000007_0 which needs 1 slots
2014-04-12 15:14:56,595 INFO org.apache.hadoop.mapred.TaskTracker: In TaskLauncher, current free slots : 5 and trying to launch attempt_201404121513_0001_m_000007_0 which needs 1 slots
2014-04-12 15:14:56,596 INFO org.apache.hadoop.mapred.TaskTracker: Trying to launch : attempt_201404121513_0001_m_000008_0 which needs 1 slots
2014-04-12 15:14:56,596 INFO org.apache.hadoop.mapred.TaskTracker: In TaskLauncher, current free slots : 4 and trying to launch attempt_201404121513_0001_m_000008_0 which needs 1 slots
2014-04-12 15:14:56,597 INFO org.apache.hadoop.mapred.TaskTracker: Trying to launch : attempt_201404121513_0001_m_000009_0 which needs 1 slots
2014-04-12 15:14:56,597 INFO org.apache.hadoop.mapred.TaskTracker: In TaskLauncher, current free slots : 3 and trying to launch attempt_201404121513_0001_m_000009_0 which needs 1 slots
2014-04-12 15:14:56,597 INFO org.apache.hadoop.mapred.TaskTracker: Trying to launch : attempt_201404121513_0001_m_000010_0 which needs 1 slots
2014-04-12 15:14:56,597 INFO org.apache.hadoop.mapred.TaskTracker: In TaskLauncher, current free slots : 2 and trying to launch attempt_201404121513_0001_m_000010_0 which needs 1 slots
2014-04-12 15:14:56,597 INFO org.apache.hadoop.mapred.TaskTracker: Trying to launch : attempt_201404121513_0001_m_000011_0 which needs 1 slots
2014-04-12 15:14:56,597 INFO org.apache.hadoop.mapred.TaskTracker: In TaskLauncher, current free slots : 1 and trying to launch attempt_201404121513_0001_m_000011_0 which needs 1 slots
2014-04-12 15:14:56,599 INFO org.apache.hadoop.mapred.JvmManager: In JvmRunner constructed JVM ID: jvm_201404121513_0001_m_2080369366
2014-04-12 15:14:56,605 INFO org.apache.hadoop.mapred.JvmManager: JVM Runner jvm_201404121513_0001_m_2080369366 spawned.
2014-04-12 15:14:56,606 INFO org.apache.hadoop.mapred.JvmManager: In JvmRunner constructed JVM ID: jvm_201404121513_0001_m_184083625
2014-04-12 15:14:56,607 INFO org.apache.hadoop.mapred.JvmManager: JVM Runner jvm_201404121513_0001_m_184083625 spawned.
2014-04-12 15:14:56,608 INFO org.apache.hadoop.mapred.JvmManager: In JvmRunner constructed JVM ID: jvm_201404121513_0001_m_857767437
2014-04-12 15:14:56,609 INFO org.apache.hadoop.mapred.TaskController: Writing commands to /tmp/hadoop/hadoop-jmg3/mapred/local/ttprivate/taskTracker/jmg3/jobcache/job_201404121513_0001/attempt_201404121513_0001_m_000000_0/taskjvm.sh
2014-04-12 15:14:56,609 INFO org.apache.hadoop.mapred.JvmManager: JVM Runner jvm_201404121513_0001_m_857767437 spawned.
2014-04-12 15:14:56,609 INFO org.apache.hadoop.mapred.TaskController: Writing commands to /tmp/hadoop/hadoop-jmg3/mapred/local/ttprivate/taskTracker/jmg3/jobcache/job_201404121513_0001/attempt_201404121513_0001_m_000001_0/taskjvm.sh
2014-04-12 15:14:56,610 INFO org.apache.hadoop.mapred.JvmManager: In JvmRunner constructed JVM ID: jvm_201404121513_0001_m_606770368
2014-04-12 15:14:56,610 INFO org.apache.hadoop.mapred.JvmManager: JVM Runner jvm_201404121513_0001_m_606770368 spawned.
2014-04-12 15:14:56,610 INFO org.apache.hadoop.mapred.JvmManager: In JvmRunner constructed JVM ID: jvm_201404121513_0001_m_2142226569
2014-04-12 15:14:56,611 INFO org.apache.hadoop.mapred.JvmManager: JVM Runner jvm_201404121513_0001_m_2142226569 spawned.
2014-04-12 15:14:56,611 INFO org.apache.hadoop.mapred.TaskController: Writing commands to /tmp/hadoop/hadoop-jmg3/mapred/local/ttprivate/taskTracker/jmg3/jobcache/job_201404121513_0001/attempt_201404121513_0001_m_000004_0/taskjvm.sh
2014-04-12 15:14:56,611 INFO org.apache.hadoop.mapred.JvmManager: In JvmRunner constructed JVM ID: jvm_201404121513_0001_m_272474946
2014-04-12 15:14:56,612 INFO org.apache.hadoop.mapred.JvmManager: JVM Runner jvm_201404121513_0001_m_272474946 spawned.
2014-04-12 15:14:56,612 INFO org.apache.hadoop.mapred.TaskController: Writing commands to /tmp/hadoop/hadoop-jmg3/mapred/local/ttprivate/taskTracker/jmg3/jobcache/job_201404121513_0001/attempt_201404121513_0001_m_000005_0/taskjvm.sh
2014-04-12 15:14:56,612 INFO org.apache.hadoop.mapred.JvmManager: In JvmRunner constructed JVM ID: jvm_201404121513_0001_m_1139069341
2014-04-12 15:14:56,612 INFO org.apache.hadoop.mapred.JvmManager: JVM Runner jvm_201404121513_0001_m_1139069341 spawned.
2014-04-12 15:14:56,613 INFO org.apache.hadoop.mapred.JvmManager: In JvmRunner constructed JVM ID: jvm_201404121513_0001_m_381281744
2014-04-12 15:14:56,613 INFO org.apache.hadoop.mapred.JvmManager: JVM Runner jvm_201404121513_0001_m_381281744 spawned.
2014-04-12 15:14:56,613 INFO org.apache.hadoop.mapred.JvmManager: In JvmRunner constructed JVM ID: jvm_201404121513_0001_m_1502952750
2014-04-12 15:14:56,613 INFO org.apache.hadoop.mapred.TaskController: Writing commands to /tmp/hadoop/hadoop-jmg3/mapred/local/ttprivate/taskTracker/jmg3/jobcache/job_201404121513_0001/attempt_201404121513_0001_m_000006_0/taskjvm.sh
2014-04-12 15:14:56,614 INFO org.apache.hadoop.mapred.TaskController: Writing commands to /tmp/hadoop/hadoop-jmg3/mapred/local/ttprivate/taskTracker/jmg3/jobcache/job_201404121513_0001/attempt_201404121513_0001_m_000003_0/taskjvm.sh
2014-04-12 15:14:56,614 INFO org.apache.hadoop.mapred.TaskController: Writing commands to /tmp/hadoop/hadoop-jmg3/mapred/local/ttprivate/taskTracker/jmg3/jobcache/job_201404121513_0001/attempt_201404121513_0001_m_000002_0/taskjvm.sh
2014-04-12 15:14:56,614 INFO org.apache.hadoop.mapred.JvmManager: JVM Runner jvm_201404121513_0001_m_1502952750 spawned.
2014-04-12 15:14:56,615 INFO org.apache.hadoop.mapred.TaskController: Writing commands to /tmp/hadoop/hadoop-jmg3/mapred/local/ttprivate/taskTracker/jmg3/jobcache/job_201404121513_0001/attempt_201404121513_0001_m_000011_0/taskjvm.sh
2014-04-12 15:14:56,619 INFO org.apache.hadoop.mapred.JvmManager: In JvmRunner constructed JVM ID: jvm_201404121513_0001_m_947782287
2014-04-12 15:14:56,619 INFO org.apache.hadoop.mapred.JvmManager: JVM Runner jvm_201404121513_0001_m_947782287 spawned.
2014-04-12 15:14:56,619 INFO org.apache.hadoop.mapred.JvmManager: In JvmRunner constructed JVM ID: jvm_201404121513_0001_m_1394598425
2014-04-12 15:14:56,620 INFO org.apache.hadoop.mapred.JvmManager: JVM Runner jvm_201404121513_0001_m_1394598425 spawned.
2014-04-12 15:14:56,623 INFO org.apache.hadoop.mapred.TaskController: Writing commands to /tmp/hadoop/hadoop-jmg3/mapred/local/ttprivate/taskTracker/jmg3/jobcache/job_201404121513_0001/attempt_201404121513_0001_m_000009_0/taskjvm.sh
2014-04-12 15:14:56,624 INFO org.apache.hadoop.mapred.JvmManager: In JvmRunner constructed JVM ID: jvm_201404121513_0001_m_1769510960
2014-04-12 15:14:56,626 INFO org.apache.hadoop.mapred.JvmManager: JVM Runner jvm_201404121513_0001_m_1769510960 spawned.
2014-04-12 15:14:56,628 INFO org.apache.hadoop.mapred.TaskController: Writing commands to /tmp/hadoop/hadoop-jmg3/mapred/local/ttprivate/taskTracker/jmg3/jobcache/job_201404121513_0001/attempt_201404121513_0001_m_000010_0/taskjvm.sh
2014-04-12 15:14:56,629 INFO org.apache.hadoop.mapred.TaskController: Writing commands to /tmp/hadoop/hadoop-jmg3/mapred/local/ttprivate/taskTracker/jmg3/jobcache/job_201404121513_0001/attempt_201404121513_0001_m_000008_0/taskjvm.sh
2014-04-12 15:14:56,629 INFO org.apache.hadoop.mapred.TaskController: Writing commands to /tmp/hadoop/hadoop-jmg3/mapred/local/ttprivate/taskTracker/jmg3/jobcache/job_201404121513_0001/attempt_201404121513_0001_m_000007_0/taskjvm.sh
2014-04-12 15:14:57,629 INFO org.apache.hadoop.mapred.TaskTracker: JVM with ID: jvm_201404121513_0001_m_2080369366 given task: attempt_201404121513_0001_m_000000_0
2014-04-12 15:14:57,631 INFO org.apache.hadoop.mapred.TaskTracker: JVM with ID: jvm_201404121513_0001_m_1502952750 given task: attempt_201404121513_0001_m_000010_0
2014-04-12 15:14:57,672 INFO org.apache.hadoop.mapred.TaskTracker: JVM with ID: jvm_201404121513_0001_m_381281744 given task: attempt_201404121513_0001_m_000011_0
2014-04-12 15:14:57,676 INFO org.apache.hadoop.mapred.TaskTracker: JVM with ID: jvm_201404121513_0001_m_1769510960 given task: attempt_201404121513_0001_m_000008_0
2014-04-12 15:14:57,702 INFO org.apache.hadoop.mapred.TaskTracker: JVM with ID: jvm_201404121513_0001_m_606770368 given task: attempt_201404121513_0001_m_000005_0
2014-04-12 15:14:57,709 INFO org.apache.hadoop.mapred.TaskTracker: JVM with ID: jvm_201404121513_0001_m_1139069341 given task: attempt_201404121513_0001_m_000002_0
2014-04-12 15:14:57,712 INFO org.apache.hadoop.mapred.TaskTracker: JVM with ID: jvm_201404121513_0001_m_1394598425 given task: attempt_201404121513_0001_m_000007_0
2014-04-12 15:14:57,725 INFO org.apache.hadoop.mapred.TaskTracker: JVM with ID: jvm_201404121513_0001_m_947782287 given task: attempt_201404121513_0001_m_000009_0
2014-04-12 15:14:57,741 INFO org.apache.hadoop.mapred.TaskTracker: JVM with ID: jvm_201404121513_0001_m_184083625 given task: attempt_201404121513_0001_m_000001_0
2014-04-12 15:14:57,752 INFO org.apache.hadoop.mapred.TaskTracker: JVM with ID: jvm_201404121513_0001_m_2142226569 given task: attempt_201404121513_0001_m_000006_0
2014-04-12 15:14:57,753 INFO org.apache.hadoop.mapred.TaskTracker: JVM with ID: jvm_201404121513_0001_m_272474946 given task: attempt_201404121513_0001_m_000003_0
2014-04-12 15:14:57,789 INFO org.apache.hadoop.mapred.TaskTracker: JVM with ID: jvm_201404121513_0001_m_857767437 given task: attempt_201404121513_0001_m_000004_0
2014-04-12 15:15:04,770 INFO org.apache.hadoop.mapred.TaskTracker: attempt_201404121513_0001_m_000000_0 0.2144564% 
2014-04-12 15:15:05,140 INFO org.apache.hadoop.mapred.TaskTracker: attempt_201404121513_0001_m_000002_0 0.1921647% 
2014-04-12 15:15:05,429 INFO org.apache.hadoop.mapred.TaskTracker: attempt_201404121513_0001_m_000011_0 0.13573225% 
2014-04-12 15:15:07,178 INFO org.apache.hadoop.mapred.TaskTracker: attempt_201404121513_0001_m_000001_0 0.14268439% 
2014-04-12 15:15:07,179 INFO org.apache.hadoop.mapred.TaskTracker: attempt_201404121513_0001_m_000004_0 0.14933963% 
2014-04-12 15:15:07,181 INFO org.apache.hadoop.mapred.TaskTracker: attempt_201404121513_0001_m_000008_0 0.16465077% 
2014-04-12 15:15:07,182 INFO org.apache.hadoop.mapred.TaskTracker: attempt_201404121513_0001_m_000010_0 0.25222483% 
2014-04-12 15:15:08,180 INFO org.apache.hadoop.mapred.TaskTracker: attempt_201404121513_0001_m_000009_0 0.24847695% 
2014-04-12 15:15:08,187 INFO org.apache.hadoop.mapred.TaskTracker: attempt_201404121513_0001_m_000006_0 0.25102234% 
2014-04-12 15:15:08,235 INFO org.apache.hadoop.mapred.TaskTracker: attempt_201404121513_0001_m_000007_0 0.2220361% 
2014-04-12 15:15:08,416 INFO org.apache.hadoop.mapred.TaskTracker: attempt_201404121513_0001_m_000003_0 0.28585267% 
2014-04-12 15:15:08,486 INFO org.apache.hadoop.mapred.TaskTracker: attempt_201404121513_0001_m_000002_0 0.28540355% 
2014-04-12 15:15:08,548 INFO org.apache.hadoop.mapred.TaskTracker: attempt_201404121513_0001_m_000005_0 0.2525232% 
2014-04-12 15:15:08,667 INFO org.apache.hadoop.mapred.TaskTracker: attempt_201404121513_0001_m_000000_0 0.38568982% 
2014-04-12 15:15:10,514 INFO org.apache.hadoop.mapred.TaskTracker: attempt_201404121513_0001_m_000011_0 0.35705966% 
2014-04-12 15:15:10,551 INFO org.apache.hadoop.mapred.TaskTracker: attempt_201404121513_0001_m_000004_0 0.3280164% 
2014-04-12 15:15:10,757 INFO org.apache.hadoop.mapred.TaskTracker: attempt_201404121513_0001_m_000008_0 0.38704398% 
2014-04-12 15:15:10,786 INFO org.apache.hadoop.mapred.TaskTracker: attempt_201404121513_0001_m_000010_0 0.4708214% 
2014-04-12 15:15:11,637 INFO org.apache.hadoop.mapred.TaskTracker: attempt_201404121513_0001_m_000009_0 0.35527682% 
2014-04-12 15:15:11,728 INFO org.apache.hadoop.mapred.TaskTracker: attempt_201404121513_0001_m_000007_0 0.303618% 
2014-04-12 15:15:11,801 INFO org.apache.hadoop.mapred.TaskTracker: attempt_201404121513_0001_m_000006_0 0.30036756% 
2014-04-12 15:15:11,850 INFO org.apache.hadoop.mapred.TaskTracker: attempt_201404121513_0001_m_000003_0 0.37350783% 
2014-04-12 15:15:11,947 INFO org.apache.hadoop.mapred.TaskTracker: attempt_201404121513_0001_m_000001_0 0.3926777% 
2014-04-12 15:15:11,991 INFO org.apache.hadoop.mapred.TaskTracker: attempt_201404121513_0001_m_000005_0 0.3337074% 
2014-04-12 15:15:12,059 INFO org.apache.hadoop.mapred.TaskTracker: attempt_201404121513_0001_m_000000_0 0.48288512% 
2014-04-12 15:15:12,133 INFO org.apache.hadoop.mapred.TaskTracker: attempt_201404121513_0001_m_000002_0 0.38347018% 
2014-04-12 15:15:13,799 INFO org.apache.hadoop.mapred.TaskTracker: attempt_201404121513_0001_m_000011_0 0.43883958% 
2014-04-12 15:15:13,981 INFO org.apache.hadoop.mapred.TaskTracker: attempt_201404121513_0001_m_000004_0 0.42156637% 
2014-04-12 15:15:14,141 INFO org.apache.hadoop.mapred.TaskTracker: attempt_201404121513_0001_m_000010_0 0.53995585% 
2014-04-12 15:15:14,242 INFO org.apache.hadoop.mapred.TaskTracker: attempt_201404121513_0001_m_000008_0 0.46591854% 
2014-04-12 15:15:15,237 INFO org.apache.hadoop.mapred.TaskTracker: attempt_201404121513_0001_m_000003_0 0.4665486% 
2014-04-12 15:15:15,333 INFO org.apache.hadoop.mapred.TaskTracker: attempt_201404121513_0001_m_000009_0 0.3877047% 
2014-04-12 15:15:15,389 INFO org.apache.hadoop.mapred.TaskTracker: attempt_201404121513_0001_m_000001_0 0.48308414% 
2014-04-12 15:15:15,424 INFO org.apache.hadoop.mapred.TaskTracker: attempt_201404121513_0001_m_000000_0 0.5607031% 
2014-04-12 15:15:15,447 INFO org.apache.hadoop.mapred.TaskTracker: attempt_201404121513_0001_m_000005_0 0.42877635% 
2014-04-12 15:15:15,490 INFO org.apache.hadoop.mapred.TaskTracker: attempt_201404121513_0001_m_000002_0 0.4532414% 
2014-04-12 15:15:15,677 INFO org.apache.hadoop.mapred.TaskTracker: attempt_201404121513_0001_m_000007_0 0.39738655% 
2014-04-12 15:15:17,761 INFO org.apache.hadoop.mapred.TaskTracker: attempt_201404121513_0001_m_000008_0 0.5358777% 
2014-04-12 15:15:17,761 INFO org.apache.hadoop.mapred.TaskTracker: attempt_201404121513_0001_m_000011_0 0.5280053% 
2014-04-12 15:15:17,762 INFO org.apache.hadoop.mapred.TaskTracker: attempt_201404121513_0001_m_000010_0 0.63288444% 
2014-04-12 15:15:17,764 INFO org.apache.hadoop.mapred.TaskTracker: attempt_201404121513_0001_m_000006_0 0.3910821% 
2014-04-12 15:15:17,883 INFO org.apache.hadoop.mapred.TaskTracker: attempt_201404121513_0001_m_000004_0 0.524895% 
2014-04-12 15:15:18,507 INFO org.apache.hadoop.mapred.TaskTracker: attempt_201404121513_0001_m_000003_0 0.55398566% 
2014-04-12 15:15:18,643 INFO org.apache.hadoop.mapred.TaskTracker: attempt_201404121513_0001_m_000009_0 0.44601932% 
2014-04-12 15:15:18,799 INFO org.apache.hadoop.mapred.TaskTracker: attempt_201404121513_0001_m_000001_0 0.53693706% 
2014-04-12 15:15:19,127 INFO org.apache.hadoop.mapred.TaskTracker: attempt_201404121513_0001_m_000000_0 0.6573041% 
2014-04-12 15:15:19,160 INFO org.apache.hadoop.mapred.TaskTracker: attempt_201404121513_0001_m_000005_0 0.5273184% 
2014-04-12 15:15:19,360 INFO org.apache.hadoop.mapred.TaskTracker: attempt_201404121513_0001_m_000002_0 0.53073317% 
2014-04-12 15:15:21,036 INFO org.apache.hadoop.mapred.TaskTracker: attempt_201404121513_0001_m_000011_0 0.6253043% 
2014-04-12 15:15:21,078 INFO org.apache.hadoop.mapred.TaskTracker: attempt_201404121513_0001_m_000008_0 0.6317145% 
2014-04-12 15:15:21,107 INFO org.apache.hadoop.mapred.TaskTracker: attempt_201404121513_0001_m_000010_0 0.7059438% 
2014-04-12 15:15:21,173 INFO org.apache.hadoop.mapred.TaskTracker: attempt_201404121513_0001_m_000006_0 0.5337829% 
2014-04-12 15:15:21,212 INFO org.apache.hadoop.mapred.TaskTracker: attempt_201404121513_0001_m_000004_0 0.6186509% 
2014-04-12 15:15:22,193 INFO org.apache.hadoop.mapred.TaskTracker: attempt_201404121513_0001_m_000001_0 0.62870175% 
2014-04-12 15:15:22,411 INFO org.apache.hadoop.mapred.TaskTracker: attempt_201404121513_0001_m_000000_0 0.7631825% 
2014-04-12 15:15:22,496 INFO org.apache.hadoop.mapred.TaskTracker: attempt_201404121513_0001_m_000005_0 0.61774933% 
2014-04-12 15:15:22,544 INFO org.apache.hadoop.mapred.TaskTracker: attempt_201404121513_0001_m_000007_0 0.53101224% 
2014-04-12 15:15:22,655 INFO org.apache.hadoop.mapred.TaskTracker: attempt_201404121513_0001_m_000002_0 0.62127286% 
2014-04-12 15:15:22,722 INFO org.apache.hadoop.mapred.TaskTracker: attempt_201404121513_0001_m_000009_0 0.5399352% 
2014-04-12 15:15:22,807 INFO org.apache.hadoop.mapred.TaskTracker: attempt_201404121513_0001_m_000003_0 0.65604967% 
2014-04-12 15:15:24,435 INFO org.apache.hadoop.mapred.TaskTracker: attempt_201404121513_0001_m_000011_0 0.72111917% 
2014-04-12 15:15:24,493 INFO org.apache.hadoop.mapred.TaskTracker: attempt_201404121513_0001_m_000008_0 0.739915% 
2014-04-12 15:15:24,518 INFO org.apache.hadoop.mapred.TaskTracker: attempt_201404121513_0001_m_000010_0 0.81241393% 
2014-04-12 15:15:24,546 INFO org.apache.hadoop.mapred.TaskTracker: attempt_201404121513_0001_m_000006_0 0.6275349% 
2014-04-12 15:15:24,626 INFO org.apache.hadoop.mapred.TaskTracker: attempt_201404121513_0001_m_000004_0 0.68848044% 
2014-04-12 15:15:25,568 INFO org.apache.hadoop.mapred.TaskTracker: attempt_201404121513_0001_m_000001_0 0.67488676% 
2014-04-12 15:15:25,759 INFO org.apache.hadoop.mapred.TaskTracker: attempt_201404121513_0001_m_000000_0 0.82315016% 
2014-04-12 15:15:25,941 INFO org.apache.hadoop.mapred.TaskTracker: attempt_201404121513_0001_m_000007_0 0.62104416% 
2014-04-12 15:15:25,970 INFO org.apache.hadoop.mapred.TaskTracker: attempt_201404121513_0001_m_000009_0 0.6289662% 
2014-04-12 15:15:25,973 INFO org.apache.hadoop.mapred.TaskTracker: attempt_201404121513_0001_m_000002_0 0.7146839% 
2014-04-12 15:15:26,152 INFO org.apache.hadoop.mapred.TaskTracker: attempt_201404121513_0001_m_000003_0 0.7665742% 
2014-04-12 15:15:26,434 INFO org.apache.hadoop.mapred.TaskTracker: attempt_201404121513_0001_m_000005_0 0.6694377% 
2014-04-12 15:15:27,783 INFO org.apache.hadoop.mapred.TaskTracker: attempt_201404121513_0001_m_000008_0 0.82125586% 
2014-04-12 15:15:27,796 INFO org.apache.hadoop.mapred.TaskTracker: attempt_201404121513_0001_m_000011_0 0.8069963% 
2014-04-12 15:15:28,082 INFO org.apache.hadoop.mapred.TaskTracker: attempt_201404121513_0001_m_000006_0 0.68473375% 
2014-04-12 15:15:28,253 INFO org.apache.hadoop.mapred.TaskTracker: attempt_201404121513_0001_m_000004_0 0.78232324% 
2014-04-12 15:15:28,716 INFO org.apache.hadoop.mapred.TaskTracker: attempt_201404121513_0001_m_000010_0 0.90628606% 
2014-04-12 15:15:29,280 INFO org.apache.hadoop.mapred.TaskTracker: attempt_201404121513_0001_m_000000_0 0.90885806% 
2014-04-12 15:15:29,298 INFO org.apache.hadoop.mapred.TaskTracker: attempt_201404121513_0001_m_000007_0 0.7296461% 
2014-04-12 15:15:29,311 INFO org.apache.hadoop.mapred.TaskTracker: attempt_201404121513_0001_m_000009_0 0.7175291% 
2014-04-12 15:15:29,361 INFO org.apache.hadoop.mapred.TaskTracker: attempt_201404121513_0001_m_000002_0 0.81770784% 
2014-04-12 15:15:29,705 INFO org.apache.hadoop.mapred.TaskTracker: attempt_201404121513_0001_m_000001_0 0.7747288% 
2014-04-12 15:15:29,871 INFO org.apache.hadoop.mapred.TaskTracker: attempt_201404121513_0001_m_000005_0 0.7672469% 
2014-04-12 15:15:29,989 INFO org.apache.hadoop.mapred.TaskTracker: attempt_201404121513_0001_m_000003_0 0.86976427% 
2014-04-12 15:15:31,130 INFO org.apache.hadoop.mapred.TaskTracker: attempt_201404121513_0001_m_000011_0 0.9007535% 
2014-04-12 15:15:31,470 INFO org.apache.hadoop.mapred.TaskTracker: attempt_201404121513_0001_m_000006_0 0.7800974% 
2014-04-12 15:15:31,597 INFO org.apache.hadoop.mapred.TaskTracker: attempt_201404121513_0001_m_000008_0 0.90796155% 
2014-04-12 15:15:31,652 INFO org.apache.hadoop.mapred.TaskTracker: attempt_201404121513_0001_m_000004_0 0.85988724% 
2014-04-12 15:15:31,957 INFO org.apache.hadoop.mapred.TaskTracker: attempt_201404121513_0001_m_000010_0 0.98776394% 
2014-04-12 15:15:32,448 INFO org.apache.hadoop.mapred.TaskTracker: attempt_201404121513_0001_m_000000_0 0.99949646% 
2014-04-12 15:15:32,570 INFO org.apache.hadoop.mapred.TaskTracker: attempt_201404121513_0001_m_000009_0 0.79645854% 
2014-04-12 15:15:32,594 INFO org.apache.hadoop.mapred.TaskTracker: attempt_201404121513_0001_m_000007_0 0.81871253% 
2014-04-12 15:15:33,053 INFO org.apache.hadoop.mapred.TaskTracker: attempt_201404121513_0001_m_000001_0 0.86833483% 
2014-04-12 15:15:33,144 INFO org.apache.hadoop.mapred.TaskTracker: attempt_201404121513_0001_m_000005_0 0.8560084% 
2014-04-12 15:15:33,251 INFO org.apache.hadoop.mapred.TaskTracker: attempt_201404121513_0001_m_000003_0 0.9615478% 
2014-04-12 15:15:33,257 INFO org.apache.hadoop.mapred.TaskTracker: attempt_201404121513_0001_m_000002_0 0.91082656% 
2014-04-12 15:15:34,376 INFO org.apache.hadoop.mapred.TaskTracker: attempt_201404121513_0001_m_000011_0 0.9890866% 
2014-04-12 15:15:34,776 INFO org.apache.hadoop.mapred.TaskTracker: attempt_201404121513_0001_m_000006_0 0.89497703% 
2014-04-12 15:15:34,823 INFO org.apache.hadoop.mapred.TaskTracker: attempt_201404121513_0001_m_000008_0 1.0% 
2014-04-12 15:15:34,910 INFO org.apache.hadoop.mapred.TaskTracker: attempt_201404121513_0001_m_000004_0 0.93483955% 
2014-04-12 15:15:35,194 INFO org.apache.hadoop.mapred.TaskTracker: attempt_201404121513_0001_m_000010_0 1.0% 
2014-04-12 15:15:35,618 INFO org.apache.hadoop.mapred.TaskTracker: attempt_201404121513_0001_m_000000_0 1.0% 
2014-04-12 15:15:35,827 INFO org.apache.hadoop.mapred.TaskTracker: attempt_201404121513_0001_m_000007_0 0.9279591% 
2014-04-12 15:15:36,271 INFO org.apache.hadoop.mapred.TaskTracker: attempt_201404121513_0001_m_000001_0 0.968207% 
2014-04-12 15:15:36,387 INFO org.apache.hadoop.mapred.TaskTracker: attempt_201404121513_0001_m_000009_0 0.90772116% 
2014-04-12 15:15:36,467 INFO org.apache.hadoop.mapred.TaskTracker: attempt_201404121513_0001_m_000005_0 0.9655828% 
2014-04-12 15:15:36,519 INFO org.apache.hadoop.mapred.TaskTracker: attempt_201404121513_0001_m_000003_0 1.0% 
2014-04-12 15:15:36,528 INFO org.apache.hadoop.mapred.TaskTracker: attempt_201404121513_0001_m_000002_0 1.0% 
2014-04-12 15:15:37,603 INFO org.apache.hadoop.mapred.TaskTracker: attempt_201404121513_0001_m_000011_0 1.0% 
2014-04-12 15:15:37,996 INFO org.apache.hadoop.mapred.TaskTracker: attempt_201404121513_0001_m_000006_0 1.0% 
2014-04-12 15:15:38,011 INFO org.apache.hadoop.mapred.TaskTracker: attempt_201404121513_0001_m_000008_0 1.0% 
2014-04-12 15:15:38,094 INFO org.apache.hadoop.mapred.TaskTracker: attempt_201404121513_0001_m_000004_0 1.0% 
2014-04-12 15:15:38,386 INFO org.apache.hadoop.mapred.TaskTracker: attempt_201404121513_0001_m_000010_0 1.0% 
2014-04-12 15:15:38,806 INFO org.apache.hadoop.mapred.TaskTracker: attempt_201404121513_0001_m_000000_0 1.0% 
2014-04-12 15:15:38,974 INFO org.apache.hadoop.mapred.TaskTracker: attempt_201404121513_0001_m_000007_0 1.0% 
2014-04-12 15:15:39,497 INFO org.apache.hadoop.mapred.TaskTracker: attempt_201404121513_0001_m_000001_0 1.0% 
2014-04-12 15:15:39,551 INFO org.apache.hadoop.mapred.TaskTracker: attempt_201404121513_0001_m_000009_0 1.0% 
2014-04-12 15:15:39,620 INFO org.apache.hadoop.mapred.TaskTracker: attempt_201404121513_0001_m_000005_0 1.0% 
2014-04-12 15:15:39,662 INFO org.apache.hadoop.mapred.TaskTracker: attempt_201404121513_0001_m_000003_0 1.0% 
2014-04-12 15:15:39,687 INFO org.apache.hadoop.mapred.TaskTracker: attempt_201404121513_0001_m_000002_0 1.0% 
2014-04-12 15:15:40,837 INFO org.apache.hadoop.mapred.TaskTracker: attempt_201404121513_0001_m_000011_0 1.0% 
2014-04-12 15:15:41,147 INFO org.apache.hadoop.mapred.TaskTracker: attempt_201404121513_0001_m_000006_0 1.0% 
2014-04-12 15:15:41,212 INFO org.apache.hadoop.mapred.TaskTracker: attempt_201404121513_0001_m_000004_0 1.0% 
2014-04-12 15:15:41,238 INFO org.apache.hadoop.mapred.TaskTracker: attempt_201404121513_0001_m_000008_0 1.0% 
2014-04-12 15:15:41,486 INFO org.apache.hadoop.mapred.TaskTracker: attempt_201404121513_0001_m_000010_0 1.0% 
2014-04-12 15:15:41,939 INFO org.apache.hadoop.mapred.TaskTracker: attempt_201404121513_0001_m_000000_0 1.0% 
2014-04-12 15:15:42,085 INFO org.apache.hadoop.mapred.TaskTracker: attempt_201404121513_0001_m_000007_0 1.0% 
2014-04-12 15:15:42,572 INFO org.apache.hadoop.mapred.TaskTracker: attempt_201404121513_0001_m_000001_0 1.0% 
2014-04-12 15:15:42,648 INFO org.apache.hadoop.mapred.TaskTracker: attempt_201404121513_0001_m_000009_0 1.0% 
2014-04-12 15:15:42,723 INFO org.apache.hadoop.mapred.TaskTracker: attempt_201404121513_0001_m_000005_0 1.0% 
2014-04-12 15:15:42,788 INFO org.apache.hadoop.mapred.TaskTracker: attempt_201404121513_0001_m_000003_0 1.0% 
2014-04-12 15:15:42,808 INFO org.apache.hadoop.mapred.TaskTracker: attempt_201404121513_0001_m_000002_0 1.0% 
2014-04-12 15:15:44,101 INFO org.apache.hadoop.mapred.TaskTracker: attempt_201404121513_0001_m_000011_0 1.0% 
2014-04-12 15:15:44,274 INFO org.apache.hadoop.mapred.TaskTracker: attempt_201404121513_0001_m_000006_0 1.0% 
2014-04-12 15:15:44,279 INFO org.apache.hadoop.mapred.TaskTracker: attempt_201404121513_0001_m_000004_0 1.0% 
2014-04-12 15:15:44,353 INFO org.apache.hadoop.mapred.TaskTracker: attempt_201404121513_0001_m_000008_0 1.0% 
2014-04-12 15:15:44,608 INFO org.apache.hadoop.mapred.TaskTracker: attempt_201404121513_0001_m_000010_0 1.0% 
2014-04-12 15:15:45,066 INFO org.apache.hadoop.mapred.TaskTracker: attempt_201404121513_0001_m_000000_0 1.0% 
2014-04-12 15:15:45,172 INFO org.apache.hadoop.mapred.TaskTracker: attempt_201404121513_0001_m_000007_0 1.0% 
2014-04-12 15:15:45,752 INFO org.apache.hadoop.mapred.TaskTracker: attempt_201404121513_0001_m_000001_0 1.0% 
2014-04-12 15:15:45,809 INFO org.apache.hadoop.mapred.TaskTracker: attempt_201404121513_0001_m_000005_0 1.0% 
2014-04-12 15:15:45,865 INFO org.apache.hadoop.mapred.TaskTracker: attempt_201404121513_0001_m_000003_0 1.0% 
2014-04-12 15:15:45,870 INFO org.apache.hadoop.mapred.TaskTracker: attempt_201404121513_0001_m_000009_0 1.0% 
2014-04-12 15:15:45,891 INFO org.apache.hadoop.mapred.TaskTracker: attempt_201404121513_0001_m_000002_0 1.0% 
2014-04-12 15:15:47,134 INFO org.apache.hadoop.mapred.TaskTracker: attempt_201404121513_0001_m_000011_0 1.0% 
2014-04-12 15:15:49,017 INFO org.apache.hadoop.mapred.TaskTracker: attempt_201404121513_0001_m_000002_0 1.0% 
2014-04-12 15:15:49,017 INFO org.apache.hadoop.mapred.TaskTracker: attempt_201404121513_0001_m_000003_0 1.0% 
2014-04-12 15:15:49,018 INFO org.apache.hadoop.mapred.TaskTracker: attempt_201404121513_0001_m_000009_0 1.0% 
2014-04-12 15:15:49,018 INFO org.apache.hadoop.mapred.TaskTracker: attempt_201404121513_0001_m_000005_0 1.0% 
2014-04-12 15:15:49,019 INFO org.apache.hadoop.mapred.TaskTracker: attempt_201404121513_0001_m_000001_0 1.0% 
2014-04-12 15:15:49,019 INFO org.apache.hadoop.mapred.TaskTracker: attempt_201404121513_0001_m_000007_0 1.0% 
2014-04-12 15:15:49,019 INFO org.apache.hadoop.mapred.TaskTracker: attempt_201404121513_0001_m_000000_0 1.0% 
2014-04-12 15:15:49,020 INFO org.apache.hadoop.mapred.TaskTracker: attempt_201404121513_0001_m_000010_0 1.0% 
2014-04-12 15:15:49,020 INFO org.apache.hadoop.mapred.TaskTracker: attempt_201404121513_0001_m_000008_0 1.0% 
2014-04-12 15:15:49,021 INFO org.apache.hadoop.mapred.TaskTracker: attempt_201404121513_0001_m_000004_0 1.0% 
2014-04-12 15:15:49,021 INFO org.apache.hadoop.mapred.TaskTracker: attempt_201404121513_0001_m_000006_0 1.0% 
2014-04-12 15:15:52,089 INFO org.apache.hadoop.mapred.TaskTracker: attempt_201404121513_0001_m_000011_0 1.0% 
2014-04-12 15:15:54,107 INFO org.apache.hadoop.mapred.TaskTracker: attempt_201404121513_0001_m_000001_0 1.0% 
2014-04-12 15:15:54,108 INFO org.apache.hadoop.mapred.TaskTracker: attempt_201404121513_0001_m_000008_0 1.0% 
2014-04-12 15:15:54,108 INFO org.apache.hadoop.mapred.TaskTracker: attempt_201404121513_0001_m_000000_0 1.0% 
2014-04-12 15:15:54,108 INFO org.apache.hadoop.mapred.TaskTracker: attempt_201404121513_0001_m_000006_0 1.0% 
2014-04-12 15:15:54,109 INFO org.apache.hadoop.mapred.TaskTracker: attempt_201404121513_0001_m_000009_0 1.0% 
2014-04-12 15:15:54,109 INFO org.apache.hadoop.mapred.TaskTracker: attempt_201404121513_0001_m_000003_0 1.0% 
2014-04-12 15:15:54,109 INFO org.apache.hadoop.mapred.TaskTracker: attempt_201404121513_0001_m_000002_0 1.0% 
2014-04-12 15:15:54,110 INFO org.apache.hadoop.mapred.TaskTracker: attempt_201404121513_0001_m_000005_0 1.0% 
2014-04-12 15:15:54,110 INFO org.apache.hadoop.mapred.TaskTracker: attempt_201404121513_0001_m_000007_0 1.0% 
2014-04-12 15:15:54,111 INFO org.apache.hadoop.mapred.TaskTracker: attempt_201404121513_0001_m_000004_0 1.0% 
2014-04-12 15:15:54,111 INFO org.apache.hadoop.mapred.TaskTracker: attempt_201404121513_0001_m_000000_0 1.0% 
2014-04-12 15:15:54,112 INFO org.apache.hadoop.mapred.TaskTracker: attempt_201404121513_0001_m_000010_0 1.0% 
2014-04-12 15:15:54,112 INFO org.apache.hadoop.mapred.TaskTracker: attempt_201404121513_0001_m_000002_0 1.0% 
2014-04-12 15:15:54,113 INFO org.apache.hadoop.mapred.TaskTracker: Task attempt_201404121513_0001_m_000000_0 is done.
2014-04-12 15:15:54,113 INFO org.apache.hadoop.mapred.TaskTracker: reported output size for attempt_201404121513_0001_m_000000_0  was 52433536
2014-04-12 15:15:54,114 INFO org.apache.hadoop.mapred.TaskTracker: Task attempt_201404121513_0001_m_000002_0 is done.
2014-04-12 15:15:54,114 INFO org.apache.hadoop.mapred.TaskTracker: reported output size for attempt_201404121513_0001_m_000002_0  was 52156439
2014-04-12 15:15:54,114 INFO org.apache.hadoop.mapred.TaskTracker: attempt_201404121513_0001_m_000004_0 1.0% 
2014-04-12 15:15:54,114 INFO org.apache.hadoop.mapred.TaskTracker: addFreeSlot : current free slots : 1
2014-04-12 15:15:54,114 INFO org.apache.hadoop.mapred.TaskTracker: addFreeSlot : current free slots : 2
2014-04-12 15:15:54,124 INFO org.apache.hadoop.mapred.TaskTracker: Task attempt_201404121513_0001_m_000004_0 is done.
2014-04-12 15:15:54,124 INFO org.apache.hadoop.mapred.TaskTracker: reported output size for attempt_201404121513_0001_m_000004_0  was 51961174
2014-04-12 15:15:54,124 INFO org.apache.hadoop.mapred.TaskTracker: addFreeSlot : current free slots : 3
2014-04-12 15:15:54,975 INFO org.apache.hadoop.mapred.JvmManager: JVM : jvm_201404121513_0001_m_857767437 exited with exit code 0. Number of tasks it ran: 1
2014-04-12 15:15:54,976 INFO org.apache.hadoop.mapred.JvmManager: JVM : jvm_201404121513_0001_m_2080369366 exited with exit code 0. Number of tasks it ran: 1
2014-04-12 15:15:54,975 INFO org.apache.hadoop.mapred.JvmManager: JVM : jvm_201404121513_0001_m_1139069341 exited with exit code 0. Number of tasks it ran: 1
2014-04-12 15:15:55,068 INFO org.apache.hadoop.mapred.TaskTracker: LaunchTaskAction (registerTask): attempt_201404121513_0001_r_000000_0 task's state:UNASSIGNED
2014-04-12 15:15:55,069 INFO org.apache.hadoop.mapred.TaskTracker: Trying to launch : attempt_201404121513_0001_r_000000_0 which needs 1 slots
2014-04-12 15:15:55,069 INFO org.apache.hadoop.mapred.TaskTracker: In TaskLauncher, current free slots : 2 and trying to launch attempt_201404121513_0001_r_000000_0 which needs 1 slots
2014-04-12 15:15:55,077 INFO org.apache.hadoop.mapred.JvmManager: In JvmRunner constructed JVM ID: jvm_201404121513_0001_r_1156722807
2014-04-12 15:15:55,077 INFO org.apache.hadoop.mapred.JvmManager: JVM Runner jvm_201404121513_0001_r_1156722807 spawned.
2014-04-12 15:15:55,078 INFO org.apache.hadoop.mapred.TaskController: Writing commands to /tmp/hadoop/hadoop-jmg3/mapred/local/ttprivate/taskTracker/jmg3/jobcache/job_201404121513_0001/attempt_201404121513_0001_r_000000_0/taskjvm.sh
2014-04-12 15:15:55,709 INFO org.apache.hadoop.mapred.TaskTracker: JVM with ID: jvm_201404121513_0001_r_1156722807 given task: attempt_201404121513_0001_r_000000_0
2014-04-12 15:15:57,141 INFO org.apache.hadoop.mapred.TaskTracker: attempt_201404121513_0001_m_000006_0 1.0% 
2014-04-12 15:15:57,141 INFO org.apache.hadoop.mapred.TaskTracker: attempt_201404121513_0001_m_000003_0 1.0% 
2014-04-12 15:15:57,142 INFO org.apache.hadoop.mapred.TaskTracker: attempt_201404121513_0001_m_000011_0 1.0% 
2014-04-12 15:15:57,143 INFO org.apache.hadoop.mapred.TaskTracker: attempt_201404121513_0001_m_000005_0 1.0% 
2014-04-12 15:15:57,143 INFO org.apache.hadoop.mapred.TaskTracker: attempt_201404121513_0001_m_000008_0 1.0% 
2014-04-12 15:15:57,144 INFO org.apache.hadoop.mapred.TaskTracker: attempt_201404121513_0001_m_000001_0 1.0% 
2014-04-12 15:15:57,144 INFO org.apache.hadoop.mapred.TaskTracker: attempt_201404121513_0001_m_000006_0 1.0% 
2014-04-12 15:15:57,144 INFO org.apache.hadoop.mapred.TaskTracker: attempt_201404121513_0001_m_000003_0 1.0% 
2014-04-12 15:15:57,145 INFO org.apache.hadoop.mapred.TaskTracker: attempt_201404121513_0001_m_000010_0 1.0% 
2014-04-12 15:15:57,145 INFO org.apache.hadoop.mapred.TaskTracker: attempt_201404121513_0001_m_000009_0 1.0% 
2014-04-12 15:15:57,146 INFO org.apache.hadoop.mapred.TaskTracker: Task attempt_201404121513_0001_m_000006_0 is done.
2014-04-12 15:15:57,146 INFO org.apache.hadoop.mapred.TaskTracker: reported output size for attempt_201404121513_0001_m_000006_0  was 51759015
2014-04-12 15:15:57,146 INFO org.apache.hadoop.mapred.TaskTracker: addFreeSlot : current free slots : 4
2014-04-12 15:15:57,146 INFO org.apache.hadoop.mapred.TaskTracker: attempt_201404121513_0001_m_000011_0 1.0% 
2014-04-12 15:15:57,147 INFO org.apache.hadoop.mapred.TaskTracker: Task attempt_201404121513_0001_m_000003_0 is done.
2014-04-12 15:15:57,147 INFO org.apache.hadoop.mapred.TaskTracker: reported output size for attempt_201404121513_0001_m_000003_0  was 52854458
2014-04-12 15:15:57,147 INFO org.apache.hadoop.mapred.TaskTracker: addFreeSlot : current free slots : 5
2014-04-12 15:15:57,147 INFO org.apache.hadoop.mapred.TaskTracker: attempt_201404121513_0001_m_000005_0 1.0% 
2014-04-12 15:15:57,148 INFO org.apache.hadoop.mapred.TaskTracker: attempt_201404121513_0001_m_000001_0 1.0% 
2014-04-12 15:15:57,148 INFO org.apache.hadoop.mapred.TaskTracker: attempt_201404121513_0001_m_000010_0 1.0% 
2014-04-12 15:15:57,149 INFO org.apache.hadoop.mapred.TaskTracker: Task attempt_201404121513_0001_m_000011_0 is done.
2014-04-12 15:15:57,149 INFO org.apache.hadoop.mapred.TaskTracker: reported output size for attempt_201404121513_0001_m_000011_0  was 51261824
2014-04-12 15:15:57,149 INFO org.apache.hadoop.mapred.TaskTracker: addFreeSlot : current free slots : 6
2014-04-12 15:15:57,149 INFO org.apache.hadoop.mapred.TaskTracker: attempt_201404121513_0001_m_000008_0 1.0% 
2014-04-12 15:15:57,150 INFO org.apache.hadoop.mapred.TaskTracker: attempt_201404121513_0001_m_000009_0 1.0% 
2014-04-12 15:15:57,150 INFO org.apache.hadoop.mapred.TaskTracker: Task attempt_201404121513_0001_m_000005_0 is done.
2014-04-12 15:15:57,150 INFO org.apache.hadoop.mapred.TaskTracker: reported output size for attempt_201404121513_0001_m_000005_0  was 52209478
2014-04-12 15:15:57,150 INFO org.apache.hadoop.mapred.TaskTracker: addFreeSlot : current free slots : 7
2014-04-12 15:15:57,151 INFO org.apache.hadoop.mapred.TaskTracker: Task attempt_201404121513_0001_m_000010_0 is done.
2014-04-12 15:15:57,151 INFO org.apache.hadoop.mapred.TaskTracker: reported output size for attempt_201404121513_0001_m_000010_0  was 52583539
2014-04-12 15:15:57,151 INFO org.apache.hadoop.mapred.TaskTracker: Task attempt_201404121513_0001_m_000001_0 is done.
2014-04-12 15:15:57,151 INFO org.apache.hadoop.mapred.TaskTracker: reported output size for attempt_201404121513_0001_m_000001_0  was 51879895
2014-04-12 15:15:57,151 INFO org.apache.hadoop.mapred.TaskTracker: addFreeSlot : current free slots : 8
2014-04-12 15:15:57,152 INFO org.apache.hadoop.mapred.TaskTracker: attempt_201404121513_0001_m_000007_0 1.0% 
2014-04-12 15:15:57,152 INFO org.apache.hadoop.mapred.TaskTracker: addFreeSlot : current free slots : 9
2014-04-12 15:15:57,152 INFO org.apache.hadoop.mapred.TaskTracker: Task attempt_201404121513_0001_m_000008_0 is done.
2014-04-12 15:15:57,152 INFO org.apache.hadoop.mapred.TaskTracker: reported output size for attempt_201404121513_0001_m_000008_0  was 52460050
2014-04-12 15:15:57,152 INFO org.apache.hadoop.mapred.TaskTracker: addFreeSlot : current free slots : 10
2014-04-12 15:15:57,152 INFO org.apache.hadoop.mapred.TaskTracker: Task attempt_201404121513_0001_m_000009_0 is done.
2014-04-12 15:15:57,152 INFO org.apache.hadoop.mapred.TaskTracker: reported output size for attempt_201404121513_0001_m_000009_0  was 52197794
2014-04-12 15:15:57,153 INFO org.apache.hadoop.mapred.TaskTracker: addFreeSlot : current free slots : 11
2014-04-12 15:15:57,154 INFO org.apache.hadoop.mapred.TaskTracker: attempt_201404121513_0001_m_000007_0 1.0% 
2014-04-12 15:15:57,155 INFO org.apache.hadoop.mapred.TaskTracker: Task attempt_201404121513_0001_m_000007_0 is done.
2014-04-12 15:15:57,155 INFO org.apache.hadoop.mapred.TaskTracker: reported output size for attempt_201404121513_0001_m_000007_0  was 52712565
2014-04-12 15:15:57,155 INFO org.apache.hadoop.mapred.TaskTracker: addFreeSlot : current free slots : 12
2014-04-12 15:15:58,092 INFO org.apache.hadoop.mapred.TaskTracker: LaunchTaskAction (registerTask): attempt_201404121513_0001_r_000001_0 task's state:UNASSIGNED
2014-04-12 15:15:58,092 INFO org.apache.hadoop.mapred.TaskTracker: Trying to launch : attempt_201404121513_0001_r_000001_0 which needs 1 slots
2014-04-12 15:15:58,092 INFO org.apache.hadoop.mapred.TaskTracker: In TaskLauncher, current free slots : 1 and trying to launch attempt_201404121513_0001_r_000001_0 which needs 1 slots
2014-04-12 15:15:58,096 INFO org.apache.hadoop.mapred.JvmManager: In JvmRunner constructed JVM ID: jvm_201404121513_0001_r_2080369366
2014-04-12 15:15:58,096 INFO org.apache.hadoop.mapred.JvmManager: JVM Runner jvm_201404121513_0001_r_2080369366 spawned.
2014-04-12 15:15:58,097 INFO org.apache.hadoop.mapred.TaskController: Writing commands to /tmp/hadoop/hadoop-jmg3/mapred/local/ttprivate/taskTracker/jmg3/jobcache/job_201404121513_0001/attempt_201404121513_0001_r_000001_0/taskjvm.sh
2014-04-12 15:15:58,707 INFO org.apache.hadoop.mapred.TaskTracker: JVM with ID: jvm_201404121513_0001_r_2080369366 given task: attempt_201404121513_0001_r_000001_0
2014-04-12 15:16:00,631 INFO org.apache.hadoop.mapred.JvmManager: JVM : jvm_201404121513_0001_m_184083625 exited with exit code 0. Number of tasks it ran: 1
2014-04-12 15:16:00,631 INFO org.apache.hadoop.mapred.JvmManager: JVM : jvm_201404121513_0001_m_272474946 exited with exit code 0. Number of tasks it ran: 1
2014-04-12 15:16:00,632 INFO org.apache.hadoop.mapred.JvmManager: JVM : jvm_201404121513_0001_m_947782287 exited with exit code 0. Number of tasks it ran: 1
2014-04-12 15:16:00,632 INFO org.apache.hadoop.mapred.JvmManager: JVM : jvm_201404121513_0001_m_2142226569 exited with exit code 0. Number of tasks it ran: 1
2014-04-12 15:16:00,632 INFO org.apache.hadoop.mapred.JvmManager: JVM : jvm_201404121513_0001_m_1769510960 exited with exit code 0. Number of tasks it ran: 1
2014-04-12 15:16:00,632 INFO org.apache.hadoop.mapred.JvmManager: JVM : jvm_201404121513_0001_m_1394598425 exited with exit code 0. Number of tasks it ran: 1
2014-04-12 15:16:00,632 INFO org.apache.hadoop.mapred.JvmManager: JVM : jvm_201404121513_0001_m_1502952750 exited with exit code 0. Number of tasks it ran: 1
2014-04-12 15:16:00,632 INFO org.apache.hadoop.mapred.JvmManager: JVM : jvm_201404121513_0001_m_606770368 exited with exit code 0. Number of tasks it ran: 1
2014-04-12 15:16:00,632 INFO org.apache.hadoop.mapred.JvmManager: JVM : jvm_201404121513_0001_m_381281744 exited with exit code 0. Number of tasks it ran: 1
2014-04-12 15:16:01,550 INFO org.apache.hadoop.mapred.TaskTracker.clienttrace: src: 192.168.110.214:50061, dest: 192.168.110.214:55700, bytes: 25821207, op: MAPRED_SHUFFLE, cliID: attempt_201404121513_0001_m_000000_0, duration: 98776181
2014-04-12 15:16:02,179 INFO org.apache.hadoop.mapred.TaskTracker: attempt_201404121513_0001_r_000000_0 0.02777778% reduce > copy (1 of 12 at 4.10 MB/s) > 
2014-04-12 15:16:02,498 INFO org.apache.hadoop.mapred.TaskTracker.clienttrace: src: 192.168.110.214:50061, dest: 192.168.110.214:55701, bytes: 25695097, op: MAPRED_SHUFFLE, cliID: attempt_201404121513_0001_m_000002_0, duration: 946515193
2014-04-12 15:16:03,491 INFO org.apache.hadoop.mapred.TaskTracker.clienttrace: src: 192.168.110.214:50061, dest: 192.168.110.214:55702, bytes: 25575768, op: MAPRED_SHUFFLE, cliID: attempt_201404121513_0001_m_000004_0, duration: 989274498
2014-04-12 15:16:04,486 INFO org.apache.hadoop.mapred.TaskTracker.clienttrace: src: 192.168.110.214:50061, dest: 192.168.110.214:55703, bytes: 25557681, op: MAPRED_SHUFFLE, cliID: attempt_201404121513_0001_m_000001_0, duration: 993375522
2014-04-12 15:16:05,180 INFO org.apache.hadoop.mapred.TaskTracker.clienttrace: src: 192.168.110.214:50061, dest: 192.168.110.214:55704, bytes: 26080573, op: MAPRED_SHUFFLE, cliID: attempt_201404121513_0001_m_000003_0, duration: 692423865
2014-04-12 15:16:05,185 INFO org.apache.hadoop.mapred.TaskTracker: attempt_201404121513_0001_r_000001_0 0.0% reduce > copy > 
2014-04-12 15:16:05,218 INFO org.apache.hadoop.mapred.TaskTracker: attempt_201404121513_0001_r_000000_0 0.1388889% reduce > copy (5 of 12 at 13.64 MB/s) > 
2014-04-12 15:16:05,605 INFO org.apache.hadoop.mapred.TaskTracker.clienttrace: src: 192.168.110.214:50061, dest: 192.168.110.214:55705, bytes: 26612329, op: MAPRED_SHUFFLE, cliID: attempt_201404121513_0001_m_000000_0, duration: 423002683
2014-04-12 15:16:05,608 INFO org.apache.hadoop.mapred.TaskTracker.clienttrace: src: 192.168.110.214:50061, dest: 192.168.110.214:55706, bytes: 25763742, op: MAPRED_SHUFFLE, cliID: attempt_201404121513_0001_m_000005_0, duration: 422623859
2014-04-12 15:16:06,600 INFO org.apache.hadoop.mapred.TaskTracker.clienttrace: src: 192.168.110.214:50061, dest: 192.168.110.214:55707, bytes: 26461342, op: MAPRED_SHUFFLE, cliID: attempt_201404121513_0001_m_000002_0, duration: 993501775
2014-04-12 15:16:06,603 INFO org.apache.hadoop.mapred.TaskTracker.clienttrace: src: 192.168.110.214:50061, dest: 192.168.110.214:55708, bytes: 25571809, op: MAPRED_SHUFFLE, cliID: attempt_201404121513_0001_m_000006_0, duration: 993748783
2014-04-12 15:16:07,732 INFO org.apache.hadoop.mapred.TaskTracker.clienttrace: src: 192.168.110.214:50061, dest: 192.168.110.214:55707, bytes: 26385406, op: MAPRED_SHUFFLE, cliID: attempt_201404121513_0001_m_000004_0, duration: 1125928934
2014-04-12 15:16:08,650 INFO org.apache.hadoop.mapred.TaskTracker.clienttrace: src: 192.168.110.214:50061, dest: 192.168.110.214:55710, bytes: 26322214, op: MAPRED_SHUFFLE, cliID: attempt_201404121513_0001_m_000001_0, duration: 866647487
2014-04-12 15:16:08,593 INFO org.apache.hadoop.mapred.TaskTracker.clienttrace: src: 192.168.110.214:50061, dest: 192.168.110.214:55709, bytes: 25997966, op: MAPRED_SHUFFLE, cliID: attempt_201404121513_0001_m_000007_0, duration: 1987806042
2014-04-12 15:16:08,253 INFO org.apache.hadoop.mapred.TaskTracker: attempt_201404121513_0001_r_000000_0 0.19444446% reduce > copy (7 of 12 at 15.61 MB/s) > 
2014-04-12 15:16:09,977 INFO org.apache.hadoop.mapred.TaskTracker.clienttrace: src: 192.168.110.214:50061, dest: 192.168.110.214:55711, bytes: 25834462, op: MAPRED_SHUFFLE, cliID: attempt_201404121513_0001_m_000008_0, duration: 1381647963
2014-04-12 15:16:10,712 INFO org.apache.hadoop.mapred.TaskTracker.clienttrace: src: 192.168.110.214:50061, dest: 192.168.110.214:55712, bytes: 26773885, op: MAPRED_SHUFFLE, cliID: attempt_201404121513_0001_m_000003_0, duration: 1010102106
2014-04-12 15:16:10,744 INFO org.apache.hadoop.mapred.TaskTracker.clienttrace: src: 192.168.110.214:50061, dest: 192.168.110.214:55713, bytes: 25672726, op: MAPRED_SHUFFLE, cliID: attempt_201404121513_0001_m_000009_0, duration: 715871772
2014-04-12 15:16:11,223 INFO org.apache.hadoop.mapred.TaskTracker: attempt_201404121513_0001_r_000001_0 0.1388889% reduce > copy (5 of 12 at 10.53 MB/s) > 
2014-04-12 15:16:11,725 INFO org.apache.hadoop.mapred.TaskTracker.clienttrace: src: 192.168.110.214:50061, dest: 192.168.110.214:55712, bytes: 26445736, op: MAPRED_SHUFFLE, cliID: attempt_201404121513_0001_m_000005_0, duration: 1009884708
2014-04-12 15:16:11,762 INFO org.apache.hadoop.mapred.TaskTracker.clienttrace: src: 192.168.110.214:50061, dest: 192.168.110.214:55713, bytes: 25884370, op: MAPRED_SHUFFLE, cliID: attempt_201404121513_0001_m_000010_0, duration: 1014628110
2014-04-12 15:16:12,733 INFO org.apache.hadoop.mapred.TaskTracker: attempt_201404121513_0001_r_000000_0 0.30555558% reduce > copy (11 of 12 at 16.90 MB/s) > 
2014-04-12 15:16:13,765 INFO org.apache.hadoop.mapred.TaskTracker.clienttrace: src: 192.168.110.214:50061, dest: 192.168.110.214:55713, bytes: 25306417, op: MAPRED_SHUFFLE, cliID: attempt_201404121513_0001_m_000011_0, duration: 2001075365
2014-04-12 15:16:14,258 INFO org.apache.hadoop.mapred.TaskTracker: attempt_201404121513_0001_r_000001_0 0.19444446% reduce > copy (7 of 12 at 11.77 MB/s) > 
2014-04-12 15:16:13,829 INFO org.apache.hadoop.mapred.TaskTracker.clienttrace: src: 192.168.110.214:50061, dest: 192.168.110.214:55714, bytes: 26714599, op: MAPRED_SHUFFLE, cliID: attempt_201404121513_0001_m_000007_0, duration: 61254963
2014-04-12 15:16:13,765 INFO org.apache.hadoop.mapred.TaskTracker.clienttrace: src: 192.168.110.214:50061, dest: 192.168.110.214:55712, bytes: 26187206, op: MAPRED_SHUFFLE, cliID: attempt_201404121513_0001_m_000006_0, duration: 2034080105
2014-04-12 15:16:15,927 INFO org.apache.hadoop.mapred.TaskTracker: attempt_201404121513_0001_r_000000_0 0.30555558% reduce > copy (11 of 12 at 16.90 MB/s) > 
2014-04-12 15:16:15,929 INFO org.apache.hadoop.mapred.TaskTracker: attempt_201404121513_0001_r_000000_0 0.30555558% reduce > copy (11 of 12 at 16.90 MB/s) > 
2014-04-12 15:16:15,983 INFO org.apache.hadoop.mapred.TaskTracker.clienttrace: src: 192.168.110.214:50061, dest: 192.168.110.214:55715, bytes: 26625588, op: MAPRED_SHUFFLE, cliID: attempt_201404121513_0001_m_000008_0, duration: 53794263
2014-04-12 15:16:16,808 INFO org.apache.hadoop.mapred.TaskTracker: attempt_201404121513_0001_r_000000_0 0.30555558% reduce > copy (11 of 12 at 16.90 MB/s) > 
2014-04-12 15:16:16,994 INFO org.apache.hadoop.mapred.TaskTracker.clienttrace: src: 192.168.110.214:50061, dest: 192.168.110.214:55715, bytes: 26525068, op: MAPRED_SHUFFLE, cliID: attempt_201404121513_0001_m_000009_0, duration: 1001225255
2014-04-12 15:16:18,013 INFO org.apache.hadoop.mapred.TaskTracker.clienttrace: src: 192.168.110.214:50061, dest: 192.168.110.214:55715, bytes: 26699169, op: MAPRED_SHUFFLE, cliID: attempt_201404121513_0001_m_000010_0, duration: 1007068384
2014-04-12 15:16:18,960 INFO org.apache.hadoop.mapred.TaskTracker: attempt_201404121513_0001_r_000001_0 0.30555558% reduce > copy (11 of 12 at 14.64 MB/s) > 
2014-04-12 15:16:18,962 INFO org.apache.hadoop.mapred.TaskTracker: attempt_201404121513_0001_r_000000_0 0.6666853% reduce > reduce
2014-04-12 15:16:19,027 INFO org.apache.hadoop.mapred.TaskTracker.clienttrace: src: 192.168.110.214:50061, dest: 192.168.110.214:55715, bytes: 25955407, op: MAPRED_SHUFFLE, cliID: attempt_201404121513_0001_m_000011_0, duration: 1010186613
2014-04-12 15:16:19,936 INFO org.apache.hadoop.mapred.TaskTracker: attempt_201404121513_0001_r_000001_0 0.30555558% reduce > copy (11 of 12 at 14.64 MB/s) > 
2014-04-12 15:16:20,272 INFO org.apache.hadoop.mapred.TaskTracker: Task attempt_201404121513_0001_r_000000_0 is in commit-pending, task state:COMMIT_PENDING
2014-04-12 15:16:20,272 INFO org.apache.hadoop.mapred.TaskTracker: attempt_201404121513_0001_r_000000_0 0.6666853% reduce > reduce
2014-04-12 15:16:20,822 INFO org.apache.hadoop.mapred.TaskTracker: attempt_201404121513_0001_r_000001_0 0.30555558% reduce > copy (11 of 12 at 14.64 MB/s) > 
2014-04-12 15:16:21,994 INFO org.apache.hadoop.mapred.TaskTracker: attempt_201404121513_0001_r_000000_0 0.6666853% reduce > reduce
2014-04-12 15:16:21,995 INFO org.apache.hadoop.mapred.TaskTracker: attempt_201404121513_0001_r_000001_0 0.666691% reduce > reduce
2014-04-12 15:16:22,117 INFO org.apache.hadoop.mapred.TaskTracker: Received commit task action for attempt_201404121513_0001_r_000000_0
2014-04-12 15:16:25,024 INFO org.apache.hadoop.mapred.TaskTracker: attempt_201404121513_0001_r_000000_0 0.6666853% reduce > reduce
2014-04-12 15:16:25,026 INFO org.apache.hadoop.mapred.TaskTracker: attempt_201404121513_0001_r_000000_0 0.6666853% reduce > reduce
2014-04-12 15:16:25,027 INFO org.apache.hadoop.mapred.TaskTracker: attempt_201404121513_0001_r_000001_0 0.666691% reduce > reduce
2014-04-12 15:16:25,027 INFO org.apache.hadoop.mapred.TaskTracker: Task attempt_201404121513_0001_r_000000_0 is done.
2014-04-12 15:16:25,027 INFO org.apache.hadoop.mapred.TaskTracker: reported output size for attempt_201404121513_0001_r_000000_0  was -1
2014-04-12 15:16:25,028 INFO org.apache.hadoop.mapred.TaskTracker: addFreeSlot : current free slots : 1
2014-04-12 15:16:25,123 INFO org.apache.hadoop.mapred.TaskTracker: Received KillTaskAction for task: attempt_201404121513_0001_r_000000_0
2014-04-12 15:16:25,123 INFO org.apache.hadoop.mapred.TaskTracker: About to purge task: attempt_201404121513_0001_r_000000_0
2014-04-12 15:16:25,154 INFO org.apache.hadoop.mapred.TaskTracker: Task attempt_201404121513_0001_r_000001_0 is in commit-pending, task state:COMMIT_PENDING
2014-04-12 15:16:25,154 INFO org.apache.hadoop.mapred.TaskTracker: attempt_201404121513_0001_r_000001_0 0.666691% reduce > reduce
2014-04-12 15:16:25,664 INFO org.apache.hadoop.mapred.JvmManager: JVM : jvm_201404121513_0001_r_1156722807 exited with exit code 0. Number of tasks it ran: 1
2014-04-12 15:16:28,126 INFO org.apache.hadoop.mapred.TaskTracker: Received commit task action for attempt_201404121513_0001_r_000001_0
2014-04-12 15:16:31,059 INFO org.apache.hadoop.mapred.TaskTracker: attempt_201404121513_0001_r_000001_0 0.666691% reduce > reduce
2014-04-12 15:16:31,061 INFO org.apache.hadoop.mapred.TaskTracker: attempt_201404121513_0001_r_000001_0 0.666691% reduce > reduce
2014-04-12 15:16:31,062 INFO org.apache.hadoop.mapred.TaskTracker: Task attempt_201404121513_0001_r_000001_0 is done.
2014-04-12 15:16:31,062 INFO org.apache.hadoop.mapred.TaskTracker: reported output size for attempt_201404121513_0001_r_000001_0  was -1
2014-04-12 15:16:31,063 INFO org.apache.hadoop.mapred.TaskTracker: addFreeSlot : current free slots : 2
2014-04-12 15:16:31,137 INFO org.apache.hadoop.mapred.TaskTracker: LaunchTaskAction (registerTask): attempt_201404121513_0001_m_000012_0 task's state:UNASSIGNED
2014-04-12 15:16:31,137 INFO org.apache.hadoop.mapred.TaskTracker: Trying to launch : attempt_201404121513_0001_m_000012_0 which needs 1 slots
2014-04-12 15:16:31,137 INFO org.apache.hadoop.mapred.TaskTracker: Received KillTaskAction for task: attempt_201404121513_0001_r_000001_0
2014-04-12 15:16:31,137 INFO org.apache.hadoop.mapred.TaskTracker: In TaskLauncher, current free slots : 12 and trying to launch attempt_201404121513_0001_m_000012_0 which needs 1 slots
2014-04-12 15:16:31,137 INFO org.apache.hadoop.mapred.TaskTracker: About to purge task: attempt_201404121513_0001_r_000001_0
2014-04-12 15:16:31,143 INFO org.apache.hadoop.mapred.JvmManager: In JvmRunner constructed JVM ID: jvm_201404121513_0001_m_1252146760
2014-04-12 15:16:31,143 INFO org.apache.hadoop.mapred.JvmManager: JVM Runner jvm_201404121513_0001_m_1252146760 spawned.
2014-04-12 15:16:31,144 INFO org.apache.hadoop.mapred.TaskController: Writing commands to /tmp/hadoop/hadoop-jmg3/mapred/local/ttprivate/taskTracker/jmg3/jobcache/job_201404121513_0001/attempt_201404121513_0001_m_000012_0/taskjvm.sh
2014-04-12 15:16:31,303 INFO org.apache.hadoop.mapred.JvmManager: JVM : jvm_201404121513_0001_r_2080369366 exited with exit code 0. Number of tasks it ran: 1
2014-04-12 15:16:31,768 INFO org.apache.hadoop.mapred.TaskTracker: JVM with ID: jvm_201404121513_0001_m_1252146760 given task: attempt_201404121513_0001_m_000012_0
2014-04-12 15:16:32,259 INFO org.apache.hadoop.mapred.TaskTracker: attempt_201404121513_0001_m_000012_0 0.0% 
2014-04-12 15:16:35,178 INFO org.apache.hadoop.mapred.TaskTracker: attempt_201404121513_0001_m_000012_0 0.0% cleanup
2014-04-12 15:16:35,179 INFO org.apache.hadoop.mapred.TaskTracker: Task attempt_201404121513_0001_m_000012_0 is done.
2014-04-12 15:16:35,218 INFO org.apache.hadoop.mapred.TaskTracker: reported output size for attempt_201404121513_0001_m_000012_0  was -1
2014-04-12 15:16:35,218 INFO org.apache.hadoop.mapred.TaskTracker: addFreeSlot : current free slots : 12
2014-04-12 15:16:35,374 INFO org.apache.hadoop.mapred.JvmManager: JVM : jvm_201404121513_0001_m_1252146760 exited with exit code 0. Number of tasks it ran: 1
2014-04-12 15:16:37,189 INFO org.apache.hadoop.mapred.TaskTracker: Received 'KillJobAction' for job: job_201404121513_0001
2014-04-12 15:16:37,190 INFO org.apache.hadoop.mapred.IndexCache: Map ID attempt_201404121513_0001_m_000012_0 not found in cache
2014-04-12 15:16:37,191 INFO org.apache.hadoop.mapred.UserLogCleaner: Adding job_201404121513_0001 for user-log deletion with retainTimeStamp:1397420197191
