2014-04-14 02:16:41,493 INFO org.apache.hadoop.mapred.TaskTracker: STARTUP_MSG: 
/************************************************************
STARTUP_MSG: Starting TaskTracker
STARTUP_MSG:   host = node08.asa-web.amd.com/127.0.1.1
STARTUP_MSG:   args = []
STARTUP_MSG:   version = Unknown
STARTUP_MSG:   build = Unknown -r Unknown; compiled by 'Unknown' on Unknown
************************************************************/
2014-04-14 02:16:41,750 INFO org.apache.hadoop.metrics2.impl.MetricsConfig: loaded properties from hadoop-metrics2.properties
2014-04-14 02:16:41,814 INFO org.apache.hadoop.metrics2.impl.MetricsSourceAdapter: MBean for source MetricsSystem,sub=Stats registered.
2014-04-14 02:16:41,815 INFO org.apache.hadoop.metrics2.impl.MetricsSystemImpl: Scheduled snapshot period at 10 second(s).
2014-04-14 02:16:41,815 INFO org.apache.hadoop.metrics2.impl.MetricsSystemImpl: TaskTracker metrics system started
2014-04-14 02:16:42,172 INFO org.apache.hadoop.metrics2.impl.MetricsSourceAdapter: MBean for source ugi registered.
2014-04-14 02:16:42,185 WARN org.apache.hadoop.metrics2.impl.MetricsSystemImpl: Source name ugi already exists!
2014-04-14 02:16:47,486 INFO org.mortbay.log: Logging to org.slf4j.impl.Log4jLoggerAdapter(org.mortbay.log) via org.mortbay.log.Slf4jLog
2014-04-14 02:16:47,546 INFO org.apache.hadoop.http.HttpServer: Added global filtersafety (class=org.apache.hadoop.http.HttpServer$QuotingInputFilter)
2014-04-14 02:16:47,611 INFO org.apache.hadoop.mapred.TaskLogsTruncater: Initializing logs' truncater with mapRetainSize=-1 and reduceRetainSize=-1
2014-04-14 02:16:47,626 INFO org.apache.hadoop.mapred.TaskTracker: Starting tasktracker with owner as mgrossman
2014-04-14 02:16:47,629 INFO org.apache.hadoop.mapred.TaskTracker: Good mapred local directories are: /tmp/hadoop/hadoop-mgrossman/mapred/local
2014-04-14 02:16:47,640 INFO org.apache.hadoop.util.NativeCodeLoader: Loaded the native-hadoop library
2014-04-14 02:16:47,667 INFO org.apache.hadoop.metrics2.impl.MetricsSourceAdapter: MBean for source jvm registered.
2014-04-14 02:16:47,671 INFO org.apache.hadoop.metrics2.impl.MetricsSourceAdapter: MBean for source TaskTrackerMetrics registered.
2014-04-14 02:16:47,700 INFO org.apache.hadoop.ipc.Server: Starting SocketReader
2014-04-14 02:16:47,709 INFO org.apache.hadoop.metrics2.impl.MetricsSourceAdapter: MBean for source RpcDetailedActivityForPort48999 registered.
2014-04-14 02:16:47,710 INFO org.apache.hadoop.metrics2.impl.MetricsSourceAdapter: MBean for source RpcActivityForPort48999 registered.
2014-04-14 02:16:47,715 INFO org.apache.hadoop.ipc.Server: IPC Server Responder: starting
2014-04-14 02:16:47,715 INFO org.apache.hadoop.ipc.Server: IPC Server listener on 48999: starting
2014-04-14 02:16:47,719 INFO org.apache.hadoop.ipc.Server: IPC Server handler 0 on 48999: starting
2014-04-14 02:16:47,719 INFO org.apache.hadoop.ipc.Server: IPC Server handler 1 on 48999: starting
2014-04-14 02:16:47,720 INFO org.apache.hadoop.ipc.Server: IPC Server handler 2 on 48999: starting
2014-04-14 02:16:47,720 INFO org.apache.hadoop.ipc.Server: IPC Server handler 3 on 48999: starting
2014-04-14 02:16:47,720 INFO org.apache.hadoop.ipc.Server: IPC Server handler 4 on 48999: starting
2014-04-14 02:16:47,721 INFO org.apache.hadoop.ipc.Server: IPC Server handler 5 on 48999: starting
2014-04-14 02:16:47,721 INFO org.apache.hadoop.ipc.Server: IPC Server handler 6 on 48999: starting
2014-04-14 02:16:47,721 INFO org.apache.hadoop.ipc.Server: IPC Server handler 7 on 48999: starting
2014-04-14 02:16:47,721 INFO org.apache.hadoop.mapred.TaskTracker: TaskTracker up at: localhost/127.0.0.1:48999
2014-04-14 02:16:47,721 INFO org.apache.hadoop.mapred.TaskTracker: Starting tracker tracker_node08.asa-web.amd.com:localhost/127.0.0.1:48999
2014-04-14 02:16:57,833 INFO org.apache.hadoop.mapred.TaskTracker: Starting thread: Map-events fetcher for all reduce tasks on tracker_node08.asa-web.amd.com:localhost/127.0.0.1:48999
2014-04-14 02:16:57,845 INFO org.apache.hadoop.util.ProcessTree: setsid exited with exit code 0
2014-04-14 02:16:57,851 INFO org.apache.hadoop.mapred.TaskTracker:  Using ResourceCalculatorPlugin : org.apache.hadoop.util.LinuxResourceCalculatorPlugin@78ab10ed
2014-04-14 02:16:57,855 WARN org.apache.hadoop.mapred.TaskTracker: TaskTracker's totalMemoryAllottedForTasks is -1. TaskMemoryManager is disabled.
2014-04-14 02:16:57,860 INFO org.apache.hadoop.mapred.IndexCache: IndexCache created with max memory = 10485760
2014-04-14 02:17:00,040 INFO org.apache.hadoop.metrics2.impl.MetricsSourceAdapter: MBean for source ShuffleServerMetrics registered.
2014-04-14 02:17:00,049 INFO org.apache.hadoop.http.HttpServer: Port returned by webServer.getConnectors()[0].getLocalPort() before open() is -1. Opening the listener on 50061
2014-04-14 02:17:00,050 INFO org.apache.hadoop.http.HttpServer: listener.getLocalPort() returned 50061 webServer.getConnectors()[0].getLocalPort() returned 50061
2014-04-14 02:17:00,050 INFO org.apache.hadoop.http.HttpServer: Jetty bound to port 50061
2014-04-14 02:17:00,050 INFO org.mortbay.log: jetty-6.1.26
2014-04-14 02:17:00,460 INFO org.mortbay.log: Started SelectChannelConnector@0.0.0.0:50061
2014-04-14 02:17:00,460 INFO org.apache.hadoop.mapred.TaskTracker: FILE_CACHE_SIZE for mapOutputServlet set to : 2000
2014-04-14 02:18:07,129 INFO org.apache.hadoop.mapred.TaskTracker: LaunchTaskAction (registerTask): attempt_201404140216_0001_m_000021_0 task's state:UNASSIGNED
2014-04-14 02:18:07,139 INFO org.apache.hadoop.mapred.TaskTracker: Trying to launch : attempt_201404140216_0001_m_000021_0 which needs 1 slots
2014-04-14 02:18:07,139 INFO org.apache.hadoop.mapred.TaskTracker: In TaskLauncher, current free slots : 4 and trying to launch attempt_201404140216_0001_m_000021_0 which needs 1 slots
2014-04-14 02:18:07,512 INFO org.apache.hadoop.mapred.JobLocalizer: Initializing user mgrossman on this TT.
2014-04-14 02:18:07,748 INFO org.apache.hadoop.mapred.JvmManager: In JvmRunner constructed JVM ID: jvm_201404140216_0001_m_387680265
2014-04-14 02:18:07,748 INFO org.apache.hadoop.mapred.JvmManager: JVM Runner jvm_201404140216_0001_m_387680265 spawned.
2014-04-14 02:18:07,754 INFO org.apache.hadoop.mapred.TaskController: Writing commands to /tmp/hadoop/hadoop-mgrossman/mapred/local/ttprivate/taskTracker/mgrossman/jobcache/job_201404140216_0001/attempt_201404140216_0001_m_000021_0/taskjvm.sh
2014-04-14 02:18:08,814 INFO org.apache.hadoop.mapred.TaskTracker: JVM with ID: jvm_201404140216_0001_m_387680265 given task: attempt_201404140216_0001_m_000021_0
2014-04-14 02:18:12,568 INFO org.apache.hadoop.mapred.TaskTracker: attempt_201404140216_0001_m_000021_0 0.0% setup
2014-04-14 02:18:12,572 INFO org.apache.hadoop.mapred.TaskTracker: Task attempt_201404140216_0001_m_000021_0 is done.
2014-04-14 02:18:12,572 INFO org.apache.hadoop.mapred.TaskTracker: reported output size for attempt_201404140216_0001_m_000021_0  was -1
2014-04-14 02:18:12,574 INFO org.apache.hadoop.mapred.TaskTracker: addFreeSlot : current free slots : 4
2014-04-14 02:18:12,808 INFO org.apache.hadoop.mapred.JvmManager: JVM : jvm_201404140216_0001_m_387680265 exited with exit code 0. Number of tasks it ran: 1
2014-04-14 02:18:12,908 INFO org.apache.hadoop.io.nativeio.NativeIO: Initialized cache for UID to User mapping with a cache timeout of 14400 seconds.
2014-04-14 02:18:12,909 INFO org.apache.hadoop.io.nativeio.NativeIO: Got UserName mgrossman for UID 1007 from the native implementation
2014-04-14 02:18:13,186 INFO org.apache.hadoop.mapred.TaskTracker: LaunchTaskAction (registerTask): attempt_201404140216_0001_m_000000_0 task's state:UNASSIGNED
2014-04-14 02:18:13,187 INFO org.apache.hadoop.mapred.TaskTracker: LaunchTaskAction (registerTask): attempt_201404140216_0001_m_000001_0 task's state:UNASSIGNED
2014-04-14 02:18:13,187 INFO org.apache.hadoop.mapred.TaskTracker: LaunchTaskAction (registerTask): attempt_201404140216_0001_m_000002_0 task's state:UNASSIGNED
2014-04-14 02:18:13,187 INFO org.apache.hadoop.mapred.TaskTracker: LaunchTaskAction (registerTask): attempt_201404140216_0001_m_000003_0 task's state:UNASSIGNED
2014-04-14 02:18:13,188 INFO org.apache.hadoop.mapred.TaskTracker: Trying to launch : attempt_201404140216_0001_m_000000_0 which needs 1 slots
2014-04-14 02:18:13,188 INFO org.apache.hadoop.mapred.TaskTracker: Received KillTaskAction for task: attempt_201404140216_0001_m_000021_0
2014-04-14 02:18:13,188 INFO org.apache.hadoop.mapred.TaskTracker: In TaskLauncher, current free slots : 4 and trying to launch attempt_201404140216_0001_m_000000_0 which needs 1 slots
2014-04-14 02:18:13,188 INFO org.apache.hadoop.mapred.TaskTracker: About to purge task: attempt_201404140216_0001_m_000021_0
2014-04-14 02:18:13,188 INFO org.apache.hadoop.mapred.TaskTracker: Trying to launch : attempt_201404140216_0001_m_000001_0 which needs 1 slots
2014-04-14 02:18:13,189 INFO org.apache.hadoop.mapred.TaskTracker: In TaskLauncher, current free slots : 3 and trying to launch attempt_201404140216_0001_m_000001_0 which needs 1 slots
2014-04-14 02:18:13,189 INFO org.apache.hadoop.mapred.IndexCache: Map ID attempt_201404140216_0001_m_000021_0 not found in cache
2014-04-14 02:18:13,190 INFO org.apache.hadoop.mapred.TaskTracker: Trying to launch : attempt_201404140216_0001_m_000002_0 which needs 1 slots
2014-04-14 02:18:13,190 INFO org.apache.hadoop.mapred.TaskTracker: In TaskLauncher, current free slots : 2 and trying to launch attempt_201404140216_0001_m_000002_0 which needs 1 slots
2014-04-14 02:18:13,191 INFO org.apache.hadoop.mapred.TaskTracker: Trying to launch : attempt_201404140216_0001_m_000003_0 which needs 1 slots
2014-04-14 02:18:13,194 INFO org.apache.hadoop.mapred.TaskTracker: In TaskLauncher, current free slots : 1 and trying to launch attempt_201404140216_0001_m_000003_0 which needs 1 slots
2014-04-14 02:18:13,210 INFO org.apache.hadoop.mapred.JvmManager: In JvmRunner constructed JVM ID: jvm_201404140216_0001_m_2087692495
2014-04-14 02:18:13,210 INFO org.apache.hadoop.mapred.JvmManager: JVM Runner jvm_201404140216_0001_m_2087692495 spawned.
2014-04-14 02:18:13,213 INFO org.apache.hadoop.mapred.JvmManager: In JvmRunner constructed JVM ID: jvm_201404140216_0001_m_782099873
2014-04-14 02:18:13,213 INFO org.apache.hadoop.mapred.JvmManager: JVM Runner jvm_201404140216_0001_m_782099873 spawned.
2014-04-14 02:18:13,215 INFO org.apache.hadoop.mapred.JvmManager: In JvmRunner constructed JVM ID: jvm_201404140216_0001_m_1597331374
2014-04-14 02:18:13,215 INFO org.apache.hadoop.mapred.JvmManager: JVM Runner jvm_201404140216_0001_m_1597331374 spawned.
2014-04-14 02:18:13,214 INFO org.apache.hadoop.mapred.TaskController: Writing commands to /tmp/hadoop/hadoop-mgrossman/mapred/local/ttprivate/taskTracker/mgrossman/jobcache/job_201404140216_0001/attempt_201404140216_0001_m_000000_0/taskjvm.sh
2014-04-14 02:18:13,219 INFO org.apache.hadoop.mapred.TaskController: Writing commands to /tmp/hadoop/hadoop-mgrossman/mapred/local/ttprivate/taskTracker/mgrossman/jobcache/job_201404140216_0001/attempt_201404140216_0001_m_000002_0/taskjvm.sh
2014-04-14 02:18:13,220 INFO org.apache.hadoop.mapred.TaskController: Writing commands to /tmp/hadoop/hadoop-mgrossman/mapred/local/ttprivate/taskTracker/mgrossman/jobcache/job_201404140216_0001/attempt_201404140216_0001_m_000001_0/taskjvm.sh
2014-04-14 02:18:13,225 INFO org.apache.hadoop.mapred.JvmManager: In JvmRunner constructed JVM ID: jvm_201404140216_0001_m_531602936
2014-04-14 02:18:13,225 INFO org.apache.hadoop.mapred.JvmManager: JVM Runner jvm_201404140216_0001_m_531602936 spawned.
2014-04-14 02:18:13,230 INFO org.apache.hadoop.mapred.TaskController: Writing commands to /tmp/hadoop/hadoop-mgrossman/mapred/local/ttprivate/taskTracker/mgrossman/jobcache/job_201404140216_0001/attempt_201404140216_0001_m_000003_0/taskjvm.sh
2014-04-14 02:18:14,660 INFO org.apache.hadoop.mapred.TaskTracker: JVM with ID: jvm_201404140216_0001_m_531602936 given task: attempt_201404140216_0001_m_000003_0
2014-04-14 02:18:14,727 INFO org.apache.hadoop.mapred.TaskTracker: JVM with ID: jvm_201404140216_0001_m_1597331374 given task: attempt_201404140216_0001_m_000001_0
2014-04-14 02:18:14,736 INFO org.apache.hadoop.mapred.TaskTracker: JVM with ID: jvm_201404140216_0001_m_2087692495 given task: attempt_201404140216_0001_m_000000_0
2014-04-14 02:18:14,758 INFO org.apache.hadoop.mapred.TaskTracker: JVM with ID: jvm_201404140216_0001_m_782099873 given task: attempt_201404140216_0001_m_000002_0
2014-04-14 02:18:22,202 INFO org.apache.hadoop.mapred.TaskTracker: attempt_201404140216_0001_m_000000_0 0.6255333% 
2014-04-14 02:18:22,323 INFO org.apache.hadoop.mapred.TaskTracker: attempt_201404140216_0001_m_000002_0 0.49746785% 
2014-04-14 02:18:22,599 INFO org.apache.hadoop.mapred.TaskTracker: attempt_201404140216_0001_m_000003_0 0.501945% 
2014-04-14 02:18:22,706 INFO org.apache.hadoop.mapred.TaskTracker: attempt_201404140216_0001_m_000001_0 0.39026344% 
2014-04-14 02:18:25,250 INFO org.apache.hadoop.mapred.TaskTracker: attempt_201404140216_0001_m_000000_0 1.0% 
2014-04-14 02:18:25,375 INFO org.apache.hadoop.mapred.TaskTracker: attempt_201404140216_0001_m_000002_0 1.0% 
2014-04-14 02:18:25,643 INFO org.apache.hadoop.mapred.TaskTracker: attempt_201404140216_0001_m_000003_0 1.0% 
2014-04-14 02:18:25,751 INFO org.apache.hadoop.mapred.TaskTracker: attempt_201404140216_0001_m_000001_0 1.0% 
2014-04-14 02:18:28,292 INFO org.apache.hadoop.mapred.TaskTracker: attempt_201404140216_0001_m_000000_0 1.0% 
2014-04-14 02:18:28,414 INFO org.apache.hadoop.mapred.TaskTracker: attempt_201404140216_0001_m_000002_0 1.0% 
2014-04-14 02:18:28,684 INFO org.apache.hadoop.mapred.TaskTracker: attempt_201404140216_0001_m_000003_0 1.0% 
2014-04-14 02:18:28,793 INFO org.apache.hadoop.mapred.TaskTracker: attempt_201404140216_0001_m_000001_0 1.0% 
2014-04-14 02:18:31,457 INFO org.apache.hadoop.mapred.TaskTracker: attempt_201404140216_0001_m_000002_0 1.0% 
2014-04-14 02:18:34,726 INFO org.apache.hadoop.mapred.TaskTracker: attempt_201404140216_0001_m_000003_0 1.0% 
2014-04-14 02:18:34,840 INFO org.apache.hadoop.mapred.TaskTracker: attempt_201404140216_0001_m_000001_0 1.0% 
2014-04-14 02:18:37,338 INFO org.apache.hadoop.mapred.TaskTracker: attempt_201404140216_0001_m_000000_0 1.0% 
2014-04-14 02:18:37,878 INFO org.apache.hadoop.mapred.TaskTracker: attempt_201404140216_0001_m_000001_0 1.0% 
2014-04-14 02:18:40,499 INFO org.apache.hadoop.mapred.TaskTracker: attempt_201404140216_0001_m_000002_0 1.0% 
2014-04-14 02:18:41,634 INFO org.apache.hadoop.mapred.TaskTracker: Task attempt_201404140216_0001_m_000000_0 is in commit-pending, task state:COMMIT_PENDING
2014-04-14 02:18:41,634 INFO org.apache.hadoop.mapred.TaskTracker: attempt_201404140216_0001_m_000000_0 1.0% 
2014-04-14 02:18:42,102 INFO org.apache.hadoop.mapred.TaskTracker: Task attempt_201404140216_0001_m_000002_0 is in commit-pending, task state:COMMIT_PENDING
2014-04-14 02:18:42,102 INFO org.apache.hadoop.mapred.TaskTracker: attempt_201404140216_0001_m_000002_0 1.0% 
2014-04-14 02:18:42,497 INFO org.apache.hadoop.mapred.TaskTracker: Task attempt_201404140216_0001_m_000003_0 is in commit-pending, task state:COMMIT_PENDING
2014-04-14 02:18:42,497 INFO org.apache.hadoop.mapred.TaskTracker: attempt_201404140216_0001_m_000003_0 1.0% 
2014-04-14 02:18:43,026 INFO org.apache.hadoop.mapred.TaskTracker: Task attempt_201404140216_0001_m_000001_0 is in commit-pending, task state:COMMIT_PENDING
2014-04-14 02:18:43,026 INFO org.apache.hadoop.mapred.TaskTracker: attempt_201404140216_0001_m_000001_0 1.0% 
2014-04-14 02:18:43,306 INFO org.apache.hadoop.mapred.TaskTracker: LaunchTaskAction (registerTask): attempt_201404140216_0001_m_000004_0 task's state:UNASSIGNED
2014-04-14 02:18:43,306 INFO org.apache.hadoop.mapred.TaskTracker: LaunchTaskAction (registerTask): attempt_201404140216_0001_m_000005_0 task's state:UNASSIGNED
2014-04-14 02:18:43,306 INFO org.apache.hadoop.mapred.TaskTracker: LaunchTaskAction (registerTask): attempt_201404140216_0001_m_000006_0 task's state:UNASSIGNED
2014-04-14 02:18:43,307 INFO org.apache.hadoop.mapred.TaskTracker: LaunchTaskAction (registerTask): attempt_201404140216_0001_m_000007_0 task's state:UNASSIGNED
2014-04-14 02:18:43,307 INFO org.apache.hadoop.mapred.TaskTracker: Received commit task action for attempt_201404140216_0001_m_000000_0
2014-04-14 02:18:43,307 INFO org.apache.hadoop.mapred.TaskTracker: Trying to launch : attempt_201404140216_0001_m_000004_0 which needs 1 slots
2014-04-14 02:18:43,307 INFO org.apache.hadoop.mapred.TaskTracker: Received commit task action for attempt_201404140216_0001_m_000001_0
2014-04-14 02:18:43,307 INFO org.apache.hadoop.mapred.TaskTracker: TaskLauncher : Waiting for 1 to launch attempt_201404140216_0001_m_000004_0, currently we have 0 free slots
2014-04-14 02:18:43,308 INFO org.apache.hadoop.mapred.TaskTracker: Received commit task action for attempt_201404140216_0001_m_000002_0
2014-04-14 02:18:43,308 INFO org.apache.hadoop.mapred.TaskTracker: Received commit task action for attempt_201404140216_0001_m_000003_0
2014-04-14 02:18:43,767 INFO org.apache.hadoop.mapred.TaskTracker: attempt_201404140216_0001_m_000003_0 1.0% 
2014-04-14 02:18:43,771 INFO org.apache.hadoop.mapred.TaskTracker: attempt_201404140216_0001_m_000003_0 1.0% 
2014-04-14 02:18:43,775 INFO org.apache.hadoop.mapred.TaskTracker: Task attempt_201404140216_0001_m_000003_0 is done.
2014-04-14 02:18:43,775 INFO org.apache.hadoop.mapred.TaskTracker: reported output size for attempt_201404140216_0001_m_000003_0  was -1
2014-04-14 02:18:43,775 INFO org.apache.hadoop.mapred.TaskTracker: addFreeSlot : current free slots : 1
2014-04-14 02:18:43,775 INFO org.apache.hadoop.mapred.TaskTracker: In TaskLauncher, current free slots : 1 and trying to launch attempt_201404140216_0001_m_000004_0 which needs 1 slots
2014-04-14 02:18:43,776 INFO org.apache.hadoop.mapred.TaskTracker: Trying to launch : attempt_201404140216_0001_m_000005_0 which needs 1 slots
2014-04-14 02:18:43,776 INFO org.apache.hadoop.mapred.TaskTracker: TaskLauncher : Waiting for 1 to launch attempt_201404140216_0001_m_000005_0, currently we have 0 free slots
2014-04-14 02:18:43,782 INFO org.apache.hadoop.mapred.JvmManager: Killing JVM: jvm_201404140216_0001_m_531602936
2014-04-14 02:18:43,785 INFO org.apache.hadoop.mapred.JvmManager: In JvmRunner constructed JVM ID: jvm_201404140216_0001_m_459749762
2014-04-14 02:18:43,785 INFO org.apache.hadoop.mapred.JvmManager: JVM Runner jvm_201404140216_0001_m_459749762 spawned.
2014-04-14 02:18:43,786 INFO org.apache.hadoop.mapred.TaskController: Writing commands to /tmp/hadoop/hadoop-mgrossman/mapred/local/ttprivate/taskTracker/mgrossman/jobcache/job_201404140216_0001/attempt_201404140216_0001_m_000004_0/taskjvm.sh
2014-04-14 02:18:43,972 INFO org.apache.hadoop.mapred.JvmManager: JVM : jvm_201404140216_0001_m_531602936 exited with exit code 0. Number of tasks it ran: 1
2014-04-14 02:18:44,796 INFO org.apache.hadoop.mapred.TaskTracker: JVM with ID: jvm_201404140216_0001_m_459749762 given task: attempt_201404140216_0001_m_000004_0
2014-04-14 02:18:46,379 INFO org.apache.hadoop.mapred.TaskTracker: attempt_201404140216_0001_m_000000_0 1.0% 
2014-04-14 02:18:46,382 INFO org.apache.hadoop.mapred.TaskTracker: attempt_201404140216_0001_m_000000_0 1.0% 
2014-04-14 02:18:46,384 INFO org.apache.hadoop.mapred.TaskTracker: Task attempt_201404140216_0001_m_000000_0 is done.
2014-04-14 02:18:46,384 INFO org.apache.hadoop.mapred.TaskTracker: reported output size for attempt_201404140216_0001_m_000000_0  was -1
2014-04-14 02:18:46,385 INFO org.apache.hadoop.mapred.TaskTracker: addFreeSlot : current free slots : 1
2014-04-14 02:18:46,385 INFO org.apache.hadoop.mapred.TaskTracker: In TaskLauncher, current free slots : 1 and trying to launch attempt_201404140216_0001_m_000005_0 which needs 1 slots
2014-04-14 02:18:46,385 INFO org.apache.hadoop.mapred.TaskTracker: Trying to launch : attempt_201404140216_0001_m_000006_0 which needs 1 slots
2014-04-14 02:18:46,386 INFO org.apache.hadoop.mapred.TaskTracker: TaskLauncher : Waiting for 1 to launch attempt_201404140216_0001_m_000006_0, currently we have 0 free slots
2014-04-14 02:18:46,403 INFO org.apache.hadoop.mapred.JvmManager: Killing JVM: jvm_201404140216_0001_m_2087692495
2014-04-14 02:18:46,410 INFO org.apache.hadoop.mapred.JvmManager: In JvmRunner constructed JVM ID: jvm_201404140216_0001_m_1637039841
2014-04-14 02:18:46,410 INFO org.apache.hadoop.mapred.JvmManager: JVM Runner jvm_201404140216_0001_m_1637039841 spawned.
2014-04-14 02:18:46,419 INFO org.apache.hadoop.mapred.TaskController: Writing commands to /tmp/hadoop/hadoop-mgrossman/mapred/local/ttprivate/taskTracker/mgrossman/jobcache/job_201404140216_0001/attempt_201404140216_0001_m_000005_0/taskjvm.sh
2014-04-14 02:18:46,533 INFO org.apache.hadoop.mapred.TaskTracker: attempt_201404140216_0001_m_000002_0 1.0% 
2014-04-14 02:18:46,537 INFO org.apache.hadoop.mapred.TaskTracker: attempt_201404140216_0001_m_000002_0 1.0% 
2014-04-14 02:18:46,540 INFO org.apache.hadoop.mapred.TaskTracker: Task attempt_201404140216_0001_m_000002_0 is done.
2014-04-14 02:18:46,540 INFO org.apache.hadoop.mapred.TaskTracker: reported output size for attempt_201404140216_0001_m_000002_0  was -1
2014-04-14 02:18:46,540 INFO org.apache.hadoop.mapred.TaskTracker: addFreeSlot : current free slots : 1
2014-04-14 02:18:46,541 INFO org.apache.hadoop.mapred.TaskTracker: In TaskLauncher, current free slots : 1 and trying to launch attempt_201404140216_0001_m_000006_0 which needs 1 slots
2014-04-14 02:18:46,541 INFO org.apache.hadoop.mapred.TaskTracker: Trying to launch : attempt_201404140216_0001_m_000007_0 which needs 1 slots
2014-04-14 02:18:46,541 INFO org.apache.hadoop.mapred.TaskTracker: TaskLauncher : Waiting for 1 to launch attempt_201404140216_0001_m_000007_0, currently we have 0 free slots
2014-04-14 02:18:46,570 INFO org.apache.hadoop.mapred.JvmManager: Killing JVM: jvm_201404140216_0001_m_782099873
2014-04-14 02:18:46,581 INFO org.apache.hadoop.mapred.JvmManager: In JvmRunner constructed JVM ID: jvm_201404140216_0001_m_2078013464
2014-04-14 02:18:46,585 INFO org.apache.hadoop.mapred.JvmManager: JVM Runner jvm_201404140216_0001_m_2078013464 spawned.
2014-04-14 02:18:46,593 INFO org.apache.hadoop.mapred.TaskController: Writing commands to /tmp/hadoop/hadoop-mgrossman/mapred/local/ttprivate/taskTracker/mgrossman/jobcache/job_201404140216_0001/attempt_201404140216_0001_m_000006_0/taskjvm.sh
2014-04-14 02:18:46,713 INFO org.apache.hadoop.mapred.JvmManager: JVM : jvm_201404140216_0001_m_2087692495 exited with exit code 0. Number of tasks it ran: 1
2014-04-14 02:18:46,875 INFO org.apache.hadoop.mapred.JvmManager: JVM : jvm_201404140216_0001_m_782099873 exited with exit code 0. Number of tasks it ran: 1
2014-04-14 02:18:46,910 INFO org.apache.hadoop.mapred.TaskTracker: attempt_201404140216_0001_m_000001_0 1.0% 
2014-04-14 02:18:46,915 INFO org.apache.hadoop.mapred.TaskTracker: attempt_201404140216_0001_m_000001_0 1.0% 
2014-04-14 02:18:46,932 INFO org.apache.hadoop.mapred.TaskTracker: Task attempt_201404140216_0001_m_000001_0 is done.
2014-04-14 02:18:46,932 INFO org.apache.hadoop.mapred.TaskTracker: reported output size for attempt_201404140216_0001_m_000001_0  was -1
2014-04-14 02:18:46,932 INFO org.apache.hadoop.mapred.TaskTracker: addFreeSlot : current free slots : 1
2014-04-14 02:18:46,937 INFO org.apache.hadoop.mapred.TaskTracker: In TaskLauncher, current free slots : 1 and trying to launch attempt_201404140216_0001_m_000007_0 which needs 1 slots
2014-04-14 02:18:46,947 INFO org.apache.hadoop.mapred.JvmManager: Killing JVM: jvm_201404140216_0001_m_1597331374
2014-04-14 02:18:46,956 INFO org.apache.hadoop.mapred.JvmManager: In JvmRunner constructed JVM ID: jvm_201404140216_0001_m_163784662
2014-04-14 02:18:46,956 INFO org.apache.hadoop.mapred.JvmManager: JVM Runner jvm_201404140216_0001_m_163784662 spawned.
2014-04-14 02:18:46,959 INFO org.apache.hadoop.mapred.TaskController: Writing commands to /tmp/hadoop/hadoop-mgrossman/mapred/local/ttprivate/taskTracker/mgrossman/jobcache/job_201404140216_0001/attempt_201404140216_0001_m_000007_0/taskjvm.sh
2014-04-14 02:18:47,331 INFO org.apache.hadoop.mapred.JvmManager: JVM : jvm_201404140216_0001_m_1597331374 exited with exit code 0. Number of tasks it ran: 1
2014-04-14 02:18:47,948 INFO org.apache.hadoop.mapred.TaskTracker: JVM with ID: jvm_201404140216_0001_m_1637039841 given task: attempt_201404140216_0001_m_000005_0
2014-04-14 02:18:48,424 INFO org.apache.hadoop.mapred.TaskTracker: JVM with ID: jvm_201404140216_0001_m_2078013464 given task: attempt_201404140216_0001_m_000006_0
2014-04-14 02:18:48,657 INFO org.apache.hadoop.mapred.TaskTracker: JVM with ID: jvm_201404140216_0001_m_163784662 given task: attempt_201404140216_0001_m_000007_0
2014-04-14 02:18:52,320 INFO org.apache.hadoop.mapred.TaskTracker: attempt_201404140216_0001_m_000004_0 1.0% 
2014-04-14 02:18:54,785 INFO org.apache.hadoop.mapred.TaskTracker: Task attempt_201404140216_0001_m_000004_0 is in commit-pending, task state:COMMIT_PENDING
2014-04-14 02:18:54,785 INFO org.apache.hadoop.mapred.TaskTracker: attempt_201404140216_0001_m_000004_0 1.0% 
2014-04-14 02:18:55,362 INFO org.apache.hadoop.mapred.TaskTracker: attempt_201404140216_0001_m_000004_0 1.0% 
2014-04-14 02:18:55,374 INFO org.apache.hadoop.mapred.TaskTracker: LaunchTaskAction (registerTask): attempt_201404140216_0001_m_000008_0 task's state:UNASSIGNED
2014-04-14 02:18:55,374 INFO org.apache.hadoop.mapred.TaskTracker: Received commit task action for attempt_201404140216_0001_m_000004_0
2014-04-14 02:18:55,374 INFO org.apache.hadoop.mapred.TaskTracker: Trying to launch : attempt_201404140216_0001_m_000008_0 which needs 1 slots
2014-04-14 02:18:55,374 INFO org.apache.hadoop.mapred.TaskTracker: TaskLauncher : Waiting for 1 to launch attempt_201404140216_0001_m_000008_0, currently we have 0 free slots
2014-04-14 02:18:55,557 INFO org.apache.hadoop.mapred.TaskTracker: attempt_201404140216_0001_m_000005_0 0.42187893% 
2014-04-14 02:18:56,694 INFO org.apache.hadoop.mapred.TaskTracker: attempt_201404140216_0001_m_000007_0 0.49714568% 
2014-04-14 02:18:56,725 INFO org.apache.hadoop.mapred.TaskTracker: attempt_201404140216_0001_m_000006_0 0.5060791% 
2014-04-14 02:18:58,398 INFO org.apache.hadoop.mapred.TaskTracker: attempt_201404140216_0001_m_000004_0 1.0% 
2014-04-14 02:18:58,404 INFO org.apache.hadoop.mapred.TaskTracker: attempt_201404140216_0001_m_000004_0 1.0% 
2014-04-14 02:18:58,406 INFO org.apache.hadoop.mapred.TaskTracker: Task attempt_201404140216_0001_m_000004_0 is done.
2014-04-14 02:18:58,406 INFO org.apache.hadoop.mapred.TaskTracker: reported output size for attempt_201404140216_0001_m_000004_0  was -1
2014-04-14 02:18:58,407 INFO org.apache.hadoop.mapred.TaskTracker: addFreeSlot : current free slots : 1
2014-04-14 02:18:58,407 INFO org.apache.hadoop.mapred.TaskTracker: In TaskLauncher, current free slots : 1 and trying to launch attempt_201404140216_0001_m_000008_0 which needs 1 slots
2014-04-14 02:18:58,416 INFO org.apache.hadoop.mapred.JvmManager: Killing JVM: jvm_201404140216_0001_m_459749762
2014-04-14 02:18:58,421 INFO org.apache.hadoop.mapred.JvmManager: In JvmRunner constructed JVM ID: jvm_201404140216_0001_m_1333499474
2014-04-14 02:18:58,422 INFO org.apache.hadoop.mapred.JvmManager: JVM Runner jvm_201404140216_0001_m_1333499474 spawned.
2014-04-14 02:18:58,426 INFO org.apache.hadoop.mapred.TaskController: Writing commands to /tmp/hadoop/hadoop-mgrossman/mapred/local/ttprivate/taskTracker/mgrossman/jobcache/job_201404140216_0001/attempt_201404140216_0001_m_000008_0/taskjvm.sh
2014-04-14 02:18:58,610 INFO org.apache.hadoop.mapred.TaskTracker: attempt_201404140216_0001_m_000005_0 1.0% 
2014-04-14 02:18:59,475 INFO org.apache.hadoop.mapred.TaskTracker: JVM with ID: jvm_201404140216_0001_m_1333499474 given task: attempt_201404140216_0001_m_000008_0
2014-04-14 02:18:59,749 INFO org.apache.hadoop.mapred.TaskTracker: attempt_201404140216_0001_m_000007_0 1.0% 
2014-04-14 02:18:59,781 INFO org.apache.hadoop.mapred.TaskTracker: attempt_201404140216_0001_m_000006_0 1.0% 
2014-04-14 02:19:01,649 INFO org.apache.hadoop.mapred.TaskTracker: attempt_201404140216_0001_m_000005_0 1.0% 
2014-04-14 02:19:02,792 INFO org.apache.hadoop.mapred.TaskTracker: attempt_201404140216_0001_m_000007_0 1.0% 
2014-04-14 02:19:02,816 INFO org.apache.hadoop.mapred.TaskTracker: attempt_201404140216_0001_m_000006_0 1.0% 
2014-04-14 02:19:03,028 INFO org.apache.hadoop.mapred.JvmManager: JVM : jvm_201404140216_0001_m_459749762 exited with exit code 0. Number of tasks it ran: 1
2014-04-14 02:19:07,699 INFO org.apache.hadoop.mapred.TaskTracker: attempt_201404140216_0001_m_000005_0 1.0% 
2014-04-14 02:19:08,835 INFO org.apache.hadoop.mapred.TaskTracker: attempt_201404140216_0001_m_000007_0 1.0% 
2014-04-14 02:19:08,861 INFO org.apache.hadoop.mapred.TaskTracker: attempt_201404140216_0001_m_000006_0 1.0% 
2014-04-14 02:19:09,331 INFO org.apache.hadoop.mapred.TaskTracker: attempt_201404140216_0001_m_000008_0 1.0% 
2014-04-14 02:19:10,569 INFO org.apache.hadoop.mapred.TaskTracker: Task attempt_201404140216_0001_m_000005_0 is in commit-pending, task state:COMMIT_PENDING
2014-04-14 02:19:10,569 INFO org.apache.hadoop.mapred.TaskTracker: attempt_201404140216_0001_m_000005_0 1.0% 
2014-04-14 02:19:10,734 INFO org.apache.hadoop.mapred.TaskTracker: attempt_201404140216_0001_m_000005_0 1.0% 
2014-04-14 02:19:11,874 INFO org.apache.hadoop.mapred.TaskTracker: attempt_201404140216_0001_m_000007_0 1.0% 
2014-04-14 02:19:12,371 INFO org.apache.hadoop.mapred.TaskTracker: attempt_201404140216_0001_m_000008_0 1.0% 
2014-04-14 02:19:13,282 INFO org.apache.hadoop.mapred.TaskTracker: Task attempt_201404140216_0001_m_000007_0 is in commit-pending, task state:COMMIT_PENDING
2014-04-14 02:19:13,282 INFO org.apache.hadoop.mapred.TaskTracker: attempt_201404140216_0001_m_000007_0 1.0% 
2014-04-14 02:19:13,447 INFO org.apache.hadoop.mapred.TaskTracker: LaunchTaskAction (registerTask): attempt_201404140216_0001_m_000009_0 task's state:UNASSIGNED
2014-04-14 02:19:13,447 INFO org.apache.hadoop.mapred.TaskTracker: LaunchTaskAction (registerTask): attempt_201404140216_0001_m_000010_0 task's state:UNASSIGNED
2014-04-14 02:19:13,448 INFO org.apache.hadoop.mapred.TaskTracker: Received commit task action for attempt_201404140216_0001_m_000005_0
2014-04-14 02:19:13,448 INFO org.apache.hadoop.mapred.TaskTracker: Trying to launch : attempt_201404140216_0001_m_000009_0 which needs 1 slots
2014-04-14 02:19:13,448 INFO org.apache.hadoop.mapred.TaskTracker: Received commit task action for attempt_201404140216_0001_m_000007_0
2014-04-14 02:19:13,448 INFO org.apache.hadoop.mapred.TaskTracker: TaskLauncher : Waiting for 1 to launch attempt_201404140216_0001_m_000009_0, currently we have 0 free slots
2014-04-14 02:19:13,704 INFO org.apache.hadoop.mapred.TaskTracker: Task attempt_201404140216_0001_m_000006_0 is in commit-pending, task state:COMMIT_PENDING
2014-04-14 02:19:13,704 INFO org.apache.hadoop.mapred.TaskTracker: attempt_201404140216_0001_m_000006_0 1.0% 
2014-04-14 02:19:13,768 INFO org.apache.hadoop.mapred.TaskTracker: attempt_201404140216_0001_m_000005_0 1.0% 
2014-04-14 02:19:13,773 INFO org.apache.hadoop.mapred.TaskTracker: attempt_201404140216_0001_m_000005_0 1.0% 
2014-04-14 02:19:13,775 INFO org.apache.hadoop.mapred.TaskTracker: Task attempt_201404140216_0001_m_000005_0 is done.
2014-04-14 02:19:13,775 INFO org.apache.hadoop.mapred.TaskTracker: reported output size for attempt_201404140216_0001_m_000005_0  was -1
2014-04-14 02:19:13,776 INFO org.apache.hadoop.mapred.TaskTracker: addFreeSlot : current free slots : 1
2014-04-14 02:19:13,776 INFO org.apache.hadoop.mapred.TaskTracker: In TaskLauncher, current free slots : 1 and trying to launch attempt_201404140216_0001_m_000009_0 which needs 1 slots
2014-04-14 02:19:13,776 INFO org.apache.hadoop.mapred.TaskTracker: Trying to launch : attempt_201404140216_0001_m_000010_0 which needs 1 slots
2014-04-14 02:19:13,777 INFO org.apache.hadoop.mapred.TaskTracker: TaskLauncher : Waiting for 1 to launch attempt_201404140216_0001_m_000010_0, currently we have 0 free slots
2014-04-14 02:19:13,785 INFO org.apache.hadoop.mapred.JvmManager: Killing JVM: jvm_201404140216_0001_m_1637039841
2014-04-14 02:19:13,790 INFO org.apache.hadoop.mapred.JvmManager: In JvmRunner constructed JVM ID: jvm_201404140216_0001_m_1346733284
2014-04-14 02:19:13,790 INFO org.apache.hadoop.mapred.JvmManager: JVM Runner jvm_201404140216_0001_m_1346733284 spawned.
2014-04-14 02:19:13,793 INFO org.apache.hadoop.mapred.TaskController: Writing commands to /tmp/hadoop/hadoop-mgrossman/mapred/local/ttprivate/taskTracker/mgrossman/jobcache/job_201404140216_0001/attempt_201404140216_0001_m_000009_0/taskjvm.sh
2014-04-14 02:19:14,834 INFO org.apache.hadoop.mapred.TaskTracker: JVM with ID: jvm_201404140216_0001_m_1346733284 given task: attempt_201404140216_0001_m_000009_0
2014-04-14 02:19:14,879 INFO org.apache.hadoop.mapred.TaskTracker: attempt_201404140216_0001_m_000007_0 1.0% 
2014-04-14 02:19:14,883 INFO org.apache.hadoop.mapred.TaskTracker: Task attempt_201404140216_0001_m_000007_0 is done.
2014-04-14 02:19:14,883 INFO org.apache.hadoop.mapred.TaskTracker: reported output size for attempt_201404140216_0001_m_000007_0  was -1
2014-04-14 02:19:14,883 INFO org.apache.hadoop.mapred.TaskTracker: addFreeSlot : current free slots : 1
2014-04-14 02:19:14,884 INFO org.apache.hadoop.mapred.TaskTracker: In TaskLauncher, current free slots : 1 and trying to launch attempt_201404140216_0001_m_000010_0 which needs 1 slots
2014-04-14 02:19:14,911 INFO org.apache.hadoop.mapred.JvmManager: Killing JVM: jvm_201404140216_0001_m_163784662
2014-04-14 02:19:14,933 INFO org.apache.hadoop.mapred.JvmManager: In JvmRunner constructed JVM ID: jvm_201404140216_0001_m_2076409313
2014-04-14 02:19:14,934 INFO org.apache.hadoop.mapred.JvmManager: JVM Runner jvm_201404140216_0001_m_2076409313 spawned.
2014-04-14 02:19:14,935 INFO org.apache.hadoop.mapred.TaskController: Writing commands to /tmp/hadoop/hadoop-mgrossman/mapred/local/ttprivate/taskTracker/mgrossman/jobcache/job_201404140216_0001/attempt_201404140216_0001_m_000010_0/taskjvm.sh
2014-04-14 02:19:14,936 INFO org.apache.hadoop.mapred.TaskTracker: attempt_201404140216_0001_m_000006_0 1.0% 
2014-04-14 02:19:15,574 INFO org.apache.hadoop.mapred.JvmManager: JVM : jvm_201404140216_0001_m_1637039841 exited with exit code 0. Number of tasks it ran: 1
2014-04-14 02:19:15,577 INFO org.apache.hadoop.mapred.JvmManager: JVM : jvm_201404140216_0001_m_163784662 exited with exit code 0. Number of tasks it ran: 1
2014-04-14 02:19:16,175 INFO org.apache.hadoop.mapred.TaskTracker: JVM with ID: jvm_201404140216_0001_m_2076409313 given task: attempt_201404140216_0001_m_000010_0
2014-04-14 02:19:16,274 INFO org.apache.hadoop.mapred.TaskTracker: Task attempt_201404140216_0001_m_000008_0 is in commit-pending, task state:COMMIT_PENDING
2014-04-14 02:19:16,275 INFO org.apache.hadoop.mapred.TaskTracker: attempt_201404140216_0001_m_000008_0 1.0% 
2014-04-14 02:19:16,468 INFO org.apache.hadoop.mapred.TaskTracker: LaunchTaskAction (registerTask): attempt_201404140216_0001_m_000011_0 task's state:UNASSIGNED
2014-04-14 02:19:16,468 INFO org.apache.hadoop.mapred.TaskTracker: LaunchTaskAction (registerTask): attempt_201404140216_0001_m_000012_0 task's state:UNASSIGNED
2014-04-14 02:19:16,468 INFO org.apache.hadoop.mapred.TaskTracker: Received commit task action for attempt_201404140216_0001_m_000006_0
2014-04-14 02:19:16,468 INFO org.apache.hadoop.mapred.TaskTracker: Trying to launch : attempt_201404140216_0001_m_000011_0 which needs 1 slots
2014-04-14 02:19:16,468 INFO org.apache.hadoop.mapred.TaskTracker: Received commit task action for attempt_201404140216_0001_m_000008_0
2014-04-14 02:19:16,468 INFO org.apache.hadoop.mapred.TaskTracker: TaskLauncher : Waiting for 1 to launch attempt_201404140216_0001_m_000011_0, currently we have 0 free slots
2014-04-14 02:19:17,964 INFO org.apache.hadoop.mapred.TaskTracker: attempt_201404140216_0001_m_000006_0 1.0% 
2014-04-14 02:19:17,972 INFO org.apache.hadoop.mapred.TaskTracker: attempt_201404140216_0001_m_000006_0 1.0% 
2014-04-14 02:19:17,974 INFO org.apache.hadoop.mapred.TaskTracker: Task attempt_201404140216_0001_m_000006_0 is done.
2014-04-14 02:19:17,974 INFO org.apache.hadoop.mapred.TaskTracker: reported output size for attempt_201404140216_0001_m_000006_0  was -1
2014-04-14 02:19:17,974 INFO org.apache.hadoop.mapred.TaskTracker: addFreeSlot : current free slots : 1
2014-04-14 02:19:17,975 INFO org.apache.hadoop.mapred.TaskTracker: In TaskLauncher, current free slots : 1 and trying to launch attempt_201404140216_0001_m_000011_0 which needs 1 slots
2014-04-14 02:19:17,978 INFO org.apache.hadoop.mapred.TaskTracker: Trying to launch : attempt_201404140216_0001_m_000012_0 which needs 1 slots
2014-04-14 02:19:17,978 INFO org.apache.hadoop.mapred.TaskTracker: TaskLauncher : Waiting for 1 to launch attempt_201404140216_0001_m_000012_0, currently we have 0 free slots
2014-04-14 02:19:17,986 INFO org.apache.hadoop.mapred.JvmManager: Killing JVM: jvm_201404140216_0001_m_2078013464
2014-04-14 02:19:17,990 INFO org.apache.hadoop.mapred.JvmManager: In JvmRunner constructed JVM ID: jvm_201404140216_0001_m_685153340
2014-04-14 02:19:17,991 INFO org.apache.hadoop.mapred.JvmManager: JVM Runner jvm_201404140216_0001_m_685153340 spawned.
2014-04-14 02:19:17,992 INFO org.apache.hadoop.mapred.TaskController: Writing commands to /tmp/hadoop/hadoop-mgrossman/mapred/local/ttprivate/taskTracker/mgrossman/jobcache/job_201404140216_0001/attempt_201404140216_0001_m_000011_0/taskjvm.sh
2014-04-14 02:19:18,237 INFO org.apache.hadoop.mapred.JvmManager: JVM : jvm_201404140216_0001_m_2078013464 exited with exit code 0. Number of tasks it ran: 1
2014-04-14 02:19:18,402 INFO org.apache.hadoop.mapred.TaskTracker: attempt_201404140216_0001_m_000008_0 1.0% 
2014-04-14 02:19:18,412 INFO org.apache.hadoop.mapred.TaskTracker: attempt_201404140216_0001_m_000008_0 1.0% 
2014-04-14 02:19:18,413 INFO org.apache.hadoop.mapred.TaskTracker: Task attempt_201404140216_0001_m_000008_0 is done.
2014-04-14 02:19:18,413 INFO org.apache.hadoop.mapred.TaskTracker: reported output size for attempt_201404140216_0001_m_000008_0  was -1
2014-04-14 02:19:18,414 INFO org.apache.hadoop.mapred.TaskTracker: addFreeSlot : current free slots : 1
2014-04-14 02:19:18,414 INFO org.apache.hadoop.mapred.TaskTracker: In TaskLauncher, current free slots : 1 and trying to launch attempt_201404140216_0001_m_000012_0 which needs 1 slots
2014-04-14 02:19:18,449 INFO org.apache.hadoop.mapred.JvmManager: Killing JVM: jvm_201404140216_0001_m_1333499474
2014-04-14 02:19:18,464 INFO org.apache.hadoop.mapred.JvmManager: In JvmRunner constructed JVM ID: jvm_201404140216_0001_m_1315504551
2014-04-14 02:19:18,465 INFO org.apache.hadoop.mapred.JvmManager: JVM Runner jvm_201404140216_0001_m_1315504551 spawned.
2014-04-14 02:19:18,475 INFO org.apache.hadoop.mapred.TaskController: Writing commands to /tmp/hadoop/hadoop-mgrossman/mapred/local/ttprivate/taskTracker/mgrossman/jobcache/job_201404140216_0001/attempt_201404140216_0001_m_000012_0/taskjvm.sh
2014-04-14 02:19:18,717 INFO org.apache.hadoop.mapred.JvmManager: JVM : jvm_201404140216_0001_m_1333499474 exited with exit code 0. Number of tasks it ran: 1
2014-04-14 02:19:19,529 INFO org.apache.hadoop.mapred.TaskTracker: JVM with ID: jvm_201404140216_0001_m_685153340 given task: attempt_201404140216_0001_m_000011_0
2014-04-14 02:19:20,204 INFO org.apache.hadoop.mapred.TaskTracker: JVM with ID: jvm_201404140216_0001_m_1315504551 given task: attempt_201404140216_0001_m_000012_0
2014-04-14 02:19:22,342 INFO org.apache.hadoop.mapred.TaskTracker: attempt_201404140216_0001_m_000009_0 1.0% 
2014-04-14 02:19:24,494 INFO org.apache.hadoop.mapred.TaskTracker: attempt_201404140216_0001_m_000010_0 1.0% 
2014-04-14 02:19:25,426 INFO org.apache.hadoop.mapred.TaskTracker: attempt_201404140216_0001_m_000009_0 1.0% 
2014-04-14 02:19:27,551 INFO org.apache.hadoop.mapred.TaskTracker: attempt_201404140216_0001_m_000010_0 1.0% 
2014-04-14 02:19:27,706 INFO org.apache.hadoop.mapred.TaskTracker: attempt_201404140216_0001_m_000011_0 0.46554402% 
2014-04-14 02:19:27,762 INFO org.apache.hadoop.mapred.TaskTracker: attempt_201404140216_0001_m_000012_0 0.576972% 
2014-04-14 02:19:28,522 INFO org.apache.hadoop.mapred.TaskTracker: attempt_201404140216_0001_m_000009_0 1.0% 
2014-04-14 02:19:28,564 INFO org.apache.hadoop.mapred.TaskTracker: Task attempt_201404140216_0001_m_000009_0 is in commit-pending, task state:COMMIT_PENDING
2014-04-14 02:19:28,565 INFO org.apache.hadoop.mapred.TaskTracker: attempt_201404140216_0001_m_000009_0 1.0% 
2014-04-14 02:19:30,594 INFO org.apache.hadoop.mapred.TaskTracker: attempt_201404140216_0001_m_000010_0 1.0% 
2014-04-14 02:19:30,751 INFO org.apache.hadoop.mapred.TaskTracker: attempt_201404140216_0001_m_000011_0 1.0% 
2014-04-14 02:19:30,797 INFO org.apache.hadoop.mapred.TaskTracker: attempt_201404140216_0001_m_000012_0 1.0% 
2014-04-14 02:19:31,515 INFO org.apache.hadoop.mapred.TaskTracker: LaunchTaskAction (registerTask): attempt_201404140216_0001_m_000013_0 task's state:UNASSIGNED
2014-04-14 02:19:31,516 INFO org.apache.hadoop.mapred.TaskTracker: Received commit task action for attempt_201404140216_0001_m_000009_0
2014-04-14 02:19:31,516 INFO org.apache.hadoop.mapred.TaskTracker: Trying to launch : attempt_201404140216_0001_m_000013_0 which needs 1 slots
2014-04-14 02:19:31,516 INFO org.apache.hadoop.mapred.TaskTracker: TaskLauncher : Waiting for 1 to launch attempt_201404140216_0001_m_000013_0, currently we have 0 free slots
2014-04-14 02:19:31,566 INFO org.apache.hadoop.mapred.TaskTracker: attempt_201404140216_0001_m_000009_0 1.0% 
2014-04-14 02:19:33,641 INFO org.apache.hadoop.mapred.TaskTracker: attempt_201404140216_0001_m_000010_0 1.0% 
2014-04-14 02:19:33,660 INFO org.apache.hadoop.mapred.TaskTracker: Task attempt_201404140216_0001_m_000010_0 is in commit-pending, task state:COMMIT_PENDING
2014-04-14 02:19:33,660 INFO org.apache.hadoop.mapred.TaskTracker: attempt_201404140216_0001_m_000010_0 1.0% 
2014-04-14 02:19:33,790 INFO org.apache.hadoop.mapred.TaskTracker: attempt_201404140216_0001_m_000011_0 1.0% 
2014-04-14 02:19:33,838 INFO org.apache.hadoop.mapred.TaskTracker: attempt_201404140216_0001_m_000012_0 1.0% 
2014-04-14 02:19:34,531 INFO org.apache.hadoop.mapred.TaskTracker: LaunchTaskAction (registerTask): attempt_201404140216_0001_m_000014_0 task's state:UNASSIGNED
2014-04-14 02:19:34,532 INFO org.apache.hadoop.mapred.TaskTracker: Received commit task action for attempt_201404140216_0001_m_000010_0
2014-04-14 02:19:34,603 INFO org.apache.hadoop.mapred.TaskTracker: attempt_201404140216_0001_m_000009_0 1.0% 
2014-04-14 02:19:34,607 INFO org.apache.hadoop.mapred.TaskTracker: attempt_201404140216_0001_m_000009_0 1.0% 
2014-04-14 02:19:34,609 INFO org.apache.hadoop.mapred.TaskTracker: Task attempt_201404140216_0001_m_000009_0 is done.
2014-04-14 02:19:34,610 INFO org.apache.hadoop.mapred.TaskTracker: reported output size for attempt_201404140216_0001_m_000009_0  was -1
2014-04-14 02:19:34,610 INFO org.apache.hadoop.mapred.TaskTracker: addFreeSlot : current free slots : 1
2014-04-14 02:19:34,611 INFO org.apache.hadoop.mapred.TaskTracker: In TaskLauncher, current free slots : 1 and trying to launch attempt_201404140216_0001_m_000013_0 which needs 1 slots
2014-04-14 02:19:34,611 INFO org.apache.hadoop.mapred.TaskTracker: Trying to launch : attempt_201404140216_0001_m_000014_0 which needs 1 slots
2014-04-14 02:19:34,612 INFO org.apache.hadoop.mapred.TaskTracker: TaskLauncher : Waiting for 1 to launch attempt_201404140216_0001_m_000014_0, currently we have 0 free slots
2014-04-14 02:19:34,619 INFO org.apache.hadoop.mapred.JvmManager: Killing JVM: jvm_201404140216_0001_m_1346733284
2014-04-14 02:19:34,623 INFO org.apache.hadoop.mapred.JvmManager: In JvmRunner constructed JVM ID: jvm_201404140216_0001_m_1913575233
2014-04-14 02:19:34,623 INFO org.apache.hadoop.mapred.JvmManager: JVM Runner jvm_201404140216_0001_m_1913575233 spawned.
2014-04-14 02:19:34,626 INFO org.apache.hadoop.mapred.TaskController: Writing commands to /tmp/hadoop/hadoop-mgrossman/mapred/local/ttprivate/taskTracker/mgrossman/jobcache/job_201404140216_0001/attempt_201404140216_0001_m_000013_0/taskjvm.sh
2014-04-14 02:19:35,617 INFO org.apache.hadoop.mapred.TaskTracker: JVM with ID: jvm_201404140216_0001_m_1913575233 given task: attempt_201404140216_0001_m_000013_0
2014-04-14 02:19:36,681 INFO org.apache.hadoop.mapred.TaskTracker: attempt_201404140216_0001_m_000010_0 1.0% 
2014-04-14 02:19:36,685 INFO org.apache.hadoop.mapred.TaskTracker: attempt_201404140216_0001_m_000010_0 1.0% 
2014-04-14 02:19:36,686 INFO org.apache.hadoop.mapred.TaskTracker: Task attempt_201404140216_0001_m_000010_0 is done.
2014-04-14 02:19:36,687 INFO org.apache.hadoop.mapred.TaskTracker: reported output size for attempt_201404140216_0001_m_000010_0  was -1
2014-04-14 02:19:36,687 INFO org.apache.hadoop.mapred.TaskTracker: addFreeSlot : current free slots : 1
2014-04-14 02:19:36,688 INFO org.apache.hadoop.mapred.TaskTracker: In TaskLauncher, current free slots : 1 and trying to launch attempt_201404140216_0001_m_000014_0 which needs 1 slots
2014-04-14 02:19:36,698 INFO org.apache.hadoop.mapred.JvmManager: Killing JVM: jvm_201404140216_0001_m_2076409313
2014-04-14 02:19:36,701 INFO org.apache.hadoop.mapred.JvmManager: In JvmRunner constructed JVM ID: jvm_201404140216_0001_m_1932273880
2014-04-14 02:19:36,701 INFO org.apache.hadoop.mapred.JvmManager: JVM Runner jvm_201404140216_0001_m_1932273880 spawned.
2014-04-14 02:19:36,703 INFO org.apache.hadoop.mapred.TaskController: Writing commands to /tmp/hadoop/hadoop-mgrossman/mapred/local/ttprivate/taskTracker/mgrossman/jobcache/job_201404140216_0001/attempt_201404140216_0001_m_000014_0/taskjvm.sh
2014-04-14 02:19:36,849 INFO org.apache.hadoop.mapred.TaskTracker: attempt_201404140216_0001_m_000011_0 1.0% 
2014-04-14 02:19:36,879 INFO org.apache.hadoop.mapred.TaskTracker: attempt_201404140216_0001_m_000012_0 1.0% 
2014-04-14 02:19:37,548 INFO org.apache.hadoop.mapred.JvmManager: JVM : jvm_201404140216_0001_m_1346733284 exited with exit code 0. Number of tasks it ran: 1
2014-04-14 02:19:37,559 INFO org.apache.hadoop.mapred.JvmManager: JVM : jvm_201404140216_0001_m_2076409313 exited with exit code 0. Number of tasks it ran: 1
2014-04-14 02:19:38,045 INFO org.apache.hadoop.mapred.TaskTracker: JVM with ID: jvm_201404140216_0001_m_1932273880 given task: attempt_201404140216_0001_m_000014_0
2014-04-14 02:19:38,364 INFO org.apache.hadoop.mapred.TaskTracker: Task attempt_201404140216_0001_m_000012_0 is in commit-pending, task state:COMMIT_PENDING
2014-04-14 02:19:38,364 INFO org.apache.hadoop.mapred.TaskTracker: attempt_201404140216_0001_m_000012_0 1.0% 
2014-04-14 02:19:38,724 INFO org.apache.hadoop.mapred.TaskTracker: Task attempt_201404140216_0001_m_000011_0 is in commit-pending, task state:COMMIT_PENDING
2014-04-14 02:19:38,725 INFO org.apache.hadoop.mapred.TaskTracker: attempt_201404140216_0001_m_000011_0 1.0% 
2014-04-14 02:19:40,560 INFO org.apache.hadoop.mapred.TaskTracker: LaunchTaskAction (registerTask): attempt_201404140216_0001_m_000015_0 task's state:UNASSIGNED
2014-04-14 02:19:40,561 INFO org.apache.hadoop.mapred.TaskTracker: LaunchTaskAction (registerTask): attempt_201404140216_0001_m_000016_0 task's state:UNASSIGNED
2014-04-14 02:19:40,561 INFO org.apache.hadoop.mapred.TaskTracker: Received commit task action for attempt_201404140216_0001_m_000011_0
2014-04-14 02:19:40,561 INFO org.apache.hadoop.mapred.TaskTracker: Received commit task action for attempt_201404140216_0001_m_000012_0
2014-04-14 02:19:40,563 INFO org.apache.hadoop.mapred.TaskTracker: Trying to launch : attempt_201404140216_0001_m_000015_0 which needs 1 slots
2014-04-14 02:19:40,563 INFO org.apache.hadoop.mapred.TaskTracker: TaskLauncher : Waiting for 1 to launch attempt_201404140216_0001_m_000015_0, currently we have 0 free slots
2014-04-14 02:19:42,558 INFO org.apache.hadoop.mapred.TaskTracker: attempt_201404140216_0001_m_000013_0 1.0% 
2014-04-14 02:19:42,889 INFO org.apache.hadoop.mapred.TaskTracker: attempt_201404140216_0001_m_000011_0 1.0% 
2014-04-14 02:19:42,896 INFO org.apache.hadoop.mapred.TaskTracker: attempt_201404140216_0001_m_000011_0 1.0% 
2014-04-14 02:19:42,898 INFO org.apache.hadoop.mapred.TaskTracker: Task attempt_201404140216_0001_m_000011_0 is done.
2014-04-14 02:19:42,898 INFO org.apache.hadoop.mapred.TaskTracker: reported output size for attempt_201404140216_0001_m_000011_0  was -1
2014-04-14 02:19:42,898 INFO org.apache.hadoop.mapred.TaskTracker: addFreeSlot : current free slots : 1
2014-04-14 02:19:42,899 INFO org.apache.hadoop.mapred.TaskTracker: In TaskLauncher, current free slots : 1 and trying to launch attempt_201404140216_0001_m_000015_0 which needs 1 slots
2014-04-14 02:19:42,899 INFO org.apache.hadoop.mapred.TaskTracker: Trying to launch : attempt_201404140216_0001_m_000016_0 which needs 1 slots
2014-04-14 02:19:42,899 INFO org.apache.hadoop.mapred.TaskTracker: TaskLauncher : Waiting for 1 to launch attempt_201404140216_0001_m_000016_0, currently we have 0 free slots
2014-04-14 02:19:42,922 INFO org.apache.hadoop.mapred.TaskTracker: attempt_201404140216_0001_m_000012_0 1.0% 
2014-04-14 02:19:42,927 INFO org.apache.hadoop.mapred.JvmManager: Killing JVM: jvm_201404140216_0001_m_685153340
2014-04-14 02:19:42,940 INFO org.apache.hadoop.mapred.JvmManager: In JvmRunner constructed JVM ID: jvm_201404140216_0001_m_602127022
2014-04-14 02:19:42,940 INFO org.apache.hadoop.mapred.JvmManager: JVM Runner jvm_201404140216_0001_m_602127022 spawned.
2014-04-14 02:19:42,941 INFO org.apache.hadoop.mapred.TaskTracker: attempt_201404140216_0001_m_000012_0 1.0% 
2014-04-14 02:19:42,943 INFO org.apache.hadoop.mapred.TaskController: Writing commands to /tmp/hadoop/hadoop-mgrossman/mapred/local/ttprivate/taskTracker/mgrossman/jobcache/job_201404140216_0001/attempt_201404140216_0001_m_000015_0/taskjvm.sh
2014-04-14 02:19:42,944 INFO org.apache.hadoop.mapred.TaskTracker: Task attempt_201404140216_0001_m_000012_0 is done.
2014-04-14 02:19:42,944 INFO org.apache.hadoop.mapred.TaskTracker: reported output size for attempt_201404140216_0001_m_000012_0  was -1
2014-04-14 02:19:42,944 INFO org.apache.hadoop.mapred.TaskTracker: addFreeSlot : current free slots : 1
2014-04-14 02:19:42,945 INFO org.apache.hadoop.mapred.TaskTracker: In TaskLauncher, current free slots : 1 and trying to launch attempt_201404140216_0001_m_000016_0 which needs 1 slots
2014-04-14 02:19:42,969 INFO org.apache.hadoop.mapred.JvmManager: Killing JVM: jvm_201404140216_0001_m_1315504551
2014-04-14 02:19:42,975 INFO org.apache.hadoop.mapred.JvmManager: In JvmRunner constructed JVM ID: jvm_201404140216_0001_m_1914489131
2014-04-14 02:19:42,975 INFO org.apache.hadoop.mapred.JvmManager: JVM Runner jvm_201404140216_0001_m_1914489131 spawned.
2014-04-14 02:19:42,977 INFO org.apache.hadoop.mapred.TaskController: Writing commands to /tmp/hadoop/hadoop-mgrossman/mapred/local/ttprivate/taskTracker/mgrossman/jobcache/job_201404140216_0001/attempt_201404140216_0001_m_000016_0/taskjvm.sh
2014-04-14 02:19:44,521 INFO org.apache.hadoop.mapred.TaskTracker: JVM with ID: jvm_201404140216_0001_m_1914489131 given task: attempt_201404140216_0001_m_000016_0
2014-04-14 02:19:44,542 INFO org.apache.hadoop.mapred.TaskTracker: JVM with ID: jvm_201404140216_0001_m_602127022 given task: attempt_201404140216_0001_m_000015_0
2014-04-14 02:19:45,164 INFO org.apache.hadoop.mapred.TaskTracker: attempt_201404140216_0001_m_000014_0 1.0% 
2014-04-14 02:19:45,626 INFO org.apache.hadoop.mapred.TaskTracker: attempt_201404140216_0001_m_000013_0 1.0% 
2014-04-14 02:19:46,693 INFO org.apache.hadoop.mapred.JvmManager: JVM : jvm_201404140216_0001_m_1315504551 exited with exit code 0. Number of tasks it ran: 1
2014-04-14 02:19:46,708 INFO org.apache.hadoop.mapred.JvmManager: JVM : jvm_201404140216_0001_m_685153340 exited with exit code 0. Number of tasks it ran: 1
2014-04-14 02:19:47,500 INFO org.apache.hadoop.mapred.TaskTracker: Task attempt_201404140216_0001_m_000013_0 is in commit-pending, task state:COMMIT_PENDING
2014-04-14 02:19:47,501 INFO org.apache.hadoop.mapred.TaskTracker: attempt_201404140216_0001_m_000013_0 1.0% 
2014-04-14 02:19:48,242 INFO org.apache.hadoop.mapred.TaskTracker: attempt_201404140216_0001_m_000014_0 1.0% 
2014-04-14 02:19:48,680 INFO org.apache.hadoop.mapred.TaskTracker: attempt_201404140216_0001_m_000013_0 1.0% 
2014-04-14 02:19:49,605 INFO org.apache.hadoop.mapred.TaskTracker: LaunchTaskAction (registerTask): attempt_201404140216_0001_m_000017_0 task's state:UNASSIGNED
2014-04-14 02:19:49,606 INFO org.apache.hadoop.mapred.TaskTracker: Received commit task action for attempt_201404140216_0001_m_000013_0
2014-04-14 02:19:49,606 INFO org.apache.hadoop.mapred.TaskTracker: Trying to launch : attempt_201404140216_0001_m_000017_0 which needs 1 slots
2014-04-14 02:19:49,606 INFO org.apache.hadoop.mapred.TaskTracker: TaskLauncher : Waiting for 1 to launch attempt_201404140216_0001_m_000017_0, currently we have 0 free slots
2014-04-14 02:19:50,172 INFO org.apache.hadoop.mapred.TaskTracker: Task attempt_201404140216_0001_m_000014_0 is in commit-pending, task state:COMMIT_PENDING
2014-04-14 02:19:50,173 INFO org.apache.hadoop.mapred.TaskTracker: attempt_201404140216_0001_m_000014_0 1.0% 
2014-04-14 02:19:51,286 INFO org.apache.hadoop.mapred.TaskTracker: attempt_201404140216_0001_m_000014_0 1.0% 
2014-04-14 02:19:51,615 INFO org.apache.hadoop.mapred.TaskTracker: attempt_201404140216_0001_m_000015_0 1.0% 
2014-04-14 02:19:51,720 INFO org.apache.hadoop.mapred.TaskTracker: attempt_201404140216_0001_m_000013_0 1.0% 
2014-04-14 02:19:51,723 INFO org.apache.hadoop.mapred.TaskTracker: attempt_201404140216_0001_m_000013_0 1.0% 
2014-04-14 02:19:51,725 INFO org.apache.hadoop.mapred.TaskTracker: Task attempt_201404140216_0001_m_000013_0 is done.
2014-04-14 02:19:51,725 INFO org.apache.hadoop.mapred.TaskTracker: reported output size for attempt_201404140216_0001_m_000013_0  was -1
2014-04-14 02:19:51,726 INFO org.apache.hadoop.mapred.TaskTracker: addFreeSlot : current free slots : 1
2014-04-14 02:19:51,728 INFO org.apache.hadoop.mapred.TaskTracker: In TaskLauncher, current free slots : 1 and trying to launch attempt_201404140216_0001_m_000017_0 which needs 1 slots
2014-04-14 02:19:51,756 INFO org.apache.hadoop.mapred.TaskTracker: attempt_201404140216_0001_m_000016_0 1.0% 
2014-04-14 02:19:51,763 INFO org.apache.hadoop.mapred.JvmManager: Killing JVM: jvm_201404140216_0001_m_1913575233
2014-04-14 02:19:51,769 INFO org.apache.hadoop.mapred.JvmManager: In JvmRunner constructed JVM ID: jvm_201404140216_0001_m_2012541695
2014-04-14 02:19:51,770 INFO org.apache.hadoop.mapred.JvmManager: JVM Runner jvm_201404140216_0001_m_2012541695 spawned.
2014-04-14 02:19:51,775 INFO org.apache.hadoop.mapred.TaskController: Writing commands to /tmp/hadoop/hadoop-mgrossman/mapred/local/ttprivate/taskTracker/mgrossman/jobcache/job_201404140216_0001/attempt_201404140216_0001_m_000017_0/taskjvm.sh
2014-04-14 02:19:52,613 INFO org.apache.hadoop.mapred.TaskTracker: LaunchTaskAction (registerTask): attempt_201404140216_0001_m_000018_0 task's state:UNASSIGNED
2014-04-14 02:19:52,614 INFO org.apache.hadoop.mapred.TaskTracker: Trying to launch : attempt_201404140216_0001_m_000018_0 which needs 1 slots
2014-04-14 02:19:52,614 INFO org.apache.hadoop.mapred.TaskTracker: TaskLauncher : Waiting for 1 to launch attempt_201404140216_0001_m_000018_0, currently we have 0 free slots
2014-04-14 02:19:52,614 INFO org.apache.hadoop.mapred.TaskTracker: Received commit task action for attempt_201404140216_0001_m_000014_0
2014-04-14 02:19:52,720 INFO org.apache.hadoop.mapred.TaskTracker: JVM with ID: jvm_201404140216_0001_m_2012541695 given task: attempt_201404140216_0001_m_000017_0
2014-04-14 02:19:54,324 INFO org.apache.hadoop.mapred.TaskTracker: attempt_201404140216_0001_m_000014_0 1.0% 
2014-04-14 02:19:54,327 INFO org.apache.hadoop.mapred.TaskTracker: attempt_201404140216_0001_m_000014_0 1.0% 
2014-04-14 02:19:54,329 INFO org.apache.hadoop.mapred.TaskTracker: Task attempt_201404140216_0001_m_000014_0 is done.
2014-04-14 02:19:54,329 INFO org.apache.hadoop.mapred.TaskTracker: reported output size for attempt_201404140216_0001_m_000014_0  was -1
2014-04-14 02:19:54,329 INFO org.apache.hadoop.mapred.TaskTracker: addFreeSlot : current free slots : 1
2014-04-14 02:19:54,330 INFO org.apache.hadoop.mapred.TaskTracker: In TaskLauncher, current free slots : 1 and trying to launch attempt_201404140216_0001_m_000018_0 which needs 1 slots
2014-04-14 02:19:54,338 INFO org.apache.hadoop.mapred.JvmManager: Killing JVM: jvm_201404140216_0001_m_1932273880
2014-04-14 02:19:54,341 INFO org.apache.hadoop.mapred.JvmManager: In JvmRunner constructed JVM ID: jvm_201404140216_0001_m_1386623848
2014-04-14 02:19:54,341 INFO org.apache.hadoop.mapred.JvmManager: JVM Runner jvm_201404140216_0001_m_1386623848 spawned.
2014-04-14 02:19:54,344 INFO org.apache.hadoop.mapred.TaskController: Writing commands to /tmp/hadoop/hadoop-mgrossman/mapred/local/ttprivate/taskTracker/mgrossman/jobcache/job_201404140216_0001/attempt_201404140216_0001_m_000018_0/taskjvm.sh
2014-04-14 02:19:54,557 INFO org.apache.hadoop.mapred.JvmManager: JVM : jvm_201404140216_0001_m_1913575233 exited with exit code 0. Number of tasks it ran: 1
2014-04-14 02:19:54,682 INFO org.apache.hadoop.mapred.JvmManager: JVM : jvm_201404140216_0001_m_1932273880 exited with exit code 0. Number of tasks it ran: 1
2014-04-14 02:19:54,697 INFO org.apache.hadoop.mapred.TaskTracker: attempt_201404140216_0001_m_000015_0 1.0% 
2014-04-14 02:19:54,811 INFO org.apache.hadoop.mapred.TaskTracker: attempt_201404140216_0001_m_000016_0 1.0% 
2014-04-14 02:19:55,767 INFO org.apache.hadoop.mapred.TaskTracker: JVM with ID: jvm_201404140216_0001_m_1386623848 given task: attempt_201404140216_0001_m_000018_0
2014-04-14 02:19:57,852 INFO org.apache.hadoop.mapred.TaskTracker: attempt_201404140216_0001_m_000016_0 1.0% 
2014-04-14 02:19:59,562 INFO org.apache.hadoop.mapred.TaskTracker: attempt_201404140216_0001_m_000017_0 0.9486181% 
2014-04-14 02:19:59,600 INFO org.apache.hadoop.mapred.TaskTracker: Task attempt_201404140216_0001_m_000016_0 is in commit-pending, task state:COMMIT_PENDING
2014-04-14 02:19:59,600 INFO org.apache.hadoop.mapred.TaskTracker: attempt_201404140216_0001_m_000016_0 1.0% 
2014-04-14 02:20:00,734 INFO org.apache.hadoop.mapred.TaskTracker: attempt_201404140216_0001_m_000015_0 1.0% 
2014-04-14 02:20:00,892 INFO org.apache.hadoop.mapred.TaskTracker: attempt_201404140216_0001_m_000016_0 1.0% 
2014-04-14 02:20:01,646 INFO org.apache.hadoop.mapred.TaskTracker: LaunchTaskAction (registerTask): attempt_201404140216_0001_m_000019_0 task's state:UNASSIGNED
2014-04-14 02:20:01,647 INFO org.apache.hadoop.mapred.TaskTracker: Trying to launch : attempt_201404140216_0001_m_000019_0 which needs 1 slots
2014-04-14 02:20:01,647 INFO org.apache.hadoop.mapred.TaskTracker: TaskLauncher : Waiting for 1 to launch attempt_201404140216_0001_m_000019_0, currently we have 0 free slots
2014-04-14 02:20:01,647 INFO org.apache.hadoop.mapred.TaskTracker: Received commit task action for attempt_201404140216_0001_m_000016_0
2014-04-14 02:20:02,175 INFO org.apache.hadoop.mapred.TaskTracker: Task attempt_201404140216_0001_m_000015_0 is in commit-pending, task state:COMMIT_PENDING
2014-04-14 02:20:02,175 INFO org.apache.hadoop.mapred.TaskTracker: attempt_201404140216_0001_m_000015_0 1.0% 
2014-04-14 02:20:02,604 INFO org.apache.hadoop.mapred.TaskTracker: attempt_201404140216_0001_m_000017_0 1.0% 
2014-04-14 02:20:02,703 INFO org.apache.hadoop.mapred.TaskTracker: attempt_201404140216_0001_m_000018_0 0.90240294% 
2014-04-14 02:20:03,774 INFO org.apache.hadoop.mapred.TaskTracker: attempt_201404140216_0001_m_000015_0 1.0% 
2014-04-14 02:20:03,928 INFO org.apache.hadoop.mapred.TaskTracker: attempt_201404140216_0001_m_000016_0 1.0% 
2014-04-14 02:20:03,931 INFO org.apache.hadoop.mapred.TaskTracker: attempt_201404140216_0001_m_000016_0 1.0% 
2014-04-14 02:20:03,933 INFO org.apache.hadoop.mapred.TaskTracker: Task attempt_201404140216_0001_m_000016_0 is done.
2014-04-14 02:20:03,933 INFO org.apache.hadoop.mapred.TaskTracker: reported output size for attempt_201404140216_0001_m_000016_0  was -1
2014-04-14 02:20:03,934 INFO org.apache.hadoop.mapred.TaskTracker: addFreeSlot : current free slots : 1
2014-04-14 02:20:03,934 INFO org.apache.hadoop.mapred.TaskTracker: In TaskLauncher, current free slots : 1 and trying to launch attempt_201404140216_0001_m_000019_0 which needs 1 slots
2014-04-14 02:20:03,940 INFO org.apache.hadoop.mapred.JvmManager: Killing JVM: jvm_201404140216_0001_m_1914489131
2014-04-14 02:20:03,943 INFO org.apache.hadoop.mapred.JvmManager: In JvmRunner constructed JVM ID: jvm_201404140216_0001_m_1064753868
2014-04-14 02:20:03,944 INFO org.apache.hadoop.mapred.JvmManager: JVM Runner jvm_201404140216_0001_m_1064753868 spawned.
2014-04-14 02:20:03,946 INFO org.apache.hadoop.mapred.TaskController: Writing commands to /tmp/hadoop/hadoop-mgrossman/mapred/local/ttprivate/taskTracker/mgrossman/jobcache/job_201404140216_0001/attempt_201404140216_0001_m_000019_0/taskjvm.sh
2014-04-14 02:20:04,661 INFO org.apache.hadoop.mapred.TaskTracker: Received commit task action for attempt_201404140216_0001_m_000015_0
2014-04-14 02:20:04,980 INFO org.apache.hadoop.mapred.TaskTracker: JVM with ID: jvm_201404140216_0001_m_1064753868 given task: attempt_201404140216_0001_m_000019_0
2014-04-14 02:20:05,637 INFO org.apache.hadoop.mapred.TaskTracker: attempt_201404140216_0001_m_000017_0 1.0% 
2014-04-14 02:20:05,757 INFO org.apache.hadoop.mapred.TaskTracker: attempt_201404140216_0001_m_000018_0 1.0% 
2014-04-14 02:20:06,250 INFO org.apache.hadoop.mapred.JvmManager: JVM : jvm_201404140216_0001_m_1914489131 exited with exit code 0. Number of tasks it ran: 1
2014-04-14 02:20:06,830 INFO org.apache.hadoop.mapred.TaskTracker: attempt_201404140216_0001_m_000015_0 1.0% 
2014-04-14 02:20:06,833 INFO org.apache.hadoop.mapred.TaskTracker: attempt_201404140216_0001_m_000015_0 1.0% 
2014-04-14 02:20:06,837 INFO org.apache.hadoop.mapred.TaskTracker: Task attempt_201404140216_0001_m_000015_0 is done.
2014-04-14 02:20:06,837 INFO org.apache.hadoop.mapred.TaskTracker: reported output size for attempt_201404140216_0001_m_000015_0  was -1
2014-04-14 02:20:06,838 INFO org.apache.hadoop.mapred.TaskTracker: addFreeSlot : current free slots : 1
2014-04-14 02:20:06,931 INFO org.apache.hadoop.mapred.TaskTracker: Task attempt_201404140216_0001_m_000017_0 is in commit-pending, task state:COMMIT_PENDING
2014-04-14 02:20:06,931 INFO org.apache.hadoop.mapred.TaskTracker: attempt_201404140216_0001_m_000017_0 1.0% 
2014-04-14 02:20:07,677 INFO org.apache.hadoop.mapred.TaskTracker: Received commit task action for attempt_201404140216_0001_m_000017_0
2014-04-14 02:20:08,601 INFO org.apache.hadoop.mapred.JvmManager: JVM : jvm_201404140216_0001_m_602127022 exited with exit code 0. Number of tasks it ran: 1
2014-04-14 02:20:08,644 INFO org.apache.hadoop.mapred.TaskTracker: attempt_201404140216_0001_m_000017_0 1.0% 
2014-04-14 02:20:08,647 INFO org.apache.hadoop.mapred.TaskTracker: Task attempt_201404140216_0001_m_000017_0 is done.
2014-04-14 02:20:08,647 INFO org.apache.hadoop.mapred.TaskTracker: reported output size for attempt_201404140216_0001_m_000017_0  was -1
2014-04-14 02:20:08,647 INFO org.apache.hadoop.mapred.TaskTracker: addFreeSlot : current free slots : 2
2014-04-14 02:20:08,824 INFO org.apache.hadoop.mapred.TaskTracker: attempt_201404140216_0001_m_000018_0 1.0% 
2014-04-14 02:20:09,124 INFO org.apache.hadoop.mapred.JvmManager: JVM : jvm_201404140216_0001_m_2012541695 exited with exit code 0. Number of tasks it ran: 1
2014-04-14 02:20:09,253 INFO org.apache.hadoop.mapred.TaskTracker: Task attempt_201404140216_0001_m_000018_0 is in commit-pending, task state:COMMIT_PENDING
2014-04-14 02:20:09,253 INFO org.apache.hadoop.mapred.TaskTracker: attempt_201404140216_0001_m_000018_0 1.0% 
2014-04-14 02:20:10,691 INFO org.apache.hadoop.mapred.TaskTracker: Received commit task action for attempt_201404140216_0001_m_000018_0
2014-04-14 02:20:11,860 INFO org.apache.hadoop.mapred.TaskTracker: attempt_201404140216_0001_m_000018_0 1.0% 
2014-04-14 02:20:11,864 INFO org.apache.hadoop.mapred.TaskTracker: attempt_201404140216_0001_m_000018_0 1.0% 
2014-04-14 02:20:11,867 INFO org.apache.hadoop.mapred.TaskTracker: Task attempt_201404140216_0001_m_000018_0 is done.
2014-04-14 02:20:11,867 INFO org.apache.hadoop.mapred.TaskTracker: reported output size for attempt_201404140216_0001_m_000018_0  was -1
2014-04-14 02:20:11,867 INFO org.apache.hadoop.mapred.TaskTracker: addFreeSlot : current free slots : 3
2014-04-14 02:20:12,062 INFO org.apache.hadoop.mapred.TaskTracker: attempt_201404140216_0001_m_000019_0 1.0% 
2014-04-14 02:20:13,713 INFO org.apache.hadoop.mapred.JvmManager: JVM : jvm_201404140216_0001_m_1386623848 exited with exit code 0. Number of tasks it ran: 1
2014-04-14 02:20:14,510 INFO org.apache.hadoop.mapred.TaskTracker: Task attempt_201404140216_0001_m_000019_0 is in commit-pending, task state:COMMIT_PENDING
2014-04-14 02:20:14,510 INFO org.apache.hadoop.mapred.TaskTracker: attempt_201404140216_0001_m_000019_0 1.0% 
2014-04-14 02:20:15,092 INFO org.apache.hadoop.mapred.TaskTracker: attempt_201404140216_0001_m_000019_0 1.0% 
2014-04-14 02:20:16,711 INFO org.apache.hadoop.mapred.TaskTracker: Received commit task action for attempt_201404140216_0001_m_000019_0
2014-04-14 02:20:18,123 INFO org.apache.hadoop.mapred.TaskTracker: attempt_201404140216_0001_m_000019_0 1.0% 
2014-04-14 02:20:18,127 INFO org.apache.hadoop.mapred.TaskTracker: attempt_201404140216_0001_m_000019_0 1.0% 
2014-04-14 02:20:18,129 INFO org.apache.hadoop.mapred.TaskTracker: Task attempt_201404140216_0001_m_000019_0 is done.
2014-04-14 02:20:18,129 INFO org.apache.hadoop.mapred.TaskTracker: reported output size for attempt_201404140216_0001_m_000019_0  was -1
2014-04-14 02:20:18,129 INFO org.apache.hadoop.mapred.TaskTracker: addFreeSlot : current free slots : 4
2014-04-14 02:20:18,402 INFO org.apache.hadoop.mapred.JvmManager: JVM : jvm_201404140216_0001_m_1064753868 exited with exit code 0. Number of tasks it ran: 1
2014-04-14 02:20:19,736 INFO org.apache.hadoop.mapred.TaskTracker: LaunchTaskAction (registerTask): attempt_201404140216_0001_m_000020_0 task's state:UNASSIGNED
2014-04-14 02:20:19,736 INFO org.apache.hadoop.mapred.TaskTracker: Trying to launch : attempt_201404140216_0001_m_000020_0 which needs 1 slots
2014-04-14 02:20:19,737 INFO org.apache.hadoop.mapred.TaskTracker: In TaskLauncher, current free slots : 4 and trying to launch attempt_201404140216_0001_m_000020_0 which needs 1 slots
2014-04-14 02:20:19,745 INFO org.apache.hadoop.mapred.JvmManager: In JvmRunner constructed JVM ID: jvm_201404140216_0001_m_2065328759
2014-04-14 02:20:19,746 INFO org.apache.hadoop.mapred.JvmManager: JVM Runner jvm_201404140216_0001_m_2065328759 spawned.
2014-04-14 02:20:19,749 INFO org.apache.hadoop.mapred.TaskController: Writing commands to /tmp/hadoop/hadoop-mgrossman/mapred/local/ttprivate/taskTracker/mgrossman/jobcache/job_201404140216_0001/attempt_201404140216_0001_m_000020_0/taskjvm.sh
2014-04-14 02:20:20,895 INFO org.apache.hadoop.mapred.TaskTracker: JVM with ID: jvm_201404140216_0001_m_2065328759 given task: attempt_201404140216_0001_m_000020_0
2014-04-14 02:20:21,736 INFO org.apache.hadoop.mapred.TaskTracker: attempt_201404140216_0001_m_000020_0 0.0% 
2014-04-14 02:20:24,640 INFO org.apache.hadoop.mapred.TaskTracker: attempt_201404140216_0001_m_000020_0 0.0% cleanup
2014-04-14 02:20:24,642 INFO org.apache.hadoop.mapred.TaskTracker: Task attempt_201404140216_0001_m_000020_0 is done.
2014-04-14 02:20:24,642 INFO org.apache.hadoop.mapred.TaskTracker: reported output size for attempt_201404140216_0001_m_000020_0  was -1
2014-04-14 02:20:24,643 INFO org.apache.hadoop.mapred.TaskTracker: addFreeSlot : current free slots : 4
2014-04-14 02:20:24,874 INFO org.apache.hadoop.mapred.JvmManager: JVM : jvm_201404140216_0001_m_2065328759 exited with exit code 0. Number of tasks it ran: 1
2014-04-14 02:20:25,828 INFO org.apache.hadoop.mapred.TaskTracker: Received 'KillJobAction' for job: job_201404140216_0001
2014-04-14 02:20:25,829 INFO org.apache.hadoop.mapred.IndexCache: Map ID attempt_201404140216_0001_m_000000_0 not found in cache
2014-04-14 02:20:25,829 INFO org.apache.hadoop.mapred.IndexCache: Map ID attempt_201404140216_0001_m_000006_0 not found in cache
2014-04-14 02:20:25,830 INFO org.apache.hadoop.mapred.IndexCache: Map ID attempt_201404140216_0001_m_000020_0 not found in cache
2014-04-14 02:20:25,830 INFO org.apache.hadoop.mapred.IndexCache: Map ID attempt_201404140216_0001_m_000013_0 not found in cache
2014-04-14 02:20:25,830 INFO org.apache.hadoop.mapred.IndexCache: Map ID attempt_201404140216_0001_m_000019_0 not found in cache
2014-04-14 02:20:25,831 INFO org.apache.hadoop.mapred.IndexCache: Map ID attempt_201404140216_0001_m_000007_0 not found in cache
2014-04-14 02:20:25,831 INFO org.apache.hadoop.mapred.IndexCache: Map ID attempt_201404140216_0001_m_000018_0 not found in cache
2014-04-14 02:20:25,831 INFO org.apache.hadoop.mapred.IndexCache: Map ID attempt_201404140216_0001_m_000012_0 not found in cache
2014-04-14 02:20:25,832 INFO org.apache.hadoop.mapred.IndexCache: Map ID attempt_201404140216_0001_m_000017_0 not found in cache
2014-04-14 02:20:25,832 INFO org.apache.hadoop.mapred.IndexCache: Map ID attempt_201404140216_0001_m_000005_0 not found in cache
2014-04-14 02:20:25,832 INFO org.apache.hadoop.mapred.IndexCache: Map ID attempt_201404140216_0001_m_000011_0 not found in cache
2014-04-14 02:20:25,833 INFO org.apache.hadoop.mapred.IndexCache: Map ID attempt_201404140216_0001_m_000003_0 not found in cache
2014-04-14 02:20:25,833 INFO org.apache.hadoop.mapred.IndexCache: Map ID attempt_201404140216_0001_m_000009_0 not found in cache
2014-04-14 02:20:25,833 INFO org.apache.hadoop.mapred.IndexCache: Map ID attempt_201404140216_0001_m_000016_0 not found in cache
2014-04-14 02:20:25,833 INFO org.apache.hadoop.mapred.IndexCache: Map ID attempt_201404140216_0001_m_000004_0 not found in cache
2014-04-14 02:20:25,834 INFO org.apache.hadoop.mapred.IndexCache: Map ID attempt_201404140216_0001_m_000010_0 not found in cache
2014-04-14 02:20:25,834 INFO org.apache.hadoop.mapred.IndexCache: Map ID attempt_201404140216_0001_m_000015_0 not found in cache
2014-04-14 02:20:25,834 INFO org.apache.hadoop.mapred.IndexCache: Map ID attempt_201404140216_0001_m_000001_0 not found in cache
2014-04-14 02:20:25,834 INFO org.apache.hadoop.mapred.IndexCache: Map ID attempt_201404140216_0001_m_000008_0 not found in cache
2014-04-14 02:20:25,834 INFO org.apache.hadoop.mapred.IndexCache: Map ID attempt_201404140216_0001_m_000014_0 not found in cache
2014-04-14 02:20:25,834 INFO org.apache.hadoop.mapred.IndexCache: Map ID attempt_201404140216_0001_m_000002_0 not found in cache
2014-04-14 02:20:25,835 INFO org.apache.hadoop.mapred.UserLogCleaner: Adding job_201404140216_0001 for user-log deletion with retainTimeStamp:1397546425835
