2014-04-12 14:23:26,990 INFO org.apache.hadoop.mapred.TaskTracker: STARTUP_MSG: 
/************************************************************
STARTUP_MSG: Starting TaskTracker
STARTUP_MSG:   host = gpu-014.davinci.rice.edu/192.168.110.214
STARTUP_MSG:   args = []
STARTUP_MSG:   version = 1.0.4-SNAPSHOT
STARTUP_MSG:   build =  -r ; compiled by 'jmg3' on Fri Apr 11 17:54:37 CDT 2014
************************************************************/
2014-04-12 14:23:27,160 INFO org.apache.hadoop.metrics2.impl.MetricsConfig: loaded properties from hadoop-metrics2.properties
2014-04-12 14:23:27,215 INFO org.apache.hadoop.metrics2.impl.MetricsSourceAdapter: MBean for source MetricsSystem,sub=Stats registered.
2014-04-12 14:23:27,216 INFO org.apache.hadoop.metrics2.impl.MetricsSystemImpl: Scheduled snapshot period at 10 second(s).
2014-04-12 14:23:27,216 INFO org.apache.hadoop.metrics2.impl.MetricsSystemImpl: TaskTracker metrics system started
2014-04-12 14:23:27,359 INFO org.apache.hadoop.metrics2.impl.MetricsSourceAdapter: MBean for source ugi registered.
2014-04-12 14:23:27,530 INFO org.mortbay.log: Logging to org.slf4j.impl.Log4jLoggerAdapter(org.mortbay.log) via org.mortbay.log.Slf4jLog
2014-04-12 14:23:27,580 INFO org.apache.hadoop.http.HttpServer: Added global filtersafety (class=org.apache.hadoop.http.HttpServer$QuotingInputFilter)
2014-04-12 14:23:27,602 INFO org.apache.hadoop.mapred.TaskLogsTruncater: Initializing logs' truncater with mapRetainSize=-1 and reduceRetainSize=-1
2014-04-12 14:23:27,606 INFO org.apache.hadoop.mapred.TaskTracker: Starting tasktracker with owner as jmg3
2014-04-12 14:23:27,607 INFO org.apache.hadoop.mapred.TaskTracker: Good mapred local directories are: /tmp/hadoop/hadoop-jmg3/mapred/local
2014-04-12 14:23:27,610 WARN org.apache.hadoop.util.NativeCodeLoader: Unable to load native-hadoop library for your platform... using builtin-java classes where applicable
2014-04-12 14:23:27,617 INFO org.apache.hadoop.metrics2.impl.MetricsSourceAdapter: MBean for source jvm registered.
2014-04-12 14:23:27,617 INFO org.apache.hadoop.metrics2.impl.MetricsSourceAdapter: MBean for source TaskTrackerMetrics registered.
2014-04-12 14:23:27,630 INFO org.apache.hadoop.ipc.Server: Starting SocketReader
2014-04-12 14:23:27,632 INFO org.apache.hadoop.metrics2.impl.MetricsSourceAdapter: MBean for source RpcDetailedActivityForPort51865 registered.
2014-04-12 14:23:27,633 INFO org.apache.hadoop.metrics2.impl.MetricsSourceAdapter: MBean for source RpcActivityForPort51865 registered.
2014-04-12 14:23:27,635 INFO org.apache.hadoop.ipc.Server: IPC Server Responder: starting
2014-04-12 14:23:27,636 INFO org.apache.hadoop.ipc.Server: IPC Server listener on 51865: starting
2014-04-12 14:23:27,636 INFO org.apache.hadoop.ipc.Server: IPC Server handler 0 on 51865: starting
2014-04-12 14:23:27,637 INFO org.apache.hadoop.ipc.Server: IPC Server handler 1 on 51865: starting
2014-04-12 14:23:27,637 INFO org.apache.hadoop.ipc.Server: IPC Server handler 2 on 51865: starting
2014-04-12 14:23:27,638 INFO org.apache.hadoop.ipc.Server: IPC Server handler 3 on 51865: starting
2014-04-12 14:23:27,639 INFO org.apache.hadoop.ipc.Server: IPC Server handler 4 on 51865: starting
2014-04-12 14:23:27,639 INFO org.apache.hadoop.ipc.Server: IPC Server handler 5 on 51865: starting
2014-04-12 14:23:27,640 INFO org.apache.hadoop.ipc.Server: IPC Server handler 6 on 51865: starting
2014-04-12 14:23:27,640 INFO org.apache.hadoop.ipc.Server: IPC Server handler 7 on 51865: starting
2014-04-12 14:23:27,640 INFO org.apache.hadoop.ipc.Server: IPC Server handler 8 on 51865: starting
2014-04-12 14:23:27,641 INFO org.apache.hadoop.ipc.Server: IPC Server handler 9 on 51865: starting
2014-04-12 14:23:27,641 INFO org.apache.hadoop.ipc.Server: IPC Server handler 10 on 51865: starting
2014-04-12 14:23:27,642 INFO org.apache.hadoop.ipc.Server: IPC Server handler 11 on 51865: starting
2014-04-12 14:23:27,642 INFO org.apache.hadoop.ipc.Server: IPC Server handler 12 on 51865: starting
2014-04-12 14:23:27,642 INFO org.apache.hadoop.ipc.Server: IPC Server handler 13 on 51865: starting
2014-04-12 14:23:27,643 INFO org.apache.hadoop.ipc.Server: IPC Server handler 14 on 51865: starting
2014-04-12 14:23:27,643 INFO org.apache.hadoop.ipc.Server: IPC Server handler 15 on 51865: starting
2014-04-12 14:23:27,644 INFO org.apache.hadoop.ipc.Server: IPC Server handler 16 on 51865: starting
2014-04-12 14:23:27,644 INFO org.apache.hadoop.ipc.Server: IPC Server handler 17 on 51865: starting
2014-04-12 14:23:27,644 INFO org.apache.hadoop.ipc.Server: IPC Server handler 18 on 51865: starting
2014-04-12 14:23:27,645 INFO org.apache.hadoop.ipc.Server: IPC Server handler 19 on 51865: starting
2014-04-12 14:23:27,645 INFO org.apache.hadoop.ipc.Server: IPC Server handler 20 on 51865: starting
2014-04-12 14:23:27,646 INFO org.apache.hadoop.ipc.Server: IPC Server handler 21 on 51865: starting
2014-04-12 14:23:27,646 INFO org.apache.hadoop.mapred.TaskTracker: TaskTracker up at: localhost/127.0.0.1:51865
2014-04-12 14:23:27,646 INFO org.apache.hadoop.mapred.TaskTracker: Starting tracker tracker_gpu-014.davinci.rice.edu:localhost/127.0.0.1:51865
2014-04-12 14:23:27,646 INFO org.apache.hadoop.ipc.Server: IPC Server handler 22 on 51865: starting
2014-04-12 14:23:27,646 INFO org.apache.hadoop.ipc.Server: IPC Server handler 23 on 51865: starting
2014-04-12 14:23:27,685 INFO org.apache.hadoop.mapred.TaskTracker: Starting thread: Map-events fetcher for all reduce tasks on tracker_gpu-014.davinci.rice.edu:localhost/127.0.0.1:51865
2014-04-12 14:23:27,694 INFO org.apache.hadoop.util.ProcessTree: setsid exited with exit code 0
2014-04-12 14:23:27,698 INFO org.apache.hadoop.mapred.TaskTracker:  Using ResourceCalculatorPlugin : org.apache.hadoop.util.LinuxResourceCalculatorPlugin@4021065
2014-04-12 14:23:27,700 WARN org.apache.hadoop.mapred.TaskTracker: TaskTracker's totalMemoryAllottedForTasks is -1. TaskMemoryManager is disabled.
2014-04-12 14:23:27,703 INFO org.apache.hadoop.mapred.IndexCache: IndexCache created with max memory = 10485760
2014-04-12 14:23:28,386 INFO org.apache.hadoop.metrics2.impl.MetricsSourceAdapter: MBean for source ShuffleServerMetrics registered.
2014-04-12 14:23:28,389 INFO org.apache.hadoop.http.HttpServer: Port returned by webServer.getConnectors()[0].getLocalPort() before open() is -1. Opening the listener on 50061
2014-04-12 14:23:28,389 INFO org.apache.hadoop.http.HttpServer: listener.getLocalPort() returned 50061 webServer.getConnectors()[0].getLocalPort() returned 50061
2014-04-12 14:23:28,389 INFO org.apache.hadoop.http.HttpServer: Jetty bound to port 50061
2014-04-12 14:23:28,390 INFO org.mortbay.log: jetty-6.1.26
2014-04-12 14:23:28,662 INFO org.mortbay.log: Started SelectChannelConnector@0.0.0.0:50061
2014-04-12 14:23:28,662 INFO org.apache.hadoop.mapred.TaskTracker: FILE_CACHE_SIZE for mapOutputServlet set to : 2000
2014-04-12 14:24:52,923 INFO org.apache.hadoop.mapred.TaskTracker: LaunchTaskAction (registerTask): attempt_201404121423_0001_m_000013_0 task's state:UNASSIGNED
2014-04-12 14:24:52,926 INFO org.apache.hadoop.mapred.TaskTracker: Trying to launch : attempt_201404121423_0001_m_000013_0 which needs 1 slots
2014-04-12 14:24:52,927 INFO org.apache.hadoop.mapred.TaskTracker: In TaskLauncher, current free slots : 12 and trying to launch attempt_201404121423_0001_m_000013_0 which needs 1 slots
2014-04-12 14:24:53,081 INFO org.apache.hadoop.mapred.JobLocalizer: Initializing user jmg3 on this TT.
2014-04-12 14:24:53,215 INFO org.apache.hadoop.mapred.JvmManager: In JvmRunner constructed JVM ID: jvm_201404121423_0001_m_858341811
2014-04-12 14:24:53,215 INFO org.apache.hadoop.mapred.JvmManager: JVM Runner jvm_201404121423_0001_m_858341811 spawned.
2014-04-12 14:24:53,217 INFO org.apache.hadoop.mapred.TaskController: Writing commands to /tmp/hadoop/hadoop-jmg3/mapred/local/ttprivate/taskTracker/jmg3/jobcache/job_201404121423_0001/attempt_201404121423_0001_m_000013_0/taskjvm.sh
2014-04-12 14:24:53,875 INFO org.apache.hadoop.mapred.TaskTracker: JVM with ID: jvm_201404121423_0001_m_858341811 given task: attempt_201404121423_0001_m_000013_0
2014-04-12 14:24:57,305 INFO org.apache.hadoop.mapred.TaskTracker: attempt_201404121423_0001_m_000013_0 0.0% setup
2014-04-12 14:24:57,308 INFO org.apache.hadoop.mapred.TaskTracker: Task attempt_201404121423_0001_m_000013_0 is done.
2014-04-12 14:24:57,308 INFO org.apache.hadoop.mapred.TaskTracker: reported output size for attempt_201404121423_0001_m_000013_0  was -1
2014-04-12 14:24:57,309 INFO org.apache.hadoop.mapred.TaskTracker: addFreeSlot : current free slots : 12
2014-04-12 14:24:57,455 INFO org.apache.hadoop.mapred.JvmManager: JVM : jvm_201404121423_0001_m_858341811 exited with exit code 0. Number of tasks it ran: 1
2014-04-12 14:24:58,951 INFO org.apache.hadoop.mapred.TaskTracker: LaunchTaskAction (registerTask): attempt_201404121423_0001_m_000000_0 task's state:UNASSIGNED
2014-04-12 14:24:58,951 INFO org.apache.hadoop.mapred.TaskTracker: LaunchTaskAction (registerTask): attempt_201404121423_0001_m_000001_0 task's state:UNASSIGNED
2014-04-12 14:24:58,970 INFO org.apache.hadoop.mapred.TaskTracker: LaunchTaskAction (registerTask): attempt_201404121423_0001_m_000002_0 task's state:UNASSIGNED
2014-04-12 14:24:58,971 INFO org.apache.hadoop.mapred.TaskTracker: LaunchTaskAction (registerTask): attempt_201404121423_0001_m_000003_0 task's state:UNASSIGNED
2014-04-12 14:24:58,971 INFO org.apache.hadoop.mapred.TaskTracker: LaunchTaskAction (registerTask): attempt_201404121423_0001_m_000004_0 task's state:UNASSIGNED
2014-04-12 14:24:58,972 INFO org.apache.hadoop.mapred.TaskTracker: LaunchTaskAction (registerTask): attempt_201404121423_0001_m_000005_0 task's state:UNASSIGNED
2014-04-12 14:24:58,972 INFO org.apache.hadoop.mapred.TaskTracker: LaunchTaskAction (registerTask): attempt_201404121423_0001_m_000006_0 task's state:UNASSIGNED
2014-04-12 14:24:58,973 INFO org.apache.hadoop.mapred.TaskTracker: LaunchTaskAction (registerTask): attempt_201404121423_0001_m_000007_0 task's state:UNASSIGNED
2014-04-12 14:24:58,973 INFO org.apache.hadoop.mapred.TaskTracker: LaunchTaskAction (registerTask): attempt_201404121423_0001_m_000008_0 task's state:UNASSIGNED
2014-04-12 14:24:58,974 INFO org.apache.hadoop.mapred.TaskTracker: LaunchTaskAction (registerTask): attempt_201404121423_0001_m_000009_0 task's state:UNASSIGNED
2014-04-12 14:24:58,974 INFO org.apache.hadoop.mapred.TaskTracker: LaunchTaskAction (registerTask): attempt_201404121423_0001_m_000010_0 task's state:UNASSIGNED
2014-04-12 14:24:58,974 INFO org.apache.hadoop.mapred.TaskTracker: LaunchTaskAction (registerTask): attempt_201404121423_0001_m_000011_0 task's state:UNASSIGNED
2014-04-12 14:24:58,975 INFO org.apache.hadoop.mapred.TaskTracker: Trying to launch : attempt_201404121423_0001_m_000000_0 which needs 1 slots
2014-04-12 14:24:58,975 INFO org.apache.hadoop.mapred.TaskTracker: In TaskLauncher, current free slots : 12 and trying to launch attempt_201404121423_0001_m_000000_0 which needs 1 slots
2014-04-12 14:24:58,975 INFO org.apache.hadoop.mapred.TaskTracker: Received KillTaskAction for task: attempt_201404121423_0001_m_000013_0
2014-04-12 14:24:58,975 INFO org.apache.hadoop.mapred.TaskTracker: About to purge task: attempt_201404121423_0001_m_000013_0
2014-04-12 14:24:58,975 INFO org.apache.hadoop.mapred.TaskTracker: Trying to launch : attempt_201404121423_0001_m_000001_0 which needs 1 slots
2014-04-12 14:24:58,975 INFO org.apache.hadoop.mapred.TaskTracker: In TaskLauncher, current free slots : 11 and trying to launch attempt_201404121423_0001_m_000001_0 which needs 1 slots
2014-04-12 14:24:58,976 INFO org.apache.hadoop.mapred.IndexCache: Map ID attempt_201404121423_0001_m_000013_0 not found in cache
2014-04-12 14:24:58,976 INFO org.apache.hadoop.mapred.TaskTracker: Trying to launch : attempt_201404121423_0001_m_000002_0 which needs 1 slots
2014-04-12 14:24:58,976 INFO org.apache.hadoop.mapred.TaskTracker: In TaskLauncher, current free slots : 10 and trying to launch attempt_201404121423_0001_m_000002_0 which needs 1 slots
2014-04-12 14:24:58,977 INFO org.apache.hadoop.mapred.TaskTracker: Trying to launch : attempt_201404121423_0001_m_000003_0 which needs 1 slots
2014-04-12 14:24:58,978 INFO org.apache.hadoop.mapred.TaskTracker: In TaskLauncher, current free slots : 9 and trying to launch attempt_201404121423_0001_m_000003_0 which needs 1 slots
2014-04-12 14:24:58,979 INFO org.apache.hadoop.mapred.TaskTracker: Trying to launch : attempt_201404121423_0001_m_000004_0 which needs 1 slots
2014-04-12 14:24:58,979 INFO org.apache.hadoop.mapred.TaskTracker: In TaskLauncher, current free slots : 8 and trying to launch attempt_201404121423_0001_m_000004_0 which needs 1 slots
2014-04-12 14:24:58,979 INFO org.apache.hadoop.mapred.TaskTracker: Trying to launch : attempt_201404121423_0001_m_000005_0 which needs 1 slots
2014-04-12 14:24:58,979 INFO org.apache.hadoop.mapred.TaskTracker: In TaskLauncher, current free slots : 7 and trying to launch attempt_201404121423_0001_m_000005_0 which needs 1 slots
2014-04-12 14:24:58,980 INFO org.apache.hadoop.mapred.TaskTracker: Trying to launch : attempt_201404121423_0001_m_000006_0 which needs 1 slots
2014-04-12 14:24:58,980 INFO org.apache.hadoop.mapred.TaskTracker: In TaskLauncher, current free slots : 6 and trying to launch attempt_201404121423_0001_m_000006_0 which needs 1 slots
2014-04-12 14:24:58,980 INFO org.apache.hadoop.mapred.TaskTracker: Trying to launch : attempt_201404121423_0001_m_000007_0 which needs 1 slots
2014-04-12 14:24:58,980 INFO org.apache.hadoop.mapred.TaskTracker: In TaskLauncher, current free slots : 5 and trying to launch attempt_201404121423_0001_m_000007_0 which needs 1 slots
2014-04-12 14:24:58,982 INFO org.apache.hadoop.mapred.TaskTracker: Trying to launch : attempt_201404121423_0001_m_000008_0 which needs 1 slots
2014-04-12 14:24:58,982 INFO org.apache.hadoop.mapred.TaskTracker: In TaskLauncher, current free slots : 4 and trying to launch attempt_201404121423_0001_m_000008_0 which needs 1 slots
2014-04-12 14:24:58,983 INFO org.apache.hadoop.mapred.TaskTracker: Trying to launch : attempt_201404121423_0001_m_000009_0 which needs 1 slots
2014-04-12 14:24:58,984 INFO org.apache.hadoop.mapred.TaskTracker: In TaskLauncher, current free slots : 3 and trying to launch attempt_201404121423_0001_m_000009_0 which needs 1 slots
2014-04-12 14:24:58,985 INFO org.apache.hadoop.mapred.TaskTracker: Trying to launch : attempt_201404121423_0001_m_000010_0 which needs 1 slots
2014-04-12 14:24:58,985 INFO org.apache.hadoop.mapred.TaskTracker: In TaskLauncher, current free slots : 2 and trying to launch attempt_201404121423_0001_m_000010_0 which needs 1 slots
2014-04-12 14:24:58,985 INFO org.apache.hadoop.mapred.TaskTracker: Trying to launch : attempt_201404121423_0001_m_000011_0 which needs 1 slots
2014-04-12 14:24:58,985 INFO org.apache.hadoop.mapred.TaskTracker: In TaskLauncher, current free slots : 1 and trying to launch attempt_201404121423_0001_m_000011_0 which needs 1 slots
2014-04-12 14:24:58,990 INFO org.apache.hadoop.mapred.JvmManager: In JvmRunner constructed JVM ID: jvm_201404121423_0001_m_1257320652
2014-04-12 14:24:58,992 INFO org.apache.hadoop.mapred.JvmManager: JVM Runner jvm_201404121423_0001_m_1257320652 spawned.
2014-04-12 14:24:58,992 INFO org.apache.hadoop.mapred.JvmManager: In JvmRunner constructed JVM ID: jvm_201404121423_0001_m_918557049
2014-04-12 14:24:58,992 INFO org.apache.hadoop.mapred.JvmManager: JVM Runner jvm_201404121423_0001_m_918557049 spawned.
2014-04-12 14:24:58,992 INFO org.apache.hadoop.mapred.JvmManager: In JvmRunner constructed JVM ID: jvm_201404121423_0001_m_88370119
2014-04-12 14:24:58,993 INFO org.apache.hadoop.mapred.JvmManager: JVM Runner jvm_201404121423_0001_m_88370119 spawned.
2014-04-12 14:24:58,993 INFO org.apache.hadoop.mapred.JvmManager: In JvmRunner constructed JVM ID: jvm_201404121423_0001_m_306804075
2014-04-12 14:24:58,993 INFO org.apache.hadoop.mapred.JvmManager: JVM Runner jvm_201404121423_0001_m_306804075 spawned.
2014-04-12 14:24:58,994 INFO org.apache.hadoop.mapred.JvmManager: In JvmRunner constructed JVM ID: jvm_201404121423_0001_m_139434005
2014-04-12 14:24:58,994 INFO org.apache.hadoop.mapred.JvmManager: JVM Runner jvm_201404121423_0001_m_139434005 spawned.
2014-04-12 14:24:58,994 INFO org.apache.hadoop.mapred.JvmManager: In JvmRunner constructed JVM ID: jvm_201404121423_0001_m_1577585944
2014-04-12 14:24:58,995 INFO org.apache.hadoop.mapred.JvmManager: JVM Runner jvm_201404121423_0001_m_1577585944 spawned.
2014-04-12 14:24:58,995 INFO org.apache.hadoop.mapred.TaskController: Writing commands to /tmp/hadoop/hadoop-jmg3/mapred/local/ttprivate/taskTracker/jmg3/jobcache/job_201404121423_0001/attempt_201404121423_0001_m_000001_0/taskjvm.sh
2014-04-12 14:24:58,995 INFO org.apache.hadoop.mapred.JvmManager: In JvmRunner constructed JVM ID: jvm_201404121423_0001_m_1212112952
2014-04-12 14:24:58,996 INFO org.apache.hadoop.mapred.TaskController: Writing commands to /tmp/hadoop/hadoop-jmg3/mapred/local/ttprivate/taskTracker/jmg3/jobcache/job_201404121423_0001/attempt_201404121423_0001_m_000002_0/taskjvm.sh
2014-04-12 14:24:58,996 INFO org.apache.hadoop.mapred.JvmManager: JVM Runner jvm_201404121423_0001_m_1212112952 spawned.
2014-04-12 14:24:58,996 INFO org.apache.hadoop.mapred.TaskController: Writing commands to /tmp/hadoop/hadoop-jmg3/mapred/local/ttprivate/taskTracker/jmg3/jobcache/job_201404121423_0001/attempt_201404121423_0001_m_000000_0/taskjvm.sh
2014-04-12 14:24:58,996 INFO org.apache.hadoop.mapred.JvmManager: In JvmRunner constructed JVM ID: jvm_201404121423_0001_m_564004262
2014-04-12 14:24:58,996 INFO org.apache.hadoop.mapred.JvmManager: JVM Runner jvm_201404121423_0001_m_564004262 spawned.
2014-04-12 14:24:58,996 INFO org.apache.hadoop.mapred.TaskController: Writing commands to /tmp/hadoop/hadoop-jmg3/mapred/local/ttprivate/taskTracker/jmg3/jobcache/job_201404121423_0001/attempt_201404121423_0001_m_000004_0/taskjvm.sh
2014-04-12 14:24:58,997 INFO org.apache.hadoop.mapred.JvmManager: In JvmRunner constructed JVM ID: jvm_201404121423_0001_m_732978371
2014-04-12 14:24:58,997 INFO org.apache.hadoop.mapred.JvmManager: JVM Runner jvm_201404121423_0001_m_732978371 spawned.
2014-04-12 14:24:58,997 INFO org.apache.hadoop.mapred.TaskController: Writing commands to /tmp/hadoop/hadoop-jmg3/mapred/local/ttprivate/taskTracker/jmg3/jobcache/job_201404121423_0001/attempt_201404121423_0001_m_000007_0/taskjvm.sh
2014-04-12 14:24:58,997 INFO org.apache.hadoop.mapred.JvmManager: In JvmRunner constructed JVM ID: jvm_201404121423_0001_m_752659689
2014-04-12 14:24:58,997 INFO org.apache.hadoop.mapred.JvmManager: JVM Runner jvm_201404121423_0001_m_752659689 spawned.
2014-04-12 14:24:58,998 INFO org.apache.hadoop.mapred.JvmManager: In JvmRunner constructed JVM ID: jvm_201404121423_0001_m_32646952
2014-04-12 14:24:58,999 INFO org.apache.hadoop.mapred.JvmManager: JVM Runner jvm_201404121423_0001_m_32646952 spawned.
2014-04-12 14:24:58,999 INFO org.apache.hadoop.mapred.TaskController: Writing commands to /tmp/hadoop/hadoop-jmg3/mapred/local/ttprivate/taskTracker/jmg3/jobcache/job_201404121423_0001/attempt_201404121423_0001_m_000003_0/taskjvm.sh
2014-04-12 14:24:58,999 INFO org.apache.hadoop.mapred.TaskController: Writing commands to /tmp/hadoop/hadoop-jmg3/mapred/local/ttprivate/taskTracker/jmg3/jobcache/job_201404121423_0001/attempt_201404121423_0001_m_000009_0/taskjvm.sh
2014-04-12 14:24:58,999 INFO org.apache.hadoop.mapred.TaskController: Writing commands to /tmp/hadoop/hadoop-jmg3/mapred/local/ttprivate/taskTracker/jmg3/jobcache/job_201404121423_0001/attempt_201404121423_0001_m_000005_0/taskjvm.sh
2014-04-12 14:24:59,000 INFO org.apache.hadoop.mapred.TaskController: Writing commands to /tmp/hadoop/hadoop-jmg3/mapred/local/ttprivate/taskTracker/jmg3/jobcache/job_201404121423_0001/attempt_201404121423_0001_m_000008_0/taskjvm.sh
2014-04-12 14:24:59,000 INFO org.apache.hadoop.mapred.TaskController: Writing commands to /tmp/hadoop/hadoop-jmg3/mapred/local/ttprivate/taskTracker/jmg3/jobcache/job_201404121423_0001/attempt_201404121423_0001_m_000006_0/taskjvm.sh
2014-04-12 14:24:59,004 INFO org.apache.hadoop.mapred.JvmManager: In JvmRunner constructed JVM ID: jvm_201404121423_0001_m_462762055
2014-04-12 14:24:59,005 INFO org.apache.hadoop.mapred.JvmManager: JVM Runner jvm_201404121423_0001_m_462762055 spawned.
2014-04-12 14:24:59,007 INFO org.apache.hadoop.mapred.TaskController: Writing commands to /tmp/hadoop/hadoop-jmg3/mapred/local/ttprivate/taskTracker/jmg3/jobcache/job_201404121423_0001/attempt_201404121423_0001_m_000011_0/taskjvm.sh
2014-04-12 14:24:59,008 INFO org.apache.hadoop.mapred.TaskController: Writing commands to /tmp/hadoop/hadoop-jmg3/mapred/local/ttprivate/taskTracker/jmg3/jobcache/job_201404121423_0001/attempt_201404121423_0001_m_000010_0/taskjvm.sh
2014-04-12 14:25:00,030 INFO org.apache.hadoop.mapred.TaskTracker: JVM with ID: jvm_201404121423_0001_m_752659689 given task: attempt_201404121423_0001_m_000008_0
2014-04-12 14:25:00,032 INFO org.apache.hadoop.mapred.TaskTracker: JVM with ID: jvm_201404121423_0001_m_139434005 given task: attempt_201404121423_0001_m_000007_0
2014-04-12 14:25:00,038 INFO org.apache.hadoop.mapred.TaskTracker: JVM with ID: jvm_201404121423_0001_m_306804075 given task: attempt_201404121423_0001_m_000004_0
2014-04-12 14:25:00,066 INFO org.apache.hadoop.mapred.TaskTracker: JVM with ID: jvm_201404121423_0001_m_564004262 given task: attempt_201404121423_0001_m_000009_0
2014-04-12 14:25:00,091 INFO org.apache.hadoop.mapred.TaskTracker: JVM with ID: jvm_201404121423_0001_m_88370119 given task: attempt_201404121423_0001_m_000000_0
2014-04-12 14:25:00,106 INFO org.apache.hadoop.mapred.TaskTracker: JVM with ID: jvm_201404121423_0001_m_918557049 given task: attempt_201404121423_0001_m_000002_0
2014-04-12 14:25:00,113 INFO org.apache.hadoop.mapred.TaskTracker: JVM with ID: jvm_201404121423_0001_m_1257320652 given task: attempt_201404121423_0001_m_000001_0
2014-04-12 14:25:00,116 INFO org.apache.hadoop.mapred.TaskTracker: JVM with ID: jvm_201404121423_0001_m_1577585944 given task: attempt_201404121423_0001_m_000003_0
2014-04-12 14:25:00,117 INFO org.apache.hadoop.mapred.TaskTracker: JVM with ID: jvm_201404121423_0001_m_462762055 given task: attempt_201404121423_0001_m_000010_0
2014-04-12 14:25:00,123 INFO org.apache.hadoop.mapred.TaskTracker: JVM with ID: jvm_201404121423_0001_m_1212112952 given task: attempt_201404121423_0001_m_000005_0
2014-04-12 14:25:00,146 INFO org.apache.hadoop.mapred.TaskTracker: JVM with ID: jvm_201404121423_0001_m_732978371 given task: attempt_201404121423_0001_m_000006_0
2014-04-12 14:25:00,171 INFO org.apache.hadoop.mapred.TaskTracker: JVM with ID: jvm_201404121423_0001_m_32646952 given task: attempt_201404121423_0001_m_000011_0
2014-04-12 14:25:07,170 INFO org.apache.hadoop.mapred.TaskTracker: attempt_201404121423_0001_m_000009_0 0.16364864% 
2014-04-12 14:25:07,229 INFO org.apache.hadoop.mapred.TaskTracker: attempt_201404121423_0001_m_000004_0 0.19385853% 
2014-04-12 14:25:07,314 INFO org.apache.hadoop.mapred.TaskTracker: attempt_201404121423_0001_m_000007_0 0.15418734% 
2014-04-12 14:25:07,562 INFO org.apache.hadoop.mapred.TaskTracker: attempt_201404121423_0001_m_000003_0 0.16490941% 
2014-04-12 14:25:07,568 INFO org.apache.hadoop.mapred.TaskTracker: attempt_201404121423_0001_m_000008_0 0.2560689% 
2014-04-12 14:25:08,071 INFO org.apache.hadoop.mapred.TaskTracker: attempt_201404121423_0001_m_000005_0 0.12764272% 
2014-04-12 14:25:08,077 INFO org.apache.hadoop.mapred.TaskTracker: attempt_201404121423_0001_m_000001_0 0.13954043% 
2014-04-12 14:25:08,167 INFO org.apache.hadoop.mapred.TaskTracker: attempt_201404121423_0001_m_000002_0 0.12600845% 
2014-04-12 14:25:08,261 INFO org.apache.hadoop.mapred.TaskTracker: attempt_201404121423_0001_m_000011_0 0.13564849% 
2014-04-12 14:25:10,428 INFO org.apache.hadoop.mapred.TaskTracker: attempt_201404121423_0001_m_000009_0 0.36156982% 
2014-04-12 14:25:11,482 INFO org.apache.hadoop.mapred.TaskTracker: attempt_201404121423_0001_m_000005_0 0.280585% 
2014-04-12 14:25:11,482 INFO org.apache.hadoop.mapred.TaskTracker: attempt_201404121423_0001_m_000001_0 0.318394% 
2014-04-12 14:25:11,482 INFO org.apache.hadoop.mapred.TaskTracker: attempt_201404121423_0001_m_000008_0 0.4153345% 
2014-04-12 14:25:11,483 INFO org.apache.hadoop.mapred.TaskTracker: attempt_201404121423_0001_m_000003_0 0.30469483% 
2014-04-12 14:25:11,484 INFO org.apache.hadoop.mapred.TaskTracker: attempt_201404121423_0001_m_000006_0 0.28146476% 
2014-04-12 14:25:11,485 INFO org.apache.hadoop.mapred.TaskTracker: attempt_201404121423_0001_m_000007_0 0.30052105% 
2014-04-12 14:25:11,485 INFO org.apache.hadoop.mapred.TaskTracker: attempt_201404121423_0001_m_000004_0 0.35096124% 
2014-04-12 14:25:11,486 INFO org.apache.hadoop.mapred.TaskTracker: attempt_201404121423_0001_m_000010_0 0.22089513% 
2014-04-12 14:25:11,486 INFO org.apache.hadoop.mapred.TaskTracker: attempt_201404121423_0001_m_000000_0 0.28643498% 
2014-04-12 14:25:11,523 INFO org.apache.hadoop.mapred.TaskTracker: attempt_201404121423_0001_m_000002_0 0.2995371% 
2014-04-12 14:25:11,622 INFO org.apache.hadoop.mapred.TaskTracker: attempt_201404121423_0001_m_000011_0 0.31622866% 
2014-04-12 14:25:14,820 INFO org.apache.hadoop.mapred.TaskTracker: attempt_201404121423_0001_m_000000_0 0.41434404% 
2014-04-12 14:25:16,475 INFO org.apache.hadoop.mapred.TaskTracker: attempt_201404121423_0001_m_000008_0 0.53450054% 
2014-04-12 14:25:16,476 INFO org.apache.hadoop.mapred.TaskTracker: attempt_201404121423_0001_m_000011_0 0.41269842% 
2014-04-12 14:25:16,477 INFO org.apache.hadoop.mapred.TaskTracker: attempt_201404121423_0001_m_000002_0 0.38347018% 
2014-04-12 14:25:16,479 INFO org.apache.hadoop.mapred.TaskTracker: attempt_201404121423_0001_m_000006_0 0.4083835% 
2014-04-12 14:25:16,481 INFO org.apache.hadoop.mapred.TaskTracker: attempt_201404121423_0001_m_000010_0 0.3365921% 
2014-04-12 14:25:16,481 INFO org.apache.hadoop.mapred.TaskTracker: attempt_201404121423_0001_m_000003_0 0.42581972% 
2014-04-12 14:25:16,482 INFO org.apache.hadoop.mapred.TaskTracker: attempt_201404121423_0001_m_000009_0 0.3877047% 
2014-04-12 14:25:16,483 INFO org.apache.hadoop.mapred.TaskTracker: attempt_201404121423_0001_m_000001_0 0.413519% 
2014-04-12 14:25:16,484 INFO org.apache.hadoop.mapred.TaskTracker: attempt_201404121423_0001_m_000004_0 0.4843153% 
2014-04-12 14:25:16,484 INFO org.apache.hadoop.mapred.TaskTracker: attempt_201404121423_0001_m_000007_0 0.40056002% 
2014-04-12 14:25:16,485 INFO org.apache.hadoop.mapred.TaskTracker: attempt_201404121423_0001_m_000005_0 0.382433% 
2014-04-12 14:25:19,874 INFO org.apache.hadoop.mapred.TaskTracker: attempt_201404121423_0001_m_000009_0 0.51778215% 
2014-04-12 14:25:19,877 INFO org.apache.hadoop.mapred.TaskTracker: attempt_201404121423_0001_m_000002_0 0.4860738% 
2014-04-12 14:25:19,880 INFO org.apache.hadoop.mapred.TaskTracker: attempt_201404121423_0001_m_000004_0 0.5984919% 
2014-04-12 14:25:19,885 INFO org.apache.hadoop.mapred.TaskTracker: attempt_201404121423_0001_m_000008_0 0.6459082% 
2014-04-12 14:25:19,903 INFO org.apache.hadoop.mapred.TaskTracker: attempt_201404121423_0001_m_000005_0 0.4843247% 
2014-04-12 14:25:20,105 INFO org.apache.hadoop.mapred.TaskTracker: attempt_201404121423_0001_m_000000_0 0.52624255% 
2014-04-12 14:25:20,119 INFO org.apache.hadoop.mapred.TaskTracker: attempt_201404121423_0001_m_000011_0 0.53602636% 
2014-04-12 14:25:20,190 INFO org.apache.hadoop.mapred.TaskTracker: attempt_201404121423_0001_m_000001_0 0.53069925% 
2014-04-12 14:25:20,326 INFO org.apache.hadoop.mapred.TaskTracker: attempt_201404121423_0001_m_000010_0 0.46555498% 
2014-04-12 14:25:20,359 INFO org.apache.hadoop.mapred.TaskTracker: attempt_201404121423_0001_m_000007_0 0.53542536% 
2014-04-12 14:25:20,615 INFO org.apache.hadoop.mapred.TaskTracker: attempt_201404121423_0001_m_000006_0 0.522262% 
2014-04-12 14:25:20,666 INFO org.apache.hadoop.mapred.TaskTracker: attempt_201404121423_0001_m_000003_0 0.5346988% 
2014-04-12 14:25:23,172 INFO org.apache.hadoop.mapred.TaskTracker: attempt_201404121423_0001_m_000009_0 0.5361859% 
2014-04-12 14:25:23,244 INFO org.apache.hadoop.mapred.TaskTracker: attempt_201404121423_0001_m_000008_0 0.7335078% 
2014-04-12 14:25:23,308 INFO org.apache.hadoop.mapred.TaskTracker: attempt_201404121423_0001_m_000004_0 0.6773262% 
2014-04-12 14:25:23,373 INFO org.apache.hadoop.mapred.TaskTracker: attempt_201404121423_0001_m_000002_0 0.53073317% 
2014-04-12 14:25:23,397 INFO org.apache.hadoop.mapred.TaskTracker: attempt_201404121423_0001_m_000011_0 0.60789573% 
2014-04-12 14:25:23,552 INFO org.apache.hadoop.mapred.TaskTracker: attempt_201404121423_0001_m_000000_0 0.6121051% 
2014-04-12 14:25:23,570 INFO org.apache.hadoop.mapred.TaskTracker: attempt_201404121423_0001_m_000001_0 0.60218453% 
2014-04-12 14:25:23,573 INFO org.apache.hadoop.mapred.TaskTracker: attempt_201404121423_0001_m_000005_0 0.53296745% 
2014-04-12 14:25:23,708 INFO org.apache.hadoop.mapred.TaskTracker: attempt_201404121423_0001_m_000007_0 0.6140686% 
2014-04-12 14:25:23,968 INFO org.apache.hadoop.mapred.TaskTracker: attempt_201404121423_0001_m_000006_0 0.6085254% 
2014-04-12 14:25:24,000 INFO org.apache.hadoop.mapred.TaskTracker: attempt_201404121423_0001_m_000003_0 0.6220695% 
2014-04-12 14:25:24,201 INFO org.apache.hadoop.mapred.TaskTracker: attempt_201404121423_0001_m_000010_0 0.5340358% 
2014-04-12 14:25:26,529 INFO org.apache.hadoop.mapred.TaskTracker: attempt_201404121423_0001_m_000009_0 0.6419148% 
2014-04-12 14:25:26,605 INFO org.apache.hadoop.mapred.TaskTracker: attempt_201404121423_0001_m_000008_0 0.8067064% 
2014-04-12 14:25:26,646 INFO org.apache.hadoop.mapred.TaskTracker: attempt_201404121423_0001_m_000004_0 0.78616786% 
2014-04-12 14:25:26,790 INFO org.apache.hadoop.mapred.TaskTracker: attempt_201404121423_0001_m_000002_0 0.63681906% 
2014-04-12 14:25:26,877 INFO org.apache.hadoop.mapred.TaskTracker: attempt_201404121423_0001_m_000011_0 0.68589634% 
2014-04-12 14:25:26,905 INFO org.apache.hadoop.mapred.TaskTracker: attempt_201404121423_0001_m_000001_0 0.67496794% 
2014-04-12 14:25:26,924 INFO org.apache.hadoop.mapred.TaskTracker: attempt_201404121423_0001_m_000000_0 0.70239174% 
2014-04-12 14:25:26,928 INFO org.apache.hadoop.mapred.TaskTracker: attempt_201404121423_0001_m_000005_0 0.6468323% 
2014-04-12 14:25:27,059 INFO org.apache.hadoop.mapred.TaskTracker: attempt_201404121423_0001_m_000007_0 0.6866784% 
2014-04-12 14:25:27,295 INFO org.apache.hadoop.mapred.TaskTracker: attempt_201404121423_0001_m_000003_0 0.6933968% 
2014-04-12 14:25:27,416 INFO org.apache.hadoop.mapred.TaskTracker: attempt_201404121423_0001_m_000006_0 0.7229464% 
2014-04-12 14:25:27,509 INFO org.apache.hadoop.mapred.TaskTracker: attempt_201404121423_0001_m_000010_0 0.63425523% 
2014-04-12 14:25:29,886 INFO org.apache.hadoop.mapred.TaskTracker: attempt_201404121423_0001_m_000008_0 0.903768% 
2014-04-12 14:25:29,905 INFO org.apache.hadoop.mapred.TaskTracker: attempt_201404121423_0001_m_000009_0 0.7546715% 
2014-04-12 14:25:29,966 INFO org.apache.hadoop.mapred.TaskTracker: attempt_201404121423_0001_m_000004_0 0.8799851% 
2014-04-12 14:25:30,217 INFO org.apache.hadoop.mapred.TaskTracker: attempt_201404121423_0001_m_000005_0 0.72434294% 
2014-04-12 14:25:30,235 INFO org.apache.hadoop.mapred.TaskTracker: attempt_201404121423_0001_m_000002_0 0.7382518% 
2014-04-12 14:25:30,397 INFO org.apache.hadoop.mapred.TaskTracker: attempt_201404121423_0001_m_000011_0 0.78637075% 
2014-04-12 14:25:30,431 INFO org.apache.hadoop.mapred.TaskTracker: attempt_201404121423_0001_m_000000_0 0.790491% 
2014-04-12 14:25:30,591 INFO org.apache.hadoop.mapred.TaskTracker: attempt_201404121423_0001_m_000003_0 0.7901902% 
2014-04-12 14:25:30,705 INFO org.apache.hadoop.mapred.TaskTracker: attempt_201404121423_0001_m_000006_0 0.80265826% 
2014-04-12 14:25:30,820 INFO org.apache.hadoop.mapred.TaskTracker: attempt_201404121423_0001_m_000010_0 0.70965093% 
2014-04-12 14:25:30,935 INFO org.apache.hadoop.mapred.TaskTracker: attempt_201404121423_0001_m_000001_0 0.7810269% 
2014-04-12 14:25:31,810 INFO org.apache.hadoop.mapred.TaskTracker: attempt_201404121423_0001_m_000007_0 0.7824553% 
2014-04-12 14:25:33,308 INFO org.apache.hadoop.mapred.TaskTracker: attempt_201404121423_0001_m_000008_0 0.9939045% 
2014-04-12 14:25:33,328 INFO org.apache.hadoop.mapred.TaskTracker: attempt_201404121423_0001_m_000004_0 0.9529518% 
2014-04-12 14:25:33,356 INFO org.apache.hadoop.mapred.TaskTracker: attempt_201404121423_0001_m_000009_0 0.8440931% 
2014-04-12 14:25:33,504 INFO org.apache.hadoop.mapred.TaskTracker: attempt_201404121423_0001_m_000005_0 0.8020577% 
2014-04-12 14:25:33,683 INFO org.apache.hadoop.mapred.TaskTracker: attempt_201404121423_0001_m_000002_0 0.82773036% 
2014-04-12 14:25:33,765 INFO org.apache.hadoop.mapred.TaskTracker: attempt_201404121423_0001_m_000011_0 0.8818216% 
2014-04-12 14:25:33,868 INFO org.apache.hadoop.mapred.TaskTracker: attempt_201404121423_0001_m_000000_0 0.88247436% 
2014-04-12 14:25:33,983 INFO org.apache.hadoop.mapred.TaskTracker: attempt_201404121423_0001_m_000006_0 0.8959781% 
2014-04-12 14:25:34,019 INFO org.apache.hadoop.mapred.TaskTracker: attempt_201404121423_0001_m_000003_0 0.8933681% 
2014-04-12 14:25:34,089 INFO org.apache.hadoop.mapred.TaskTracker: attempt_201404121423_0001_m_000010_0 0.80654913% 
2014-04-12 14:25:34,242 INFO org.apache.hadoop.mapred.TaskTracker: attempt_201404121423_0001_m_000001_0 0.86833483% 
2014-04-12 14:25:35,103 INFO org.apache.hadoop.mapred.TaskTracker: attempt_201404121423_0001_m_000007_0 0.8877081% 
2014-04-12 14:25:36,523 INFO org.apache.hadoop.mapred.TaskTracker: attempt_201404121423_0001_m_000008_0 1.0% 
2014-04-12 14:25:36,533 INFO org.apache.hadoop.mapred.TaskTracker: attempt_201404121423_0001_m_000004_0 1.0% 
2014-04-12 14:25:36,649 INFO org.apache.hadoop.mapred.TaskTracker: attempt_201404121423_0001_m_000009_0 0.9478169% 
2014-04-12 14:25:36,965 INFO org.apache.hadoop.mapred.TaskTracker: attempt_201404121423_0001_m_000002_0 0.91082144% 
2014-04-12 14:25:37,015 INFO org.apache.hadoop.mapred.TaskTracker: attempt_201404121423_0001_m_000011_0 0.9831445% 
2014-04-12 14:25:37,180 INFO org.apache.hadoop.mapred.TaskTracker: attempt_201404121423_0001_m_000000_0 0.997874% 
2014-04-12 14:25:37,251 INFO org.apache.hadoop.mapred.TaskTracker: attempt_201404121423_0001_m_000003_0 0.9940074% 
2014-04-12 14:25:37,265 INFO org.apache.hadoop.mapred.TaskTracker: attempt_201404121423_0001_m_000006_0 0.97086436% 
2014-04-12 14:25:37,403 INFO org.apache.hadoop.mapred.TaskTracker: attempt_201404121423_0001_m_000005_0 0.9068164% 
2014-04-12 14:25:37,426 INFO org.apache.hadoop.mapred.TaskTracker: attempt_201404121423_0001_m_000010_0 0.9312317% 
2014-04-12 14:25:37,469 INFO org.apache.hadoop.mapred.TaskTracker: attempt_201404121423_0001_m_000001_0 0.9505318% 
2014-04-12 14:25:38,323 INFO org.apache.hadoop.mapred.TaskTracker: attempt_201404121423_0001_m_000007_0 0.9808649% 
2014-04-12 14:25:39,812 INFO org.apache.hadoop.mapred.TaskTracker: attempt_201404121423_0001_m_000008_0 1.0% 
2014-04-12 14:25:39,812 INFO org.apache.hadoop.mapred.TaskTracker: attempt_201404121423_0001_m_000009_0 1.0% 
2014-04-12 14:25:39,822 INFO org.apache.hadoop.mapred.TaskTracker: attempt_201404121423_0001_m_000004_0 1.0% 
2014-04-12 14:25:40,203 INFO org.apache.hadoop.mapred.TaskTracker: attempt_201404121423_0001_m_000002_0 1.0% 
2014-04-12 14:25:40,226 INFO org.apache.hadoop.mapred.TaskTracker: attempt_201404121423_0001_m_000011_0 1.0% 
2014-04-12 14:25:40,365 INFO org.apache.hadoop.mapred.TaskTracker: attempt_201404121423_0001_m_000000_0 1.0% 
2014-04-12 14:25:40,512 INFO org.apache.hadoop.mapred.TaskTracker: attempt_201404121423_0001_m_000003_0 1.0% 
2014-04-12 14:25:40,548 INFO org.apache.hadoop.mapred.TaskTracker: attempt_201404121423_0001_m_000006_0 1.0% 
2014-04-12 14:25:40,606 INFO org.apache.hadoop.mapred.TaskTracker: attempt_201404121423_0001_m_000005_0 1.0% 
2014-04-12 14:25:40,737 INFO org.apache.hadoop.mapred.TaskTracker: attempt_201404121423_0001_m_000010_0 1.0% 
2014-04-12 14:25:40,792 INFO org.apache.hadoop.mapred.TaskTracker: attempt_201404121423_0001_m_000001_0 1.0% 
2014-04-12 14:25:41,505 INFO org.apache.hadoop.mapred.TaskTracker: attempt_201404121423_0001_m_000007_0 1.0% 
2014-04-12 14:25:42,897 INFO org.apache.hadoop.mapred.TaskTracker: attempt_201404121423_0001_m_000008_0 1.0% 
2014-04-12 14:25:42,939 INFO org.apache.hadoop.mapred.TaskTracker: attempt_201404121423_0001_m_000004_0 1.0% 
2014-04-12 14:25:42,969 INFO org.apache.hadoop.mapred.TaskTracker: attempt_201404121423_0001_m_000009_0 1.0% 
2014-04-12 14:25:43,343 INFO org.apache.hadoop.mapred.TaskTracker: attempt_201404121423_0001_m_000002_0 1.0% 
2014-04-12 14:25:43,410 INFO org.apache.hadoop.mapred.TaskTracker: attempt_201404121423_0001_m_000011_0 1.0% 
2014-04-12 14:25:43,510 INFO org.apache.hadoop.mapred.TaskTracker: attempt_201404121423_0001_m_000000_0 1.0% 
2014-04-12 14:25:43,620 INFO org.apache.hadoop.mapred.TaskTracker: attempt_201404121423_0001_m_000003_0 1.0% 
2014-04-12 14:25:43,702 INFO org.apache.hadoop.mapred.TaskTracker: attempt_201404121423_0001_m_000006_0 1.0% 
2014-04-12 14:25:43,703 INFO org.apache.hadoop.mapred.TaskTracker: attempt_201404121423_0001_m_000005_0 1.0% 
2014-04-12 14:25:43,862 INFO org.apache.hadoop.mapred.TaskTracker: attempt_201404121423_0001_m_000010_0 1.0% 
2014-04-12 14:25:43,883 INFO org.apache.hadoop.mapred.TaskTracker: attempt_201404121423_0001_m_000001_0 1.0% 
2014-04-12 14:25:44,620 INFO org.apache.hadoop.mapred.TaskTracker: attempt_201404121423_0001_m_000007_0 1.0% 
2014-04-12 14:25:46,030 INFO org.apache.hadoop.mapred.TaskTracker: attempt_201404121423_0001_m_000008_0 1.0% 
2014-04-12 14:25:46,055 INFO org.apache.hadoop.mapred.TaskTracker: attempt_201404121423_0001_m_000009_0 1.0% 
2014-04-12 14:25:46,254 INFO org.apache.hadoop.mapred.TaskTracker: attempt_201404121423_0001_m_000004_0 1.0% 
2014-04-12 14:25:46,454 INFO org.apache.hadoop.mapred.TaskTracker: attempt_201404121423_0001_m_000002_0 1.0% 
2014-04-12 14:25:46,642 INFO org.apache.hadoop.mapred.TaskTracker: attempt_201404121423_0001_m_000000_0 1.0% 
2014-04-12 14:25:46,654 INFO org.apache.hadoop.mapred.TaskTracker: attempt_201404121423_0001_m_000011_0 1.0% 
2014-04-12 14:25:46,786 INFO org.apache.hadoop.mapred.TaskTracker: attempt_201404121423_0001_m_000006_0 1.0% 
2014-04-12 14:25:46,791 INFO org.apache.hadoop.mapred.TaskTracker: attempt_201404121423_0001_m_000005_0 1.0% 
2014-04-12 14:25:46,988 INFO org.apache.hadoop.mapred.TaskTracker: attempt_201404121423_0001_m_000010_0 1.0% 
2014-04-12 14:25:47,002 INFO org.apache.hadoop.mapred.TaskTracker: attempt_201404121423_0001_m_000001_0 1.0% 
2014-04-12 14:25:47,103 INFO org.apache.hadoop.mapred.TaskTracker: attempt_201404121423_0001_m_000003_0 1.0% 
2014-04-12 14:25:47,691 INFO org.apache.hadoop.mapred.TaskTracker: attempt_201404121423_0001_m_000007_0 1.0% 
2014-04-12 14:25:49,111 INFO org.apache.hadoop.mapred.TaskTracker: attempt_201404121423_0001_m_000008_0 1.0% 
2014-04-12 14:25:49,209 INFO org.apache.hadoop.mapred.TaskTracker: attempt_201404121423_0001_m_000009_0 1.0% 
2014-04-12 14:25:49,365 INFO org.apache.hadoop.mapred.TaskTracker: attempt_201404121423_0001_m_000004_0 1.0% 
2014-04-12 14:25:49,528 INFO org.apache.hadoop.mapred.TaskTracker: attempt_201404121423_0001_m_000002_0 1.0% 
2014-04-12 14:25:49,701 INFO org.apache.hadoop.mapred.TaskTracker: attempt_201404121423_0001_m_000011_0 1.0% 
2014-04-12 14:25:49,736 INFO org.apache.hadoop.mapred.TaskTracker: attempt_201404121423_0001_m_000000_0 1.0% 
2014-04-12 14:25:49,828 INFO org.apache.hadoop.mapred.TaskTracker: attempt_201404121423_0001_m_000006_0 1.0% 
2014-04-12 14:25:49,871 INFO org.apache.hadoop.mapred.TaskTracker: attempt_201404121423_0001_m_000005_0 1.0% 
2014-04-12 14:25:50,036 INFO org.apache.hadoop.mapred.TaskTracker: attempt_201404121423_0001_m_000001_0 1.0% 
2014-04-12 14:25:50,509 INFO org.apache.hadoop.mapred.TaskTracker: attempt_201404121423_0001_m_000003_0 1.0% 
2014-04-12 14:25:50,510 INFO org.apache.hadoop.mapred.TaskTracker: attempt_201404121423_0001_m_000010_0 1.0% 
2014-04-12 14:25:50,762 INFO org.apache.hadoop.mapred.TaskTracker: attempt_201404121423_0001_m_000007_0 1.0% 
2014-04-12 14:25:52,148 INFO org.apache.hadoop.mapred.TaskTracker: attempt_201404121423_0001_m_000008_0 1.0% 
2014-04-12 14:25:52,244 INFO org.apache.hadoop.mapred.TaskTracker: attempt_201404121423_0001_m_000009_0 1.0% 
2014-04-12 14:25:52,419 INFO org.apache.hadoop.mapred.TaskTracker: attempt_201404121423_0001_m_000004_0 1.0% 
2014-04-12 14:25:52,569 INFO org.apache.hadoop.mapred.TaskTracker: attempt_201404121423_0001_m_000002_0 1.0% 
2014-04-12 14:25:52,739 INFO org.apache.hadoop.mapred.TaskTracker: attempt_201404121423_0001_m_000011_0 1.0% 
2014-04-12 14:25:53,868 INFO org.apache.hadoop.mapred.TaskTracker: attempt_201404121423_0001_m_000007_0 1.0% 
2014-04-12 14:25:53,868 INFO org.apache.hadoop.mapred.TaskTracker: attempt_201404121423_0001_m_000010_0 1.0% 
2014-04-12 14:25:53,869 INFO org.apache.hadoop.mapred.TaskTracker: attempt_201404121423_0001_m_000001_0 1.0% 
2014-04-12 14:25:53,869 INFO org.apache.hadoop.mapred.TaskTracker: attempt_201404121423_0001_m_000003_0 1.0% 
2014-04-12 14:25:53,869 INFO org.apache.hadoop.mapred.TaskTracker: attempt_201404121423_0001_m_000006_0 1.0% 
2014-04-12 14:25:53,870 INFO org.apache.hadoop.mapred.TaskTracker: attempt_201404121423_0001_m_000005_0 1.0% 
2014-04-12 14:25:53,870 INFO org.apache.hadoop.mapred.TaskTracker: attempt_201404121423_0001_m_000000_0 1.0% 
2014-04-12 14:25:55,179 INFO org.apache.hadoop.mapred.TaskTracker: attempt_201404121423_0001_m_000008_0 1.0% 
2014-04-12 14:25:55,182 INFO org.apache.hadoop.mapred.TaskTracker: attempt_201404121423_0001_m_000008_0 1.0% 
2014-04-12 14:25:55,183 INFO org.apache.hadoop.mapred.TaskTracker: Task attempt_201404121423_0001_m_000008_0 is done.
2014-04-12 14:25:55,183 INFO org.apache.hadoop.mapred.TaskTracker: reported output size for attempt_201404121423_0001_m_000008_0  was 52413369
2014-04-12 14:25:55,315 INFO org.apache.hadoop.mapred.TaskTracker: attempt_201404121423_0001_m_000009_0 1.0% 
2014-04-12 14:25:55,318 INFO org.apache.hadoop.mapred.TaskTracker: attempt_201404121423_0001_m_000009_0 1.0% 
2014-04-12 14:25:55,320 INFO org.apache.hadoop.mapred.TaskTracker: Task attempt_201404121423_0001_m_000009_0 is done.
2014-04-12 14:25:55,320 INFO org.apache.hadoop.mapred.TaskTracker: reported output size for attempt_201404121423_0001_m_000009_0  was 52197794
2014-04-12 14:25:55,451 INFO org.apache.hadoop.mapred.TaskTracker: attempt_201404121423_0001_m_000004_0 1.0% 
2014-04-12 14:25:55,600 INFO org.apache.hadoop.mapred.TaskTracker: attempt_201404121423_0001_m_000002_0 1.0% 
2014-04-12 14:25:55,603 INFO org.apache.hadoop.mapred.TaskTracker: attempt_201404121423_0001_m_000002_0 1.0% 
2014-04-12 14:25:56,086 INFO org.apache.hadoop.mapred.TaskTracker: Task attempt_201404121423_0001_m_000002_0 is done.
2014-04-12 14:25:56,086 INFO org.apache.hadoop.mapred.TaskTracker: reported output size for attempt_201404121423_0001_m_000002_0  was 52183163
2014-04-12 14:25:56,873 INFO org.apache.hadoop.mapred.TaskTracker: attempt_201404121423_0001_m_000001_0 1.0% 
2014-04-12 14:25:58,592 INFO org.apache.hadoop.mapred.JvmManager: JVM : jvm_201404121423_0001_m_752659689 exited with exit code 0. Number of tasks it ran: 1
2014-04-12 14:25:58,592 INFO org.apache.hadoop.mapred.JvmManager: JVM : jvm_201404121423_0001_m_564004262 exited with exit code 0. Number of tasks it ran: 1
2014-04-12 14:25:58,592 INFO org.apache.hadoop.mapred.JvmManager: JVM : jvm_201404121423_0001_m_918557049 exited with exit code 0. Number of tasks it ran: 1
2014-04-12 14:25:58,785 INFO org.apache.hadoop.mapred.TaskTracker: addFreeSlot : current free slots : 1
2014-04-12 14:25:58,785 INFO org.apache.hadoop.mapred.TaskTracker: addFreeSlot : current free slots : 2
2014-04-12 14:25:58,785 INFO org.apache.hadoop.mapred.TaskTracker: addFreeSlot : current free slots : 3
2014-04-12 14:25:58,785 INFO org.apache.hadoop.mapred.TaskTracker: attempt_201404121423_0001_m_000004_0 1.0% 
2014-04-12 14:25:58,786 INFO org.apache.hadoop.mapred.TaskTracker: attempt_201404121423_0001_m_000007_0 1.0% 
2014-04-12 14:25:58,786 INFO org.apache.hadoop.mapred.TaskTracker: attempt_201404121423_0001_m_000005_0 1.0% 
2014-04-12 14:25:58,786 INFO org.apache.hadoop.mapred.TaskTracker: attempt_201404121423_0001_m_000010_0 1.0% 
2014-04-12 14:25:58,787 INFO org.apache.hadoop.mapred.TaskTracker: attempt_201404121423_0001_m_000003_0 1.0% 
2014-04-12 14:25:58,787 INFO org.apache.hadoop.mapred.TaskTracker: attempt_201404121423_0001_m_000011_0 1.0% 
2014-04-12 14:25:58,787 INFO org.apache.hadoop.mapred.TaskTracker: Task attempt_201404121423_0001_m_000001_0 is done.
2014-04-12 14:25:58,787 INFO org.apache.hadoop.mapred.TaskTracker: reported output size for attempt_201404121423_0001_m_000001_0  was 51879895
2014-04-12 14:25:58,789 INFO org.apache.hadoop.mapred.TaskTracker: attempt_201404121423_0001_m_000004_0 1.0% 
2014-04-12 14:25:58,790 INFO org.apache.hadoop.mapred.TaskTracker: attempt_201404121423_0001_m_000007_0 1.0% 
2014-04-12 14:25:58,790 INFO org.apache.hadoop.mapred.TaskTracker: attempt_201404121423_0001_m_000003_0 1.0% 
2014-04-12 14:25:58,792 INFO org.apache.hadoop.mapred.TaskTracker: attempt_201404121423_0001_m_000011_0 1.0% 
2014-04-12 14:25:58,793 INFO org.apache.hadoop.mapred.TaskTracker: attempt_201404121423_0001_m_000010_0 1.0% 
2014-04-12 14:25:58,793 INFO org.apache.hadoop.mapred.TaskTracker: attempt_201404121423_0001_m_000005_0 1.0% 
2014-04-12 14:25:58,793 INFO org.apache.hadoop.mapred.TaskTracker: Task attempt_201404121423_0001_m_000007_0 is done.
2014-04-12 14:25:58,793 INFO org.apache.hadoop.mapred.TaskTracker: reported output size for attempt_201404121423_0001_m_000007_0  was 52796914
2014-04-12 14:25:58,794 INFO org.apache.hadoop.mapred.TaskTracker: Task attempt_201404121423_0001_m_000010_0 is done.
2014-04-12 14:25:58,794 INFO org.apache.hadoop.mapred.TaskTracker: reported output size for attempt_201404121423_0001_m_000010_0  was 52584223
2014-04-12 14:25:58,794 INFO org.apache.hadoop.mapred.TaskTracker: Task attempt_201404121423_0001_m_000011_0 is done.
2014-04-12 14:25:58,794 INFO org.apache.hadoop.mapred.TaskTracker: reported output size for attempt_201404121423_0001_m_000011_0  was 51261824
2014-04-12 14:25:58,794 INFO org.apache.hadoop.mapred.TaskTracker: Task attempt_201404121423_0001_m_000003_0 is done.
2014-04-12 14:25:58,794 INFO org.apache.hadoop.mapred.TaskTracker: reported output size for attempt_201404121423_0001_m_000003_0  was 52804633
2014-04-12 14:25:58,794 INFO org.apache.hadoop.mapred.TaskTracker: Task attempt_201404121423_0001_m_000004_0 is done.
2014-04-12 14:25:58,794 INFO org.apache.hadoop.mapred.TaskTracker: reported output size for attempt_201404121423_0001_m_000004_0  was 51961174
2014-04-12 14:25:58,795 INFO org.apache.hadoop.mapred.TaskTracker: Task attempt_201404121423_0001_m_000005_0 is done.
2014-04-12 14:25:58,795 INFO org.apache.hadoop.mapred.TaskTracker: reported output size for attempt_201404121423_0001_m_000005_0  was 52209478
2014-04-12 14:25:59,124 INFO org.apache.hadoop.mapred.TaskTracker: addFreeSlot : current free slots : 4
2014-04-12 14:25:59,126 INFO org.apache.hadoop.mapred.TaskTracker: addFreeSlot : current free slots : 5
2014-04-12 14:25:59,128 INFO org.apache.hadoop.mapred.TaskTracker: addFreeSlot : current free slots : 6
2014-04-12 14:25:59,128 INFO org.apache.hadoop.mapred.TaskTracker: addFreeSlot : current free slots : 7
2014-04-12 14:25:59,132 INFO org.apache.hadoop.mapred.TaskTracker: addFreeSlot : current free slots : 8
2014-04-12 14:25:59,145 INFO org.apache.hadoop.mapred.TaskTracker: addFreeSlot : current free slots : 9
2014-04-12 14:25:59,154 INFO org.apache.hadoop.mapred.JvmManager: JVM : jvm_201404121423_0001_m_139434005 exited with exit code 0. Number of tasks it ran: 1
2014-04-12 14:25:59,159 INFO org.apache.hadoop.mapred.TaskTracker: addFreeSlot : current free slots : 10
2014-04-12 14:25:59,160 INFO org.apache.hadoop.mapred.TaskTracker: LaunchTaskAction (registerTask): attempt_201404121423_0001_r_000000_0 task's state:UNASSIGNED
2014-04-12 14:25:59,160 INFO org.apache.hadoop.mapred.TaskTracker: Trying to launch : attempt_201404121423_0001_r_000000_0 which needs 1 slots
2014-04-12 14:25:59,160 INFO org.apache.hadoop.mapred.TaskTracker: In TaskLauncher, current free slots : 2 and trying to launch attempt_201404121423_0001_r_000000_0 which needs 1 slots
2014-04-12 14:25:59,293 INFO org.apache.hadoop.mapred.JvmManager: JVM : jvm_201404121423_0001_m_1257320652 exited with exit code 0. Number of tasks it ran: 1
2014-04-12 14:25:59,300 INFO org.apache.hadoop.mapred.JvmManager: In JvmRunner constructed JVM ID: jvm_201404121423_0001_r_858341811
2014-04-12 14:25:59,300 INFO org.apache.hadoop.mapred.JvmManager: JVM Runner jvm_201404121423_0001_r_858341811 spawned.
2014-04-12 14:25:59,302 INFO org.apache.hadoop.mapred.TaskController: Writing commands to /tmp/hadoop/hadoop-jmg3/mapred/local/ttprivate/taskTracker/jmg3/jobcache/job_201404121423_0001/attempt_201404121423_0001_r_000000_0/taskjvm.sh
2014-04-12 14:25:59,329 INFO org.apache.hadoop.mapred.JvmManager: JVM : jvm_201404121423_0001_m_1577585944 exited with exit code 0. Number of tasks it ran: 1
2014-04-12 14:25:59,330 INFO org.apache.hadoop.mapred.JvmManager: JVM : jvm_201404121423_0001_m_306804075 exited with exit code 0. Number of tasks it ran: 1
2014-04-12 14:25:59,330 INFO org.apache.hadoop.mapred.JvmManager: JVM : jvm_201404121423_0001_m_462762055 exited with exit code 0. Number of tasks it ran: 1
2014-04-12 14:25:59,330 INFO org.apache.hadoop.mapred.JvmManager: JVM : jvm_201404121423_0001_m_32646952 exited with exit code 0. Number of tasks it ran: 1
2014-04-12 14:25:59,331 INFO org.apache.hadoop.mapred.JvmManager: JVM : jvm_201404121423_0001_m_1212112952 exited with exit code 0. Number of tasks it ran: 1
2014-04-12 14:25:59,877 INFO org.apache.hadoop.mapred.TaskTracker: attempt_201404121423_0001_m_000000_0 1.0% 
2014-04-12 14:25:59,877 INFO org.apache.hadoop.mapred.TaskTracker: Task attempt_201404121423_0001_m_000000_0 is done.
2014-04-12 14:25:59,877 INFO org.apache.hadoop.mapred.TaskTracker: reported output size for attempt_201404121423_0001_m_000000_0  was 52440243
2014-04-12 14:25:59,903 INFO org.apache.hadoop.mapred.TaskTracker: attempt_201404121423_0001_m_000006_0 1.0% 
2014-04-12 14:25:59,905 INFO org.apache.hadoop.mapred.TaskTracker: attempt_201404121423_0001_m_000006_0 1.0% 
2014-04-12 14:25:59,906 INFO org.apache.hadoop.mapred.TaskTracker: Task attempt_201404121423_0001_m_000006_0 is done.
2014-04-12 14:25:59,906 INFO org.apache.hadoop.mapred.TaskTracker: reported output size for attempt_201404121423_0001_m_000006_0  was 51778793
2014-04-12 14:26:00,075 INFO org.apache.hadoop.mapred.TaskTracker: JVM with ID: jvm_201404121423_0001_r_858341811 given task: attempt_201404121423_0001_r_000000_0
2014-04-12 14:26:00,119 INFO org.apache.hadoop.mapred.TaskTracker: addFreeSlot : current free slots : 11
2014-04-12 14:26:00,147 INFO org.apache.hadoop.mapred.TaskTracker: addFreeSlot : current free slots : 12
2014-04-12 14:26:02,182 INFO org.apache.hadoop.mapred.TaskTracker: LaunchTaskAction (registerTask): attempt_201404121423_0001_r_000001_0 task's state:UNASSIGNED
2014-04-12 14:26:03,973 INFO org.apache.hadoop.mapred.TaskTracker: Trying to launch : attempt_201404121423_0001_r_000001_0 which needs 1 slots
2014-04-12 14:26:03,973 INFO org.apache.hadoop.mapred.TaskTracker: In TaskLauncher, current free slots : 1 and trying to launch attempt_201404121423_0001_r_000001_0 which needs 1 slots
2014-04-12 14:26:03,979 INFO org.apache.hadoop.mapred.JvmManager: In JvmRunner constructed JVM ID: jvm_201404121423_0001_r_1257320652
2014-04-12 14:26:03,979 INFO org.apache.hadoop.mapred.JvmManager: JVM Runner jvm_201404121423_0001_r_1257320652 spawned.
2014-04-12 14:26:03,981 INFO org.apache.hadoop.mapred.TaskController: Writing commands to /tmp/hadoop/hadoop-jmg3/mapred/local/ttprivate/taskTracker/jmg3/jobcache/job_201404121423_0001/attempt_201404121423_0001_r_000001_0/taskjvm.sh
2014-04-12 14:26:04,092 INFO org.apache.hadoop.mapred.JvmManager: JVM : jvm_201404121423_0001_m_88370119 exited with exit code 0. Number of tasks it ran: 1
2014-04-12 14:26:04,092 INFO org.apache.hadoop.mapred.JvmManager: JVM : jvm_201404121423_0001_m_732978371 exited with exit code 0. Number of tasks it ran: 1
2014-04-12 14:26:04,587 INFO org.apache.hadoop.mapred.TaskTracker: JVM with ID: jvm_201404121423_0001_r_1257320652 given task: attempt_201404121423_0001_r_000001_0
2014-04-12 14:26:06,030 INFO org.apache.hadoop.mapred.TaskTracker.clienttrace: src: 192.168.110.214:50061, dest: 192.168.110.214:52306, bytes: 25708849, op: MAPRED_SHUFFLE, cliID: attempt_201404121423_0001_m_000002_0, duration: 98799764
2014-04-12 14:26:06,657 INFO org.apache.hadoop.mapred.TaskTracker: attempt_201404121423_0001_r_000000_0 0.02777778% reduce > copy (1 of 12 at 4.09 MB/s) > 
2014-04-12 14:26:06,743 INFO org.apache.hadoop.mapred.TaskTracker.clienttrace: src: 192.168.110.214:50061, dest: 192.168.110.214:52307, bytes: 25812046, op: MAPRED_SHUFFLE, cliID: attempt_201404121423_0001_m_000008_0, duration: 711804303
2014-04-12 14:26:08,725 INFO org.apache.hadoop.mapred.TaskTracker.clienttrace: src: 192.168.110.214:50061, dest: 192.168.110.214:52308, bytes: 25672726, op: MAPRED_SHUFFLE, cliID: attempt_201404121423_0001_m_000009_0, duration: 1978370046
2014-04-12 14:26:08,810 INFO org.apache.hadoop.mapred.TaskTracker.clienttrace: src: 192.168.110.214:50061, dest: 192.168.110.214:52309, bytes: 25823427, op: MAPRED_SHUFFLE, cliID: attempt_201404121423_0001_m_000000_0, duration: 82788260
2014-04-12 14:26:09,796 INFO org.apache.hadoop.mapred.TaskTracker.clienttrace: src: 192.168.110.214:50061, dest: 192.168.110.214:52310, bytes: 25557681, op: MAPRED_SHUFFLE, cliID: attempt_201404121423_0001_m_000001_0, duration: 984578277
2014-04-12 14:26:10,799 INFO org.apache.hadoop.mapred.TaskTracker.clienttrace: src: 192.168.110.214:50061, dest: 192.168.110.214:52311, bytes: 26055732, op: MAPRED_SHUFFLE, cliID: attempt_201404121423_0001_m_000003_0, duration: 1001334414
2014-04-12 14:26:10,818 INFO org.apache.hadoop.mapred.TaskTracker.clienttrace: src: 192.168.110.214:50061, dest: 192.168.110.214:52313, bytes: 2424832, op: MAPRED_SHUFFLE, cliID: attempt_201404121423_0001_m_000004_0, duration: 17216773
2014-04-12 14:26:10,819 ERROR org.mortbay.log: /mapOutput
java.nio.channels.CancelledKeyException
	at sun.nio.ch.SelectionKeyImpl.ensureValid(SelectionKeyImpl.java:73)
	at sun.nio.ch.SelectionKeyImpl.interestOps(SelectionKeyImpl.java:77)
	at org.mortbay.io.nio.SelectChannelEndPoint.updateKey(SelectChannelEndPoint.java:325)
	at org.mortbay.io.nio.SelectChannelEndPoint.blockWritable(SelectChannelEndPoint.java:278)
	at org.mortbay.jetty.AbstractGenerator$Output.blockForOutput(AbstractGenerator.java:545)
	at org.mortbay.jetty.AbstractGenerator$Output.flush(AbstractGenerator.java:572)
	at org.mortbay.jetty.HttpConnection$Output.flush(HttpConnection.java:1012)
	at org.mortbay.jetty.AbstractGenerator$Output.write(AbstractGenerator.java:651)
	at org.mortbay.jetty.AbstractGenerator$Output.write(AbstractGenerator.java:580)
	at org.apache.hadoop.mapred.TaskTracker$MapOutputServlet.doGet(TaskTracker.java:4133)
	at javax.servlet.http.HttpServlet.service(HttpServlet.java:707)
	at javax.servlet.http.HttpServlet.service(HttpServlet.java:820)
	at org.mortbay.jetty.servlet.ServletHolder.handle(ServletHolder.java:511)
	at org.mortbay.jetty.servlet.ServletHandler$CachedChain.doFilter(ServletHandler.java:1221)
	at org.apache.hadoop.http.HttpServer$QuotingInputFilter.doFilter(HttpServer.java:835)
	at org.mortbay.jetty.servlet.ServletHandler$CachedChain.doFilter(ServletHandler.java:1212)
	at org.mortbay.jetty.servlet.ServletHandler.handle(ServletHandler.java:399)
	at org.mortbay.jetty.security.SecurityHandler.handle(SecurityHandler.java:216)
	at org.mortbay.jetty.servlet.SessionHandler.handle(SessionHandler.java:182)
	at org.mortbay.jetty.handler.ContextHandler.handle(ContextHandler.java:766)
	at org.mortbay.jetty.webapp.WebAppContext.handle(WebAppContext.java:450)
	at org.mortbay.jetty.handler.ContextHandlerCollection.handle(ContextHandlerCollection.java:230)
	at org.mortbay.jetty.handler.HandlerWrapper.handle(HandlerWrapper.java:152)
	at org.mortbay.jetty.Server.handle(Server.java:326)
	at org.mortbay.jetty.HttpConnection.handleRequest(HttpConnection.java:542)
	at org.mortbay.jetty.HttpConnection$RequestHandler.headerComplete(HttpConnection.java:928)
	at org.mortbay.jetty.HttpParser.parseNext(HttpParser.java:549)
	at org.mortbay.jetty.HttpParser.parseAvailable(HttpParser.java:212)
	at org.mortbay.jetty.HttpConnection.handle(HttpConnection.java:404)
	at org.mortbay.io.nio.SelectChannelEndPoint.run(SelectChannelEndPoint.java:410)
	at org.mortbay.thread.QueuedThreadPool$PoolThread.run(QueuedThreadPool.java:582)
2014-04-12 14:26:10,844 INFO org.apache.hadoop.mapred.TaskTracker.clienttrace: src: 192.168.110.214:50061, dest: 192.168.110.214:52312, bytes: 26474314, op: MAPRED_SHUFFLE, cliID: attempt_201404121423_0001_m_000002_0, duration: 587875436
2014-04-12 14:26:11,683 INFO org.apache.hadoop.mapred.TaskTracker: attempt_201404121423_0001_r_000000_0 0.16666667% reduce > copy (6 of 12 at 13.41 MB/s) > 
2014-04-12 14:26:11,725 INFO org.apache.hadoop.mapred.TaskTracker: attempt_201404121423_0001_r_000001_0 0.02777778% reduce > copy (1 of 12 at 4.21 MB/s) > 
2014-04-12 14:26:11,837 INFO org.apache.hadoop.mapred.TaskTracker.clienttrace: src: 192.168.110.214:50061, dest: 192.168.110.214:52314, bytes: 26601323, op: MAPRED_SHUFFLE, cliID: attempt_201404121423_0001_m_000008_0, duration: 990656179
2014-04-12 14:26:12,818 INFO org.apache.hadoop.mapred.TaskTracker.clienttrace: src: 192.168.110.214:50061, dest: 192.168.110.214:52314, bytes: 26525068, op: MAPRED_SHUFFLE, cliID: attempt_201404121423_0001_m_000009_0, duration: 975371876
2014-04-12 14:26:13,846 INFO org.apache.hadoop.mapred.TaskTracker.clienttrace: src: 192.168.110.214:50061, dest: 192.168.110.214:52315, bytes: 26616816, op: MAPRED_SHUFFLE, cliID: attempt_201404121423_0001_m_000000_0, duration: 1025691965
2014-04-12 14:26:14,718 INFO org.apache.hadoop.mapred.TaskTracker: attempt_201404121423_0001_r_000000_0 0.16666667% reduce > copy (6 of 12 at 13.41 MB/s) > 
2014-04-12 14:26:14,776 INFO org.apache.hadoop.mapred.TaskTracker: attempt_201404121423_0001_r_000001_0 0.11111112% reduce > copy (4 of 12 at 11.26 MB/s) > 
2014-04-12 14:26:14,866 INFO org.apache.hadoop.mapred.TaskTracker.clienttrace: src: 192.168.110.214:50061, dest: 192.168.110.214:52316, bytes: 26322214, op: MAPRED_SHUFFLE, cliID: attempt_201404121423_0001_m_000001_0, duration: 1019055894
2014-04-12 14:26:14,930 INFO org.apache.hadoop.mapred.TaskTracker.clienttrace: src: 192.168.110.214:50061, dest: 192.168.110.214:52317, bytes: 26748901, op: MAPRED_SHUFFLE, cliID: attempt_201404121423_0001_m_000003_0, duration: 61118071
2014-04-12 14:26:15,938 INFO org.apache.hadoop.mapred.TaskTracker.clienttrace: src: 192.168.110.214:50061, dest: 192.168.110.214:52317, bytes: 26385406, op: MAPRED_SHUFFLE, cliID: attempt_201404121423_0001_m_000004_0, duration: 1003639841
2014-04-12 14:26:16,962 INFO org.apache.hadoop.mapred.TaskTracker.clienttrace: src: 192.168.110.214:50061, dest: 192.168.110.214:52317, bytes: 26445736, op: MAPRED_SHUFFLE, cliID: attempt_201404121423_0001_m_000005_0, duration: 1010912914
2014-04-12 14:26:17,810 INFO org.apache.hadoop.mapred.TaskTracker: attempt_201404121423_0001_r_000001_0 0.22222224% reduce > copy (8 of 12 at 16.86 MB/s) > 
2014-04-12 14:26:17,980 INFO org.apache.hadoop.mapred.TaskTracker.clienttrace: src: 192.168.110.214:50061, dest: 192.168.110.214:52317, bytes: 26198223, op: MAPRED_SHUFFLE, cliID: attempt_201404121423_0001_m_000006_0, duration: 1010479226
2014-04-12 14:26:18,053 INFO org.apache.hadoop.mapred.TaskTracker.clienttrace: src: 192.168.110.214:50061, dest: 192.168.110.214:52317, bytes: 26755869, op: MAPRED_SHUFFLE, cliID: attempt_201404121423_0001_m_000007_0, duration: 71432391
2014-04-12 14:26:19,057 INFO org.apache.hadoop.mapred.TaskTracker.clienttrace: src: 192.168.110.214:50061, dest: 192.168.110.214:52317, bytes: 26699601, op: MAPRED_SHUFFLE, cliID: attempt_201404121423_0001_m_000010_0, duration: 953147962
2014-04-12 14:26:20,074 INFO org.apache.hadoop.mapred.TaskTracker.clienttrace: src: 192.168.110.214:50061, dest: 192.168.110.214:52317, bytes: 25955407, op: MAPRED_SHUFFLE, cliID: attempt_201404121423_0001_m_000011_0, duration: 1007080648
2014-04-12 14:26:20,666 INFO org.apache.hadoop.mapred.TaskTracker: attempt_201404121423_0001_r_000001_0 0.22222224% reduce > copy (8 of 12 at 16.86 MB/s) > 
2014-04-12 14:26:20,752 INFO org.apache.hadoop.mapred.TaskTracker: attempt_201404121423_0001_r_000000_0 0.16666667% reduce > copy (6 of 12 at 13.41 MB/s) > 
2014-04-12 14:26:20,844 INFO org.apache.hadoop.mapred.TaskTracker: attempt_201404121423_0001_r_000001_0 0.33333334% reduce > sort
2014-04-12 14:26:21,551 INFO org.apache.hadoop.mapred.TaskTracker: attempt_201404121423_0001_r_000001_0 0.33333334% reduce > sort
2014-04-12 14:26:23,879 INFO org.apache.hadoop.mapred.TaskTracker: attempt_201404121423_0001_r_000001_0 0.66669124% reduce > reduce
2014-04-12 14:26:24,332 INFO org.apache.hadoop.mapred.TaskTracker: Task attempt_201404121423_0001_r_000001_0 is in commit-pending, task state:COMMIT_PENDING
2014-04-12 14:26:24,332 INFO org.apache.hadoop.mapred.TaskTracker: attempt_201404121423_0001_r_000001_0 0.66669124% reduce > reduce
2014-04-12 14:26:25,882 INFO org.apache.hadoop.mapred.TaskTracker.clienttrace: src: 192.168.110.214:50061, dest: 192.168.110.214:52323, bytes: 25575768, op: MAPRED_SHUFFLE, cliID: attempt_201404121423_0001_m_000004_0, duration: 55732654
2014-04-12 14:26:26,671 INFO org.apache.hadoop.mapred.TaskTracker: Received commit task action for attempt_201404121423_0001_r_000001_0
2014-04-12 14:26:26,785 INFO org.apache.hadoop.mapred.TaskTracker: attempt_201404121423_0001_r_000000_0 0.19444446% reduce > copy (7 of 12 at 6.61 MB/s) > 
2014-04-12 14:26:26,898 INFO org.apache.hadoop.mapred.TaskTracker.clienttrace: src: 192.168.110.214:50061, dest: 192.168.110.214:52323, bytes: 25763742, op: MAPRED_SHUFFLE, cliID: attempt_201404121423_0001_m_000005_0, duration: 1006166393
2014-04-12 14:26:26,910 INFO org.apache.hadoop.mapred.TaskTracker: attempt_201404121423_0001_r_000001_0 0.66669124% reduce > reduce
2014-04-12 14:26:27,917 INFO org.apache.hadoop.mapred.TaskTracker.clienttrace: src: 192.168.110.214:50061, dest: 192.168.110.214:52323, bytes: 25580570, op: MAPRED_SHUFFLE, cliID: attempt_201404121423_0001_m_000006_0, duration: 1011005924
2014-04-12 14:26:28,922 INFO org.apache.hadoop.mapred.TaskTracker.clienttrace: src: 192.168.110.214:50061, dest: 192.168.110.214:52323, bytes: 26041045, op: MAPRED_SHUFFLE, cliID: attempt_201404121423_0001_m_000007_0, duration: 1001649416
2014-04-12 14:26:28,971 INFO org.apache.hadoop.mapred.TaskTracker.clienttrace: src: 192.168.110.214:50061, dest: 192.168.110.214:52324, bytes: 25884622, op: MAPRED_SHUFFLE, cliID: attempt_201404121423_0001_m_000010_0, duration: 47754102
2014-04-12 14:26:29,701 INFO org.mortbay.log: org.mortbay.io.nio.SelectorManager$SelectSet@315c3b04 JVM BUG(s) - injecting delay16 times
2014-04-12 14:26:29,701 INFO org.mortbay.log: org.mortbay.io.nio.SelectorManager$SelectSet@315c3b04 JVM BUG(s) - recreating selector 16 times, canceled keys 285 times
2014-04-12 14:26:29,816 INFO org.apache.hadoop.mapred.TaskTracker: attempt_201404121423_0001_r_000000_0 0.30555558% reduce > copy (11 of 12 at 9.32 MB/s) > 
2014-04-12 14:26:29,941 INFO org.apache.hadoop.mapred.TaskTracker: attempt_201404121423_0001_r_000001_0 0.66669124% reduce > reduce
2014-04-12 14:26:29,943 INFO org.apache.hadoop.mapred.TaskTracker: attempt_201404121423_0001_r_000001_0 0.66669124% reduce > reduce
2014-04-12 14:26:29,944 INFO org.apache.hadoop.mapred.TaskTracker: Task attempt_201404121423_0001_r_000001_0 is done.
2014-04-12 14:26:29,944 INFO org.apache.hadoop.mapred.TaskTracker: reported output size for attempt_201404121423_0001_r_000001_0  was -1
2014-04-12 14:26:29,944 INFO org.apache.hadoop.mapred.TaskTracker: addFreeSlot : current free slots : 1
2014-04-12 14:26:29,987 INFO org.apache.hadoop.mapred.TaskTracker.clienttrace: src: 192.168.110.214:50061, dest: 192.168.110.214:52324, bytes: 25306417, op: MAPRED_SHUFFLE, cliID: attempt_201404121423_0001_m_000011_0, duration: 1005581926
2014-04-12 14:26:30,115 INFO org.apache.hadoop.mapred.JvmManager: JVM : jvm_201404121423_0001_r_1257320652 exited with exit code 0. Number of tasks it ran: 1
2014-04-12 14:26:30,678 INFO org.apache.hadoop.mapred.TaskTracker: attempt_201404121423_0001_r_000000_0 0.30555558% reduce > copy (11 of 12 at 9.32 MB/s) > 
2014-04-12 14:26:31,542 INFO org.apache.hadoop.mapred.TaskTracker: attempt_201404121423_0001_r_000000_0 0.30555558% reduce > copy (11 of 12 at 9.32 MB/s) > 
2014-04-12 14:26:32,682 INFO org.apache.hadoop.mapred.TaskTracker: Received KillTaskAction for task: attempt_201404121423_0001_r_000001_0
2014-04-12 14:26:32,694 INFO org.apache.hadoop.mapred.TaskTracker: About to purge task: attempt_201404121423_0001_r_000001_0
2014-04-12 14:26:32,848 INFO org.apache.hadoop.mapred.TaskTracker: attempt_201404121423_0001_r_000000_0 0.66668653% reduce > reduce
2014-04-12 14:26:34,113 INFO org.apache.hadoop.mapred.TaskTracker: Task attempt_201404121423_0001_r_000000_0 is in commit-pending, task state:COMMIT_PENDING
2014-04-12 14:26:34,113 INFO org.apache.hadoop.mapred.TaskTracker: attempt_201404121423_0001_r_000000_0 0.66668653% reduce > reduce
2014-04-12 14:26:35,685 INFO org.apache.hadoop.mapred.TaskTracker: Received commit task action for attempt_201404121423_0001_r_000000_0
2014-04-12 14:26:35,876 INFO org.apache.hadoop.mapred.TaskTracker: attempt_201404121423_0001_r_000000_0 0.66668653% reduce > reduce
2014-04-12 14:26:38,904 INFO org.apache.hadoop.mapred.TaskTracker: attempt_201404121423_0001_r_000000_0 0.66668653% reduce > reduce
2014-04-12 14:26:38,905 INFO org.apache.hadoop.mapred.TaskTracker: attempt_201404121423_0001_r_000000_0 0.66668653% reduce > reduce
2014-04-12 14:26:38,906 INFO org.apache.hadoop.mapred.TaskTracker: Task attempt_201404121423_0001_r_000000_0 is done.
2014-04-12 14:26:38,906 INFO org.apache.hadoop.mapred.TaskTracker: reported output size for attempt_201404121423_0001_r_000000_0  was -1
2014-04-12 14:26:38,907 INFO org.apache.hadoop.mapred.TaskTracker: addFreeSlot : current free slots : 2
2014-04-12 14:26:39,079 INFO org.apache.hadoop.mapred.JvmManager: JVM : jvm_201404121423_0001_r_858341811 exited with exit code 0. Number of tasks it ran: 1
2014-04-12 14:26:41,700 INFO org.apache.hadoop.mapred.TaskTracker: LaunchTaskAction (registerTask): attempt_201404121423_0001_m_000012_0 task's state:UNASSIGNED
2014-04-12 14:26:41,700 INFO org.apache.hadoop.mapred.TaskTracker: Received KillTaskAction for task: attempt_201404121423_0001_r_000000_0
2014-04-12 14:26:41,700 INFO org.apache.hadoop.mapred.TaskTracker: Trying to launch : attempt_201404121423_0001_m_000012_0 which needs 1 slots
2014-04-12 14:26:41,700 INFO org.apache.hadoop.mapred.TaskTracker: About to purge task: attempt_201404121423_0001_r_000000_0
2014-04-12 14:26:41,700 INFO org.apache.hadoop.mapred.TaskTracker: In TaskLauncher, current free slots : 12 and trying to launch attempt_201404121423_0001_m_000012_0 which needs 1 slots
2014-04-12 14:26:41,706 INFO org.apache.hadoop.mapred.JvmManager: In JvmRunner constructed JVM ID: jvm_201404121423_0001_m_1682118529
2014-04-12 14:26:41,706 INFO org.apache.hadoop.mapred.JvmManager: JVM Runner jvm_201404121423_0001_m_1682118529 spawned.
2014-04-12 14:26:41,707 INFO org.apache.hadoop.mapred.TaskController: Writing commands to /tmp/hadoop/hadoop-jmg3/mapred/local/ttprivate/taskTracker/jmg3/jobcache/job_201404121423_0001/attempt_201404121423_0001_m_000012_0/taskjvm.sh
2014-04-12 14:26:42,321 INFO org.apache.hadoop.mapred.TaskTracker: JVM with ID: jvm_201404121423_0001_m_1682118529 given task: attempt_201404121423_0001_m_000012_0
2014-04-12 14:26:42,814 INFO org.apache.hadoop.mapred.TaskTracker: attempt_201404121423_0001_m_000012_0 0.0% 
2014-04-12 14:26:45,732 INFO org.apache.hadoop.mapred.TaskTracker: attempt_201404121423_0001_m_000012_0 0.0% cleanup
2014-04-12 14:26:45,733 INFO org.apache.hadoop.mapred.TaskTracker: Task attempt_201404121423_0001_m_000012_0 is done.
2014-04-12 14:26:45,733 INFO org.apache.hadoop.mapred.TaskTracker: reported output size for attempt_201404121423_0001_m_000012_0  was -1
2014-04-12 14:26:45,734 INFO org.apache.hadoop.mapred.TaskTracker: addFreeSlot : current free slots : 12
2014-04-12 14:26:45,888 INFO org.apache.hadoop.mapred.JvmManager: JVM : jvm_201404121423_0001_m_1682118529 exited with exit code 0. Number of tasks it ran: 1
2014-04-12 14:26:47,748 INFO org.apache.hadoop.mapred.TaskTracker: Received 'KillJobAction' for job: job_201404121423_0001
2014-04-12 14:26:47,749 INFO org.apache.hadoop.mapred.IndexCache: Map ID attempt_201404121423_0001_m_000012_0 not found in cache
2014-04-12 14:26:47,750 INFO org.apache.hadoop.mapred.UserLogCleaner: Adding job_201404121423_0001 for user-log deletion with retainTimeStamp:1397417207750
