2014-04-14 04:55:04,403 INFO org.apache.hadoop.mapred.TaskTracker: STARTUP_MSG: 
/************************************************************
STARTUP_MSG: Starting TaskTracker
STARTUP_MSG:   host = node08.asa-web.amd.com/127.0.1.1
STARTUP_MSG:   args = []
STARTUP_MSG:   version = Unknown
STARTUP_MSG:   build = Unknown -r Unknown; compiled by 'Unknown' on Unknown
************************************************************/
2014-04-14 04:55:04,670 INFO org.apache.hadoop.metrics2.impl.MetricsConfig: loaded properties from hadoop-metrics2.properties
2014-04-14 04:55:04,734 INFO org.apache.hadoop.metrics2.impl.MetricsSourceAdapter: MBean for source MetricsSystem,sub=Stats registered.
2014-04-14 04:55:04,735 INFO org.apache.hadoop.metrics2.impl.MetricsSystemImpl: Scheduled snapshot period at 10 second(s).
2014-04-14 04:55:04,736 INFO org.apache.hadoop.metrics2.impl.MetricsSystemImpl: TaskTracker metrics system started
2014-04-14 04:55:05,101 INFO org.apache.hadoop.metrics2.impl.MetricsSourceAdapter: MBean for source ugi registered.
2014-04-14 04:55:05,111 WARN org.apache.hadoop.metrics2.impl.MetricsSystemImpl: Source name ugi already exists!
2014-04-14 04:55:10,451 INFO org.mortbay.log: Logging to org.slf4j.impl.Log4jLoggerAdapter(org.mortbay.log) via org.mortbay.log.Slf4jLog
2014-04-14 04:55:10,518 INFO org.apache.hadoop.http.HttpServer: Added global filtersafety (class=org.apache.hadoop.http.HttpServer$QuotingInputFilter)
2014-04-14 04:55:10,587 INFO org.apache.hadoop.mapred.TaskLogsTruncater: Initializing logs' truncater with mapRetainSize=-1 and reduceRetainSize=-1
2014-04-14 04:55:10,603 INFO org.apache.hadoop.mapred.TaskTracker: Starting tasktracker with owner as mgrossman
2014-04-14 04:55:10,606 INFO org.apache.hadoop.mapred.TaskTracker: Good mapred local directories are: /tmp/hadoop/hadoop-mgrossman/mapred/local
2014-04-14 04:55:10,617 INFO org.apache.hadoop.util.NativeCodeLoader: Loaded the native-hadoop library
2014-04-14 04:55:10,644 INFO org.apache.hadoop.metrics2.impl.MetricsSourceAdapter: MBean for source jvm registered.
2014-04-14 04:55:10,646 INFO org.apache.hadoop.metrics2.impl.MetricsSourceAdapter: MBean for source TaskTrackerMetrics registered.
2014-04-14 04:55:10,677 INFO org.apache.hadoop.ipc.Server: Starting SocketReader
2014-04-14 04:55:10,688 INFO org.apache.hadoop.metrics2.impl.MetricsSourceAdapter: MBean for source RpcDetailedActivityForPort52136 registered.
2014-04-14 04:55:10,689 INFO org.apache.hadoop.metrics2.impl.MetricsSourceAdapter: MBean for source RpcActivityForPort52136 registered.
2014-04-14 04:55:10,694 INFO org.apache.hadoop.ipc.Server: IPC Server listener on 52136: starting
2014-04-14 04:55:10,694 INFO org.apache.hadoop.ipc.Server: IPC Server Responder: starting
2014-04-14 04:55:10,698 INFO org.apache.hadoop.ipc.Server: IPC Server handler 0 on 52136: starting
2014-04-14 04:55:10,698 INFO org.apache.hadoop.ipc.Server: IPC Server handler 1 on 52136: starting
2014-04-14 04:55:10,699 INFO org.apache.hadoop.ipc.Server: IPC Server handler 2 on 52136: starting
2014-04-14 04:55:10,699 INFO org.apache.hadoop.ipc.Server: IPC Server handler 3 on 52136: starting
2014-04-14 04:55:10,699 INFO org.apache.hadoop.ipc.Server: IPC Server handler 5 on 52136: starting
2014-04-14 04:55:10,699 INFO org.apache.hadoop.ipc.Server: IPC Server handler 4 on 52136: starting
2014-04-14 04:55:10,700 INFO org.apache.hadoop.ipc.Server: IPC Server handler 6 on 52136: starting
2014-04-14 04:55:10,700 INFO org.apache.hadoop.ipc.Server: IPC Server handler 7 on 52136: starting
2014-04-14 04:55:10,700 INFO org.apache.hadoop.mapred.TaskTracker: TaskTracker up at: localhost/127.0.0.1:52136
2014-04-14 04:55:10,700 INFO org.apache.hadoop.mapred.TaskTracker: Starting tracker tracker_node08.asa-web.amd.com:localhost/127.0.0.1:52136
2014-04-14 04:55:20,656 INFO org.apache.hadoop.mapred.TaskTracker: Starting thread: Map-events fetcher for all reduce tasks on tracker_node08.asa-web.amd.com:localhost/127.0.0.1:52136
2014-04-14 04:55:20,670 INFO org.apache.hadoop.util.ProcessTree: setsid exited with exit code 0
2014-04-14 04:55:20,676 INFO org.apache.hadoop.mapred.TaskTracker:  Using ResourceCalculatorPlugin : org.apache.hadoop.util.LinuxResourceCalculatorPlugin@78ab10ed
2014-04-14 04:55:20,680 WARN org.apache.hadoop.mapred.TaskTracker: TaskTracker's totalMemoryAllottedForTasks is -1. TaskMemoryManager is disabled.
2014-04-14 04:55:20,686 INFO org.apache.hadoop.mapred.IndexCache: IndexCache created with max memory = 10485760
2014-04-14 04:55:27,813 INFO org.apache.hadoop.metrics2.impl.MetricsSourceAdapter: MBean for source ShuffleServerMetrics registered.
2014-04-14 04:55:27,823 INFO org.apache.hadoop.http.HttpServer: Port returned by webServer.getConnectors()[0].getLocalPort() before open() is -1. Opening the listener on 50061
2014-04-14 04:55:27,824 INFO org.apache.hadoop.http.HttpServer: listener.getLocalPort() returned 50061 webServer.getConnectors()[0].getLocalPort() returned 50061
2014-04-14 04:55:27,824 INFO org.apache.hadoop.http.HttpServer: Jetty bound to port 50061
2014-04-14 04:55:27,824 INFO org.mortbay.log: jetty-6.1.26
2014-04-14 04:55:28,224 INFO org.mortbay.log: Started SelectChannelConnector@0.0.0.0:50061
2014-04-14 04:55:28,225 INFO org.apache.hadoop.mapred.TaskTracker: FILE_CACHE_SIZE for mapOutputServlet set to : 2000
2014-04-14 04:59:26,220 INFO org.apache.hadoop.mapred.TaskTracker: LaunchTaskAction (registerTask): attempt_201404140455_0001_m_000013_0 task's state:UNASSIGNED
2014-04-14 04:59:26,230 INFO org.apache.hadoop.mapred.TaskTracker: Trying to launch : attempt_201404140455_0001_m_000013_0 which needs 1 slots
2014-04-14 04:59:26,231 INFO org.apache.hadoop.mapred.TaskTracker: In TaskLauncher, current free slots : 4 and trying to launch attempt_201404140455_0001_m_000013_0 which needs 1 slots
2014-04-14 04:59:26,618 INFO org.apache.hadoop.mapred.JobLocalizer: Initializing user mgrossman on this TT.
2014-04-14 04:59:26,837 INFO org.apache.hadoop.mapred.JvmManager: In JvmRunner constructed JVM ID: jvm_201404140455_0001_m_1584579373
2014-04-14 04:59:26,838 INFO org.apache.hadoop.mapred.JvmManager: JVM Runner jvm_201404140455_0001_m_1584579373 spawned.
2014-04-14 04:59:26,842 INFO org.apache.hadoop.mapred.TaskController: Writing commands to /tmp/hadoop/hadoop-mgrossman/mapred/local/ttprivate/taskTracker/mgrossman/jobcache/job_201404140455_0001/attempt_201404140455_0001_m_000013_0/taskjvm.sh
2014-04-14 04:59:28,150 INFO org.apache.hadoop.mapred.TaskTracker: JVM with ID: jvm_201404140455_0001_m_1584579373 given task: attempt_201404140455_0001_m_000013_0
2014-04-14 04:59:32,057 INFO org.apache.hadoop.mapred.TaskTracker: attempt_201404140455_0001_m_000013_0 0.0% setup
2014-04-14 04:59:32,061 INFO org.apache.hadoop.mapred.TaskTracker: Task attempt_201404140455_0001_m_000013_0 is done.
2014-04-14 04:59:32,061 INFO org.apache.hadoop.mapred.TaskTracker: reported output size for attempt_201404140455_0001_m_000013_0  was -1
2014-04-14 04:59:32,063 INFO org.apache.hadoop.mapred.TaskTracker: addFreeSlot : current free slots : 4
2014-04-14 04:59:32,289 INFO org.apache.hadoop.mapred.TaskTracker: LaunchTaskAction (registerTask): attempt_201404140455_0001_m_000000_0 task's state:UNASSIGNED
2014-04-14 04:59:32,289 INFO org.apache.hadoop.mapred.TaskTracker: LaunchTaskAction (registerTask): attempt_201404140455_0001_m_000001_0 task's state:UNASSIGNED
2014-04-14 04:59:32,290 INFO org.apache.hadoop.mapred.TaskTracker: LaunchTaskAction (registerTask): attempt_201404140455_0001_m_000002_0 task's state:UNASSIGNED
2014-04-14 04:59:32,290 INFO org.apache.hadoop.mapred.TaskTracker: LaunchTaskAction (registerTask): attempt_201404140455_0001_m_000003_0 task's state:UNASSIGNED
2014-04-14 04:59:32,290 INFO org.apache.hadoop.mapred.TaskTracker: Trying to launch : attempt_201404140455_0001_m_000000_0 which needs 1 slots
2014-04-14 04:59:32,290 INFO org.apache.hadoop.mapred.TaskTracker: Received KillTaskAction for task: attempt_201404140455_0001_m_000013_0
2014-04-14 04:59:32,290 INFO org.apache.hadoop.mapred.TaskTracker: In TaskLauncher, current free slots : 4 and trying to launch attempt_201404140455_0001_m_000000_0 which needs 1 slots
2014-04-14 04:59:32,291 INFO org.apache.hadoop.mapred.TaskTracker: About to purge task: attempt_201404140455_0001_m_000013_0
2014-04-14 04:59:32,291 INFO org.apache.hadoop.mapred.TaskTracker: Trying to launch : attempt_201404140455_0001_m_000001_0 which needs 1 slots
2014-04-14 04:59:32,291 INFO org.apache.hadoop.mapred.TaskTracker: In TaskLauncher, current free slots : 3 and trying to launch attempt_201404140455_0001_m_000001_0 which needs 1 slots
2014-04-14 04:59:32,291 INFO org.apache.hadoop.mapred.TaskTracker: Trying to launch : attempt_201404140455_0001_m_000002_0 which needs 1 slots
2014-04-14 04:59:32,292 INFO org.apache.hadoop.mapred.TaskTracker: In TaskLauncher, current free slots : 2 and trying to launch attempt_201404140455_0001_m_000002_0 which needs 1 slots
2014-04-14 04:59:32,291 INFO org.apache.hadoop.mapred.IndexCache: Map ID attempt_201404140455_0001_m_000013_0 not found in cache
2014-04-14 04:59:32,294 INFO org.apache.hadoop.mapred.TaskTracker: Trying to launch : attempt_201404140455_0001_m_000003_0 which needs 1 slots
2014-04-14 04:59:32,294 INFO org.apache.hadoop.mapred.TaskTracker: In TaskLauncher, current free slots : 1 and trying to launch attempt_201404140455_0001_m_000003_0 which needs 1 slots
2014-04-14 04:59:32,311 INFO org.apache.hadoop.mapred.JvmManager: In JvmRunner constructed JVM ID: jvm_201404140455_0001_m_741598901
2014-04-14 04:59:32,312 INFO org.apache.hadoop.mapred.JvmManager: JVM Runner jvm_201404140455_0001_m_741598901 spawned.
2014-04-14 04:59:32,318 INFO org.apache.hadoop.mapred.JvmManager: In JvmRunner constructed JVM ID: jvm_201404140455_0001_m_705318295
2014-04-14 04:59:32,318 INFO org.apache.hadoop.mapred.JvmManager: JVM Runner jvm_201404140455_0001_m_705318295 spawned.
2014-04-14 04:59:32,319 INFO org.apache.hadoop.mapred.JvmManager: In JvmRunner constructed JVM ID: jvm_201404140455_0001_m_628807154
2014-04-14 04:59:32,319 INFO org.apache.hadoop.mapred.JvmManager: JVM Runner jvm_201404140455_0001_m_628807154 spawned.
2014-04-14 04:59:32,320 INFO org.apache.hadoop.mapred.TaskController: Writing commands to /tmp/hadoop/hadoop-mgrossman/mapred/local/ttprivate/taskTracker/mgrossman/jobcache/job_201404140455_0001/attempt_201404140455_0001_m_000002_0/taskjvm.sh
2014-04-14 04:59:32,320 INFO org.apache.hadoop.mapred.JvmManager: Killing JVM: jvm_201404140455_0001_m_1584579373
2014-04-14 04:59:32,320 INFO org.apache.hadoop.mapred.JvmManager: In JvmRunner constructed JVM ID: jvm_201404140455_0001_m_771639044
2014-04-14 04:59:32,320 INFO org.apache.hadoop.mapred.JvmManager: JVM Runner jvm_201404140455_0001_m_771639044 spawned.
2014-04-14 04:59:32,321 INFO org.apache.hadoop.mapred.JvmManager: JVM : jvm_201404140455_0001_m_1584579373 exited with exit code 0. Number of tasks it ran: 1
2014-04-14 04:59:32,327 INFO org.apache.hadoop.mapred.TaskController: Writing commands to /tmp/hadoop/hadoop-mgrossman/mapred/local/ttprivate/taskTracker/mgrossman/jobcache/job_201404140455_0001/attempt_201404140455_0001_m_000000_0/taskjvm.sh
2014-04-14 04:59:32,328 INFO org.apache.hadoop.mapred.TaskController: Writing commands to /tmp/hadoop/hadoop-mgrossman/mapred/local/ttprivate/taskTracker/mgrossman/jobcache/job_201404140455_0001/attempt_201404140455_0001_m_000003_0/taskjvm.sh
2014-04-14 04:59:32,329 INFO org.apache.hadoop.mapred.TaskController: Writing commands to /tmp/hadoop/hadoop-mgrossman/mapred/local/ttprivate/taskTracker/mgrossman/jobcache/job_201404140455_0001/attempt_201404140455_0001_m_000001_0/taskjvm.sh
2014-04-14 04:59:32,458 INFO org.apache.hadoop.io.nativeio.NativeIO: Initialized cache for UID to User mapping with a cache timeout of 14400 seconds.
2014-04-14 04:59:32,469 INFO org.apache.hadoop.io.nativeio.NativeIO: Got UserName mgrossman for UID 1007 from the native implementation
2014-04-14 04:59:33,780 INFO org.apache.hadoop.mapred.TaskTracker: JVM with ID: jvm_201404140455_0001_m_741598901 given task: attempt_201404140455_0001_m_000002_0
2014-04-14 04:59:33,793 INFO org.apache.hadoop.mapred.TaskTracker: JVM with ID: jvm_201404140455_0001_m_705318295 given task: attempt_201404140455_0001_m_000000_0
2014-04-14 04:59:33,795 INFO org.apache.hadoop.mapred.TaskTracker: JVM with ID: jvm_201404140455_0001_m_628807154 given task: attempt_201404140455_0001_m_000003_0
2014-04-14 04:59:33,803 INFO org.apache.hadoop.mapred.TaskTracker: JVM with ID: jvm_201404140455_0001_m_771639044 given task: attempt_201404140455_0001_m_000001_0
2014-04-14 04:59:42,123 INFO org.apache.hadoop.mapred.TaskTracker: attempt_201404140455_0001_m_000003_0 0.17953691% 
2014-04-14 04:59:42,335 INFO org.apache.hadoop.mapred.TaskTracker: attempt_201404140455_0001_m_000001_0 0.18231802% 
2014-04-14 04:59:42,351 INFO org.apache.hadoop.mapred.TaskTracker: attempt_201404140455_0001_m_000000_0 0.17476246% 
2014-04-14 04:59:43,034 INFO org.apache.hadoop.mapred.TaskTracker: attempt_201404140455_0001_m_000002_0 0.17873551% 
2014-04-14 04:59:45,296 INFO org.apache.hadoop.mapred.TaskTracker: attempt_201404140455_0001_m_000003_0 0.37944478% 
2014-04-14 04:59:45,497 INFO org.apache.hadoop.mapred.TaskTracker: attempt_201404140455_0001_m_000000_0 0.36595064% 
2014-04-14 04:59:45,531 INFO org.apache.hadoop.mapred.TaskTracker: attempt_201404140455_0001_m_000001_0 0.35970533% 
2014-04-14 04:59:46,552 INFO org.apache.hadoop.mapred.TaskTracker: attempt_201404140455_0001_m_000002_0 0.32213455% 
2014-04-14 04:59:48,568 INFO org.apache.hadoop.mapred.TaskTracker: attempt_201404140455_0001_m_000003_0 0.53899914% 
2014-04-14 04:59:48,667 INFO org.apache.hadoop.mapred.TaskTracker: attempt_201404140455_0001_m_000000_0 0.5054077% 
2014-04-14 04:59:48,683 INFO org.apache.hadoop.mapred.TaskTracker: attempt_201404140455_0001_m_000001_0 0.5146071% 
2014-04-14 04:59:49,781 INFO org.apache.hadoop.mapred.TaskTracker: attempt_201404140455_0001_m_000002_0 0.4530469% 
2014-04-14 04:59:51,791 INFO org.apache.hadoop.mapred.TaskTracker: attempt_201404140455_0001_m_000003_0 0.6139369% 
2014-04-14 04:59:51,899 INFO org.apache.hadoop.mapred.TaskTracker: attempt_201404140455_0001_m_000000_0 0.6030272% 
2014-04-14 04:59:51,935 INFO org.apache.hadoop.mapred.TaskTracker: attempt_201404140455_0001_m_000001_0 0.60966814% 
2014-04-14 04:59:53,430 INFO org.apache.hadoop.mapred.TaskTracker: attempt_201404140455_0001_m_000002_0 0.59291875% 
2014-04-14 04:59:54,921 INFO org.apache.hadoop.mapred.TaskTracker: attempt_201404140455_0001_m_000003_0 0.7169052% 
2014-04-14 04:59:55,021 INFO org.apache.hadoop.mapred.TaskTracker: attempt_201404140455_0001_m_000000_0 0.71397084% 
2014-04-14 04:59:55,171 INFO org.apache.hadoop.mapred.TaskTracker: attempt_201404140455_0001_m_000001_0 0.72143775% 
2014-04-14 04:59:56,673 INFO org.apache.hadoop.mapred.TaskTracker: attempt_201404140455_0001_m_000002_0 0.725818% 
2014-04-14 04:59:58,087 INFO org.apache.hadoop.mapred.TaskTracker: attempt_201404140455_0001_m_000003_0 0.83059305% 
2014-04-14 04:59:58,129 INFO org.apache.hadoop.mapred.TaskTracker: attempt_201404140455_0001_m_000000_0 0.84121853% 
2014-04-14 04:59:58,371 INFO org.apache.hadoop.mapred.TaskTracker: attempt_201404140455_0001_m_000001_0 0.8533925% 
2014-04-14 05:00:00,115 INFO org.apache.hadoop.mapred.TaskTracker: attempt_201404140455_0001_m_000002_0 0.76737154% 
2014-04-14 05:00:01,271 INFO org.apache.hadoop.mapred.TaskTracker: attempt_201404140455_0001_m_000000_0 0.9120725% 
2014-04-14 05:00:01,384 INFO org.apache.hadoop.mapred.TaskTracker: attempt_201404140455_0001_m_000003_0 0.92599446% 
2014-04-14 05:00:01,675 INFO org.apache.hadoop.mapred.TaskTracker: attempt_201404140455_0001_m_000001_0 0.9216584% 
2014-04-14 05:00:03,201 INFO org.apache.hadoop.mapred.TaskTracker: attempt_201404140455_0001_m_000002_0 0.8806446% 
2014-04-14 05:00:04,468 INFO org.apache.hadoop.mapred.TaskTracker: attempt_201404140455_0001_m_000000_0 1.0% 
2014-04-14 05:00:04,533 INFO org.apache.hadoop.mapred.TaskTracker: attempt_201404140455_0001_m_000003_0 1.0% 
2014-04-14 05:00:04,883 INFO org.apache.hadoop.mapred.TaskTracker: attempt_201404140455_0001_m_000001_0 1.0% 
2014-04-14 05:00:06,397 INFO org.apache.hadoop.mapred.TaskTracker: attempt_201404140455_0001_m_000002_0 0.9080329% 
2014-04-14 05:00:07,584 INFO org.apache.hadoop.mapred.TaskTracker: attempt_201404140455_0001_m_000000_0 1.0% 
2014-04-14 05:00:07,691 INFO org.apache.hadoop.mapred.TaskTracker: attempt_201404140455_0001_m_000003_0 1.0% 
2014-04-14 05:00:07,999 INFO org.apache.hadoop.mapred.TaskTracker: attempt_201404140455_0001_m_000001_0 1.0% 
2014-04-14 05:00:09,503 INFO org.apache.hadoop.mapred.TaskTracker: attempt_201404140455_0001_m_000002_0 1.0% 
2014-04-14 05:00:10,714 INFO org.apache.hadoop.mapred.TaskTracker: attempt_201404140455_0001_m_000000_0 1.0% 
2014-04-14 05:00:10,839 INFO org.apache.hadoop.mapred.TaskTracker: attempt_201404140455_0001_m_000003_0 1.0% 
2014-04-14 05:00:11,122 INFO org.apache.hadoop.mapred.TaskTracker: attempt_201404140455_0001_m_000001_0 1.0% 
2014-04-14 05:00:12,596 INFO org.apache.hadoop.mapred.TaskTracker: attempt_201404140455_0001_m_000002_0 1.0% 
2014-04-14 05:00:13,906 INFO org.apache.hadoop.mapred.TaskTracker: attempt_201404140455_0001_m_000000_0 1.0% 
2014-04-14 05:00:13,947 INFO org.apache.hadoop.mapred.TaskTracker: attempt_201404140455_0001_m_000003_0 1.0% 
2014-04-14 05:00:14,220 INFO org.apache.hadoop.mapred.TaskTracker: attempt_201404140455_0001_m_000001_0 1.0% 
2014-04-14 05:00:15,630 INFO org.apache.hadoop.mapred.TaskTracker: attempt_201404140455_0001_m_000002_0 1.0% 
2014-04-14 05:00:17,000 INFO org.apache.hadoop.mapred.TaskTracker: attempt_201404140455_0001_m_000000_0 1.0% 
2014-04-14 05:00:17,088 INFO org.apache.hadoop.mapred.TaskTracker: attempt_201404140455_0001_m_000003_0 1.0% 
2014-04-14 05:00:17,343 INFO org.apache.hadoop.mapred.TaskTracker: attempt_201404140455_0001_m_000001_0 1.0% 
2014-04-14 05:00:18,750 INFO org.apache.hadoop.mapred.TaskTracker: attempt_201404140455_0001_m_000002_0 1.0% 
2014-04-14 05:00:20,034 INFO org.apache.hadoop.mapred.TaskTracker: attempt_201404140455_0001_m_000000_0 1.0% 
2014-04-14 05:00:20,160 INFO org.apache.hadoop.mapred.TaskTracker: attempt_201404140455_0001_m_000003_0 1.0% 
2014-04-14 05:00:20,454 INFO org.apache.hadoop.mapred.TaskTracker: attempt_201404140455_0001_m_000001_0 1.0% 
2014-04-14 05:00:21,792 INFO org.apache.hadoop.mapred.TaskTracker: attempt_201404140455_0001_m_000002_0 1.0% 
2014-04-14 05:00:23,074 INFO org.apache.hadoop.mapred.TaskTracker: attempt_201404140455_0001_m_000000_0 1.0% 
2014-04-14 05:00:23,078 INFO org.apache.hadoop.mapred.TaskTracker: attempt_201404140455_0001_m_000000_0 1.0% 
2014-04-14 05:00:23,079 INFO org.apache.hadoop.mapred.TaskTracker: Task attempt_201404140455_0001_m_000000_0 is done.
2014-04-14 05:00:23,079 INFO org.apache.hadoop.mapred.TaskTracker: reported output size for attempt_201404140455_0001_m_000000_0  was 52440243
2014-04-14 05:00:23,080 INFO org.apache.hadoop.mapred.TaskTracker: addFreeSlot : current free slots : 1
2014-04-14 05:00:23,194 INFO org.apache.hadoop.mapred.TaskTracker: attempt_201404140455_0001_m_000003_0 1.0% 
2014-04-14 05:00:23,199 INFO org.apache.hadoop.mapred.TaskTracker: attempt_201404140455_0001_m_000003_0 1.0% 
2014-04-14 05:00:23,201 INFO org.apache.hadoop.mapred.TaskTracker: Task attempt_201404140455_0001_m_000003_0 is done.
2014-04-14 05:00:23,201 INFO org.apache.hadoop.mapred.TaskTracker: reported output size for attempt_201404140455_0001_m_000003_0  was 52854458
2014-04-14 05:00:23,202 INFO org.apache.hadoop.mapred.TaskTracker: addFreeSlot : current free slots : 2
2014-04-14 05:00:23,462 INFO org.apache.hadoop.mapred.TaskTracker: LaunchTaskAction (registerTask): attempt_201404140455_0001_m_000004_0 task's state:UNASSIGNED
2014-04-14 05:00:23,462 INFO org.apache.hadoop.mapred.TaskTracker: Trying to launch : attempt_201404140455_0001_m_000004_0 which needs 1 slots
2014-04-14 05:00:23,462 INFO org.apache.hadoop.mapred.TaskTracker: In TaskLauncher, current free slots : 2 and trying to launch attempt_201404140455_0001_m_000004_0 which needs 1 slots
2014-04-14 05:00:23,463 INFO org.apache.hadoop.mapred.TaskTracker: LaunchTaskAction (registerTask): attempt_201404140455_0001_m_000005_0 task's state:UNASSIGNED
2014-04-14 05:00:23,463 INFO org.apache.hadoop.mapred.TaskTracker: Trying to launch : attempt_201404140455_0001_m_000005_0 which needs 1 slots
2014-04-14 05:00:23,463 INFO org.apache.hadoop.mapred.TaskTracker: In TaskLauncher, current free slots : 1 and trying to launch attempt_201404140455_0001_m_000005_0 which needs 1 slots
2014-04-14 05:00:23,470 INFO org.apache.hadoop.mapred.TaskTracker: LaunchTaskAction (registerTask): attempt_201404140455_0001_r_000000_0 task's state:UNASSIGNED
2014-04-14 05:00:23,471 INFO org.apache.hadoop.mapred.TaskTracker: Trying to launch : attempt_201404140455_0001_r_000000_0 which needs 1 slots
2014-04-14 05:00:23,471 INFO org.apache.hadoop.mapred.TaskTracker: In TaskLauncher, current free slots : 2 and trying to launch attempt_201404140455_0001_r_000000_0 which needs 1 slots
2014-04-14 05:00:23,486 INFO org.apache.hadoop.mapred.TaskTracker: attempt_201404140455_0001_m_000001_0 1.0% 
2014-04-14 05:00:23,491 INFO org.apache.hadoop.mapred.TaskTracker: attempt_201404140455_0001_m_000001_0 1.0% 
2014-04-14 05:00:23,493 INFO org.apache.hadoop.mapred.TaskTracker: Task attempt_201404140455_0001_m_000001_0 is done.
2014-04-14 05:00:23,493 INFO org.apache.hadoop.mapred.TaskTracker: reported output size for attempt_201404140455_0001_m_000001_0  was 51879895
2014-04-14 05:00:23,497 INFO org.apache.hadoop.mapred.TaskTracker: addFreeSlot : current free slots : 1
2014-04-14 05:00:23,504 INFO org.apache.hadoop.mapred.JvmManager: In JvmRunner constructed JVM ID: jvm_201404140455_0001_r_1584579373
2014-04-14 05:00:23,505 INFO org.apache.hadoop.mapred.JvmManager: JVM Runner jvm_201404140455_0001_r_1584579373 spawned.
2014-04-14 05:00:23,506 INFO org.apache.hadoop.mapred.JvmManager: Killing JVM: jvm_201404140455_0001_m_628807154
2014-04-14 05:00:23,508 INFO org.apache.hadoop.mapred.TaskController: Writing commands to /tmp/hadoop/hadoop-mgrossman/mapred/local/ttprivate/taskTracker/mgrossman/jobcache/job_201404140455_0001/attempt_201404140455_0001_r_000000_0/taskjvm.sh
2014-04-14 05:00:23,549 INFO org.apache.hadoop.mapred.JvmManager: In JvmRunner constructed JVM ID: jvm_201404140455_0001_m_899184301
2014-04-14 05:00:23,549 INFO org.apache.hadoop.mapred.JvmManager: JVM Runner jvm_201404140455_0001_m_899184301 spawned.
2014-04-14 05:00:23,550 INFO org.apache.hadoop.mapred.JvmManager: Killing JVM: jvm_201404140455_0001_m_771639044
2014-04-14 05:00:23,559 INFO org.apache.hadoop.mapred.TaskController: Writing commands to /tmp/hadoop/hadoop-mgrossman/mapred/local/ttprivate/taskTracker/mgrossman/jobcache/job_201404140455_0001/attempt_201404140455_0001_m_000004_0/taskjvm.sh
2014-04-14 05:00:23,569 INFO org.apache.hadoop.mapred.JvmManager: In JvmRunner constructed JVM ID: jvm_201404140455_0001_m_1220939261
2014-04-14 05:00:23,570 INFO org.apache.hadoop.mapred.JvmManager: JVM Runner jvm_201404140455_0001_m_1220939261 spawned.
2014-04-14 05:00:23,575 INFO org.apache.hadoop.mapred.TaskController: Writing commands to /tmp/hadoop/hadoop-mgrossman/mapred/local/ttprivate/taskTracker/mgrossman/jobcache/job_201404140455_0001/attempt_201404140455_0001_m_000005_0/taskjvm.sh
2014-04-14 05:00:23,624 INFO org.apache.hadoop.mapred.JvmManager: JVM : jvm_201404140455_0001_m_705318295 exited with exit code 0. Number of tasks it ran: 1
2014-04-14 05:00:23,713 INFO org.apache.hadoop.mapred.JvmManager: JVM : jvm_201404140455_0001_m_628807154 exited with exit code 0. Number of tasks it ran: 1
2014-04-14 05:00:23,962 INFO org.apache.hadoop.mapred.JvmManager: JVM : jvm_201404140455_0001_m_771639044 exited with exit code 0. Number of tasks it ran: 1
2014-04-14 05:00:24,731 INFO org.apache.hadoop.mapred.TaskTracker: JVM with ID: jvm_201404140455_0001_m_899184301 given task: attempt_201404140455_0001_m_000004_0
2014-04-14 05:00:24,815 INFO org.apache.hadoop.mapred.TaskTracker: attempt_201404140455_0001_m_000002_0 1.0% 
2014-04-14 05:00:24,817 INFO org.apache.hadoop.mapred.TaskTracker: JVM with ID: jvm_201404140455_0001_r_1584579373 given task: attempt_201404140455_0001_r_000000_0
2014-04-14 05:00:24,820 INFO org.apache.hadoop.mapred.TaskTracker: attempt_201404140455_0001_m_000002_0 1.0% 
2014-04-14 05:00:24,822 INFO org.apache.hadoop.mapred.TaskTracker: Task attempt_201404140455_0001_m_000002_0 is done.
2014-04-14 05:00:24,822 INFO org.apache.hadoop.mapred.TaskTracker: reported output size for attempt_201404140455_0001_m_000002_0  was 52183163
2014-04-14 05:00:24,822 INFO org.apache.hadoop.mapred.TaskTracker: addFreeSlot : current free slots : 2
2014-04-14 05:00:24,844 INFO org.apache.hadoop.mapred.TaskTracker: JVM with ID: jvm_201404140455_0001_m_1220939261 given task: attempt_201404140455_0001_m_000005_0
2014-04-14 05:00:25,214 INFO org.apache.hadoop.mapred.JvmManager: JVM : jvm_201404140455_0001_m_741598901 exited with exit code 0. Number of tasks it ran: 1
2014-04-14 05:00:26,486 INFO org.apache.hadoop.mapred.TaskTracker: LaunchTaskAction (registerTask): attempt_201404140455_0001_m_000006_0 task's state:UNASSIGNED
2014-04-14 05:00:26,487 INFO org.apache.hadoop.mapred.TaskTracker: LaunchTaskAction (registerTask): attempt_201404140455_0001_m_000007_0 task's state:UNASSIGNED
2014-04-14 05:00:26,487 INFO org.apache.hadoop.mapred.TaskTracker: LaunchTaskAction (registerTask): attempt_201404140455_0001_r_000001_0 task's state:UNASSIGNED
2014-04-14 05:00:26,487 INFO org.apache.hadoop.mapred.TaskTracker: Trying to launch : attempt_201404140455_0001_m_000006_0 which needs 1 slots
2014-04-14 05:00:26,487 INFO org.apache.hadoop.mapred.TaskTracker: Trying to launch : attempt_201404140455_0001_r_000001_0 which needs 1 slots
2014-04-14 05:00:26,487 INFO org.apache.hadoop.mapred.TaskTracker: In TaskLauncher, current free slots : 2 and trying to launch attempt_201404140455_0001_m_000006_0 which needs 1 slots
2014-04-14 05:00:26,487 INFO org.apache.hadoop.mapred.TaskTracker: In TaskLauncher, current free slots : 1 and trying to launch attempt_201404140455_0001_r_000001_0 which needs 1 slots
2014-04-14 05:00:26,487 INFO org.apache.hadoop.mapred.TaskTracker: Trying to launch : attempt_201404140455_0001_m_000007_0 which needs 1 slots
2014-04-14 05:00:26,487 INFO org.apache.hadoop.mapred.TaskTracker: In TaskLauncher, current free slots : 1 and trying to launch attempt_201404140455_0001_m_000007_0 which needs 1 slots
2014-04-14 05:00:26,505 INFO org.apache.hadoop.mapred.JvmManager: In JvmRunner constructed JVM ID: jvm_201404140455_0001_m_544288900
2014-04-14 05:00:26,505 INFO org.apache.hadoop.mapred.JvmManager: JVM Runner jvm_201404140455_0001_m_544288900 spawned.
2014-04-14 05:00:26,509 INFO org.apache.hadoop.mapred.JvmManager: In JvmRunner constructed JVM ID: jvm_201404140455_0001_r_741598901
2014-04-14 05:00:26,513 INFO org.apache.hadoop.mapred.JvmManager: JVM Runner jvm_201404140455_0001_r_741598901 spawned.
2014-04-14 05:00:26,515 INFO org.apache.hadoop.mapred.JvmManager: In JvmRunner constructed JVM ID: jvm_201404140455_0001_m_188515138
2014-04-14 05:00:26,515 INFO org.apache.hadoop.mapred.TaskController: Writing commands to /tmp/hadoop/hadoop-mgrossman/mapred/local/ttprivate/taskTracker/mgrossman/jobcache/job_201404140455_0001/attempt_201404140455_0001_m_000006_0/taskjvm.sh
2014-04-14 05:00:26,515 INFO org.apache.hadoop.mapred.JvmManager: JVM Runner jvm_201404140455_0001_m_188515138 spawned.
2014-04-14 05:00:26,519 INFO org.apache.hadoop.mapred.TaskController: Writing commands to /tmp/hadoop/hadoop-mgrossman/mapred/local/ttprivate/taskTracker/mgrossman/jobcache/job_201404140455_0001/attempt_201404140455_0001_r_000001_0/taskjvm.sh
2014-04-14 05:00:26,521 INFO org.apache.hadoop.mapred.TaskController: Writing commands to /tmp/hadoop/hadoop-mgrossman/mapred/local/ttprivate/taskTracker/mgrossman/jobcache/job_201404140455_0001/attempt_201404140455_0001_m_000007_0/taskjvm.sh
2014-04-14 05:00:28,433 INFO org.apache.hadoop.mapred.TaskTracker: JVM with ID: jvm_201404140455_0001_m_544288900 given task: attempt_201404140455_0001_m_000006_0
2014-04-14 05:00:28,499 INFO org.apache.hadoop.mapred.TaskTracker: JVM with ID: jvm_201404140455_0001_m_188515138 given task: attempt_201404140455_0001_m_000007_0
2014-04-14 05:00:28,656 INFO org.apache.hadoop.mapred.TaskTracker: JVM with ID: jvm_201404140455_0001_r_741598901 given task: attempt_201404140455_0001_r_000001_0
2014-04-14 05:00:32,403 INFO org.apache.hadoop.mapred.TaskTracker: attempt_201404140455_0001_r_000000_0 0.0% reduce > copy > 
2014-04-14 05:00:32,559 INFO org.apache.hadoop.mapred.TaskTracker.clienttrace: src: 127.0.1.1:50061, dest: 127.0.0.1:58623, bytes: 25823427, op: MAPRED_SHUFFLE, cliID: attempt_201404140455_0001_m_000000_0, duration: 511502085
2014-04-14 05:00:32,862 INFO org.apache.hadoop.mapred.TaskTracker.clienttrace: src: 127.0.1.1:50061, dest: 127.0.0.1:58623, bytes: 26080573, op: MAPRED_SHUFFLE, cliID: attempt_201404140455_0001_m_000003_0, duration: 282460643
2014-04-14 05:00:33,213 INFO org.apache.hadoop.mapred.TaskTracker: attempt_201404140455_0001_m_000004_0 0.18371533% 
2014-04-14 05:00:33,799 INFO org.apache.hadoop.mapred.TaskTracker.clienttrace: src: 127.0.1.1:50061, dest: 127.0.0.1:58623, bytes: 25557681, op: MAPRED_SHUFFLE, cliID: attempt_201404140455_0001_m_000001_0, duration: 811819476
2014-04-14 05:00:34,145 INFO org.apache.hadoop.mapred.TaskTracker: attempt_201404140455_0001_m_000005_0 0.17533% 
2014-04-14 05:00:34,711 INFO org.apache.hadoop.mapred.TaskTracker.clienttrace: src: 127.0.1.1:50061, dest: 127.0.0.1:58623, bytes: 25708849, op: MAPRED_SHUFFLE, cliID: attempt_201404140455_0001_m_000002_0, duration: 769239069
2014-04-14 05:00:35,533 INFO org.apache.hadoop.mapred.TaskTracker: attempt_201404140455_0001_r_000000_0 0.11111112% reduce > copy (4 of 12 at 10.93 MB/s) > 
2014-04-14 05:00:36,488 INFO org.apache.hadoop.mapred.TaskTracker: attempt_201404140455_0001_m_000004_0 0.32064715% 
2014-04-14 05:00:37,231 INFO org.apache.hadoop.mapred.TaskTracker: attempt_201404140455_0001_r_000001_0 0.0% reduce > copy > 
2014-04-14 05:00:37,272 INFO org.apache.hadoop.mapred.TaskTracker: attempt_201404140455_0001_m_000006_0 0.06709717% 
2014-04-14 05:00:37,324 INFO org.apache.hadoop.mapred.TaskTracker: attempt_201404140455_0001_m_000005_0 0.29992175% 
2014-04-14 05:00:37,415 INFO org.apache.hadoop.mapred.TaskTracker.clienttrace: src: 127.0.1.1:50061, dest: 127.0.0.1:58626, bytes: 26616816, op: MAPRED_SHUFFLE, cliID: attempt_201404140455_0001_m_000000_0, duration: 577733459
2014-04-14 05:00:37,436 INFO org.apache.hadoop.mapred.TaskTracker: attempt_201404140455_0001_m_000007_0 0.07018207% 
2014-04-14 05:00:37,993 INFO org.apache.hadoop.mapred.TaskTracker.clienttrace: src: 127.0.1.1:50061, dest: 127.0.0.1:58626, bytes: 26773885, op: MAPRED_SHUFFLE, cliID: attempt_201404140455_0001_m_000003_0, duration: 481672374
2014-04-14 05:00:38,564 INFO org.apache.hadoop.mapred.TaskTracker: attempt_201404140455_0001_r_000000_0 0.11111112% reduce > copy (4 of 12 at 10.93 MB/s) > 
2014-04-14 05:00:38,830 INFO org.apache.hadoop.mapred.TaskTracker.clienttrace: src: 127.0.1.1:50061, dest: 127.0.0.1:58626, bytes: 26322214, op: MAPRED_SHUFFLE, cliID: attempt_201404140455_0001_m_000001_0, duration: 647465862
2014-04-14 05:00:39,756 INFO org.apache.hadoop.mapred.TaskTracker: attempt_201404140455_0001_m_000004_0 0.43916038% 
2014-04-14 05:00:39,829 INFO org.apache.hadoop.mapred.TaskTracker.clienttrace: src: 127.0.1.1:50061, dest: 127.0.0.1:58626, bytes: 26474314, op: MAPRED_SHUFFLE, cliID: attempt_201404140455_0001_m_000002_0, duration: 897386305
2014-04-14 05:00:40,301 INFO org.apache.hadoop.mapred.TaskTracker: attempt_201404140455_0001_r_000001_0 0.11111112% reduce > copy (4 of 12 at 11.25 MB/s) > 
2014-04-14 05:00:40,468 INFO org.apache.hadoop.mapred.TaskTracker: attempt_201404140455_0001_m_000006_0 0.22781593% 
2014-04-14 05:00:40,594 INFO org.apache.hadoop.mapred.TaskTracker: attempt_201404140455_0001_m_000007_0 0.20373738% 
2014-04-14 05:00:40,643 INFO org.apache.hadoop.mapred.TaskTracker: attempt_201404140455_0001_m_000005_0 0.38038477% 
2014-04-14 05:00:42,895 INFO org.apache.hadoop.mapred.TaskTracker: attempt_201404140455_0001_m_000004_0 0.55448097% 
2014-04-14 05:00:43,348 INFO org.apache.hadoop.mapred.TaskTracker: attempt_201404140455_0001_r_000001_0 0.11111112% reduce > copy (4 of 12 at 11.25 MB/s) > 
2014-04-14 05:00:43,617 INFO org.apache.hadoop.mapred.TaskTracker: attempt_201404140455_0001_m_000006_0 0.4269161% 
2014-04-14 05:00:43,746 INFO org.apache.hadoop.mapred.TaskTracker: attempt_201404140455_0001_m_000007_0 0.43836084% 
2014-04-14 05:00:43,826 INFO org.apache.hadoop.mapred.TaskTracker: attempt_201404140455_0001_m_000005_0 0.50745416% 
2014-04-14 05:00:44,612 INFO org.apache.hadoop.mapred.TaskTracker: attempt_201404140455_0001_r_000000_0 0.11111112% reduce > copy (4 of 12 at 10.93 MB/s) > 
2014-04-14 05:00:46,156 INFO org.apache.hadoop.mapred.TaskTracker: attempt_201404140455_0001_m_000004_0 0.59622175% 
2014-04-14 05:00:46,778 INFO org.apache.hadoop.mapred.TaskTracker: attempt_201404140455_0001_m_000006_0 0.58126426% 
2014-04-14 05:00:46,966 INFO org.apache.hadoop.mapred.TaskTracker: attempt_201404140455_0001_m_000007_0 0.5307797% 
2014-04-14 05:00:48,977 INFO org.apache.hadoop.mapred.TaskTracker: attempt_201404140455_0001_m_000005_0 0.60001636% 
2014-04-14 05:00:49,344 INFO org.apache.hadoop.mapred.TaskTracker: attempt_201404140455_0001_m_000004_0 0.7283959% 
2014-04-14 05:00:49,377 INFO org.apache.hadoop.mapred.TaskTracker: attempt_201404140455_0001_r_000001_0 0.11111112% reduce > copy (4 of 12 at 11.25 MB/s) > 
2014-04-14 05:00:50,063 INFO org.apache.hadoop.mapred.TaskTracker: attempt_201404140455_0001_m_000006_0 0.64926535% 
2014-04-14 05:00:50,205 INFO org.apache.hadoop.mapred.TaskTracker: attempt_201404140455_0001_m_000007_0 0.6291717% 
2014-04-14 05:00:50,648 INFO org.apache.hadoop.mapred.TaskTracker: attempt_201404140455_0001_r_000000_0 0.11111112% reduce > copy (4 of 12 at 10.93 MB/s) > 
2014-04-14 05:00:52,276 INFO org.apache.hadoop.mapred.TaskTracker: attempt_201404140455_0001_m_000005_0 0.7388987% 
2014-04-14 05:00:52,615 INFO org.apache.hadoop.mapred.TaskTracker: attempt_201404140455_0001_m_000004_0 0.8455222% 
2014-04-14 05:00:53,694 INFO org.apache.hadoop.mapred.TaskTracker: attempt_201404140455_0001_r_000000_0 0.11111112% reduce > copy (4 of 12 at 10.93 MB/s) > 
2014-04-14 05:00:53,886 INFO org.apache.hadoop.mapred.TaskTracker: attempt_201404140455_0001_m_000007_0 0.7585362% 
2014-04-14 05:00:54,052 INFO org.apache.hadoop.mapred.TaskTracker: attempt_201404140455_0001_m_000006_0 0.7607844% 
2014-04-14 05:00:55,411 INFO org.apache.hadoop.mapred.TaskTracker: attempt_201404140455_0001_r_000001_0 0.11111112% reduce > copy (4 of 12 at 11.25 MB/s) > 
2014-04-14 05:00:55,453 INFO org.apache.hadoop.mapred.TaskTracker: attempt_201404140455_0001_m_000005_0 0.86774534% 
2014-04-14 05:00:55,720 INFO org.apache.hadoop.mapred.TaskTracker: attempt_201404140455_0001_m_000004_0 0.93244654% 
2014-04-14 05:00:56,976 INFO org.apache.hadoop.mapred.TaskTracker: attempt_201404140455_0001_m_000007_0 0.89176875% 
2014-04-14 05:00:57,560 INFO org.apache.hadoop.mapred.TaskTracker: attempt_201404140455_0001_m_000006_0 0.9027826% 
2014-04-14 05:00:58,456 INFO org.apache.hadoop.mapred.TaskTracker: attempt_201404140455_0001_r_000001_0 0.11111112% reduce > copy (4 of 12 at 11.25 MB/s) > 
2014-04-14 05:00:58,896 INFO org.apache.hadoop.mapred.TaskTracker: attempt_201404140455_0001_m_000004_0 1.0% 
2014-04-14 05:00:59,735 INFO org.apache.hadoop.mapred.TaskTracker: attempt_201404140455_0001_r_000000_0 0.11111112% reduce > copy (4 of 12 at 10.93 MB/s) > 
2014-04-14 05:00:59,898 INFO org.apache.hadoop.mapred.TaskTracker: attempt_201404140455_0001_m_000005_0 0.9096689% 
2014-04-14 05:01:00,078 INFO org.apache.hadoop.mapred.TaskTracker: attempt_201404140455_0001_m_000007_0 0.94636303% 
2014-04-14 05:01:00,704 INFO org.apache.hadoop.mapred.TaskTracker: attempt_201404140455_0001_m_000006_0 1.0% 
2014-04-14 05:01:02,004 INFO org.apache.hadoop.mapred.TaskTracker: attempt_201404140455_0001_m_000004_0 1.0% 
2014-04-14 05:01:03,115 INFO org.apache.hadoop.mapred.TaskTracker: attempt_201404140455_0001_m_000005_0 1.0% 
2014-04-14 05:01:03,275 INFO org.apache.hadoop.mapred.TaskTracker: attempt_201404140455_0001_m_000007_0 1.0% 
2014-04-14 05:01:03,923 INFO org.apache.hadoop.mapred.TaskTracker: attempt_201404140455_0001_m_000006_0 1.0% 
2014-04-14 05:01:04,484 INFO org.apache.hadoop.mapred.TaskTracker: attempt_201404140455_0001_r_000001_0 0.11111112% reduce > copy (4 of 12 at 11.25 MB/s) > 
2014-04-14 05:01:05,162 INFO org.apache.hadoop.mapred.TaskTracker: attempt_201404140455_0001_m_000004_0 1.0% 
2014-04-14 05:01:05,772 INFO org.apache.hadoop.mapred.TaskTracker: attempt_201404140455_0001_r_000000_0 0.11111112% reduce > copy (4 of 12 at 10.93 MB/s) > 
2014-04-14 05:01:06,235 INFO org.apache.hadoop.mapred.TaskTracker: attempt_201404140455_0001_m_000005_0 1.0% 
2014-04-14 05:01:06,399 INFO org.apache.hadoop.mapred.TaskTracker: attempt_201404140455_0001_m_000007_0 1.0% 
2014-04-14 05:01:07,076 INFO org.apache.hadoop.mapred.TaskTracker: attempt_201404140455_0001_m_000006_0 1.0% 
2014-04-14 05:01:08,226 INFO org.apache.hadoop.mapred.TaskTracker: attempt_201404140455_0001_m_000004_0 1.0% 
2014-04-14 05:01:08,794 INFO org.apache.hadoop.mapred.TaskTracker: attempt_201404140455_0001_r_000000_0 0.11111112% reduce > copy (4 of 12 at 10.93 MB/s) > 
2014-04-14 05:01:09,335 INFO org.apache.hadoop.mapred.TaskTracker: attempt_201404140455_0001_m_000005_0 1.0% 
2014-04-14 05:01:09,515 INFO org.apache.hadoop.mapred.TaskTracker: attempt_201404140455_0001_m_000007_0 1.0% 
2014-04-14 05:01:10,248 INFO org.apache.hadoop.mapred.TaskTracker: attempt_201404140455_0001_m_000006_0 1.0% 
2014-04-14 05:01:10,536 INFO org.apache.hadoop.mapred.TaskTracker: attempt_201404140455_0001_r_000001_0 0.11111112% reduce > copy (4 of 12 at 11.25 MB/s) > 
2014-04-14 05:01:11,298 INFO org.apache.hadoop.mapred.TaskTracker: attempt_201404140455_0001_m_000004_0 1.0% 
2014-04-14 05:01:12,358 INFO org.apache.hadoop.mapred.TaskTracker: attempt_201404140455_0001_m_000005_0 1.0% 
2014-04-14 05:01:12,649 INFO org.apache.hadoop.mapred.TaskTracker: attempt_201404140455_0001_m_000007_0 1.0% 
2014-04-14 05:01:13,317 INFO org.apache.hadoop.mapred.TaskTracker: attempt_201404140455_0001_m_000006_0 1.0% 
2014-04-14 05:01:14,329 INFO org.apache.hadoop.mapred.TaskTracker: attempt_201404140455_0001_m_000004_0 1.0% 
2014-04-14 05:01:14,967 INFO org.apache.hadoop.mapred.TaskTracker: attempt_201404140455_0001_r_000001_0 0.11111112% reduce > copy (4 of 12 at 11.25 MB/s) > 
2014-04-14 05:01:15,464 INFO org.apache.hadoop.mapred.TaskTracker: attempt_201404140455_0001_m_000005_0 1.0% 
2014-04-14 05:01:16,222 INFO org.apache.hadoop.mapred.TaskTracker: attempt_201404140455_0001_m_000007_0 1.0% 
2014-04-14 05:01:16,344 INFO org.apache.hadoop.mapred.TaskTracker: attempt_201404140455_0001_m_000006_0 1.0% 
2014-04-14 05:01:17,111 INFO org.apache.hadoop.mapred.TaskTracker: attempt_201404140455_0001_r_000000_0 0.11111112% reduce > copy (4 of 12 at 10.93 MB/s) > 
2014-04-14 05:01:17,924 INFO org.apache.hadoop.mapred.TaskTracker: attempt_201404140455_0001_m_000004_0 1.0% 
2014-04-14 05:01:18,556 INFO org.apache.hadoop.mapred.TaskTracker: attempt_201404140455_0001_m_000005_0 1.0% 
2014-04-14 05:01:18,557 INFO org.apache.hadoop.mapred.TaskTracker: attempt_201404140455_0001_r_000001_0 0.11111112% reduce > copy (4 of 12 at 11.25 MB/s) > 
2014-04-14 05:01:19,366 INFO org.apache.hadoop.mapred.TaskTracker: attempt_201404140455_0001_m_000006_0 1.0% 
2014-04-14 05:01:20,147 INFO org.apache.hadoop.mapred.TaskTracker: attempt_201404140455_0001_r_000000_0 0.11111112% reduce > copy (4 of 12 at 10.93 MB/s) > 
2014-04-14 05:01:21,591 INFO org.apache.hadoop.mapred.TaskTracker: attempt_201404140455_0001_m_000005_0 1.0% 
2014-04-14 05:01:22,262 INFO org.apache.hadoop.mapred.TaskTracker: attempt_201404140455_0001_m_000007_0 1.0% 
2014-04-14 05:01:22,591 INFO org.apache.hadoop.mapred.TaskTracker: attempt_201404140455_0001_m_000006_0 1.0% 
2014-04-14 05:01:23,174 INFO org.apache.hadoop.mapred.TaskTracker: attempt_201404140455_0001_r_000000_0 0.11111112% reduce > copy (4 of 12 at 10.93 MB/s) > 
2014-04-14 05:01:24,571 INFO org.apache.hadoop.mapred.TaskTracker: attempt_201404140455_0001_m_000004_0 1.0% 
2014-04-14 05:01:24,574 INFO org.apache.hadoop.mapred.TaskTracker: Task attempt_201404140455_0001_m_000004_0 is done.
2014-04-14 05:01:24,574 INFO org.apache.hadoop.mapred.TaskTracker: reported output size for attempt_201404140455_0001_m_000004_0  was 51961174
2014-04-14 05:01:24,574 INFO org.apache.hadoop.mapred.TaskTracker: addFreeSlot : current free slots : 1
2014-04-14 05:01:24,590 INFO org.apache.hadoop.mapred.TaskTracker: attempt_201404140455_0001_r_000001_0 0.11111112% reduce > copy (4 of 12 at 11.25 MB/s) > 
2014-04-14 05:01:24,623 INFO org.apache.hadoop.mapred.TaskTracker: attempt_201404140455_0001_m_000005_0 1.0% 
2014-04-14 05:01:24,628 INFO org.apache.hadoop.mapred.TaskTracker: attempt_201404140455_0001_m_000005_0 1.0% 
2014-04-14 05:01:24,631 INFO org.apache.hadoop.mapred.TaskTracker: Task attempt_201404140455_0001_m_000005_0 is done.
2014-04-14 05:01:24,631 INFO org.apache.hadoop.mapred.TaskTracker: reported output size for attempt_201404140455_0001_m_000005_0  was 52209478
2014-04-14 05:01:24,631 INFO org.apache.hadoop.mapred.TaskTracker: addFreeSlot : current free slots : 2
2014-04-14 05:01:25,286 INFO org.apache.hadoop.mapred.TaskTracker: attempt_201404140455_0001_m_000007_0 1.0% 
2014-04-14 05:01:25,290 INFO org.apache.hadoop.mapred.TaskTracker: attempt_201404140455_0001_m_000007_0 1.0% 
2014-04-14 05:01:25,292 INFO org.apache.hadoop.mapred.TaskTracker: Task attempt_201404140455_0001_m_000007_0 is done.
2014-04-14 05:01:25,292 INFO org.apache.hadoop.mapred.TaskTracker: reported output size for attempt_201404140455_0001_m_000007_0  was 52806609
2014-04-14 05:01:25,292 INFO org.apache.hadoop.mapred.TaskTracker: addFreeSlot : current free slots : 3
2014-04-14 05:01:25,609 INFO org.apache.hadoop.mapred.TaskTracker: attempt_201404140455_0001_m_000006_0 1.0% 
2014-04-14 05:01:25,615 INFO org.apache.hadoop.mapred.TaskTracker: attempt_201404140455_0001_m_000006_0 1.0% 
2014-04-14 05:01:25,616 INFO org.apache.hadoop.mapred.TaskTracker: Task attempt_201404140455_0001_m_000006_0 is done.
2014-04-14 05:01:25,616 INFO org.apache.hadoop.mapred.TaskTracker: reported output size for attempt_201404140455_0001_m_000006_0  was 51759015
2014-04-14 05:01:25,617 INFO org.apache.hadoop.mapred.TaskTracker: addFreeSlot : current free slots : 4
2014-04-14 05:01:25,693 INFO org.apache.hadoop.mapred.JvmManager: JVM : jvm_201404140455_0001_m_899184301 exited with exit code 0. Number of tasks it ran: 1
2014-04-14 05:01:25,693 INFO org.apache.hadoop.mapred.JvmManager: JVM : jvm_201404140455_0001_m_1220939261 exited with exit code 0. Number of tasks it ran: 1
2014-04-14 05:01:25,693 INFO org.apache.hadoop.mapred.JvmManager: JVM : jvm_201404140455_0001_m_188515138 exited with exit code 0. Number of tasks it ran: 1
2014-04-14 05:01:26,013 INFO org.apache.hadoop.mapred.JvmManager: JVM : jvm_201404140455_0001_m_544288900 exited with exit code 0. Number of tasks it ran: 1
2014-04-14 05:01:26,620 INFO org.apache.hadoop.mapred.TaskTracker: LaunchTaskAction (registerTask): attempt_201404140455_0001_m_000008_0 task's state:UNASSIGNED
2014-04-14 05:01:26,620 INFO org.apache.hadoop.mapred.TaskTracker: LaunchTaskAction (registerTask): attempt_201404140455_0001_m_000009_0 task's state:UNASSIGNED
2014-04-14 05:01:26,621 INFO org.apache.hadoop.mapred.TaskTracker: LaunchTaskAction (registerTask): attempt_201404140455_0001_m_000010_0 task's state:UNASSIGNED
2014-04-14 05:01:26,621 INFO org.apache.hadoop.mapred.TaskTracker: LaunchTaskAction (registerTask): attempt_201404140455_0001_m_000011_0 task's state:UNASSIGNED
2014-04-14 05:01:26,621 INFO org.apache.hadoop.mapred.TaskTracker: Trying to launch : attempt_201404140455_0001_m_000008_0 which needs 1 slots
2014-04-14 05:01:26,621 INFO org.apache.hadoop.mapred.TaskTracker: In TaskLauncher, current free slots : 4 and trying to launch attempt_201404140455_0001_m_000008_0 which needs 1 slots
2014-04-14 05:01:26,622 INFO org.apache.hadoop.mapred.TaskTracker: Trying to launch : attempt_201404140455_0001_m_000009_0 which needs 1 slots
2014-04-14 05:01:26,622 INFO org.apache.hadoop.mapred.TaskTracker: In TaskLauncher, current free slots : 3 and trying to launch attempt_201404140455_0001_m_000009_0 which needs 1 slots
2014-04-14 05:01:26,622 INFO org.apache.hadoop.mapred.TaskTracker: Trying to launch : attempt_201404140455_0001_m_000010_0 which needs 1 slots
2014-04-14 05:01:26,623 INFO org.apache.hadoop.mapred.TaskTracker: In TaskLauncher, current free slots : 2 and trying to launch attempt_201404140455_0001_m_000010_0 which needs 1 slots
2014-04-14 05:01:26,623 INFO org.apache.hadoop.mapred.TaskTracker: Trying to launch : attempt_201404140455_0001_m_000011_0 which needs 1 slots
2014-04-14 05:01:26,623 INFO org.apache.hadoop.mapred.TaskTracker: In TaskLauncher, current free slots : 1 and trying to launch attempt_201404140455_0001_m_000011_0 which needs 1 slots
2014-04-14 05:01:26,656 INFO org.apache.hadoop.mapred.JvmManager: In JvmRunner constructed JVM ID: jvm_201404140455_0001_m_1003623936
2014-04-14 05:01:26,656 INFO org.apache.hadoop.mapred.JvmManager: JVM Runner jvm_201404140455_0001_m_1003623936 spawned.
2014-04-14 05:01:26,657 INFO org.apache.hadoop.mapred.JvmManager: In JvmRunner constructed JVM ID: jvm_201404140455_0001_m_296991918
2014-04-14 05:01:26,658 INFO org.apache.hadoop.mapred.TaskController: Writing commands to /tmp/hadoop/hadoop-mgrossman/mapred/local/ttprivate/taskTracker/mgrossman/jobcache/job_201404140455_0001/attempt_201404140455_0001_m_000009_0/taskjvm.sh
2014-04-14 05:01:26,658 INFO org.apache.hadoop.mapred.JvmManager: JVM Runner jvm_201404140455_0001_m_296991918 spawned.
2014-04-14 05:01:26,659 INFO org.apache.hadoop.mapred.JvmManager: In JvmRunner constructed JVM ID: jvm_201404140455_0001_m_1086162479
2014-04-14 05:01:26,659 INFO org.apache.hadoop.mapred.JvmManager: JVM Runner jvm_201404140455_0001_m_1086162479 spawned.
2014-04-14 05:01:26,659 INFO org.apache.hadoop.mapred.JvmManager: In JvmRunner constructed JVM ID: jvm_201404140455_0001_m_1947637032
2014-04-14 05:01:26,660 INFO org.apache.hadoop.mapred.JvmManager: JVM Runner jvm_201404140455_0001_m_1947637032 spawned.
2014-04-14 05:01:26,660 INFO org.apache.hadoop.mapred.TaskController: Writing commands to /tmp/hadoop/hadoop-mgrossman/mapred/local/ttprivate/taskTracker/mgrossman/jobcache/job_201404140455_0001/attempt_201404140455_0001_m_000008_0/taskjvm.sh
2014-04-14 05:01:26,661 INFO org.apache.hadoop.mapred.TaskController: Writing commands to /tmp/hadoop/hadoop-mgrossman/mapred/local/ttprivate/taskTracker/mgrossman/jobcache/job_201404140455_0001/attempt_201404140455_0001_m_000010_0/taskjvm.sh
2014-04-14 05:01:26,662 INFO org.apache.hadoop.mapred.TaskController: Writing commands to /tmp/hadoop/hadoop-mgrossman/mapred/local/ttprivate/taskTracker/mgrossman/jobcache/job_201404140455_0001/attempt_201404140455_0001_m_000011_0/taskjvm.sh
2014-04-14 05:01:29,203 INFO org.apache.hadoop.mapred.TaskTracker: attempt_201404140455_0001_r_000000_0 0.11111112% reduce > copy (4 of 12 at 10.93 MB/s) > 
2014-04-14 05:01:29,236 INFO org.apache.hadoop.mapred.TaskTracker: JVM with ID: jvm_201404140455_0001_m_1947637032 given task: attempt_201404140455_0001_m_000010_0
2014-04-14 05:01:29,237 INFO org.apache.hadoop.mapred.TaskTracker: JVM with ID: jvm_201404140455_0001_m_1086162479 given task: attempt_201404140455_0001_m_000011_0
2014-04-14 05:01:29,238 INFO org.apache.hadoop.mapred.TaskTracker: JVM with ID: jvm_201404140455_0001_m_1003623936 given task: attempt_201404140455_0001_m_000009_0
2014-04-14 05:01:29,239 INFO org.apache.hadoop.mapred.TaskTracker: JVM with ID: jvm_201404140455_0001_m_296991918 given task: attempt_201404140455_0001_m_000008_0
2014-04-14 05:01:29,537 INFO org.mortbay.log: org.mortbay.io.nio.SelectorManager$SelectSet@6bb40d64 JVM BUG(s) - injecting delay5 times
2014-04-14 05:01:29,538 INFO org.mortbay.log: org.mortbay.io.nio.SelectorManager$SelectSet@6bb40d64 JVM BUG(s) - recreating selector 5 times, canceled keys 100 times
2014-04-14 05:01:30,155 INFO org.apache.hadoop.mapred.TaskTracker.clienttrace: src: 127.0.1.1:50061, dest: 127.0.0.1:58686, bytes: 25575768, op: MAPRED_SHUFFLE, cliID: attempt_201404140455_0001_m_000004_0, duration: 392709274
2014-04-14 05:01:30,689 INFO org.apache.hadoop.mapred.TaskTracker: attempt_201404140455_0001_r_000001_0 0.11111112% reduce > copy (4 of 12 at 11.25 MB/s) > 
2014-04-14 05:01:30,928 INFO org.apache.hadoop.mapred.TaskTracker.clienttrace: src: 127.0.1.1:50061, dest: 127.0.0.1:58687, bytes: 26385406, op: MAPRED_SHUFFLE, cliID: attempt_201404140455_0001_m_000004_0, duration: 1058289261
2014-04-14 05:01:31,213 INFO org.apache.hadoop.mapred.TaskTracker.clienttrace: src: 127.0.1.1:50061, dest: 127.0.0.1:58686, bytes: 25763742, op: MAPRED_SHUFFLE, cliID: attempt_201404140455_0001_m_000005_0, duration: 931260259
2014-04-14 05:01:32,037 INFO org.apache.hadoop.mapred.TaskTracker.clienttrace: src: 127.0.1.1:50061, dest: 127.0.0.1:58688, bytes: 26445736, op: MAPRED_SHUFFLE, cliID: attempt_201404140455_0001_m_000005_0, duration: 1092402944
2014-04-14 05:01:32,079 INFO org.apache.hadoop.mapred.TaskTracker.clienttrace: src: 127.0.1.1:50061, dest: 127.0.0.1:58691, bytes: 25571809, op: MAPRED_SHUFFLE, cliID: attempt_201404140455_0001_m_000006_0, duration: 843929285
2014-04-14 05:01:33,158 INFO org.apache.hadoop.mapred.TaskTracker.clienttrace: src: 127.0.1.1:50061, dest: 127.0.0.1:58691, bytes: 26046374, op: MAPRED_SHUFFLE, cliID: attempt_201404140455_0001_m_000007_0, duration: 1071341390
2014-04-14 05:01:33,767 INFO org.apache.hadoop.mapred.TaskTracker: attempt_201404140455_0001_r_000001_0 0.16666667% reduce > copy (6 of 12 at 2.45 MB/s) > 
2014-04-14 05:01:33,867 INFO org.apache.hadoop.mapred.TaskTracker.clienttrace: src: 127.0.1.1:50061, dest: 127.0.0.1:58698, bytes: 26187206, op: MAPRED_SHUFFLE, cliID: attempt_201404140455_0001_m_000006_0, duration: 1812565297
2014-04-14 05:01:34,321 INFO org.apache.hadoop.mapred.TaskTracker.clienttrace: src: 127.0.1.1:50061, dest: 127.0.0.1:58698, bytes: 26760235, op: MAPRED_SHUFFLE, cliID: attempt_201404140455_0001_m_000007_0, duration: 433510105
2014-04-14 05:01:35,271 INFO org.apache.hadoop.mapred.TaskTracker: attempt_201404140455_0001_r_000000_0 0.22222224% reduce > copy (8 of 12 at 2.89 MB/s) > 
2014-04-14 05:01:36,797 INFO org.apache.hadoop.mapred.TaskTracker: attempt_201404140455_0001_r_000001_0 0.22222224% reduce > copy (8 of 12 at 3.16 MB/s) > 
2014-04-14 05:01:37,839 INFO org.apache.hadoop.mapred.TaskTracker: attempt_201404140455_0001_m_000009_0 0.1432411% 
2014-04-14 05:01:37,973 INFO org.apache.hadoop.mapred.TaskTracker: attempt_201404140455_0001_m_000011_0 0.15138508% 
2014-04-14 05:01:38,315 INFO org.apache.hadoop.mapred.TaskTracker: attempt_201404140455_0001_r_000000_0 0.22222224% reduce > copy (8 of 12 at 2.89 MB/s) > 
2014-04-14 05:01:39,822 INFO org.apache.hadoop.mapred.TaskTracker: attempt_201404140455_0001_r_000001_0 0.22222224% reduce > copy (8 of 12 at 3.16 MB/s) > 
2014-04-14 05:01:40,587 INFO org.apache.hadoop.mapred.TaskTracker: attempt_201404140455_0001_m_000008_0 0.26524347% 
2014-04-14 05:01:40,660 INFO org.apache.hadoop.mapred.TaskTracker: attempt_201404140455_0001_m_000010_0 0.18843701% 
2014-04-14 05:01:40,981 INFO org.apache.hadoop.mapred.TaskTracker: attempt_201404140455_0001_m_000009_0 0.23518609% 
2014-04-14 05:01:41,345 INFO org.apache.hadoop.mapred.TaskTracker: attempt_201404140455_0001_r_000000_0 0.22222224% reduce > copy (8 of 12 at 2.89 MB/s) > 
2014-04-14 05:01:41,461 INFO org.apache.hadoop.mapred.TaskTracker: attempt_201404140455_0001_m_000011_0 0.3260915% 
2014-04-14 05:01:42,863 INFO org.apache.hadoop.mapred.TaskTracker: attempt_201404140455_0001_r_000001_0 0.22222224% reduce > copy (8 of 12 at 3.16 MB/s) > 
2014-04-14 05:01:43,746 INFO org.apache.hadoop.mapred.TaskTracker: attempt_201404140455_0001_m_000008_0 0.4455557% 
2014-04-14 05:01:43,807 INFO org.apache.hadoop.mapred.TaskTracker: attempt_201404140455_0001_m_000010_0 0.43331775% 
2014-04-14 05:01:44,251 INFO org.apache.hadoop.mapred.TaskTracker: attempt_201404140455_0001_m_000009_0 0.44597757% 
2014-04-14 05:01:44,662 INFO org.apache.hadoop.mapred.TaskTracker: attempt_201404140455_0001_m_000011_0 0.5256934% 
2014-04-14 05:01:46,994 INFO org.apache.hadoop.mapred.TaskTracker: attempt_201404140455_0001_m_000010_0 0.56608397% 
2014-04-14 05:01:47,037 INFO org.apache.hadoop.mapred.TaskTracker: attempt_201404140455_0001_m_000008_0 0.58489877% 
2014-04-14 05:01:47,393 INFO org.apache.hadoop.mapred.TaskTracker: attempt_201404140455_0001_r_000000_0 0.22222224% reduce > copy (8 of 12 at 2.89 MB/s) > 
2014-04-14 05:01:47,418 INFO org.apache.hadoop.mapred.TaskTracker: attempt_201404140455_0001_m_000009_0 0.55127305% 
2014-04-14 05:01:47,884 INFO org.apache.hadoop.mapred.TaskTracker: attempt_201404140455_0001_m_000011_0 0.60131997% 
2014-04-14 05:01:48,911 INFO org.apache.hadoop.mapred.TaskTracker: attempt_201404140455_0001_r_000001_0 0.22222224% reduce > copy (8 of 12 at 3.16 MB/s) > 
2014-04-14 05:01:50,351 INFO org.apache.hadoop.mapred.TaskTracker: attempt_201404140455_0001_m_000010_0 0.6153388% 
2014-04-14 05:01:50,490 INFO org.apache.hadoop.mapred.TaskTracker: attempt_201404140455_0001_m_000008_0 0.63940823% 
2014-04-14 05:01:50,714 INFO org.apache.hadoop.mapred.TaskTracker: attempt_201404140455_0001_m_000009_0 0.6351806% 
2014-04-14 05:01:52,106 INFO org.apache.hadoop.mapred.TaskTracker: attempt_201404140455_0001_m_000011_0 0.75953484% 
2014-04-14 05:01:53,412 INFO org.apache.hadoop.mapred.TaskTracker: attempt_201404140455_0001_r_000000_0 0.22222224% reduce > copy (8 of 12 at 2.89 MB/s) > 
2014-04-14 05:01:53,666 INFO org.apache.hadoop.mapred.TaskTracker: attempt_201404140455_0001_m_000008_0 0.7768498% 
2014-04-14 05:01:54,119 INFO org.apache.hadoop.mapred.TaskTracker: attempt_201404140455_0001_m_000009_0 0.75924206% 
2014-04-14 05:01:54,233 INFO org.apache.hadoop.mapred.TaskTracker: attempt_201404140455_0001_m_000010_0 0.75985616% 
2014-04-14 05:01:54,965 INFO org.apache.hadoop.mapred.TaskTracker: attempt_201404140455_0001_r_000001_0 0.22222224% reduce > copy (8 of 12 at 3.16 MB/s) > 
2014-04-14 05:01:55,343 INFO org.apache.hadoop.mapred.TaskTracker: attempt_201404140455_0001_m_000011_0 0.9000452% 
2014-04-14 05:01:56,438 INFO org.apache.hadoop.mapred.TaskTracker: attempt_201404140455_0001_r_000000_0 0.22222224% reduce > copy (8 of 12 at 2.89 MB/s) > 
2014-04-14 05:01:57,615 INFO org.apache.hadoop.mapred.TaskTracker: attempt_201404140455_0001_m_000008_0 0.9005408% 
2014-04-14 05:01:57,804 INFO org.apache.hadoop.mapred.TaskTracker: attempt_201404140455_0001_m_000010_0 0.9020765% 
2014-04-14 05:01:57,871 INFO org.apache.hadoop.mapred.TaskTracker: attempt_201404140455_0001_m_000009_0 0.90148354% 
2014-04-14 05:01:57,994 INFO org.apache.hadoop.mapred.TaskTracker: attempt_201404140455_0001_r_000001_0 0.22222224% reduce > copy (8 of 12 at 3.16 MB/s) > 
2014-04-14 05:01:59,062 INFO org.apache.hadoop.mapred.TaskTracker: attempt_201404140455_0001_m_000011_0 1.0% 
2014-04-14 05:02:00,746 INFO org.apache.hadoop.mapred.TaskTracker: attempt_201404140455_0001_m_000008_0 1.0% 
2014-04-14 05:02:00,944 INFO org.apache.hadoop.mapred.TaskTracker: attempt_201404140455_0001_m_000010_0 1.0% 
2014-04-14 05:02:01,011 INFO org.apache.hadoop.mapred.TaskTracker: attempt_201404140455_0001_m_000009_0 1.0% 
2014-04-14 05:02:02,166 INFO org.apache.hadoop.mapred.TaskTracker: attempt_201404140455_0001_m_000011_0 1.0% 
2014-04-14 05:02:02,516 INFO org.apache.hadoop.mapred.TaskTracker: attempt_201404140455_0001_r_000000_0 0.22222224% reduce > copy (8 of 12 at 2.89 MB/s) > 
2014-04-14 05:02:03,964 INFO org.apache.hadoop.mapred.TaskTracker: attempt_201404140455_0001_m_000008_0 1.0% 
2014-04-14 05:02:04,035 INFO org.apache.hadoop.mapred.TaskTracker: attempt_201404140455_0001_r_000001_0 0.22222224% reduce > copy (8 of 12 at 3.16 MB/s) > 
2014-04-14 05:02:04,179 INFO org.apache.hadoop.mapred.TaskTracker: attempt_201404140455_0001_m_000010_0 1.0% 
2014-04-14 05:02:04,254 INFO org.apache.hadoop.mapred.TaskTracker: attempt_201404140455_0001_m_000009_0 1.0% 
2014-04-14 05:02:05,283 INFO org.apache.hadoop.mapred.TaskTracker: attempt_201404140455_0001_m_000011_0 1.0% 
2014-04-14 05:02:07,109 INFO org.apache.hadoop.mapred.TaskTracker: attempt_201404140455_0001_m_000008_0 1.0% 
2014-04-14 05:02:07,311 INFO org.apache.hadoop.mapred.TaskTracker: attempt_201404140455_0001_m_000010_0 1.0% 
2014-04-14 05:02:07,379 INFO org.apache.hadoop.mapred.TaskTracker: attempt_201404140455_0001_m_000009_0 1.0% 
2014-04-14 05:02:08,456 INFO org.apache.hadoop.mapred.TaskTracker: attempt_201404140455_0001_m_000011_0 1.0% 
2014-04-14 05:02:08,538 INFO org.apache.hadoop.mapred.TaskTracker: attempt_201404140455_0001_r_000000_0 0.22222224% reduce > copy (8 of 12 at 2.89 MB/s) > 
2014-04-14 05:02:10,052 INFO org.apache.hadoop.mapred.TaskTracker: attempt_201404140455_0001_r_000001_0 0.22222224% reduce > copy (8 of 12 at 3.16 MB/s) > 
2014-04-14 05:02:10,199 INFO org.apache.hadoop.mapred.TaskTracker: attempt_201404140455_0001_m_000008_0 1.0% 
2014-04-14 05:02:10,439 INFO org.apache.hadoop.mapred.TaskTracker: attempt_201404140455_0001_m_000010_0 1.0% 
2014-04-14 05:02:10,495 INFO org.apache.hadoop.mapred.TaskTracker: attempt_201404140455_0001_m_000009_0 1.0% 
2014-04-14 05:02:12,662 INFO org.apache.hadoop.mapred.TaskTracker: attempt_201404140455_0001_r_000000_0 0.22222224% reduce > copy (8 of 12 at 2.89 MB/s) > 
2014-04-14 05:02:13,077 INFO org.apache.hadoop.mapred.TaskTracker: attempt_201404140455_0001_r_000001_0 0.22222224% reduce > copy (8 of 12 at 3.16 MB/s) > 
2014-04-14 05:02:13,435 INFO org.apache.hadoop.mapred.TaskTracker: attempt_201404140455_0001_m_000008_0 1.0% 
2014-04-14 05:02:16,466 INFO org.apache.hadoop.mapred.TaskTracker: attempt_201404140455_0001_m_000008_0 1.0% 
2014-04-14 05:02:17,675 INFO org.apache.hadoop.mapred.TaskTracker: attempt_201404140455_0001_m_000010_0 1.0% 
2014-04-14 05:02:17,908 INFO org.apache.hadoop.mapred.TaskTracker: attempt_201404140455_0001_m_000011_0 1.0% 
2014-04-14 05:02:18,675 INFO org.apache.hadoop.mapred.TaskTracker: attempt_201404140455_0001_m_000009_0 1.0% 
2014-04-14 05:02:19,028 INFO org.apache.hadoop.mapred.TaskTracker: attempt_201404140455_0001_r_000000_0 0.22222224% reduce > copy (8 of 12 at 2.89 MB/s) > 
2014-04-14 05:02:19,097 INFO org.apache.hadoop.mapred.TaskTracker: attempt_201404140455_0001_r_000001_0 0.22222224% reduce > copy (8 of 12 at 3.16 MB/s) > 
2014-04-14 05:02:19,507 INFO org.apache.hadoop.mapred.TaskTracker: attempt_201404140455_0001_m_000008_0 1.0% 
2014-04-14 05:02:20,769 INFO org.apache.hadoop.mapred.TaskTracker: attempt_201404140455_0001_m_000010_0 1.0% 
2014-04-14 05:02:21,025 INFO org.apache.hadoop.mapred.TaskTracker: attempt_201404140455_0001_m_000011_0 1.0% 
2014-04-14 05:02:21,726 INFO org.apache.hadoop.mapred.TaskTracker: attempt_201404140455_0001_m_000009_0 1.0% 
2014-04-14 05:02:22,051 INFO org.apache.hadoop.mapred.TaskTracker: attempt_201404140455_0001_r_000000_0 0.22222224% reduce > copy (8 of 12 at 2.89 MB/s) > 
2014-04-14 05:02:22,643 INFO org.apache.hadoop.mapred.TaskTracker: attempt_201404140455_0001_m_000008_0 1.0% 
2014-04-14 05:02:23,817 INFO org.apache.hadoop.mapred.TaskTracker: attempt_201404140455_0001_m_000010_0 1.0% 
2014-04-14 05:02:25,114 INFO org.apache.hadoop.mapred.TaskTracker: attempt_201404140455_0001_r_000001_0 0.22222224% reduce > copy (8 of 12 at 3.16 MB/s) > 
2014-04-14 05:02:25,811 INFO org.apache.hadoop.mapred.TaskTracker: attempt_201404140455_0001_m_000011_0 1.0% 
2014-04-14 05:02:25,858 INFO org.apache.hadoop.mapred.TaskTracker: attempt_201404140455_0001_m_000008_0 1.0% 
2014-04-14 05:02:27,086 INFO org.apache.hadoop.mapred.TaskTracker: attempt_201404140455_0001_m_000009_0 1.0% 
2014-04-14 05:02:27,620 INFO org.apache.hadoop.mapred.TaskTracker: attempt_201404140455_0001_m_000010_0 1.0% 
2014-04-14 05:02:28,344 INFO org.apache.hadoop.mapred.TaskTracker: attempt_201404140455_0001_r_000000_0 0.22222224% reduce > copy (8 of 12 at 2.89 MB/s) > 
2014-04-14 05:02:28,605 INFO org.apache.hadoop.mapred.TaskTracker: attempt_201404140455_0001_r_000001_0 0.22222224% reduce > copy (8 of 12 at 3.16 MB/s) > 
2014-04-14 05:02:28,887 INFO org.apache.hadoop.mapred.TaskTracker: attempt_201404140455_0001_m_000011_0 1.0% 
2014-04-14 05:02:29,297 INFO org.apache.hadoop.mapred.TaskTracker: attempt_201404140455_0001_m_000008_0 1.0% 
2014-04-14 05:02:29,945 INFO org.mortbay.log: org.mortbay.io.nio.SelectorManager$SelectSet@6bb40d64 JVM BUG(s) - injecting delay4 times
2014-04-14 05:02:29,946 INFO org.mortbay.log: org.mortbay.io.nio.SelectorManager$SelectSet@6bb40d64 JVM BUG(s) - recreating selector 4 times, canceled keys 77 times
2014-04-14 05:02:30,109 INFO org.apache.hadoop.mapred.TaskTracker: attempt_201404140455_0001_m_000009_0 1.0% 
2014-04-14 05:02:30,662 INFO org.apache.hadoop.mapred.TaskTracker: attempt_201404140455_0001_m_000010_0 1.0% 
2014-04-14 05:02:31,366 INFO org.apache.hadoop.mapred.TaskTracker: attempt_201404140455_0001_r_000000_0 0.22222224% reduce > copy (8 of 12 at 2.89 MB/s) > 
2014-04-14 05:02:33,130 INFO org.apache.hadoop.mapred.TaskTracker: attempt_201404140455_0001_m_000009_0 1.0% 
2014-04-14 05:02:34,628 INFO org.apache.hadoop.mapred.TaskTracker: attempt_201404140455_0001_r_000001_0 0.22222224% reduce > copy (8 of 12 at 3.16 MB/s) > 
2014-04-14 05:02:37,433 INFO org.apache.hadoop.mapred.TaskTracker: attempt_201404140455_0001_r_000000_0 0.22222224% reduce > copy (8 of 12 at 2.89 MB/s) > 
2014-04-14 05:02:37,644 INFO org.apache.hadoop.mapred.TaskTracker: attempt_201404140455_0001_r_000001_0 0.22222224% reduce > copy (8 of 12 at 3.16 MB/s) > 
2014-04-14 05:02:38,122 INFO org.apache.hadoop.mapred.TaskTracker: attempt_201404140455_0001_m_000011_0 1.0% 
2014-04-14 05:02:38,124 INFO org.apache.hadoop.mapred.TaskTracker: Task attempt_201404140455_0001_m_000011_0 is done.
2014-04-14 05:02:38,124 INFO org.apache.hadoop.mapred.TaskTracker: reported output size for attempt_201404140455_0001_m_000011_0  was 51261824
2014-04-14 05:02:38,125 INFO org.apache.hadoop.mapred.TaskTracker: addFreeSlot : current free slots : 1
2014-04-14 05:02:38,310 INFO org.apache.hadoop.mapred.TaskTracker: attempt_201404140455_0001_m_000008_0 1.0% 
2014-04-14 05:02:38,312 INFO org.apache.hadoop.mapred.TaskTracker: Task attempt_201404140455_0001_m_000008_0 is done.
2014-04-14 05:02:38,313 INFO org.apache.hadoop.mapred.TaskTracker: reported output size for attempt_201404140455_0001_m_000008_0  was 52484422
2014-04-14 05:02:38,313 INFO org.apache.hadoop.mapred.TaskTracker: addFreeSlot : current free slots : 2
2014-04-14 05:02:39,137 INFO org.apache.hadoop.mapred.TaskTracker: attempt_201404140455_0001_m_000009_0 1.0% 
2014-04-14 05:02:39,139 INFO org.apache.hadoop.mapred.TaskTracker: Task attempt_201404140455_0001_m_000009_0 is done.
2014-04-14 05:02:39,139 INFO org.apache.hadoop.mapred.TaskTracker: reported output size for attempt_201404140455_0001_m_000009_0  was 52197794
2014-04-14 05:02:39,140 INFO org.apache.hadoop.mapred.TaskTracker: addFreeSlot : current free slots : 3
2014-04-14 05:02:39,974 INFO org.apache.hadoop.mapred.TaskTracker: attempt_201404140455_0001_m_000010_0 1.0% 
2014-04-14 05:02:39,976 INFO org.apache.hadoop.mapred.TaskTracker: Task attempt_201404140455_0001_m_000010_0 is done.
2014-04-14 05:02:39,977 INFO org.apache.hadoop.mapred.TaskTracker: reported output size for attempt_201404140455_0001_m_000010_0  was 52583539
2014-04-14 05:02:39,977 INFO org.apache.hadoop.mapred.TaskTracker: addFreeSlot : current free slots : 4
2014-04-14 05:02:40,344 INFO org.apache.hadoop.mapred.JvmManager: JVM : jvm_201404140455_0001_m_1086162479 exited with exit code 0. Number of tasks it ran: 1
2014-04-14 05:02:40,364 INFO org.apache.hadoop.mapred.JvmManager: JVM : jvm_201404140455_0001_m_296991918 exited with exit code 0. Number of tasks it ran: 1
2014-04-14 05:02:40,372 INFO org.apache.hadoop.mapred.JvmManager: JVM : jvm_201404140455_0001_m_1003623936 exited with exit code 0. Number of tasks it ran: 1
2014-04-14 05:02:40,450 INFO org.apache.hadoop.mapred.JvmManager: JVM : jvm_201404140455_0001_m_1947637032 exited with exit code 0. Number of tasks it ran: 1
2014-04-14 05:02:43,454 INFO org.apache.hadoop.mapred.TaskTracker: attempt_201404140455_0001_r_000000_0 0.22222224% reduce > copy (8 of 12 at 2.89 MB/s) > 
2014-04-14 05:02:43,487 INFO org.apache.hadoop.mapred.TaskTracker.clienttrace: src: 127.0.1.1:50061, dest: 127.0.0.1:58766, bytes: 25848670, op: MAPRED_SHUFFLE, cliID: attempt_201404140455_0001_m_000008_0, duration: 190306146
2014-04-14 05:02:44,090 INFO org.apache.hadoop.mapred.TaskTracker.clienttrace: src: 127.0.1.1:50061, dest: 127.0.0.1:58767, bytes: 25306417, op: MAPRED_SHUFFLE, cliID: attempt_201404140455_0001_m_000011_0, duration: 599543333
2014-04-14 05:02:44,144 INFO org.apache.hadoop.mapred.TaskTracker: attempt_201404140455_0001_r_000001_0 0.22222224% reduce > copy (8 of 12 at 3.16 MB/s) > 
2014-04-14 05:02:45,051 INFO org.apache.hadoop.mapred.TaskTracker.clienttrace: src: 127.0.1.1:50061, dest: 127.0.0.1:58768, bytes: 26635752, op: MAPRED_SHUFFLE, cliID: attempt_201404140455_0001_m_000008_0, duration: 609326362
2014-04-14 05:02:46,086 INFO org.apache.hadoop.mapred.TaskTracker.clienttrace: src: 127.0.1.1:50061, dest: 127.0.0.1:58768, bytes: 25955407, op: MAPRED_SHUFFLE, cliID: attempt_201404140455_0001_m_000011_0, duration: 1027511457
2014-04-14 05:02:46,315 INFO org.apache.hadoop.mapred.TaskTracker.clienttrace: src: 127.0.1.1:50061, dest: 127.0.0.1:58769, bytes: 26525068, op: MAPRED_SHUFFLE, cliID: attempt_201404140455_0001_m_000009_0, duration: 223758638
2014-04-14 05:02:46,485 INFO org.apache.hadoop.mapred.TaskTracker: attempt_201404140455_0001_r_000000_0 0.2777778% reduce > copy (10 of 12 at 1.78 MB/s) > 
2014-04-14 05:02:47,144 INFO org.apache.hadoop.mapred.TaskTracker.clienttrace: src: 127.0.1.1:50061, dest: 127.0.0.1:58769, bytes: 26699169, op: MAPRED_SHUFFLE, cliID: attempt_201404140455_0001_m_000010_0, duration: 824305467
2014-04-14 05:02:47,365 INFO org.apache.hadoop.mapred.TaskTracker: attempt_201404140455_0001_r_000001_0 0.22222224% reduce > copy (8 of 12 at 3.16 MB/s) > 
2014-04-14 05:02:48,260 INFO org.apache.hadoop.mapred.TaskTracker: attempt_201404140455_0001_r_000001_0 0.22222224% reduce > copy (8 of 12 at 3.16 MB/s) > 
2014-04-14 05:02:49,364 INFO org.apache.hadoop.mapred.TaskTracker.clienttrace: src: 127.0.1.1:50061, dest: 127.0.0.1:58772, bytes: 25672726, op: MAPRED_SHUFFLE, cliID: attempt_201404140455_0001_m_000009_0, duration: 266740149
2014-04-14 05:02:49,507 INFO org.apache.hadoop.mapred.TaskTracker: attempt_201404140455_0001_r_000000_0 0.30555558% reduce > copy (11 of 12 at 1.87 MB/s) > 
2014-04-14 05:02:50,315 INFO org.apache.hadoop.mapred.TaskTracker.clienttrace: src: 127.0.1.1:50061, dest: 127.0.0.1:58772, bytes: 25884370, op: MAPRED_SHUFFLE, cliID: attempt_201404140455_0001_m_000010_0, duration: 947791302
2014-04-14 05:02:50,377 INFO org.apache.hadoop.mapred.TaskTracker: attempt_201404140455_0001_r_000001_0 0.666691% reduce > reduce
2014-04-14 05:02:51,152 INFO org.apache.hadoop.mapred.TaskTracker: attempt_201404140455_0001_r_000000_0 0.30555558% reduce > copy (11 of 12 at 1.87 MB/s) > 
2014-04-14 05:02:52,077 INFO org.apache.hadoop.mapred.TaskTracker: attempt_201404140455_0001_r_000000_0 0.30555558% reduce > copy (11 of 12 at 1.87 MB/s) > 
2014-04-14 05:02:52,533 INFO org.apache.hadoop.mapred.TaskTracker: attempt_201404140455_0001_r_000000_0 0.6666853% reduce > reduce
2014-04-14 05:02:52,826 INFO org.apache.hadoop.mapred.TaskTracker: Task attempt_201404140455_0001_r_000001_0 is in commit-pending, task state:COMMIT_PENDING
2014-04-14 05:02:52,826 INFO org.apache.hadoop.mapred.TaskTracker: attempt_201404140455_0001_r_000001_0 0.666691% reduce > reduce
2014-04-14 05:02:53,494 INFO org.apache.hadoop.mapred.TaskTracker: attempt_201404140455_0001_r_000001_0 0.666691% reduce > reduce
2014-04-14 05:02:53,919 INFO org.apache.hadoop.mapred.TaskTracker: Received commit task action for attempt_201404140455_0001_r_000001_0
2014-04-14 05:02:54,183 WARN org.apache.hadoop.mapred.DefaultTaskController: Exit code from task is : 3
2014-04-14 05:02:54,183 INFO org.apache.hadoop.mapred.DefaultTaskController: Output from command export JVM_PID=`echo $$`
export HADOOP_CLIENT_OPTS="-Dhadoop.tasklog.taskid=attempt_201404140455_0001_r_000000_0 -Dhadoop.tasklog.iscleanup=false -Dhadoop.tasklog.totalLogFileSize=0"
export SHELL="/bin/bash"
export HADOOP_WORK_DIR="/tmp/hadoop/hadoop-mgrossman/mapred/local/taskTracker/mgrossman/jobcache/job_201404140455_0001/attempt_201404140455_0001_r_000000_0/work"
export HOME="/homes/"
export LOGNAME="mgrossman"
export HADOOP_TOKEN_FILE_LOCATION="/tmp/hadoop/hadoop-mgrossman/mapred/local/taskTracker/mgrossman/jobcache/job_201404140455_0001/jobToken"
export HADOOP_ROOT_LOGGER="INFO,TLA"
export LD_LIBRARY_PATH="/tmp/hadoop/hadoop-mgrossman/mapred/local/taskTracker/mgrossman/jobcache/job_201404140455_0001/attempt_201404140455_0001_r_000000_0/work:/usr/lib64:/home-nis/mgrossman/hadoopcl-aparapi/com.amd.aparapi.jni/dist/:/usr/lib64:/home-nis/mgrossman/hadoopcl-aparapi/com.amd.aparapi.jni/dist/:/usr/lib64:/home-nis/mgrossman/hadoopcl-aparapi/com.amd.aparapi.jni/dist/:"
export USER="mgrossman"

exec setsid '/home-nis/mgrossman/jdk1.7.0_51/jre/bin/java' '-Dopencl.device=0' '-Dopencl.device_slot=-1' '-Djava.library.path=/home-nis/mgrossman/lzo-install/lib:/home-nis/mgrossman/lzo-install/lib:/home-nis/mgrossman/lzo-install/lib::/home-nis/mgrossman/hadoopcl/libexec/../lib/native/Linux-amd64-64:/tmp/hadoop/hadoop-mgrossman/mapred/local/taskTracker/mgrossman/jobcache/job_201404140455_0001/attempt_201404140455_0001_r_000000_0/work' '-Xms2G' '-Xmx4G' '-Dopencl.mapper.threadsPerGroup.gpu=256' '-Dopencl.mapper.threadsPerGroup.cpu=64' '-Dopencl.reducer.threadsPerGroup.gpu=256' '-Dopencl.reducer.threadsPerGroup.cpu=64' '-Dopencl.scheduler=BALANCED' '-Dopencl.vectorsToBuffer=32768' '-Djava.net.preferIPv4Stack=true' '-Dhadoop.metrics.log.level=WARN' '-Djava.io.tmpdir=/tmp/hadoop/hadoop-mgrossman/mapred/local/taskTracker/mgrossman/jobcache/job_201404140455_0001/attempt_201404140455_0001_r_000000_0/work/tmp' '-classpath' '/home-nis/mgrossman/hadoopcl/libexec/../conf:/home-nis/mgrossman/jdk1.7.0_51/lib/tools.jar:/home-nis/mgrossman/hadoopcl/libexec/../build/classes:/home-nis/mgrossman/hadoopcl/libexec/../build:/home-nis/mgrossman/hadoopcl/libexec/../build/test/classes:/home-nis/mgrossman/hadoopcl/libexec/../build/tools:/home-nis/mgrossman/hadoopcl/libexec/..:/home-nis/mgrossman/hadoopcl/libexec/../hadoop-core-*.jar:/home-nis/mgrossman/hadoopcl/libexec/../lib/aparapi.jar:/home-nis/mgrossman/hadoopcl/libexec/../lib/asm-3.2.jar:/home-nis/mgrossman/hadoopcl/libexec/../lib/aspectjrt-1.6.5.jar:/home-nis/mgrossman/hadoopcl/libexec/../lib/aspectjtools-1.6.5.jar:/home-nis/mgrossman/hadoopcl/libexec/../lib/commons-beanutils-1.7.0.jar:/home-nis/mgrossman/hadoopcl/libexec/../lib/commons-beanutils-core-1.8.0.jar:/home-nis/mgrossman/hadoopcl/libexec/../lib/commons-cli-1.0-beta-2-dev.jar:/home-nis/mgrossman/hadoopcl/libexec/../lib/commons-cli-2.0-mahout.jar:/home-nis/mgrossman/hadoopcl/libexec/../lib/commons-codec-1.4.jar:/home-nis/mgrossman/hadoopcl/libexec/../lib/commons-collections-3.2.1.jar:/home-nis/mgrossman/hadoopcl/libexec/../lib/commons-configuration-1.6.jar:/home-nis/mgrossman/hadoopcl/libexec/../lib/commons-daemon-1.0.1.jar:/home-nis/mgrossman/hadoopcl/libexec/../lib/commons-digester-1.8.jar:/home-nis/mgrossman/hadoopcl/libexec/../lib/commons-el-1.0.jar:/home-nis/mgrossman/hadoopcl/libexec/../lib/commons-httpclient-3.0.1.jar:/home-nis/mgrossman/hadoopcl/libexec/../lib/commons-io-2.1.jar:/home-nis/mgrossman/hadoopcl/libexec/../lib/commons-lang-2.4.jar:/home-nis/mgrossman/hadoopcl/libexec/../lib/commons-logging-1.1.1.jar:/home-nis/mgrossman/hadoopcl/libexec/../lib/commons-logging-api-1.0.4.jar:/home-nis/mgrossman/hadoopcl/libexec/../lib/commons-math-2.1.jar:/home-nis/mgrossman/hadoopcl/libexec/../lib/commons-math3-3.2.jar:/home-nis/mgrossman/hadoopcl/libexec/../lib/commons-net-1.4.1.jar:/home-nis/mgrossman/hadoopcl/libexec/../lib/core-3.1.1.jar:/home-nis/mgrossman/hadoopcl/libexec/../lib/guava-15.0.jar:/home-nis/mgrossman/hadoopcl/libexec/../lib/guava-primitives-r03.jar:/home-nis/mgrossman/hadoopcl/libexec/../lib/hadoop-capacity-scheduler-1.0.3.jar:/home-nis/mgrossman/hadoopcl/libexec/../lib/hadoop-fairscheduler-1.0.3.jar:/home-nis/mgrossman/hadoopcl/libexec/../lib/hadoop-thriftfs-1.0.3.jar:/home-nis/mgrossman/hadoopcl/libexec/../lib/hsqldb-1.8.0.10.jar:/home-nis/mgrossman/hadoopcl/libexec/../lib/jackson-core-asl-1.8.8.jar:/home-nis/mgrossman/hadoopcl/libexec/../lib/jackson-mapper-asl-1.8.8.jar:/home-nis/mgrossman/hadoopcl/libexec/../lib/jasper-compiler-5.5.12.jar:/home-nis/mgrossman/hadoopcl/libexec/../lib/jasper-runtime-5.5.12.jar:/home-nis/mgrossman/hadoopcl/libexec/../lib/jdeb-0.8.jar:/home-nis/mgrossman/hadoopcl/libexec/../lib/jersey-core-1.8.jar:/home-nis/mgrossman/hadoopcl/libexec/../lib/jersey-json-1.8.jar:/home-nis/mgrossman/hadoopcl/libexec/../lib/jersey-server-1.8.jar:/home-nis/mgrossman/hadoopcl/libexec/../lib/jets3t-0.6.1.jar:/home-nis/mgrossman/hadoopcl/libexec/../lib/jetty-6.1.26.jar:/home-nis/mgrossman/hadoopcl/libexec/../lib/jetty-util-6.1.26.jar:/home-nis/mgrossman/hadoopcl/libexec/../lib/jsch-0.1.42.jar:/home-nis/mgrossman/hadoopcl/libexec/../lib/junit-4.5.jar:/home-nis/mgrossman/hadoopcl/libexec/../lib/kfs-0.2.2.jar:/home-nis/mgrossman/hadoopcl/libexec/../lib/log4j-1.2.15.jar:/home-nis/mgrossman/hadoopcl/libexec/../lib/lucene-core-2.3.1.jar:/home-nis/mgrossman/hadoopcl/libexec/../lib/mahout-core-0.9-SNAPSHOT.jar:/home-nis/mgrossman/hadoopcl/libexec/../lib/mahout-examples-0.8.jar:/home-nis/mgrossman/hadoopcl/libexec/../lib/mahout-math-0.9-SNAPSHOT.jar:/home-nis/mgrossman/hadoopcl/libexec/../lib/mockito-all-1.8.5.jar:/home-nis/mgrossman/hadoopcl/libexec/../lib/oro-2.0.8.jar:/home-nis/mgrossman/hadoopcl/libexec/../lib/servlet-api-2.5-20081211.jar:/home-nis/mgrossman/hadoopcl/libexec/../lib/slf4j-api-1.4.3.jar:/home-nis/mgrossman/hadoopcl/libexec/../lib/slf4j-log4j12-1.4.3.jar:/home-nis/mgrossman/hadoopcl/libexec/../lib/xmlenc-0.52.jar:/home-nis/mgrossman/hadoopcl/libexec/../lib/jsp-2.1/jsp-2.1.jar:/home-nis/mgrossman/hadoopcl/libexec/../lib/jsp-2.1/jsp-api-2.1.jar:/home-nis/mgrossman/hadoopcl/libexec/../build/hadoop-core-1.0.4-SNAPSHOT.jar:/build/hadoop-gpl-compression-0.2.0-dev.jar:/home-nis/mgrossman/mahout/trunk/core/target/mahout-core-0.8-SNAPSHOT.jar:/home-nis/mgrossman/mahout/trunk/math/target/mahout-math-0.8-SNAPSHOT.jar:/home-nis/mgrossman/hadoopcl-aparapi/com.amd.aparapi/dist/aparapi.jar:/home-nis/mgrossman/hadoopcl/libexec/../build/hadoop-core-1.0.4-SNAPSHOT.jar:/build/hadoop-gpl-compression-0.2.0-dev.jar:/home-nis/mgrossman/hadoopcl/libexec/../build/hadoop-core-1.0.4-SNAPSHOT.jar:/home-nis/mgrossman/jfreechart-1.0.14.jar:.:/home-nis/mgrossman/mahout/trunk/core/target/mahout-core-0.8-SNAPSHOT.jar:/home-nis/mgrossman/mahout/trunk/math/target/mahout-math-0.8-SNAPSHOT.jar:/home-nis/mgrossman/hadoopcl-aparapi/com.amd.aparapi/dist/aparapi.jar:/home-nis/mgrossman/hadoopcl/libexec/../build/hadoop-core-1.0.4-SNAPSHOT.jar:/build/hadoop-gpl-compression-0.2.0-dev.jar:/home-nis/mgrossman/hadoopcl/libexec/../build/hadoop-core-1.0.4-SNAPSHOT.jar:/home-nis/mgrossman/jfreechart-1.0.14.jar:.:/home-nis/mgrossman/mahout/trunk/core/target/mahout-core-0.8-SNAPSHOT.jar:/home-nis/mgrossman/mahout/trunk/math/target/mahout-math-0.8-SNAPSHOT.jar:/home-nis/mgrossman/hadoopcl-aparapi/com.amd.aparapi/dist/aparapi.jar:/build/hadoop-core-1.0.4-SNAPSHOT.jar:/build/hadoop-gpl-compression-0.2.0-dev.jar:/build/hadoop-core-1.0.4-SNAPSHOT.jar:/home-nis/mgrossman/jfreechart-1.0.14.jar:.::/home-nis/mgrossman/hadoopcl/libexec/../build/hadoop-core-1.0.4-SNAPSHOT.jar:/build/hadoop-gpl-compression-0.2.0-dev.jar:/home-nis/mgrossman/mahout/trunk/core/target/mahout-core-0.8-SNAPSHOT.jar:/home-nis/mgrossman/mahout/trunk/math/target/mahout-math-0.8-SNAPSHOT.jar:/home-nis/mgrossman/hadoopcl-aparapi/com.amd.aparapi/dist/aparapi.jar:/home-nis/mgrossman/hadoopcl/libexec/../build/hadoop-core-1.0.4-SNAPSHOT.jar:/build/hadoop-gpl-compression-0.2.0-dev.jar:/home-nis/mgrossman/hadoopcl/libexec/../build/hadoop-core-1.0.4-SNAPSHOT.jar:/home-nis/mgrossman/jfreechart-1.0.14.jar:.:/home-nis/mgrossman/mahout/trunk/core/target/mahout-core-0.8-SNAPSHOT.jar:/home-nis/mgrossman/mahout/trunk/math/target/mahout-math-0.8-SNAPSHOT.jar:/home-nis/mgrossman/hadoopcl-aparapi/com.amd.aparapi/dist/aparapi.jar:/build/hadoop-core-1.0.4-SNAPSHOT.jar:/build/hadoop-gpl-compression-0.2.0-dev.jar:/build/hadoop-core-1.0.4-SNAPSHOT.jar:/home-nis/mgrossman/jfreechart-1.0.14.jar:.::/build/hadoop-core-1.0.4-SNAPSHOT.jar:/build/hadoop-gpl-compression-0.2.0-dev.jar:/home-nis/mgrossman/mahout/trunk/core/target/mahout-core-0.8-SNAPSHOT.jar:/home-nis/mgrossman/mahout/trunk/math/target/mahout-math-0.8-SNAPSHOT.jar:/home-nis/mgrossman/hadoopcl-aparapi/com.amd.aparapi/dist/aparapi.jar:/build/hadoop-core-1.0.4-SNAPSHOT.jar:/build/hadoop-gpl-compression-0.2.0-dev.jar:/build/hadoop-core-1.0.4-SNAPSHOT.jar:/home-nis/mgrossman/jfreechart-1.0.14.jar:.:/tmp/hadoop/hadoop-mgrossman/mapred/local/taskTracker/mgrossman/jobcache/job_201404140455_0001/jars/classes:/tmp/hadoop/hadoop-mgrossman/mapred/local/taskTracker/mgrossman/jobcache/job_201404140455_0001/jars:/tmp/hadoop/hadoop-mgrossman/mapred/local/taskTracker/mgrossman/jobcache/job_201404140455_0001/attempt_201404140455_0001_r_000000_0/work' '-Dhadoop.log.dir=/tmp/hadoop/logs' '-Dhadoop.root.logger=INFO,TLA' '-Dhadoop.tasklog.taskid=attempt_201404140455_0001_r_000000_0' '-Dhadoop.tasklog.iscleanup=false' '-Dhadoop.tasklog.totalLogFileSize=0' 'org.apache.hadoop.mapred.Child' '127.0.0.1' '52136' 'attempt_201404140455_0001_r_000000_0' '/tmp/hadoop/logs/userlogs/job_201404140455_0001/attempt_201404140455_0001_r_000000_0' '1584579373'  < /dev/null  1>> /tmp/hadoop/logs/userlogs/job_201404140455_0001/attempt_201404140455_0001_r_000000_0/stdout 2>> /tmp/hadoop/logs/userlogs/job_201404140455_0001/attempt_201404140455_0001_r_000000_0/stderr
2014-04-14 05:02:54,184 INFO org.apache.hadoop.mapred.DefaultTaskController: Output from exception  org.apache.hadoop.util.Shell$ExitCodeException: 
2014-04-14 05:02:54,184 INFO org.apache.hadoop.mapred.DefaultTaskController: Output from DefaultTaskController's launchTask follows:
2014-04-14 05:02:54,184 INFO org.apache.hadoop.mapred.TaskController: 
2014-04-14 05:02:54,188 INFO org.apache.hadoop.mapred.JvmManager: JVM : jvm_201404140455_0001_r_1584579373 exited with exit code 3. Number of tasks it ran: 0
2014-04-14 05:02:54,198 WARN org.apache.hadoop.mapred.TaskRunner: attempt_201404140455_0001_r_000000_0 : Child Error
java.io.IOException: Task process exit with nonzero status of 3.
	at org.apache.hadoop.mapred.TaskRunner.run(TaskRunner.java:278)
2014-04-14 05:02:56,500 INFO org.apache.hadoop.mapred.TaskTracker: attempt_201404140455_0001_r_000001_0 0.666691% reduce > reduce
2014-04-14 05:02:56,503 INFO org.apache.hadoop.mapred.TaskTracker: Task attempt_201404140455_0001_r_000001_0 is done.
2014-04-14 05:02:56,503 INFO org.apache.hadoop.mapred.TaskTracker: reported output size for attempt_201404140455_0001_r_000001_0  was -1
2014-04-14 05:02:56,508 INFO org.apache.hadoop.mapred.TaskTracker: addFreeSlot : current free slots : 1
2014-04-14 05:02:56,774 INFO org.apache.hadoop.mapred.JvmManager: JVM : jvm_201404140455_0001_r_741598901 exited with exit code 0. Number of tasks it ran: 1
2014-04-14 05:02:56,935 INFO org.apache.hadoop.mapred.TaskTracker: Received KillTaskAction for task: attempt_201404140455_0001_r_000001_0
2014-04-14 05:02:56,935 INFO org.apache.hadoop.mapred.TaskTracker: About to purge task: attempt_201404140455_0001_r_000001_0
2014-04-14 05:02:57,205 INFO org.apache.hadoop.mapred.TaskTracker: addFreeSlot : current free slots : 2
2014-04-14 05:02:59,946 INFO org.apache.hadoop.mapred.TaskTracker: LaunchTaskAction (registerTask): attempt_201404140455_0001_r_000000_0 task's state:FAILED_UNCLEAN
2014-04-14 05:02:59,948 INFO org.apache.hadoop.mapred.TaskTracker: Trying to launch : attempt_201404140455_0001_r_000000_0 which needs 1 slots
2014-04-14 05:02:59,948 INFO org.apache.hadoop.mapred.TaskTracker: In TaskLauncher, current free slots : 2 and trying to launch attempt_201404140455_0001_r_000000_0 which needs 1 slots
2014-04-14 05:02:59,983 INFO org.apache.hadoop.mapred.JvmManager: In JvmRunner constructed JVM ID: jvm_201404140455_0001_r_705318295
2014-04-14 05:02:59,983 INFO org.apache.hadoop.mapred.JvmManager: JVM Runner jvm_201404140455_0001_r_705318295 spawned.
2014-04-14 05:02:59,988 INFO org.apache.hadoop.mapred.TaskController: Writing commands to /tmp/hadoop/hadoop-mgrossman/mapred/local/ttprivate/taskTracker/mgrossman/jobcache/job_201404140455_0001/attempt_201404140455_0001_r_000000_0.cleanup/taskjvm.sh
2014-04-14 05:03:02,644 INFO org.apache.hadoop.mapred.TaskTracker: JVM with ID: jvm_201404140455_0001_r_705318295 given task: attempt_201404140455_0001_r_000000_0
2014-04-14 05:03:03,906 INFO org.apache.hadoop.mapred.TaskTracker: attempt_201404140455_0001_r_000000_0 0.0% 
2014-04-14 05:03:06,785 INFO org.apache.hadoop.mapred.TaskTracker: attempt_201404140455_0001_r_000000_0 0.0% cleanup
2014-04-14 05:03:06,788 INFO org.apache.hadoop.mapred.TaskTracker: Task attempt_201404140455_0001_r_000000_0 is done.
2014-04-14 05:03:06,788 INFO org.apache.hadoop.mapred.TaskTracker: reported output size for attempt_201404140455_0001_r_000000_0  was -1
2014-04-14 05:03:06,788 INFO org.apache.hadoop.mapred.TaskTracker: addFreeSlot : current free slots : 2
2014-04-14 05:03:07,029 INFO org.apache.hadoop.mapred.JvmManager: JVM : jvm_201404140455_0001_r_705318295 exited with exit code 0. Number of tasks it ran: 1
2014-04-14 05:03:08,970 INFO org.apache.hadoop.mapred.TaskTracker: LaunchTaskAction (registerTask): attempt_201404140455_0001_r_000000_1 task's state:UNASSIGNED
2014-04-14 05:03:08,971 INFO org.apache.hadoop.mapred.TaskTracker: Trying to launch : attempt_201404140455_0001_r_000000_1 which needs 1 slots
2014-04-14 05:03:08,971 INFO org.apache.hadoop.mapred.TaskTracker: In TaskLauncher, current free slots : 2 and trying to launch attempt_201404140455_0001_r_000000_1 which needs 1 slots
2014-04-14 05:03:08,984 INFO org.apache.hadoop.mapred.JvmManager: In JvmRunner constructed JVM ID: jvm_201404140455_0001_r_628807154
2014-04-14 05:03:08,984 INFO org.apache.hadoop.mapred.JvmManager: JVM Runner jvm_201404140455_0001_r_628807154 spawned.
2014-04-14 05:03:08,989 INFO org.apache.hadoop.mapred.TaskController: Writing commands to /tmp/hadoop/hadoop-mgrossman/mapred/local/ttprivate/taskTracker/mgrossman/jobcache/job_201404140455_0001/attempt_201404140455_0001_r_000000_1/taskjvm.sh
2014-04-14 05:03:10,132 INFO org.apache.hadoop.mapred.TaskTracker: JVM with ID: jvm_201404140455_0001_r_628807154 given task: attempt_201404140455_0001_r_000000_1
2014-04-14 05:03:16,458 INFO org.apache.hadoop.mapred.TaskTracker.clienttrace: src: 127.0.1.1:50061, dest: 127.0.0.1:58782, bytes: 25823427, op: MAPRED_SHUFFLE, cliID: attempt_201404140455_0001_m_000000_0, duration: 168187655
2014-04-14 05:03:16,924 INFO org.apache.hadoop.mapred.TaskTracker: attempt_201404140455_0001_r_000000_1 0.02777778% reduce > copy (1 of 12 at 4.10 MB/s) > 
2014-04-14 05:03:17,409 INFO org.apache.hadoop.mapred.TaskTracker.clienttrace: src: 127.0.1.1:50061, dest: 127.0.0.1:58782, bytes: 26080573, op: MAPRED_SHUFFLE, cliID: attempt_201404140455_0001_m_000003_0, duration: 941135028
2014-04-14 05:03:18,375 INFO org.apache.hadoop.mapred.TaskTracker.clienttrace: src: 127.0.1.1:50061, dest: 127.0.0.1:58783, bytes: 25557681, op: MAPRED_SHUFFLE, cliID: attempt_201404140455_0001_m_000001_0, duration: 955571558
2014-04-14 05:03:19,373 INFO org.apache.hadoop.mapred.TaskTracker.clienttrace: src: 127.0.1.1:50061, dest: 127.0.0.1:58784, bytes: 25708849, op: MAPRED_SHUFFLE, cliID: attempt_201404140455_0001_m_000002_0, duration: 993074560
2014-04-14 05:03:19,545 INFO org.apache.hadoop.mapred.TaskTracker.clienttrace: src: 127.0.1.1:50061, dest: 127.0.0.1:58785, bytes: 25575768, op: MAPRED_SHUFFLE, cliID: attempt_201404140455_0001_m_000004_0, duration: 167459871
2014-04-14 05:03:19,953 INFO org.apache.hadoop.mapred.TaskTracker: attempt_201404140455_0001_r_000000_1 0.1388889% reduce > copy (5 of 12 at 13.64 MB/s) > 
2014-04-14 05:03:20,545 INFO org.apache.hadoop.mapred.TaskTracker.clienttrace: src: 127.0.1.1:50061, dest: 127.0.0.1:58786, bytes: 25763742, op: MAPRED_SHUFFLE, cliID: attempt_201404140455_0001_m_000005_0, duration: 996864739
2014-04-14 05:03:21,491 INFO org.apache.hadoop.mapred.TaskTracker.clienttrace: src: 127.0.1.1:50061, dest: 127.0.0.1:58787, bytes: 25571809, op: MAPRED_SHUFFLE, cliID: attempt_201404140455_0001_m_000006_0, duration: 943574762
2014-04-14 05:03:22,467 INFO org.apache.hadoop.mapred.TaskTracker.clienttrace: src: 127.0.1.1:50061, dest: 127.0.0.1:58787, bytes: 26046374, op: MAPRED_SHUFFLE, cliID: attempt_201404140455_0001_m_000007_0, duration: 973090216
2014-04-14 05:03:22,517 INFO org.apache.hadoop.mapred.TaskTracker.clienttrace: src: 127.0.1.1:50061, dest: 127.0.0.1:58787, bytes: 25848670, op: MAPRED_SHUFFLE, cliID: attempt_201404140455_0001_m_000008_0, duration: 47267223
2014-04-14 05:03:22,995 INFO org.apache.hadoop.mapred.TaskTracker: attempt_201404140455_0001_r_000000_1 0.25% reduce > copy (9 of 12 at 18.44 MB/s) > 
2014-04-14 05:03:23,546 INFO org.apache.hadoop.mapred.TaskTracker.clienttrace: src: 127.0.1.1:50061, dest: 127.0.0.1:58787, bytes: 25306417, op: MAPRED_SHUFFLE, cliID: attempt_201404140455_0001_m_000011_0, duration: 1019425294
2014-04-14 05:03:24,558 INFO org.apache.hadoop.mapred.TaskTracker.clienttrace: src: 127.0.1.1:50061, dest: 127.0.0.1:58787, bytes: 25672726, op: MAPRED_SHUFFLE, cliID: attempt_201404140455_0001_m_000009_0, duration: 1005090241
2014-04-14 05:03:25,573 INFO org.apache.hadoop.mapred.TaskTracker.clienttrace: src: 127.0.1.1:50061, dest: 127.0.0.1:58787, bytes: 25884370, op: MAPRED_SHUFFLE, cliID: attempt_201404140455_0001_m_000010_0, duration: 1006867657
2014-04-14 05:03:26,019 INFO org.apache.hadoop.mapred.TaskTracker: attempt_201404140455_0001_r_000000_1 0.30555558% reduce > copy (11 of 12 at 19.27 MB/s) > 
2014-04-14 05:03:26,089 INFO org.apache.hadoop.mapred.TaskTracker: attempt_201404140455_0001_r_000000_1 0.30555558% reduce > copy (11 of 12 at 19.27 MB/s) > 
2014-04-14 05:03:26,928 INFO org.apache.hadoop.mapred.TaskTracker: attempt_201404140455_0001_r_000000_1 0.30555558% reduce > copy (11 of 12 at 19.27 MB/s) > 
2014-04-14 05:03:29,050 INFO org.apache.hadoop.mapred.TaskTracker: attempt_201404140455_0001_r_000000_1 0.6666853% reduce > reduce
2014-04-14 05:03:30,558 INFO org.apache.hadoop.mapred.TaskTracker: Task attempt_201404140455_0001_r_000000_1 is in commit-pending, task state:COMMIT_PENDING
2014-04-14 05:03:30,558 INFO org.apache.hadoop.mapred.TaskTracker: attempt_201404140455_0001_r_000000_1 0.6666853% reduce > reduce
2014-04-14 05:03:30,579 INFO org.mortbay.log: org.mortbay.io.nio.SelectorManager$SelectSet@6bb40d64 JVM BUG(s) - injecting delay14 times
2014-04-14 05:03:30,579 INFO org.mortbay.log: org.mortbay.io.nio.SelectorManager$SelectSet@6bb40d64 JVM BUG(s) - recreating selector 14 times, canceled keys 245 times
2014-04-14 05:03:32,075 INFO org.apache.hadoop.mapred.TaskTracker: attempt_201404140455_0001_r_000000_1 0.6666853% reduce > reduce
2014-04-14 05:03:33,018 INFO org.apache.hadoop.mapred.TaskTracker: Received commit task action for attempt_201404140455_0001_r_000000_1
2014-04-14 05:03:35,100 INFO org.apache.hadoop.mapred.TaskTracker: attempt_201404140455_0001_r_000000_1 0.6666853% reduce > reduce
2014-04-14 05:03:35,104 INFO org.apache.hadoop.mapred.TaskTracker: attempt_201404140455_0001_r_000000_1 0.6666853% reduce > reduce
2014-04-14 05:03:35,106 INFO org.apache.hadoop.mapred.TaskTracker: Task attempt_201404140455_0001_r_000000_1 is done.
2014-04-14 05:03:35,106 INFO org.apache.hadoop.mapred.TaskTracker: reported output size for attempt_201404140455_0001_r_000000_1  was -1
2014-04-14 05:03:35,107 INFO org.apache.hadoop.mapred.TaskTracker: addFreeSlot : current free slots : 2
2014-04-14 05:03:35,437 INFO org.apache.hadoop.mapred.JvmManager: JVM : jvm_201404140455_0001_r_628807154 exited with exit code 0. Number of tasks it ran: 1
2014-04-14 05:03:36,042 INFO org.apache.hadoop.mapred.TaskTracker: LaunchTaskAction (registerTask): attempt_201404140455_0001_m_000012_0 task's state:UNASSIGNED
2014-04-14 05:03:36,043 INFO org.apache.hadoop.mapred.TaskTracker: Trying to launch : attempt_201404140455_0001_m_000012_0 which needs 1 slots
2014-04-14 05:03:36,043 INFO org.apache.hadoop.mapred.TaskTracker: Received KillTaskAction for task: attempt_201404140455_0001_r_000000_1
2014-04-14 05:03:36,043 INFO org.apache.hadoop.mapred.TaskTracker: In TaskLauncher, current free slots : 4 and trying to launch attempt_201404140455_0001_m_000012_0 which needs 1 slots
2014-04-14 05:03:36,043 INFO org.apache.hadoop.mapred.TaskTracker: About to purge task: attempt_201404140455_0001_r_000000_1
2014-04-14 05:03:36,053 INFO org.apache.hadoop.mapred.JvmManager: In JvmRunner constructed JVM ID: jvm_201404140455_0001_m_1082708648
2014-04-14 05:03:36,053 INFO org.apache.hadoop.mapred.JvmManager: JVM Runner jvm_201404140455_0001_m_1082708648 spawned.
2014-04-14 05:03:36,056 INFO org.apache.hadoop.mapred.TaskController: Writing commands to /tmp/hadoop/hadoop-mgrossman/mapred/local/ttprivate/taskTracker/mgrossman/jobcache/job_201404140455_0001/attempt_201404140455_0001_m_000012_0/taskjvm.sh
2014-04-14 05:03:37,110 INFO org.apache.hadoop.mapred.TaskTracker: JVM with ID: jvm_201404140455_0001_m_1082708648 given task: attempt_201404140455_0001_m_000012_0
2014-04-14 05:03:37,989 INFO org.apache.hadoop.mapred.TaskTracker: attempt_201404140455_0001_m_000012_0 0.0% 
2014-04-14 05:03:40,878 INFO org.apache.hadoop.mapred.TaskTracker: attempt_201404140455_0001_m_000012_0 0.0% cleanup
2014-04-14 05:03:40,880 INFO org.apache.hadoop.mapred.TaskTracker: Task attempt_201404140455_0001_m_000012_0 is done.
2014-04-14 05:03:40,881 INFO org.apache.hadoop.mapred.TaskTracker: reported output size for attempt_201404140455_0001_m_000012_0  was -1
2014-04-14 05:03:40,881 INFO org.apache.hadoop.mapred.TaskTracker: addFreeSlot : current free slots : 4
2014-04-14 05:03:41,098 INFO org.apache.hadoop.mapred.JvmManager: JVM : jvm_201404140455_0001_m_1082708648 exited with exit code 0. Number of tasks it ran: 1
2014-04-14 05:03:42,135 INFO org.apache.hadoop.mapred.TaskTracker: Received 'KillJobAction' for job: job_201404140455_0001
2014-04-14 05:03:42,136 INFO org.apache.hadoop.mapred.IndexCache: Map ID attempt_201404140455_0001_m_000012_0 not found in cache
2014-04-14 05:03:42,141 INFO org.apache.hadoop.mapred.UserLogCleaner: Adding job_201404140455_0001 for user-log deletion with retainTimeStamp:1397556222140
