kmeans mapper translation .86180000000000000000
kmeans mapper compilation 196.20000000000000000000
kmeans mapper linecount 411
kmeans reducer translation .81560000000000000000
kmeans reducer compilation 258.00000000000000000000
kmeans reducer linecount 472
fuzzy mapper translation .92480000000000000000
fuzzy mapper compilation 235.20000000000000000000
fuzzy mapper linecount 434
fuzzy combiner translation .82440000000000000000
fuzzy combiner compilation 266.80000000000000000000
fuzzy combiner linecount 489
fuzzy reducer translation .81750000000000000000
fuzzy reducer compilation 264.80000000000000000000
fuzzy reducer linecount 482
dirichlet mapper translation .86510000000000000000
dirichlet mapper compilation 183.40000000000000000000
dirichlet mapper linecount 406
pairwise mapper translation .93430000000000000000
pairwise mapper compilation 317.20000000000000000000
pairwise mapper linecount 468
pairwise combiner translation .87360000000000000000
pairwise combiner compilation 321.60000000000000000000
pairwise combiner linecount 494
pairwise reducer translation .89520000000000000000
pairwise reducer compilation 342.20000000000000000000
pairwise reducer linecount 508
bayes mapper translation .80620000000000000000
bayes mapper compilation 160.00000000000000000000
bayes mapper linecount 342
bayes combiner translation .81220000000000000000
bayes combiner compilation 257.60000000000000000000
bayes combiner linecount 472
bayes reducer translation .81240000000000000000
bayes reducer compilation 255.60000000000000000000
bayes reducer linecount 472
