2014-04-14 02:04:34,006 INFO org.apache.hadoop.mapred.TaskTracker: STARTUP_MSG: 
/************************************************************
STARTUP_MSG: Starting TaskTracker
STARTUP_MSG:   host = node08.asa-web.amd.com/127.0.1.1
STARTUP_MSG:   args = []
STARTUP_MSG:   version = Unknown
STARTUP_MSG:   build = Unknown -r Unknown; compiled by 'Unknown' on Unknown
************************************************************/
2014-04-14 02:04:34,265 INFO org.apache.hadoop.metrics2.impl.MetricsConfig: loaded properties from hadoop-metrics2.properties
2014-04-14 02:04:34,333 INFO org.apache.hadoop.metrics2.impl.MetricsSourceAdapter: MBean for source MetricsSystem,sub=Stats registered.
2014-04-14 02:04:34,334 INFO org.apache.hadoop.metrics2.impl.MetricsSystemImpl: Scheduled snapshot period at 10 second(s).
2014-04-14 02:04:34,334 INFO org.apache.hadoop.metrics2.impl.MetricsSystemImpl: TaskTracker metrics system started
2014-04-14 02:04:34,698 INFO org.apache.hadoop.metrics2.impl.MetricsSourceAdapter: MBean for source ugi registered.
2014-04-14 02:04:34,708 WARN org.apache.hadoop.metrics2.impl.MetricsSystemImpl: Source name ugi already exists!
2014-04-14 02:04:40,007 INFO org.mortbay.log: Logging to org.slf4j.impl.Log4jLoggerAdapter(org.mortbay.log) via org.mortbay.log.Slf4jLog
2014-04-14 02:04:40,077 INFO org.apache.hadoop.http.HttpServer: Added global filtersafety (class=org.apache.hadoop.http.HttpServer$QuotingInputFilter)
2014-04-14 02:04:40,142 INFO org.apache.hadoop.mapred.TaskLogsTruncater: Initializing logs' truncater with mapRetainSize=-1 and reduceRetainSize=-1
2014-04-14 02:04:40,157 INFO org.apache.hadoop.mapred.TaskTracker: Starting tasktracker with owner as mgrossman
2014-04-14 02:04:40,160 INFO org.apache.hadoop.mapred.TaskTracker: Good mapred local directories are: /tmp/hadoop/hadoop-mgrossman/mapred/local
2014-04-14 02:04:40,171 INFO org.apache.hadoop.util.NativeCodeLoader: Loaded the native-hadoop library
2014-04-14 02:04:40,197 INFO org.apache.hadoop.metrics2.impl.MetricsSourceAdapter: MBean for source jvm registered.
2014-04-14 02:04:40,200 INFO org.apache.hadoop.metrics2.impl.MetricsSourceAdapter: MBean for source TaskTrackerMetrics registered.
2014-04-14 02:04:40,226 INFO org.apache.hadoop.ipc.Server: Starting SocketReader
2014-04-14 02:04:40,234 INFO org.apache.hadoop.metrics2.impl.MetricsSourceAdapter: MBean for source RpcDetailedActivityForPort59264 registered.
2014-04-14 02:04:40,234 INFO org.apache.hadoop.metrics2.impl.MetricsSourceAdapter: MBean for source RpcActivityForPort59264 registered.
2014-04-14 02:04:40,238 INFO org.apache.hadoop.ipc.Server: IPC Server listener on 59264: starting
2014-04-14 02:04:40,238 INFO org.apache.hadoop.ipc.Server: IPC Server Responder: starting
2014-04-14 02:04:40,241 INFO org.apache.hadoop.ipc.Server: IPC Server handler 1 on 59264: starting
2014-04-14 02:04:40,241 INFO org.apache.hadoop.ipc.Server: IPC Server handler 0 on 59264: starting
2014-04-14 02:04:40,241 INFO org.apache.hadoop.ipc.Server: IPC Server handler 2 on 59264: starting
2014-04-14 02:04:40,242 INFO org.apache.hadoop.ipc.Server: IPC Server handler 3 on 59264: starting
2014-04-14 02:04:40,242 INFO org.apache.hadoop.ipc.Server: IPC Server handler 4 on 59264: starting
2014-04-14 02:04:40,242 INFO org.apache.hadoop.ipc.Server: IPC Server handler 5 on 59264: starting
2014-04-14 02:04:40,242 INFO org.apache.hadoop.ipc.Server: IPC Server handler 6 on 59264: starting
2014-04-14 02:04:40,243 INFO org.apache.hadoop.mapred.TaskTracker: TaskTracker up at: localhost/127.0.0.1:59264
2014-04-14 02:04:40,243 INFO org.apache.hadoop.ipc.Server: IPC Server handler 7 on 59264: starting
2014-04-14 02:04:40,243 INFO org.apache.hadoop.mapred.TaskTracker: Starting tracker tracker_node08.asa-web.amd.com:localhost/127.0.0.1:59264
2014-04-14 02:04:50,256 INFO org.apache.hadoop.mapred.TaskTracker: Starting thread: Map-events fetcher for all reduce tasks on tracker_node08.asa-web.amd.com:localhost/127.0.0.1:59264
2014-04-14 02:04:50,270 INFO org.apache.hadoop.util.ProcessTree: setsid exited with exit code 0
2014-04-14 02:04:50,286 INFO org.apache.hadoop.mapred.TaskTracker:  Using ResourceCalculatorPlugin : org.apache.hadoop.util.LinuxResourceCalculatorPlugin@78ab10ed
2014-04-14 02:04:50,291 WARN org.apache.hadoop.mapred.TaskTracker: TaskTracker's totalMemoryAllottedForTasks is -1. TaskMemoryManager is disabled.
2014-04-14 02:04:50,297 INFO org.apache.hadoop.mapred.IndexCache: IndexCache created with max memory = 10485760
2014-04-14 02:04:52,471 INFO org.apache.hadoop.metrics2.impl.MetricsSourceAdapter: MBean for source ShuffleServerMetrics registered.
2014-04-14 02:04:52,478 INFO org.apache.hadoop.http.HttpServer: Port returned by webServer.getConnectors()[0].getLocalPort() before open() is -1. Opening the listener on 50061
2014-04-14 02:04:52,479 INFO org.apache.hadoop.http.HttpServer: listener.getLocalPort() returned 50061 webServer.getConnectors()[0].getLocalPort() returned 50061
2014-04-14 02:04:52,479 INFO org.apache.hadoop.http.HttpServer: Jetty bound to port 50061
2014-04-14 02:04:52,479 INFO org.mortbay.log: jetty-6.1.26
2014-04-14 02:04:52,853 INFO org.mortbay.log: Started SelectChannelConnector@0.0.0.0:50061
2014-04-14 02:04:52,854 INFO org.apache.hadoop.mapred.TaskTracker: FILE_CACHE_SIZE for mapOutputServlet set to : 2000
2014-04-14 02:05:59,508 INFO org.apache.hadoop.mapred.TaskTracker: LaunchTaskAction (registerTask): attempt_201404140204_0001_m_000021_0 task's state:UNASSIGNED
2014-04-14 02:05:59,517 INFO org.apache.hadoop.mapred.TaskTracker: Trying to launch : attempt_201404140204_0001_m_000021_0 which needs 1 slots
2014-04-14 02:05:59,517 INFO org.apache.hadoop.mapred.TaskTracker: In TaskLauncher, current free slots : 4 and trying to launch attempt_201404140204_0001_m_000021_0 which needs 1 slots
2014-04-14 02:05:59,905 INFO org.apache.hadoop.mapred.JobLocalizer: Initializing user mgrossman on this TT.
2014-04-14 02:06:00,131 INFO org.apache.hadoop.mapred.JvmManager: In JvmRunner constructed JVM ID: jvm_201404140204_0001_m_1841808347
2014-04-14 02:06:00,132 INFO org.apache.hadoop.mapred.JvmManager: JVM Runner jvm_201404140204_0001_m_1841808347 spawned.
2014-04-14 02:06:00,138 INFO org.apache.hadoop.mapred.TaskController: Writing commands to /tmp/hadoop/hadoop-mgrossman/mapred/local/ttprivate/taskTracker/mgrossman/jobcache/job_201404140204_0001/attempt_201404140204_0001_m_000021_0/taskjvm.sh
2014-04-14 02:06:01,224 INFO org.apache.hadoop.mapred.TaskTracker: JVM with ID: jvm_201404140204_0001_m_1841808347 given task: attempt_201404140204_0001_m_000021_0
2014-04-14 02:06:04,988 INFO org.apache.hadoop.mapred.TaskTracker: attempt_201404140204_0001_m_000021_0 0.0% setup
2014-04-14 02:06:04,991 INFO org.apache.hadoop.mapred.TaskTracker: Task attempt_201404140204_0001_m_000021_0 is done.
2014-04-14 02:06:04,992 INFO org.apache.hadoop.mapred.TaskTracker: reported output size for attempt_201404140204_0001_m_000021_0  was -1
2014-04-14 02:06:04,993 INFO org.apache.hadoop.mapred.TaskTracker: addFreeSlot : current free slots : 4
2014-04-14 02:06:05,221 INFO org.apache.hadoop.mapred.JvmManager: JVM : jvm_201404140204_0001_m_1841808347 exited with exit code 0. Number of tasks it ran: 1
2014-04-14 02:06:05,296 INFO org.apache.hadoop.io.nativeio.NativeIO: Initialized cache for UID to User mapping with a cache timeout of 14400 seconds.
2014-04-14 02:06:05,297 INFO org.apache.hadoop.io.nativeio.NativeIO: Got UserName mgrossman for UID 1007 from the native implementation
2014-04-14 02:06:05,566 INFO org.apache.hadoop.mapred.TaskTracker: LaunchTaskAction (registerTask): attempt_201404140204_0001_m_000000_0 task's state:UNASSIGNED
2014-04-14 02:06:05,566 INFO org.apache.hadoop.mapred.TaskTracker: LaunchTaskAction (registerTask): attempt_201404140204_0001_m_000001_0 task's state:UNASSIGNED
2014-04-14 02:06:05,567 INFO org.apache.hadoop.mapred.TaskTracker: LaunchTaskAction (registerTask): attempt_201404140204_0001_m_000002_0 task's state:UNASSIGNED
2014-04-14 02:06:05,567 INFO org.apache.hadoop.mapred.TaskTracker: LaunchTaskAction (registerTask): attempt_201404140204_0001_m_000003_0 task's state:UNASSIGNED
2014-04-14 02:06:05,567 INFO org.apache.hadoop.mapred.TaskTracker: Trying to launch : attempt_201404140204_0001_m_000000_0 which needs 1 slots
2014-04-14 02:06:05,567 INFO org.apache.hadoop.mapred.TaskTracker: In TaskLauncher, current free slots : 4 and trying to launch attempt_201404140204_0001_m_000000_0 which needs 1 slots
2014-04-14 02:06:05,568 INFO org.apache.hadoop.mapred.TaskTracker: Received KillTaskAction for task: attempt_201404140204_0001_m_000021_0
2014-04-14 02:06:05,568 INFO org.apache.hadoop.mapred.TaskTracker: About to purge task: attempt_201404140204_0001_m_000021_0
2014-04-14 02:06:05,568 INFO org.apache.hadoop.mapred.TaskTracker: Trying to launch : attempt_201404140204_0001_m_000001_0 which needs 1 slots
2014-04-14 02:06:05,568 INFO org.apache.hadoop.mapred.TaskTracker: In TaskLauncher, current free slots : 3 and trying to launch attempt_201404140204_0001_m_000001_0 which needs 1 slots
2014-04-14 02:06:05,568 INFO org.apache.hadoop.mapred.IndexCache: Map ID attempt_201404140204_0001_m_000021_0 not found in cache
2014-04-14 02:06:05,569 INFO org.apache.hadoop.mapred.TaskTracker: Trying to launch : attempt_201404140204_0001_m_000002_0 which needs 1 slots
2014-04-14 02:06:05,569 INFO org.apache.hadoop.mapred.TaskTracker: In TaskLauncher, current free slots : 2 and trying to launch attempt_201404140204_0001_m_000002_0 which needs 1 slots
2014-04-14 02:06:05,570 INFO org.apache.hadoop.mapred.TaskTracker: Trying to launch : attempt_201404140204_0001_m_000003_0 which needs 1 slots
2014-04-14 02:06:05,570 INFO org.apache.hadoop.mapred.TaskTracker: In TaskLauncher, current free slots : 1 and trying to launch attempt_201404140204_0001_m_000003_0 which needs 1 slots
2014-04-14 02:06:05,589 INFO org.apache.hadoop.mapred.JvmManager: In JvmRunner constructed JVM ID: jvm_201404140204_0001_m_623440201
2014-04-14 02:06:05,590 INFO org.apache.hadoop.mapred.JvmManager: JVM Runner jvm_201404140204_0001_m_623440201 spawned.
2014-04-14 02:06:05,594 INFO org.apache.hadoop.mapred.TaskController: Writing commands to /tmp/hadoop/hadoop-mgrossman/mapred/local/ttprivate/taskTracker/mgrossman/jobcache/job_201404140204_0001/attempt_201404140204_0001_m_000000_0/taskjvm.sh
2014-04-14 02:06:05,600 INFO org.apache.hadoop.mapred.JvmManager: In JvmRunner constructed JVM ID: jvm_201404140204_0001_m_1832308018
2014-04-14 02:06:05,601 INFO org.apache.hadoop.mapred.JvmManager: JVM Runner jvm_201404140204_0001_m_1832308018 spawned.
2014-04-14 02:06:05,601 INFO org.apache.hadoop.mapred.JvmManager: In JvmRunner constructed JVM ID: jvm_201404140204_0001_m_309781133
2014-04-14 02:06:05,604 INFO org.apache.hadoop.mapred.JvmManager: JVM Runner jvm_201404140204_0001_m_309781133 spawned.
2014-04-14 02:06:05,604 INFO org.apache.hadoop.mapred.JvmManager: In JvmRunner constructed JVM ID: jvm_201404140204_0001_m_885273956
2014-04-14 02:06:05,612 INFO org.apache.hadoop.mapred.JvmManager: JVM Runner jvm_201404140204_0001_m_885273956 spawned.
2014-04-14 02:06:05,613 INFO org.apache.hadoop.mapred.TaskController: Writing commands to /tmp/hadoop/hadoop-mgrossman/mapred/local/ttprivate/taskTracker/mgrossman/jobcache/job_201404140204_0001/attempt_201404140204_0001_m_000003_0/taskjvm.sh
2014-04-14 02:06:05,626 INFO org.apache.hadoop.mapred.TaskController: Writing commands to /tmp/hadoop/hadoop-mgrossman/mapred/local/ttprivate/taskTracker/mgrossman/jobcache/job_201404140204_0001/attempt_201404140204_0001_m_000001_0/taskjvm.sh
2014-04-14 02:06:05,627 INFO org.apache.hadoop.mapred.TaskController: Writing commands to /tmp/hadoop/hadoop-mgrossman/mapred/local/ttprivate/taskTracker/mgrossman/jobcache/job_201404140204_0001/attempt_201404140204_0001_m_000002_0/taskjvm.sh
2014-04-14 02:06:07,052 INFO org.apache.hadoop.mapred.TaskTracker: JVM with ID: jvm_201404140204_0001_m_885273956 given task: attempt_201404140204_0001_m_000001_0
2014-04-14 02:06:07,057 INFO org.apache.hadoop.mapred.TaskTracker: JVM with ID: jvm_201404140204_0001_m_623440201 given task: attempt_201404140204_0001_m_000000_0
2014-04-14 02:06:07,059 INFO org.apache.hadoop.mapred.TaskTracker: JVM with ID: jvm_201404140204_0001_m_1832308018 given task: attempt_201404140204_0001_m_000003_0
2014-04-14 02:06:07,063 INFO org.apache.hadoop.mapred.TaskTracker: JVM with ID: jvm_201404140204_0001_m_309781133 given task: attempt_201404140204_0001_m_000002_0
2014-04-14 02:06:14,815 INFO org.apache.hadoop.mapred.TaskTracker: attempt_201404140204_0001_m_000000_0 0.5294125% 
2014-04-14 02:06:14,861 INFO org.apache.hadoop.mapred.TaskTracker: attempt_201404140204_0001_m_000003_0 0.49551994% 
2014-04-14 02:06:14,886 INFO org.apache.hadoop.mapred.TaskTracker: attempt_201404140204_0001_m_000001_0 0.40718064% 
2014-04-14 02:06:15,113 INFO org.apache.hadoop.mapred.TaskTracker: attempt_201404140204_0001_m_000002_0 0.5008326% 
2014-04-14 02:06:17,852 INFO org.apache.hadoop.mapred.TaskTracker: attempt_201404140204_0001_m_000000_0 1.0% 
2014-04-14 02:06:17,904 INFO org.apache.hadoop.mapred.TaskTracker: attempt_201404140204_0001_m_000003_0 1.0% 
2014-04-14 02:06:17,935 INFO org.apache.hadoop.mapred.TaskTracker: attempt_201404140204_0001_m_000001_0 1.0% 
2014-04-14 02:06:18,155 INFO org.apache.hadoop.mapred.TaskTracker: attempt_201404140204_0001_m_000002_0 1.0% 
2014-04-14 02:06:20,893 INFO org.apache.hadoop.mapred.TaskTracker: attempt_201404140204_0001_m_000000_0 1.0% 
2014-04-14 02:06:20,949 INFO org.apache.hadoop.mapred.TaskTracker: attempt_201404140204_0001_m_000003_0 1.0% 
2014-04-14 02:06:20,971 INFO org.apache.hadoop.mapred.TaskTracker: attempt_201404140204_0001_m_000001_0 1.0% 
2014-04-14 02:06:21,197 INFO org.apache.hadoop.mapred.TaskTracker: attempt_201404140204_0001_m_000002_0 1.0% 
2014-04-14 02:06:23,934 INFO org.apache.hadoop.mapred.TaskTracker: attempt_201404140204_0001_m_000000_0 1.0% 
2014-04-14 02:06:24,008 INFO org.apache.hadoop.mapred.TaskTracker: attempt_201404140204_0001_m_000001_0 1.0% 
2014-04-14 02:06:26,999 INFO org.apache.hadoop.mapred.TaskTracker: attempt_201404140204_0001_m_000003_0 1.0% 
2014-04-14 02:06:29,980 INFO org.apache.hadoop.mapred.TaskTracker: attempt_201404140204_0001_m_000000_0 1.0% 
2014-04-14 02:06:30,243 INFO org.apache.hadoop.mapred.TaskTracker: attempt_201404140204_0001_m_000002_0 1.0% 
2014-04-14 02:06:33,018 INFO org.apache.hadoop.mapred.TaskTracker: attempt_201404140204_0001_m_000000_0 1.0% 
2014-04-14 02:06:33,051 INFO org.apache.hadoop.mapred.TaskTracker: attempt_201404140204_0001_m_000001_0 1.0% 
2014-04-14 02:06:34,413 INFO org.apache.hadoop.mapred.TaskTracker: Task attempt_201404140204_0001_m_000000_0 is in commit-pending, task state:COMMIT_PENDING
2014-04-14 02:06:34,413 INFO org.apache.hadoop.mapred.TaskTracker: attempt_201404140204_0001_m_000000_0 1.0% 
2014-04-14 02:06:34,941 INFO org.apache.hadoop.mapred.TaskTracker: Task attempt_201404140204_0001_m_000001_0 is in commit-pending, task state:COMMIT_PENDING
2014-04-14 02:06:34,941 INFO org.apache.hadoop.mapred.TaskTracker: attempt_201404140204_0001_m_000001_0 1.0% 
2014-04-14 02:06:35,325 INFO org.apache.hadoop.mapred.TaskTracker: Task attempt_201404140204_0001_m_000003_0 is in commit-pending, task state:COMMIT_PENDING
2014-04-14 02:06:35,326 INFO org.apache.hadoop.mapred.TaskTracker: attempt_201404140204_0001_m_000003_0 1.0% 
2014-04-14 02:06:35,674 INFO org.apache.hadoop.mapred.TaskTracker: LaunchTaskAction (registerTask): attempt_201404140204_0001_m_000004_0 task's state:UNASSIGNED
2014-04-14 02:06:35,674 INFO org.apache.hadoop.mapred.TaskTracker: Trying to launch : attempt_201404140204_0001_m_000004_0 which needs 1 slots
2014-04-14 02:06:35,674 INFO org.apache.hadoop.mapred.TaskTracker: TaskLauncher : Waiting for 1 to launch attempt_201404140204_0001_m_000004_0, currently we have 0 free slots
2014-04-14 02:06:35,674 INFO org.apache.hadoop.mapred.TaskTracker: LaunchTaskAction (registerTask): attempt_201404140204_0001_m_000005_0 task's state:UNASSIGNED
2014-04-14 02:06:35,675 INFO org.apache.hadoop.mapred.TaskTracker: LaunchTaskAction (registerTask): attempt_201404140204_0001_m_000006_0 task's state:UNASSIGNED
2014-04-14 02:06:35,675 INFO org.apache.hadoop.mapred.TaskTracker: Received commit task action for attempt_201404140204_0001_m_000000_0
2014-04-14 02:06:35,675 INFO org.apache.hadoop.mapred.TaskTracker: Received commit task action for attempt_201404140204_0001_m_000001_0
2014-04-14 02:06:35,675 INFO org.apache.hadoop.mapred.TaskTracker: Received commit task action for attempt_201404140204_0001_m_000003_0
2014-04-14 02:06:35,796 INFO org.apache.hadoop.mapred.TaskTracker: Task attempt_201404140204_0001_m_000002_0 is in commit-pending, task state:COMMIT_PENDING
2014-04-14 02:06:35,796 INFO org.apache.hadoop.mapred.TaskTracker: attempt_201404140204_0001_m_000002_0 1.0% 
2014-04-14 02:06:36,040 INFO org.apache.hadoop.mapred.TaskTracker: attempt_201404140204_0001_m_000003_0 1.0% 
2014-04-14 02:06:36,063 INFO org.apache.hadoop.mapred.TaskTracker: attempt_201404140204_0001_m_000001_0 1.0% 
2014-04-14 02:06:36,066 INFO org.apache.hadoop.mapred.TaskTracker: Task attempt_201404140204_0001_m_000001_0 is done.
2014-04-14 02:06:36,066 INFO org.apache.hadoop.mapred.TaskTracker: reported output size for attempt_201404140204_0001_m_000001_0  was -1
2014-04-14 02:06:36,067 INFO org.apache.hadoop.mapred.TaskTracker: addFreeSlot : current free slots : 1
2014-04-14 02:06:36,067 INFO org.apache.hadoop.mapred.TaskTracker: In TaskLauncher, current free slots : 1 and trying to launch attempt_201404140204_0001_m_000004_0 which needs 1 slots
2014-04-14 02:06:36,068 INFO org.apache.hadoop.mapred.TaskTracker: Trying to launch : attempt_201404140204_0001_m_000005_0 which needs 1 slots
2014-04-14 02:06:36,068 INFO org.apache.hadoop.mapred.TaskTracker: TaskLauncher : Waiting for 1 to launch attempt_201404140204_0001_m_000005_0, currently we have 0 free slots
2014-04-14 02:06:36,077 INFO org.apache.hadoop.mapred.JvmManager: Killing JVM: jvm_201404140204_0001_m_885273956
2014-04-14 02:06:36,080 INFO org.apache.hadoop.mapred.JvmManager: In JvmRunner constructed JVM ID: jvm_201404140204_0001_m_1725399381
2014-04-14 02:06:36,081 INFO org.apache.hadoop.mapred.JvmManager: JVM Runner jvm_201404140204_0001_m_1725399381 spawned.
2014-04-14 02:06:36,084 INFO org.apache.hadoop.mapred.TaskController: Writing commands to /tmp/hadoop/hadoop-mgrossman/mapred/local/ttprivate/taskTracker/mgrossman/jobcache/job_201404140204_0001/attempt_201404140204_0001_m_000004_0/taskjvm.sh
2014-04-14 02:06:36,275 INFO org.apache.hadoop.mapred.JvmManager: JVM : jvm_201404140204_0001_m_885273956 exited with exit code 0. Number of tasks it ran: 1
2014-04-14 02:06:37,176 INFO org.apache.hadoop.mapred.TaskTracker: JVM with ID: jvm_201404140204_0001_m_1725399381 given task: attempt_201404140204_0001_m_000004_0
2014-04-14 02:06:38,701 INFO org.apache.hadoop.mapred.TaskTracker: LaunchTaskAction (registerTask): attempt_201404140204_0001_m_000007_0 task's state:UNASSIGNED
2014-04-14 02:06:38,702 INFO org.apache.hadoop.mapred.TaskTracker: Received commit task action for attempt_201404140204_0001_m_000002_0
2014-04-14 02:06:39,044 INFO org.apache.hadoop.mapred.TaskTracker: attempt_201404140204_0001_m_000000_0 1.0% 
2014-04-14 02:06:39,047 INFO org.apache.hadoop.mapred.TaskTracker: attempt_201404140204_0001_m_000000_0 1.0% 
2014-04-14 02:06:39,049 INFO org.apache.hadoop.mapred.TaskTracker: Task attempt_201404140204_0001_m_000000_0 is done.
2014-04-14 02:06:39,049 INFO org.apache.hadoop.mapred.TaskTracker: reported output size for attempt_201404140204_0001_m_000000_0  was -1
2014-04-14 02:06:39,050 INFO org.apache.hadoop.mapred.TaskTracker: addFreeSlot : current free slots : 1
2014-04-14 02:06:39,051 INFO org.apache.hadoop.mapred.TaskTracker: In TaskLauncher, current free slots : 1 and trying to launch attempt_201404140204_0001_m_000005_0 which needs 1 slots
2014-04-14 02:06:39,051 INFO org.apache.hadoop.mapred.TaskTracker: Trying to launch : attempt_201404140204_0001_m_000006_0 which needs 1 slots
2014-04-14 02:06:39,051 INFO org.apache.hadoop.mapred.TaskTracker: TaskLauncher : Waiting for 1 to launch attempt_201404140204_0001_m_000006_0, currently we have 0 free slots
2014-04-14 02:06:39,066 INFO org.apache.hadoop.mapred.TaskTracker: attempt_201404140204_0001_m_000003_0 1.0% 
2014-04-14 02:06:39,070 INFO org.apache.hadoop.mapred.TaskTracker: attempt_201404140204_0001_m_000003_0 1.0% 
2014-04-14 02:06:39,072 INFO org.apache.hadoop.mapred.JvmManager: Killing JVM: jvm_201404140204_0001_m_623440201
2014-04-14 02:06:39,079 INFO org.apache.hadoop.mapred.JvmManager: In JvmRunner constructed JVM ID: jvm_201404140204_0001_m_994177494
2014-04-14 02:06:39,079 INFO org.apache.hadoop.mapred.JvmManager: JVM Runner jvm_201404140204_0001_m_994177494 spawned.
2014-04-14 02:06:39,081 INFO org.apache.hadoop.mapred.TaskTracker: Task attempt_201404140204_0001_m_000003_0 is done.
2014-04-14 02:06:39,081 INFO org.apache.hadoop.mapred.TaskTracker: reported output size for attempt_201404140204_0001_m_000003_0  was -1
2014-04-14 02:06:39,082 INFO org.apache.hadoop.mapred.TaskTracker: addFreeSlot : current free slots : 1
2014-04-14 02:06:39,083 INFO org.apache.hadoop.mapred.TaskTracker: In TaskLauncher, current free slots : 1 and trying to launch attempt_201404140204_0001_m_000006_0 which needs 1 slots
2014-04-14 02:06:39,089 INFO org.apache.hadoop.mapred.TaskTracker: Trying to launch : attempt_201404140204_0001_m_000007_0 which needs 1 slots
2014-04-14 02:06:39,089 INFO org.apache.hadoop.mapred.TaskTracker: TaskLauncher : Waiting for 1 to launch attempt_201404140204_0001_m_000007_0, currently we have 0 free slots
2014-04-14 02:06:39,090 INFO org.apache.hadoop.mapred.TaskController: Writing commands to /tmp/hadoop/hadoop-mgrossman/mapred/local/ttprivate/taskTracker/mgrossman/jobcache/job_201404140204_0001/attempt_201404140204_0001_m_000005_0/taskjvm.sh
2014-04-14 02:06:39,107 INFO org.apache.hadoop.mapred.JvmManager: Killing JVM: jvm_201404140204_0001_m_1832308018
2014-04-14 02:06:39,130 INFO org.apache.hadoop.mapred.JvmManager: In JvmRunner constructed JVM ID: jvm_201404140204_0001_m_1256286116
2014-04-14 02:06:39,130 INFO org.apache.hadoop.mapred.JvmManager: JVM Runner jvm_201404140204_0001_m_1256286116 spawned.
2014-04-14 02:06:39,137 INFO org.apache.hadoop.mapred.TaskController: Writing commands to /tmp/hadoop/hadoop-mgrossman/mapred/local/ttprivate/taskTracker/mgrossman/jobcache/job_201404140204_0001/attempt_201404140204_0001_m_000006_0/taskjvm.sh
2014-04-14 02:06:39,301 INFO org.apache.hadoop.mapred.TaskTracker: attempt_201404140204_0001_m_000002_0 1.0% 
2014-04-14 02:06:39,304 INFO org.apache.hadoop.mapred.TaskTracker: attempt_201404140204_0001_m_000002_0 1.0% 
2014-04-14 02:06:39,309 INFO org.apache.hadoop.mapred.TaskTracker: Task attempt_201404140204_0001_m_000002_0 is done.
2014-04-14 02:06:39,309 INFO org.apache.hadoop.mapred.TaskTracker: reported output size for attempt_201404140204_0001_m_000002_0  was -1
2014-04-14 02:06:39,311 INFO org.apache.hadoop.mapred.TaskTracker: addFreeSlot : current free slots : 1
2014-04-14 02:06:39,312 INFO org.apache.hadoop.mapred.TaskTracker: In TaskLauncher, current free slots : 1 and trying to launch attempt_201404140204_0001_m_000007_0 which needs 1 slots
2014-04-14 02:06:39,338 INFO org.apache.hadoop.mapred.JvmManager: Killing JVM: jvm_201404140204_0001_m_309781133
2014-04-14 02:06:39,365 INFO org.apache.hadoop.mapred.JvmManager: In JvmRunner constructed JVM ID: jvm_201404140204_0001_m_494536333
2014-04-14 02:06:39,365 INFO org.apache.hadoop.mapred.JvmManager: JVM Runner jvm_201404140204_0001_m_494536333 spawned.
2014-04-14 02:06:39,371 INFO org.apache.hadoop.mapred.TaskController: Writing commands to /tmp/hadoop/hadoop-mgrossman/mapred/local/ttprivate/taskTracker/mgrossman/jobcache/job_201404140204_0001/attempt_201404140204_0001_m_000007_0/taskjvm.sh
2014-04-14 02:06:39,441 INFO org.apache.hadoop.mapred.JvmManager: JVM : jvm_201404140204_0001_m_623440201 exited with exit code 0. Number of tasks it ran: 1
2014-04-14 02:06:39,508 INFO org.apache.hadoop.mapred.JvmManager: JVM : jvm_201404140204_0001_m_1832308018 exited with exit code 0. Number of tasks it ran: 1
2014-04-14 02:06:39,602 INFO org.apache.hadoop.mapred.JvmManager: JVM : jvm_201404140204_0001_m_309781133 exited with exit code 0. Number of tasks it ran: 1
2014-04-14 02:06:40,716 INFO org.apache.hadoop.mapred.TaskTracker: JVM with ID: jvm_201404140204_0001_m_994177494 given task: attempt_201404140204_0001_m_000005_0
2014-04-14 02:06:41,286 INFO org.apache.hadoop.mapred.TaskTracker: JVM with ID: jvm_201404140204_0001_m_494536333 given task: attempt_201404140204_0001_m_000007_0
2014-04-14 02:06:41,288 INFO org.apache.hadoop.mapred.TaskTracker: JVM with ID: jvm_201404140204_0001_m_1256286116 given task: attempt_201404140204_0001_m_000006_0
2014-04-14 02:06:44,379 INFO org.apache.hadoop.mapred.TaskTracker: attempt_201404140204_0001_m_000004_0 1.0% 
2014-04-14 02:06:46,656 INFO org.apache.hadoop.mapred.TaskTracker: Task attempt_201404140204_0001_m_000004_0 is in commit-pending, task state:COMMIT_PENDING
2014-04-14 02:06:46,656 INFO org.apache.hadoop.mapred.TaskTracker: attempt_201404140204_0001_m_000004_0 1.0% 
2014-04-14 02:06:47,426 INFO org.apache.hadoop.mapred.TaskTracker: attempt_201404140204_0001_m_000004_0 1.0% 
2014-04-14 02:06:47,753 INFO org.apache.hadoop.mapred.TaskTracker: LaunchTaskAction (registerTask): attempt_201404140204_0001_m_000008_0 task's state:UNASSIGNED
2014-04-14 02:06:47,753 INFO org.apache.hadoop.mapred.TaskTracker: Received commit task action for attempt_201404140204_0001_m_000004_0
2014-04-14 02:06:47,754 INFO org.apache.hadoop.mapred.TaskTracker: Trying to launch : attempt_201404140204_0001_m_000008_0 which needs 1 slots
2014-04-14 02:06:47,754 INFO org.apache.hadoop.mapred.TaskTracker: TaskLauncher : Waiting for 1 to launch attempt_201404140204_0001_m_000008_0, currently we have 0 free slots
2014-04-14 02:06:48,703 INFO org.apache.hadoop.mapred.TaskTracker: attempt_201404140204_0001_m_000005_0 0.57965237% 
2014-04-14 02:06:48,776 INFO org.apache.hadoop.mapred.TaskTracker: attempt_201404140204_0001_m_000006_0 0.4750282% 
2014-04-14 02:06:48,901 INFO org.apache.hadoop.mapred.TaskTracker: attempt_201404140204_0001_m_000007_0 0.74529976% 
2014-04-14 02:06:50,463 INFO org.apache.hadoop.mapred.TaskTracker: attempt_201404140204_0001_m_000004_0 1.0% 
2014-04-14 02:06:50,468 INFO org.apache.hadoop.mapred.TaskTracker: attempt_201404140204_0001_m_000004_0 1.0% 
2014-04-14 02:06:50,471 INFO org.apache.hadoop.mapred.TaskTracker: Task attempt_201404140204_0001_m_000004_0 is done.
2014-04-14 02:06:50,471 INFO org.apache.hadoop.mapred.TaskTracker: reported output size for attempt_201404140204_0001_m_000004_0  was -1
2014-04-14 02:06:50,471 INFO org.apache.hadoop.mapred.TaskTracker: addFreeSlot : current free slots : 1
2014-04-14 02:06:50,472 INFO org.apache.hadoop.mapred.TaskTracker: In TaskLauncher, current free slots : 1 and trying to launch attempt_201404140204_0001_m_000008_0 which needs 1 slots
2014-04-14 02:06:50,484 INFO org.apache.hadoop.mapred.JvmManager: Killing JVM: jvm_201404140204_0001_m_1725399381
2014-04-14 02:06:50,492 INFO org.apache.hadoop.mapred.JvmManager: In JvmRunner constructed JVM ID: jvm_201404140204_0001_m_122122674
2014-04-14 02:06:50,492 INFO org.apache.hadoop.mapred.JvmManager: JVM Runner jvm_201404140204_0001_m_122122674 spawned.
2014-04-14 02:06:50,495 INFO org.apache.hadoop.mapred.TaskController: Writing commands to /tmp/hadoop/hadoop-mgrossman/mapred/local/ttprivate/taskTracker/mgrossman/jobcache/job_201404140204_0001/attempt_201404140204_0001_m_000008_0/taskjvm.sh
2014-04-14 02:06:51,550 INFO org.apache.hadoop.mapred.TaskTracker: JVM with ID: jvm_201404140204_0001_m_122122674 given task: attempt_201404140204_0001_m_000008_0
2014-04-14 02:06:51,750 INFO org.apache.hadoop.mapred.TaskTracker: attempt_201404140204_0001_m_000005_0 1.0% 
2014-04-14 02:06:51,819 INFO org.apache.hadoop.mapred.TaskTracker: attempt_201404140204_0001_m_000006_0 1.0% 
2014-04-14 02:06:51,946 INFO org.apache.hadoop.mapred.TaskTracker: attempt_201404140204_0001_m_000007_0 1.0% 
2014-04-14 02:06:54,782 INFO org.apache.hadoop.mapred.TaskTracker: attempt_201404140204_0001_m_000005_0 1.0% 
2014-04-14 02:06:54,862 INFO org.apache.hadoop.mapred.TaskTracker: attempt_201404140204_0001_m_000006_0 1.0% 
2014-04-14 02:06:54,987 INFO org.apache.hadoop.mapred.TaskTracker: attempt_201404140204_0001_m_000007_0 1.0% 
2014-04-14 02:06:54,995 INFO org.apache.hadoop.mapred.JvmManager: JVM : jvm_201404140204_0001_m_1725399381 exited with exit code 0. Number of tasks it ran: 1
2014-04-14 02:06:58,420 INFO org.apache.hadoop.mapred.TaskTracker: attempt_201404140204_0001_m_000008_0 0.6423488% 
2014-04-14 02:07:00,824 INFO org.apache.hadoop.mapred.TaskTracker: attempt_201404140204_0001_m_000005_0 1.0% 
2014-04-14 02:07:00,901 INFO org.apache.hadoop.mapred.TaskTracker: attempt_201404140204_0001_m_000006_0 1.0% 
2014-04-14 02:07:01,027 INFO org.apache.hadoop.mapred.TaskTracker: attempt_201404140204_0001_m_000007_0 1.0% 
2014-04-14 02:07:01,464 INFO org.apache.hadoop.mapred.TaskTracker: attempt_201404140204_0001_m_000008_0 1.0% 
2014-04-14 02:07:02,466 INFO org.apache.hadoop.mapred.TaskTracker: Task attempt_201404140204_0001_m_000007_0 is in commit-pending, task state:COMMIT_PENDING
2014-04-14 02:07:02,467 INFO org.apache.hadoop.mapred.TaskTracker: attempt_201404140204_0001_m_000007_0 1.0% 
2014-04-14 02:07:02,804 INFO org.apache.hadoop.mapred.TaskTracker: LaunchTaskAction (registerTask): attempt_201404140204_0001_m_000009_0 task's state:UNASSIGNED
2014-04-14 02:07:02,805 INFO org.apache.hadoop.mapred.TaskTracker: Received commit task action for attempt_201404140204_0001_m_000007_0
2014-04-14 02:07:02,805 INFO org.apache.hadoop.mapred.TaskTracker: Trying to launch : attempt_201404140204_0001_m_000009_0 which needs 1 slots
2014-04-14 02:07:02,805 INFO org.apache.hadoop.mapred.TaskTracker: TaskLauncher : Waiting for 1 to launch attempt_201404140204_0001_m_000009_0, currently we have 0 free slots
2014-04-14 02:07:03,856 INFO org.apache.hadoop.mapred.TaskTracker: attempt_201404140204_0001_m_000005_0 1.0% 
2014-04-14 02:07:04,034 INFO org.apache.hadoop.mapred.TaskTracker: attempt_201404140204_0001_m_000007_0 1.0% 
2014-04-14 02:07:04,037 INFO org.apache.hadoop.mapred.TaskTracker: Task attempt_201404140204_0001_m_000007_0 is done.
2014-04-14 02:07:04,037 INFO org.apache.hadoop.mapred.TaskTracker: reported output size for attempt_201404140204_0001_m_000007_0  was -1
2014-04-14 02:07:04,038 INFO org.apache.hadoop.mapred.TaskTracker: addFreeSlot : current free slots : 1
2014-04-14 02:07:04,038 INFO org.apache.hadoop.mapred.TaskTracker: In TaskLauncher, current free slots : 1 and trying to launch attempt_201404140204_0001_m_000009_0 which needs 1 slots
2014-04-14 02:07:04,048 INFO org.apache.hadoop.mapred.JvmManager: Killing JVM: jvm_201404140204_0001_m_494536333
2014-04-14 02:07:04,053 INFO org.apache.hadoop.mapred.JvmManager: In JvmRunner constructed JVM ID: jvm_201404140204_0001_m_1421993512
2014-04-14 02:07:04,053 INFO org.apache.hadoop.mapred.JvmManager: JVM Runner jvm_201404140204_0001_m_1421993512 spawned.
2014-04-14 02:07:04,056 INFO org.apache.hadoop.mapred.TaskController: Writing commands to /tmp/hadoop/hadoop-mgrossman/mapred/local/ttprivate/taskTracker/mgrossman/jobcache/job_201404140204_0001/attempt_201404140204_0001_m_000009_0/taskjvm.sh
2014-04-14 02:07:04,499 INFO org.apache.hadoop.mapred.TaskTracker: attempt_201404140204_0001_m_000008_0 1.0% 
2014-04-14 02:07:05,128 INFO org.apache.hadoop.mapred.TaskTracker: JVM with ID: jvm_201404140204_0001_m_1421993512 given task: attempt_201404140204_0001_m_000009_0
2014-04-14 02:07:05,307 INFO org.apache.hadoop.mapred.JvmManager: JVM : jvm_201404140204_0001_m_494536333 exited with exit code 0. Number of tasks it ran: 1
2014-04-14 02:07:05,534 INFO org.apache.hadoop.mapred.TaskTracker: Task attempt_201404140204_0001_m_000005_0 is in commit-pending, task state:COMMIT_PENDING
2014-04-14 02:07:05,535 INFO org.apache.hadoop.mapred.TaskTracker: attempt_201404140204_0001_m_000005_0 1.0% 
2014-04-14 02:07:05,575 INFO org.apache.hadoop.mapred.TaskTracker: Task attempt_201404140204_0001_m_000006_0 is in commit-pending, task state:COMMIT_PENDING
2014-04-14 02:07:05,575 INFO org.apache.hadoop.mapred.TaskTracker: attempt_201404140204_0001_m_000006_0 1.0% 
2014-04-14 02:07:05,830 INFO org.apache.hadoop.mapred.TaskTracker: LaunchTaskAction (registerTask): attempt_201404140204_0001_m_000010_0 task's state:UNASSIGNED
2014-04-14 02:07:05,830 INFO org.apache.hadoop.mapred.TaskTracker: Trying to launch : attempt_201404140204_0001_m_000010_0 which needs 1 slots
2014-04-14 02:07:05,830 INFO org.apache.hadoop.mapred.TaskTracker: TaskLauncher : Waiting for 1 to launch attempt_201404140204_0001_m_000010_0, currently we have 0 free slots
2014-04-14 02:07:05,830 INFO org.apache.hadoop.mapred.TaskTracker: LaunchTaskAction (registerTask): attempt_201404140204_0001_m_000011_0 task's state:UNASSIGNED
2014-04-14 02:07:05,831 INFO org.apache.hadoop.mapred.TaskTracker: Received commit task action for attempt_201404140204_0001_m_000005_0
2014-04-14 02:07:05,831 INFO org.apache.hadoop.mapred.TaskTracker: Received commit task action for attempt_201404140204_0001_m_000006_0
2014-04-14 02:07:06,863 INFO org.apache.hadoop.mapred.TaskTracker: attempt_201404140204_0001_m_000005_0 1.0% 
2014-04-14 02:07:06,865 INFO org.apache.hadoop.mapred.TaskTracker: Task attempt_201404140204_0001_m_000005_0 is done.
2014-04-14 02:07:06,866 INFO org.apache.hadoop.mapred.TaskTracker: reported output size for attempt_201404140204_0001_m_000005_0  was -1
2014-04-14 02:07:06,866 INFO org.apache.hadoop.mapred.TaskTracker: addFreeSlot : current free slots : 1
2014-04-14 02:07:06,867 INFO org.apache.hadoop.mapred.TaskTracker: In TaskLauncher, current free slots : 1 and trying to launch attempt_201404140204_0001_m_000010_0 which needs 1 slots
2014-04-14 02:07:06,867 INFO org.apache.hadoop.mapred.TaskTracker: Trying to launch : attempt_201404140204_0001_m_000011_0 which needs 1 slots
2014-04-14 02:07:06,868 INFO org.apache.hadoop.mapred.TaskTracker: TaskLauncher : Waiting for 1 to launch attempt_201404140204_0001_m_000011_0, currently we have 0 free slots
2014-04-14 02:07:06,878 INFO org.apache.hadoop.mapred.JvmManager: Killing JVM: jvm_201404140204_0001_m_994177494
2014-04-14 02:07:06,881 INFO org.apache.hadoop.mapred.JvmManager: In JvmRunner constructed JVM ID: jvm_201404140204_0001_m_1452526595
2014-04-14 02:07:06,882 INFO org.apache.hadoop.mapred.JvmManager: JVM Runner jvm_201404140204_0001_m_1452526595 spawned.
2014-04-14 02:07:06,884 INFO org.apache.hadoop.mapred.TaskController: Writing commands to /tmp/hadoop/hadoop-mgrossman/mapred/local/ttprivate/taskTracker/mgrossman/jobcache/job_201404140204_0001/attempt_201404140204_0001_m_000010_0/taskjvm.sh
2014-04-14 02:07:06,952 INFO org.apache.hadoop.mapred.TaskTracker: attempt_201404140204_0001_m_000006_0 1.0% 
2014-04-14 02:07:06,955 INFO org.apache.hadoop.mapred.TaskTracker: attempt_201404140204_0001_m_000006_0 1.0% 
2014-04-14 02:07:06,957 INFO org.apache.hadoop.mapred.TaskTracker: Task attempt_201404140204_0001_m_000006_0 is done.
2014-04-14 02:07:06,957 INFO org.apache.hadoop.mapred.TaskTracker: reported output size for attempt_201404140204_0001_m_000006_0  was -1
2014-04-14 02:07:06,957 INFO org.apache.hadoop.mapred.TaskTracker: addFreeSlot : current free slots : 1
2014-04-14 02:07:06,962 INFO org.apache.hadoop.mapred.TaskTracker: In TaskLauncher, current free slots : 1 and trying to launch attempt_201404140204_0001_m_000011_0 which needs 1 slots
2014-04-14 02:07:06,978 INFO org.apache.hadoop.mapred.JvmManager: Killing JVM: jvm_201404140204_0001_m_1256286116
2014-04-14 02:07:06,981 INFO org.apache.hadoop.mapred.JvmManager: In JvmRunner constructed JVM ID: jvm_201404140204_0001_m_327636066
2014-04-14 02:07:06,982 INFO org.apache.hadoop.mapred.JvmManager: JVM Runner jvm_201404140204_0001_m_327636066 spawned.
2014-04-14 02:07:06,983 INFO org.apache.hadoop.mapred.TaskController: Writing commands to /tmp/hadoop/hadoop-mgrossman/mapred/local/ttprivate/taskTracker/mgrossman/jobcache/job_201404140204_0001/attempt_201404140204_0001_m_000011_0/taskjvm.sh
2014-04-14 02:07:07,622 INFO org.apache.hadoop.mapred.JvmManager: JVM : jvm_201404140204_0001_m_994177494 exited with exit code 0. Number of tasks it ran: 1
2014-04-14 02:07:07,640 INFO org.apache.hadoop.mapred.JvmManager: JVM : jvm_201404140204_0001_m_1256286116 exited with exit code 0. Number of tasks it ran: 1
2014-04-14 02:07:08,373 INFO org.apache.hadoop.mapred.TaskTracker: JVM with ID: jvm_201404140204_0001_m_1452526595 given task: attempt_201404140204_0001_m_000010_0
2014-04-14 02:07:08,413 INFO org.apache.hadoop.mapred.TaskTracker: Task attempt_201404140204_0001_m_000008_0 is in commit-pending, task state:COMMIT_PENDING
2014-04-14 02:07:08,414 INFO org.apache.hadoop.mapred.TaskTracker: attempt_201404140204_0001_m_000008_0 1.0% 
2014-04-14 02:07:08,586 INFO org.apache.hadoop.mapred.TaskTracker: JVM with ID: jvm_201404140204_0001_m_327636066 given task: attempt_201404140204_0001_m_000011_0
2014-04-14 02:07:08,847 INFO org.apache.hadoop.mapred.TaskTracker: LaunchTaskAction (registerTask): attempt_201404140204_0001_m_000012_0 task's state:UNASSIGNED
2014-04-14 02:07:08,848 INFO org.apache.hadoop.mapred.TaskTracker: Trying to launch : attempt_201404140204_0001_m_000012_0 which needs 1 slots
2014-04-14 02:07:08,848 INFO org.apache.hadoop.mapred.TaskTracker: TaskLauncher : Waiting for 1 to launch attempt_201404140204_0001_m_000012_0, currently we have 0 free slots
2014-04-14 02:07:08,848 INFO org.apache.hadoop.mapred.TaskTracker: Received commit task action for attempt_201404140204_0001_m_000008_0
2014-04-14 02:07:10,544 INFO org.apache.hadoop.mapred.TaskTracker: attempt_201404140204_0001_m_000008_0 1.0% 
2014-04-14 02:07:10,548 INFO org.apache.hadoop.mapred.TaskTracker: attempt_201404140204_0001_m_000008_0 1.0% 
2014-04-14 02:07:10,550 INFO org.apache.hadoop.mapred.TaskTracker: Task attempt_201404140204_0001_m_000008_0 is done.
2014-04-14 02:07:10,550 INFO org.apache.hadoop.mapred.TaskTracker: reported output size for attempt_201404140204_0001_m_000008_0  was -1
2014-04-14 02:07:10,550 INFO org.apache.hadoop.mapred.TaskTracker: addFreeSlot : current free slots : 1
2014-04-14 02:07:10,550 INFO org.apache.hadoop.mapred.TaskTracker: In TaskLauncher, current free slots : 1 and trying to launch attempt_201404140204_0001_m_000012_0 which needs 1 slots
2014-04-14 02:07:10,565 INFO org.apache.hadoop.mapred.JvmManager: Killing JVM: jvm_201404140204_0001_m_122122674
2014-04-14 02:07:10,594 INFO org.apache.hadoop.mapred.JvmManager: In JvmRunner constructed JVM ID: jvm_201404140204_0001_m_998369750
2014-04-14 02:07:10,594 INFO org.apache.hadoop.mapred.JvmManager: JVM Runner jvm_201404140204_0001_m_998369750 spawned.
2014-04-14 02:07:10,607 INFO org.apache.hadoop.mapred.TaskController: Writing commands to /tmp/hadoop/hadoop-mgrossman/mapred/local/ttprivate/taskTracker/mgrossman/jobcache/job_201404140204_0001/attempt_201404140204_0001_m_000012_0/taskjvm.sh
2014-04-14 02:07:11,013 INFO org.apache.hadoop.mapred.JvmManager: JVM : jvm_201404140204_0001_m_122122674 exited with exit code 0. Number of tasks it ran: 1
2014-04-14 02:07:12,192 INFO org.apache.hadoop.mapred.TaskTracker: attempt_201404140204_0001_m_000009_0 0.587034% 
2014-04-14 02:07:12,539 INFO org.apache.hadoop.mapred.TaskTracker: JVM with ID: jvm_201404140204_0001_m_998369750 given task: attempt_201404140204_0001_m_000012_0
2014-04-14 02:07:15,227 INFO org.apache.hadoop.mapred.TaskTracker: attempt_201404140204_0001_m_000009_0 1.0% 
2014-04-14 02:07:15,630 INFO org.apache.hadoop.mapred.TaskTracker: attempt_201404140204_0001_m_000010_0 0.7941057% 
2014-04-14 02:07:15,942 INFO org.apache.hadoop.mapred.TaskTracker: attempt_201404140204_0001_m_000011_0 0.81673056% 
2014-04-14 02:07:18,264 INFO org.apache.hadoop.mapred.TaskTracker: attempt_201404140204_0001_m_000009_0 1.0% 
2014-04-14 02:07:18,683 INFO org.apache.hadoop.mapred.TaskTracker: attempt_201404140204_0001_m_000010_0 1.0% 
2014-04-14 02:07:18,990 INFO org.apache.hadoop.mapred.TaskTracker: attempt_201404140204_0001_m_000011_0 1.0% 
2014-04-14 02:07:20,212 INFO org.apache.hadoop.mapred.TaskTracker: attempt_201404140204_0001_m_000012_0 1.0% 
2014-04-14 02:07:21,304 INFO org.apache.hadoop.mapred.TaskTracker: attempt_201404140204_0001_m_000009_0 1.0% 
2014-04-14 02:07:21,599 INFO org.apache.hadoop.mapred.TaskTracker: Task attempt_201404140204_0001_m_000009_0 is in commit-pending, task state:COMMIT_PENDING
2014-04-14 02:07:21,599 INFO org.apache.hadoop.mapred.TaskTracker: attempt_201404140204_0001_m_000009_0 1.0% 
2014-04-14 02:07:21,726 INFO org.apache.hadoop.mapred.TaskTracker: attempt_201404140204_0001_m_000010_0 1.0% 
2014-04-14 02:07:22,028 INFO org.apache.hadoop.mapred.TaskTracker: attempt_201404140204_0001_m_000011_0 1.0% 
2014-04-14 02:07:23,247 INFO org.apache.hadoop.mapred.TaskTracker: attempt_201404140204_0001_m_000012_0 1.0% 
2014-04-14 02:07:23,898 INFO org.apache.hadoop.mapred.TaskTracker: LaunchTaskAction (registerTask): attempt_201404140204_0001_m_000013_0 task's state:UNASSIGNED
2014-04-14 02:07:23,898 INFO org.apache.hadoop.mapred.TaskTracker: Received commit task action for attempt_201404140204_0001_m_000009_0
2014-04-14 02:07:23,898 INFO org.apache.hadoop.mapred.TaskTracker: Trying to launch : attempt_201404140204_0001_m_000013_0 which needs 1 slots
2014-04-14 02:07:23,898 INFO org.apache.hadoop.mapred.TaskTracker: TaskLauncher : Waiting for 1 to launch attempt_201404140204_0001_m_000013_0, currently we have 0 free slots
2014-04-14 02:07:24,765 INFO org.apache.hadoop.mapred.TaskTracker: attempt_201404140204_0001_m_000010_0 1.0% 
2014-04-14 02:07:25,064 INFO org.apache.hadoop.mapred.TaskTracker: attempt_201404140204_0001_m_000011_0 1.0% 
2014-04-14 02:07:27,341 INFO org.apache.hadoop.mapred.TaskTracker: attempt_201404140204_0001_m_000009_0 1.0% 
2014-04-14 02:07:27,346 INFO org.apache.hadoop.mapred.TaskTracker: attempt_201404140204_0001_m_000009_0 1.0% 
2014-04-14 02:07:27,348 INFO org.apache.hadoop.mapred.TaskTracker: Task attempt_201404140204_0001_m_000009_0 is done.
2014-04-14 02:07:27,348 INFO org.apache.hadoop.mapred.TaskTracker: reported output size for attempt_201404140204_0001_m_000009_0  was -1
2014-04-14 02:07:27,348 INFO org.apache.hadoop.mapred.TaskTracker: addFreeSlot : current free slots : 1
2014-04-14 02:07:27,349 INFO org.apache.hadoop.mapred.TaskTracker: In TaskLauncher, current free slots : 1 and trying to launch attempt_201404140204_0001_m_000013_0 which needs 1 slots
2014-04-14 02:07:27,355 INFO org.apache.hadoop.mapred.JvmManager: Killing JVM: jvm_201404140204_0001_m_1421993512
2014-04-14 02:07:27,358 INFO org.apache.hadoop.mapred.JvmManager: In JvmRunner constructed JVM ID: jvm_201404140204_0001_m_1226399805
2014-04-14 02:07:27,358 INFO org.apache.hadoop.mapred.JvmManager: JVM Runner jvm_201404140204_0001_m_1226399805 spawned.
2014-04-14 02:07:27,360 INFO org.apache.hadoop.mapred.TaskController: Writing commands to /tmp/hadoop/hadoop-mgrossman/mapred/local/ttprivate/taskTracker/mgrossman/jobcache/job_201404140204_0001/attempt_201404140204_0001_m_000013_0/taskjvm.sh
2014-04-14 02:07:27,800 INFO org.apache.hadoop.mapred.TaskTracker: attempt_201404140204_0001_m_000010_0 1.0% 
2014-04-14 02:07:28,403 INFO org.apache.hadoop.mapred.TaskTracker: JVM with ID: jvm_201404140204_0001_m_1226399805 given task: attempt_201404140204_0001_m_000013_0
2014-04-14 02:07:30,625 INFO org.apache.hadoop.mapred.JvmManager: JVM : jvm_201404140204_0001_m_1421993512 exited with exit code 0. Number of tasks it ran: 1
2014-04-14 02:07:30,911 INFO org.apache.hadoop.mapred.TaskTracker: Task attempt_201404140204_0001_m_000010_0 is in commit-pending, task state:COMMIT_PENDING
2014-04-14 02:07:30,911 INFO org.apache.hadoop.mapred.TaskTracker: attempt_201404140204_0001_m_000010_0 1.0% 
2014-04-14 02:07:31,416 INFO org.apache.hadoop.mapred.TaskTracker: Task attempt_201404140204_0001_m_000011_0 is in commit-pending, task state:COMMIT_PENDING
2014-04-14 02:07:31,417 INFO org.apache.hadoop.mapred.TaskTracker: attempt_201404140204_0001_m_000011_0 1.0% 
2014-04-14 02:07:31,753 INFO org.apache.hadoop.mapred.TaskTracker: Task attempt_201404140204_0001_m_000012_0 is in commit-pending, task state:COMMIT_PENDING
2014-04-14 02:07:31,754 INFO org.apache.hadoop.mapred.TaskTracker: attempt_201404140204_0001_m_000012_0 1.0% 
2014-04-14 02:07:32,281 INFO org.apache.hadoop.mapred.TaskTracker: attempt_201404140204_0001_m_000012_0 1.0% 
2014-04-14 02:07:32,939 INFO org.apache.hadoop.mapred.TaskTracker: LaunchTaskAction (registerTask): attempt_201404140204_0001_m_000014_0 task's state:UNASSIGNED
2014-04-14 02:07:32,939 INFO org.apache.hadoop.mapred.TaskTracker: Trying to launch : attempt_201404140204_0001_m_000014_0 which needs 1 slots
2014-04-14 02:07:32,939 INFO org.apache.hadoop.mapred.TaskTracker: TaskLauncher : Waiting for 1 to launch attempt_201404140204_0001_m_000014_0, currently we have 0 free slots
2014-04-14 02:07:32,939 INFO org.apache.hadoop.mapred.TaskTracker: LaunchTaskAction (registerTask): attempt_201404140204_0001_m_000015_0 task's state:UNASSIGNED
2014-04-14 02:07:32,939 INFO org.apache.hadoop.mapred.TaskTracker: LaunchTaskAction (registerTask): attempt_201404140204_0001_m_000016_0 task's state:UNASSIGNED
2014-04-14 02:07:32,940 INFO org.apache.hadoop.mapred.TaskTracker: Received commit task action for attempt_201404140204_0001_m_000010_0
2014-04-14 02:07:32,940 INFO org.apache.hadoop.mapred.TaskTracker: Received commit task action for attempt_201404140204_0001_m_000011_0
2014-04-14 02:07:32,940 INFO org.apache.hadoop.mapred.TaskTracker: Received commit task action for attempt_201404140204_0001_m_000012_0
2014-04-14 02:07:33,839 INFO org.apache.hadoop.mapred.TaskTracker: attempt_201404140204_0001_m_000010_0 1.0% 
2014-04-14 02:07:34,110 INFO org.apache.hadoop.mapred.TaskTracker: attempt_201404140204_0001_m_000011_0 1.0% 
2014-04-14 02:07:34,113 INFO org.apache.hadoop.mapred.TaskTracker: attempt_201404140204_0001_m_000011_0 1.0% 
2014-04-14 02:07:34,115 INFO org.apache.hadoop.mapred.TaskTracker: Task attempt_201404140204_0001_m_000011_0 is done.
2014-04-14 02:07:34,115 INFO org.apache.hadoop.mapred.TaskTracker: reported output size for attempt_201404140204_0001_m_000011_0  was -1
2014-04-14 02:07:34,115 INFO org.apache.hadoop.mapred.TaskTracker: addFreeSlot : current free slots : 1
2014-04-14 02:07:34,116 INFO org.apache.hadoop.mapred.TaskTracker: In TaskLauncher, current free slots : 1 and trying to launch attempt_201404140204_0001_m_000014_0 which needs 1 slots
2014-04-14 02:07:34,116 INFO org.apache.hadoop.mapred.TaskTracker: Trying to launch : attempt_201404140204_0001_m_000015_0 which needs 1 slots
2014-04-14 02:07:34,116 INFO org.apache.hadoop.mapred.TaskTracker: TaskLauncher : Waiting for 1 to launch attempt_201404140204_0001_m_000015_0, currently we have 0 free slots
2014-04-14 02:07:34,121 INFO org.apache.hadoop.mapred.JvmManager: Killing JVM: jvm_201404140204_0001_m_327636066
2014-04-14 02:07:34,124 INFO org.apache.hadoop.mapred.JvmManager: In JvmRunner constructed JVM ID: jvm_201404140204_0001_m_1766908724
2014-04-14 02:07:34,125 INFO org.apache.hadoop.mapred.JvmManager: JVM Runner jvm_201404140204_0001_m_1766908724 spawned.
2014-04-14 02:07:34,127 INFO org.apache.hadoop.mapred.TaskController: Writing commands to /tmp/hadoop/hadoop-mgrossman/mapred/local/ttprivate/taskTracker/mgrossman/jobcache/job_201404140204_0001/attempt_201404140204_0001_m_000014_0/taskjvm.sh
2014-04-14 02:07:35,088 INFO org.apache.hadoop.mapred.JvmManager: JVM : jvm_201404140204_0001_m_327636066 exited with exit code 0. Number of tasks it ran: 1
2014-04-14 02:07:35,115 INFO org.apache.hadoop.mapred.TaskTracker: JVM with ID: jvm_201404140204_0001_m_1766908724 given task: attempt_201404140204_0001_m_000014_0
2014-04-14 02:07:35,242 INFO org.apache.hadoop.mapred.TaskTracker: attempt_201404140204_0001_m_000013_0 1.0% 
2014-04-14 02:07:35,319 INFO org.apache.hadoop.mapred.TaskTracker: attempt_201404140204_0001_m_000012_0 1.0% 
2014-04-14 02:07:35,322 INFO org.apache.hadoop.mapred.TaskTracker: attempt_201404140204_0001_m_000012_0 1.0% 
2014-04-14 02:07:35,324 INFO org.apache.hadoop.mapred.TaskTracker: Task attempt_201404140204_0001_m_000012_0 is done.
2014-04-14 02:07:35,324 INFO org.apache.hadoop.mapred.TaskTracker: reported output size for attempt_201404140204_0001_m_000012_0  was -1
2014-04-14 02:07:35,325 INFO org.apache.hadoop.mapred.TaskTracker: addFreeSlot : current free slots : 1
2014-04-14 02:07:35,325 INFO org.apache.hadoop.mapred.TaskTracker: In TaskLauncher, current free slots : 1 and trying to launch attempt_201404140204_0001_m_000015_0 which needs 1 slots
2014-04-14 02:07:35,325 INFO org.apache.hadoop.mapred.TaskTracker: Trying to launch : attempt_201404140204_0001_m_000016_0 which needs 1 slots
2014-04-14 02:07:35,325 INFO org.apache.hadoop.mapred.TaskTracker: TaskLauncher : Waiting for 1 to launch attempt_201404140204_0001_m_000016_0, currently we have 0 free slots
2014-04-14 02:07:35,339 INFO org.apache.hadoop.mapred.JvmManager: Killing JVM: jvm_201404140204_0001_m_998369750
2014-04-14 02:07:35,345 INFO org.apache.hadoop.mapred.JvmManager: In JvmRunner constructed JVM ID: jvm_201404140204_0001_m_331675019
2014-04-14 02:07:35,346 INFO org.apache.hadoop.mapred.JvmManager: JVM Runner jvm_201404140204_0001_m_331675019 spawned.
2014-04-14 02:07:35,349 INFO org.apache.hadoop.mapred.TaskController: Writing commands to /tmp/hadoop/hadoop-mgrossman/mapred/local/ttprivate/taskTracker/mgrossman/jobcache/job_201404140204_0001/attempt_201404140204_0001_m_000015_0/taskjvm.sh
2014-04-14 02:07:36,576 INFO org.apache.hadoop.mapred.TaskTracker: JVM with ID: jvm_201404140204_0001_m_331675019 given task: attempt_201404140204_0001_m_000015_0
2014-04-14 02:07:36,872 INFO org.apache.hadoop.mapred.TaskTracker: attempt_201404140204_0001_m_000010_0 1.0% 
2014-04-14 02:07:36,876 INFO org.apache.hadoop.mapred.TaskTracker: attempt_201404140204_0001_m_000010_0 1.0% 
2014-04-14 02:07:36,877 INFO org.apache.hadoop.mapred.TaskTracker: Task attempt_201404140204_0001_m_000010_0 is done.
2014-04-14 02:07:36,877 INFO org.apache.hadoop.mapred.TaskTracker: reported output size for attempt_201404140204_0001_m_000010_0  was -1
2014-04-14 02:07:36,878 INFO org.apache.hadoop.mapred.TaskTracker: addFreeSlot : current free slots : 1
2014-04-14 02:07:36,878 INFO org.apache.hadoop.mapred.TaskTracker: In TaskLauncher, current free slots : 1 and trying to launch attempt_201404140204_0001_m_000016_0 which needs 1 slots
2014-04-14 02:07:36,885 INFO org.apache.hadoop.mapred.JvmManager: Killing JVM: jvm_201404140204_0001_m_1452526595
2014-04-14 02:07:36,897 INFO org.apache.hadoop.mapred.JvmManager: In JvmRunner constructed JVM ID: jvm_201404140204_0001_m_1430025707
2014-04-14 02:07:36,897 INFO org.apache.hadoop.mapred.JvmManager: JVM Runner jvm_201404140204_0001_m_1430025707 spawned.
2014-04-14 02:07:36,899 INFO org.apache.hadoop.mapred.TaskController: Writing commands to /tmp/hadoop/hadoop-mgrossman/mapred/local/ttprivate/taskTracker/mgrossman/jobcache/job_201404140204_0001/attempt_201404140204_0001_m_000016_0/taskjvm.sh
2014-04-14 02:07:37,336 INFO org.apache.hadoop.mapred.JvmManager: JVM : jvm_201404140204_0001_m_998369750 exited with exit code 0. Number of tasks it ran: 1
2014-04-14 02:07:37,354 INFO org.apache.hadoop.mapred.JvmManager: JVM : jvm_201404140204_0001_m_1452526595 exited with exit code 0. Number of tasks it ran: 1
2014-04-14 02:07:38,100 INFO org.apache.hadoop.mapred.TaskTracker: Task attempt_201404140204_0001_m_000013_0 is in commit-pending, task state:COMMIT_PENDING
2014-04-14 02:07:38,100 INFO org.apache.hadoop.mapred.TaskTracker: attempt_201404140204_0001_m_000013_0 1.0% 
2014-04-14 02:07:38,284 INFO org.apache.hadoop.mapred.TaskTracker: attempt_201404140204_0001_m_000013_0 1.0% 
2014-04-14 02:07:38,370 INFO org.apache.hadoop.mapred.TaskTracker: JVM with ID: jvm_201404140204_0001_m_1430025707 given task: attempt_201404140204_0001_m_000016_0
2014-04-14 02:07:38,971 INFO org.apache.hadoop.mapred.TaskTracker: LaunchTaskAction (registerTask): attempt_201404140204_0001_m_000017_0 task's state:UNASSIGNED
2014-04-14 02:07:38,972 INFO org.apache.hadoop.mapred.TaskTracker: Trying to launch : attempt_201404140204_0001_m_000017_0 which needs 1 slots
2014-04-14 02:07:38,972 INFO org.apache.hadoop.mapred.TaskTracker: TaskLauncher : Waiting for 1 to launch attempt_201404140204_0001_m_000017_0, currently we have 0 free slots
2014-04-14 02:07:38,972 INFO org.apache.hadoop.mapred.TaskTracker: Received commit task action for attempt_201404140204_0001_m_000013_0
2014-04-14 02:07:41,325 INFO org.apache.hadoop.mapred.TaskTracker: attempt_201404140204_0001_m_000013_0 1.0% 
2014-04-14 02:07:41,328 INFO org.apache.hadoop.mapred.TaskTracker: attempt_201404140204_0001_m_000013_0 1.0% 
2014-04-14 02:07:41,330 INFO org.apache.hadoop.mapred.TaskTracker: Task attempt_201404140204_0001_m_000013_0 is done.
2014-04-14 02:07:41,330 INFO org.apache.hadoop.mapred.TaskTracker: reported output size for attempt_201404140204_0001_m_000013_0  was -1
2014-04-14 02:07:41,331 INFO org.apache.hadoop.mapred.TaskTracker: addFreeSlot : current free slots : 1
2014-04-14 02:07:41,331 INFO org.apache.hadoop.mapred.TaskTracker: In TaskLauncher, current free slots : 1 and trying to launch attempt_201404140204_0001_m_000017_0 which needs 1 slots
2014-04-14 02:07:41,340 INFO org.apache.hadoop.mapred.JvmManager: Killing JVM: jvm_201404140204_0001_m_1226399805
2014-04-14 02:07:41,349 INFO org.apache.hadoop.mapred.JvmManager: In JvmRunner constructed JVM ID: jvm_201404140204_0001_m_364598524
2014-04-14 02:07:41,349 INFO org.apache.hadoop.mapred.JvmManager: JVM Runner jvm_201404140204_0001_m_364598524 spawned.
2014-04-14 02:07:41,350 INFO org.apache.hadoop.mapred.TaskController: Writing commands to /tmp/hadoop/hadoop-mgrossman/mapred/local/ttprivate/taskTracker/mgrossman/jobcache/job_201404140204_0001/attempt_201404140204_0001_m_000017_0/taskjvm.sh
2014-04-14 02:07:42,392 INFO org.apache.hadoop.mapred.TaskTracker: attempt_201404140204_0001_m_000014_0 0.9787783% 
2014-04-14 02:07:43,051 INFO org.apache.hadoop.mapred.JvmManager: JVM : jvm_201404140204_0001_m_1226399805 exited with exit code 0. Number of tasks it ran: 1
2014-04-14 02:07:43,774 INFO org.apache.hadoop.mapred.TaskTracker: JVM with ID: jvm_201404140204_0001_m_364598524 given task: attempt_201404140204_0001_m_000017_0
2014-04-14 02:07:43,816 INFO org.apache.hadoop.mapred.TaskTracker: attempt_201404140204_0001_m_000015_0 0.7542915% 
2014-04-14 02:07:45,453 INFO org.apache.hadoop.mapred.TaskTracker: attempt_201404140204_0001_m_000014_0 1.0% 
2014-04-14 02:07:45,911 INFO org.apache.hadoop.mapred.TaskTracker: attempt_201404140204_0001_m_000016_0 0.9533754% 
2014-04-14 02:07:46,883 INFO org.apache.hadoop.mapred.TaskTracker: attempt_201404140204_0001_m_000015_0 1.0% 
2014-04-14 02:07:48,489 INFO org.apache.hadoop.mapred.TaskTracker: attempt_201404140204_0001_m_000014_0 1.0% 
2014-04-14 02:07:48,944 INFO org.apache.hadoop.mapred.TaskTracker: attempt_201404140204_0001_m_000016_0 1.0% 
2014-04-14 02:07:49,926 INFO org.apache.hadoop.mapred.TaskTracker: attempt_201404140204_0001_m_000015_0 1.0% 
2014-04-14 02:07:51,983 INFO org.apache.hadoop.mapred.TaskTracker: attempt_201404140204_0001_m_000016_0 1.0% 
2014-04-14 02:07:52,173 INFO org.apache.hadoop.mapred.TaskTracker: Task attempt_201404140204_0001_m_000014_0 is in commit-pending, task state:COMMIT_PENDING
2014-04-14 02:07:52,173 INFO org.apache.hadoop.mapred.TaskTracker: attempt_201404140204_0001_m_000014_0 1.0% 
2014-04-14 02:07:52,625 INFO org.apache.hadoop.mapred.TaskTracker: Task attempt_201404140204_0001_m_000015_0 is in commit-pending, task state:COMMIT_PENDING
2014-04-14 02:07:52,626 INFO org.apache.hadoop.mapred.TaskTracker: attempt_201404140204_0001_m_000015_0 1.0% 
2014-04-14 02:07:54,020 INFO org.apache.hadoop.mapred.TaskTracker: LaunchTaskAction (registerTask): attempt_201404140204_0001_m_000018_0 task's state:UNASSIGNED
2014-04-14 02:07:54,020 INFO org.apache.hadoop.mapred.TaskTracker: Trying to launch : attempt_201404140204_0001_m_000018_0 which needs 1 slots
2014-04-14 02:07:54,020 INFO org.apache.hadoop.mapred.TaskTracker: TaskLauncher : Waiting for 1 to launch attempt_201404140204_0001_m_000018_0, currently we have 0 free slots
2014-04-14 02:07:54,021 INFO org.apache.hadoop.mapred.TaskTracker: LaunchTaskAction (registerTask): attempt_201404140204_0001_m_000019_0 task's state:UNASSIGNED
2014-04-14 02:07:54,021 INFO org.apache.hadoop.mapred.TaskTracker: Received commit task action for attempt_201404140204_0001_m_000014_0
2014-04-14 02:07:54,021 INFO org.apache.hadoop.mapred.TaskTracker: Received commit task action for attempt_201404140204_0001_m_000015_0
2014-04-14 02:07:54,504 INFO org.apache.hadoop.mapred.TaskTracker: attempt_201404140204_0001_m_000014_0 1.0% 
2014-04-14 02:07:54,515 INFO org.apache.hadoop.mapred.TaskTracker: Task attempt_201404140204_0001_m_000014_0 is done.
2014-04-14 02:07:54,515 INFO org.apache.hadoop.mapred.TaskTracker: reported output size for attempt_201404140204_0001_m_000014_0  was -1
2014-04-14 02:07:54,517 INFO org.apache.hadoop.mapred.TaskTracker: addFreeSlot : current free slots : 1
2014-04-14 02:07:54,521 INFO org.apache.hadoop.mapred.TaskTracker: In TaskLauncher, current free slots : 1 and trying to launch attempt_201404140204_0001_m_000018_0 which needs 1 slots
2014-04-14 02:07:54,521 INFO org.apache.hadoop.mapred.TaskTracker: Trying to launch : attempt_201404140204_0001_m_000019_0 which needs 1 slots
2014-04-14 02:07:54,521 INFO org.apache.hadoop.mapred.TaskTracker: TaskLauncher : Waiting for 1 to launch attempt_201404140204_0001_m_000019_0, currently we have 0 free slots
2014-04-14 02:07:54,536 INFO org.apache.hadoop.mapred.JvmManager: Killing JVM: jvm_201404140204_0001_m_1766908724
2014-04-14 02:07:54,541 INFO org.apache.hadoop.mapred.JvmManager: In JvmRunner constructed JVM ID: jvm_201404140204_0001_m_722969632
2014-04-14 02:07:54,541 INFO org.apache.hadoop.mapred.JvmManager: JVM Runner jvm_201404140204_0001_m_722969632 spawned.
2014-04-14 02:07:54,545 INFO org.apache.hadoop.mapred.TaskController: Writing commands to /tmp/hadoop/hadoop-mgrossman/mapred/local/ttprivate/taskTracker/mgrossman/jobcache/job_201404140204_0001/attempt_201404140204_0001_m_000018_0/taskjvm.sh
2014-04-14 02:07:55,030 INFO org.apache.hadoop.mapred.TaskTracker: attempt_201404140204_0001_m_000016_0 1.0% 
2014-04-14 02:07:55,682 INFO org.apache.hadoop.mapred.TaskTracker: JVM with ID: jvm_201404140204_0001_m_722969632 given task: attempt_201404140204_0001_m_000018_0
2014-04-14 02:07:55,972 INFO org.apache.hadoop.mapred.TaskTracker: attempt_201404140204_0001_m_000015_0 1.0% 
2014-04-14 02:07:55,976 INFO org.apache.hadoop.mapred.TaskTracker: attempt_201404140204_0001_m_000015_0 1.0% 
2014-04-14 02:07:55,977 INFO org.apache.hadoop.mapred.TaskTracker: Task attempt_201404140204_0001_m_000015_0 is done.
2014-04-14 02:07:55,977 INFO org.apache.hadoop.mapred.TaskTracker: reported output size for attempt_201404140204_0001_m_000015_0  was -1
2014-04-14 02:07:55,978 INFO org.apache.hadoop.mapred.TaskTracker: addFreeSlot : current free slots : 1
2014-04-14 02:07:55,982 INFO org.apache.hadoop.mapred.TaskTracker: In TaskLauncher, current free slots : 1 and trying to launch attempt_201404140204_0001_m_000019_0 which needs 1 slots
2014-04-14 02:07:55,995 INFO org.apache.hadoop.mapred.JvmManager: Killing JVM: jvm_201404140204_0001_m_331675019
2014-04-14 02:07:56,000 INFO org.apache.hadoop.mapred.JvmManager: In JvmRunner constructed JVM ID: jvm_201404140204_0001_m_998391671
2014-04-14 02:07:56,000 INFO org.apache.hadoop.mapred.JvmManager: JVM Runner jvm_201404140204_0001_m_998391671 spawned.
2014-04-14 02:07:56,002 INFO org.apache.hadoop.mapred.TaskController: Writing commands to /tmp/hadoop/hadoop-mgrossman/mapred/local/ttprivate/taskTracker/mgrossman/jobcache/job_201404140204_0001/attempt_201404140204_0001_m_000019_0/taskjvm.sh
2014-04-14 02:07:56,884 INFO org.apache.hadoop.mapred.JvmManager: JVM : jvm_201404140204_0001_m_1766908724 exited with exit code 0. Number of tasks it ran: 1
2014-04-14 02:07:56,886 INFO org.apache.hadoop.mapred.JvmManager: JVM : jvm_201404140204_0001_m_331675019 exited with exit code 0. Number of tasks it ran: 1
2014-04-14 02:07:57,133 INFO org.apache.hadoop.mapred.TaskTracker: Task attempt_201404140204_0001_m_000016_0 is in commit-pending, task state:COMMIT_PENDING
2014-04-14 02:07:57,134 INFO org.apache.hadoop.mapred.TaskTracker: attempt_201404140204_0001_m_000016_0 1.0% 
2014-04-14 02:07:57,361 INFO org.apache.hadoop.mapred.TaskTracker: JVM with ID: jvm_201404140204_0001_m_998391671 given task: attempt_201404140204_0001_m_000019_0
2014-04-14 02:07:57,386 INFO org.apache.hadoop.mapred.TaskTracker: attempt_201404140204_0001_m_000017_0 1.0% 
2014-04-14 02:07:58,077 INFO org.apache.hadoop.mapred.TaskTracker: attempt_201404140204_0001_m_000016_0 1.0% 
2014-04-14 02:07:59,772 INFO org.apache.hadoop.mapred.TaskTracker: Task attempt_201404140204_0001_m_000017_0 is in commit-pending, task state:COMMIT_PENDING
2014-04-14 02:07:59,772 INFO org.apache.hadoop.mapred.TaskTracker: attempt_201404140204_0001_m_000017_0 1.0% 
2014-04-14 02:08:00,047 INFO org.apache.hadoop.mapred.TaskTracker: Received commit task action for attempt_201404140204_0001_m_000016_0
2014-04-14 02:08:00,048 INFO org.apache.hadoop.mapred.TaskTracker: Received commit task action for attempt_201404140204_0001_m_000017_0
2014-04-14 02:08:00,424 INFO org.apache.hadoop.mapred.TaskTracker: attempt_201404140204_0001_m_000017_0 1.0% 
2014-04-14 02:08:01,103 INFO org.apache.hadoop.mapred.TaskTracker: attempt_201404140204_0001_m_000016_0 1.0% 
2014-04-14 02:08:01,112 INFO org.apache.hadoop.mapred.TaskTracker: attempt_201404140204_0001_m_000016_0 1.0% 
2014-04-14 02:08:01,115 INFO org.apache.hadoop.mapred.TaskTracker: Task attempt_201404140204_0001_m_000016_0 is done.
2014-04-14 02:08:01,115 INFO org.apache.hadoop.mapred.TaskTracker: reported output size for attempt_201404140204_0001_m_000016_0  was -1
2014-04-14 02:08:01,115 INFO org.apache.hadoop.mapred.TaskTracker: addFreeSlot : current free slots : 1
2014-04-14 02:08:02,504 INFO org.apache.hadoop.mapred.JvmManager: JVM : jvm_201404140204_0001_m_1430025707 exited with exit code 0. Number of tasks it ran: 1
2014-04-14 02:08:03,284 INFO org.apache.hadoop.mapred.TaskTracker: attempt_201404140204_0001_m_000018_0 1.0% 
2014-04-14 02:08:03,462 INFO org.apache.hadoop.mapred.TaskTracker: attempt_201404140204_0001_m_000017_0 1.0% 
2014-04-14 02:08:03,468 INFO org.apache.hadoop.mapred.TaskTracker: attempt_201404140204_0001_m_000017_0 1.0% 
2014-04-14 02:08:03,470 INFO org.apache.hadoop.mapred.TaskTracker: Task attempt_201404140204_0001_m_000017_0 is done.
2014-04-14 02:08:03,471 INFO org.apache.hadoop.mapred.TaskTracker: reported output size for attempt_201404140204_0001_m_000017_0  was -1
2014-04-14 02:08:03,471 INFO org.apache.hadoop.mapred.TaskTracker: addFreeSlot : current free slots : 2
2014-04-14 02:08:04,786 INFO org.apache.hadoop.mapred.TaskTracker: attempt_201404140204_0001_m_000019_0 1.0% 
2014-04-14 02:08:06,322 INFO org.apache.hadoop.mapred.TaskTracker: attempt_201404140204_0001_m_000018_0 1.0% 
2014-04-14 02:08:06,449 INFO org.apache.hadoop.mapred.JvmManager: JVM : jvm_201404140204_0001_m_364598524 exited with exit code 0. Number of tasks it ran: 1
2014-04-14 02:08:07,826 INFO org.apache.hadoop.mapred.TaskTracker: attempt_201404140204_0001_m_000019_0 1.0% 
2014-04-14 02:08:09,439 INFO org.apache.hadoop.mapred.TaskTracker: Task attempt_201404140204_0001_m_000018_0 is in commit-pending, task state:COMMIT_PENDING
2014-04-14 02:08:09,440 INFO org.apache.hadoop.mapred.TaskTracker: attempt_201404140204_0001_m_000018_0 1.0% 
2014-04-14 02:08:09,957 INFO org.apache.hadoop.mapred.TaskTracker: Task attempt_201404140204_0001_m_000019_0 is in commit-pending, task state:COMMIT_PENDING
2014-04-14 02:08:09,957 INFO org.apache.hadoop.mapred.TaskTracker: attempt_201404140204_0001_m_000019_0 1.0% 
2014-04-14 02:08:10,856 INFO org.apache.hadoop.mapred.TaskTracker: attempt_201404140204_0001_m_000019_0 1.0% 
2014-04-14 02:08:12,089 INFO org.apache.hadoop.mapred.TaskTracker: Received commit task action for attempt_201404140204_0001_m_000018_0
2014-04-14 02:08:12,089 INFO org.apache.hadoop.mapred.TaskTracker: Received commit task action for attempt_201404140204_0001_m_000019_0
2014-04-14 02:08:12,355 INFO org.apache.hadoop.mapred.TaskTracker: attempt_201404140204_0001_m_000018_0 1.0% 
2014-04-14 02:08:13,887 INFO org.apache.hadoop.mapred.TaskTracker: attempt_201404140204_0001_m_000019_0 1.0% 
2014-04-14 02:08:13,891 INFO org.apache.hadoop.mapred.TaskTracker: attempt_201404140204_0001_m_000019_0 1.0% 
2014-04-14 02:08:13,894 INFO org.apache.hadoop.mapred.TaskTracker: Task attempt_201404140204_0001_m_000019_0 is done.
2014-04-14 02:08:13,894 INFO org.apache.hadoop.mapred.TaskTracker: reported output size for attempt_201404140204_0001_m_000019_0  was -1
2014-04-14 02:08:13,894 INFO org.apache.hadoop.mapred.TaskTracker: addFreeSlot : current free slots : 3
2014-04-14 02:08:14,217 INFO org.apache.hadoop.mapred.JvmManager: JVM : jvm_201404140204_0001_m_998391671 exited with exit code 0. Number of tasks it ran: 1
2014-04-14 02:08:15,387 INFO org.apache.hadoop.mapred.TaskTracker: attempt_201404140204_0001_m_000018_0 1.0% 
2014-04-14 02:08:15,391 INFO org.apache.hadoop.mapred.TaskTracker: attempt_201404140204_0001_m_000018_0 1.0% 
2014-04-14 02:08:15,393 INFO org.apache.hadoop.mapred.TaskTracker: Task attempt_201404140204_0001_m_000018_0 is done.
2014-04-14 02:08:15,393 INFO org.apache.hadoop.mapred.TaskTracker: reported output size for attempt_201404140204_0001_m_000018_0  was -1
2014-04-14 02:08:15,393 INFO org.apache.hadoop.mapred.TaskTracker: addFreeSlot : current free slots : 4
2014-04-14 02:08:15,773 INFO org.apache.hadoop.mapred.JvmManager: JVM : jvm_201404140204_0001_m_722969632 exited with exit code 0. Number of tasks it ran: 1
2014-04-14 02:08:18,127 INFO org.apache.hadoop.mapred.TaskTracker: LaunchTaskAction (registerTask): attempt_201404140204_0001_m_000020_0 task's state:UNASSIGNED
2014-04-14 02:08:18,127 INFO org.apache.hadoop.mapred.TaskTracker: Trying to launch : attempt_201404140204_0001_m_000020_0 which needs 1 slots
2014-04-14 02:08:18,128 INFO org.apache.hadoop.mapred.TaskTracker: In TaskLauncher, current free slots : 4 and trying to launch attempt_201404140204_0001_m_000020_0 which needs 1 slots
2014-04-14 02:08:18,136 INFO org.apache.hadoop.mapred.JvmManager: In JvmRunner constructed JVM ID: jvm_201404140204_0001_m_559466465
2014-04-14 02:08:18,137 INFO org.apache.hadoop.mapred.JvmManager: JVM Runner jvm_201404140204_0001_m_559466465 spawned.
2014-04-14 02:08:18,140 INFO org.apache.hadoop.mapred.TaskController: Writing commands to /tmp/hadoop/hadoop-mgrossman/mapred/local/ttprivate/taskTracker/mgrossman/jobcache/job_201404140204_0001/attempt_201404140204_0001_m_000020_0/taskjvm.sh
2014-04-14 02:08:19,314 INFO org.apache.hadoop.mapred.TaskTracker: JVM with ID: jvm_201404140204_0001_m_559466465 given task: attempt_201404140204_0001_m_000020_0
2014-04-14 02:08:20,194 INFO org.apache.hadoop.mapred.TaskTracker: attempt_201404140204_0001_m_000020_0 0.0% 
2014-04-14 02:08:23,082 INFO org.apache.hadoop.mapred.TaskTracker: attempt_201404140204_0001_m_000020_0 0.0% cleanup
2014-04-14 02:08:23,084 INFO org.apache.hadoop.mapred.TaskTracker: Task attempt_201404140204_0001_m_000020_0 is done.
2014-04-14 02:08:23,085 INFO org.apache.hadoop.mapred.TaskTracker: reported output size for attempt_201404140204_0001_m_000020_0  was -1
2014-04-14 02:08:23,085 INFO org.apache.hadoop.mapred.TaskTracker: addFreeSlot : current free slots : 4
2014-04-14 02:08:23,316 INFO org.apache.hadoop.mapred.JvmManager: JVM : jvm_201404140204_0001_m_559466465 exited with exit code 0. Number of tasks it ran: 1
2014-04-14 02:08:24,220 INFO org.apache.hadoop.mapred.TaskTracker: Received 'KillJobAction' for job: job_201404140204_0001
2014-04-14 02:08:24,221 INFO org.apache.hadoop.mapred.IndexCache: Map ID attempt_201404140204_0001_m_000008_0 not found in cache
2014-04-14 02:08:24,221 INFO org.apache.hadoop.mapred.IndexCache: Map ID attempt_201404140204_0001_m_000020_0 not found in cache
2014-04-14 02:08:24,222 INFO org.apache.hadoop.mapred.IndexCache: Map ID attempt_201404140204_0001_m_000015_0 not found in cache
2014-04-14 02:08:24,222 INFO org.apache.hadoop.mapred.IndexCache: Map ID attempt_201404140204_0001_m_000003_0 not found in cache
2014-04-14 02:08:24,223 INFO org.apache.hadoop.mapred.IndexCache: Map ID attempt_201404140204_0001_m_000002_0 not found in cache
2014-04-14 02:08:24,223 INFO org.apache.hadoop.mapred.IndexCache: Map ID attempt_201404140204_0001_m_000009_0 not found in cache
2014-04-14 02:08:24,223 INFO org.apache.hadoop.mapred.IndexCache: Map ID attempt_201404140204_0001_m_000013_0 not found in cache
2014-04-14 02:08:24,224 INFO org.apache.hadoop.mapred.IndexCache: Map ID attempt_201404140204_0001_m_000001_0 not found in cache
2014-04-14 02:08:24,224 INFO org.apache.hadoop.mapred.IndexCache: Map ID attempt_201404140204_0001_m_000007_0 not found in cache
2014-04-14 02:08:24,225 INFO org.apache.hadoop.mapred.IndexCache: Map ID attempt_201404140204_0001_m_000014_0 not found in cache
2014-04-14 02:08:24,225 INFO org.apache.hadoop.mapred.IndexCache: Map ID attempt_201404140204_0001_m_000000_0 not found in cache
2014-04-14 02:08:24,225 INFO org.apache.hadoop.mapred.IndexCache: Map ID attempt_201404140204_0001_m_000005_0 not found in cache
2014-04-14 02:08:24,226 INFO org.apache.hadoop.mapred.IndexCache: Map ID attempt_201404140204_0001_m_000017_0 not found in cache
2014-04-14 02:08:24,226 INFO org.apache.hadoop.mapred.IndexCache: Map ID attempt_201404140204_0001_m_000016_0 not found in cache
2014-04-14 02:08:24,226 INFO org.apache.hadoop.mapred.IndexCache: Map ID attempt_201404140204_0001_m_000012_0 not found in cache
2014-04-14 02:08:24,226 INFO org.apache.hadoop.mapred.IndexCache: Map ID attempt_201404140204_0001_m_000006_0 not found in cache
2014-04-14 02:08:24,226 INFO org.apache.hadoop.mapred.IndexCache: Map ID attempt_201404140204_0001_m_000010_0 not found in cache
2014-04-14 02:08:24,227 INFO org.apache.hadoop.mapred.IndexCache: Map ID attempt_201404140204_0001_m_000019_0 not found in cache
2014-04-14 02:08:24,227 INFO org.apache.hadoop.mapred.IndexCache: Map ID attempt_201404140204_0001_m_000011_0 not found in cache
2014-04-14 02:08:24,227 INFO org.apache.hadoop.mapred.IndexCache: Map ID attempt_201404140204_0001_m_000004_0 not found in cache
2014-04-14 02:08:24,227 INFO org.apache.hadoop.mapred.IndexCache: Map ID attempt_201404140204_0001_m_000018_0 not found in cache
2014-04-14 02:08:24,228 INFO org.apache.hadoop.mapred.UserLogCleaner: Adding job_201404140204_0001 for user-log deletion with retainTimeStamp:1397545704228
