2014-04-14 01:39:33,405 INFO org.apache.hadoop.mapred.TaskTracker: STARTUP_MSG: 
/************************************************************
STARTUP_MSG: Starting TaskTracker
STARTUP_MSG:   host = node08.asa-web.amd.com/127.0.1.1
STARTUP_MSG:   args = []
STARTUP_MSG:   version = Unknown
STARTUP_MSG:   build = Unknown -r Unknown; compiled by 'Unknown' on Unknown
************************************************************/
2014-04-14 01:39:33,683 INFO org.apache.hadoop.metrics2.impl.MetricsConfig: loaded properties from hadoop-metrics2.properties
2014-04-14 01:39:33,747 INFO org.apache.hadoop.metrics2.impl.MetricsSourceAdapter: MBean for source MetricsSystem,sub=Stats registered.
2014-04-14 01:39:33,748 INFO org.apache.hadoop.metrics2.impl.MetricsSystemImpl: Scheduled snapshot period at 10 second(s).
2014-04-14 01:39:33,748 INFO org.apache.hadoop.metrics2.impl.MetricsSystemImpl: TaskTracker metrics system started
2014-04-14 01:39:34,103 INFO org.apache.hadoop.metrics2.impl.MetricsSourceAdapter: MBean for source ugi registered.
2014-04-14 01:39:34,114 WARN org.apache.hadoop.metrics2.impl.MetricsSystemImpl: Source name ugi already exists!
2014-04-14 01:39:39,420 INFO org.mortbay.log: Logging to org.slf4j.impl.Log4jLoggerAdapter(org.mortbay.log) via org.mortbay.log.Slf4jLog
2014-04-14 01:39:39,481 INFO org.apache.hadoop.http.HttpServer: Added global filtersafety (class=org.apache.hadoop.http.HttpServer$QuotingInputFilter)
2014-04-14 01:39:39,547 INFO org.apache.hadoop.mapred.TaskLogsTruncater: Initializing logs' truncater with mapRetainSize=-1 and reduceRetainSize=-1
2014-04-14 01:39:39,563 INFO org.apache.hadoop.mapred.TaskTracker: Starting tasktracker with owner as mgrossman
2014-04-14 01:39:39,565 INFO org.apache.hadoop.mapred.TaskTracker: Good mapred local directories are: /tmp/hadoop/hadoop-mgrossman/mapred/local
2014-04-14 01:39:39,576 INFO org.apache.hadoop.util.NativeCodeLoader: Loaded the native-hadoop library
2014-04-14 01:39:39,604 INFO org.apache.hadoop.metrics2.impl.MetricsSourceAdapter: MBean for source jvm registered.
2014-04-14 01:39:39,607 INFO org.apache.hadoop.metrics2.impl.MetricsSourceAdapter: MBean for source TaskTrackerMetrics registered.
2014-04-14 01:39:39,636 INFO org.apache.hadoop.ipc.Server: Starting SocketReader
2014-04-14 01:39:39,646 INFO org.apache.hadoop.metrics2.impl.MetricsSourceAdapter: MBean for source RpcDetailedActivityForPort41118 registered.
2014-04-14 01:39:39,647 INFO org.apache.hadoop.metrics2.impl.MetricsSourceAdapter: MBean for source RpcActivityForPort41118 registered.
2014-04-14 01:39:39,652 INFO org.apache.hadoop.ipc.Server: IPC Server Responder: starting
2014-04-14 01:39:39,652 INFO org.apache.hadoop.ipc.Server: IPC Server listener on 41118: starting
2014-04-14 01:39:39,655 INFO org.apache.hadoop.ipc.Server: IPC Server handler 0 on 41118: starting
2014-04-14 01:39:39,655 INFO org.apache.hadoop.ipc.Server: IPC Server handler 1 on 41118: starting
2014-04-14 01:39:39,655 INFO org.apache.hadoop.ipc.Server: IPC Server handler 2 on 41118: starting
2014-04-14 01:39:39,656 INFO org.apache.hadoop.ipc.Server: IPC Server handler 3 on 41118: starting
2014-04-14 01:39:39,656 INFO org.apache.hadoop.ipc.Server: IPC Server handler 4 on 41118: starting
2014-04-14 01:39:39,656 INFO org.apache.hadoop.ipc.Server: IPC Server handler 5 on 41118: starting
2014-04-14 01:39:39,656 INFO org.apache.hadoop.ipc.Server: IPC Server handler 6 on 41118: starting
2014-04-14 01:39:39,656 INFO org.apache.hadoop.ipc.Server: IPC Server handler 7 on 41118: starting
2014-04-14 01:39:39,657 INFO org.apache.hadoop.mapred.TaskTracker: TaskTracker up at: localhost/127.0.0.1:41118
2014-04-14 01:39:39,657 INFO org.apache.hadoop.mapred.TaskTracker: Starting tracker tracker_node08.asa-web.amd.com:localhost/127.0.0.1:41118
2014-04-14 01:39:49,605 INFO org.apache.hadoop.mapred.TaskTracker: Starting thread: Map-events fetcher for all reduce tasks on tracker_node08.asa-web.amd.com:localhost/127.0.0.1:41118
2014-04-14 01:39:49,616 INFO org.apache.hadoop.util.ProcessTree: setsid exited with exit code 0
2014-04-14 01:39:49,621 INFO org.apache.hadoop.mapred.TaskTracker:  Using ResourceCalculatorPlugin : org.apache.hadoop.util.LinuxResourceCalculatorPlugin@78ab10ed
2014-04-14 01:39:49,627 WARN org.apache.hadoop.mapred.TaskTracker: TaskTracker's totalMemoryAllottedForTasks is -1. TaskMemoryManager is disabled.
2014-04-14 01:39:49,632 INFO org.apache.hadoop.mapred.IndexCache: IndexCache created with max memory = 10485760
2014-04-14 01:39:50,958 INFO org.apache.hadoop.metrics2.impl.MetricsSourceAdapter: MBean for source ShuffleServerMetrics registered.
2014-04-14 01:39:50,968 INFO org.apache.hadoop.http.HttpServer: Port returned by webServer.getConnectors()[0].getLocalPort() before open() is -1. Opening the listener on 50061
2014-04-14 01:39:50,969 INFO org.apache.hadoop.http.HttpServer: listener.getLocalPort() returned 50061 webServer.getConnectors()[0].getLocalPort() returned 50061
2014-04-14 01:39:50,969 INFO org.apache.hadoop.http.HttpServer: Jetty bound to port 50061
2014-04-14 01:39:50,969 INFO org.mortbay.log: jetty-6.1.26
2014-04-14 01:39:51,384 INFO org.mortbay.log: Started SelectChannelConnector@0.0.0.0:50061
2014-04-14 01:39:51,384 INFO org.apache.hadoop.mapred.TaskTracker: FILE_CACHE_SIZE for mapOutputServlet set to : 2000
2014-04-14 01:40:58,053 INFO org.apache.hadoop.mapred.TaskTracker: LaunchTaskAction (registerTask): attempt_201404140139_0001_m_000021_0 task's state:UNASSIGNED
2014-04-14 01:40:58,062 INFO org.apache.hadoop.mapred.TaskTracker: Trying to launch : attempt_201404140139_0001_m_000021_0 which needs 1 slots
2014-04-14 01:40:58,063 INFO org.apache.hadoop.mapred.TaskTracker: In TaskLauncher, current free slots : 4 and trying to launch attempt_201404140139_0001_m_000021_0 which needs 1 slots
2014-04-14 01:40:58,432 INFO org.apache.hadoop.mapred.JobLocalizer: Initializing user mgrossman on this TT.
2014-04-14 01:40:58,656 INFO org.apache.hadoop.mapred.JvmManager: In JvmRunner constructed JVM ID: jvm_201404140139_0001_m_1060161396
2014-04-14 01:40:58,657 INFO org.apache.hadoop.mapred.JvmManager: JVM Runner jvm_201404140139_0001_m_1060161396 spawned.
2014-04-14 01:40:58,662 INFO org.apache.hadoop.mapred.TaskController: Writing commands to /tmp/hadoop/hadoop-mgrossman/mapred/local/ttprivate/taskTracker/mgrossman/jobcache/job_201404140139_0001/attempt_201404140139_0001_m_000021_0/taskjvm.sh
2014-04-14 01:40:59,774 INFO org.apache.hadoop.mapred.TaskTracker: JVM with ID: jvm_201404140139_0001_m_1060161396 given task: attempt_201404140139_0001_m_000021_0
2014-04-14 01:41:03,523 INFO org.apache.hadoop.mapred.TaskTracker: attempt_201404140139_0001_m_000021_0 0.0% setup
2014-04-14 01:41:03,526 INFO org.apache.hadoop.mapred.TaskTracker: Task attempt_201404140139_0001_m_000021_0 is done.
2014-04-14 01:41:03,527 INFO org.apache.hadoop.mapred.TaskTracker: reported output size for attempt_201404140139_0001_m_000021_0  was -1
2014-04-14 01:41:03,528 INFO org.apache.hadoop.mapred.TaskTracker: addFreeSlot : current free slots : 4
2014-04-14 01:41:03,767 INFO org.apache.hadoop.mapred.JvmManager: JVM : jvm_201404140139_0001_m_1060161396 exited with exit code 0. Number of tasks it ran: 1
2014-04-14 01:41:03,843 INFO org.apache.hadoop.io.nativeio.NativeIO: Initialized cache for UID to User mapping with a cache timeout of 14400 seconds.
2014-04-14 01:41:03,844 INFO org.apache.hadoop.io.nativeio.NativeIO: Got UserName mgrossman for UID 1007 from the native implementation
2014-04-14 01:41:04,111 INFO org.apache.hadoop.mapred.TaskTracker: LaunchTaskAction (registerTask): attempt_201404140139_0001_m_000000_0 task's state:UNASSIGNED
2014-04-14 01:41:04,111 INFO org.apache.hadoop.mapred.TaskTracker: LaunchTaskAction (registerTask): attempt_201404140139_0001_m_000001_0 task's state:UNASSIGNED
2014-04-14 01:41:04,111 INFO org.apache.hadoop.mapred.TaskTracker: LaunchTaskAction (registerTask): attempt_201404140139_0001_m_000002_0 task's state:UNASSIGNED
2014-04-14 01:41:04,112 INFO org.apache.hadoop.mapred.TaskTracker: LaunchTaskAction (registerTask): attempt_201404140139_0001_m_000003_0 task's state:UNASSIGNED
2014-04-14 01:41:04,112 INFO org.apache.hadoop.mapred.TaskTracker: Trying to launch : attempt_201404140139_0001_m_000000_0 which needs 1 slots
2014-04-14 01:41:04,112 INFO org.apache.hadoop.mapred.TaskTracker: Received KillTaskAction for task: attempt_201404140139_0001_m_000021_0
2014-04-14 01:41:04,112 INFO org.apache.hadoop.mapred.TaskTracker: In TaskLauncher, current free slots : 4 and trying to launch attempt_201404140139_0001_m_000000_0 which needs 1 slots
2014-04-14 01:41:04,113 INFO org.apache.hadoop.mapred.TaskTracker: About to purge task: attempt_201404140139_0001_m_000021_0
2014-04-14 01:41:04,113 INFO org.apache.hadoop.mapred.TaskTracker: Trying to launch : attempt_201404140139_0001_m_000001_0 which needs 1 slots
2014-04-14 01:41:04,113 INFO org.apache.hadoop.mapred.TaskTracker: In TaskLauncher, current free slots : 3 and trying to launch attempt_201404140139_0001_m_000001_0 which needs 1 slots
2014-04-14 01:41:04,114 INFO org.apache.hadoop.mapred.IndexCache: Map ID attempt_201404140139_0001_m_000021_0 not found in cache
2014-04-14 01:41:04,114 INFO org.apache.hadoop.mapred.TaskTracker: Trying to launch : attempt_201404140139_0001_m_000002_0 which needs 1 slots
2014-04-14 01:41:04,114 INFO org.apache.hadoop.mapred.TaskTracker: In TaskLauncher, current free slots : 2 and trying to launch attempt_201404140139_0001_m_000002_0 which needs 1 slots
2014-04-14 01:41:04,115 INFO org.apache.hadoop.mapred.TaskTracker: Trying to launch : attempt_201404140139_0001_m_000003_0 which needs 1 slots
2014-04-14 01:41:04,115 INFO org.apache.hadoop.mapred.TaskTracker: In TaskLauncher, current free slots : 1 and trying to launch attempt_201404140139_0001_m_000003_0 which needs 1 slots
2014-04-14 01:41:04,138 INFO org.apache.hadoop.mapred.JvmManager: In JvmRunner constructed JVM ID: jvm_201404140139_0001_m_858731681
2014-04-14 01:41:04,139 INFO org.apache.hadoop.mapred.JvmManager: JVM Runner jvm_201404140139_0001_m_858731681 spawned.
2014-04-14 01:41:04,142 INFO org.apache.hadoop.mapred.JvmManager: In JvmRunner constructed JVM ID: jvm_201404140139_0001_m_2130732917
2014-04-14 01:41:04,146 INFO org.apache.hadoop.mapred.JvmManager: JVM Runner jvm_201404140139_0001_m_2130732917 spawned.
2014-04-14 01:41:04,147 INFO org.apache.hadoop.mapred.JvmManager: In JvmRunner constructed JVM ID: jvm_201404140139_0001_m_561860955
2014-04-14 01:41:04,148 INFO org.apache.hadoop.mapred.JvmManager: JVM Runner jvm_201404140139_0001_m_561860955 spawned.
2014-04-14 01:41:04,150 INFO org.apache.hadoop.mapred.JvmManager: In JvmRunner constructed JVM ID: jvm_201404140139_0001_m_173235283
2014-04-14 01:41:04,153 INFO org.apache.hadoop.mapred.JvmManager: JVM Runner jvm_201404140139_0001_m_173235283 spawned.
2014-04-14 01:41:04,153 INFO org.apache.hadoop.mapred.TaskController: Writing commands to /tmp/hadoop/hadoop-mgrossman/mapred/local/ttprivate/taskTracker/mgrossman/jobcache/job_201404140139_0001/attempt_201404140139_0001_m_000001_0/taskjvm.sh
2014-04-14 01:41:04,153 INFO org.apache.hadoop.mapred.TaskController: Writing commands to /tmp/hadoop/hadoop-mgrossman/mapred/local/ttprivate/taskTracker/mgrossman/jobcache/job_201404140139_0001/attempt_201404140139_0001_m_000000_0/taskjvm.sh
2014-04-14 01:41:04,155 INFO org.apache.hadoop.mapred.TaskController: Writing commands to /tmp/hadoop/hadoop-mgrossman/mapred/local/ttprivate/taskTracker/mgrossman/jobcache/job_201404140139_0001/attempt_201404140139_0001_m_000002_0/taskjvm.sh
2014-04-14 01:41:04,158 INFO org.apache.hadoop.mapred.TaskController: Writing commands to /tmp/hadoop/hadoop-mgrossman/mapred/local/ttprivate/taskTracker/mgrossman/jobcache/job_201404140139_0001/attempt_201404140139_0001_m_000003_0/taskjvm.sh
2014-04-14 01:41:05,678 INFO org.apache.hadoop.mapred.TaskTracker: JVM with ID: jvm_201404140139_0001_m_561860955 given task: attempt_201404140139_0001_m_000002_0
2014-04-14 01:41:05,679 INFO org.apache.hadoop.mapred.TaskTracker: JVM with ID: jvm_201404140139_0001_m_173235283 given task: attempt_201404140139_0001_m_000003_0
2014-04-14 01:41:05,681 INFO org.apache.hadoop.mapred.TaskTracker: JVM with ID: jvm_201404140139_0001_m_858731681 given task: attempt_201404140139_0001_m_000001_0
2014-04-14 01:41:05,683 INFO org.apache.hadoop.mapred.TaskTracker: JVM with ID: jvm_201404140139_0001_m_2130732917 given task: attempt_201404140139_0001_m_000000_0
2014-04-14 01:41:13,474 INFO org.apache.hadoop.mapred.TaskTracker: attempt_201404140139_0001_m_000002_0 0.49255636% 
2014-04-14 01:41:13,729 INFO org.apache.hadoop.mapred.TaskTracker: attempt_201404140139_0001_m_000000_0 0.5342871% 
2014-04-14 01:41:13,905 INFO org.apache.hadoop.mapred.TaskTracker: attempt_201404140139_0001_m_000001_0 0.40288708% 
2014-04-14 01:41:14,121 INFO org.apache.hadoop.mapred.TaskTracker: attempt_201404140139_0001_m_000003_0 0.48987764% 
2014-04-14 01:41:16,515 INFO org.apache.hadoop.mapred.TaskTracker: attempt_201404140139_0001_m_000002_0 1.0% 
2014-04-14 01:41:16,778 INFO org.apache.hadoop.mapred.TaskTracker: attempt_201404140139_0001_m_000000_0 1.0% 
2014-04-14 01:41:16,944 INFO org.apache.hadoop.mapred.TaskTracker: attempt_201404140139_0001_m_000001_0 1.0% 
2014-04-14 01:41:17,161 INFO org.apache.hadoop.mapred.TaskTracker: attempt_201404140139_0001_m_000003_0 1.0% 
2014-04-14 01:41:19,553 INFO org.apache.hadoop.mapred.TaskTracker: attempt_201404140139_0001_m_000002_0 1.0% 
2014-04-14 01:41:19,819 INFO org.apache.hadoop.mapred.TaskTracker: attempt_201404140139_0001_m_000000_0 1.0% 
2014-04-14 01:41:19,985 INFO org.apache.hadoop.mapred.TaskTracker: attempt_201404140139_0001_m_000001_0 1.0% 
2014-04-14 01:41:20,202 INFO org.apache.hadoop.mapred.TaskTracker: attempt_201404140139_0001_m_000003_0 1.0% 
2014-04-14 01:41:22,592 INFO org.apache.hadoop.mapred.TaskTracker: attempt_201404140139_0001_m_000002_0 1.0% 
2014-04-14 01:41:22,864 INFO org.apache.hadoop.mapred.TaskTracker: attempt_201404140139_0001_m_000000_0 1.0% 
2014-04-14 01:41:26,033 INFO org.apache.hadoop.mapred.TaskTracker: attempt_201404140139_0001_m_000001_0 1.0% 
2014-04-14 01:41:26,248 INFO org.apache.hadoop.mapred.TaskTracker: attempt_201404140139_0001_m_000003_0 1.0% 
2014-04-14 01:41:28,634 INFO org.apache.hadoop.mapred.TaskTracker: attempt_201404140139_0001_m_000002_0 1.0% 
2014-04-14 01:41:29,287 INFO org.apache.hadoop.mapred.TaskTracker: attempt_201404140139_0001_m_000003_0 1.0% 
2014-04-14 01:41:31,673 INFO org.apache.hadoop.mapred.TaskTracker: attempt_201404140139_0001_m_000002_0 1.0% 
2014-04-14 01:41:31,907 INFO org.apache.hadoop.mapred.TaskTracker: attempt_201404140139_0001_m_000000_0 1.0% 
2014-04-14 01:41:33,109 INFO org.apache.hadoop.mapred.TaskTracker: Task attempt_201404140139_0001_m_000002_0 is in commit-pending, task state:COMMIT_PENDING
2014-04-14 01:41:33,110 INFO org.apache.hadoop.mapred.TaskTracker: attempt_201404140139_0001_m_000002_0 1.0% 
2014-04-14 01:41:33,597 INFO org.apache.hadoop.mapred.TaskTracker: Task attempt_201404140139_0001_m_000000_0 is in commit-pending, task state:COMMIT_PENDING
2014-04-14 01:41:33,597 INFO org.apache.hadoop.mapred.TaskTracker: attempt_201404140139_0001_m_000000_0 1.0% 
2014-04-14 01:41:34,131 INFO org.apache.hadoop.mapred.TaskTracker: Task attempt_201404140139_0001_m_000001_0 is in commit-pending, task state:COMMIT_PENDING
2014-04-14 01:41:34,132 INFO org.apache.hadoop.mapred.TaskTracker: attempt_201404140139_0001_m_000001_0 1.0% 
2014-04-14 01:41:34,221 INFO org.apache.hadoop.mapred.TaskTracker: LaunchTaskAction (registerTask): attempt_201404140139_0001_m_000004_0 task's state:UNASSIGNED
2014-04-14 01:41:34,222 INFO org.apache.hadoop.mapred.TaskTracker: LaunchTaskAction (registerTask): attempt_201404140139_0001_m_000005_0 task's state:UNASSIGNED
2014-04-14 01:41:34,222 INFO org.apache.hadoop.mapred.TaskTracker: LaunchTaskAction (registerTask): attempt_201404140139_0001_m_000006_0 task's state:UNASSIGNED
2014-04-14 01:41:34,222 INFO org.apache.hadoop.mapred.TaskTracker: Received commit task action for attempt_201404140139_0001_m_000000_0
2014-04-14 01:41:34,222 INFO org.apache.hadoop.mapred.TaskTracker: Trying to launch : attempt_201404140139_0001_m_000004_0 which needs 1 slots
2014-04-14 01:41:34,223 INFO org.apache.hadoop.mapred.TaskTracker: Received commit task action for attempt_201404140139_0001_m_000001_0
2014-04-14 01:41:34,223 INFO org.apache.hadoop.mapred.TaskTracker: TaskLauncher : Waiting for 1 to launch attempt_201404140139_0001_m_000004_0, currently we have 0 free slots
2014-04-14 01:41:34,223 INFO org.apache.hadoop.mapred.TaskTracker: Received commit task action for attempt_201404140139_0001_m_000002_0
2014-04-14 01:41:34,508 INFO org.apache.hadoop.mapred.TaskTracker: Task attempt_201404140139_0001_m_000003_0 is in commit-pending, task state:COMMIT_PENDING
2014-04-14 01:41:34,508 INFO org.apache.hadoop.mapred.TaskTracker: attempt_201404140139_0001_m_000003_0 1.0% 
2014-04-14 01:41:34,916 INFO org.apache.hadoop.mapred.TaskTracker: attempt_201404140139_0001_m_000000_0 1.0% 
2014-04-14 01:41:34,920 INFO org.apache.hadoop.mapred.TaskTracker: Task attempt_201404140139_0001_m_000000_0 is done.
2014-04-14 01:41:34,920 INFO org.apache.hadoop.mapred.TaskTracker: reported output size for attempt_201404140139_0001_m_000000_0  was -1
2014-04-14 01:41:34,922 INFO org.apache.hadoop.mapred.TaskTracker: addFreeSlot : current free slots : 1
2014-04-14 01:41:34,922 INFO org.apache.hadoop.mapred.TaskTracker: In TaskLauncher, current free slots : 1 and trying to launch attempt_201404140139_0001_m_000004_0 which needs 1 slots
2014-04-14 01:41:34,922 INFO org.apache.hadoop.mapred.TaskTracker: Trying to launch : attempt_201404140139_0001_m_000005_0 which needs 1 slots
2014-04-14 01:41:34,923 INFO org.apache.hadoop.mapred.TaskTracker: TaskLauncher : Waiting for 1 to launch attempt_201404140139_0001_m_000005_0, currently we have 0 free slots
2014-04-14 01:41:34,934 INFO org.apache.hadoop.mapred.JvmManager: Killing JVM: jvm_201404140139_0001_m_2130732917
2014-04-14 01:41:34,942 INFO org.apache.hadoop.mapred.JvmManager: In JvmRunner constructed JVM ID: jvm_201404140139_0001_m_1864512649
2014-04-14 01:41:34,943 INFO org.apache.hadoop.mapred.JvmManager: JVM Runner jvm_201404140139_0001_m_1864512649 spawned.
2014-04-14 01:41:34,946 INFO org.apache.hadoop.mapred.TaskController: Writing commands to /tmp/hadoop/hadoop-mgrossman/mapred/local/ttprivate/taskTracker/mgrossman/jobcache/job_201404140139_0001/attempt_201404140139_0001_m_000004_0/taskjvm.sh
2014-04-14 01:41:35,085 INFO org.apache.hadoop.mapred.TaskTracker: attempt_201404140139_0001_m_000001_0 1.0% 
2014-04-14 01:41:35,136 INFO org.apache.hadoop.mapred.JvmManager: JVM : jvm_201404140139_0001_m_2130732917 exited with exit code 0. Number of tasks it ran: 1
2014-04-14 01:41:36,023 INFO org.apache.hadoop.mapred.TaskTracker: JVM with ID: jvm_201404140139_0001_m_1864512649 given task: attempt_201404140139_0001_m_000004_0
2014-04-14 01:41:37,254 INFO org.apache.hadoop.mapred.TaskTracker: LaunchTaskAction (registerTask): attempt_201404140139_0001_m_000007_0 task's state:UNASSIGNED
2014-04-14 01:41:37,255 INFO org.apache.hadoop.mapred.TaskTracker: Received commit task action for attempt_201404140139_0001_m_000003_0
2014-04-14 01:41:37,697 INFO org.apache.hadoop.mapred.TaskTracker: attempt_201404140139_0001_m_000002_0 1.0% 
2014-04-14 01:41:37,702 INFO org.apache.hadoop.mapred.TaskTracker: attempt_201404140139_0001_m_000002_0 1.0% 
2014-04-14 01:41:37,705 INFO org.apache.hadoop.mapred.TaskTracker: Task attempt_201404140139_0001_m_000002_0 is done.
2014-04-14 01:41:37,706 INFO org.apache.hadoop.mapred.TaskTracker: reported output size for attempt_201404140139_0001_m_000002_0  was -1
2014-04-14 01:41:37,708 INFO org.apache.hadoop.mapred.TaskTracker: addFreeSlot : current free slots : 1
2014-04-14 01:41:37,709 INFO org.apache.hadoop.mapred.TaskTracker: In TaskLauncher, current free slots : 1 and trying to launch attempt_201404140139_0001_m_000005_0 which needs 1 slots
2014-04-14 01:41:37,712 INFO org.apache.hadoop.mapred.TaskTracker: Trying to launch : attempt_201404140139_0001_m_000006_0 which needs 1 slots
2014-04-14 01:41:37,712 INFO org.apache.hadoop.mapred.TaskTracker: TaskLauncher : Waiting for 1 to launch attempt_201404140139_0001_m_000006_0, currently we have 0 free slots
2014-04-14 01:41:37,731 INFO org.apache.hadoop.mapred.JvmManager: Killing JVM: jvm_201404140139_0001_m_561860955
2014-04-14 01:41:37,741 INFO org.apache.hadoop.mapred.JvmManager: In JvmRunner constructed JVM ID: jvm_201404140139_0001_m_1042300985
2014-04-14 01:41:37,741 INFO org.apache.hadoop.mapred.JvmManager: JVM Runner jvm_201404140139_0001_m_1042300985 spawned.
2014-04-14 01:41:37,743 INFO org.apache.hadoop.mapred.TaskController: Writing commands to /tmp/hadoop/hadoop-mgrossman/mapred/local/ttprivate/taskTracker/mgrossman/jobcache/job_201404140139_0001/attempt_201404140139_0001_m_000005_0/taskjvm.sh
2014-04-14 01:41:38,034 INFO org.apache.hadoop.mapred.JvmManager: JVM : jvm_201404140139_0001_m_561860955 exited with exit code 0. Number of tasks it ran: 1
2014-04-14 01:41:38,135 INFO org.apache.hadoop.mapred.TaskTracker: attempt_201404140139_0001_m_000001_0 1.0% 
2014-04-14 01:41:38,139 INFO org.apache.hadoop.mapred.TaskTracker: attempt_201404140139_0001_m_000001_0 1.0% 
2014-04-14 01:41:38,142 INFO org.apache.hadoop.mapred.TaskTracker: Task attempt_201404140139_0001_m_000001_0 is done.
2014-04-14 01:41:38,142 INFO org.apache.hadoop.mapred.TaskTracker: reported output size for attempt_201404140139_0001_m_000001_0  was -1
2014-04-14 01:41:38,143 INFO org.apache.hadoop.mapred.TaskTracker: addFreeSlot : current free slots : 1
2014-04-14 01:41:38,143 INFO org.apache.hadoop.mapred.TaskTracker: In TaskLauncher, current free slots : 1 and trying to launch attempt_201404140139_0001_m_000006_0 which needs 1 slots
2014-04-14 01:41:38,145 INFO org.apache.hadoop.mapred.TaskTracker: Trying to launch : attempt_201404140139_0001_m_000007_0 which needs 1 slots
2014-04-14 01:41:38,145 INFO org.apache.hadoop.mapred.TaskTracker: TaskLauncher : Waiting for 1 to launch attempt_201404140139_0001_m_000007_0, currently we have 0 free slots
2014-04-14 01:41:38,159 INFO org.apache.hadoop.mapred.JvmManager: Killing JVM: jvm_201404140139_0001_m_858731681
2014-04-14 01:41:38,177 INFO org.apache.hadoop.mapred.JvmManager: In JvmRunner constructed JVM ID: jvm_201404140139_0001_m_1321567123
2014-04-14 01:41:38,177 INFO org.apache.hadoop.mapred.JvmManager: JVM Runner jvm_201404140139_0001_m_1321567123 spawned.
2014-04-14 01:41:38,183 INFO org.apache.hadoop.mapred.TaskController: Writing commands to /tmp/hadoop/hadoop-mgrossman/mapred/local/ttprivate/taskTracker/mgrossman/jobcache/job_201404140139_0001/attempt_201404140139_0001_m_000006_0/taskjvm.sh
2014-04-14 01:41:38,327 INFO org.apache.hadoop.mapred.TaskTracker: attempt_201404140139_0001_m_000003_0 1.0% 
2014-04-14 01:41:38,330 INFO org.apache.hadoop.mapred.TaskTracker: attempt_201404140139_0001_m_000003_0 1.0% 
2014-04-14 01:41:38,333 INFO org.apache.hadoop.mapred.TaskTracker: Task attempt_201404140139_0001_m_000003_0 is done.
2014-04-14 01:41:38,333 INFO org.apache.hadoop.mapred.TaskTracker: reported output size for attempt_201404140139_0001_m_000003_0  was -1
2014-04-14 01:41:38,333 INFO org.apache.hadoop.mapred.TaskTracker: addFreeSlot : current free slots : 1
2014-04-14 01:41:38,334 INFO org.apache.hadoop.mapred.TaskTracker: In TaskLauncher, current free slots : 1 and trying to launch attempt_201404140139_0001_m_000007_0 which needs 1 slots
2014-04-14 01:41:38,352 INFO org.apache.hadoop.mapred.JvmManager: Killing JVM: jvm_201404140139_0001_m_173235283
2014-04-14 01:41:38,365 INFO org.apache.hadoop.mapred.JvmManager: In JvmRunner constructed JVM ID: jvm_201404140139_0001_m_380034895
2014-04-14 01:41:38,365 INFO org.apache.hadoop.mapred.JvmManager: JVM Runner jvm_201404140139_0001_m_380034895 spawned.
2014-04-14 01:41:38,370 INFO org.apache.hadoop.mapred.TaskController: Writing commands to /tmp/hadoop/hadoop-mgrossman/mapred/local/ttprivate/taskTracker/mgrossman/jobcache/job_201404140139_0001/attempt_201404140139_0001_m_000007_0/taskjvm.sh
2014-04-14 01:41:38,556 INFO org.apache.hadoop.mapred.JvmManager: JVM : jvm_201404140139_0001_m_858731681 exited with exit code 0. Number of tasks it ran: 1
2014-04-14 01:41:38,677 INFO org.apache.hadoop.mapred.JvmManager: JVM : jvm_201404140139_0001_m_173235283 exited with exit code 0. Number of tasks it ran: 1
2014-04-14 01:41:39,232 INFO org.apache.hadoop.mapred.TaskTracker: JVM with ID: jvm_201404140139_0001_m_1042300985 given task: attempt_201404140139_0001_m_000005_0
2014-04-14 01:41:39,976 INFO org.apache.hadoop.mapred.TaskTracker: JVM with ID: jvm_201404140139_0001_m_1321567123 given task: attempt_201404140139_0001_m_000006_0
2014-04-14 01:41:40,122 INFO org.apache.hadoop.mapred.TaskTracker: JVM with ID: jvm_201404140139_0001_m_380034895 given task: attempt_201404140139_0001_m_000007_0
2014-04-14 01:41:43,344 INFO org.apache.hadoop.mapred.TaskTracker: attempt_201404140139_0001_m_000004_0 1.0% 
2014-04-14 01:41:45,626 INFO org.apache.hadoop.mapred.TaskTracker: Task attempt_201404140139_0001_m_000004_0 is in commit-pending, task state:COMMIT_PENDING
2014-04-14 01:41:45,626 INFO org.apache.hadoop.mapred.TaskTracker: attempt_201404140139_0001_m_000004_0 1.0% 
2014-04-14 01:41:46,300 INFO org.apache.hadoop.mapred.TaskTracker: LaunchTaskAction (registerTask): attempt_201404140139_0001_m_000008_0 task's state:UNASSIGNED
2014-04-14 01:41:46,300 INFO org.apache.hadoop.mapred.TaskTracker: Trying to launch : attempt_201404140139_0001_m_000008_0 which needs 1 slots
2014-04-14 01:41:46,300 INFO org.apache.hadoop.mapred.TaskTracker: TaskLauncher : Waiting for 1 to launch attempt_201404140139_0001_m_000008_0, currently we have 0 free slots
2014-04-14 01:41:46,300 INFO org.apache.hadoop.mapred.TaskTracker: Received commit task action for attempt_201404140139_0001_m_000004_0
2014-04-14 01:41:46,382 INFO org.apache.hadoop.mapred.TaskTracker: attempt_201404140139_0001_m_000004_0 1.0% 
2014-04-14 01:41:46,961 INFO org.apache.hadoop.mapred.TaskTracker: attempt_201404140139_0001_m_000005_0 0.49651045% 
2014-04-14 01:41:47,814 INFO org.apache.hadoop.mapred.TaskTracker: attempt_201404140139_0001_m_000006_0 0.471246% 
2014-04-14 01:41:47,965 INFO org.apache.hadoop.mapred.TaskTracker: attempt_201404140139_0001_m_000007_0 0.5620659% 
2014-04-14 01:41:49,421 INFO org.apache.hadoop.mapred.TaskTracker: attempt_201404140139_0001_m_000004_0 1.0% 
2014-04-14 01:41:49,426 INFO org.apache.hadoop.mapred.TaskTracker: attempt_201404140139_0001_m_000004_0 1.0% 
2014-04-14 01:41:49,431 INFO org.apache.hadoop.mapred.TaskTracker: Task attempt_201404140139_0001_m_000004_0 is done.
2014-04-14 01:41:49,431 INFO org.apache.hadoop.mapred.TaskTracker: reported output size for attempt_201404140139_0001_m_000004_0  was -1
2014-04-14 01:41:49,432 INFO org.apache.hadoop.mapred.TaskTracker: addFreeSlot : current free slots : 1
2014-04-14 01:41:49,432 INFO org.apache.hadoop.mapred.TaskTracker: In TaskLauncher, current free slots : 1 and trying to launch attempt_201404140139_0001_m_000008_0 which needs 1 slots
2014-04-14 01:41:49,467 INFO org.apache.hadoop.mapred.JvmManager: Killing JVM: jvm_201404140139_0001_m_1864512649
2014-04-14 01:41:49,472 INFO org.apache.hadoop.mapred.JvmManager: In JvmRunner constructed JVM ID: jvm_201404140139_0001_m_747714692
2014-04-14 01:41:49,473 INFO org.apache.hadoop.mapred.JvmManager: JVM Runner jvm_201404140139_0001_m_747714692 spawned.
2014-04-14 01:41:49,475 INFO org.apache.hadoop.mapred.TaskController: Writing commands to /tmp/hadoop/hadoop-mgrossman/mapred/local/ttprivate/taskTracker/mgrossman/jobcache/job_201404140139_0001/attempt_201404140139_0001_m_000008_0/taskjvm.sh
2014-04-14 01:41:50,007 INFO org.apache.hadoop.mapred.TaskTracker: attempt_201404140139_0001_m_000005_0 1.0% 
2014-04-14 01:41:50,587 INFO org.apache.hadoop.mapred.TaskTracker: JVM with ID: jvm_201404140139_0001_m_747714692 given task: attempt_201404140139_0001_m_000008_0
2014-04-14 01:41:50,863 INFO org.apache.hadoop.mapred.TaskTracker: attempt_201404140139_0001_m_000006_0 1.0% 
2014-04-14 01:41:51,016 INFO org.apache.hadoop.mapred.TaskTracker: attempt_201404140139_0001_m_000007_0 1.0% 
2014-04-14 01:41:53,047 INFO org.apache.hadoop.mapred.TaskTracker: attempt_201404140139_0001_m_000005_0 1.0% 
2014-04-14 01:41:53,902 INFO org.apache.hadoop.mapred.TaskTracker: attempt_201404140139_0001_m_000006_0 1.0% 
2014-04-14 01:41:54,060 INFO org.apache.hadoop.mapred.TaskTracker: attempt_201404140139_0001_m_000007_0 1.0% 
2014-04-14 01:41:55,563 INFO org.apache.hadoop.mapred.JvmManager: JVM : jvm_201404140139_0001_m_1864512649 exited with exit code 0. Number of tasks it ran: 1
2014-04-14 01:41:56,095 INFO org.apache.hadoop.mapred.TaskTracker: attempt_201404140139_0001_m_000005_0 1.0% 
2014-04-14 01:41:56,452 INFO org.apache.hadoop.mapred.TaskTracker: Task attempt_201404140139_0001_m_000005_0 is in commit-pending, task state:COMMIT_PENDING
2014-04-14 01:41:56,452 INFO org.apache.hadoop.mapred.TaskTracker: attempt_201404140139_0001_m_000005_0 1.0% 
2014-04-14 01:41:58,350 INFO org.apache.hadoop.mapred.TaskTracker: LaunchTaskAction (registerTask): attempt_201404140139_0001_m_000009_0 task's state:UNASSIGNED
2014-04-14 01:41:58,350 INFO org.apache.hadoop.mapred.TaskTracker: Trying to launch : attempt_201404140139_0001_m_000009_0 which needs 1 slots
2014-04-14 01:41:58,350 INFO org.apache.hadoop.mapred.TaskTracker: TaskLauncher : Waiting for 1 to launch attempt_201404140139_0001_m_000009_0, currently we have 0 free slots
2014-04-14 01:41:58,350 INFO org.apache.hadoop.mapred.TaskTracker: Received commit task action for attempt_201404140139_0001_m_000005_0
2014-04-14 01:41:59,138 INFO org.apache.hadoop.mapred.TaskTracker: attempt_201404140139_0001_m_000005_0 1.0% 
2014-04-14 01:41:59,141 INFO org.apache.hadoop.mapred.TaskTracker: attempt_201404140139_0001_m_000005_0 1.0% 
2014-04-14 01:41:59,143 INFO org.apache.hadoop.mapred.TaskTracker: Task attempt_201404140139_0001_m_000005_0 is done.
2014-04-14 01:41:59,143 INFO org.apache.hadoop.mapred.TaskTracker: reported output size for attempt_201404140139_0001_m_000005_0  was -1
2014-04-14 01:41:59,144 INFO org.apache.hadoop.mapred.TaskTracker: addFreeSlot : current free slots : 1
2014-04-14 01:41:59,144 INFO org.apache.hadoop.mapred.TaskTracker: In TaskLauncher, current free slots : 1 and trying to launch attempt_201404140139_0001_m_000009_0 which needs 1 slots
2014-04-14 01:41:59,156 INFO org.apache.hadoop.mapred.JvmManager: Killing JVM: jvm_201404140139_0001_m_1042300985
2014-04-14 01:41:59,163 INFO org.apache.hadoop.mapred.JvmManager: In JvmRunner constructed JVM ID: jvm_201404140139_0001_m_382944235
2014-04-14 01:41:59,163 INFO org.apache.hadoop.mapred.JvmManager: JVM Runner jvm_201404140139_0001_m_382944235 spawned.
2014-04-14 01:41:59,166 INFO org.apache.hadoop.mapred.TaskController: Writing commands to /tmp/hadoop/hadoop-mgrossman/mapred/local/ttprivate/taskTracker/mgrossman/jobcache/job_201404140139_0001/attempt_201404140139_0001_m_000009_0/taskjvm.sh
2014-04-14 01:41:59,936 INFO org.apache.hadoop.mapred.TaskTracker: attempt_201404140139_0001_m_000006_0 1.0% 
2014-04-14 01:42:00,105 INFO org.apache.hadoop.mapred.TaskTracker: attempt_201404140139_0001_m_000007_0 1.0% 
2014-04-14 01:42:00,235 INFO org.apache.hadoop.mapred.TaskTracker: JVM with ID: jvm_201404140139_0001_m_382944235 given task: attempt_201404140139_0001_m_000009_0
2014-04-14 01:42:00,435 INFO org.apache.hadoop.mapred.TaskTracker: attempt_201404140139_0001_m_000008_0 1.0% 
2014-04-14 01:42:02,815 INFO org.apache.hadoop.mapred.JvmManager: JVM : jvm_201404140139_0001_m_1042300985 exited with exit code 0. Number of tasks it ran: 1
2014-04-14 01:42:03,006 INFO org.apache.hadoop.mapred.TaskTracker: attempt_201404140139_0001_m_000006_0 1.0% 
2014-04-14 01:42:03,084 INFO org.apache.hadoop.mapred.TaskTracker: Task attempt_201404140139_0001_m_000006_0 is in commit-pending, task state:COMMIT_PENDING
2014-04-14 01:42:03,084 INFO org.apache.hadoop.mapred.TaskTracker: attempt_201404140139_0001_m_000006_0 1.0% 
2014-04-14 01:42:03,518 INFO org.apache.hadoop.mapred.TaskTracker: attempt_201404140139_0001_m_000008_0 1.0% 
2014-04-14 01:42:03,633 INFO org.apache.hadoop.mapred.TaskTracker: Task attempt_201404140139_0001_m_000007_0 is in commit-pending, task state:COMMIT_PENDING
2014-04-14 01:42:03,634 INFO org.apache.hadoop.mapred.TaskTracker: attempt_201404140139_0001_m_000007_0 1.0% 
2014-04-14 01:42:04,377 INFO org.apache.hadoop.mapred.TaskTracker: LaunchTaskAction (registerTask): attempt_201404140139_0001_m_000010_0 task's state:UNASSIGNED
2014-04-14 01:42:04,377 INFO org.apache.hadoop.mapred.TaskTracker: LaunchTaskAction (registerTask): attempt_201404140139_0001_m_000011_0 task's state:UNASSIGNED
2014-04-14 01:42:04,378 INFO org.apache.hadoop.mapred.TaskTracker: Received commit task action for attempt_201404140139_0001_m_000006_0
2014-04-14 01:42:04,378 INFO org.apache.hadoop.mapred.TaskTracker: Trying to launch : attempt_201404140139_0001_m_000010_0 which needs 1 slots
2014-04-14 01:42:04,378 INFO org.apache.hadoop.mapred.TaskTracker: Received commit task action for attempt_201404140139_0001_m_000007_0
2014-04-14 01:42:04,378 INFO org.apache.hadoop.mapred.TaskTracker: TaskLauncher : Waiting for 1 to launch attempt_201404140139_0001_m_000010_0, currently we have 0 free slots
2014-04-14 01:42:06,068 INFO org.apache.hadoop.mapred.TaskTracker: attempt_201404140139_0001_m_000006_0 1.0% 
2014-04-14 01:42:06,074 INFO org.apache.hadoop.mapred.TaskTracker: attempt_201404140139_0001_m_000006_0 1.0% 
2014-04-14 01:42:06,076 INFO org.apache.hadoop.mapred.TaskTracker: Task attempt_201404140139_0001_m_000006_0 is done.
2014-04-14 01:42:06,076 INFO org.apache.hadoop.mapred.TaskTracker: reported output size for attempt_201404140139_0001_m_000006_0  was -1
2014-04-14 01:42:06,077 INFO org.apache.hadoop.mapred.TaskTracker: addFreeSlot : current free slots : 1
2014-04-14 01:42:06,077 INFO org.apache.hadoop.mapred.TaskTracker: In TaskLauncher, current free slots : 1 and trying to launch attempt_201404140139_0001_m_000010_0 which needs 1 slots
2014-04-14 01:42:06,077 INFO org.apache.hadoop.mapred.TaskTracker: Trying to launch : attempt_201404140139_0001_m_000011_0 which needs 1 slots
2014-04-14 01:42:06,077 INFO org.apache.hadoop.mapred.TaskTracker: TaskLauncher : Waiting for 1 to launch attempt_201404140139_0001_m_000011_0, currently we have 0 free slots
2014-04-14 01:42:06,086 INFO org.apache.hadoop.mapred.JvmManager: Killing JVM: jvm_201404140139_0001_m_1321567123
2014-04-14 01:42:06,097 INFO org.apache.hadoop.mapred.JvmManager: In JvmRunner constructed JVM ID: jvm_201404140139_0001_m_1799407246
2014-04-14 01:42:06,098 INFO org.apache.hadoop.mapred.JvmManager: JVM Runner jvm_201404140139_0001_m_1799407246 spawned.
2014-04-14 01:42:06,099 INFO org.apache.hadoop.mapred.TaskController: Writing commands to /tmp/hadoop/hadoop-mgrossman/mapred/local/ttprivate/taskTracker/mgrossman/jobcache/job_201404140139_0001/attempt_201404140139_0001_m_000010_0/taskjvm.sh
2014-04-14 01:42:06,153 INFO org.apache.hadoop.mapred.TaskTracker: attempt_201404140139_0001_m_000007_0 1.0% 
2014-04-14 01:42:06,169 INFO org.apache.hadoop.mapred.TaskTracker: attempt_201404140139_0001_m_000007_0 1.0% 
2014-04-14 01:42:06,173 INFO org.apache.hadoop.mapred.TaskTracker: Task attempt_201404140139_0001_m_000007_0 is done.
2014-04-14 01:42:06,173 INFO org.apache.hadoop.mapred.TaskTracker: reported output size for attempt_201404140139_0001_m_000007_0  was -1
2014-04-14 01:42:06,174 INFO org.apache.hadoop.mapred.TaskTracker: addFreeSlot : current free slots : 1
2014-04-14 01:42:06,175 INFO org.apache.hadoop.mapred.TaskTracker: In TaskLauncher, current free slots : 1 and trying to launch attempt_201404140139_0001_m_000011_0 which needs 1 slots
2014-04-14 01:42:06,192 INFO org.apache.hadoop.mapred.JvmManager: Killing JVM: jvm_201404140139_0001_m_380034895
2014-04-14 01:42:06,198 INFO org.apache.hadoop.mapred.JvmManager: In JvmRunner constructed JVM ID: jvm_201404140139_0001_m_1742144415
2014-04-14 01:42:06,198 INFO org.apache.hadoop.mapred.JvmManager: JVM Runner jvm_201404140139_0001_m_1742144415 spawned.
2014-04-14 01:42:06,200 INFO org.apache.hadoop.mapred.TaskController: Writing commands to /tmp/hadoop/hadoop-mgrossman/mapred/local/ttprivate/taskTracker/mgrossman/jobcache/job_201404140139_0001/attempt_201404140139_0001_m_000011_0/taskjvm.sh
2014-04-14 01:42:06,564 INFO org.apache.hadoop.mapred.TaskTracker: attempt_201404140139_0001_m_000008_0 1.0% 
2014-04-14 01:42:07,192 INFO org.apache.hadoop.mapred.TaskTracker: attempt_201404140139_0001_m_000009_0 1.0% 
2014-04-14 01:42:07,553 INFO org.apache.hadoop.mapred.TaskTracker: JVM with ID: jvm_201404140139_0001_m_1742144415 given task: attempt_201404140139_0001_m_000011_0
2014-04-14 01:42:07,612 INFO org.apache.hadoop.mapred.TaskTracker: JVM with ID: jvm_201404140139_0001_m_1799407246 given task: attempt_201404140139_0001_m_000010_0
2014-04-14 01:42:07,956 INFO org.apache.hadoop.mapred.JvmManager: JVM : jvm_201404140139_0001_m_1321567123 exited with exit code 0. Number of tasks it ran: 1
2014-04-14 01:42:07,959 INFO org.apache.hadoop.mapred.JvmManager: JVM : jvm_201404140139_0001_m_380034895 exited with exit code 0. Number of tasks it ran: 1
2014-04-14 01:42:08,215 INFO org.apache.hadoop.mapred.TaskTracker: Task attempt_201404140139_0001_m_000008_0 is in commit-pending, task state:COMMIT_PENDING
2014-04-14 01:42:08,215 INFO org.apache.hadoop.mapred.TaskTracker: attempt_201404140139_0001_m_000008_0 1.0% 
2014-04-14 01:42:09,603 INFO org.apache.hadoop.mapred.TaskTracker: attempt_201404140139_0001_m_000008_0 1.0% 
2014-04-14 01:42:10,234 INFO org.apache.hadoop.mapred.TaskTracker: attempt_201404140139_0001_m_000009_0 1.0% 
2014-04-14 01:42:10,402 INFO org.apache.hadoop.mapred.TaskTracker: LaunchTaskAction (registerTask): attempt_201404140139_0001_m_000012_0 task's state:UNASSIGNED
2014-04-14 01:42:10,402 INFO org.apache.hadoop.mapred.TaskTracker: Trying to launch : attempt_201404140139_0001_m_000012_0 which needs 1 slots
2014-04-14 01:42:10,403 INFO org.apache.hadoop.mapred.TaskTracker: TaskLauncher : Waiting for 1 to launch attempt_201404140139_0001_m_000012_0, currently we have 0 free slots
2014-04-14 01:42:10,403 INFO org.apache.hadoop.mapred.TaskTracker: Received commit task action for attempt_201404140139_0001_m_000008_0
2014-04-14 01:42:11,080 INFO org.apache.hadoop.mapred.TaskTracker: Task attempt_201404140139_0001_m_000009_0 is in commit-pending, task state:COMMIT_PENDING
2014-04-14 01:42:11,080 INFO org.apache.hadoop.mapred.TaskTracker: attempt_201404140139_0001_m_000009_0 1.0% 
2014-04-14 01:42:12,655 INFO org.apache.hadoop.mapred.TaskTracker: attempt_201404140139_0001_m_000008_0 1.0% 
2014-04-14 01:42:12,658 INFO org.apache.hadoop.mapred.TaskTracker: attempt_201404140139_0001_m_000008_0 1.0% 
2014-04-14 01:42:12,660 INFO org.apache.hadoop.mapred.TaskTracker: Task attempt_201404140139_0001_m_000008_0 is done.
2014-04-14 01:42:12,660 INFO org.apache.hadoop.mapred.TaskTracker: reported output size for attempt_201404140139_0001_m_000008_0  was -1
2014-04-14 01:42:12,661 INFO org.apache.hadoop.mapred.TaskTracker: addFreeSlot : current free slots : 1
2014-04-14 01:42:12,662 INFO org.apache.hadoop.mapred.TaskTracker: In TaskLauncher, current free slots : 1 and trying to launch attempt_201404140139_0001_m_000012_0 which needs 1 slots
2014-04-14 01:42:12,678 INFO org.apache.hadoop.mapred.JvmManager: Killing JVM: jvm_201404140139_0001_m_747714692
2014-04-14 01:42:12,684 INFO org.apache.hadoop.mapred.JvmManager: In JvmRunner constructed JVM ID: jvm_201404140139_0001_m_793357164
2014-04-14 01:42:12,684 INFO org.apache.hadoop.mapred.JvmManager: JVM Runner jvm_201404140139_0001_m_793357164 spawned.
2014-04-14 01:42:12,686 INFO org.apache.hadoop.mapred.TaskController: Writing commands to /tmp/hadoop/hadoop-mgrossman/mapred/local/ttprivate/taskTracker/mgrossman/jobcache/job_201404140139_0001/attempt_201404140139_0001_m_000012_0/taskjvm.sh
2014-04-14 01:42:12,954 INFO org.apache.hadoop.mapred.JvmManager: JVM : jvm_201404140139_0001_m_747714692 exited with exit code 0. Number of tasks it ran: 1
2014-04-14 01:42:13,276 INFO org.apache.hadoop.mapred.TaskTracker: attempt_201404140139_0001_m_000009_0 1.0% 
2014-04-14 01:42:13,416 INFO org.apache.hadoop.mapred.TaskTracker: LaunchTaskAction (registerTask): attempt_201404140139_0001_m_000013_0 task's state:UNASSIGNED
2014-04-14 01:42:13,416 INFO org.apache.hadoop.mapred.TaskTracker: Trying to launch : attempt_201404140139_0001_m_000013_0 which needs 1 slots
2014-04-14 01:42:13,417 INFO org.apache.hadoop.mapred.TaskTracker: TaskLauncher : Waiting for 1 to launch attempt_201404140139_0001_m_000013_0, currently we have 0 free slots
2014-04-14 01:42:13,417 INFO org.apache.hadoop.mapred.TaskTracker: Received commit task action for attempt_201404140139_0001_m_000009_0
2014-04-14 01:42:14,192 INFO org.apache.hadoop.mapred.TaskTracker: JVM with ID: jvm_201404140139_0001_m_793357164 given task: attempt_201404140139_0001_m_000012_0
2014-04-14 01:42:14,921 INFO org.apache.hadoop.mapred.TaskTracker: attempt_201404140139_0001_m_000010_0 0.97707117% 
2014-04-14 01:42:14,951 INFO org.apache.hadoop.mapred.TaskTracker: attempt_201404140139_0001_m_000011_0 0.9683652% 
2014-04-14 01:42:16,312 INFO org.apache.hadoop.mapred.TaskTracker: attempt_201404140139_0001_m_000009_0 1.0% 
2014-04-14 01:42:16,315 INFO org.apache.hadoop.mapred.TaskTracker: attempt_201404140139_0001_m_000009_0 1.0% 
2014-04-14 01:42:16,318 INFO org.apache.hadoop.mapred.TaskTracker: Task attempt_201404140139_0001_m_000009_0 is done.
2014-04-14 01:42:16,318 INFO org.apache.hadoop.mapred.TaskTracker: reported output size for attempt_201404140139_0001_m_000009_0  was -1
2014-04-14 01:42:16,318 INFO org.apache.hadoop.mapred.TaskTracker: addFreeSlot : current free slots : 1
2014-04-14 01:42:16,319 INFO org.apache.hadoop.mapred.TaskTracker: In TaskLauncher, current free slots : 1 and trying to launch attempt_201404140139_0001_m_000013_0 which needs 1 slots
2014-04-14 01:42:16,330 INFO org.apache.hadoop.mapred.JvmManager: Killing JVM: jvm_201404140139_0001_m_382944235
2014-04-14 01:42:16,334 INFO org.apache.hadoop.mapred.JvmManager: In JvmRunner constructed JVM ID: jvm_201404140139_0001_m_30834279
2014-04-14 01:42:16,334 INFO org.apache.hadoop.mapred.JvmManager: JVM Runner jvm_201404140139_0001_m_30834279 spawned.
2014-04-14 01:42:16,336 INFO org.apache.hadoop.mapred.TaskController: Writing commands to /tmp/hadoop/hadoop-mgrossman/mapred/local/ttprivate/taskTracker/mgrossman/jobcache/job_201404140139_0001/attempt_201404140139_0001_m_000013_0/taskjvm.sh
2014-04-14 01:42:17,387 INFO org.apache.hadoop.mapred.TaskTracker: JVM with ID: jvm_201404140139_0001_m_30834279 given task: attempt_201404140139_0001_m_000013_0
2014-04-14 01:42:17,788 INFO org.apache.hadoop.mapred.JvmManager: JVM : jvm_201404140139_0001_m_382944235 exited with exit code 0. Number of tasks it ran: 1
2014-04-14 01:42:18,022 INFO org.apache.hadoop.mapred.TaskTracker: attempt_201404140139_0001_m_000011_0 1.0% 
2014-04-14 01:42:18,035 INFO org.apache.hadoop.mapred.TaskTracker: attempt_201404140139_0001_m_000010_0 1.0% 
2014-04-14 01:42:21,055 INFO org.apache.hadoop.mapred.TaskTracker: attempt_201404140139_0001_m_000011_0 1.0% 
2014-04-14 01:42:21,070 INFO org.apache.hadoop.mapred.TaskTracker: attempt_201404140139_0001_m_000010_0 1.0% 
2014-04-14 01:42:21,392 INFO org.apache.hadoop.mapred.TaskTracker: attempt_201404140139_0001_m_000012_0 0.8516345% 
2014-04-14 01:42:22,991 INFO org.apache.hadoop.mapred.TaskTracker: Task attempt_201404140139_0001_m_000010_0 is in commit-pending, task state:COMMIT_PENDING
2014-04-14 01:42:22,991 INFO org.apache.hadoop.mapred.TaskTracker: attempt_201404140139_0001_m_000010_0 1.0% 
2014-04-14 01:42:23,439 INFO org.apache.hadoop.mapred.TaskTracker: Task attempt_201404140139_0001_m_000011_0 is in commit-pending, task state:COMMIT_PENDING
2014-04-14 01:42:23,440 INFO org.apache.hadoop.mapred.TaskTracker: attempt_201404140139_0001_m_000011_0 1.0% 
2014-04-14 01:42:24,096 INFO org.apache.hadoop.mapred.TaskTracker: attempt_201404140139_0001_m_000011_0 1.0% 
2014-04-14 01:42:24,108 INFO org.apache.hadoop.mapred.TaskTracker: attempt_201404140139_0001_m_000010_0 1.0% 
2014-04-14 01:42:24,431 INFO org.apache.hadoop.mapred.TaskTracker: attempt_201404140139_0001_m_000012_0 1.0% 
2014-04-14 01:42:25,455 INFO org.apache.hadoop.mapred.TaskTracker: LaunchTaskAction (registerTask): attempt_201404140139_0001_m_000014_0 task's state:UNASSIGNED
2014-04-14 01:42:25,455 INFO org.apache.hadoop.mapred.TaskTracker: Trying to launch : attempt_201404140139_0001_m_000014_0 which needs 1 slots
2014-04-14 01:42:25,455 INFO org.apache.hadoop.mapred.TaskTracker: TaskLauncher : Waiting for 1 to launch attempt_201404140139_0001_m_000014_0, currently we have 0 free slots
2014-04-14 01:42:25,455 INFO org.apache.hadoop.mapred.TaskTracker: LaunchTaskAction (registerTask): attempt_201404140139_0001_m_000015_0 task's state:UNASSIGNED
2014-04-14 01:42:25,455 INFO org.apache.hadoop.mapred.TaskTracker: Received commit task action for attempt_201404140139_0001_m_000010_0
2014-04-14 01:42:25,455 INFO org.apache.hadoop.mapred.TaskTracker: Received commit task action for attempt_201404140139_0001_m_000011_0
2014-04-14 01:42:27,146 INFO org.apache.hadoop.mapred.TaskTracker: attempt_201404140139_0001_m_000011_0 1.0% 
2014-04-14 01:42:27,154 INFO org.apache.hadoop.mapred.TaskTracker: attempt_201404140139_0001_m_000011_0 1.0% 
2014-04-14 01:42:27,156 INFO org.apache.hadoop.mapred.TaskTracker: Task attempt_201404140139_0001_m_000011_0 is done.
2014-04-14 01:42:27,156 INFO org.apache.hadoop.mapred.TaskTracker: reported output size for attempt_201404140139_0001_m_000011_0  was -1
2014-04-14 01:42:27,157 INFO org.apache.hadoop.mapred.TaskTracker: addFreeSlot : current free slots : 1
2014-04-14 01:42:27,157 INFO org.apache.hadoop.mapred.TaskTracker: In TaskLauncher, current free slots : 1 and trying to launch attempt_201404140139_0001_m_000014_0 which needs 1 slots
2014-04-14 01:42:27,157 INFO org.apache.hadoop.mapred.TaskTracker: Trying to launch : attempt_201404140139_0001_m_000015_0 which needs 1 slots
2014-04-14 01:42:27,157 INFO org.apache.hadoop.mapred.TaskTracker: TaskLauncher : Waiting for 1 to launch attempt_201404140139_0001_m_000015_0, currently we have 0 free slots
2014-04-14 01:42:27,162 INFO org.apache.hadoop.mapred.TaskTracker: attempt_201404140139_0001_m_000010_0 1.0% 
2014-04-14 01:42:27,165 INFO org.apache.hadoop.mapred.TaskTracker: attempt_201404140139_0001_m_000010_0 1.0% 
2014-04-14 01:42:27,167 INFO org.apache.hadoop.mapred.TaskTracker: Task attempt_201404140139_0001_m_000010_0 is done.
2014-04-14 01:42:27,167 INFO org.apache.hadoop.mapred.TaskTracker: reported output size for attempt_201404140139_0001_m_000010_0  was -1
2014-04-14 01:42:27,168 INFO org.apache.hadoop.mapred.TaskTracker: addFreeSlot : current free slots : 1
2014-04-14 01:42:27,168 INFO org.apache.hadoop.mapred.TaskTracker: In TaskLauncher, current free slots : 1 and trying to launch attempt_201404140139_0001_m_000015_0 which needs 1 slots
2014-04-14 01:42:27,168 INFO org.apache.hadoop.mapred.JvmManager: Killing JVM: jvm_201404140139_0001_m_1799407246
2014-04-14 01:42:27,178 INFO org.apache.hadoop.mapred.JvmManager: In JvmRunner constructed JVM ID: jvm_201404140139_0001_m_359269958
2014-04-14 01:42:27,178 INFO org.apache.hadoop.mapred.JvmManager: JVM Runner jvm_201404140139_0001_m_359269958 spawned.
2014-04-14 01:42:27,180 INFO org.apache.hadoop.mapred.TaskController: Writing commands to /tmp/hadoop/hadoop-mgrossman/mapred/local/ttprivate/taskTracker/mgrossman/jobcache/job_201404140139_0001/attempt_201404140139_0001_m_000014_0/taskjvm.sh
2014-04-14 01:42:27,182 INFO org.apache.hadoop.mapred.JvmManager: Killing JVM: jvm_201404140139_0001_m_1742144415
2014-04-14 01:42:27,189 INFO org.apache.hadoop.mapred.JvmManager: In JvmRunner constructed JVM ID: jvm_201404140139_0001_m_1380606032
2014-04-14 01:42:27,190 INFO org.apache.hadoop.mapred.JvmManager: JVM Runner jvm_201404140139_0001_m_1380606032 spawned.
2014-04-14 01:42:27,192 INFO org.apache.hadoop.mapred.TaskController: Writing commands to /tmp/hadoop/hadoop-mgrossman/mapred/local/ttprivate/taskTracker/mgrossman/jobcache/job_201404140139_0001/attempt_201404140139_0001_m_000015_0/taskjvm.sh
2014-04-14 01:42:27,496 INFO org.apache.hadoop.mapred.TaskTracker: attempt_201404140139_0001_m_000012_0 1.0% 
2014-04-14 01:42:27,502 INFO org.apache.hadoop.mapred.TaskTracker: attempt_201404140139_0001_m_000013_0 1.0% 
2014-04-14 01:42:28,429 INFO org.apache.hadoop.mapred.TaskTracker: JVM with ID: jvm_201404140139_0001_m_1380606032 given task: attempt_201404140139_0001_m_000015_0
2014-04-14 01:42:28,609 INFO org.apache.hadoop.mapred.TaskTracker: JVM with ID: jvm_201404140139_0001_m_359269958 given task: attempt_201404140139_0001_m_000014_0
2014-04-14 01:42:29,442 INFO org.apache.hadoop.mapred.JvmManager: JVM : jvm_201404140139_0001_m_1742144415 exited with exit code 0. Number of tasks it ran: 1
2014-04-14 01:42:29,447 INFO org.apache.hadoop.mapred.JvmManager: JVM : jvm_201404140139_0001_m_1799407246 exited with exit code 0. Number of tasks it ran: 1
2014-04-14 01:42:30,541 INFO org.apache.hadoop.mapred.TaskTracker: attempt_201404140139_0001_m_000012_0 1.0% 
2014-04-14 01:42:30,557 INFO org.apache.hadoop.mapred.TaskTracker: attempt_201404140139_0001_m_000013_0 1.0% 
2014-04-14 01:42:32,611 INFO org.apache.hadoop.mapred.TaskTracker: Task attempt_201404140139_0001_m_000012_0 is in commit-pending, task state:COMMIT_PENDING
2014-04-14 01:42:32,611 INFO org.apache.hadoop.mapred.TaskTracker: attempt_201404140139_0001_m_000012_0 1.0% 
2014-04-14 01:42:32,790 INFO org.apache.hadoop.mapred.TaskTracker: Task attempt_201404140139_0001_m_000013_0 is in commit-pending, task state:COMMIT_PENDING
2014-04-14 01:42:32,791 INFO org.apache.hadoop.mapred.TaskTracker: attempt_201404140139_0001_m_000013_0 1.0% 
2014-04-14 01:42:33,612 INFO org.apache.hadoop.mapred.TaskTracker: attempt_201404140139_0001_m_000013_0 1.0% 
2014-04-14 01:42:33,625 INFO org.apache.hadoop.mapred.TaskTracker: attempt_201404140139_0001_m_000012_0 1.0% 
2014-04-14 01:42:34,502 INFO org.apache.hadoop.mapred.TaskTracker: LaunchTaskAction (registerTask): attempt_201404140139_0001_m_000016_0 task's state:UNASSIGNED
2014-04-14 01:42:34,502 INFO org.apache.hadoop.mapred.TaskTracker: Trying to launch : attempt_201404140139_0001_m_000016_0 which needs 1 slots
2014-04-14 01:42:34,502 INFO org.apache.hadoop.mapred.TaskTracker: TaskLauncher : Waiting for 1 to launch attempt_201404140139_0001_m_000016_0, currently we have 0 free slots
2014-04-14 01:42:34,503 INFO org.apache.hadoop.mapred.TaskTracker: LaunchTaskAction (registerTask): attempt_201404140139_0001_m_000017_0 task's state:UNASSIGNED
2014-04-14 01:42:34,503 INFO org.apache.hadoop.mapred.TaskTracker: Received commit task action for attempt_201404140139_0001_m_000012_0
2014-04-14 01:42:34,503 INFO org.apache.hadoop.mapred.TaskTracker: Received commit task action for attempt_201404140139_0001_m_000013_0
2014-04-14 01:42:35,508 INFO org.apache.hadoop.mapred.TaskTracker: attempt_201404140139_0001_m_000015_0 0.74780685% 
2014-04-14 01:42:35,942 INFO org.apache.hadoop.mapred.TaskTracker: attempt_201404140139_0001_m_000014_0 1.0% 
2014-04-14 01:42:36,659 INFO org.apache.hadoop.mapred.TaskTracker: attempt_201404140139_0001_m_000013_0 1.0% 
2014-04-14 01:42:36,664 INFO org.apache.hadoop.mapred.TaskTracker: attempt_201404140139_0001_m_000013_0 1.0% 
2014-04-14 01:42:36,666 INFO org.apache.hadoop.mapred.TaskTracker: attempt_201404140139_0001_m_000012_0 1.0% 
2014-04-14 01:42:36,667 INFO org.apache.hadoop.mapred.TaskTracker: Task attempt_201404140139_0001_m_000013_0 is done.
2014-04-14 01:42:36,667 INFO org.apache.hadoop.mapred.TaskTracker: reported output size for attempt_201404140139_0001_m_000013_0  was -1
2014-04-14 01:42:36,668 INFO org.apache.hadoop.mapred.TaskTracker: addFreeSlot : current free slots : 1
2014-04-14 01:42:36,668 INFO org.apache.hadoop.mapred.TaskTracker: In TaskLauncher, current free slots : 1 and trying to launch attempt_201404140139_0001_m_000016_0 which needs 1 slots
2014-04-14 01:42:36,668 INFO org.apache.hadoop.mapred.TaskTracker: Trying to launch : attempt_201404140139_0001_m_000017_0 which needs 1 slots
2014-04-14 01:42:36,669 INFO org.apache.hadoop.mapred.TaskTracker: TaskLauncher : Waiting for 1 to launch attempt_201404140139_0001_m_000017_0, currently we have 0 free slots
2014-04-14 01:42:36,677 INFO org.apache.hadoop.mapred.TaskTracker: attempt_201404140139_0001_m_000012_0 1.0% 
2014-04-14 01:42:36,682 INFO org.apache.hadoop.mapred.TaskTracker: Task attempt_201404140139_0001_m_000012_0 is done.
2014-04-14 01:42:36,683 INFO org.apache.hadoop.mapred.TaskTracker: reported output size for attempt_201404140139_0001_m_000012_0  was -1
2014-04-14 01:42:36,683 INFO org.apache.hadoop.mapred.TaskTracker: addFreeSlot : current free slots : 1
2014-04-14 01:42:36,684 INFO org.apache.hadoop.mapred.TaskTracker: In TaskLauncher, current free slots : 1 and trying to launch attempt_201404140139_0001_m_000017_0 which needs 1 slots
2014-04-14 01:42:36,700 INFO org.apache.hadoop.mapred.JvmManager: Killing JVM: jvm_201404140139_0001_m_793357164
2014-04-14 01:42:36,710 INFO org.apache.hadoop.mapred.JvmManager: In JvmRunner constructed JVM ID: jvm_201404140139_0001_m_1042884515
2014-04-14 01:42:36,711 INFO org.apache.hadoop.mapred.JvmManager: JVM Runner jvm_201404140139_0001_m_1042884515 spawned.
2014-04-14 01:42:36,714 INFO org.apache.hadoop.mapred.JvmManager: Killing JVM: jvm_201404140139_0001_m_30834279
2014-04-14 01:42:36,721 INFO org.apache.hadoop.mapred.TaskController: Writing commands to /tmp/hadoop/hadoop-mgrossman/mapred/local/ttprivate/taskTracker/mgrossman/jobcache/job_201404140139_0001/attempt_201404140139_0001_m_000016_0/taskjvm.sh
2014-04-14 01:42:36,726 INFO org.apache.hadoop.mapred.JvmManager: In JvmRunner constructed JVM ID: jvm_201404140139_0001_m_1941807247
2014-04-14 01:42:36,727 INFO org.apache.hadoop.mapred.JvmManager: JVM Runner jvm_201404140139_0001_m_1941807247 spawned.
2014-04-14 01:42:36,739 INFO org.apache.hadoop.mapred.TaskController: Writing commands to /tmp/hadoop/hadoop-mgrossman/mapred/local/ttprivate/taskTracker/mgrossman/jobcache/job_201404140139_0001/attempt_201404140139_0001_m_000017_0/taskjvm.sh
2014-04-14 01:42:37,946 INFO org.apache.hadoop.mapred.TaskTracker: JVM with ID: jvm_201404140139_0001_m_1042884515 given task: attempt_201404140139_0001_m_000016_0
2014-04-14 01:42:38,008 INFO org.apache.hadoop.mapred.TaskTracker: JVM with ID: jvm_201404140139_0001_m_1941807247 given task: attempt_201404140139_0001_m_000017_0
2014-04-14 01:42:38,562 INFO org.apache.hadoop.mapred.TaskTracker: attempt_201404140139_0001_m_000015_0 1.0% 
2014-04-14 01:42:38,998 INFO org.apache.hadoop.mapred.TaskTracker: attempt_201404140139_0001_m_000014_0 1.0% 
2014-04-14 01:42:39,324 INFO org.apache.hadoop.mapred.JvmManager: JVM : jvm_201404140139_0001_m_30834279 exited with exit code 0. Number of tasks it ran: 1
2014-04-14 01:42:39,325 INFO org.apache.hadoop.mapred.JvmManager: JVM : jvm_201404140139_0001_m_793357164 exited with exit code 0. Number of tasks it ran: 1
2014-04-14 01:42:41,604 INFO org.apache.hadoop.mapred.TaskTracker: attempt_201404140139_0001_m_000015_0 1.0% 
2014-04-14 01:42:44,478 INFO org.apache.hadoop.mapred.TaskTracker: Task attempt_201404140139_0001_m_000014_0 is in commit-pending, task state:COMMIT_PENDING
2014-04-14 01:42:44,479 INFO org.apache.hadoop.mapred.TaskTracker: attempt_201404140139_0001_m_000014_0 1.0% 
2014-04-14 01:42:44,688 INFO org.apache.hadoop.mapred.TaskTracker: attempt_201404140139_0001_m_000015_0 1.0% 
2014-04-14 01:42:44,928 INFO org.apache.hadoop.mapred.TaskTracker: Task attempt_201404140139_0001_m_000015_0 is in commit-pending, task state:COMMIT_PENDING
2014-04-14 01:42:44,928 INFO org.apache.hadoop.mapred.TaskTracker: attempt_201404140139_0001_m_000015_0 1.0% 
2014-04-14 01:42:45,036 INFO org.apache.hadoop.mapred.TaskTracker: attempt_201404140139_0001_m_000014_0 1.0% 
2014-04-14 01:42:45,265 INFO org.apache.hadoop.mapred.TaskTracker: attempt_201404140139_0001_m_000016_0 1.0% 
2014-04-14 01:42:46,549 INFO org.apache.hadoop.mapred.TaskTracker: LaunchTaskAction (registerTask): attempt_201404140139_0001_m_000018_0 task's state:UNASSIGNED
2014-04-14 01:42:46,549 INFO org.apache.hadoop.mapred.TaskTracker: Trying to launch : attempt_201404140139_0001_m_000018_0 which needs 1 slots
2014-04-14 01:42:46,549 INFO org.apache.hadoop.mapred.TaskTracker: TaskLauncher : Waiting for 1 to launch attempt_201404140139_0001_m_000018_0, currently we have 0 free slots
2014-04-14 01:42:46,549 INFO org.apache.hadoop.mapred.TaskTracker: LaunchTaskAction (registerTask): attempt_201404140139_0001_m_000019_0 task's state:UNASSIGNED
2014-04-14 01:42:46,549 INFO org.apache.hadoop.mapred.TaskTracker: Received commit task action for attempt_201404140139_0001_m_000014_0
2014-04-14 01:42:46,549 INFO org.apache.hadoop.mapred.TaskTracker: Received commit task action for attempt_201404140139_0001_m_000015_0
2014-04-14 01:42:47,730 INFO org.apache.hadoop.mapred.TaskTracker: attempt_201404140139_0001_m_000015_0 1.0% 
2014-04-14 01:42:47,734 INFO org.apache.hadoop.mapred.TaskTracker: attempt_201404140139_0001_m_000015_0 1.0% 
2014-04-14 01:42:47,737 INFO org.apache.hadoop.mapred.TaskTracker: Task attempt_201404140139_0001_m_000015_0 is done.
2014-04-14 01:42:47,737 INFO org.apache.hadoop.mapred.TaskTracker: reported output size for attempt_201404140139_0001_m_000015_0  was -1
2014-04-14 01:42:47,737 INFO org.apache.hadoop.mapred.TaskTracker: addFreeSlot : current free slots : 1
2014-04-14 01:42:47,738 INFO org.apache.hadoop.mapred.TaskTracker: In TaskLauncher, current free slots : 1 and trying to launch attempt_201404140139_0001_m_000018_0 which needs 1 slots
2014-04-14 01:42:47,738 INFO org.apache.hadoop.mapred.TaskTracker: Trying to launch : attempt_201404140139_0001_m_000019_0 which needs 1 slots
2014-04-14 01:42:47,738 INFO org.apache.hadoop.mapred.TaskTracker: TaskLauncher : Waiting for 1 to launch attempt_201404140139_0001_m_000019_0, currently we have 0 free slots
2014-04-14 01:42:47,747 INFO org.apache.hadoop.mapred.JvmManager: Killing JVM: jvm_201404140139_0001_m_1380606032
2014-04-14 01:42:47,751 INFO org.apache.hadoop.mapred.JvmManager: In JvmRunner constructed JVM ID: jvm_201404140139_0001_m_633872355
2014-04-14 01:42:47,751 INFO org.apache.hadoop.mapred.JvmManager: JVM Runner jvm_201404140139_0001_m_633872355 spawned.
2014-04-14 01:42:47,754 INFO org.apache.hadoop.mapred.TaskController: Writing commands to /tmp/hadoop/hadoop-mgrossman/mapred/local/ttprivate/taskTracker/mgrossman/jobcache/job_201404140139_0001/attempt_201404140139_0001_m_000018_0/taskjvm.sh
2014-04-14 01:42:48,076 INFO org.apache.hadoop.mapred.TaskTracker: attempt_201404140139_0001_m_000014_0 1.0% 
2014-04-14 01:42:48,079 INFO org.apache.hadoop.mapred.TaskTracker: attempt_201404140139_0001_m_000014_0 1.0% 
2014-04-14 01:42:48,081 INFO org.apache.hadoop.mapred.TaskTracker: Task attempt_201404140139_0001_m_000014_0 is done.
2014-04-14 01:42:48,081 INFO org.apache.hadoop.mapred.TaskTracker: reported output size for attempt_201404140139_0001_m_000014_0  was -1
2014-04-14 01:42:48,082 INFO org.apache.hadoop.mapred.TaskTracker: addFreeSlot : current free slots : 1
2014-04-14 01:42:48,082 INFO org.apache.hadoop.mapred.TaskTracker: In TaskLauncher, current free slots : 1 and trying to launch attempt_201404140139_0001_m_000019_0 which needs 1 slots
2014-04-14 01:42:48,092 INFO org.apache.hadoop.mapred.JvmManager: Killing JVM: jvm_201404140139_0001_m_359269958
2014-04-14 01:42:48,095 INFO org.apache.hadoop.mapred.JvmManager: In JvmRunner constructed JVM ID: jvm_201404140139_0001_m_1622855672
2014-04-14 01:42:48,096 INFO org.apache.hadoop.mapred.JvmManager: JVM Runner jvm_201404140139_0001_m_1622855672 spawned.
2014-04-14 01:42:48,097 INFO org.apache.hadoop.mapred.TaskController: Writing commands to /tmp/hadoop/hadoop-mgrossman/mapred/local/ttprivate/taskTracker/mgrossman/jobcache/job_201404140139_0001/attempt_201404140139_0001_m_000019_0/taskjvm.sh
2014-04-14 01:42:48,174 INFO org.apache.hadoop.mapred.TaskTracker: attempt_201404140139_0001_m_000017_0 1.0% 
2014-04-14 01:42:48,316 INFO org.apache.hadoop.mapred.TaskTracker: attempt_201404140139_0001_m_000016_0 1.0% 
2014-04-14 01:42:49,085 INFO org.apache.hadoop.mapred.TaskTracker: JVM with ID: jvm_201404140139_0001_m_633872355 given task: attempt_201404140139_0001_m_000018_0
2014-04-14 01:42:49,458 INFO org.apache.hadoop.mapred.TaskTracker: JVM with ID: jvm_201404140139_0001_m_1622855672 given task: attempt_201404140139_0001_m_000019_0
2014-04-14 01:42:50,861 INFO org.apache.hadoop.mapred.JvmManager: JVM : jvm_201404140139_0001_m_1380606032 exited with exit code 0. Number of tasks it ran: 1
2014-04-14 01:42:50,864 INFO org.apache.hadoop.mapred.JvmManager: JVM : jvm_201404140139_0001_m_359269958 exited with exit code 0. Number of tasks it ran: 1
2014-04-14 01:42:51,282 INFO org.apache.hadoop.mapred.TaskTracker: attempt_201404140139_0001_m_000017_0 1.0% 
2014-04-14 01:42:51,358 INFO org.apache.hadoop.mapred.TaskTracker: attempt_201404140139_0001_m_000016_0 1.0% 
2014-04-14 01:42:51,672 INFO org.apache.hadoop.mapred.TaskTracker: Task attempt_201404140139_0001_m_000016_0 is in commit-pending, task state:COMMIT_PENDING
2014-04-14 01:42:51,672 INFO org.apache.hadoop.mapred.TaskTracker: attempt_201404140139_0001_m_000016_0 1.0% 
2014-04-14 01:42:52,572 INFO org.apache.hadoop.mapred.TaskTracker: Received commit task action for attempt_201404140139_0001_m_000016_0
2014-04-14 01:42:54,105 INFO org.apache.hadoop.mapred.TaskTracker: Task attempt_201404140139_0001_m_000017_0 is in commit-pending, task state:COMMIT_PENDING
2014-04-14 01:42:54,106 INFO org.apache.hadoop.mapred.TaskTracker: attempt_201404140139_0001_m_000017_0 1.0% 
2014-04-14 01:42:54,316 INFO org.apache.hadoop.mapred.TaskTracker: attempt_201404140139_0001_m_000017_0 1.0% 
2014-04-14 01:42:54,420 INFO org.apache.hadoop.mapred.TaskTracker: attempt_201404140139_0001_m_000016_0 1.0% 
2014-04-14 01:42:54,423 INFO org.apache.hadoop.mapred.TaskTracker: attempt_201404140139_0001_m_000016_0 1.0% 
2014-04-14 01:42:54,429 INFO org.apache.hadoop.mapred.TaskTracker: Task attempt_201404140139_0001_m_000016_0 is done.
2014-04-14 01:42:54,430 INFO org.apache.hadoop.mapred.TaskTracker: reported output size for attempt_201404140139_0001_m_000016_0  was -1
2014-04-14 01:42:54,430 INFO org.apache.hadoop.mapred.TaskTracker: addFreeSlot : current free slots : 1
2014-04-14 01:42:54,720 INFO org.apache.hadoop.mapred.JvmManager: JVM : jvm_201404140139_0001_m_1042884515 exited with exit code 0. Number of tasks it ran: 1
2014-04-14 01:42:55,588 INFO org.apache.hadoop.mapred.TaskTracker: Received commit task action for attempt_201404140139_0001_m_000017_0
2014-04-14 01:42:56,219 INFO org.apache.hadoop.mapred.TaskTracker: attempt_201404140139_0001_m_000018_0 1.0% 
2014-04-14 01:42:56,522 INFO org.apache.hadoop.mapred.TaskTracker: attempt_201404140139_0001_m_000019_0 1.0% 
2014-04-14 01:42:57,362 INFO org.apache.hadoop.mapred.TaskTracker: attempt_201404140139_0001_m_000017_0 1.0% 
2014-04-14 01:42:57,367 INFO org.apache.hadoop.mapred.TaskTracker: attempt_201404140139_0001_m_000017_0 1.0% 
2014-04-14 01:42:57,370 INFO org.apache.hadoop.mapred.TaskTracker: Task attempt_201404140139_0001_m_000017_0 is done.
2014-04-14 01:42:57,371 INFO org.apache.hadoop.mapred.TaskTracker: reported output size for attempt_201404140139_0001_m_000017_0  was -1
2014-04-14 01:42:57,371 INFO org.apache.hadoop.mapred.TaskTracker: addFreeSlot : current free slots : 2
2014-04-14 01:42:59,258 INFO org.apache.hadoop.mapred.TaskTracker: attempt_201404140139_0001_m_000018_0 1.0% 
2014-04-14 01:42:59,563 INFO org.apache.hadoop.mapred.TaskTracker: attempt_201404140139_0001_m_000019_0 1.0% 
2014-04-14 01:43:00,882 INFO org.apache.hadoop.mapred.JvmManager: JVM : jvm_201404140139_0001_m_1941807247 exited with exit code 0. Number of tasks it ran: 1
2014-04-14 01:43:01,562 INFO org.apache.hadoop.mapred.TaskTracker: Task attempt_201404140139_0001_m_000019_0 is in commit-pending, task state:COMMIT_PENDING
2014-04-14 01:43:01,563 INFO org.apache.hadoop.mapred.TaskTracker: attempt_201404140139_0001_m_000019_0 1.0% 
2014-04-14 01:43:01,609 INFO org.apache.hadoop.mapred.TaskTracker: Received commit task action for attempt_201404140139_0001_m_000019_0
2014-04-14 01:43:02,600 INFO org.apache.hadoop.mapred.TaskTracker: attempt_201404140139_0001_m_000019_0 1.0% 
2014-04-14 01:43:04,505 INFO org.apache.hadoop.mapred.TaskTracker: Task attempt_201404140139_0001_m_000018_0 is in commit-pending, task state:COMMIT_PENDING
2014-04-14 01:43:04,505 INFO org.apache.hadoop.mapred.TaskTracker: attempt_201404140139_0001_m_000018_0 1.0% 
2014-04-14 01:43:04,621 INFO org.apache.hadoop.mapred.TaskTracker: Received commit task action for attempt_201404140139_0001_m_000018_0
2014-04-14 01:43:05,295 INFO org.apache.hadoop.mapred.TaskTracker: attempt_201404140139_0001_m_000018_0 1.0% 
2014-04-14 01:43:05,633 INFO org.apache.hadoop.mapred.TaskTracker: attempt_201404140139_0001_m_000019_0 1.0% 
2014-04-14 01:43:05,638 INFO org.apache.hadoop.mapred.TaskTracker: attempt_201404140139_0001_m_000019_0 1.0% 
2014-04-14 01:43:05,640 INFO org.apache.hadoop.mapred.TaskTracker: Task attempt_201404140139_0001_m_000019_0 is done.
2014-04-14 01:43:05,640 INFO org.apache.hadoop.mapred.TaskTracker: reported output size for attempt_201404140139_0001_m_000019_0  was -1
2014-04-14 01:43:05,641 INFO org.apache.hadoop.mapred.TaskTracker: addFreeSlot : current free slots : 3
2014-04-14 01:43:05,979 INFO org.apache.hadoop.mapred.JvmManager: JVM : jvm_201404140139_0001_m_1622855672 exited with exit code 0. Number of tasks it ran: 1
2014-04-14 01:43:08,330 INFO org.apache.hadoop.mapred.TaskTracker: attempt_201404140139_0001_m_000018_0 1.0% 
2014-04-14 01:43:08,335 INFO org.apache.hadoop.mapred.TaskTracker: attempt_201404140139_0001_m_000018_0 1.0% 
2014-04-14 01:43:08,337 INFO org.apache.hadoop.mapred.TaskTracker: Task attempt_201404140139_0001_m_000018_0 is done.
2014-04-14 01:43:08,337 INFO org.apache.hadoop.mapred.TaskTracker: reported output size for attempt_201404140139_0001_m_000018_0  was -1
2014-04-14 01:43:08,338 INFO org.apache.hadoop.mapred.TaskTracker: addFreeSlot : current free slots : 4
2014-04-14 01:43:08,680 INFO org.apache.hadoop.mapred.JvmManager: JVM : jvm_201404140139_0001_m_633872355 exited with exit code 0. Number of tasks it ran: 1
2014-04-14 01:43:10,661 INFO org.apache.hadoop.mapred.TaskTracker: LaunchTaskAction (registerTask): attempt_201404140139_0001_m_000020_0 task's state:UNASSIGNED
2014-04-14 01:43:10,662 INFO org.apache.hadoop.mapred.TaskTracker: Trying to launch : attempt_201404140139_0001_m_000020_0 which needs 1 slots
2014-04-14 01:43:10,662 INFO org.apache.hadoop.mapred.TaskTracker: In TaskLauncher, current free slots : 4 and trying to launch attempt_201404140139_0001_m_000020_0 which needs 1 slots
2014-04-14 01:43:10,672 INFO org.apache.hadoop.mapred.JvmManager: In JvmRunner constructed JVM ID: jvm_201404140139_0001_m_1819807351
2014-04-14 01:43:10,673 INFO org.apache.hadoop.mapred.JvmManager: JVM Runner jvm_201404140139_0001_m_1819807351 spawned.
2014-04-14 01:43:10,676 INFO org.apache.hadoop.mapred.TaskController: Writing commands to /tmp/hadoop/hadoop-mgrossman/mapred/local/ttprivate/taskTracker/mgrossman/jobcache/job_201404140139_0001/attempt_201404140139_0001_m_000020_0/taskjvm.sh
2014-04-14 01:43:11,817 INFO org.apache.hadoop.mapred.TaskTracker: JVM with ID: jvm_201404140139_0001_m_1819807351 given task: attempt_201404140139_0001_m_000020_0
2014-04-14 01:43:12,661 INFO org.apache.hadoop.mapred.TaskTracker: attempt_201404140139_0001_m_000020_0 0.0% 
2014-04-14 01:43:15,554 INFO org.apache.hadoop.mapred.TaskTracker: attempt_201404140139_0001_m_000020_0 0.0% cleanup
2014-04-14 01:43:15,557 INFO org.apache.hadoop.mapred.TaskTracker: Task attempt_201404140139_0001_m_000020_0 is done.
2014-04-14 01:43:15,557 INFO org.apache.hadoop.mapred.TaskTracker: reported output size for attempt_201404140139_0001_m_000020_0  was -1
2014-04-14 01:43:15,558 INFO org.apache.hadoop.mapred.TaskTracker: addFreeSlot : current free slots : 4
2014-04-14 01:43:15,786 INFO org.apache.hadoop.mapred.JvmManager: JVM : jvm_201404140139_0001_m_1819807351 exited with exit code 0. Number of tasks it ran: 1
2014-04-14 01:43:16,759 INFO org.apache.hadoop.mapred.TaskTracker: Received 'KillJobAction' for job: job_201404140139_0001
2014-04-14 01:43:16,759 INFO org.apache.hadoop.mapred.IndexCache: Map ID attempt_201404140139_0001_m_000017_0 not found in cache
2014-04-14 01:43:16,760 INFO org.apache.hadoop.mapred.IndexCache: Map ID attempt_201404140139_0001_m_000005_0 not found in cache
2014-04-14 01:43:16,760 INFO org.apache.hadoop.mapred.IndexCache: Map ID attempt_201404140139_0001_m_000011_0 not found in cache
2014-04-14 01:43:16,761 INFO org.apache.hadoop.mapred.IndexCache: Map ID attempt_201404140139_0001_m_000018_0 not found in cache
2014-04-14 01:43:16,761 INFO org.apache.hadoop.mapred.IndexCache: Map ID attempt_201404140139_0001_m_000012_0 not found in cache
2014-04-14 01:43:16,761 INFO org.apache.hadoop.mapred.IndexCache: Map ID attempt_201404140139_0001_m_000019_0 not found in cache
2014-04-14 01:43:16,762 INFO org.apache.hadoop.mapred.IndexCache: Map ID attempt_201404140139_0001_m_000007_0 not found in cache
2014-04-14 01:43:16,762 INFO org.apache.hadoop.mapred.IndexCache: Map ID attempt_201404140139_0001_m_000000_0 not found in cache
2014-04-14 01:43:16,763 INFO org.apache.hadoop.mapred.IndexCache: Map ID attempt_201404140139_0001_m_000006_0 not found in cache
2014-04-14 01:43:16,763 INFO org.apache.hadoop.mapred.IndexCache: Map ID attempt_201404140139_0001_m_000020_0 not found in cache
2014-04-14 01:43:16,763 INFO org.apache.hadoop.mapred.IndexCache: Map ID attempt_201404140139_0001_m_000013_0 not found in cache
2014-04-14 01:43:16,764 INFO org.apache.hadoop.mapred.IndexCache: Map ID attempt_201404140139_0001_m_000014_0 not found in cache
2014-04-14 01:43:16,764 INFO org.apache.hadoop.mapred.IndexCache: Map ID attempt_201404140139_0001_m_000002_0 not found in cache
2014-04-14 01:43:16,764 INFO org.apache.hadoop.mapred.IndexCache: Map ID attempt_201404140139_0001_m_000015_0 not found in cache
2014-04-14 01:43:16,765 INFO org.apache.hadoop.mapred.IndexCache: Map ID attempt_201404140139_0001_m_000001_0 not found in cache
2014-04-14 01:43:16,765 INFO org.apache.hadoop.mapred.IndexCache: Map ID attempt_201404140139_0001_m_000008_0 not found in cache
2014-04-14 01:43:16,766 INFO org.apache.hadoop.mapred.IndexCache: Map ID attempt_201404140139_0001_m_000016_0 not found in cache
2014-04-14 01:43:16,766 INFO org.apache.hadoop.mapred.IndexCache: Map ID attempt_201404140139_0001_m_000004_0 not found in cache
2014-04-14 01:43:16,766 INFO org.apache.hadoop.mapred.IndexCache: Map ID attempt_201404140139_0001_m_000010_0 not found in cache
2014-04-14 01:43:16,767 INFO org.apache.hadoop.mapred.IndexCache: Map ID attempt_201404140139_0001_m_000003_0 not found in cache
2014-04-14 01:43:16,767 INFO org.apache.hadoop.mapred.IndexCache: Map ID attempt_201404140139_0001_m_000009_0 not found in cache
2014-04-14 01:43:16,769 INFO org.apache.hadoop.mapred.UserLogCleaner: Adding job_201404140139_0001 for user-log deletion with retainTimeStamp:1397544196768
