2014-04-12 15:31:21,543 INFO org.apache.hadoop.mapred.TaskTracker: STARTUP_MSG: 
/************************************************************
STARTUP_MSG: Starting TaskTracker
STARTUP_MSG:   host = gpu-014.davinci.rice.edu/192.168.110.214
STARTUP_MSG:   args = []
STARTUP_MSG:   version = 1.0.4-SNAPSHOT
STARTUP_MSG:   build =  -r ; compiled by 'jmg3' on Fri Apr 11 17:54:37 CDT 2014
************************************************************/
2014-04-12 15:31:21,714 INFO org.apache.hadoop.metrics2.impl.MetricsConfig: loaded properties from hadoop-metrics2.properties
2014-04-12 15:31:21,769 INFO org.apache.hadoop.metrics2.impl.MetricsSourceAdapter: MBean for source MetricsSystem,sub=Stats registered.
2014-04-12 15:31:21,770 INFO org.apache.hadoop.metrics2.impl.MetricsSystemImpl: Scheduled snapshot period at 10 second(s).
2014-04-12 15:31:21,770 INFO org.apache.hadoop.metrics2.impl.MetricsSystemImpl: TaskTracker metrics system started
2014-04-12 15:31:21,924 INFO org.apache.hadoop.metrics2.impl.MetricsSourceAdapter: MBean for source ugi registered.
2014-04-12 15:31:22,098 INFO org.mortbay.log: Logging to org.slf4j.impl.Log4jLoggerAdapter(org.mortbay.log) via org.mortbay.log.Slf4jLog
2014-04-12 15:31:22,149 INFO org.apache.hadoop.http.HttpServer: Added global filtersafety (class=org.apache.hadoop.http.HttpServer$QuotingInputFilter)
2014-04-12 15:31:22,170 INFO org.apache.hadoop.mapred.TaskLogsTruncater: Initializing logs' truncater with mapRetainSize=-1 and reduceRetainSize=-1
2014-04-12 15:31:22,174 INFO org.apache.hadoop.mapred.TaskTracker: Starting tasktracker with owner as jmg3
2014-04-12 15:31:22,175 INFO org.apache.hadoop.mapred.TaskTracker: Good mapred local directories are: /tmp/hadoop/hadoop-jmg3/mapred/local
2014-04-12 15:31:22,179 WARN org.apache.hadoop.util.NativeCodeLoader: Unable to load native-hadoop library for your platform... using builtin-java classes where applicable
2014-04-12 15:31:22,185 INFO org.apache.hadoop.metrics2.impl.MetricsSourceAdapter: MBean for source jvm registered.
2014-04-12 15:31:22,186 INFO org.apache.hadoop.metrics2.impl.MetricsSourceAdapter: MBean for source TaskTrackerMetrics registered.
2014-04-12 15:31:22,199 INFO org.apache.hadoop.ipc.Server: Starting SocketReader
2014-04-12 15:31:22,201 INFO org.apache.hadoop.metrics2.impl.MetricsSourceAdapter: MBean for source RpcDetailedActivityForPort48057 registered.
2014-04-12 15:31:22,201 INFO org.apache.hadoop.metrics2.impl.MetricsSourceAdapter: MBean for source RpcActivityForPort48057 registered.
2014-04-12 15:31:22,203 INFO org.apache.hadoop.ipc.Server: IPC Server Responder: starting
2014-04-12 15:31:22,204 INFO org.apache.hadoop.ipc.Server: IPC Server listener on 48057: starting
2014-04-12 15:31:22,205 INFO org.apache.hadoop.ipc.Server: IPC Server handler 0 on 48057: starting
2014-04-12 15:31:22,205 INFO org.apache.hadoop.ipc.Server: IPC Server handler 1 on 48057: starting
2014-04-12 15:31:22,206 INFO org.apache.hadoop.ipc.Server: IPC Server handler 2 on 48057: starting
2014-04-12 15:31:22,206 INFO org.apache.hadoop.ipc.Server: IPC Server handler 3 on 48057: starting
2014-04-12 15:31:22,207 INFO org.apache.hadoop.ipc.Server: IPC Server handler 4 on 48057: starting
2014-04-12 15:31:22,208 INFO org.apache.hadoop.ipc.Server: IPC Server handler 5 on 48057: starting
2014-04-12 15:31:22,209 INFO org.apache.hadoop.ipc.Server: IPC Server handler 7 on 48057: starting
2014-04-12 15:31:22,209 INFO org.apache.hadoop.ipc.Server: IPC Server handler 6 on 48057: starting
2014-04-12 15:31:22,209 INFO org.apache.hadoop.ipc.Server: IPC Server handler 8 on 48057: starting
2014-04-12 15:31:22,210 INFO org.apache.hadoop.ipc.Server: IPC Server handler 9 on 48057: starting
2014-04-12 15:31:22,210 INFO org.apache.hadoop.ipc.Server: IPC Server handler 10 on 48057: starting
2014-04-12 15:31:22,210 INFO org.apache.hadoop.ipc.Server: IPC Server handler 11 on 48057: starting
2014-04-12 15:31:22,211 INFO org.apache.hadoop.ipc.Server: IPC Server handler 12 on 48057: starting
2014-04-12 15:31:22,211 INFO org.apache.hadoop.ipc.Server: IPC Server handler 13 on 48057: starting
2014-04-12 15:31:22,212 INFO org.apache.hadoop.ipc.Server: IPC Server handler 14 on 48057: starting
2014-04-12 15:31:22,212 INFO org.apache.hadoop.ipc.Server: IPC Server handler 15 on 48057: starting
2014-04-12 15:31:22,213 INFO org.apache.hadoop.ipc.Server: IPC Server handler 16 on 48057: starting
2014-04-12 15:31:22,213 INFO org.apache.hadoop.ipc.Server: IPC Server handler 17 on 48057: starting
2014-04-12 15:31:22,213 INFO org.apache.hadoop.ipc.Server: IPC Server handler 18 on 48057: starting
2014-04-12 15:31:22,214 INFO org.apache.hadoop.ipc.Server: IPC Server handler 19 on 48057: starting
2014-04-12 15:31:22,214 INFO org.apache.hadoop.ipc.Server: IPC Server handler 20 on 48057: starting
2014-04-12 15:31:22,215 INFO org.apache.hadoop.ipc.Server: IPC Server handler 21 on 48057: starting
2014-04-12 15:31:22,215 INFO org.apache.hadoop.mapred.TaskTracker: TaskTracker up at: localhost/127.0.0.1:48057
2014-04-12 15:31:22,215 INFO org.apache.hadoop.mapred.TaskTracker: Starting tracker tracker_gpu-014.davinci.rice.edu:localhost/127.0.0.1:48057
2014-04-12 15:31:22,215 INFO org.apache.hadoop.ipc.Server: IPC Server handler 22 on 48057: starting
2014-04-12 15:31:22,215 INFO org.apache.hadoop.ipc.Server: IPC Server handler 23 on 48057: starting
2014-04-12 15:31:51,912 INFO org.apache.hadoop.mapred.TaskTracker: Starting thread: Map-events fetcher for all reduce tasks on tracker_gpu-014.davinci.rice.edu:localhost/127.0.0.1:48057
2014-04-12 15:31:51,923 INFO org.apache.hadoop.util.ProcessTree: setsid exited with exit code 0
2014-04-12 15:31:51,927 INFO org.apache.hadoop.mapred.TaskTracker:  Using ResourceCalculatorPlugin : org.apache.hadoop.util.LinuxResourceCalculatorPlugin@4c98594d
2014-04-12 15:31:51,930 WARN org.apache.hadoop.mapred.TaskTracker: TaskTracker's totalMemoryAllottedForTasks is -1. TaskMemoryManager is disabled.
2014-04-12 15:31:51,933 INFO org.apache.hadoop.mapred.IndexCache: IndexCache created with max memory = 10485760
2014-04-12 15:31:53,515 INFO org.apache.hadoop.metrics2.impl.MetricsSourceAdapter: MBean for source ShuffleServerMetrics registered.
2014-04-12 15:31:53,517 INFO org.apache.hadoop.http.HttpServer: Port returned by webServer.getConnectors()[0].getLocalPort() before open() is -1. Opening the listener on 50061
2014-04-12 15:31:53,518 INFO org.apache.hadoop.http.HttpServer: listener.getLocalPort() returned 50061 webServer.getConnectors()[0].getLocalPort() returned 50061
2014-04-12 15:31:53,518 INFO org.apache.hadoop.http.HttpServer: Jetty bound to port 50061
2014-04-12 15:31:53,518 INFO org.mortbay.log: jetty-6.1.26
2014-04-12 15:31:53,793 INFO org.mortbay.log: Started SelectChannelConnector@0.0.0.0:50061
2014-04-12 15:31:53,805 INFO org.apache.hadoop.mapred.TaskTracker: FILE_CACHE_SIZE for mapOutputServlet set to : 2000
2014-04-12 15:32:45,093 INFO org.apache.hadoop.mapred.TaskTracker: LaunchTaskAction (registerTask): attempt_201404121531_0001_m_000013_0 task's state:UNASSIGNED
2014-04-12 15:32:45,097 INFO org.apache.hadoop.mapred.TaskTracker: Trying to launch : attempt_201404121531_0001_m_000013_0 which needs 1 slots
2014-04-12 15:32:45,097 INFO org.apache.hadoop.mapred.TaskTracker: In TaskLauncher, current free slots : 12 and trying to launch attempt_201404121531_0001_m_000013_0 which needs 1 slots
2014-04-12 15:32:45,245 INFO org.apache.hadoop.mapred.JobLocalizer: Initializing user jmg3 on this TT.
2014-04-12 15:32:45,375 INFO org.apache.hadoop.mapred.JvmManager: In JvmRunner constructed JVM ID: jvm_201404121531_0001_m_1227837292
2014-04-12 15:32:45,375 INFO org.apache.hadoop.mapred.JvmManager: JVM Runner jvm_201404121531_0001_m_1227837292 spawned.
2014-04-12 15:32:45,377 INFO org.apache.hadoop.mapred.TaskController: Writing commands to /tmp/hadoop/hadoop-jmg3/mapred/local/ttprivate/taskTracker/jmg3/jobcache/job_201404121531_0001/attempt_201404121531_0001_m_000013_0/taskjvm.sh
2014-04-12 15:32:46,023 INFO org.apache.hadoop.mapred.TaskTracker: JVM with ID: jvm_201404121531_0001_m_1227837292 given task: attempt_201404121531_0001_m_000013_0
2014-04-12 15:32:49,448 INFO org.apache.hadoop.mapred.TaskTracker: attempt_201404121531_0001_m_000013_0 0.0% setup
2014-04-12 15:32:49,451 INFO org.apache.hadoop.mapred.TaskTracker: Task attempt_201404121531_0001_m_000013_0 is done.
2014-04-12 15:32:49,451 INFO org.apache.hadoop.mapred.TaskTracker: reported output size for attempt_201404121531_0001_m_000013_0  was -1
2014-04-12 15:32:49,452 INFO org.apache.hadoop.mapred.TaskTracker: addFreeSlot : current free slots : 12
2014-04-12 15:32:49,599 INFO org.apache.hadoop.mapred.JvmManager: JVM : jvm_201404121531_0001_m_1227837292 exited with exit code 0. Number of tasks it ran: 1
2014-04-12 15:32:51,122 INFO org.apache.hadoop.mapred.TaskTracker: LaunchTaskAction (registerTask): attempt_201404121531_0001_m_000000_0 task's state:UNASSIGNED
2014-04-12 15:32:51,123 INFO org.apache.hadoop.mapred.TaskTracker: LaunchTaskAction (registerTask): attempt_201404121531_0001_m_000001_0 task's state:UNASSIGNED
2014-04-12 15:32:51,123 INFO org.apache.hadoop.mapred.TaskTracker: LaunchTaskAction (registerTask): attempt_201404121531_0001_m_000002_0 task's state:UNASSIGNED
2014-04-12 15:32:51,124 INFO org.apache.hadoop.mapred.TaskTracker: LaunchTaskAction (registerTask): attempt_201404121531_0001_m_000003_0 task's state:UNASSIGNED
2014-04-12 15:32:51,124 INFO org.apache.hadoop.mapred.TaskTracker: LaunchTaskAction (registerTask): attempt_201404121531_0001_m_000004_0 task's state:UNASSIGNED
2014-04-12 15:32:51,125 INFO org.apache.hadoop.mapred.TaskTracker: LaunchTaskAction (registerTask): attempt_201404121531_0001_m_000005_0 task's state:UNASSIGNED
2014-04-12 15:32:51,125 INFO org.apache.hadoop.mapred.TaskTracker: LaunchTaskAction (registerTask): attempt_201404121531_0001_m_000006_0 task's state:UNASSIGNED
2014-04-12 15:32:51,126 INFO org.apache.hadoop.mapred.TaskTracker: LaunchTaskAction (registerTask): attempt_201404121531_0001_m_000007_0 task's state:UNASSIGNED
2014-04-12 15:32:51,126 INFO org.apache.hadoop.mapred.TaskTracker: LaunchTaskAction (registerTask): attempt_201404121531_0001_m_000008_0 task's state:UNASSIGNED
2014-04-12 15:32:51,127 INFO org.apache.hadoop.mapred.TaskTracker: LaunchTaskAction (registerTask): attempt_201404121531_0001_m_000009_0 task's state:UNASSIGNED
2014-04-12 15:32:51,127 INFO org.apache.hadoop.mapred.TaskTracker: LaunchTaskAction (registerTask): attempt_201404121531_0001_m_000010_0 task's state:UNASSIGNED
2014-04-12 15:32:51,128 INFO org.apache.hadoop.mapred.TaskTracker: LaunchTaskAction (registerTask): attempt_201404121531_0001_m_000011_0 task's state:UNASSIGNED
2014-04-12 15:32:51,128 INFO org.apache.hadoop.mapred.TaskTracker: Trying to launch : attempt_201404121531_0001_m_000000_0 which needs 1 slots
2014-04-12 15:32:51,128 INFO org.apache.hadoop.mapred.TaskTracker: In TaskLauncher, current free slots : 12 and trying to launch attempt_201404121531_0001_m_000000_0 which needs 1 slots
2014-04-12 15:32:51,128 INFO org.apache.hadoop.mapred.TaskTracker: Received KillTaskAction for task: attempt_201404121531_0001_m_000013_0
2014-04-12 15:32:51,128 INFO org.apache.hadoop.mapred.TaskTracker: About to purge task: attempt_201404121531_0001_m_000013_0
2014-04-12 15:32:51,128 INFO org.apache.hadoop.mapred.TaskTracker: Trying to launch : attempt_201404121531_0001_m_000001_0 which needs 1 slots
2014-04-12 15:32:51,128 INFO org.apache.hadoop.mapred.TaskTracker: In TaskLauncher, current free slots : 11 and trying to launch attempt_201404121531_0001_m_000001_0 which needs 1 slots
2014-04-12 15:32:51,128 INFO org.apache.hadoop.mapred.IndexCache: Map ID attempt_201404121531_0001_m_000013_0 not found in cache
2014-04-12 15:32:51,129 INFO org.apache.hadoop.mapred.TaskTracker: Trying to launch : attempt_201404121531_0001_m_000002_0 which needs 1 slots
2014-04-12 15:32:51,130 INFO org.apache.hadoop.mapred.TaskTracker: In TaskLauncher, current free slots : 10 and trying to launch attempt_201404121531_0001_m_000002_0 which needs 1 slots
2014-04-12 15:32:51,130 INFO org.apache.hadoop.mapred.TaskTracker: Trying to launch : attempt_201404121531_0001_m_000003_0 which needs 1 slots
2014-04-12 15:32:51,131 INFO org.apache.hadoop.mapred.TaskTracker: In TaskLauncher, current free slots : 9 and trying to launch attempt_201404121531_0001_m_000003_0 which needs 1 slots
2014-04-12 15:32:51,131 INFO org.apache.hadoop.mapred.TaskTracker: Trying to launch : attempt_201404121531_0001_m_000004_0 which needs 1 slots
2014-04-12 15:32:51,131 INFO org.apache.hadoop.mapred.TaskTracker: In TaskLauncher, current free slots : 8 and trying to launch attempt_201404121531_0001_m_000004_0 which needs 1 slots
2014-04-12 15:32:51,132 INFO org.apache.hadoop.mapred.TaskTracker: Trying to launch : attempt_201404121531_0001_m_000005_0 which needs 1 slots
2014-04-12 15:32:51,133 INFO org.apache.hadoop.mapred.TaskTracker: In TaskLauncher, current free slots : 7 and trying to launch attempt_201404121531_0001_m_000005_0 which needs 1 slots
2014-04-12 15:32:51,133 INFO org.apache.hadoop.mapred.TaskTracker: Trying to launch : attempt_201404121531_0001_m_000006_0 which needs 1 slots
2014-04-12 15:32:51,133 INFO org.apache.hadoop.mapred.TaskTracker: In TaskLauncher, current free slots : 6 and trying to launch attempt_201404121531_0001_m_000006_0 which needs 1 slots
2014-04-12 15:32:51,133 INFO org.apache.hadoop.mapred.TaskTracker: Trying to launch : attempt_201404121531_0001_m_000007_0 which needs 1 slots
2014-04-12 15:32:51,133 INFO org.apache.hadoop.mapred.TaskTracker: In TaskLauncher, current free slots : 5 and trying to launch attempt_201404121531_0001_m_000007_0 which needs 1 slots
2014-04-12 15:32:51,136 INFO org.apache.hadoop.mapred.TaskTracker: Trying to launch : attempt_201404121531_0001_m_000008_0 which needs 1 slots
2014-04-12 15:32:51,136 INFO org.apache.hadoop.mapred.TaskTracker: In TaskLauncher, current free slots : 4 and trying to launch attempt_201404121531_0001_m_000008_0 which needs 1 slots
2014-04-12 15:32:51,138 INFO org.apache.hadoop.mapred.TaskTracker: Trying to launch : attempt_201404121531_0001_m_000009_0 which needs 1 slots
2014-04-12 15:32:51,138 INFO org.apache.hadoop.mapred.TaskTracker: In TaskLauncher, current free slots : 3 and trying to launch attempt_201404121531_0001_m_000009_0 which needs 1 slots
2014-04-12 15:32:51,140 INFO org.apache.hadoop.mapred.TaskTracker: Trying to launch : attempt_201404121531_0001_m_000010_0 which needs 1 slots
2014-04-12 15:32:51,140 INFO org.apache.hadoop.mapred.JvmManager: In JvmRunner constructed JVM ID: jvm_201404121531_0001_m_380810718
2014-04-12 15:32:51,140 INFO org.apache.hadoop.mapred.TaskTracker: In TaskLauncher, current free slots : 2 and trying to launch attempt_201404121531_0001_m_000010_0 which needs 1 slots
2014-04-12 15:32:51,141 INFO org.apache.hadoop.mapred.JvmManager: JVM Runner jvm_201404121531_0001_m_380810718 spawned.
2014-04-12 15:32:51,142 INFO org.apache.hadoop.mapred.TaskTracker: Trying to launch : attempt_201404121531_0001_m_000011_0 which needs 1 slots
2014-04-12 15:32:51,142 INFO org.apache.hadoop.mapred.TaskTracker: In TaskLauncher, current free slots : 1 and trying to launch attempt_201404121531_0001_m_000011_0 which needs 1 slots
2014-04-12 15:32:51,145 INFO org.apache.hadoop.mapred.JvmManager: In JvmRunner constructed JVM ID: jvm_201404121531_0001_m_1271957890
2014-04-12 15:32:51,146 INFO org.apache.hadoop.mapred.JvmManager: JVM Runner jvm_201404121531_0001_m_1271957890 spawned.
2014-04-12 15:32:51,146 INFO org.apache.hadoop.mapred.JvmManager: In JvmRunner constructed JVM ID: jvm_201404121531_0001_m_1175130277
2014-04-12 15:32:51,147 INFO org.apache.hadoop.mapred.JvmManager: JVM Runner jvm_201404121531_0001_m_1175130277 spawned.
2014-04-12 15:32:51,148 INFO org.apache.hadoop.mapred.JvmManager: In JvmRunner constructed JVM ID: jvm_201404121531_0001_m_2142888765
2014-04-12 15:32:51,148 INFO org.apache.hadoop.mapred.JvmManager: JVM Runner jvm_201404121531_0001_m_2142888765 spawned.
2014-04-12 15:32:51,149 INFO org.apache.hadoop.mapred.JvmManager: In JvmRunner constructed JVM ID: jvm_201404121531_0001_m_1732341512
2014-04-12 15:32:51,150 INFO org.apache.hadoop.mapred.TaskController: Writing commands to /tmp/hadoop/hadoop-jmg3/mapred/local/ttprivate/taskTracker/jmg3/jobcache/job_201404121531_0001/attempt_201404121531_0001_m_000000_0/taskjvm.sh
2014-04-12 15:32:51,150 INFO org.apache.hadoop.mapred.JvmManager: JVM Runner jvm_201404121531_0001_m_1732341512 spawned.
2014-04-12 15:32:51,150 INFO org.apache.hadoop.mapred.TaskController: Writing commands to /tmp/hadoop/hadoop-jmg3/mapred/local/ttprivate/taskTracker/jmg3/jobcache/job_201404121531_0001/attempt_201404121531_0001_m_000001_0/taskjvm.sh
2014-04-12 15:32:51,150 INFO org.apache.hadoop.mapred.JvmManager: In JvmRunner constructed JVM ID: jvm_201404121531_0001_m_43970726
2014-04-12 15:32:51,150 INFO org.apache.hadoop.mapred.JvmManager: JVM Runner jvm_201404121531_0001_m_43970726 spawned.
2014-04-12 15:32:51,151 INFO org.apache.hadoop.mapred.TaskController: Writing commands to /tmp/hadoop/hadoop-jmg3/mapred/local/ttprivate/taskTracker/jmg3/jobcache/job_201404121531_0001/attempt_201404121531_0001_m_000005_0/taskjvm.sh
2014-04-12 15:32:51,151 INFO org.apache.hadoop.mapred.JvmManager: In JvmRunner constructed JVM ID: jvm_201404121531_0001_m_329735379
2014-04-12 15:32:51,151 INFO org.apache.hadoop.mapred.JvmManager: JVM Runner jvm_201404121531_0001_m_329735379 spawned.
2014-04-12 15:32:51,151 INFO org.apache.hadoop.mapred.JvmManager: In JvmRunner constructed JVM ID: jvm_201404121531_0001_m_2082382119
2014-04-12 15:32:51,152 INFO org.apache.hadoop.mapred.TaskController: Writing commands to /tmp/hadoop/hadoop-jmg3/mapred/local/ttprivate/taskTracker/jmg3/jobcache/job_201404121531_0001/attempt_201404121531_0001_m_000002_0/taskjvm.sh
2014-04-12 15:32:51,152 INFO org.apache.hadoop.mapred.TaskController: Writing commands to /tmp/hadoop/hadoop-jmg3/mapred/local/ttprivate/taskTracker/jmg3/jobcache/job_201404121531_0001/attempt_201404121531_0001_m_000003_0/taskjvm.sh
2014-04-12 15:32:51,152 INFO org.apache.hadoop.mapred.TaskController: Writing commands to /tmp/hadoop/hadoop-jmg3/mapred/local/ttprivate/taskTracker/jmg3/jobcache/job_201404121531_0001/attempt_201404121531_0001_m_000008_0/taskjvm.sh
2014-04-12 15:32:51,153 INFO org.apache.hadoop.mapred.JvmManager: JVM Runner jvm_201404121531_0001_m_2082382119 spawned.
2014-04-12 15:32:51,153 INFO org.apache.hadoop.mapred.JvmManager: In JvmRunner constructed JVM ID: jvm_201404121531_0001_m_1895951004
2014-04-12 15:32:51,154 INFO org.apache.hadoop.mapred.TaskController: Writing commands to /tmp/hadoop/hadoop-jmg3/mapred/local/ttprivate/taskTracker/jmg3/jobcache/job_201404121531_0001/attempt_201404121531_0001_m_000004_0/taskjvm.sh
2014-04-12 15:32:51,158 INFO org.apache.hadoop.mapred.JvmManager: JVM Runner jvm_201404121531_0001_m_1895951004 spawned.
2014-04-12 15:32:51,159 INFO org.apache.hadoop.mapred.JvmManager: In JvmRunner constructed JVM ID: jvm_201404121531_0001_m_2134120026
2014-04-12 15:32:51,159 INFO org.apache.hadoop.mapred.JvmManager: JVM Runner jvm_201404121531_0001_m_2134120026 spawned.
2014-04-12 15:32:51,159 INFO org.apache.hadoop.mapred.JvmManager: In JvmRunner constructed JVM ID: jvm_201404121531_0001_m_486514775
2014-04-12 15:32:51,160 INFO org.apache.hadoop.mapred.JvmManager: JVM Runner jvm_201404121531_0001_m_486514775 spawned.
2014-04-12 15:32:51,160 INFO org.apache.hadoop.mapred.TaskController: Writing commands to /tmp/hadoop/hadoop-jmg3/mapred/local/ttprivate/taskTracker/jmg3/jobcache/job_201404121531_0001/attempt_201404121531_0001_m_000009_0/taskjvm.sh
2014-04-12 15:32:51,160 INFO org.apache.hadoop.mapred.TaskController: Writing commands to /tmp/hadoop/hadoop-jmg3/mapred/local/ttprivate/taskTracker/jmg3/jobcache/job_201404121531_0001/attempt_201404121531_0001_m_000006_0/taskjvm.sh
2014-04-12 15:32:51,161 INFO org.apache.hadoop.mapred.JvmManager: In JvmRunner constructed JVM ID: jvm_201404121531_0001_m_1101951176
2014-04-12 15:32:51,161 INFO org.apache.hadoop.mapred.JvmManager: JVM Runner jvm_201404121531_0001_m_1101951176 spawned.
2014-04-12 15:32:51,161 INFO org.apache.hadoop.mapred.TaskController: Writing commands to /tmp/hadoop/hadoop-jmg3/mapred/local/ttprivate/taskTracker/jmg3/jobcache/job_201404121531_0001/attempt_201404121531_0001_m_000010_0/taskjvm.sh
2014-04-12 15:32:51,161 INFO org.apache.hadoop.mapred.TaskController: Writing commands to /tmp/hadoop/hadoop-jmg3/mapred/local/ttprivate/taskTracker/jmg3/jobcache/job_201404121531_0001/attempt_201404121531_0001_m_000011_0/taskjvm.sh
2014-04-12 15:32:51,167 INFO org.apache.hadoop.mapred.TaskController: Writing commands to /tmp/hadoop/hadoop-jmg3/mapred/local/ttprivate/taskTracker/jmg3/jobcache/job_201404121531_0001/attempt_201404121531_0001_m_000007_0/taskjvm.sh
2014-04-12 15:32:52,160 INFO org.apache.hadoop.mapred.TaskTracker: JVM with ID: jvm_201404121531_0001_m_2134120026 given task: attempt_201404121531_0001_m_000010_0
2014-04-12 15:32:52,164 INFO org.apache.hadoop.mapred.TaskTracker: JVM with ID: jvm_201404121531_0001_m_329735379 given task: attempt_201404121531_0001_m_000004_0
2014-04-12 15:32:52,198 INFO org.apache.hadoop.mapred.TaskTracker: JVM with ID: jvm_201404121531_0001_m_2142888765 given task: attempt_201404121531_0001_m_000002_0
2014-04-12 15:32:52,201 INFO org.apache.hadoop.mapred.TaskTracker: JVM with ID: jvm_201404121531_0001_m_43970726 given task: attempt_201404121531_0001_m_000008_0
2014-04-12 15:32:52,212 INFO org.apache.hadoop.mapred.TaskTracker: JVM with ID: jvm_201404121531_0001_m_2082382119 given task: attempt_201404121531_0001_m_000009_0
2014-04-12 15:32:52,240 INFO org.apache.hadoop.mapred.TaskTracker: JVM with ID: jvm_201404121531_0001_m_1175130277 given task: attempt_201404121531_0001_m_000005_0
2014-04-12 15:32:52,241 INFO org.apache.hadoop.mapred.TaskTracker: JVM with ID: jvm_201404121531_0001_m_486514775 given task: attempt_201404121531_0001_m_000011_0
2014-04-12 15:32:52,287 INFO org.apache.hadoop.mapred.TaskTracker: JVM with ID: jvm_201404121531_0001_m_1732341512 given task: attempt_201404121531_0001_m_000003_0
2014-04-12 15:32:52,310 INFO org.apache.hadoop.mapred.TaskTracker: JVM with ID: jvm_201404121531_0001_m_1271957890 given task: attempt_201404121531_0001_m_000001_0
2014-04-12 15:32:52,342 INFO org.apache.hadoop.mapred.TaskTracker: JVM with ID: jvm_201404121531_0001_m_1101951176 given task: attempt_201404121531_0001_m_000007_0
2014-04-12 15:32:52,352 INFO org.apache.hadoop.mapred.TaskTracker: JVM with ID: jvm_201404121531_0001_m_1895951004 given task: attempt_201404121531_0001_m_000006_0
2014-04-12 15:32:52,366 INFO org.apache.hadoop.mapred.TaskTracker: JVM with ID: jvm_201404121531_0001_m_380810718 given task: attempt_201404121531_0001_m_000000_0
2014-04-12 15:32:59,345 INFO org.apache.hadoop.mapred.TaskTracker: attempt_201404121531_0001_m_000010_0 0.17663606% 
2014-04-12 15:32:59,559 INFO org.apache.hadoop.mapred.TaskTracker: attempt_201404121531_0001_m_000004_0 0.40500143% 
2014-04-12 15:32:59,608 INFO org.apache.hadoop.mapred.TaskTracker: attempt_201404121531_0001_m_000003_0 0.13817735% 
2014-04-12 15:32:59,909 INFO org.apache.hadoop.mapred.TaskTracker: attempt_201404121531_0001_m_000002_0 0.1321014% 
2014-04-12 15:32:59,924 INFO org.apache.hadoop.mapred.TaskTracker: attempt_201404121531_0001_m_000008_0 0.13849436% 
2014-04-12 15:32:59,950 INFO org.apache.hadoop.mapred.TaskTracker: attempt_201404121531_0001_m_000006_0 0.1415088% 
2014-04-12 15:33:00,163 INFO org.apache.hadoop.mapred.TaskTracker: attempt_201404121531_0001_m_000007_0 0.13527644% 
2014-04-12 15:33:02,660 INFO org.apache.hadoop.mapred.TaskTracker: attempt_201404121531_0001_m_000009_0 0.25251722% 
2014-04-12 15:33:02,708 INFO org.apache.hadoop.mapred.TaskTracker: attempt_201404121531_0001_m_000011_0 0.22821851% 
2014-04-12 15:33:02,712 INFO org.apache.hadoop.mapred.TaskTracker: attempt_201404121531_0001_m_000010_0 0.34924588% 
2014-04-12 15:33:02,758 INFO org.apache.hadoop.mapred.TaskTracker: attempt_201404121531_0001_m_000005_0 0.21407266% 
2014-04-12 15:33:02,870 INFO org.apache.hadoop.mapred.TaskTracker: attempt_201404121531_0001_m_000000_0 0.24998532% 
2014-04-12 15:33:02,882 INFO org.apache.hadoop.mapred.TaskTracker: attempt_201404121531_0001_m_000004_0 0.60523164% 
2014-04-12 15:33:02,900 INFO org.apache.hadoop.mapred.TaskTracker: attempt_201404121531_0001_m_000001_0 0.25091934% 
2014-04-12 15:33:03,280 INFO org.apache.hadoop.mapred.TaskTracker: attempt_201404121531_0001_m_000002_0 0.318344% 
2014-04-12 15:33:03,286 INFO org.apache.hadoop.mapred.TaskTracker: attempt_201404121531_0001_m_000003_0 0.2636991% 
2014-04-12 15:33:03,433 INFO org.apache.hadoop.mapred.TaskTracker: attempt_201404121531_0001_m_000008_0 0.31662872% 
2014-04-12 15:33:03,479 INFO org.apache.hadoop.mapred.TaskTracker: attempt_201404121531_0001_m_000006_0 0.30824295% 
2014-04-12 15:33:03,522 INFO org.apache.hadoop.mapred.TaskTracker: attempt_201404121531_0001_m_000007_0 0.30832633% 
2014-04-12 15:33:06,071 INFO org.apache.hadoop.mapred.TaskTracker: attempt_201404121531_0001_m_000009_0 0.3694587% 
2014-04-12 15:33:06,132 INFO org.apache.hadoop.mapred.TaskTracker: attempt_201404121531_0001_m_000011_0 0.34135792% 
2014-04-12 15:33:06,161 INFO org.apache.hadoop.mapred.TaskTracker: attempt_201404121531_0001_m_000010_0 0.43416256% 
2014-04-12 15:33:06,231 INFO org.apache.hadoop.mapred.TaskTracker: attempt_201404121531_0001_m_000005_0 0.3144766% 
2014-04-12 15:33:06,298 INFO org.apache.hadoop.mapred.TaskTracker: attempt_201404121531_0001_m_000004_0 0.70025617% 
2014-04-12 15:33:06,308 INFO org.apache.hadoop.mapred.TaskTracker: attempt_201404121531_0001_m_000000_0 0.34448674% 
2014-04-12 15:33:06,310 INFO org.apache.hadoop.mapred.TaskTracker: attempt_201404121531_0001_m_000001_0 0.34525174% 
2014-04-12 15:33:06,764 INFO org.apache.hadoop.mapred.TaskTracker: attempt_201404121531_0001_m_000003_0 0.36473894% 
2014-04-12 15:33:06,839 INFO org.apache.hadoop.mapred.TaskTracker: attempt_201404121531_0001_m_000002_0 0.40867814% 
2014-04-12 15:33:07,023 INFO org.apache.hadoop.mapred.TaskTracker: attempt_201404121531_0001_m_000006_0 0.39880046% 
2014-04-12 15:33:07,123 INFO org.apache.hadoop.mapred.TaskTracker: attempt_201404121531_0001_m_000008_0 0.40109992% 
2014-04-12 15:33:07,302 INFO org.apache.hadoop.mapred.TaskTracker: attempt_201404121531_0001_m_000007_0 0.4007334% 
2014-04-12 15:33:09,387 INFO org.apache.hadoop.mapred.TaskTracker: attempt_201404121531_0001_m_000009_0 0.3877047% 
2014-04-12 15:33:09,579 INFO org.apache.hadoop.mapred.TaskTracker: attempt_201404121531_0001_m_000011_0 0.4281548% 
2014-04-12 15:33:09,613 INFO org.apache.hadoop.mapred.TaskTracker: attempt_201404121531_0001_m_000005_0 0.4083015% 
2014-04-12 15:33:09,667 INFO org.apache.hadoop.mapred.TaskTracker: attempt_201404121531_0001_m_000004_0 0.7846411% 
2014-04-12 15:33:09,740 INFO org.apache.hadoop.mapred.TaskTracker: attempt_201404121531_0001_m_000001_0 0.40096053% 
2014-04-12 15:33:09,757 INFO org.apache.hadoop.mapred.TaskTracker: attempt_201404121531_0001_m_000000_0 0.44456577% 
2014-04-12 15:33:10,224 INFO org.apache.hadoop.mapred.TaskTracker: attempt_201404121531_0001_m_000003_0 0.456908% 
2014-04-12 15:33:11,987 INFO org.apache.hadoop.mapred.TaskTracker: attempt_201404121531_0001_m_000010_0 0.53715277% 
2014-04-12 15:33:11,988 INFO org.apache.hadoop.mapred.TaskTracker: attempt_201404121531_0001_m_000002_0 0.51962507% 
2014-04-12 15:33:11,989 INFO org.apache.hadoop.mapred.TaskTracker: attempt_201404121531_0001_m_000007_0 0.5039997% 
2014-04-12 15:33:11,989 INFO org.apache.hadoop.mapred.TaskTracker: attempt_201404121531_0001_m_000008_0 0.4852068% 
2014-04-12 15:33:11,990 INFO org.apache.hadoop.mapred.TaskTracker: attempt_201404121531_0001_m_000006_0 0.49636933% 
2014-04-12 15:33:12,838 INFO org.apache.hadoop.mapred.TaskTracker: attempt_201404121531_0001_m_000009_0 0.46827987% 
2014-04-12 15:33:12,940 INFO org.apache.hadoop.mapred.TaskTracker: attempt_201404121531_0001_m_000011_0 0.50876033% 
2014-04-12 15:33:13,072 INFO org.apache.hadoop.mapred.TaskTracker: attempt_201404121531_0001_m_000005_0 0.5004392% 
2014-04-12 15:33:13,105 INFO org.apache.hadoop.mapred.TaskTracker: attempt_201404121531_0001_m_000004_0 0.86189127% 
2014-04-12 15:33:13,147 INFO org.apache.hadoop.mapred.TaskTracker: attempt_201404121531_0001_m_000001_0 0.48614016% 
2014-04-12 15:33:13,344 INFO org.apache.hadoop.mapred.TaskTracker: attempt_201404121531_0001_m_000000_0 0.5313354% 
2014-04-12 15:33:15,270 INFO org.apache.hadoop.mapred.TaskTracker: attempt_201404121531_0001_m_000006_0 0.60995257% 
2014-04-12 15:33:15,299 INFO org.apache.hadoop.mapred.TaskTracker: attempt_201404121531_0001_m_000002_0 0.63817245% 
2014-04-12 15:33:15,346 INFO org.apache.hadoop.mapred.TaskTracker: attempt_201404121531_0001_m_000007_0 0.59584624% 
2014-04-12 15:33:15,360 INFO org.apache.hadoop.mapred.TaskTracker: attempt_201404121531_0001_m_000003_0 0.56476367% 
2014-04-12 15:33:15,367 INFO org.apache.hadoop.mapred.TaskTracker: attempt_201404121531_0001_m_000008_0 0.5808074% 
2014-04-12 15:33:16,304 INFO org.apache.hadoop.mapred.TaskTracker: attempt_201404121531_0001_m_000011_0 0.5837185% 
2014-04-12 15:33:16,372 INFO org.apache.hadoop.mapred.TaskTracker: attempt_201404121531_0001_m_000010_0 0.6598969% 
2014-04-12 15:33:16,414 INFO org.apache.hadoop.mapred.TaskTracker: attempt_201404121531_0001_m_000005_0 0.581724% 
2014-04-12 15:33:16,467 INFO org.apache.hadoop.mapred.TaskTracker: attempt_201404121531_0001_m_000004_0 0.9230017% 
2014-04-12 15:33:16,469 INFO org.apache.hadoop.mapred.TaskTracker: attempt_201404121531_0001_m_000001_0 0.5515229% 
2014-04-12 15:33:16,661 INFO org.apache.hadoop.mapred.TaskTracker: attempt_201404121531_0001_m_000009_0 0.5367684% 
2014-04-12 15:33:16,736 INFO org.apache.hadoop.mapred.TaskTracker: attempt_201404121531_0001_m_000000_0 0.6230455% 
2014-04-12 15:33:18,593 INFO org.apache.hadoop.mapred.TaskTracker: attempt_201404121531_0001_m_000006_0 0.68947566% 
2014-04-12 15:33:18,594 INFO org.apache.hadoop.mapred.TaskTracker: attempt_201404121531_0001_m_000007_0 0.6866784% 
2014-04-12 15:33:18,648 INFO org.apache.hadoop.mapred.TaskTracker: attempt_201404121531_0001_m_000002_0 0.72411156% 
2014-04-12 15:33:18,763 INFO org.apache.hadoop.mapred.TaskTracker: attempt_201404121531_0001_m_000003_0 0.6657249% 
2014-04-12 15:33:18,778 INFO org.apache.hadoop.mapred.TaskTracker: attempt_201404121531_0001_m_000008_0 0.6748137% 
2014-04-12 15:33:19,716 INFO org.apache.hadoop.mapred.TaskTracker: attempt_201404121531_0001_m_000011_0 0.6764214% 
2014-04-12 15:33:19,759 INFO org.apache.hadoop.mapred.TaskTracker: attempt_201404121531_0001_m_000005_0 0.6798461% 
2014-04-12 15:33:19,761 INFO org.apache.hadoop.mapred.TaskTracker: attempt_201404121531_0001_m_000004_0 1.0% 
2014-04-12 15:33:19,799 INFO org.apache.hadoop.mapred.TaskTracker: attempt_201404121531_0001_m_000001_0 0.65097994% 
2014-04-12 15:33:19,976 INFO org.apache.hadoop.mapred.TaskTracker: attempt_201404121531_0001_m_000009_0 0.63075966% 
2014-04-12 15:33:20,122 INFO org.apache.hadoop.mapred.TaskTracker: attempt_201404121531_0001_m_000000_0 0.71336883% 
2014-04-12 15:33:20,243 INFO org.apache.hadoop.mapred.TaskTracker: attempt_201404121531_0001_m_000010_0 0.77330893% 
2014-04-12 15:33:21,920 INFO org.apache.hadoop.mapred.TaskTracker: attempt_201404121531_0001_m_000006_0 0.7783744% 
2014-04-12 15:33:21,945 INFO org.apache.hadoop.mapred.TaskTracker: attempt_201404121531_0001_m_000002_0 0.8237495% 
2014-04-12 15:33:22,010 INFO org.apache.hadoop.mapred.TaskTracker: attempt_201404121531_0001_m_000007_0 0.78838336% 
2014-04-12 15:33:22,083 INFO org.apache.hadoop.mapred.TaskTracker: attempt_201404121531_0001_m_000008_0 0.7972239% 
2014-04-12 15:33:22,809 INFO org.apache.hadoop.mapred.TaskTracker: attempt_201404121531_0001_m_000003_0 0.77065885% 
2014-04-12 15:33:23,141 INFO org.apache.hadoop.mapred.TaskTracker: attempt_201404121531_0001_m_000005_0 0.790902% 
2014-04-12 15:33:23,222 INFO org.apache.hadoop.mapred.TaskTracker: attempt_201404121531_0001_m_000004_0 1.0% 
2014-04-12 15:33:23,325 INFO org.apache.hadoop.mapred.TaskTracker: attempt_201404121531_0001_m_000009_0 0.7406722% 
2014-04-12 15:33:23,456 INFO org.apache.hadoop.mapred.TaskTracker: attempt_201404121531_0001_m_000000_0 0.8162067% 
2014-04-12 15:33:23,541 INFO org.apache.hadoop.mapred.TaskTracker: attempt_201404121531_0001_m_000011_0 0.77847826% 
2014-04-12 15:33:23,576 INFO org.apache.hadoop.mapred.TaskTracker: attempt_201404121531_0001_m_000010_0 0.88324296% 
2014-04-12 15:33:25,043 INFO org.apache.hadoop.mapred.TaskTracker: attempt_201404121531_0001_m_000001_0 0.76374435% 
2014-04-12 15:33:25,318 INFO org.apache.hadoop.mapred.TaskTracker: attempt_201404121531_0001_m_000006_0 0.8578067% 
2014-04-12 15:33:25,465 INFO org.apache.hadoop.mapred.TaskTracker: attempt_201404121531_0001_m_000008_0 0.8940694% 
2014-04-12 15:33:25,465 INFO org.apache.hadoop.mapred.TaskTracker: attempt_201404121531_0001_m_000007_0 0.8759793% 
2014-04-12 15:33:26,080 INFO org.apache.hadoop.mapred.TaskTracker: attempt_201404121531_0001_m_000002_0 0.91232556% 
2014-04-12 15:33:26,106 INFO org.apache.hadoop.mapred.TaskTracker: attempt_201404121531_0001_m_000003_0 0.85481834% 
2014-04-12 15:33:26,463 INFO org.apache.hadoop.mapred.TaskTracker: attempt_201404121531_0001_m_000005_0 0.87374115% 
2014-04-12 15:33:26,469 INFO org.apache.hadoop.mapred.TaskTracker: attempt_201404121531_0001_m_000004_0 1.0% 
2014-04-12 15:33:26,590 INFO org.apache.hadoop.mapred.TaskTracker: attempt_201404121531_0001_m_000009_0 0.809021% 
2014-04-12 15:33:26,786 INFO org.apache.hadoop.mapred.TaskTracker: attempt_201404121531_0001_m_000011_0 0.8628282% 
2014-04-12 15:33:26,896 INFO org.apache.hadoop.mapred.TaskTracker: attempt_201404121531_0001_m_000010_0 0.9555189% 
2014-04-12 15:33:27,150 INFO org.apache.hadoop.mapred.TaskTracker: attempt_201404121531_0001_m_000000_0 0.9045477% 
2014-04-12 15:33:28,293 INFO org.apache.hadoop.mapred.TaskTracker: attempt_201404121531_0001_m_000001_0 0.8746187% 
2014-04-12 15:33:28,616 INFO org.apache.hadoop.mapred.TaskTracker: attempt_201404121531_0001_m_000007_0 0.9777568% 
2014-04-12 15:33:28,637 INFO org.apache.hadoop.mapred.TaskTracker: attempt_201404121531_0001_m_000006_0 0.9529328% 
2014-04-12 15:33:28,644 INFO org.apache.hadoop.mapred.TaskTracker: attempt_201404121531_0001_m_000008_0 0.98672026% 
2014-04-12 15:33:29,299 INFO org.apache.hadoop.mapred.TaskTracker: attempt_201404121531_0001_m_000003_0 0.96614194% 
2014-04-12 15:33:29,300 INFO org.apache.hadoop.mapred.TaskTracker: attempt_201404121531_0001_m_000002_0 1.0% 
2014-04-12 15:33:29,691 INFO org.apache.hadoop.mapred.TaskTracker: attempt_201404121531_0001_m_000005_0 0.9992929% 
2014-04-12 15:33:29,710 INFO org.apache.hadoop.mapred.TaskTracker: attempt_201404121531_0001_m_000004_0 1.0% 
2014-04-12 15:33:29,849 INFO org.apache.hadoop.mapred.TaskTracker: attempt_201404121531_0001_m_000009_0 0.9173544% 
2014-04-12 15:33:29,985 INFO org.apache.hadoop.mapred.TaskTracker: attempt_201404121531_0001_m_000011_0 0.97636473% 
2014-04-12 15:33:30,151 INFO org.apache.hadoop.mapred.TaskTracker: attempt_201404121531_0001_m_000010_0 1.0% 
2014-04-12 15:33:30,449 INFO org.apache.hadoop.mapred.TaskTracker: attempt_201404121531_0001_m_000000_0 1.0% 
2014-04-12 15:33:31,537 INFO org.apache.hadoop.mapred.TaskTracker: attempt_201404121531_0001_m_000001_0 0.9655725% 
2014-04-12 15:33:31,848 INFO org.apache.hadoop.mapred.TaskTracker: attempt_201404121531_0001_m_000006_0 1.0% 
2014-04-12 15:33:31,869 INFO org.apache.hadoop.mapred.TaskTracker: attempt_201404121531_0001_m_000008_0 1.0% 
2014-04-12 15:33:31,884 INFO org.apache.hadoop.mapred.TaskTracker: attempt_201404121531_0001_m_000007_0 1.0% 
2014-04-12 15:33:32,474 INFO org.apache.hadoop.mapred.TaskTracker: attempt_201404121531_0001_m_000003_0 1.0% 
2014-04-12 15:33:32,507 INFO org.apache.hadoop.mapred.TaskTracker: attempt_201404121531_0001_m_000002_0 1.0% 
2014-04-12 15:33:32,816 INFO org.apache.hadoop.mapred.TaskTracker: attempt_201404121531_0001_m_000005_0 1.0% 
2014-04-12 15:33:32,950 INFO org.apache.hadoop.mapred.TaskTracker: attempt_201404121531_0001_m_000009_0 1.0% 
2014-04-12 15:33:33,236 INFO org.apache.hadoop.mapred.TaskTracker: attempt_201404121531_0001_m_000011_0 1.0% 
2014-04-12 15:33:33,273 INFO org.apache.hadoop.mapred.TaskTracker: attempt_201404121531_0001_m_000010_0 1.0% 
2014-04-12 15:33:33,346 INFO org.apache.hadoop.mapred.TaskTracker: attempt_201404121531_0001_m_000004_0 1.0% 
2014-04-12 15:33:33,596 INFO org.apache.hadoop.mapred.TaskTracker: attempt_201404121531_0001_m_000000_0 1.0% 
2014-04-12 15:33:34,714 INFO org.apache.hadoop.mapred.TaskTracker: attempt_201404121531_0001_m_000001_0 1.0% 
2014-04-12 15:33:34,948 INFO org.apache.hadoop.mapred.TaskTracker: attempt_201404121531_0001_m_000007_0 1.0% 
2014-04-12 15:33:34,975 INFO org.apache.hadoop.mapred.TaskTracker: attempt_201404121531_0001_m_000008_0 1.0% 
2014-04-12 15:33:34,992 INFO org.apache.hadoop.mapred.TaskTracker: attempt_201404121531_0001_m_000006_0 1.0% 
2014-04-12 15:33:35,607 INFO org.apache.hadoop.mapred.TaskTracker: attempt_201404121531_0001_m_000002_0 1.0% 
2014-04-12 15:33:35,637 INFO org.apache.hadoop.mapred.TaskTracker: attempt_201404121531_0001_m_000003_0 1.0% 
2014-04-12 15:33:35,878 INFO org.apache.hadoop.mapred.TaskTracker: attempt_201404121531_0001_m_000005_0 1.0% 
2014-04-12 15:33:36,102 INFO org.apache.hadoop.mapred.TaskTracker: attempt_201404121531_0001_m_000009_0 1.0% 
2014-04-12 15:33:36,284 INFO org.apache.hadoop.mapred.TaskTracker: attempt_201404121531_0001_m_000011_0 1.0% 
2014-04-12 15:33:36,363 INFO org.apache.hadoop.mapred.TaskTracker: attempt_201404121531_0001_m_000010_0 1.0% 
2014-04-12 15:33:36,468 INFO org.apache.hadoop.mapred.TaskTracker: attempt_201404121531_0001_m_000004_0 1.0% 
2014-04-12 15:33:36,739 INFO org.apache.hadoop.mapred.TaskTracker: attempt_201404121531_0001_m_000000_0 1.0% 
2014-04-12 15:33:37,791 INFO org.apache.hadoop.mapred.TaskTracker: attempt_201404121531_0001_m_000001_0 1.0% 
2014-04-12 15:33:38,049 INFO org.apache.hadoop.mapred.TaskTracker: attempt_201404121531_0001_m_000008_0 1.0% 
2014-04-12 15:33:38,114 INFO org.apache.hadoop.mapred.TaskTracker: attempt_201404121531_0001_m_000007_0 1.0% 
2014-04-12 15:33:38,268 INFO org.apache.hadoop.mapred.TaskTracker: attempt_201404121531_0001_m_000006_0 1.0% 
2014-04-12 15:33:38,719 INFO org.apache.hadoop.mapred.TaskTracker: attempt_201404121531_0001_m_000003_0 1.0% 
2014-04-12 15:33:38,792 INFO org.apache.hadoop.mapred.TaskTracker: attempt_201404121531_0001_m_000002_0 1.0% 
2014-04-12 15:33:39,014 INFO org.apache.hadoop.mapred.TaskTracker: attempt_201404121531_0001_m_000005_0 1.0% 
2014-04-12 15:33:39,183 INFO org.apache.hadoop.mapred.TaskTracker: attempt_201404121531_0001_m_000009_0 1.0% 
2014-04-12 15:33:39,368 INFO org.apache.hadoop.mapred.TaskTracker: attempt_201404121531_0001_m_000011_0 1.0% 
2014-04-12 15:33:39,446 INFO org.apache.hadoop.mapred.TaskTracker: attempt_201404121531_0001_m_000010_0 1.0% 
2014-04-12 15:33:39,556 INFO org.apache.hadoop.mapred.TaskTracker: attempt_201404121531_0001_m_000004_0 1.0% 
2014-04-12 15:33:39,928 INFO org.apache.hadoop.mapred.TaskTracker: attempt_201404121531_0001_m_000000_0 1.0% 
2014-04-12 15:33:40,846 INFO org.apache.hadoop.mapred.TaskTracker: attempt_201404121531_0001_m_000001_0 1.0% 
2014-04-12 15:33:42,851 INFO org.apache.hadoop.mapred.TaskTracker: attempt_201404121531_0001_m_000004_0 1.0% 
2014-04-12 15:33:42,852 INFO org.apache.hadoop.mapred.TaskTracker: attempt_201404121531_0001_m_000010_0 1.0% 
2014-04-12 15:33:42,852 INFO org.apache.hadoop.mapred.TaskTracker: attempt_201404121531_0001_m_000011_0 1.0% 
2014-04-12 15:33:42,853 INFO org.apache.hadoop.mapred.TaskTracker: attempt_201404121531_0001_m_000009_0 1.0% 
2014-04-12 15:33:42,854 INFO org.apache.hadoop.mapred.TaskTracker: attempt_201404121531_0001_m_000005_0 1.0% 
2014-04-12 15:33:42,855 INFO org.apache.hadoop.mapred.TaskTracker: attempt_201404121531_0001_m_000002_0 1.0% 
2014-04-12 15:33:42,855 INFO org.apache.hadoop.mapred.TaskTracker: attempt_201404121531_0001_m_000003_0 1.0% 
2014-04-12 15:33:42,856 INFO org.apache.hadoop.mapred.TaskTracker: attempt_201404121531_0001_m_000006_0 1.0% 
2014-04-12 15:33:42,856 INFO org.apache.hadoop.mapred.TaskTracker: attempt_201404121531_0001_m_000007_0 1.0% 
2014-04-12 15:33:42,857 INFO org.apache.hadoop.mapred.TaskTracker: attempt_201404121531_0001_m_000008_0 1.0% 
2014-04-12 15:33:43,006 INFO org.apache.hadoop.mapred.TaskTracker: attempt_201404121531_0001_m_000000_0 1.0% 
2014-04-12 15:33:45,889 INFO org.apache.hadoop.mapred.TaskTracker: attempt_201404121531_0001_m_000002_0 1.0% 
2014-04-12 15:33:47,681 INFO org.apache.hadoop.mapred.TaskTracker: attempt_201404121531_0001_m_000000_0 1.0% 
2014-04-12 15:33:47,681 INFO org.apache.hadoop.mapred.TaskTracker: attempt_201404121531_0001_m_000003_0 1.0% 
2014-04-12 15:33:47,682 INFO org.apache.hadoop.mapred.TaskTracker: attempt_201404121531_0001_m_000006_0 1.0% 
2014-04-12 15:33:47,682 INFO org.apache.hadoop.mapred.TaskTracker: attempt_201404121531_0001_m_000007_0 1.0% 
2014-04-12 15:33:47,682 INFO org.apache.hadoop.mapred.TaskTracker: attempt_201404121531_0001_m_000005_0 1.0% 
2014-04-12 15:33:47,683 INFO org.apache.hadoop.mapred.TaskTracker: attempt_201404121531_0001_m_000001_0 1.0% 
2014-04-12 15:33:47,683 INFO org.apache.hadoop.mapred.TaskTracker: attempt_201404121531_0001_m_000004_0 1.0% 
2014-04-12 15:33:47,683 INFO org.apache.hadoop.mapred.TaskTracker: attempt_201404121531_0001_m_000010_0 1.0% 
2014-04-12 15:33:47,684 INFO org.apache.hadoop.mapred.TaskTracker: attempt_201404121531_0001_m_000011_0 1.0% 
2014-04-12 15:33:47,684 INFO org.apache.hadoop.mapred.TaskTracker: attempt_201404121531_0001_m_000009_0 1.0% 
2014-04-12 15:33:47,685 INFO org.apache.hadoop.mapred.TaskTracker: attempt_201404121531_0001_m_000008_0 1.0% 
2014-04-12 15:33:47,688 INFO org.apache.hadoop.mapred.TaskTracker: attempt_201404121531_0001_m_000002_0 1.0% 
2014-04-12 15:33:47,689 INFO org.apache.hadoop.mapred.TaskTracker: attempt_201404121531_0001_m_000005_0 1.0% 
2014-04-12 15:33:47,689 INFO org.apache.hadoop.mapred.TaskTracker: attempt_201404121531_0001_m_000008_0 1.0% 
2014-04-12 15:33:47,690 INFO org.apache.hadoop.mapred.TaskTracker: Task attempt_201404121531_0001_m_000005_0 is done.
2014-04-12 15:33:47,690 INFO org.apache.hadoop.mapred.TaskTracker: reported output size for attempt_201404121531_0001_m_000005_0  was 52198858
2014-04-12 15:33:47,690 INFO org.apache.hadoop.mapred.TaskTracker: addFreeSlot : current free slots : 1
2014-04-12 15:33:47,690 INFO org.apache.hadoop.mapred.TaskTracker: Task attempt_201404121531_0001_m_000008_0 is done.
2014-04-12 15:33:47,690 INFO org.apache.hadoop.mapred.TaskTracker: reported output size for attempt_201404121531_0001_m_000008_0  was 52489512
2014-04-12 15:33:47,690 INFO org.apache.hadoop.mapred.TaskTracker: Task attempt_201404121531_0001_m_000002_0 is done.
2014-04-12 15:33:47,690 INFO org.apache.hadoop.mapred.TaskTracker: reported output size for attempt_201404121531_0001_m_000002_0  was 52227275
2014-04-12 15:33:47,691 INFO org.apache.hadoop.mapred.TaskTracker: addFreeSlot : current free slots : 2
2014-04-12 15:33:47,691 INFO org.apache.hadoop.mapred.TaskTracker: addFreeSlot : current free slots : 3
2014-04-12 15:33:48,229 INFO org.apache.hadoop.mapred.JvmManager: JVM : jvm_201404121531_0001_m_2142888765 exited with exit code 0. Number of tasks it ran: 1
2014-04-12 15:33:48,765 INFO org.apache.hadoop.mapred.JvmManager: JVM : jvm_201404121531_0001_m_1175130277 exited with exit code 0. Number of tasks it ran: 1
2014-04-12 15:33:48,766 INFO org.apache.hadoop.mapred.JvmManager: JVM : jvm_201404121531_0001_m_43970726 exited with exit code 0. Number of tasks it ran: 1
2014-04-12 15:33:48,905 INFO org.apache.hadoop.mapred.TaskTracker: LaunchTaskAction (registerTask): attempt_201404121531_0001_r_000000_0 task's state:UNASSIGNED
2014-04-12 15:33:48,905 INFO org.apache.hadoop.mapred.TaskTracker: Trying to launch : attempt_201404121531_0001_r_000000_0 which needs 1 slots
2014-04-12 15:33:48,905 INFO org.apache.hadoop.mapred.TaskTracker: In TaskLauncher, current free slots : 2 and trying to launch attempt_201404121531_0001_r_000000_0 which needs 1 slots
2014-04-12 15:33:48,915 INFO org.apache.hadoop.mapred.JvmManager: In JvmRunner constructed JVM ID: jvm_201404121531_0001_r_1227837292
2014-04-12 15:33:48,915 INFO org.apache.hadoop.mapred.JvmManager: JVM Runner jvm_201404121531_0001_r_1227837292 spawned.
2014-04-12 15:33:48,916 INFO org.apache.hadoop.mapred.TaskController: Writing commands to /tmp/hadoop/hadoop-jmg3/mapred/local/ttprivate/taskTracker/jmg3/jobcache/job_201404121531_0001/attempt_201404121531_0001_r_000000_0/taskjvm.sh
2014-04-12 15:33:49,671 INFO org.apache.hadoop.mapred.TaskTracker: JVM with ID: jvm_201404121531_0001_r_1227837292 given task: attempt_201404121531_0001_r_000000_0
2014-04-12 15:33:50,686 INFO org.apache.hadoop.mapred.TaskTracker: attempt_201404121531_0001_m_000004_0 1.0% 
2014-04-12 15:33:50,687 INFO org.apache.hadoop.mapred.TaskTracker: attempt_201404121531_0001_m_000007_0 1.0% 
2014-04-12 15:33:50,688 INFO org.apache.hadoop.mapred.TaskTracker: Task attempt_201404121531_0001_m_000007_0 is done.
2014-04-12 15:33:52,286 INFO org.apache.hadoop.mapred.TaskTracker: reported output size for attempt_201404121531_0001_m_000007_0  was 52806609
2014-04-12 15:33:52,287 INFO org.apache.hadoop.mapred.TaskTracker: attempt_201404121531_0001_m_000000_0 1.0% 
2014-04-12 15:33:52,287 INFO org.apache.hadoop.mapred.TaskTracker: attempt_201404121531_0001_m_000009_0 1.0% 
2014-04-12 15:33:52,287 INFO org.apache.hadoop.mapred.TaskTracker: attempt_201404121531_0001_m_000001_0 1.0% 
2014-04-12 15:33:52,288 INFO org.apache.hadoop.mapred.TaskTracker: attempt_201404121531_0001_m_000003_0 1.0% 
2014-04-12 15:33:52,288 INFO org.apache.hadoop.mapred.TaskTracker: attempt_201404121531_0001_m_000011_0 1.0% 
2014-04-12 15:33:52,289 INFO org.apache.hadoop.mapred.TaskTracker: attempt_201404121531_0001_m_000006_0 1.0% 
2014-04-12 15:33:52,289 INFO org.apache.hadoop.mapred.TaskTracker: attempt_201404121531_0001_m_000010_0 1.0% 
2014-04-12 15:33:52,289 INFO org.apache.hadoop.mapred.TaskTracker: Task attempt_201404121531_0001_m_000004_0 is done.
2014-04-12 15:33:52,289 INFO org.apache.hadoop.mapred.TaskTracker: reported output size for attempt_201404121531_0001_m_000004_0  was 51961174
2014-04-12 15:33:52,290 INFO org.apache.hadoop.mapred.TaskTracker: addFreeSlot : current free slots : 4
2014-04-12 15:33:52,290 INFO org.apache.hadoop.mapred.TaskTracker: addFreeSlot : current free slots : 5
2014-04-12 15:33:52,290 INFO org.apache.hadoop.mapred.TaskTracker: attempt_201404121531_0001_m_000009_0 1.0% 
2014-04-12 15:33:52,291 INFO org.apache.hadoop.mapred.TaskTracker: attempt_201404121531_0001_m_000000_0 1.0% 
2014-04-12 15:33:52,291 INFO org.apache.hadoop.mapred.TaskTracker: attempt_201404121531_0001_m_000011_0 1.0% 
2014-04-12 15:33:52,292 INFO org.apache.hadoop.mapred.TaskTracker: attempt_201404121531_0001_m_000006_0 1.0% 
2014-04-12 15:33:52,293 INFO org.apache.hadoop.mapred.TaskTracker: Task attempt_201404121531_0001_m_000011_0 is done.
2014-04-12 15:33:52,293 INFO org.apache.hadoop.mapred.TaskTracker: reported output size for attempt_201404121531_0001_m_000011_0  was 51270104
2014-04-12 15:33:52,294 INFO org.apache.hadoop.mapred.TaskTracker: attempt_201404121531_0001_m_000010_0 1.0% 
2014-04-12 15:33:52,294 INFO org.apache.hadoop.mapred.TaskTracker: addFreeSlot : current free slots : 6
2014-04-12 15:33:52,294 INFO org.apache.hadoop.mapred.TaskTracker: Task attempt_201404121531_0001_m_000000_0 is done.
2014-04-12 15:33:52,295 INFO org.apache.hadoop.mapred.TaskTracker: reported output size for attempt_201404121531_0001_m_000000_0  was 52440243
2014-04-12 15:33:52,296 INFO org.apache.hadoop.mapred.TaskTracker: addFreeSlot : current free slots : 7
2014-04-12 15:33:52,296 INFO org.apache.hadoop.mapred.TaskTracker: Task attempt_201404121531_0001_m_000010_0 is done.
2014-04-12 15:33:52,296 INFO org.apache.hadoop.mapred.TaskTracker: reported output size for attempt_201404121531_0001_m_000010_0  was 52583539
2014-04-12 15:33:52,297 INFO org.apache.hadoop.mapred.TaskTracker: Task attempt_201404121531_0001_m_000006_0 is done.
2014-04-12 15:33:52,297 INFO org.apache.hadoop.mapred.TaskTracker: reported output size for attempt_201404121531_0001_m_000006_0  was 51759015
2014-04-12 15:33:52,297 INFO org.apache.hadoop.mapred.TaskTracker: addFreeSlot : current free slots : 8
2014-04-12 15:33:52,297 INFO org.apache.hadoop.mapred.TaskTracker: Task attempt_201404121531_0001_m_000009_0 is done.
2014-04-12 15:33:52,297 INFO org.apache.hadoop.mapred.TaskTracker: reported output size for attempt_201404121531_0001_m_000009_0  was 52197794
2014-04-12 15:33:52,297 INFO org.apache.hadoop.mapred.TaskTracker: addFreeSlot : current free slots : 9
2014-04-12 15:33:52,297 INFO org.apache.hadoop.mapred.TaskTracker: addFreeSlot : current free slots : 10
2014-04-12 15:33:52,306 INFO org.apache.hadoop.mapred.TaskTracker: LaunchTaskAction (registerTask): attempt_201404121531_0001_r_000001_0 task's state:UNASSIGNED
2014-04-12 15:33:52,307 INFO org.apache.hadoop.mapred.TaskTracker: Trying to launch : attempt_201404121531_0001_r_000001_0 which needs 1 slots
2014-04-12 15:33:52,307 INFO org.apache.hadoop.mapred.TaskTracker: In TaskLauncher, current free slots : 1 and trying to launch attempt_201404121531_0001_r_000001_0 which needs 1 slots
2014-04-12 15:33:52,311 INFO org.apache.hadoop.mapred.JvmManager: In JvmRunner constructed JVM ID: jvm_201404121531_0001_r_380810718
2014-04-12 15:33:52,311 INFO org.apache.hadoop.mapred.JvmManager: JVM Runner jvm_201404121531_0001_r_380810718 spawned.
2014-04-12 15:33:52,312 INFO org.apache.hadoop.mapred.TaskController: Writing commands to /tmp/hadoop/hadoop-jmg3/mapred/local/ttprivate/taskTracker/jmg3/jobcache/job_201404121531_0001/attempt_201404121531_0001_r_000001_0/taskjvm.sh
2014-04-12 15:33:52,636 INFO org.apache.hadoop.mapred.JvmManager: JVM : jvm_201404121531_0001_m_380810718 exited with exit code 0. Number of tasks it ran: 1
2014-04-12 15:33:52,781 INFO org.apache.hadoop.mapred.JvmManager: JVM : jvm_201404121531_0001_m_329735379 exited with exit code 0. Number of tasks it ran: 1
2014-04-12 15:33:52,781 INFO org.apache.hadoop.mapred.JvmManager: JVM : jvm_201404121531_0001_m_2134120026 exited with exit code 0. Number of tasks it ran: 1
2014-04-12 15:33:52,784 INFO org.apache.hadoop.mapred.JvmManager: JVM : jvm_201404121531_0001_m_2082382119 exited with exit code 0. Number of tasks it ran: 1
2014-04-12 15:33:52,784 INFO org.apache.hadoop.mapred.JvmManager: JVM : jvm_201404121531_0001_m_1101951176 exited with exit code 0. Number of tasks it ran: 1
2014-04-12 15:33:52,784 INFO org.apache.hadoop.mapred.JvmManager: JVM : jvm_201404121531_0001_m_486514775 exited with exit code 0. Number of tasks it ran: 1
2014-04-12 15:33:52,784 INFO org.apache.hadoop.mapred.JvmManager: JVM : jvm_201404121531_0001_m_1895951004 exited with exit code 0. Number of tasks it ran: 1
2014-04-12 15:33:52,927 INFO org.apache.hadoop.mapred.TaskTracker: JVM with ID: jvm_201404121531_0001_r_380810718 given task: attempt_201404121531_0001_r_000001_0
2014-04-12 15:33:55,292 INFO org.apache.hadoop.mapred.TaskTracker: attempt_201404121531_0001_m_000003_0 1.0% 
2014-04-12 15:33:55,292 INFO org.apache.hadoop.mapred.TaskTracker: attempt_201404121531_0001_m_000001_0 1.0% 
2014-04-12 15:33:55,293 INFO org.apache.hadoop.mapred.TaskTracker: Task attempt_201404121531_0001_m_000003_0 is done.
2014-04-12 15:33:55,293 INFO org.apache.hadoop.mapred.TaskTracker: reported output size for attempt_201404121531_0001_m_000003_0  was 52854458
2014-04-12 15:33:55,293 INFO org.apache.hadoop.mapred.TaskTracker: addFreeSlot : current free slots : 11
2014-04-12 15:33:55,293 INFO org.apache.hadoop.mapred.TaskTracker: Task attempt_201404121531_0001_m_000001_0 is done.
2014-04-12 15:33:55,293 INFO org.apache.hadoop.mapred.TaskTracker: reported output size for attempt_201404121531_0001_m_000001_0  was 52010659
2014-04-12 15:33:55,294 INFO org.apache.hadoop.mapred.TaskTracker: addFreeSlot : current free slots : 12
2014-04-12 15:33:55,603 INFO org.apache.hadoop.mapred.TaskTracker.clienttrace: src: 192.168.110.214:50061, dest: 192.168.110.214:57119, bytes: 25728181, op: MAPRED_SHUFFLE, cliID: attempt_201404121531_0001_m_000002_0, duration: 97564297
2014-04-12 15:33:55,894 INFO org.apache.hadoop.mapred.TaskTracker.clienttrace: src: 192.168.110.214:50061, dest: 192.168.110.214:57120, bytes: 25759086, op: MAPRED_SHUFFLE, cliID: attempt_201404121531_0001_m_000005_0, duration: 287937476
2014-04-12 15:33:56,241 INFO org.apache.hadoop.mapred.TaskTracker: attempt_201404121531_0001_r_000000_0 0.05555556% reduce > copy (2 of 12 at 8.18 MB/s) > 
2014-04-12 15:33:56,925 INFO org.apache.hadoop.mapred.TaskTracker.clienttrace: src: 192.168.110.214:50061, dest: 192.168.110.214:57121, bytes: 25848480, op: MAPRED_SHUFFLE, cliID: attempt_201404121531_0001_m_000008_0, duration: 1028322727
2014-04-12 15:33:57,917 INFO org.apache.hadoop.mapred.TaskTracker.clienttrace: src: 192.168.110.214:50061, dest: 192.168.110.214:57122, bytes: 26046374, op: MAPRED_SHUFFLE, cliID: attempt_201404121531_0001_m_000007_0, duration: 989979798
2014-04-12 15:33:58,688 INFO org.apache.hadoop.mapred.TaskTracker.clienttrace: src: 192.168.110.214:50061, dest: 192.168.110.214:57123, bytes: 26499094, op: MAPRED_SHUFFLE, cliID: attempt_201404121531_0001_m_000002_0, duration: 84134338
2014-04-12 15:33:58,973 INFO org.apache.hadoop.mapred.TaskTracker.clienttrace: src: 192.168.110.214:50061, dest: 192.168.110.214:57124, bytes: 26439772, op: MAPRED_SHUFFLE, cliID: attempt_201404121531_0001_m_000005_0, duration: 281702864
2014-04-12 15:33:59,279 INFO org.apache.hadoop.mapred.TaskTracker: attempt_201404121531_0001_r_000000_0 0.11111112% reduce > copy (4 of 12 at 12.32 MB/s) > 
2014-04-12 15:33:59,386 INFO org.apache.hadoop.mapred.TaskTracker: attempt_201404121531_0001_r_000001_0 0.05555556% reduce > copy (2 of 12 at 8.41 MB/s) > 
2014-04-12 15:33:59,452 INFO org.apache.hadoop.mapred.JvmManager: JVM : jvm_201404121531_0001_m_1271957890 exited with exit code 0. Number of tasks it ran: 1
2014-04-12 15:33:59,960 INFO org.apache.hadoop.mapred.TaskTracker.clienttrace: src: 192.168.110.214:50061, dest: 192.168.110.214:57125, bytes: 26641032, op: MAPRED_SHUFFLE, cliID: attempt_201404121531_0001_m_000008_0, duration: 984106361
2014-04-12 15:34:00,150 INFO org.apache.hadoop.mapred.JvmManager: JVM : jvm_201404121531_0001_m_1732341512 exited with exit code 0. Number of tasks it ran: 1
2014-04-12 15:34:00,986 INFO org.apache.hadoop.mapred.TaskTracker.clienttrace: src: 192.168.110.214:50061, dest: 192.168.110.214:57126, bytes: 26760235, op: MAPRED_SHUFFLE, cliID: attempt_201404121531_0001_m_000007_0, duration: 1024267233
2014-04-12 15:34:01,973 INFO org.apache.hadoop.mapred.TaskTracker.clienttrace: src: 192.168.110.214:50061, dest: 192.168.110.214:57127, bytes: 26616816, op: MAPRED_SHUFFLE, cliID: attempt_201404121531_0001_m_000000_0, duration: 984737293
2014-04-12 15:34:02,041 INFO org.apache.hadoop.mapred.TaskTracker.clienttrace: src: 192.168.110.214:50061, dest: 192.168.110.214:57128, bytes: 26391484, op: MAPRED_SHUFFLE, cliID: attempt_201404121531_0001_m_000001_0, duration: 66226693
2014-04-12 15:34:02,316 INFO org.apache.hadoop.mapred.TaskTracker: attempt_201404121531_0001_r_000000_0 0.11111112% reduce > copy (4 of 12 at 12.32 MB/s) > 
2014-04-12 15:34:02,421 INFO org.apache.hadoop.mapred.TaskTracker: attempt_201404121531_0001_r_000001_0 0.16666667% reduce > copy (6 of 12 at 16.89 MB/s) > 
2014-04-12 15:34:03,855 INFO org.apache.hadoop.mapred.TaskTracker.clienttrace: src: 192.168.110.214:50061, dest: 192.168.110.214:57129, bytes: 26773885, op: MAPRED_SHUFFLE, cliID: attempt_201404121531_0001_m_000003_0, duration: 1812935749
2014-04-12 15:34:04,021 INFO org.apache.hadoop.mapred.TaskTracker.clienttrace: src: 192.168.110.214:50061, dest: 192.168.110.214:57130, bytes: 25823427, op: MAPRED_SHUFFLE, cliID: attempt_201404121531_0001_m_000000_0, duration: 1052930305
2014-04-12 15:34:04,684 INFO org.apache.hadoop.mapred.TaskTracker.clienttrace: src: 192.168.110.214:50061, dest: 192.168.110.214:57132, bytes: 25619175, op: MAPRED_SHUFFLE, cliID: attempt_201404121531_0001_m_000001_0, duration: 660427106
2014-04-12 15:34:05,176 INFO org.apache.hadoop.mapred.TaskTracker.clienttrace: src: 192.168.110.214:50061, dest: 192.168.110.214:57131, bytes: 26385406, op: MAPRED_SHUFFLE, cliID: attempt_201404121531_0001_m_000004_0, duration: 1269100352
2014-04-12 15:34:05,458 INFO org.apache.hadoop.mapred.TaskTracker: attempt_201404121531_0001_r_000001_0 0.22222224% reduce > copy (8 of 12 at 16.89 MB/s) > 
2014-04-12 15:34:06,092 INFO org.apache.hadoop.mapred.TaskTracker.clienttrace: src: 192.168.110.214:50061, dest: 192.168.110.214:57132, bytes: 26080573, op: MAPRED_SHUFFLE, cliID: attempt_201404121531_0001_m_000003_0, duration: 1357212624
2014-04-12 15:34:06,834 INFO org.apache.hadoop.mapred.TaskTracker.clienttrace: src: 192.168.110.214:50061, dest: 192.168.110.214:57133, bytes: 26187206, op: MAPRED_SHUFFLE, cliID: attempt_201404121531_0001_m_000006_0, duration: 1605770346
2014-04-12 15:34:07,105 INFO org.apache.hadoop.mapred.TaskTracker.clienttrace: src: 192.168.110.214:50061, dest: 192.168.110.214:57134, bytes: 25575768, op: MAPRED_SHUFFLE, cliID: attempt_201404121531_0001_m_000004_0, duration: 1011634455
2014-04-12 15:34:08,133 INFO org.apache.hadoop.mapred.TaskTracker.clienttrace: src: 192.168.110.214:50061, dest: 192.168.110.214:57135, bytes: 26525068, op: MAPRED_SHUFFLE, cliID: attempt_201404121531_0001_m_000009_0, duration: 1248249035
2014-04-12 15:34:08,160 INFO org.apache.hadoop.mapred.TaskTracker.clienttrace: src: 192.168.110.214:50061, dest: 192.168.110.214:57134, bytes: 25571809, op: MAPRED_SHUFFLE, cliID: attempt_201404121531_0001_m_000006_0, duration: 1052271389
2014-04-12 15:34:08,351 INFO org.apache.hadoop.mapred.TaskTracker: attempt_201404121531_0001_r_000000_0 0.22222224% reduce > copy (8 of 12 at 11.58 MB/s) > 
2014-04-12 15:34:08,492 INFO org.apache.hadoop.mapred.TaskTracker: attempt_201404121531_0001_r_000001_0 0.2777778% reduce > copy (10 of 12 at 16.86 MB/s) > 
2014-04-12 15:34:11,274 INFO org.apache.hadoop.mapred.TaskTracker.clienttrace: src: 192.168.110.214:50061, dest: 192.168.110.214:57134, bytes: 25672726, op: MAPRED_SHUFFLE, cliID: attempt_201404121531_0001_m_000009_0, duration: 1026451753
2014-04-12 15:34:11,277 INFO org.apache.hadoop.mapred.TaskTracker.clienttrace: src: 192.168.110.214:50061, dest: 192.168.110.214:57135, bytes: 26699169, op: MAPRED_SHUFFLE, cliID: attempt_201404121531_0001_m_000010_0, duration: 3140362106
2014-04-12 15:34:11,386 INFO org.apache.hadoop.mapred.TaskTracker: attempt_201404121531_0001_r_000000_0 0.2777778% reduce > copy (10 of 12 at 11.70 MB/s) > 
2014-04-12 15:34:11,526 INFO org.apache.hadoop.mapred.TaskTracker: attempt_201404121531_0001_r_000001_0 0.30555558% reduce > copy (11 of 12 at 15.47 MB/s) > 
2014-04-12 15:34:12,289 INFO org.apache.hadoop.mapred.TaskTracker.clienttrace: src: 192.168.110.214:50061, dest: 192.168.110.214:57136, bytes: 25884370, op: MAPRED_SHUFFLE, cliID: attempt_201404121531_0001_m_000010_0, duration: 1013879066
2014-04-12 15:34:12,293 INFO org.apache.hadoop.mapred.TaskTracker.clienttrace: src: 192.168.110.214:50061, dest: 192.168.110.214:57135, bytes: 25959151, op: MAPRED_SHUFFLE, cliID: attempt_201404121531_0001_m_000011_0, duration: 1013636168
2014-04-12 15:34:12,471 INFO org.apache.hadoop.mapred.TaskTracker: attempt_201404121531_0001_r_000001_0 0.30555558% reduce > copy (11 of 12 at 15.47 MB/s) > 
2014-04-12 15:34:13,314 INFO org.apache.hadoop.mapred.TaskTracker.clienttrace: src: 192.168.110.214:50061, dest: 192.168.110.214:57137, bytes: 25310953, op: MAPRED_SHUFFLE, cliID: attempt_201404121531_0001_m_000011_0, duration: 1022826837
2014-04-12 15:34:13,334 INFO org.apache.hadoop.mapred.TaskTracker: attempt_201404121531_0001_r_000000_0 0.2777778% reduce > copy (10 of 12 at 11.70 MB/s) > 
2014-04-12 15:34:13,374 INFO org.apache.hadoop.mapred.TaskTracker: attempt_201404121531_0001_r_000001_0 0.30555558% reduce > copy (11 of 12 at 15.47 MB/s) > 
2014-04-12 15:34:14,196 INFO org.apache.hadoop.mapred.TaskTracker: attempt_201404121531_0001_r_000000_0 0.2777778% reduce > copy (10 of 12 at 11.70 MB/s) > 
2014-04-12 15:34:14,424 INFO org.apache.hadoop.mapred.TaskTracker: attempt_201404121531_0001_r_000000_0 0.66668653% reduce > reduce
2014-04-12 15:34:14,560 INFO org.apache.hadoop.mapred.TaskTracker: attempt_201404121531_0001_r_000001_0 0.66669124% reduce > reduce
2014-04-12 15:34:17,457 INFO org.apache.hadoop.mapred.TaskTracker: attempt_201404121531_0001_r_000000_0 0.66668653% reduce > reduce
2014-04-12 15:34:17,590 INFO org.apache.hadoop.mapred.TaskTracker: attempt_201404121531_0001_r_000001_0 0.66669124% reduce > reduce
2014-04-12 15:34:17,640 INFO org.apache.hadoop.mapred.TaskTracker: Task attempt_201404121531_0001_r_000000_0 is in commit-pending, task state:COMMIT_PENDING
2014-04-12 15:34:17,641 INFO org.apache.hadoop.mapred.TaskTracker: attempt_201404121531_0001_r_000000_0 0.66668653% reduce > reduce
2014-04-12 15:34:17,964 INFO org.apache.hadoop.mapred.TaskTracker: Task attempt_201404121531_0001_r_000001_0 is in commit-pending, task state:COMMIT_PENDING
2014-04-12 15:34:17,964 INFO org.apache.hadoop.mapred.TaskTracker: attempt_201404121531_0001_r_000001_0 0.66669124% reduce > reduce
2014-04-12 15:34:19,349 INFO org.apache.hadoop.mapred.TaskTracker: Received commit task action for attempt_201404121531_0001_r_000000_0
2014-04-12 15:34:19,349 INFO org.apache.hadoop.mapred.TaskTracker: Received commit task action for attempt_201404121531_0001_r_000001_0
2014-04-12 15:34:20,460 INFO org.apache.hadoop.mapred.TaskTracker: attempt_201404121531_0001_r_000000_0 0.66668653% reduce > reduce
2014-04-12 15:34:20,462 INFO org.apache.hadoop.mapred.TaskTracker: Task attempt_201404121531_0001_r_000000_0 is done.
2014-04-12 15:34:20,462 INFO org.apache.hadoop.mapred.TaskTracker: reported output size for attempt_201404121531_0001_r_000000_0  was -1
2014-04-12 15:34:20,463 INFO org.apache.hadoop.mapred.TaskTracker: addFreeSlot : current free slots : 1
2014-04-12 15:34:20,593 INFO org.apache.hadoop.mapred.TaskTracker: attempt_201404121531_0001_r_000001_0 0.66669124% reduce > reduce
2014-04-12 15:34:20,594 INFO org.apache.hadoop.mapred.TaskTracker: Task attempt_201404121531_0001_r_000001_0 is done.
2014-04-12 15:34:20,594 INFO org.apache.hadoop.mapred.TaskTracker: reported output size for attempt_201404121531_0001_r_000001_0  was -1
2014-04-12 15:34:20,595 INFO org.apache.hadoop.mapred.TaskTracker: addFreeSlot : current free slots : 2
2014-04-12 15:34:20,845 INFO org.apache.hadoop.mapred.JvmManager: JVM : jvm_201404121531_0001_r_1227837292 exited with exit code 0. Number of tasks it ran: 1
2014-04-12 15:34:20,846 INFO org.apache.hadoop.mapred.JvmManager: JVM : jvm_201404121531_0001_r_380810718 exited with exit code 0. Number of tasks it ran: 1
2014-04-12 15:34:22,364 INFO org.apache.hadoop.mapred.TaskTracker: LaunchTaskAction (registerTask): attempt_201404121531_0001_m_000012_0 task's state:UNASSIGNED
2014-04-12 15:34:22,364 INFO org.apache.hadoop.mapred.TaskTracker: Trying to launch : attempt_201404121531_0001_m_000012_0 which needs 1 slots
2014-04-12 15:34:22,364 INFO org.apache.hadoop.mapred.TaskTracker: Received KillTaskAction for task: attempt_201404121531_0001_r_000000_0
2014-04-12 15:34:22,399 INFO org.apache.hadoop.mapred.TaskTracker: In TaskLauncher, current free slots : 12 and trying to launch attempt_201404121531_0001_m_000012_0 which needs 1 slots
2014-04-12 15:34:22,399 INFO org.apache.hadoop.mapred.TaskTracker: About to purge task: attempt_201404121531_0001_r_000000_0
2014-04-12 15:34:22,400 INFO org.apache.hadoop.mapred.TaskTracker: Received KillTaskAction for task: attempt_201404121531_0001_r_000001_0
2014-04-12 15:34:22,400 INFO org.apache.hadoop.mapred.TaskTracker: About to purge task: attempt_201404121531_0001_r_000001_0
2014-04-12 15:34:22,405 INFO org.apache.hadoop.mapred.JvmManager: In JvmRunner constructed JVM ID: jvm_201404121531_0001_m_1068405899
2014-04-12 15:34:22,405 INFO org.apache.hadoop.mapred.JvmManager: JVM Runner jvm_201404121531_0001_m_1068405899 spawned.
2014-04-12 15:34:22,406 INFO org.apache.hadoop.mapred.TaskController: Writing commands to /tmp/hadoop/hadoop-jmg3/mapred/local/ttprivate/taskTracker/jmg3/jobcache/job_201404121531_0001/attempt_201404121531_0001_m_000012_0/taskjvm.sh
2014-04-12 15:34:23,015 INFO org.apache.hadoop.mapred.TaskTracker: JVM with ID: jvm_201404121531_0001_m_1068405899 given task: attempt_201404121531_0001_m_000012_0
2014-04-12 15:34:23,505 INFO org.apache.hadoop.mapred.TaskTracker: attempt_201404121531_0001_m_000012_0 0.0% 
2014-04-12 15:34:26,424 INFO org.apache.hadoop.mapred.TaskTracker: attempt_201404121531_0001_m_000012_0 0.0% cleanup
2014-04-12 15:34:26,425 INFO org.apache.hadoop.mapred.TaskTracker: Task attempt_201404121531_0001_m_000012_0 is done.
2014-04-12 15:34:26,425 INFO org.apache.hadoop.mapred.TaskTracker: reported output size for attempt_201404121531_0001_m_000012_0  was -1
2014-04-12 15:34:26,425 INFO org.apache.hadoop.mapred.TaskTracker: addFreeSlot : current free slots : 12
2014-04-12 15:34:26,578 INFO org.apache.hadoop.mapred.JvmManager: JVM : jvm_201404121531_0001_m_1068405899 exited with exit code 0. Number of tasks it ran: 1
2014-04-12 15:34:28,407 INFO org.apache.hadoop.mapred.TaskTracker: Received 'KillJobAction' for job: job_201404121531_0001
2014-04-12 15:34:28,408 INFO org.apache.hadoop.mapred.IndexCache: Map ID attempt_201404121531_0001_m_000012_0 not found in cache
2014-04-12 15:34:28,409 INFO org.apache.hadoop.mapred.UserLogCleaner: Adding job_201404121531_0001 for user-log deletion with retainTimeStamp:1397421268409
