2014-04-12 15:24:41,063 INFO org.apache.hadoop.mapred.TaskTracker: STARTUP_MSG: 
/************************************************************
STARTUP_MSG: Starting TaskTracker
STARTUP_MSG:   host = gpu-014.davinci.rice.edu/192.168.110.214
STARTUP_MSG:   args = []
STARTUP_MSG:   version = 1.0.4-SNAPSHOT
STARTUP_MSG:   build =  -r ; compiled by 'jmg3' on Fri Apr 11 17:54:37 CDT 2014
************************************************************/
2014-04-12 15:24:41,232 INFO org.apache.hadoop.metrics2.impl.MetricsConfig: loaded properties from hadoop-metrics2.properties
2014-04-12 15:24:41,288 INFO org.apache.hadoop.metrics2.impl.MetricsSourceAdapter: MBean for source MetricsSystem,sub=Stats registered.
2014-04-12 15:24:41,289 INFO org.apache.hadoop.metrics2.impl.MetricsSystemImpl: Scheduled snapshot period at 10 second(s).
2014-04-12 15:24:41,289 INFO org.apache.hadoop.metrics2.impl.MetricsSystemImpl: TaskTracker metrics system started
2014-04-12 15:24:41,444 INFO org.apache.hadoop.metrics2.impl.MetricsSourceAdapter: MBean for source ugi registered.
2014-04-12 15:24:41,617 INFO org.mortbay.log: Logging to org.slf4j.impl.Log4jLoggerAdapter(org.mortbay.log) via org.mortbay.log.Slf4jLog
2014-04-12 15:24:41,669 INFO org.apache.hadoop.http.HttpServer: Added global filtersafety (class=org.apache.hadoop.http.HttpServer$QuotingInputFilter)
2014-04-12 15:24:41,690 INFO org.apache.hadoop.mapred.TaskLogsTruncater: Initializing logs' truncater with mapRetainSize=-1 and reduceRetainSize=-1
2014-04-12 15:24:41,694 INFO org.apache.hadoop.mapred.TaskTracker: Starting tasktracker with owner as jmg3
2014-04-12 15:24:41,695 INFO org.apache.hadoop.mapred.TaskTracker: Good mapred local directories are: /tmp/hadoop/hadoop-jmg3/mapred/local
2014-04-12 15:24:41,699 WARN org.apache.hadoop.util.NativeCodeLoader: Unable to load native-hadoop library for your platform... using builtin-java classes where applicable
2014-04-12 15:24:41,705 INFO org.apache.hadoop.metrics2.impl.MetricsSourceAdapter: MBean for source jvm registered.
2014-04-12 15:24:41,706 INFO org.apache.hadoop.metrics2.impl.MetricsSourceAdapter: MBean for source TaskTrackerMetrics registered.
2014-04-12 15:24:41,719 INFO org.apache.hadoop.ipc.Server: Starting SocketReader
2014-04-12 15:24:41,720 INFO org.apache.hadoop.metrics2.impl.MetricsSourceAdapter: MBean for source RpcDetailedActivityForPort33381 registered.
2014-04-12 15:24:41,721 INFO org.apache.hadoop.metrics2.impl.MetricsSourceAdapter: MBean for source RpcActivityForPort33381 registered.
2014-04-12 15:24:41,723 INFO org.apache.hadoop.ipc.Server: IPC Server Responder: starting
2014-04-12 15:24:41,724 INFO org.apache.hadoop.ipc.Server: IPC Server listener on 33381: starting
2014-04-12 15:24:41,724 INFO org.apache.hadoop.ipc.Server: IPC Server handler 0 on 33381: starting
2014-04-12 15:24:41,725 INFO org.apache.hadoop.ipc.Server: IPC Server handler 1 on 33381: starting
2014-04-12 15:24:41,726 INFO org.apache.hadoop.ipc.Server: IPC Server handler 2 on 33381: starting
2014-04-12 15:24:41,726 INFO org.apache.hadoop.ipc.Server: IPC Server handler 3 on 33381: starting
2014-04-12 15:24:41,727 INFO org.apache.hadoop.ipc.Server: IPC Server handler 4 on 33381: starting
2014-04-12 15:24:41,727 INFO org.apache.hadoop.ipc.Server: IPC Server handler 5 on 33381: starting
2014-04-12 15:24:41,728 INFO org.apache.hadoop.ipc.Server: IPC Server handler 6 on 33381: starting
2014-04-12 15:24:41,729 INFO org.apache.hadoop.ipc.Server: IPC Server handler 7 on 33381: starting
2014-04-12 15:24:41,729 INFO org.apache.hadoop.ipc.Server: IPC Server handler 8 on 33381: starting
2014-04-12 15:24:41,730 INFO org.apache.hadoop.ipc.Server: IPC Server handler 9 on 33381: starting
2014-04-12 15:24:41,730 INFO org.apache.hadoop.ipc.Server: IPC Server handler 10 on 33381: starting
2014-04-12 15:24:41,730 INFO org.apache.hadoop.ipc.Server: IPC Server handler 11 on 33381: starting
2014-04-12 15:24:41,731 INFO org.apache.hadoop.ipc.Server: IPC Server handler 12 on 33381: starting
2014-04-12 15:24:41,731 INFO org.apache.hadoop.ipc.Server: IPC Server handler 13 on 33381: starting
2014-04-12 15:24:41,732 INFO org.apache.hadoop.ipc.Server: IPC Server handler 14 on 33381: starting
2014-04-12 15:24:41,732 INFO org.apache.hadoop.ipc.Server: IPC Server handler 15 on 33381: starting
2014-04-12 15:24:41,732 INFO org.apache.hadoop.ipc.Server: IPC Server handler 16 on 33381: starting
2014-04-12 15:24:41,733 INFO org.apache.hadoop.ipc.Server: IPC Server handler 17 on 33381: starting
2014-04-12 15:24:41,733 INFO org.apache.hadoop.ipc.Server: IPC Server handler 18 on 33381: starting
2014-04-12 15:24:41,734 INFO org.apache.hadoop.ipc.Server: IPC Server handler 19 on 33381: starting
2014-04-12 15:24:41,734 INFO org.apache.hadoop.ipc.Server: IPC Server handler 20 on 33381: starting
2014-04-12 15:24:41,734 INFO org.apache.hadoop.ipc.Server: IPC Server handler 21 on 33381: starting
2014-04-12 15:24:41,735 INFO org.apache.hadoop.mapred.TaskTracker: TaskTracker up at: localhost/127.0.0.1:33381
2014-04-12 15:24:41,735 INFO org.apache.hadoop.mapred.TaskTracker: Starting tracker tracker_gpu-014.davinci.rice.edu:localhost/127.0.0.1:33381
2014-04-12 15:24:41,735 INFO org.apache.hadoop.ipc.Server: IPC Server handler 22 on 33381: starting
2014-04-12 15:24:41,735 INFO org.apache.hadoop.ipc.Server: IPC Server handler 23 on 33381: starting
2014-04-12 15:24:41,774 INFO org.apache.hadoop.mapred.TaskTracker: Starting thread: Map-events fetcher for all reduce tasks on tracker_gpu-014.davinci.rice.edu:localhost/127.0.0.1:33381
2014-04-12 15:24:41,783 INFO org.apache.hadoop.util.ProcessTree: setsid exited with exit code 0
2014-04-12 15:24:41,786 INFO org.apache.hadoop.mapred.TaskTracker:  Using ResourceCalculatorPlugin : org.apache.hadoop.util.LinuxResourceCalculatorPlugin@238258f1
2014-04-12 15:24:41,789 WARN org.apache.hadoop.mapred.TaskTracker: TaskTracker's totalMemoryAllottedForTasks is -1. TaskMemoryManager is disabled.
2014-04-12 15:24:41,791 INFO org.apache.hadoop.mapred.IndexCache: IndexCache created with max memory = 10485760
2014-04-12 15:24:43,511 INFO org.apache.hadoop.metrics2.impl.MetricsSourceAdapter: MBean for source ShuffleServerMetrics registered.
2014-04-12 15:24:43,514 INFO org.apache.hadoop.http.HttpServer: Port returned by webServer.getConnectors()[0].getLocalPort() before open() is -1. Opening the listener on 50061
2014-04-12 15:24:43,514 INFO org.apache.hadoop.http.HttpServer: listener.getLocalPort() returned 50061 webServer.getConnectors()[0].getLocalPort() returned 50061
2014-04-12 15:24:43,514 INFO org.apache.hadoop.http.HttpServer: Jetty bound to port 50061
2014-04-12 15:24:43,514 INFO org.mortbay.log: jetty-6.1.26
2014-04-12 15:24:43,792 INFO org.mortbay.log: Started SelectChannelConnector@0.0.0.0:50061
2014-04-12 15:24:43,792 INFO org.apache.hadoop.mapred.TaskTracker: FILE_CACHE_SIZE for mapOutputServlet set to : 2000
2014-04-12 15:26:05,049 INFO org.apache.hadoop.mapred.TaskTracker: LaunchTaskAction (registerTask): attempt_201404121524_0001_m_000013_0 task's state:UNASSIGNED
2014-04-12 15:26:05,052 INFO org.apache.hadoop.mapred.TaskTracker: Trying to launch : attempt_201404121524_0001_m_000013_0 which needs 1 slots
2014-04-12 15:26:05,053 INFO org.apache.hadoop.mapred.TaskTracker: In TaskLauncher, current free slots : 12 and trying to launch attempt_201404121524_0001_m_000013_0 which needs 1 slots
2014-04-12 15:26:05,205 INFO org.apache.hadoop.mapred.JobLocalizer: Initializing user jmg3 on this TT.
2014-04-12 15:26:05,338 INFO org.apache.hadoop.mapred.JvmManager: In JvmRunner constructed JVM ID: jvm_201404121524_0001_m_1665476605
2014-04-12 15:26:05,338 INFO org.apache.hadoop.mapred.JvmManager: JVM Runner jvm_201404121524_0001_m_1665476605 spawned.
2014-04-12 15:26:05,340 INFO org.apache.hadoop.mapred.TaskController: Writing commands to /tmp/hadoop/hadoop-jmg3/mapred/local/ttprivate/taskTracker/jmg3/jobcache/job_201404121524_0001/attempt_201404121524_0001_m_000013_0/taskjvm.sh
2014-04-12 15:26:05,997 INFO org.apache.hadoop.mapred.TaskTracker: JVM with ID: jvm_201404121524_0001_m_1665476605 given task: attempt_201404121524_0001_m_000013_0
2014-04-12 15:26:09,430 INFO org.apache.hadoop.mapred.TaskTracker: attempt_201404121524_0001_m_000013_0 0.0% setup
2014-04-12 15:26:09,433 INFO org.apache.hadoop.mapred.TaskTracker: Task attempt_201404121524_0001_m_000013_0 is done.
2014-04-12 15:26:09,433 INFO org.apache.hadoop.mapred.TaskTracker: reported output size for attempt_201404121524_0001_m_000013_0  was -1
2014-04-12 15:26:09,434 INFO org.apache.hadoop.mapred.TaskTracker: addFreeSlot : current free slots : 12
2014-04-12 15:26:09,582 INFO org.apache.hadoop.mapred.JvmManager: JVM : jvm_201404121524_0001_m_1665476605 exited with exit code 0. Number of tasks it ran: 1
2014-04-12 15:26:11,078 INFO org.apache.hadoop.mapred.TaskTracker: LaunchTaskAction (registerTask): attempt_201404121524_0001_m_000000_0 task's state:UNASSIGNED
2014-04-12 15:26:11,079 INFO org.apache.hadoop.mapred.TaskTracker: LaunchTaskAction (registerTask): attempt_201404121524_0001_m_000001_0 task's state:UNASSIGNED
2014-04-12 15:26:11,079 INFO org.apache.hadoop.mapred.TaskTracker: LaunchTaskAction (registerTask): attempt_201404121524_0001_m_000002_0 task's state:UNASSIGNED
2014-04-12 15:26:11,080 INFO org.apache.hadoop.mapred.TaskTracker: LaunchTaskAction (registerTask): attempt_201404121524_0001_m_000003_0 task's state:UNASSIGNED
2014-04-12 15:26:11,080 INFO org.apache.hadoop.mapred.TaskTracker: LaunchTaskAction (registerTask): attempt_201404121524_0001_m_000004_0 task's state:UNASSIGNED
2014-04-12 15:26:11,081 INFO org.apache.hadoop.mapred.TaskTracker: LaunchTaskAction (registerTask): attempt_201404121524_0001_m_000005_0 task's state:UNASSIGNED
2014-04-12 15:26:11,081 INFO org.apache.hadoop.mapred.TaskTracker: LaunchTaskAction (registerTask): attempt_201404121524_0001_m_000006_0 task's state:UNASSIGNED
2014-04-12 15:26:11,081 INFO org.apache.hadoop.mapred.TaskTracker: LaunchTaskAction (registerTask): attempt_201404121524_0001_m_000007_0 task's state:UNASSIGNED
2014-04-12 15:26:11,082 INFO org.apache.hadoop.mapred.TaskTracker: LaunchTaskAction (registerTask): attempt_201404121524_0001_m_000008_0 task's state:UNASSIGNED
2014-04-12 15:26:11,082 INFO org.apache.hadoop.mapred.TaskTracker: LaunchTaskAction (registerTask): attempt_201404121524_0001_m_000009_0 task's state:UNASSIGNED
2014-04-12 15:26:11,083 INFO org.apache.hadoop.mapred.TaskTracker: LaunchTaskAction (registerTask): attempt_201404121524_0001_m_000010_0 task's state:UNASSIGNED
2014-04-12 15:26:11,083 INFO org.apache.hadoop.mapred.TaskTracker: LaunchTaskAction (registerTask): attempt_201404121524_0001_m_000011_0 task's state:UNASSIGNED
2014-04-12 15:26:11,083 INFO org.apache.hadoop.mapred.TaskTracker: Trying to launch : attempt_201404121524_0001_m_000000_0 which needs 1 slots
2014-04-12 15:26:11,083 INFO org.apache.hadoop.mapred.TaskTracker: In TaskLauncher, current free slots : 12 and trying to launch attempt_201404121524_0001_m_000000_0 which needs 1 slots
2014-04-12 15:26:11,083 INFO org.apache.hadoop.mapred.TaskTracker: Received KillTaskAction for task: attempt_201404121524_0001_m_000013_0
2014-04-12 15:26:11,084 INFO org.apache.hadoop.mapred.TaskTracker: About to purge task: attempt_201404121524_0001_m_000013_0
2014-04-12 15:26:11,084 INFO org.apache.hadoop.mapred.TaskTracker: Trying to launch : attempt_201404121524_0001_m_000001_0 which needs 1 slots
2014-04-12 15:26:11,084 INFO org.apache.hadoop.mapred.TaskTracker: In TaskLauncher, current free slots : 11 and trying to launch attempt_201404121524_0001_m_000001_0 which needs 1 slots
2014-04-12 15:26:11,084 INFO org.apache.hadoop.mapred.IndexCache: Map ID attempt_201404121524_0001_m_000013_0 not found in cache
2014-04-12 15:26:11,084 INFO org.apache.hadoop.mapred.TaskTracker: Trying to launch : attempt_201404121524_0001_m_000002_0 which needs 1 slots
2014-04-12 15:26:11,085 INFO org.apache.hadoop.mapred.TaskTracker: In TaskLauncher, current free slots : 10 and trying to launch attempt_201404121524_0001_m_000002_0 which needs 1 slots
2014-04-12 15:26:11,085 INFO org.apache.hadoop.mapred.TaskTracker: Trying to launch : attempt_201404121524_0001_m_000003_0 which needs 1 slots
2014-04-12 15:26:11,086 INFO org.apache.hadoop.mapred.TaskTracker: In TaskLauncher, current free slots : 9 and trying to launch attempt_201404121524_0001_m_000003_0 which needs 1 slots
2014-04-12 15:26:11,087 INFO org.apache.hadoop.mapred.TaskTracker: Trying to launch : attempt_201404121524_0001_m_000004_0 which needs 1 slots
2014-04-12 15:26:11,087 INFO org.apache.hadoop.mapred.TaskTracker: In TaskLauncher, current free slots : 8 and trying to launch attempt_201404121524_0001_m_000004_0 which needs 1 slots
2014-04-12 15:26:11,087 INFO org.apache.hadoop.mapred.TaskTracker: Trying to launch : attempt_201404121524_0001_m_000005_0 which needs 1 slots
2014-04-12 15:26:11,087 INFO org.apache.hadoop.mapred.TaskTracker: In TaskLauncher, current free slots : 7 and trying to launch attempt_201404121524_0001_m_000005_0 which needs 1 slots
2014-04-12 15:26:11,088 INFO org.apache.hadoop.mapred.TaskTracker: Trying to launch : attempt_201404121524_0001_m_000006_0 which needs 1 slots
2014-04-12 15:26:11,088 INFO org.apache.hadoop.mapred.TaskTracker: In TaskLauncher, current free slots : 6 and trying to launch attempt_201404121524_0001_m_000006_0 which needs 1 slots
2014-04-12 15:26:11,090 INFO org.apache.hadoop.mapred.TaskTracker: Trying to launch : attempt_201404121524_0001_m_000007_0 which needs 1 slots
2014-04-12 15:26:11,090 INFO org.apache.hadoop.mapred.TaskTracker: In TaskLauncher, current free slots : 5 and trying to launch attempt_201404121524_0001_m_000007_0 which needs 1 slots
2014-04-12 15:26:11,092 INFO org.apache.hadoop.mapred.TaskTracker: Trying to launch : attempt_201404121524_0001_m_000008_0 which needs 1 slots
2014-04-12 15:26:11,092 INFO org.apache.hadoop.mapred.TaskTracker: In TaskLauncher, current free slots : 4 and trying to launch attempt_201404121524_0001_m_000008_0 which needs 1 slots
2014-04-12 15:26:11,092 INFO org.apache.hadoop.mapred.TaskTracker: Trying to launch : attempt_201404121524_0001_m_000009_0 which needs 1 slots
2014-04-12 15:26:11,092 INFO org.apache.hadoop.mapred.TaskTracker: In TaskLauncher, current free slots : 3 and trying to launch attempt_201404121524_0001_m_000009_0 which needs 1 slots
2014-04-12 15:26:11,093 INFO org.apache.hadoop.mapred.TaskTracker: Trying to launch : attempt_201404121524_0001_m_000010_0 which needs 1 slots
2014-04-12 15:26:11,094 INFO org.apache.hadoop.mapred.TaskTracker: In TaskLauncher, current free slots : 2 and trying to launch attempt_201404121524_0001_m_000010_0 which needs 1 slots
2014-04-12 15:26:11,096 INFO org.apache.hadoop.mapred.TaskTracker: Trying to launch : attempt_201404121524_0001_m_000011_0 which needs 1 slots
2014-04-12 15:26:11,097 INFO org.apache.hadoop.mapred.TaskTracker: In TaskLauncher, current free slots : 1 and trying to launch attempt_201404121524_0001_m_000011_0 which needs 1 slots
2014-04-12 15:26:11,101 INFO org.apache.hadoop.mapred.JvmManager: In JvmRunner constructed JVM ID: jvm_201404121524_0001_m_1485204346
2014-04-12 15:26:11,103 INFO org.apache.hadoop.mapred.JvmManager: JVM Runner jvm_201404121524_0001_m_1485204346 spawned.
2014-04-12 15:26:11,104 INFO org.apache.hadoop.mapred.JvmManager: In JvmRunner constructed JVM ID: jvm_201404121524_0001_m_2020485682
2014-04-12 15:26:11,105 INFO org.apache.hadoop.mapred.JvmManager: JVM Runner jvm_201404121524_0001_m_2020485682 spawned.
2014-04-12 15:26:11,105 INFO org.apache.hadoop.mapred.JvmManager: In JvmRunner constructed JVM ID: jvm_201404121524_0001_m_721112038
2014-04-12 15:26:11,106 INFO org.apache.hadoop.mapred.TaskController: Writing commands to /tmp/hadoop/hadoop-jmg3/mapred/local/ttprivate/taskTracker/jmg3/jobcache/job_201404121524_0001/attempt_201404121524_0001_m_000000_0/taskjvm.sh
2014-04-12 15:26:11,107 INFO org.apache.hadoop.mapred.TaskController: Writing commands to /tmp/hadoop/hadoop-jmg3/mapred/local/ttprivate/taskTracker/jmg3/jobcache/job_201404121524_0001/attempt_201404121524_0001_m_000001_0/taskjvm.sh
2014-04-12 15:26:11,107 INFO org.apache.hadoop.mapred.JvmManager: JVM Runner jvm_201404121524_0001_m_721112038 spawned.
2014-04-12 15:26:11,107 INFO org.apache.hadoop.mapred.JvmManager: In JvmRunner constructed JVM ID: jvm_201404121524_0001_m_1382928363
2014-04-12 15:26:11,108 INFO org.apache.hadoop.mapred.JvmManager: JVM Runner jvm_201404121524_0001_m_1382928363 spawned.
2014-04-12 15:26:11,109 INFO org.apache.hadoop.mapred.JvmManager: In JvmRunner constructed JVM ID: jvm_201404121524_0001_m_1573105504
2014-04-12 15:26:11,109 INFO org.apache.hadoop.mapred.JvmManager: JVM Runner jvm_201404121524_0001_m_1573105504 spawned.
2014-04-12 15:26:11,110 INFO org.apache.hadoop.mapred.JvmManager: In JvmRunner constructed JVM ID: jvm_201404121524_0001_m_2024370148
2014-04-12 15:26:11,111 INFO org.apache.hadoop.mapred.TaskController: Writing commands to /tmp/hadoop/hadoop-jmg3/mapred/local/ttprivate/taskTracker/jmg3/jobcache/job_201404121524_0001/attempt_201404121524_0001_m_000004_0/taskjvm.sh
2014-04-12 15:26:11,112 INFO org.apache.hadoop.mapred.JvmManager: JVM Runner jvm_201404121524_0001_m_2024370148 spawned.
2014-04-12 15:26:11,112 INFO org.apache.hadoop.mapred.TaskController: Writing commands to /tmp/hadoop/hadoop-jmg3/mapred/local/ttprivate/taskTracker/jmg3/jobcache/job_201404121524_0001/attempt_201404121524_0001_m_000002_0/taskjvm.sh
2014-04-12 15:26:11,112 INFO org.apache.hadoop.mapred.JvmManager: In JvmRunner constructed JVM ID: jvm_201404121524_0001_m_1955731916
2014-04-12 15:26:11,112 INFO org.apache.hadoop.mapred.TaskController: Writing commands to /tmp/hadoop/hadoop-jmg3/mapred/local/ttprivate/taskTracker/jmg3/jobcache/job_201404121524_0001/attempt_201404121524_0001_m_000003_0/taskjvm.sh
2014-04-12 15:26:11,112 INFO org.apache.hadoop.mapred.JvmManager: JVM Runner jvm_201404121524_0001_m_1955731916 spawned.
2014-04-12 15:26:11,113 INFO org.apache.hadoop.mapred.JvmManager: In JvmRunner constructed JVM ID: jvm_201404121524_0001_m_1551992790
2014-04-12 15:26:11,113 INFO org.apache.hadoop.mapred.JvmManager: JVM Runner jvm_201404121524_0001_m_1551992790 spawned.
2014-04-12 15:26:11,113 INFO org.apache.hadoop.mapred.JvmManager: In JvmRunner constructed JVM ID: jvm_201404121524_0001_m_214288686
2014-04-12 15:26:11,113 INFO org.apache.hadoop.mapred.JvmManager: JVM Runner jvm_201404121524_0001_m_214288686 spawned.
2014-04-12 15:26:11,114 INFO org.apache.hadoop.mapred.JvmManager: In JvmRunner constructed JVM ID: jvm_201404121524_0001_m_343146589
2014-04-12 15:26:11,114 INFO org.apache.hadoop.mapred.TaskController: Writing commands to /tmp/hadoop/hadoop-jmg3/mapred/local/ttprivate/taskTracker/jmg3/jobcache/job_201404121524_0001/attempt_201404121524_0001_m_000008_0/taskjvm.sh
2014-04-12 15:26:11,114 INFO org.apache.hadoop.mapred.JvmManager: JVM Runner jvm_201404121524_0001_m_343146589 spawned.
2014-04-12 15:26:11,114 INFO org.apache.hadoop.mapred.TaskController: Writing commands to /tmp/hadoop/hadoop-jmg3/mapred/local/ttprivate/taskTracker/jmg3/jobcache/job_201404121524_0001/attempt_201404121524_0001_m_000010_0/taskjvm.sh
2014-04-12 15:26:11,114 INFO org.apache.hadoop.mapred.JvmManager: In JvmRunner constructed JVM ID: jvm_201404121524_0001_m_1713232831
2014-04-12 15:26:11,114 INFO org.apache.hadoop.mapred.JvmManager: JVM Runner jvm_201404121524_0001_m_1713232831 spawned.
2014-04-12 15:26:11,115 INFO org.apache.hadoop.mapred.TaskController: Writing commands to /tmp/hadoop/hadoop-jmg3/mapred/local/ttprivate/taskTracker/jmg3/jobcache/job_201404121524_0001/attempt_201404121524_0001_m_000011_0/taskjvm.sh
2014-04-12 15:26:11,115 INFO org.apache.hadoop.mapred.TaskController: Writing commands to /tmp/hadoop/hadoop-jmg3/mapred/local/ttprivate/taskTracker/jmg3/jobcache/job_201404121524_0001/attempt_201404121524_0001_m_000006_0/taskjvm.sh
2014-04-12 15:26:11,116 INFO org.apache.hadoop.mapred.TaskController: Writing commands to /tmp/hadoop/hadoop-jmg3/mapred/local/ttprivate/taskTracker/jmg3/jobcache/job_201404121524_0001/attempt_201404121524_0001_m_000005_0/taskjvm.sh
2014-04-12 15:26:11,125 INFO org.apache.hadoop.mapred.JvmManager: In JvmRunner constructed JVM ID: jvm_201404121524_0001_m_1719315337
2014-04-12 15:26:11,126 INFO org.apache.hadoop.mapred.JvmManager: JVM Runner jvm_201404121524_0001_m_1719315337 spawned.
2014-04-12 15:26:11,131 INFO org.apache.hadoop.mapred.TaskController: Writing commands to /tmp/hadoop/hadoop-jmg3/mapred/local/ttprivate/taskTracker/jmg3/jobcache/job_201404121524_0001/attempt_201404121524_0001_m_000009_0/taskjvm.sh
2014-04-12 15:26:11,137 INFO org.apache.hadoop.mapred.TaskController: Writing commands to /tmp/hadoop/hadoop-jmg3/mapred/local/ttprivate/taskTracker/jmg3/jobcache/job_201404121524_0001/attempt_201404121524_0001_m_000007_0/taskjvm.sh
2014-04-12 15:26:12,137 INFO org.apache.hadoop.mapred.TaskTracker: JVM with ID: jvm_201404121524_0001_m_2024370148 given task: attempt_201404121524_0001_m_000008_0
2014-04-12 15:26:12,165 INFO org.apache.hadoop.mapred.TaskTracker: JVM with ID: jvm_201404121524_0001_m_721112038 given task: attempt_201404121524_0001_m_000004_0
2014-04-12 15:26:12,168 INFO org.apache.hadoop.mapred.TaskTracker: JVM with ID: jvm_201404121524_0001_m_1382928363 given task: attempt_201404121524_0001_m_000003_0
2014-04-12 15:26:12,179 INFO org.apache.hadoop.mapred.TaskTracker: JVM with ID: jvm_201404121524_0001_m_1955731916 given task: attempt_201404121524_0001_m_000010_0
2014-04-12 15:26:12,182 INFO org.apache.hadoop.mapred.TaskTracker: JVM with ID: jvm_201404121524_0001_m_1573105504 given task: attempt_201404121524_0001_m_000002_0
2014-04-12 15:26:12,206 INFO org.apache.hadoop.mapred.TaskTracker: JVM with ID: jvm_201404121524_0001_m_2020485682 given task: attempt_201404121524_0001_m_000001_0
2014-04-12 15:26:12,207 INFO org.apache.hadoop.mapred.TaskTracker: JVM with ID: jvm_201404121524_0001_m_1551992790 given task: attempt_201404121524_0001_m_000011_0
2014-04-12 15:26:12,221 INFO org.apache.hadoop.mapred.TaskTracker: JVM with ID: jvm_201404121524_0001_m_1719315337 given task: attempt_201404121524_0001_m_000007_0
2014-04-12 15:26:12,244 INFO org.apache.hadoop.mapred.TaskTracker: JVM with ID: jvm_201404121524_0001_m_343146589 given task: attempt_201404121524_0001_m_000005_0
2014-04-12 15:26:12,268 INFO org.apache.hadoop.mapred.TaskTracker: JVM with ID: jvm_201404121524_0001_m_1485204346 given task: attempt_201404121524_0001_m_000000_0
2014-04-12 15:26:12,285 INFO org.apache.hadoop.mapred.TaskTracker: JVM with ID: jvm_201404121524_0001_m_214288686 given task: attempt_201404121524_0001_m_000006_0
2014-04-12 15:26:12,294 INFO org.apache.hadoop.mapred.TaskTracker: JVM with ID: jvm_201404121524_0001_m_1713232831 given task: attempt_201404121524_0001_m_000009_0
2014-04-12 15:26:19,386 INFO org.apache.hadoop.mapred.TaskTracker: attempt_201404121524_0001_m_000008_0 0.49639767% 
2014-04-12 15:26:19,494 INFO org.apache.hadoop.mapred.TaskTracker: attempt_201404121524_0001_m_000010_0 0.14956956% 
2014-04-12 15:26:19,877 INFO org.apache.hadoop.mapred.TaskTracker: attempt_201404121524_0001_m_000007_0 0.16050093% 
2014-04-12 15:26:22,501 INFO org.apache.hadoop.mapred.TaskTracker: attempt_201404121524_0001_m_000011_0 0.25209743% 
2014-04-12 15:26:22,546 INFO org.apache.hadoop.mapred.TaskTracker: attempt_201404121524_0001_m_000004_0 0.2510395% 
2014-04-12 15:26:22,611 INFO org.apache.hadoop.mapred.TaskTracker: attempt_201404121524_0001_m_000008_0 0.60960627% 
2014-04-12 15:26:22,628 INFO org.apache.hadoop.mapred.TaskTracker: attempt_201404121524_0001_m_000009_0 0.21496694% 
2014-04-12 15:26:22,636 INFO org.apache.hadoop.mapred.TaskTracker: attempt_201404121524_0001_m_000003_0 0.2499948% 
2014-04-12 15:26:22,661 INFO org.apache.hadoop.mapred.TaskTracker: attempt_201404121524_0001_m_000005_0 0.25096765% 
2014-04-12 15:26:22,692 INFO org.apache.hadoop.mapred.TaskTracker: attempt_201404121524_0001_m_000010_0 0.33499545% 
2014-04-12 15:26:22,716 INFO org.apache.hadoop.mapred.TaskTracker: attempt_201404121524_0001_m_000001_0 0.25091934% 
2014-04-12 15:26:22,736 INFO org.apache.hadoop.mapred.TaskTracker: attempt_201404121524_0001_m_000006_0 0.25164226% 
2014-04-12 15:26:22,786 INFO org.apache.hadoop.mapred.TaskTracker: attempt_201404121524_0001_m_000000_0 0.24998532% 
2014-04-12 15:26:22,867 INFO org.apache.hadoop.mapred.TaskTracker: attempt_201404121524_0001_m_000002_0 0.2591782% 
2014-04-12 15:26:23,149 INFO org.apache.hadoop.mapred.TaskTracker: attempt_201404121524_0001_m_000007_0 0.34030452% 
2014-04-12 15:26:25,932 INFO org.apache.hadoop.mapred.TaskTracker: attempt_201404121524_0001_m_000004_0 0.35785213% 
2014-04-12 15:26:25,934 INFO org.apache.hadoop.mapred.TaskTracker: attempt_201404121524_0001_m_000011_0 0.33358118% 
2014-04-12 15:26:25,949 INFO org.apache.hadoop.mapred.TaskTracker: attempt_201404121524_0001_m_000008_0 0.7241302% 
2014-04-12 15:26:26,047 INFO org.apache.hadoop.mapred.TaskTracker: attempt_201404121524_0001_m_000009_0 0.32644343% 
2014-04-12 15:26:26,076 INFO org.apache.hadoop.mapred.TaskTracker: attempt_201404121524_0001_m_000003_0 0.36493993% 
2014-04-12 15:26:26,090 INFO org.apache.hadoop.mapred.TaskTracker: attempt_201404121524_0001_m_000005_0 0.30178213% 
2014-04-12 15:26:26,140 INFO org.apache.hadoop.mapred.TaskTracker: attempt_201404121524_0001_m_000010_0 0.43511868% 
2014-04-12 15:26:26,140 INFO org.apache.hadoop.mapred.TaskTracker: attempt_201404121524_0001_m_000001_0 0.33919647% 
2014-04-12 15:26:26,158 INFO org.apache.hadoop.mapred.TaskTracker: attempt_201404121524_0001_m_000000_0 0.31311148% 
2014-04-12 15:26:26,178 INFO org.apache.hadoop.mapred.TaskTracker: attempt_201404121524_0001_m_000006_0 0.34488776% 
2014-04-12 15:26:26,308 INFO org.apache.hadoop.mapred.TaskTracker: attempt_201404121524_0001_m_000002_0 0.35855117% 
2014-04-12 15:26:26,450 INFO org.apache.hadoop.mapred.TaskTracker: attempt_201404121524_0001_m_000007_0 0.421233% 
2014-04-12 15:26:29,393 INFO org.apache.hadoop.mapred.TaskTracker: attempt_201404121524_0001_m_000004_0 0.4385902% 
2014-04-12 15:26:29,746 INFO org.apache.hadoop.mapred.TaskTracker: attempt_201404121524_0001_m_000000_0 0.3985811% 
2014-04-12 15:26:29,747 INFO org.apache.hadoop.mapred.TaskTracker: attempt_201404121524_0001_m_000008_0 0.8228719% 
2014-04-12 15:26:29,748 INFO org.apache.hadoop.mapred.TaskTracker: attempt_201404121524_0001_m_000001_0 0.43750358% 
2014-04-12 15:26:29,748 INFO org.apache.hadoop.mapred.TaskTracker: attempt_201404121524_0001_m_000003_0 0.47285566% 
2014-04-12 15:26:29,749 INFO org.apache.hadoop.mapred.TaskTracker: attempt_201404121524_0001_m_000009_0 0.3877047% 
2014-04-12 15:26:29,750 INFO org.apache.hadoop.mapred.TaskTracker: attempt_201404121524_0001_m_000011_0 0.42428857% 
2014-04-12 15:26:29,848 INFO org.apache.hadoop.mapred.TaskTracker: attempt_201404121524_0001_m_000007_0 0.51819485% 
2014-04-12 15:26:29,872 INFO org.apache.hadoop.mapred.TaskTracker: attempt_201404121524_0001_m_000002_0 0.4390753% 
2014-04-12 15:26:29,922 INFO org.apache.hadoop.mapred.TaskTracker: attempt_201404121524_0001_m_000006_0 0.44189632% 
2014-04-12 15:26:30,504 INFO org.apache.hadoop.mapred.TaskTracker: attempt_201404121524_0001_m_000010_0 0.53302985% 
2014-04-12 15:26:30,980 INFO org.apache.hadoop.mapred.TaskTracker: attempt_201404121524_0001_m_000005_0 0.395703% 
2014-04-12 15:26:33,140 INFO org.apache.hadoop.mapred.TaskTracker: attempt_201404121524_0001_m_000003_0 0.5536057% 
2014-04-12 15:26:33,159 INFO org.apache.hadoop.mapred.TaskTracker: attempt_201404121524_0001_m_000001_0 0.5300242% 
2014-04-12 15:26:33,159 INFO org.apache.hadoop.mapred.TaskTracker: attempt_201404121524_0001_m_000009_0 0.43318793% 
2014-04-12 15:26:33,162 INFO org.apache.hadoop.mapred.TaskTracker: attempt_201404121524_0001_m_000011_0 0.5184122% 
2014-04-12 15:26:33,258 INFO org.apache.hadoop.mapred.TaskTracker: attempt_201404121524_0001_m_000000_0 0.48627055% 
2014-04-12 15:26:33,301 INFO org.apache.hadoop.mapred.TaskTracker: attempt_201404121524_0001_m_000007_0 0.5800557% 
2014-04-12 15:26:33,885 INFO org.apache.hadoop.mapred.TaskTracker: attempt_201404121524_0001_m_000008_0 0.9046707% 
2014-04-12 15:26:33,960 INFO org.apache.hadoop.mapred.TaskTracker: attempt_201404121524_0001_m_000010_0 0.61216664% 
2014-04-12 15:26:34,334 INFO org.apache.hadoop.mapred.TaskTracker: attempt_201404121524_0001_m_000005_0 0.4841052% 
2014-04-12 15:26:34,447 INFO org.apache.hadoop.mapred.TaskTracker: attempt_201404121524_0001_m_000004_0 0.5300887% 
2014-04-12 15:26:34,499 INFO org.apache.hadoop.mapred.TaskTracker: attempt_201404121524_0001_m_000002_0 0.53388935% 
2014-04-12 15:26:34,566 INFO org.apache.hadoop.mapred.TaskTracker: attempt_201404121524_0001_m_000006_0 0.5353483% 
2014-04-12 15:26:36,471 INFO org.apache.hadoop.mapred.TaskTracker: attempt_201404121524_0001_m_000009_0 0.51929003% 
2014-04-12 15:26:36,499 INFO org.apache.hadoop.mapred.TaskTracker: attempt_201404121524_0001_m_000001_0 0.61818385% 
2014-04-12 15:26:36,548 INFO org.apache.hadoop.mapred.TaskTracker: attempt_201404121524_0001_m_000011_0 0.58502376% 
2014-04-12 15:26:36,598 INFO org.apache.hadoop.mapred.TaskTracker: attempt_201404121524_0001_m_000003_0 0.65229404% 
2014-04-12 15:26:36,630 INFO org.apache.hadoop.mapred.TaskTracker: attempt_201404121524_0001_m_000000_0 0.55682266% 
2014-04-12 15:26:37,325 INFO org.apache.hadoop.mapred.TaskTracker: attempt_201404121524_0001_m_000008_0 0.9968096% 
2014-04-12 15:26:37,367 INFO org.apache.hadoop.mapred.TaskTracker: attempt_201404121524_0001_m_000010_0 0.6839364% 
2014-04-12 15:26:37,530 INFO org.apache.hadoop.mapred.TaskTracker: attempt_201404121524_0001_m_000007_0 0.6594693% 
2014-04-12 15:26:37,874 INFO org.apache.hadoop.mapred.TaskTracker: attempt_201404121524_0001_m_000002_0 0.6296863% 
2014-04-12 15:26:37,884 INFO org.apache.hadoop.mapred.TaskTracker: attempt_201404121524_0001_m_000005_0 0.53048676% 
2014-04-12 15:26:37,887 INFO org.apache.hadoop.mapred.TaskTracker: attempt_201404121524_0001_m_000004_0 0.62103415% 
2014-04-12 15:26:37,893 INFO org.apache.hadoop.mapred.TaskTracker: attempt_201404121524_0001_m_000006_0 0.6275349% 
2014-04-12 15:26:39,830 INFO org.apache.hadoop.mapred.TaskTracker: attempt_201404121524_0001_m_000009_0 0.56085396% 
2014-04-12 15:26:39,848 INFO org.apache.hadoop.mapred.TaskTracker: attempt_201404121524_0001_m_000001_0 0.71619916% 
2014-04-12 15:26:39,901 INFO org.apache.hadoop.mapred.TaskTracker: attempt_201404121524_0001_m_000011_0 0.68193537% 
2014-04-12 15:26:39,920 INFO org.apache.hadoop.mapred.TaskTracker: attempt_201404121524_0001_m_000003_0 0.7425868% 
2014-04-12 15:26:40,408 INFO org.apache.hadoop.mapred.TaskTracker: attempt_201404121524_0001_m_000000_0 0.66592574% 
2014-04-12 15:26:40,705 INFO org.apache.hadoop.mapred.TaskTracker: attempt_201404121524_0001_m_000008_0 1.0% 
2014-04-12 15:26:40,953 INFO org.apache.hadoop.mapred.TaskTracker: attempt_201404121524_0001_m_000007_0 0.76995975% 
2014-04-12 15:26:41,251 INFO org.apache.hadoop.mapred.TaskTracker: attempt_201404121524_0001_m_000005_0 0.6226553% 
2014-04-12 15:26:41,268 INFO org.apache.hadoop.mapred.TaskTracker: attempt_201404121524_0001_m_000002_0 0.7313102% 
2014-04-12 15:26:41,269 INFO org.apache.hadoop.mapred.TaskTracker: attempt_201404121524_0001_m_000006_0 0.71509546% 
2014-04-12 15:26:41,284 INFO org.apache.hadoop.mapred.TaskTracker: attempt_201404121524_0001_m_000004_0 0.7085724% 
2014-04-12 15:26:41,312 INFO org.apache.hadoop.mapred.TaskTracker: attempt_201404121524_0001_m_000010_0 0.7860378% 
2014-04-12 15:26:43,099 INFO org.apache.hadoop.mapred.TaskTracker: attempt_201404121524_0001_m_000001_0 0.8176581% 
2014-04-12 15:26:43,112 INFO org.apache.hadoop.mapred.TaskTracker: attempt_201404121524_0001_m_000009_0 0.6501022% 
2014-04-12 15:26:43,217 INFO org.apache.hadoop.mapred.TaskTracker: attempt_201404121524_0001_m_000003_0 0.8473394% 
2014-04-12 15:26:43,325 INFO org.apache.hadoop.mapred.TaskTracker: attempt_201404121524_0001_m_000011_0 0.80807734% 
2014-04-12 15:26:43,780 INFO org.apache.hadoop.mapred.TaskTracker: attempt_201404121524_0001_m_000000_0 0.7765242% 
2014-04-12 15:26:44,071 INFO org.apache.hadoop.mapred.TaskTracker: attempt_201404121524_0001_m_000008_0 1.0% 
2014-04-12 15:26:44,318 INFO org.apache.hadoop.mapred.TaskTracker: attempt_201404121524_0001_m_000007_0 0.8696703% 
2014-04-12 15:26:44,610 INFO org.apache.hadoop.mapred.TaskTracker: attempt_201404121524_0001_m_000005_0 0.7212035% 
2014-04-12 15:26:44,622 INFO org.apache.hadoop.mapred.TaskTracker: attempt_201404121524_0001_m_000002_0 0.8317311% 
2014-04-12 15:26:44,640 INFO org.apache.hadoop.mapred.TaskTracker: attempt_201404121524_0001_m_000006_0 0.81207424% 
2014-04-12 15:26:44,644 INFO org.apache.hadoop.mapred.TaskTracker: attempt_201404121524_0001_m_000010_0 0.8896051% 
2014-04-12 15:26:44,649 INFO org.apache.hadoop.mapred.TaskTracker: attempt_201404121524_0001_m_000004_0 0.80046326% 
2014-04-12 15:26:46,388 INFO org.apache.hadoop.mapred.TaskTracker: attempt_201404121524_0001_m_000009_0 0.7309978% 
2014-04-12 15:26:46,547 INFO org.apache.hadoop.mapred.TaskTracker: attempt_201404121524_0001_m_000003_0 0.9274165% 
2014-04-12 15:26:46,598 INFO org.apache.hadoop.mapred.TaskTracker: attempt_201404121524_0001_m_000011_0 0.89524215% 
2014-04-12 15:26:47,056 INFO org.apache.hadoop.mapred.TaskTracker: attempt_201404121524_0001_m_000001_0 0.91075855% 
2014-04-12 15:26:47,137 INFO org.apache.hadoop.mapred.TaskTracker: attempt_201404121524_0001_m_000000_0 0.88161725% 
2014-04-12 15:26:47,462 INFO org.apache.hadoop.mapred.TaskTracker: attempt_201404121524_0001_m_000008_0 1.0% 
2014-04-12 15:26:47,655 INFO org.apache.hadoop.mapred.TaskTracker: attempt_201404121524_0001_m_000007_0 0.9395114% 
2014-04-12 15:26:47,919 INFO org.apache.hadoop.mapred.TaskTracker: attempt_201404121524_0001_m_000005_0 0.8081085% 
2014-04-12 15:26:48,005 INFO org.apache.hadoop.mapred.TaskTracker: attempt_201404121524_0001_m_000006_0 0.90041566% 
2014-04-12 15:26:48,047 INFO org.apache.hadoop.mapred.TaskTracker: attempt_201404121524_0001_m_000010_0 0.94848084% 
2014-04-12 15:26:48,082 INFO org.apache.hadoop.mapred.TaskTracker: attempt_201404121524_0001_m_000004_0 0.8855204% 
2014-04-12 15:26:48,118 INFO org.apache.hadoop.mapred.TaskTracker: attempt_201404121524_0001_m_000002_0 0.91031474% 
2014-04-12 15:26:49,555 INFO org.apache.hadoop.mapred.TaskTracker: attempt_201404121524_0001_m_000009_0 0.8283994% 
2014-04-12 15:26:49,839 INFO org.apache.hadoop.mapred.TaskTracker: attempt_201404121524_0001_m_000003_0 1.0% 
2014-04-12 15:26:49,842 INFO org.apache.hadoop.mapred.TaskTracker: attempt_201404121524_0001_m_000011_0 0.99066544% 
2014-04-12 15:26:50,240 INFO org.apache.hadoop.mapred.TaskTracker: attempt_201404121524_0001_m_000001_0 1.0% 
2014-04-12 15:26:50,329 INFO org.apache.hadoop.mapred.TaskTracker: attempt_201404121524_0001_m_000000_0 0.99200547% 
2014-04-12 15:26:50,661 INFO org.apache.hadoop.mapred.TaskTracker: attempt_201404121524_0001_m_000008_0 1.0% 
2014-04-12 15:26:50,879 INFO org.apache.hadoop.mapred.TaskTracker: attempt_201404121524_0001_m_000007_0 1.0% 
2014-04-12 15:26:51,278 INFO org.apache.hadoop.mapred.TaskTracker: attempt_201404121524_0001_m_000005_0 0.94936824% 
2014-04-12 15:26:51,360 INFO org.apache.hadoop.mapred.TaskTracker: attempt_201404121524_0001_m_000004_0 1.0% 
2014-04-12 15:26:51,374 INFO org.apache.hadoop.mapred.TaskTracker: attempt_201404121524_0001_m_000006_0 1.0% 
2014-04-12 15:26:51,398 INFO org.apache.hadoop.mapred.TaskTracker: attempt_201404121524_0001_m_000010_0 1.0% 
2014-04-12 15:26:51,402 INFO org.apache.hadoop.mapred.TaskTracker: attempt_201404121524_0001_m_000002_0 1.0% 
2014-04-12 15:26:52,724 INFO org.apache.hadoop.mapred.TaskTracker: attempt_201404121524_0001_m_000009_0 0.9525556% 
2014-04-12 15:26:53,025 INFO org.apache.hadoop.mapred.TaskTracker: attempt_201404121524_0001_m_000003_0 1.0% 
2014-04-12 15:26:53,052 INFO org.apache.hadoop.mapred.TaskTracker: attempt_201404121524_0001_m_000011_0 1.0% 
2014-04-12 15:26:53,400 INFO org.apache.hadoop.mapred.TaskTracker: attempt_201404121524_0001_m_000001_0 1.0% 
2014-04-12 15:26:53,479 INFO org.apache.hadoop.mapred.TaskTracker: attempt_201404121524_0001_m_000000_0 1.0% 
2014-04-12 15:26:53,861 INFO org.apache.hadoop.mapred.TaskTracker: attempt_201404121524_0001_m_000008_0 1.0% 
2014-04-12 15:26:53,985 INFO org.apache.hadoop.mapred.TaskTracker: attempt_201404121524_0001_m_000007_0 1.0% 
2014-04-12 15:26:54,446 INFO org.apache.hadoop.mapred.TaskTracker: attempt_201404121524_0001_m_000005_0 1.0% 
2014-04-12 15:26:54,493 INFO org.apache.hadoop.mapred.TaskTracker: attempt_201404121524_0001_m_000004_0 1.0% 
2014-04-12 15:26:54,512 INFO org.apache.hadoop.mapred.TaskTracker: attempt_201404121524_0001_m_000006_0 1.0% 
2014-04-12 15:26:54,524 INFO org.apache.hadoop.mapred.TaskTracker: attempt_201404121524_0001_m_000002_0 1.0% 
2014-04-12 15:26:54,532 INFO org.apache.hadoop.mapred.TaskTracker: attempt_201404121524_0001_m_000010_0 1.0% 
2014-04-12 15:26:55,844 INFO org.apache.hadoop.mapred.TaskTracker: attempt_201404121524_0001_m_000009_0 1.0% 
2014-04-12 15:26:56,154 INFO org.apache.hadoop.mapred.TaskTracker: attempt_201404121524_0001_m_000003_0 1.0% 
2014-04-12 15:26:56,160 INFO org.apache.hadoop.mapred.TaskTracker: attempt_201404121524_0001_m_000011_0 1.0% 
2014-04-12 15:26:56,483 INFO org.apache.hadoop.mapred.TaskTracker: attempt_201404121524_0001_m_000001_0 1.0% 
2014-04-12 15:26:56,583 INFO org.apache.hadoop.mapred.TaskTracker: attempt_201404121524_0001_m_000000_0 1.0% 
2014-04-12 15:26:56,957 INFO org.apache.hadoop.mapred.TaskTracker: attempt_201404121524_0001_m_000008_0 1.0% 
2014-04-12 15:26:57,190 INFO org.apache.hadoop.mapred.TaskTracker: attempt_201404121524_0001_m_000007_0 1.0% 
2014-04-12 15:26:57,540 INFO org.apache.hadoop.mapred.TaskTracker: attempt_201404121524_0001_m_000005_0 1.0% 
2014-04-12 15:26:57,585 INFO org.apache.hadoop.mapred.TaskTracker: attempt_201404121524_0001_m_000006_0 1.0% 
2014-04-12 15:26:57,612 INFO org.apache.hadoop.mapred.TaskTracker: attempt_201404121524_0001_m_000010_0 1.0% 
2014-04-12 15:26:57,624 INFO org.apache.hadoop.mapred.TaskTracker: attempt_201404121524_0001_m_000004_0 1.0% 
2014-04-12 15:26:57,646 INFO org.apache.hadoop.mapred.TaskTracker: attempt_201404121524_0001_m_000002_0 1.0% 
2014-04-12 15:26:58,990 INFO org.apache.hadoop.mapred.TaskTracker: attempt_201404121524_0001_m_000009_0 1.0% 
2014-04-12 15:26:59,238 INFO org.apache.hadoop.mapred.TaskTracker: attempt_201404121524_0001_m_000003_0 1.0% 
2014-04-12 15:26:59,251 INFO org.apache.hadoop.mapred.TaskTracker: attempt_201404121524_0001_m_000011_0 1.0% 
2014-04-12 15:26:59,545 INFO org.apache.hadoop.mapred.TaskTracker: attempt_201404121524_0001_m_000001_0 1.0% 
2014-04-12 15:26:59,673 INFO org.apache.hadoop.mapred.TaskTracker: attempt_201404121524_0001_m_000000_0 1.0% 
2014-04-12 15:27:00,084 INFO org.apache.hadoop.mapred.TaskTracker: attempt_201404121524_0001_m_000008_0 1.0% 
2014-04-12 15:27:00,273 INFO org.apache.hadoop.mapred.TaskTracker: attempt_201404121524_0001_m_000007_0 1.0% 
2014-04-12 15:27:00,648 INFO org.apache.hadoop.mapred.TaskTracker: attempt_201404121524_0001_m_000006_0 1.0% 
2014-04-12 15:27:00,661 INFO org.apache.hadoop.mapred.TaskTracker: attempt_201404121524_0001_m_000005_0 1.0% 
2014-04-12 15:27:00,694 INFO org.apache.hadoop.mapred.TaskTracker: attempt_201404121524_0001_m_000004_0 1.0% 
2014-04-12 15:27:00,714 INFO org.apache.hadoop.mapred.TaskTracker: attempt_201404121524_0001_m_000002_0 1.0% 
2014-04-12 15:27:00,727 INFO org.apache.hadoop.mapred.TaskTracker: attempt_201404121524_0001_m_000010_0 1.0% 
2014-04-12 15:27:02,025 INFO org.apache.hadoop.mapred.TaskTracker: attempt_201404121524_0001_m_000009_0 1.0% 
2014-04-12 15:27:02,296 INFO org.apache.hadoop.mapred.TaskTracker: attempt_201404121524_0001_m_000003_0 1.0% 
2014-04-12 15:27:02,299 INFO org.apache.hadoop.mapred.TaskTracker: attempt_201404121524_0001_m_000011_0 1.0% 
2014-04-12 15:27:02,587 INFO org.apache.hadoop.mapred.TaskTracker: attempt_201404121524_0001_m_000001_0 1.0% 
2014-04-12 15:27:02,756 INFO org.apache.hadoop.mapred.TaskTracker: attempt_201404121524_0001_m_000000_0 1.0% 
2014-04-12 15:27:03,139 INFO org.apache.hadoop.mapred.TaskTracker: attempt_201404121524_0001_m_000008_0 1.0% 
2014-04-12 15:27:03,143 INFO org.apache.hadoop.mapred.TaskTracker: attempt_201404121524_0001_m_000008_0 1.0% 
2014-04-12 15:27:03,145 INFO org.apache.hadoop.mapred.TaskTracker: Task attempt_201404121524_0001_m_000008_0 is done.
2014-04-12 15:27:03,145 INFO org.apache.hadoop.mapred.TaskTracker: reported output size for attempt_201404121524_0001_m_000008_0  was 52484422
2014-04-12 15:27:03,146 INFO org.apache.hadoop.mapred.TaskTracker: addFreeSlot : current free slots : 1
2014-04-12 15:27:03,332 INFO org.apache.hadoop.mapred.TaskTracker: attempt_201404121524_0001_m_000007_0 1.0% 
2014-04-12 15:27:03,709 INFO org.apache.hadoop.mapred.TaskTracker: attempt_201404121524_0001_m_000006_0 1.0% 
2014-04-12 15:27:03,710 INFO org.apache.hadoop.mapred.TaskTracker: attempt_201404121524_0001_m_000005_0 1.0% 
2014-04-12 15:27:03,750 INFO org.apache.hadoop.mapred.TaskTracker: attempt_201404121524_0001_m_000004_0 1.0% 
2014-04-12 15:27:03,777 INFO org.apache.hadoop.mapred.TaskTracker: attempt_201404121524_0001_m_000002_0 1.0% 
2014-04-12 15:27:03,777 INFO org.apache.hadoop.mapred.TaskTracker: attempt_201404121524_0001_m_000010_0 1.0% 
2014-04-12 15:27:05,056 INFO org.apache.hadoop.mapred.TaskTracker: attempt_201404121524_0001_m_000009_0 1.0% 
2014-04-12 15:27:05,058 INFO org.apache.hadoop.mapred.TaskTracker: attempt_201404121524_0001_m_000009_0 1.0% 
2014-04-12 15:27:05,059 INFO org.apache.hadoop.mapred.TaskTracker: Task attempt_201404121524_0001_m_000009_0 is done.
2014-04-12 15:27:05,059 INFO org.apache.hadoop.mapred.TaskTracker: reported output size for attempt_201404121524_0001_m_000009_0  was 52197794
2014-04-12 15:27:05,059 INFO org.apache.hadoop.mapred.TaskTracker: addFreeSlot : current free slots : 2
2014-04-12 15:27:05,204 INFO org.apache.hadoop.mapred.TaskTracker: LaunchTaskAction (registerTask): attempt_201404121524_0001_r_000000_0 task's state:UNASSIGNED
2014-04-12 15:27:05,205 INFO org.apache.hadoop.mapred.TaskTracker: Trying to launch : attempt_201404121524_0001_r_000000_0 which needs 1 slots
2014-04-12 15:27:05,205 INFO org.apache.hadoop.mapred.TaskTracker: In TaskLauncher, current free slots : 2 and trying to launch attempt_201404121524_0001_r_000000_0 which needs 1 slots
2014-04-12 15:27:05,369 INFO org.apache.hadoop.mapred.TaskTracker: attempt_201404121524_0001_m_000003_0 1.0% 
2014-04-12 15:27:05,369 INFO org.apache.hadoop.mapred.TaskTracker: attempt_201404121524_0001_m_000011_0 1.0% 
2014-04-12 15:27:05,371 INFO org.apache.hadoop.mapred.TaskTracker: attempt_201404121524_0001_m_000003_0 1.0% 
2014-04-12 15:27:05,372 INFO org.apache.hadoop.mapred.TaskTracker: Task attempt_201404121524_0001_m_000003_0 is done.
2014-04-12 15:27:05,372 INFO org.apache.hadoop.mapred.TaskTracker: reported output size for attempt_201404121524_0001_m_000003_0  was 52888154
2014-04-12 15:27:05,373 INFO org.apache.hadoop.mapred.TaskTracker: addFreeSlot : current free slots : 3
2014-04-12 15:27:05,463 INFO org.apache.hadoop.mapred.JvmManager: In JvmRunner constructed JVM ID: jvm_201404121524_0001_r_1665476605
2014-04-12 15:27:05,463 INFO org.apache.hadoop.mapred.JvmManager: JVM Runner jvm_201404121524_0001_r_1665476605 spawned.
2014-04-12 15:27:05,465 INFO org.apache.hadoop.mapred.TaskController: Writing commands to /tmp/hadoop/hadoop-jmg3/mapred/local/ttprivate/taskTracker/jmg3/jobcache/job_201404121524_0001/attempt_201404121524_0001_r_000000_0/taskjvm.sh
2014-04-12 15:27:05,617 INFO org.apache.hadoop.mapred.TaskTracker: attempt_201404121524_0001_m_000001_0 1.0% 
2014-04-12 15:27:05,620 INFO org.apache.hadoop.mapred.TaskTracker: attempt_201404121524_0001_m_000001_0 1.0% 
2014-04-12 15:27:05,621 INFO org.apache.hadoop.mapred.TaskTracker: Task attempt_201404121524_0001_m_000001_0 is done.
2014-04-12 15:27:05,621 INFO org.apache.hadoop.mapred.TaskTracker: reported output size for attempt_201404121524_0001_m_000001_0  was 51855031
2014-04-12 15:27:05,621 INFO org.apache.hadoop.mapred.TaskTracker: addFreeSlot : current free slots : 4
2014-04-12 15:27:05,787 INFO org.apache.hadoop.mapred.TaskTracker: attempt_201404121524_0001_m_000000_0 1.0% 
2014-04-12 15:27:05,790 INFO org.apache.hadoop.mapred.TaskTracker: attempt_201404121524_0001_m_000000_0 1.0% 
2014-04-12 15:27:05,791 INFO org.apache.hadoop.mapred.TaskTracker: Task attempt_201404121524_0001_m_000000_0 is done.
2014-04-12 15:27:05,791 INFO org.apache.hadoop.mapred.TaskTracker: reported output size for attempt_201404121524_0001_m_000000_0  was 52440243
2014-04-12 15:27:05,791 INFO org.apache.hadoop.mapred.TaskTracker: addFreeSlot : current free slots : 5
2014-04-12 15:27:06,108 INFO org.apache.hadoop.mapred.JvmManager: JVM : jvm_201404121524_0001_m_2024370148 exited with exit code 0. Number of tasks it ran: 1
2014-04-12 15:27:06,329 INFO org.apache.hadoop.mapred.TaskTracker: JVM with ID: jvm_201404121524_0001_r_1665476605 given task: attempt_201404121524_0001_r_000000_0
2014-04-12 15:27:06,363 INFO org.apache.hadoop.mapred.TaskTracker: attempt_201404121524_0001_m_000007_0 1.0% 
2014-04-12 15:27:06,365 INFO org.apache.hadoop.mapred.TaskTracker: attempt_201404121524_0001_m_000007_0 1.0% 
2014-04-12 15:27:06,366 INFO org.apache.hadoop.mapred.TaskTracker: Task attempt_201404121524_0001_m_000007_0 is done.
2014-04-12 15:27:06,366 INFO org.apache.hadoop.mapred.TaskTracker: reported output size for attempt_201404121524_0001_m_000007_0  was 52807845
2014-04-12 15:27:06,367 INFO org.apache.hadoop.mapred.TaskTracker: addFreeSlot : current free slots : 6
2014-04-12 15:27:06,688 INFO org.apache.hadoop.mapred.JvmManager: JVM : jvm_201404121524_0001_m_1485204346 exited with exit code 0. Number of tasks it ran: 1
2014-04-12 15:27:06,740 INFO org.apache.hadoop.mapred.TaskTracker: attempt_201404121524_0001_m_000005_0 1.0% 
2014-04-12 15:27:06,740 INFO org.apache.hadoop.mapred.TaskTracker: attempt_201404121524_0001_m_000006_0 1.0% 
2014-04-12 15:27:06,742 INFO org.apache.hadoop.mapred.TaskTracker: attempt_201404121524_0001_m_000005_0 1.0% 
2014-04-12 15:27:06,743 INFO org.apache.hadoop.mapred.TaskTracker: attempt_201404121524_0001_m_000006_0 1.0% 
2014-04-12 15:27:06,743 INFO org.apache.hadoop.mapred.TaskTracker: Task attempt_201404121524_0001_m_000005_0 is done.
2014-04-12 15:27:06,743 INFO org.apache.hadoop.mapred.TaskTracker: reported output size for attempt_201404121524_0001_m_000005_0  was 52209478
2014-04-12 15:27:06,744 INFO org.apache.hadoop.mapred.TaskTracker: Task attempt_201404121524_0001_m_000006_0 is done.
2014-04-12 15:27:06,744 INFO org.apache.hadoop.mapred.TaskTracker: reported output size for attempt_201404121524_0001_m_000006_0  was 51759015
2014-04-12 15:27:06,744 INFO org.apache.hadoop.mapred.TaskTracker: addFreeSlot : current free slots : 7
2014-04-12 15:27:06,744 INFO org.apache.hadoop.mapred.TaskTracker: addFreeSlot : current free slots : 8
2014-04-12 15:27:06,781 INFO org.apache.hadoop.mapred.TaskTracker: attempt_201404121524_0001_m_000004_0 1.0% 
2014-04-12 15:27:06,784 INFO org.apache.hadoop.mapred.TaskTracker: attempt_201404121524_0001_m_000004_0 1.0% 
2014-04-12 15:27:06,785 INFO org.apache.hadoop.mapred.TaskTracker: Task attempt_201404121524_0001_m_000004_0 is done.
2014-04-12 15:27:06,785 INFO org.apache.hadoop.mapred.TaskTracker: reported output size for attempt_201404121524_0001_m_000004_0  was 51961174
2014-04-12 15:27:06,785 INFO org.apache.hadoop.mapred.TaskTracker: addFreeSlot : current free slots : 9
2014-04-12 15:27:06,807 INFO org.apache.hadoop.mapred.TaskTracker: attempt_201404121524_0001_m_000002_0 1.0% 
2014-04-12 15:27:06,808 INFO org.apache.hadoop.mapred.TaskTracker: attempt_201404121524_0001_m_000010_0 1.0% 
2014-04-12 15:27:06,810 INFO org.apache.hadoop.mapred.TaskTracker: attempt_201404121524_0001_m_000002_0 1.0% 
2014-04-12 15:27:06,810 INFO org.apache.hadoop.mapred.TaskTracker: attempt_201404121524_0001_m_000010_0 1.0% 
2014-04-12 15:27:06,811 INFO org.apache.hadoop.mapred.TaskTracker: Task attempt_201404121524_0001_m_000002_0 is done.
2014-04-12 15:27:06,811 INFO org.apache.hadoop.mapred.TaskTracker: reported output size for attempt_201404121524_0001_m_000002_0  was 52149095
2014-04-12 15:27:06,811 INFO org.apache.hadoop.mapred.TaskTracker: addFreeSlot : current free slots : 10
2014-04-12 15:27:06,811 INFO org.apache.hadoop.mapred.TaskTracker: Task attempt_201404121524_0001_m_000010_0 is done.
2014-04-12 15:27:06,811 INFO org.apache.hadoop.mapred.TaskTracker: reported output size for attempt_201404121524_0001_m_000010_0  was 52583539
2014-04-12 15:27:06,812 INFO org.apache.hadoop.mapred.TaskTracker: addFreeSlot : current free slots : 11
2014-04-12 15:27:07,529 INFO org.apache.hadoop.mapred.JvmManager: JVM : jvm_201404121524_0001_m_2020485682 exited with exit code 0. Number of tasks it ran: 1
2014-04-12 15:27:07,530 INFO org.apache.hadoop.mapred.JvmManager: JVM : jvm_201404121524_0001_m_1382928363 exited with exit code 0. Number of tasks it ran: 1
2014-04-12 15:27:07,530 INFO org.apache.hadoop.mapred.JvmManager: JVM : jvm_201404121524_0001_m_1713232831 exited with exit code 0. Number of tasks it ran: 1
2014-04-12 15:27:07,530 INFO org.apache.hadoop.mapred.JvmManager: JVM : jvm_201404121524_0001_m_1719315337 exited with exit code 0. Number of tasks it ran: 1
2014-04-12 15:27:08,226 INFO org.apache.hadoop.mapred.TaskTracker: LaunchTaskAction (registerTask): attempt_201404121524_0001_r_000001_0 task's state:UNASSIGNED
2014-04-12 15:27:10,009 INFO org.apache.hadoop.mapred.TaskTracker: Trying to launch : attempt_201404121524_0001_r_000001_0 which needs 1 slots
2014-04-12 15:27:10,009 INFO org.apache.hadoop.mapred.TaskTracker: In TaskLauncher, current free slots : 1 and trying to launch attempt_201404121524_0001_r_000001_0 which needs 1 slots
2014-04-12 15:27:10,010 INFO org.apache.hadoop.mapred.TaskTracker: attempt_201404121524_0001_m_000011_0 1.0% 
2014-04-12 15:27:10,012 INFO org.apache.hadoop.mapred.TaskTracker: attempt_201404121524_0001_m_000011_0 1.0% 
2014-04-12 15:27:10,013 INFO org.apache.hadoop.mapred.TaskTracker: Task attempt_201404121524_0001_m_000011_0 is done.
2014-04-12 15:27:10,013 INFO org.apache.hadoop.mapred.TaskTracker: reported output size for attempt_201404121524_0001_m_000011_0  was 51264324
2014-04-12 15:27:10,013 INFO org.apache.hadoop.mapred.TaskTracker: addFreeSlot : current free slots : 12
2014-04-12 15:27:10,013 INFO org.apache.hadoop.mapred.JvmManager: In JvmRunner constructed JVM ID: jvm_201404121524_0001_r_1485204346
2014-04-12 15:27:10,014 INFO org.apache.hadoop.mapred.JvmManager: JVM Runner jvm_201404121524_0001_r_1485204346 spawned.
2014-04-12 15:27:10,015 INFO org.apache.hadoop.mapred.TaskController: Writing commands to /tmp/hadoop/hadoop-jmg3/mapred/local/ttprivate/taskTracker/jmg3/jobcache/job_201404121524_0001/attempt_201404121524_0001_r_000001_0/taskjvm.sh
2014-04-12 15:27:10,239 INFO org.apache.hadoop.mapred.JvmManager: JVM : jvm_201404121524_0001_m_1955731916 exited with exit code 0. Number of tasks it ran: 1
2014-04-12 15:27:10,275 INFO org.apache.hadoop.mapred.JvmManager: JVM : jvm_201404121524_0001_m_214288686 exited with exit code 0. Number of tasks it ran: 1
2014-04-12 15:27:10,276 INFO org.apache.hadoop.mapred.JvmManager: JVM : jvm_201404121524_0001_m_1573105504 exited with exit code 0. Number of tasks it ran: 1
2014-04-12 15:27:10,276 INFO org.apache.hadoop.mapred.JvmManager: JVM : jvm_201404121524_0001_m_721112038 exited with exit code 0. Number of tasks it ran: 1
2014-04-12 15:27:10,276 INFO org.apache.hadoop.mapred.JvmManager: JVM : jvm_201404121524_0001_m_343146589 exited with exit code 0. Number of tasks it ran: 1
2014-04-12 15:27:10,623 INFO org.apache.hadoop.mapred.TaskTracker: JVM with ID: jvm_201404121524_0001_r_1485204346 given task: attempt_201404121524_0001_r_000001_0
2014-04-12 15:27:10,713 INFO org.apache.hadoop.mapred.JvmManager: JVM : jvm_201404121524_0001_m_1551992790 exited with exit code 0. Number of tasks it ran: 1
2014-04-12 15:27:12,349 INFO org.apache.hadoop.mapred.TaskTracker.clienttrace: src: 192.168.110.214:50061, dest: 192.168.110.214:56561, bytes: 25848670, op: MAPRED_SHUFFLE, cliID: attempt_201404121524_0001_m_000008_0, duration: 102516336
2014-04-12 15:27:12,890 INFO org.apache.hadoop.mapred.TaskTracker.clienttrace: src: 192.168.110.214:50061, dest: 192.168.110.214:56562, bytes: 25672726, op: MAPRED_SHUFFLE, cliID: attempt_201404121524_0001_m_000009_0, duration: 539504490
2014-04-12 15:27:13,005 INFO org.apache.hadoop.mapred.TaskTracker: attempt_201404121524_0001_r_000000_0 0.05555556% reduce > copy (2 of 12 at 8.19 MB/s) > 
2014-04-12 15:27:13,894 INFO org.apache.hadoop.mapred.TaskTracker.clienttrace: src: 192.168.110.214:50061, dest: 192.168.110.214:56563, bytes: 25823427, op: MAPRED_SHUFFLE, cliID: attempt_201404121524_0001_m_000000_0, duration: 1000527594
2014-04-12 15:27:14,889 INFO org.apache.hadoop.mapred.TaskTracker.clienttrace: src: 192.168.110.214:50061, dest: 192.168.110.214:56564, bytes: 25545909, op: MAPRED_SHUFFLE, cliID: attempt_201404121524_0001_m_000001_0, duration: 992787353
2014-04-12 15:27:16,042 INFO org.apache.hadoop.mapred.TaskTracker: attempt_201404121524_0001_r_000000_0 0.11111112% reduce > copy (4 of 12 at 12.27 MB/s) > 
2014-04-12 15:27:16,339 INFO org.apache.hadoop.mapred.TaskTracker.clienttrace: src: 192.168.110.214:50061, dest: 192.168.110.214:56565, bytes: 25691725, op: MAPRED_SHUFFLE, cliID: attempt_201404121524_0001_m_000002_0, duration: 1448352010
2014-04-12 15:27:16,985 INFO org.apache.hadoop.mapred.TaskTracker.clienttrace: src: 192.168.110.214:50061, dest: 192.168.110.214:56566, bytes: 26635752, op: MAPRED_SHUFFLE, cliID: attempt_201404121524_0001_m_000008_0, duration: 654318002
2014-04-12 15:27:16,997 INFO org.apache.hadoop.mapred.TaskTracker.clienttrace: src: 192.168.110.214:50061, dest: 192.168.110.214:56567, bytes: 26093665, op: MAPRED_SHUFFLE, cliID: attempt_201404121524_0001_m_000003_0, duration: 656934024
2014-04-12 15:27:17,118 INFO org.apache.hadoop.mapred.TaskTracker: attempt_201404121524_0001_r_000001_0 0.02777778% reduce > copy (1 of 12 at 4.23 MB/s) > 
2014-04-12 15:27:17,988 INFO org.apache.hadoop.mapred.TaskTracker.clienttrace: src: 192.168.110.214:50061, dest: 192.168.110.214:56568, bytes: 26525068, op: MAPRED_SHUFFLE, cliID: attempt_201404121524_0001_m_000009_0, duration: 998029229
2014-04-12 15:27:17,996 INFO org.apache.hadoop.mapred.TaskTracker.clienttrace: src: 192.168.110.214:50061, dest: 192.168.110.214:56569, bytes: 25575768, op: MAPRED_SHUFFLE, cliID: attempt_201404121524_0001_m_000004_0, duration: 996325003
2014-04-12 15:27:19,077 INFO org.apache.hadoop.mapred.TaskTracker: attempt_201404121524_0001_r_000000_0 0.19444446% reduce > copy (7 of 12 at 15.63 MB/s) > 
2014-04-12 15:27:20,050 INFO org.apache.hadoop.mapred.TaskTracker.clienttrace: src: 192.168.110.214:50061, dest: 192.168.110.214:56571, bytes: 26309122, op: MAPRED_SHUFFLE, cliID: attempt_201404121524_0001_m_000001_0, duration: 912726663
2014-04-12 15:27:19,289 INFO org.apache.hadoop.mapred.TaskTracker.clienttrace: src: 192.168.110.214:50061, dest: 192.168.110.214:56570, bytes: 25763742, op: MAPRED_SHUFFLE, cliID: attempt_201404121524_0001_m_000005_0, duration: 1291627947
2014-04-12 15:27:19,086 INFO org.apache.hadoop.mapred.TaskTracker.clienttrace: src: 192.168.110.214:50061, dest: 192.168.110.214:56568, bytes: 26616816, op: MAPRED_SHUFFLE, cliID: attempt_201404121524_0001_m_000000_0, duration: 1091457779
2014-04-12 15:27:20,915 INFO org.apache.hadoop.mapred.TaskTracker: attempt_201404121524_0001_r_000001_0 0.083333336% reduce > copy (3 of 12 at 9.51 MB/s) > 
2014-04-12 15:27:21,085 INFO org.apache.hadoop.mapred.TaskTracker.clienttrace: src: 192.168.110.214:50061, dest: 192.168.110.214:56572, bytes: 25571809, op: MAPRED_SHUFFLE, cliID: attempt_201404121524_0001_m_000006_0, duration: 1744232334
2014-04-12 15:27:21,090 INFO org.apache.hadoop.mapred.TaskTracker.clienttrace: src: 192.168.110.214:50061, dest: 192.168.110.214:56573, bytes: 26457370, op: MAPRED_SHUFFLE, cliID: attempt_201404121524_0001_m_000002_0, duration: 170752212
2014-04-12 15:27:22,111 INFO org.apache.hadoop.mapred.TaskTracker.clienttrace: src: 192.168.110.214:50061, dest: 192.168.110.214:56572, bytes: 26046878, op: MAPRED_SHUFFLE, cliID: attempt_201404121524_0001_m_000007_0, duration: 1022079764
2014-04-12 15:27:22,112 INFO org.apache.hadoop.mapred.TaskTracker.clienttrace: src: 192.168.110.214:50061, dest: 192.168.110.214:56573, bytes: 26794489, op: MAPRED_SHUFFLE, cliID: attempt_201404121524_0001_m_000003_0, duration: 1016235306
2014-04-12 15:27:23,726 INFO org.apache.hadoop.mapred.TaskTracker.clienttrace: src: 192.168.110.214:50061, dest: 192.168.110.214:56574, bytes: 25884370, op: MAPRED_SHUFFLE, cliID: attempt_201404121524_0001_m_000010_0, duration: 1613211416
2014-04-12 15:27:23,948 INFO org.apache.hadoop.mapred.TaskTracker: attempt_201404121524_0001_r_000000_0 0.30555558% reduce > copy (11 of 12 at 15.90 MB/s) > 
2014-04-12 15:27:23,949 INFO org.apache.hadoop.mapred.TaskTracker: attempt_201404121524_0001_r_000001_0 0.16666667% reduce > copy (6 of 12 at 13.81 MB/s) > 
2014-04-12 15:27:24,135 INFO org.apache.hadoop.mapred.TaskTracker.clienttrace: src: 192.168.110.214:50061, dest: 192.168.110.214:56573, bytes: 26385406, op: MAPRED_SHUFFLE, cliID: attempt_201404121524_0001_m_000004_0, duration: 2013928249
2014-04-12 15:27:25,180 INFO org.apache.hadoop.mapred.TaskTracker.clienttrace: src: 192.168.110.214:50061, dest: 192.168.110.214:56575, bytes: 25311352, op: MAPRED_SHUFFLE, cliID: attempt_201404121524_0001_m_000011_0, duration: 1402431721
2014-04-12 15:27:25,196 INFO org.apache.hadoop.mapred.TaskTracker.clienttrace: src: 192.168.110.214:50061, dest: 192.168.110.214:56573, bytes: 26445736, op: MAPRED_SHUFFLE, cliID: attempt_201404121524_0001_m_000005_0, duration: 1058347864
2014-04-12 15:27:26,076 INFO org.apache.hadoop.mapred.TaskTracker: attempt_201404121524_0001_r_000000_0 0.30555558% reduce > copy (11 of 12 at 15.90 MB/s) > 
2014-04-12 15:27:26,204 INFO org.apache.hadoop.mapred.TaskTracker.clienttrace: src: 192.168.110.214:50061, dest: 192.168.110.214:56573, bytes: 26187206, op: MAPRED_SHUFFLE, cliID: attempt_201404121524_0001_m_000006_0, duration: 1000471384
2014-04-12 15:27:26,252 INFO org.apache.hadoop.mapred.TaskTracker.clienttrace: src: 192.168.110.214:50061, dest: 192.168.110.214:56573, bytes: 26760967, op: MAPRED_SHUFFLE, cliID: attempt_201404121524_0001_m_000007_0, duration: 46245676
2014-04-12 15:27:26,946 INFO org.apache.hadoop.mapred.TaskTracker: attempt_201404121524_0001_r_000000_0 0.30555558% reduce > copy (11 of 12 at 15.90 MB/s) > 
2014-04-12 15:27:26,985 INFO org.apache.hadoop.mapred.TaskTracker: attempt_201404121524_0001_r_000000_0 0.66668797% reduce > reduce
2014-04-12 15:27:27,105 INFO org.apache.hadoop.mapred.TaskTracker: attempt_201404121524_0001_r_000001_0 0.2777778% reduce > copy (10 of 12 at 15.80 MB/s) > 
2014-04-12 15:27:27,277 INFO org.apache.hadoop.mapred.TaskTracker.clienttrace: src: 192.168.110.214:50061, dest: 192.168.110.214:56573, bytes: 26699169, op: MAPRED_SHUFFLE, cliID: attempt_201404121524_0001_m_000010_0, duration: 1009372300
2014-04-12 15:27:28,295 INFO org.apache.hadoop.mapred.TaskTracker.clienttrace: src: 192.168.110.214:50061, dest: 192.168.110.214:56573, bytes: 25952972, op: MAPRED_SHUFFLE, cliID: attempt_201404121524_0001_m_000011_0, duration: 1005218225
2014-04-12 15:27:28,929 INFO org.apache.hadoop.mapred.TaskTracker: attempt_201404121524_0001_r_000001_0 0.2777778% reduce > copy (10 of 12 at 15.80 MB/s) > 
2014-04-12 15:27:29,814 INFO org.apache.hadoop.mapred.TaskTracker: attempt_201404121524_0001_r_000001_0 0.2777778% reduce > copy (10 of 12 at 15.80 MB/s) > 
2014-04-12 15:27:30,017 INFO org.apache.hadoop.mapred.TaskTracker: attempt_201404121524_0001_r_000000_0 0.66668797% reduce > reduce
2014-04-12 15:27:30,137 INFO org.apache.hadoop.mapred.TaskTracker: attempt_201404121524_0001_r_000001_0 0.66669214% reduce > reduce
2014-04-12 15:27:30,434 INFO org.apache.hadoop.mapred.TaskTracker: Task attempt_201404121524_0001_r_000000_0 is in commit-pending, task state:COMMIT_PENDING
2014-04-12 15:27:30,434 INFO org.apache.hadoop.mapred.TaskTracker: attempt_201404121524_0001_r_000000_0 0.66668797% reduce > reduce
2014-04-12 15:27:32,933 INFO org.apache.hadoop.mapred.TaskTracker: Received commit task action for attempt_201404121524_0001_r_000000_0
2014-04-12 15:27:33,168 INFO org.apache.hadoop.mapred.TaskTracker: attempt_201404121524_0001_r_000001_0 0.66669214% reduce > reduce
2014-04-12 15:27:34,208 INFO org.apache.hadoop.mapred.TaskTracker: Task attempt_201404121524_0001_r_000001_0 is in commit-pending, task state:COMMIT_PENDING
2014-04-12 15:27:34,209 INFO org.apache.hadoop.mapred.TaskTracker: attempt_201404121524_0001_r_000001_0 0.66669214% reduce > reduce
2014-04-12 15:27:35,937 INFO org.apache.hadoop.mapred.TaskTracker: Received commit task action for attempt_201404121524_0001_r_000001_0
2014-04-12 15:27:36,048 INFO org.apache.hadoop.mapred.TaskTracker: attempt_201404121524_0001_r_000000_0 0.66668797% reduce > reduce
2014-04-12 15:27:36,050 INFO org.apache.hadoop.mapred.TaskTracker: attempt_201404121524_0001_r_000000_0 0.66668797% reduce > reduce
2014-04-12 15:27:36,052 INFO org.apache.hadoop.mapred.TaskTracker: Task attempt_201404121524_0001_r_000000_0 is done.
2014-04-12 15:27:36,052 INFO org.apache.hadoop.mapred.TaskTracker: reported output size for attempt_201404121524_0001_r_000000_0  was -1
2014-04-12 15:27:36,053 INFO org.apache.hadoop.mapred.TaskTracker: addFreeSlot : current free slots : 1
2014-04-12 15:27:36,300 INFO org.apache.hadoop.mapred.JvmManager: JVM : jvm_201404121524_0001_r_1665476605 exited with exit code 0. Number of tasks it ran: 1
2014-04-12 15:27:38,944 INFO org.apache.hadoop.mapred.TaskTracker: Received KillTaskAction for task: attempt_201404121524_0001_r_000000_0
2014-04-12 15:27:38,944 INFO org.apache.hadoop.mapred.TaskTracker: About to purge task: attempt_201404121524_0001_r_000000_0
2014-04-12 15:27:39,200 INFO org.apache.hadoop.mapred.TaskTracker: attempt_201404121524_0001_r_000001_0 0.66669214% reduce > reduce
2014-04-12 15:27:39,202 INFO org.apache.hadoop.mapred.TaskTracker: attempt_201404121524_0001_r_000001_0 0.66669214% reduce > reduce
2014-04-12 15:27:39,219 INFO org.apache.hadoop.mapred.TaskTracker: Task attempt_201404121524_0001_r_000001_0 is done.
2014-04-12 15:27:39,219 INFO org.apache.hadoop.mapred.TaskTracker: reported output size for attempt_201404121524_0001_r_000001_0  was -1
2014-04-12 15:27:39,219 INFO org.apache.hadoop.mapred.TaskTracker: addFreeSlot : current free slots : 2
2014-04-12 15:27:39,484 INFO org.apache.hadoop.mapred.JvmManager: JVM : jvm_201404121524_0001_r_1485204346 exited with exit code 0. Number of tasks it ran: 1
2014-04-12 15:27:41,956 INFO org.apache.hadoop.mapred.TaskTracker: LaunchTaskAction (registerTask): attempt_201404121524_0001_m_000012_0 task's state:UNASSIGNED
2014-04-12 15:27:41,956 INFO org.apache.hadoop.mapred.TaskTracker: Trying to launch : attempt_201404121524_0001_m_000012_0 which needs 1 slots
2014-04-12 15:27:41,957 INFO org.apache.hadoop.mapred.TaskTracker: Received KillTaskAction for task: attempt_201404121524_0001_r_000001_0
2014-04-12 15:27:41,957 INFO org.apache.hadoop.mapred.TaskTracker: In TaskLauncher, current free slots : 12 and trying to launch attempt_201404121524_0001_m_000012_0 which needs 1 slots
2014-04-12 15:27:41,957 INFO org.apache.hadoop.mapred.TaskTracker: About to purge task: attempt_201404121524_0001_r_000001_0
2014-04-12 15:27:42,158 INFO org.apache.hadoop.mapred.JvmManager: In JvmRunner constructed JVM ID: jvm_201404121524_0001_m_2095265539
2014-04-12 15:27:42,159 INFO org.apache.hadoop.mapred.JvmManager: JVM Runner jvm_201404121524_0001_m_2095265539 spawned.
2014-04-12 15:27:42,183 INFO org.apache.hadoop.mapred.TaskController: Writing commands to /tmp/hadoop/hadoop-jmg3/mapred/local/ttprivate/taskTracker/jmg3/jobcache/job_201404121524_0001/attempt_201404121524_0001_m_000012_0/taskjvm.sh
2014-04-12 15:27:42,806 INFO org.apache.hadoop.mapred.TaskTracker: JVM with ID: jvm_201404121524_0001_m_2095265539 given task: attempt_201404121524_0001_m_000012_0
2014-04-12 15:27:43,300 INFO org.apache.hadoop.mapred.TaskTracker: attempt_201404121524_0001_m_000012_0 0.0% 
2014-04-12 15:27:44,137 INFO org.mortbay.log: org.mortbay.io.nio.SelectorManager$SelectSet@61dee8db JVM BUG(s) - injecting delay15 times
2014-04-12 15:27:44,137 INFO org.mortbay.log: org.mortbay.io.nio.SelectorManager$SelectSet@61dee8db JVM BUG(s) - recreating selector 15 times, canceled keys 248 times
2014-04-12 15:27:46,219 INFO org.apache.hadoop.mapred.TaskTracker: attempt_201404121524_0001_m_000012_0 0.0% cleanup
2014-04-12 15:27:46,220 INFO org.apache.hadoop.mapred.TaskTracker: Task attempt_201404121524_0001_m_000012_0 is done.
2014-04-12 15:27:46,220 INFO org.apache.hadoop.mapred.TaskTracker: reported output size for attempt_201404121524_0001_m_000012_0  was -1
2014-04-12 15:27:46,220 INFO org.apache.hadoop.mapred.TaskTracker: addFreeSlot : current free slots : 12
2014-04-12 15:27:46,373 INFO org.apache.hadoop.mapred.JvmManager: JVM : jvm_201404121524_0001_m_2095265539 exited with exit code 0. Number of tasks it ran: 1
2014-04-12 15:27:48,001 INFO org.apache.hadoop.mapred.TaskTracker: Received 'KillJobAction' for job: job_201404121524_0001
2014-04-12 15:27:48,002 INFO org.apache.hadoop.mapred.IndexCache: Map ID attempt_201404121524_0001_m_000012_0 not found in cache
2014-04-12 15:27:48,003 INFO org.apache.hadoop.mapred.UserLogCleaner: Adding job_201404121524_0001 for user-log deletion with retainTimeStamp:1397420868003
