2014-04-12 15:44:50,003 INFO org.apache.hadoop.mapred.TaskTracker: STARTUP_MSG: 
/************************************************************
STARTUP_MSG: Starting TaskTracker
STARTUP_MSG:   host = gpu-014.davinci.rice.edu/192.168.110.214
STARTUP_MSG:   args = []
STARTUP_MSG:   version = 1.0.4-SNAPSHOT
STARTUP_MSG:   build =  -r ; compiled by 'jmg3' on Fri Apr 11 17:54:37 CDT 2014
************************************************************/
2014-04-12 15:44:50,172 INFO org.apache.hadoop.metrics2.impl.MetricsConfig: loaded properties from hadoop-metrics2.properties
2014-04-12 15:44:50,227 INFO org.apache.hadoop.metrics2.impl.MetricsSourceAdapter: MBean for source MetricsSystem,sub=Stats registered.
2014-04-12 15:44:50,228 INFO org.apache.hadoop.metrics2.impl.MetricsSystemImpl: Scheduled snapshot period at 10 second(s).
2014-04-12 15:44:50,228 INFO org.apache.hadoop.metrics2.impl.MetricsSystemImpl: TaskTracker metrics system started
2014-04-12 15:44:50,381 INFO org.apache.hadoop.metrics2.impl.MetricsSourceAdapter: MBean for source ugi registered.
2014-04-12 15:44:50,552 INFO org.mortbay.log: Logging to org.slf4j.impl.Log4jLoggerAdapter(org.mortbay.log) via org.mortbay.log.Slf4jLog
2014-04-12 15:44:50,603 INFO org.apache.hadoop.http.HttpServer: Added global filtersafety (class=org.apache.hadoop.http.HttpServer$QuotingInputFilter)
2014-04-12 15:44:50,624 INFO org.apache.hadoop.mapred.TaskLogsTruncater: Initializing logs' truncater with mapRetainSize=-1 and reduceRetainSize=-1
2014-04-12 15:44:50,628 INFO org.apache.hadoop.mapred.TaskTracker: Starting tasktracker with owner as jmg3
2014-04-12 15:44:50,629 INFO org.apache.hadoop.mapred.TaskTracker: Good mapred local directories are: /tmp/hadoop/hadoop-jmg3/mapred/local
2014-04-12 15:44:50,632 WARN org.apache.hadoop.util.NativeCodeLoader: Unable to load native-hadoop library for your platform... using builtin-java classes where applicable
2014-04-12 15:44:50,639 INFO org.apache.hadoop.metrics2.impl.MetricsSourceAdapter: MBean for source jvm registered.
2014-04-12 15:44:50,640 INFO org.apache.hadoop.metrics2.impl.MetricsSourceAdapter: MBean for source TaskTrackerMetrics registered.
2014-04-12 15:44:50,653 INFO org.apache.hadoop.ipc.Server: Starting SocketReader
2014-04-12 15:44:50,654 INFO org.apache.hadoop.metrics2.impl.MetricsSourceAdapter: MBean for source RpcDetailedActivityForPort47937 registered.
2014-04-12 15:44:50,655 INFO org.apache.hadoop.metrics2.impl.MetricsSourceAdapter: MBean for source RpcActivityForPort47937 registered.
2014-04-12 15:44:50,657 INFO org.apache.hadoop.ipc.Server: IPC Server Responder: starting
2014-04-12 15:44:50,658 INFO org.apache.hadoop.ipc.Server: IPC Server listener on 47937: starting
2014-04-12 15:44:50,658 INFO org.apache.hadoop.ipc.Server: IPC Server handler 0 on 47937: starting
2014-04-12 15:44:50,659 INFO org.apache.hadoop.ipc.Server: IPC Server handler 1 on 47937: starting
2014-04-12 15:44:50,659 INFO org.apache.hadoop.ipc.Server: IPC Server handler 3 on 47937: starting
2014-04-12 15:44:50,660 INFO org.apache.hadoop.ipc.Server: IPC Server handler 2 on 47937: starting
2014-04-12 15:44:50,660 INFO org.apache.hadoop.ipc.Server: IPC Server handler 5 on 47937: starting
2014-04-12 15:44:50,661 INFO org.apache.hadoop.ipc.Server: IPC Server handler 4 on 47937: starting
2014-04-12 15:44:50,661 INFO org.apache.hadoop.ipc.Server: IPC Server handler 6 on 47937: starting
2014-04-12 15:44:50,662 INFO org.apache.hadoop.ipc.Server: IPC Server handler 7 on 47937: starting
2014-04-12 15:44:50,662 INFO org.apache.hadoop.ipc.Server: IPC Server handler 8 on 47937: starting
2014-04-12 15:44:50,662 INFO org.apache.hadoop.ipc.Server: IPC Server handler 9 on 47937: starting
2014-04-12 15:44:50,663 INFO org.apache.hadoop.ipc.Server: IPC Server handler 10 on 47937: starting
2014-04-12 15:44:50,663 INFO org.apache.hadoop.ipc.Server: IPC Server handler 11 on 47937: starting
2014-04-12 15:44:50,664 INFO org.apache.hadoop.ipc.Server: IPC Server handler 12 on 47937: starting
2014-04-12 15:44:50,664 INFO org.apache.hadoop.ipc.Server: IPC Server handler 13 on 47937: starting
2014-04-12 15:44:50,664 INFO org.apache.hadoop.ipc.Server: IPC Server handler 14 on 47937: starting
2014-04-12 15:44:50,665 INFO org.apache.hadoop.ipc.Server: IPC Server handler 15 on 47937: starting
2014-04-12 15:44:50,665 INFO org.apache.hadoop.ipc.Server: IPC Server handler 16 on 47937: starting
2014-04-12 15:44:50,666 INFO org.apache.hadoop.ipc.Server: IPC Server handler 17 on 47937: starting
2014-04-12 15:44:50,666 INFO org.apache.hadoop.ipc.Server: IPC Server handler 18 on 47937: starting
2014-04-12 15:44:50,666 INFO org.apache.hadoop.ipc.Server: IPC Server handler 19 on 47937: starting
2014-04-12 15:44:50,667 INFO org.apache.hadoop.ipc.Server: IPC Server handler 20 on 47937: starting
2014-04-12 15:44:50,667 INFO org.apache.hadoop.ipc.Server: IPC Server handler 21 on 47937: starting
2014-04-12 15:44:50,667 INFO org.apache.hadoop.mapred.TaskTracker: TaskTracker up at: localhost/127.0.0.1:47937
2014-04-12 15:44:50,667 INFO org.apache.hadoop.mapred.TaskTracker: Starting tracker tracker_gpu-014.davinci.rice.edu:localhost/127.0.0.1:47937
2014-04-12 15:44:50,668 INFO org.apache.hadoop.ipc.Server: IPC Server handler 22 on 47937: starting
2014-04-12 15:44:50,668 INFO org.apache.hadoop.ipc.Server: IPC Server handler 23 on 47937: starting
2014-04-12 15:44:50,707 INFO org.apache.hadoop.mapred.TaskTracker: Starting thread: Map-events fetcher for all reduce tasks on tracker_gpu-014.davinci.rice.edu:localhost/127.0.0.1:47937
2014-04-12 15:44:50,716 INFO org.apache.hadoop.util.ProcessTree: setsid exited with exit code 0
2014-04-12 15:44:50,720 INFO org.apache.hadoop.mapred.TaskTracker:  Using ResourceCalculatorPlugin : org.apache.hadoop.util.LinuxResourceCalculatorPlugin@238258f1
2014-04-12 15:44:50,722 WARN org.apache.hadoop.mapred.TaskTracker: TaskTracker's totalMemoryAllottedForTasks is -1. TaskMemoryManager is disabled.
2014-04-12 15:44:50,725 INFO org.apache.hadoop.mapred.IndexCache: IndexCache created with max memory = 10485760
2014-04-12 15:44:52,291 INFO org.apache.hadoop.metrics2.impl.MetricsSourceAdapter: MBean for source ShuffleServerMetrics registered.
2014-04-12 15:44:52,294 INFO org.apache.hadoop.http.HttpServer: Port returned by webServer.getConnectors()[0].getLocalPort() before open() is -1. Opening the listener on 50061
2014-04-12 15:44:52,294 INFO org.apache.hadoop.http.HttpServer: listener.getLocalPort() returned 50061 webServer.getConnectors()[0].getLocalPort() returned 50061
2014-04-12 15:44:52,294 INFO org.apache.hadoop.http.HttpServer: Jetty bound to port 50061
2014-04-12 15:44:52,294 INFO org.mortbay.log: jetty-6.1.26
2014-04-12 15:44:52,572 INFO org.mortbay.log: Started SelectChannelConnector@0.0.0.0:50061
2014-04-12 15:44:52,572 INFO org.apache.hadoop.mapred.TaskTracker: FILE_CACHE_SIZE for mapOutputServlet set to : 2000
2014-04-12 15:46:13,829 INFO org.apache.hadoop.mapred.TaskTracker: LaunchTaskAction (registerTask): attempt_201404121544_0001_m_000013_0 task's state:UNASSIGNED
2014-04-12 15:46:13,832 INFO org.apache.hadoop.mapred.TaskTracker: Trying to launch : attempt_201404121544_0001_m_000013_0 which needs 1 slots
2014-04-12 15:46:13,832 INFO org.apache.hadoop.mapred.TaskTracker: In TaskLauncher, current free slots : 12 and trying to launch attempt_201404121544_0001_m_000013_0 which needs 1 slots
2014-04-12 15:46:13,981 INFO org.apache.hadoop.mapred.JobLocalizer: Initializing user jmg3 on this TT.
2014-04-12 15:46:14,115 INFO org.apache.hadoop.mapred.JvmManager: In JvmRunner constructed JVM ID: jvm_201404121544_0001_m_2144658339
2014-04-12 15:46:14,115 INFO org.apache.hadoop.mapred.JvmManager: JVM Runner jvm_201404121544_0001_m_2144658339 spawned.
2014-04-12 15:46:14,117 INFO org.apache.hadoop.mapred.TaskController: Writing commands to /tmp/hadoop/hadoop-jmg3/mapred/local/ttprivate/taskTracker/jmg3/jobcache/job_201404121544_0001/attempt_201404121544_0001_m_000013_0/taskjvm.sh
2014-04-12 15:46:14,770 INFO org.apache.hadoop.mapred.TaskTracker: JVM with ID: jvm_201404121544_0001_m_2144658339 given task: attempt_201404121544_0001_m_000013_0
2014-04-12 15:46:18,200 INFO org.apache.hadoop.mapred.TaskTracker: attempt_201404121544_0001_m_000013_0 0.0% setup
2014-04-12 15:46:18,203 INFO org.apache.hadoop.mapred.TaskTracker: Task attempt_201404121544_0001_m_000013_0 is done.
2014-04-12 15:46:18,203 INFO org.apache.hadoop.mapred.TaskTracker: reported output size for attempt_201404121544_0001_m_000013_0  was -1
2014-04-12 15:46:18,204 INFO org.apache.hadoop.mapred.TaskTracker: addFreeSlot : current free slots : 12
2014-04-12 15:46:18,350 INFO org.apache.hadoop.mapred.JvmManager: JVM : jvm_201404121544_0001_m_2144658339 exited with exit code 0. Number of tasks it ran: 1
2014-04-12 15:46:19,858 INFO org.apache.hadoop.mapred.TaskTracker: LaunchTaskAction (registerTask): attempt_201404121544_0001_m_000000_0 task's state:UNASSIGNED
2014-04-12 15:46:19,859 INFO org.apache.hadoop.mapred.TaskTracker: LaunchTaskAction (registerTask): attempt_201404121544_0001_m_000001_0 task's state:UNASSIGNED
2014-04-12 15:46:19,859 INFO org.apache.hadoop.mapred.TaskTracker: LaunchTaskAction (registerTask): attempt_201404121544_0001_m_000002_0 task's state:UNASSIGNED
2014-04-12 15:46:19,860 INFO org.apache.hadoop.mapred.TaskTracker: LaunchTaskAction (registerTask): attempt_201404121544_0001_m_000003_0 task's state:UNASSIGNED
2014-04-12 15:46:19,860 INFO org.apache.hadoop.mapred.TaskTracker: LaunchTaskAction (registerTask): attempt_201404121544_0001_m_000004_0 task's state:UNASSIGNED
2014-04-12 15:46:19,861 INFO org.apache.hadoop.mapred.TaskTracker: LaunchTaskAction (registerTask): attempt_201404121544_0001_m_000005_0 task's state:UNASSIGNED
2014-04-12 15:46:19,861 INFO org.apache.hadoop.mapred.TaskTracker: LaunchTaskAction (registerTask): attempt_201404121544_0001_m_000006_0 task's state:UNASSIGNED
2014-04-12 15:46:19,861 INFO org.apache.hadoop.mapred.TaskTracker: LaunchTaskAction (registerTask): attempt_201404121544_0001_m_000007_0 task's state:UNASSIGNED
2014-04-12 15:46:19,862 INFO org.apache.hadoop.mapred.TaskTracker: LaunchTaskAction (registerTask): attempt_201404121544_0001_m_000008_0 task's state:UNASSIGNED
2014-04-12 15:46:19,863 INFO org.apache.hadoop.mapred.TaskTracker: LaunchTaskAction (registerTask): attempt_201404121544_0001_m_000009_0 task's state:UNASSIGNED
2014-04-12 15:46:19,863 INFO org.apache.hadoop.mapred.TaskTracker: LaunchTaskAction (registerTask): attempt_201404121544_0001_m_000010_0 task's state:UNASSIGNED
2014-04-12 15:46:19,864 INFO org.apache.hadoop.mapred.TaskTracker: LaunchTaskAction (registerTask): attempt_201404121544_0001_m_000011_0 task's state:UNASSIGNED
2014-04-12 15:46:19,864 INFO org.apache.hadoop.mapred.TaskTracker: Trying to launch : attempt_201404121544_0001_m_000000_0 which needs 1 slots
2014-04-12 15:46:19,864 INFO org.apache.hadoop.mapred.TaskTracker: In TaskLauncher, current free slots : 12 and trying to launch attempt_201404121544_0001_m_000000_0 which needs 1 slots
2014-04-12 15:46:19,864 INFO org.apache.hadoop.mapred.TaskTracker: Received KillTaskAction for task: attempt_201404121544_0001_m_000013_0
2014-04-12 15:46:19,864 INFO org.apache.hadoop.mapred.TaskTracker: About to purge task: attempt_201404121544_0001_m_000013_0
2014-04-12 15:46:19,864 INFO org.apache.hadoop.mapred.TaskTracker: Trying to launch : attempt_201404121544_0001_m_000001_0 which needs 1 slots
2014-04-12 15:46:19,864 INFO org.apache.hadoop.mapred.TaskTracker: In TaskLauncher, current free slots : 11 and trying to launch attempt_201404121544_0001_m_000001_0 which needs 1 slots
2014-04-12 15:46:19,864 INFO org.apache.hadoop.mapred.IndexCache: Map ID attempt_201404121544_0001_m_000013_0 not found in cache
2014-04-12 15:46:19,864 INFO org.apache.hadoop.mapred.TaskTracker: Trying to launch : attempt_201404121544_0001_m_000002_0 which needs 1 slots
2014-04-12 15:46:19,865 INFO org.apache.hadoop.mapred.TaskTracker: In TaskLauncher, current free slots : 10 and trying to launch attempt_201404121544_0001_m_000002_0 which needs 1 slots
2014-04-12 15:46:19,865 INFO org.apache.hadoop.mapred.TaskTracker: Trying to launch : attempt_201404121544_0001_m_000003_0 which needs 1 slots
2014-04-12 15:46:19,865 INFO org.apache.hadoop.mapred.TaskTracker: In TaskLauncher, current free slots : 9 and trying to launch attempt_201404121544_0001_m_000003_0 which needs 1 slots
2014-04-12 15:46:19,866 INFO org.apache.hadoop.mapred.TaskTracker: Trying to launch : attempt_201404121544_0001_m_000004_0 which needs 1 slots
2014-04-12 15:46:19,866 INFO org.apache.hadoop.mapred.TaskTracker: In TaskLauncher, current free slots : 8 and trying to launch attempt_201404121544_0001_m_000004_0 which needs 1 slots
2014-04-12 15:46:19,868 INFO org.apache.hadoop.mapred.TaskTracker: Trying to launch : attempt_201404121544_0001_m_000005_0 which needs 1 slots
2014-04-12 15:46:19,868 INFO org.apache.hadoop.mapred.TaskTracker: In TaskLauncher, current free slots : 7 and trying to launch attempt_201404121544_0001_m_000005_0 which needs 1 slots
2014-04-12 15:46:19,870 INFO org.apache.hadoop.mapred.TaskTracker: Trying to launch : attempt_201404121544_0001_m_000006_0 which needs 1 slots
2014-04-12 15:46:19,870 INFO org.apache.hadoop.mapred.TaskTracker: In TaskLauncher, current free slots : 6 and trying to launch attempt_201404121544_0001_m_000006_0 which needs 1 slots
2014-04-12 15:46:19,871 INFO org.apache.hadoop.mapred.TaskTracker: Trying to launch : attempt_201404121544_0001_m_000007_0 which needs 1 slots
2014-04-12 15:46:19,871 INFO org.apache.hadoop.mapred.TaskTracker: In TaskLauncher, current free slots : 5 and trying to launch attempt_201404121544_0001_m_000007_0 which needs 1 slots
2014-04-12 15:46:19,872 INFO org.apache.hadoop.mapred.TaskTracker: Trying to launch : attempt_201404121544_0001_m_000008_0 which needs 1 slots
2014-04-12 15:46:19,873 INFO org.apache.hadoop.mapred.TaskTracker: In TaskLauncher, current free slots : 4 and trying to launch attempt_201404121544_0001_m_000008_0 which needs 1 slots
2014-04-12 15:46:19,873 INFO org.apache.hadoop.mapred.TaskTracker: Trying to launch : attempt_201404121544_0001_m_000009_0 which needs 1 slots
2014-04-12 15:46:19,873 INFO org.apache.hadoop.mapred.TaskTracker: In TaskLauncher, current free slots : 3 and trying to launch attempt_201404121544_0001_m_000009_0 which needs 1 slots
2014-04-12 15:46:19,875 INFO org.apache.hadoop.mapred.TaskTracker: Trying to launch : attempt_201404121544_0001_m_000010_0 which needs 1 slots
2014-04-12 15:46:19,876 INFO org.apache.hadoop.mapred.TaskTracker: In TaskLauncher, current free slots : 2 and trying to launch attempt_201404121544_0001_m_000010_0 which needs 1 slots
2014-04-12 15:46:19,877 INFO org.apache.hadoop.mapred.TaskTracker: Trying to launch : attempt_201404121544_0001_m_000011_0 which needs 1 slots
2014-04-12 15:46:19,877 INFO org.apache.hadoop.mapred.TaskTracker: In TaskLauncher, current free slots : 1 and trying to launch attempt_201404121544_0001_m_000011_0 which needs 1 slots
2014-04-12 15:46:19,881 INFO org.apache.hadoop.mapred.JvmManager: In JvmRunner constructed JVM ID: jvm_201404121544_0001_m_1289738639
2014-04-12 15:46:19,883 INFO org.apache.hadoop.mapred.JvmManager: JVM Runner jvm_201404121544_0001_m_1289738639 spawned.
2014-04-12 15:46:19,883 INFO org.apache.hadoop.mapred.JvmManager: In JvmRunner constructed JVM ID: jvm_201404121544_0001_m_1458011315
2014-04-12 15:46:19,885 INFO org.apache.hadoop.mapred.JvmManager: JVM Runner jvm_201404121544_0001_m_1458011315 spawned.
2014-04-12 15:46:19,886 INFO org.apache.hadoop.mapred.JvmManager: In JvmRunner constructed JVM ID: jvm_201404121544_0001_m_1264807939
2014-04-12 15:46:19,886 INFO org.apache.hadoop.mapred.JvmManager: JVM Runner jvm_201404121544_0001_m_1264807939 spawned.
2014-04-12 15:46:19,886 INFO org.apache.hadoop.mapred.JvmManager: In JvmRunner constructed JVM ID: jvm_201404121544_0001_m_35763278
2014-04-12 15:46:19,887 INFO org.apache.hadoop.mapred.JvmManager: JVM Runner jvm_201404121544_0001_m_35763278 spawned.
2014-04-12 15:46:19,887 INFO org.apache.hadoop.mapred.JvmManager: In JvmRunner constructed JVM ID: jvm_201404121544_0001_m_506815328
2014-04-12 15:46:19,888 INFO org.apache.hadoop.mapred.JvmManager: JVM Runner jvm_201404121544_0001_m_506815328 spawned.
2014-04-12 15:46:19,888 INFO org.apache.hadoop.mapred.JvmManager: In JvmRunner constructed JVM ID: jvm_201404121544_0001_m_1650911777
2014-04-12 15:46:19,888 INFO org.apache.hadoop.mapred.JvmManager: JVM Runner jvm_201404121544_0001_m_1650911777 spawned.
2014-04-12 15:46:19,888 INFO org.apache.hadoop.mapred.JvmManager: In JvmRunner constructed JVM ID: jvm_201404121544_0001_m_79447321
2014-04-12 15:46:19,888 INFO org.apache.hadoop.mapred.TaskController: Writing commands to /tmp/hadoop/hadoop-jmg3/mapred/local/ttprivate/taskTracker/jmg3/jobcache/job_201404121544_0001/attempt_201404121544_0001_m_000000_0/taskjvm.sh
2014-04-12 15:46:19,889 INFO org.apache.hadoop.mapred.JvmManager: JVM Runner jvm_201404121544_0001_m_79447321 spawned.
2014-04-12 15:46:19,889 INFO org.apache.hadoop.mapred.TaskController: Writing commands to /tmp/hadoop/hadoop-jmg3/mapred/local/ttprivate/taskTracker/jmg3/jobcache/job_201404121544_0001/attempt_201404121544_0001_m_000007_0/taskjvm.sh
2014-04-12 15:46:19,889 INFO org.apache.hadoop.mapred.JvmManager: In JvmRunner constructed JVM ID: jvm_201404121544_0001_m_1371940000
2014-04-12 15:46:19,890 INFO org.apache.hadoop.mapred.JvmManager: JVM Runner jvm_201404121544_0001_m_1371940000 spawned.
2014-04-12 15:46:19,890 INFO org.apache.hadoop.mapred.TaskController: Writing commands to /tmp/hadoop/hadoop-jmg3/mapred/local/ttprivate/taskTracker/jmg3/jobcache/job_201404121544_0001/attempt_201404121544_0001_m_000001_0/taskjvm.sh
2014-04-12 15:46:19,890 INFO org.apache.hadoop.mapred.JvmManager: In JvmRunner constructed JVM ID: jvm_201404121544_0001_m_1182119864
2014-04-12 15:46:19,890 INFO org.apache.hadoop.mapred.TaskController: Writing commands to /tmp/hadoop/hadoop-jmg3/mapred/local/ttprivate/taskTracker/jmg3/jobcache/job_201404121544_0001/attempt_201404121544_0001_m_000004_0/taskjvm.sh
2014-04-12 15:46:19,891 INFO org.apache.hadoop.mapred.JvmManager: JVM Runner jvm_201404121544_0001_m_1182119864 spawned.
2014-04-12 15:46:19,891 INFO org.apache.hadoop.mapred.JvmManager: In JvmRunner constructed JVM ID: jvm_201404121544_0001_m_1925079121
2014-04-12 15:46:19,891 INFO org.apache.hadoop.mapred.TaskController: Writing commands to /tmp/hadoop/hadoop-jmg3/mapred/local/ttprivate/taskTracker/jmg3/jobcache/job_201404121544_0001/attempt_201404121544_0001_m_000008_0/taskjvm.sh
2014-04-12 15:46:19,891 INFO org.apache.hadoop.mapred.JvmManager: JVM Runner jvm_201404121544_0001_m_1925079121 spawned.
2014-04-12 15:46:19,892 INFO org.apache.hadoop.mapred.JvmManager: In JvmRunner constructed JVM ID: jvm_201404121544_0001_m_1137657692
2014-04-12 15:46:19,892 INFO org.apache.hadoop.mapred.TaskController: Writing commands to /tmp/hadoop/hadoop-jmg3/mapred/local/ttprivate/taskTracker/jmg3/jobcache/job_201404121544_0001/attempt_201404121544_0001_m_000003_0/taskjvm.sh
2014-04-12 15:46:19,892 INFO org.apache.hadoop.mapred.JvmManager: JVM Runner jvm_201404121544_0001_m_1137657692 spawned.
2014-04-12 15:46:19,892 INFO org.apache.hadoop.mapred.JvmManager: In JvmRunner constructed JVM ID: jvm_201404121544_0001_m_1373906688
2014-04-12 15:46:19,892 INFO org.apache.hadoop.mapred.TaskController: Writing commands to /tmp/hadoop/hadoop-jmg3/mapred/local/ttprivate/taskTracker/jmg3/jobcache/job_201404121544_0001/attempt_201404121544_0001_m_000002_0/taskjvm.sh
2014-04-12 15:46:19,893 INFO org.apache.hadoop.mapred.JvmManager: JVM Runner jvm_201404121544_0001_m_1373906688 spawned.
2014-04-12 15:46:19,893 INFO org.apache.hadoop.mapred.TaskController: Writing commands to /tmp/hadoop/hadoop-jmg3/mapred/local/ttprivate/taskTracker/jmg3/jobcache/job_201404121544_0001/attempt_201404121544_0001_m_000006_0/taskjvm.sh
2014-04-12 15:46:19,893 INFO org.apache.hadoop.mapred.TaskController: Writing commands to /tmp/hadoop/hadoop-jmg3/mapred/local/ttprivate/taskTracker/jmg3/jobcache/job_201404121544_0001/attempt_201404121544_0001_m_000011_0/taskjvm.sh
2014-04-12 15:46:19,894 INFO org.apache.hadoop.mapred.TaskController: Writing commands to /tmp/hadoop/hadoop-jmg3/mapred/local/ttprivate/taskTracker/jmg3/jobcache/job_201404121544_0001/attempt_201404121544_0001_m_000010_0/taskjvm.sh
2014-04-12 15:46:19,894 INFO org.apache.hadoop.mapred.TaskController: Writing commands to /tmp/hadoop/hadoop-jmg3/mapred/local/ttprivate/taskTracker/jmg3/jobcache/job_201404121544_0001/attempt_201404121544_0001_m_000005_0/taskjvm.sh
2014-04-12 15:46:19,899 INFO org.apache.hadoop.mapred.TaskController: Writing commands to /tmp/hadoop/hadoop-jmg3/mapred/local/ttprivate/taskTracker/jmg3/jobcache/job_201404121544_0001/attempt_201404121544_0001_m_000009_0/taskjvm.sh
2014-04-12 15:46:20,916 INFO org.apache.hadoop.mapred.TaskTracker: JVM with ID: jvm_201404121544_0001_m_1289738639 given task: attempt_201404121544_0001_m_000000_0
2014-04-12 15:46:20,937 INFO org.apache.hadoop.mapred.TaskTracker: JVM with ID: jvm_201404121544_0001_m_35763278 given task: attempt_201404121544_0001_m_000004_0
2014-04-12 15:46:20,959 INFO org.apache.hadoop.mapred.TaskTracker: JVM with ID: jvm_201404121544_0001_m_1650911777 given task: attempt_201404121544_0001_m_000003_0
2014-04-12 15:46:20,968 INFO org.apache.hadoop.mapred.TaskTracker: JVM with ID: jvm_201404121544_0001_m_1182119864 given task: attempt_201404121544_0001_m_000011_0
2014-04-12 15:46:20,979 INFO org.apache.hadoop.mapred.TaskTracker: JVM with ID: jvm_201404121544_0001_m_1137657692 given task: attempt_201404121544_0001_m_000010_0
2014-04-12 15:46:20,984 INFO org.apache.hadoop.mapred.TaskTracker: JVM with ID: jvm_201404121544_0001_m_1373906688 given task: attempt_201404121544_0001_m_000009_0
2014-04-12 15:46:20,986 INFO org.apache.hadoop.mapred.TaskTracker: JVM with ID: jvm_201404121544_0001_m_1264807939 given task: attempt_201404121544_0001_m_000001_0
2014-04-12 15:46:20,990 INFO org.apache.hadoop.mapred.TaskTracker: JVM with ID: jvm_201404121544_0001_m_79447321 given task: attempt_201404121544_0001_m_000002_0
2014-04-12 15:46:20,992 INFO org.apache.hadoop.mapred.TaskTracker: JVM with ID: jvm_201404121544_0001_m_1371940000 given task: attempt_201404121544_0001_m_000006_0
2014-04-12 15:46:21,004 INFO org.apache.hadoop.mapred.TaskTracker: JVM with ID: jvm_201404121544_0001_m_506815328 given task: attempt_201404121544_0001_m_000008_0
2014-04-12 15:46:21,025 INFO org.apache.hadoop.mapred.TaskTracker: JVM with ID: jvm_201404121544_0001_m_1925079121 given task: attempt_201404121544_0001_m_000005_0
2014-04-12 15:46:21,037 INFO org.apache.hadoop.mapred.TaskTracker: JVM with ID: jvm_201404121544_0001_m_1458011315 given task: attempt_201404121544_0001_m_000007_0
2014-04-12 15:46:28,296 INFO org.apache.hadoop.mapred.TaskTracker: attempt_201404121544_0001_m_000000_0 0.18511994% 
2014-04-12 15:46:28,790 INFO org.apache.hadoop.mapred.TaskTracker: attempt_201404121544_0001_m_000011_0 0.14506026% 
2014-04-12 15:46:28,869 INFO org.apache.hadoop.mapred.TaskTracker: attempt_201404121544_0001_m_000005_0 0.16756742% 
2014-04-12 15:46:28,869 INFO org.apache.hadoop.mapred.TaskTracker: attempt_201404121544_0001_m_000007_0 0.1399984% 
2014-04-12 15:46:28,886 INFO org.apache.hadoop.mapred.TaskTracker: attempt_201404121544_0001_m_000003_0 0.13661341% 
2014-04-12 15:46:28,901 INFO org.apache.hadoop.mapred.TaskTracker: attempt_201404121544_0001_m_000009_0 0.14188395% 
2014-04-12 15:46:28,905 INFO org.apache.hadoop.mapred.TaskTracker: attempt_201404121544_0001_m_000004_0 0.13988453% 
2014-04-12 15:46:28,964 INFO org.apache.hadoop.mapred.TaskTracker: attempt_201404121544_0001_m_000010_0 0.1422764% 
2014-04-12 15:46:28,978 INFO org.apache.hadoop.mapred.TaskTracker: attempt_201404121544_0001_m_000001_0 0.14268439% 
2014-04-12 15:46:29,135 INFO org.apache.hadoop.mapred.TaskTracker: attempt_201404121544_0001_m_000008_0 0.13005687% 
2014-04-12 15:46:31,476 INFO org.apache.hadoop.mapred.TaskTracker: attempt_201404121544_0001_m_000002_0 0.2489445% 
2014-04-12 15:46:31,515 INFO org.apache.hadoop.mapred.TaskTracker: attempt_201404121544_0001_m_000006_0 0.21597528% 
2014-04-12 15:46:31,655 INFO org.apache.hadoop.mapred.TaskTracker: attempt_201404121544_0001_m_000000_0 0.36533943% 
2014-04-12 15:46:32,239 INFO org.apache.hadoop.mapred.TaskTracker: attempt_201404121544_0001_m_000011_0 0.33676288% 
2014-04-12 15:46:32,270 INFO org.apache.hadoop.mapred.TaskTracker: attempt_201404121544_0001_m_000003_0 0.3267171% 
2014-04-12 15:46:32,278 INFO org.apache.hadoop.mapred.TaskTracker: attempt_201404121544_0001_m_000007_0 0.28318295% 
2014-04-12 15:46:32,317 INFO org.apache.hadoop.mapred.TaskTracker: attempt_201404121544_0001_m_000005_0 0.31606424% 
2014-04-12 15:46:32,320 INFO org.apache.hadoop.mapred.TaskTracker: attempt_201404121544_0001_m_000004_0 0.34162098% 
2014-04-12 15:46:32,349 INFO org.apache.hadoop.mapred.TaskTracker: attempt_201404121544_0001_m_000009_0 0.29641587% 
2014-04-12 15:46:32,492 INFO org.apache.hadoop.mapred.TaskTracker: attempt_201404121544_0001_m_000010_0 0.27563277% 
2014-04-12 15:46:32,517 INFO org.apache.hadoop.mapred.TaskTracker: attempt_201404121544_0001_m_000001_0 0.3296079% 
2014-04-12 15:46:32,585 INFO org.apache.hadoop.mapred.TaskTracker: attempt_201404121544_0001_m_000008_0 0.29128316% 
2014-04-12 15:46:34,836 INFO org.apache.hadoop.mapred.TaskTracker: attempt_201404121544_0001_m_000002_0 0.31684202% 
2014-04-12 15:46:34,921 INFO org.apache.hadoop.mapred.TaskTracker: attempt_201404121544_0001_m_000006_0 0.32075942% 
2014-04-12 15:46:34,962 INFO org.apache.hadoop.mapred.TaskTracker: attempt_201404121544_0001_m_000000_0 0.46255702% 
2014-04-12 15:46:35,785 INFO org.apache.hadoop.mapred.TaskTracker: attempt_201404121544_0001_m_000005_0 0.4083015% 
2014-04-12 15:46:35,805 INFO org.apache.hadoop.mapred.TaskTracker: attempt_201404121544_0001_m_000004_0 0.40257385% 
2014-04-12 15:46:35,826 INFO org.apache.hadoop.mapred.TaskTracker: attempt_201404121544_0001_m_000011_0 0.43952048% 
2014-04-12 15:46:35,837 INFO org.apache.hadoop.mapred.TaskTracker: attempt_201404121544_0001_m_000003_0 0.39830968% 
2014-04-12 15:46:35,929 INFO org.apache.hadoop.mapred.TaskTracker: attempt_201404121544_0001_m_000001_0 0.42454597% 
2014-04-12 15:46:35,949 INFO org.apache.hadoop.mapred.TaskTracker: attempt_201404121544_0001_m_000010_0 0.38096067% 
2014-04-12 15:46:36,051 INFO org.apache.hadoop.mapred.TaskTracker: attempt_201404121544_0001_m_000007_0 0.39091483% 
2014-04-12 15:46:36,094 INFO org.apache.hadoop.mapred.TaskTracker: attempt_201404121544_0001_m_000009_0 0.3877047% 
2014-04-12 15:46:36,377 INFO org.apache.hadoop.mapred.TaskTracker: attempt_201404121544_0001_m_000008_0 0.38704398% 
2014-04-12 15:46:38,517 INFO org.apache.hadoop.mapred.TaskTracker: attempt_201404121544_0001_m_000002_0 0.3971331% 
2014-04-12 15:46:38,573 INFO org.apache.hadoop.mapred.TaskTracker: attempt_201404121544_0001_m_000006_0 0.40316096% 
2014-04-12 15:46:38,985 INFO org.apache.hadoop.mapred.TaskTracker: attempt_201404121544_0001_m_000000_0 0.52897507% 
2014-04-12 15:46:39,220 INFO org.apache.hadoop.mapred.TaskTracker: attempt_201404121544_0001_m_000005_0 0.5067724% 
2014-04-12 15:46:39,273 INFO org.apache.hadoop.mapred.TaskTracker: attempt_201404121544_0001_m_000004_0 0.5035847% 
2014-04-12 15:46:39,385 INFO org.apache.hadoop.mapred.TaskTracker: attempt_201404121544_0001_m_000010_0 0.45270047% 
2014-04-12 15:46:39,412 INFO org.apache.hadoop.mapred.TaskTracker: attempt_201404121544_0001_m_000003_0 0.47757807% 
2014-04-12 15:46:39,470 INFO org.apache.hadoop.mapred.TaskTracker: attempt_201404121544_0001_m_000009_0 0.44285506% 
2014-04-12 15:46:39,510 INFO org.apache.hadoop.mapred.TaskTracker: attempt_201404121544_0001_m_000007_0 0.49295858% 
2014-04-12 15:46:39,757 INFO org.apache.hadoop.mapred.TaskTracker: attempt_201404121544_0001_m_000008_0 0.47415194% 
2014-04-12 15:46:39,766 INFO org.apache.hadoop.mapred.TaskTracker: attempt_201404121544_0001_m_000011_0 0.537235% 
2014-04-12 15:46:39,812 INFO org.apache.hadoop.mapred.TaskTracker: attempt_201404121544_0001_m_000001_0 0.5202145% 
2014-04-12 15:46:41,831 INFO org.apache.hadoop.mapred.TaskTracker: attempt_201404121544_0001_m_000002_0 0.48625973% 
2014-04-12 15:46:41,948 INFO org.apache.hadoop.mapred.TaskTracker: attempt_201404121544_0001_m_000006_0 0.48725608% 
2014-04-12 15:46:42,254 INFO org.apache.hadoop.mapred.TaskTracker: attempt_201404121544_0001_m_000000_0 0.6140598% 
2014-04-12 15:46:42,648 INFO org.apache.hadoop.mapred.TaskTracker: attempt_201404121544_0001_m_000004_0 0.5835812% 
2014-04-12 15:46:42,661 INFO org.apache.hadoop.mapred.TaskTracker: attempt_201404121544_0001_m_000005_0 0.5879864% 
2014-04-12 15:46:42,741 INFO org.apache.hadoop.mapred.TaskTracker: attempt_201404121544_0001_m_000003_0 0.5634407% 
2014-04-12 15:46:42,918 INFO org.apache.hadoop.mapred.TaskTracker: attempt_201404121544_0001_m_000007_0 0.5864939% 
2014-04-12 15:46:43,119 INFO org.apache.hadoop.mapred.TaskTracker: attempt_201404121544_0001_m_000008_0 0.56027055% 
2014-04-12 15:46:43,132 INFO org.apache.hadoop.mapred.TaskTracker: attempt_201404121544_0001_m_000010_0 0.53536475% 
2014-04-12 15:46:43,184 INFO org.apache.hadoop.mapred.TaskTracker: attempt_201404121544_0001_m_000011_0 0.6284494% 
2014-04-12 15:46:43,259 INFO org.apache.hadoop.mapred.TaskTracker: attempt_201404121544_0001_m_000001_0 0.60377103% 
2014-04-12 15:46:44,980 INFO org.apache.hadoop.mapred.TaskTracker: attempt_201404121544_0001_m_000009_0 0.53519344% 
2014-04-12 15:46:45,283 INFO org.apache.hadoop.mapred.TaskTracker: attempt_201404121544_0001_m_000006_0 0.56528807% 
2014-04-12 15:46:45,299 INFO org.apache.hadoop.mapred.TaskTracker: attempt_201404121544_0001_m_000002_0 0.56238365% 
2014-04-12 15:46:45,567 INFO org.apache.hadoop.mapred.TaskTracker: attempt_201404121544_0001_m_000000_0 0.7031317% 
2014-04-12 15:46:46,388 INFO org.apache.hadoop.mapred.TaskTracker: attempt_201404121544_0001_m_000004_0 0.67148715% 
2014-04-12 15:46:46,429 INFO org.apache.hadoop.mapred.TaskTracker: attempt_201404121544_0001_m_000010_0 0.61705494% 
2014-04-12 15:46:46,459 INFO org.apache.hadoop.mapred.TaskTracker: attempt_201404121544_0001_m_000011_0 0.7195144% 
2014-04-12 15:46:46,508 INFO org.apache.hadoop.mapred.TaskTracker: attempt_201404121544_0001_m_000008_0 0.65695417% 
2014-04-12 15:46:46,582 INFO org.apache.hadoop.mapred.TaskTracker: attempt_201404121544_0001_m_000001_0 0.68126035% 
2014-04-12 15:46:47,065 INFO org.apache.hadoop.mapred.TaskTracker: attempt_201404121544_0001_m_000007_0 0.6693454% 
2014-04-12 15:46:47,179 INFO org.apache.hadoop.mapred.TaskTracker: attempt_201404121544_0001_m_000003_0 0.6560288% 
2014-04-12 15:46:47,281 INFO org.apache.hadoop.mapred.TaskTracker: attempt_201404121544_0001_m_000005_0 0.6719924% 
2014-04-12 15:46:48,291 INFO org.apache.hadoop.mapred.TaskTracker: attempt_201404121544_0001_m_000009_0 0.6433554% 
2014-04-12 15:46:48,557 INFO org.apache.hadoop.mapred.TaskTracker: attempt_201404121544_0001_m_000002_0 0.6445405% 
2014-04-12 15:46:48,831 INFO org.apache.hadoop.mapred.TaskTracker: attempt_201404121544_0001_m_000000_0 0.79308206% 
2014-04-12 15:46:49,269 INFO org.apache.hadoop.mapred.TaskTracker: attempt_201404121544_0001_m_000006_0 0.66899854% 
2014-04-12 15:46:49,803 INFO org.apache.hadoop.mapred.TaskTracker: attempt_201404121544_0001_m_000010_0 0.6744706% 
2014-04-12 15:46:49,822 INFO org.apache.hadoop.mapred.TaskTracker: attempt_201404121544_0001_m_000011_0 0.7896302% 
2014-04-12 15:46:50,014 INFO org.apache.hadoop.mapred.TaskTracker: attempt_201404121544_0001_m_000001_0 0.777893% 
2014-04-12 15:46:50,160 INFO org.apache.hadoop.mapred.TaskTracker: attempt_201404121544_0001_m_000004_0 0.7752349% 
2014-04-12 15:46:50,237 INFO org.apache.hadoop.mapred.TaskTracker: attempt_201404121544_0001_m_000008_0 0.77024513% 
2014-04-12 15:46:50,497 INFO org.apache.hadoop.mapred.TaskTracker: attempt_201404121544_0001_m_000003_0 0.7610748% 
2014-04-12 15:46:50,619 INFO org.apache.hadoop.mapred.TaskTracker: attempt_201404121544_0001_m_000007_0 0.7819081% 
2014-04-12 15:46:50,849 INFO org.apache.hadoop.mapred.TaskTracker: attempt_201404121544_0001_m_000005_0 0.7814723% 
2014-04-12 15:46:51,623 INFO org.apache.hadoop.mapred.TaskTracker: attempt_201404121544_0001_m_000009_0 0.737509% 
2014-04-12 15:46:51,984 INFO org.apache.hadoop.mapred.TaskTracker: attempt_201404121544_0001_m_000002_0 0.7193997% 
2014-04-12 15:46:52,210 INFO org.apache.hadoop.mapred.TaskTracker: attempt_201404121544_0001_m_000000_0 0.8864082% 
2014-04-12 15:46:53,138 INFO org.apache.hadoop.mapred.TaskTracker: attempt_201404121544_0001_m_000011_0 0.88058496% 
2014-04-12 15:46:53,341 INFO org.apache.hadoop.mapred.TaskTracker: attempt_201404121544_0001_m_000006_0 0.7705555% 
2014-04-12 15:46:53,385 INFO org.apache.hadoop.mapred.TaskTracker: attempt_201404121544_0001_m_000001_0 0.87926775% 
2014-04-12 15:46:53,535 INFO org.apache.hadoop.mapred.TaskTracker: attempt_201404121544_0001_m_000008_0 0.8481199% 
2014-04-12 15:46:53,550 INFO org.apache.hadoop.mapred.TaskTracker: attempt_201404121544_0001_m_000004_0 0.8752223% 
2014-04-12 15:46:53,651 INFO org.apache.hadoop.mapred.TaskTracker: attempt_201404121544_0001_m_000010_0 0.7732889% 
2014-04-12 15:46:53,792 INFO org.apache.hadoop.mapred.TaskTracker: attempt_201404121544_0001_m_000003_0 0.84419096% 
2014-04-12 15:46:53,971 INFO org.apache.hadoop.mapred.TaskTracker: attempt_201404121544_0001_m_000007_0 0.87124866% 
2014-04-12 15:46:54,143 INFO org.apache.hadoop.mapred.TaskTracker: attempt_201404121544_0001_m_000005_0 0.87531835% 
2014-04-12 15:46:54,885 INFO org.apache.hadoop.mapred.TaskTracker: attempt_201404121544_0001_m_000009_0 0.8316112% 
2014-04-12 15:46:55,214 INFO org.apache.hadoop.mapred.TaskTracker: attempt_201404121544_0001_m_000002_0 0.8031937% 
2014-04-12 15:46:55,586 INFO org.apache.hadoop.mapred.TaskTracker: attempt_201404121544_0001_m_000000_0 0.98929185% 
2014-04-12 15:46:56,473 INFO org.apache.hadoop.mapred.TaskTracker: attempt_201404121544_0001_m_000011_0 0.973077% 
2014-04-12 15:46:56,651 INFO org.apache.hadoop.mapred.TaskTracker: attempt_201404121544_0001_m_000001_0 0.98234725% 
2014-04-12 15:46:56,676 INFO org.apache.hadoop.mapred.TaskTracker: attempt_201404121544_0001_m_000006_0 0.88309836% 
2014-04-12 15:46:56,789 INFO org.apache.hadoop.mapred.TaskTracker: attempt_201404121544_0001_m_000008_0 0.9279177% 
2014-04-12 15:46:56,934 INFO org.apache.hadoop.mapred.TaskTracker: attempt_201404121544_0001_m_000004_0 0.96398944% 
2014-04-12 15:46:56,945 INFO org.apache.hadoop.mapred.TaskTracker: attempt_201404121544_0001_m_000010_0 0.88350075% 
2014-04-12 15:46:57,074 INFO org.apache.hadoop.mapred.TaskTracker: attempt_201404121544_0001_m_000003_0 0.92848694% 
2014-04-12 15:46:57,374 INFO org.apache.hadoop.mapred.TaskTracker: attempt_201404121544_0001_m_000007_0 0.9729346% 
2014-04-12 15:46:57,420 INFO org.apache.hadoop.mapred.TaskTracker: attempt_201404121544_0001_m_000005_0 0.9481583% 
2014-04-12 15:46:58,335 INFO org.apache.hadoop.mapred.TaskTracker: attempt_201404121544_0001_m_000009_0 0.91405535% 
2014-04-12 15:46:58,803 INFO org.apache.hadoop.mapred.TaskTracker: attempt_201404121544_0001_m_000000_0 1.0% 
2014-04-12 15:46:59,217 INFO org.apache.hadoop.mapred.TaskTracker: attempt_201404121544_0001_m_000002_0 0.9034999% 
2014-04-12 15:46:59,671 INFO org.apache.hadoop.mapred.TaskTracker: attempt_201404121544_0001_m_000011_0 1.0% 
2014-04-12 15:46:59,822 INFO org.apache.hadoop.mapred.TaskTracker: attempt_201404121544_0001_m_000006_0 0.96493393% 
2014-04-12 15:46:59,861 INFO org.apache.hadoop.mapred.TaskTracker: attempt_201404121544_0001_m_000001_0 1.0% 
2014-04-12 15:47:00,056 INFO org.apache.hadoop.mapred.TaskTracker: attempt_201404121544_0001_m_000008_0 1.0% 
2014-04-12 15:47:00,150 INFO org.apache.hadoop.mapred.TaskTracker: attempt_201404121544_0001_m_000004_0 1.0% 
2014-04-12 15:47:00,208 INFO org.apache.hadoop.mapred.TaskTracker: attempt_201404121544_0001_m_000010_0 0.9853596% 
2014-04-12 15:47:00,268 INFO org.apache.hadoop.mapred.TaskTracker: attempt_201404121544_0001_m_000003_0 1.0% 
2014-04-12 15:47:00,614 INFO org.apache.hadoop.mapred.TaskTracker: attempt_201404121544_0001_m_000005_0 1.0% 
2014-04-12 15:47:00,618 INFO org.apache.hadoop.mapred.TaskTracker: attempt_201404121544_0001_m_000007_0 1.0% 
2014-04-12 15:47:01,511 INFO org.apache.hadoop.mapred.TaskTracker: attempt_201404121544_0001_m_000009_0 1.0% 
2014-04-12 15:47:01,954 INFO org.apache.hadoop.mapred.TaskTracker: attempt_201404121544_0001_m_000000_0 1.0% 
2014-04-12 15:47:02,434 INFO org.apache.hadoop.mapred.TaskTracker: attempt_201404121544_0001_m_000002_0 1.0% 
2014-04-12 15:47:02,858 INFO org.apache.hadoop.mapred.TaskTracker: attempt_201404121544_0001_m_000011_0 1.0% 
2014-04-12 15:47:03,019 INFO org.apache.hadoop.mapred.TaskTracker: attempt_201404121544_0001_m_000006_0 1.0% 
2014-04-12 15:47:03,090 INFO org.apache.hadoop.mapred.TaskTracker: attempt_201404121544_0001_m_000001_0 1.0% 
2014-04-12 15:47:03,292 INFO org.apache.hadoop.mapred.TaskTracker: attempt_201404121544_0001_m_000008_0 1.0% 
2014-04-12 15:47:03,372 INFO org.apache.hadoop.mapred.TaskTracker: attempt_201404121544_0001_m_000004_0 1.0% 
2014-04-12 15:47:03,395 INFO org.apache.hadoop.mapred.TaskTracker: attempt_201404121544_0001_m_000010_0 1.0% 
2014-04-12 15:47:03,466 INFO org.apache.hadoop.mapred.TaskTracker: attempt_201404121544_0001_m_000003_0 1.0% 
2014-04-12 15:47:03,748 INFO org.apache.hadoop.mapred.TaskTracker: attempt_201404121544_0001_m_000007_0 1.0% 
2014-04-12 15:47:03,759 INFO org.apache.hadoop.mapred.TaskTracker: attempt_201404121544_0001_m_000005_0 1.0% 
2014-04-12 15:47:04,637 INFO org.apache.hadoop.mapred.TaskTracker: attempt_201404121544_0001_m_000009_0 1.0% 
2014-04-12 15:47:05,075 INFO org.apache.hadoop.mapred.TaskTracker: attempt_201404121544_0001_m_000000_0 1.0% 
2014-04-12 15:47:05,512 INFO org.apache.hadoop.mapred.TaskTracker: attempt_201404121544_0001_m_000002_0 1.0% 
2014-04-12 15:47:05,997 INFO org.apache.hadoop.mapred.TaskTracker: attempt_201404121544_0001_m_000011_0 1.0% 
2014-04-12 15:47:06,100 INFO org.apache.hadoop.mapred.TaskTracker: attempt_201404121544_0001_m_000006_0 1.0% 
2014-04-12 15:47:06,170 INFO org.apache.hadoop.mapred.TaskTracker: attempt_201404121544_0001_m_000001_0 1.0% 
2014-04-12 15:47:06,383 INFO org.apache.hadoop.mapred.TaskTracker: attempt_201404121544_0001_m_000008_0 1.0% 
2014-04-12 15:47:06,449 INFO org.apache.hadoop.mapred.TaskTracker: attempt_201404121544_0001_m_000004_0 1.0% 
2014-04-12 15:47:06,490 INFO org.apache.hadoop.mapred.TaskTracker: attempt_201404121544_0001_m_000010_0 1.0% 
2014-04-12 15:47:06,559 INFO org.apache.hadoop.mapred.TaskTracker: attempt_201404121544_0001_m_000003_0 1.0% 
2014-04-12 15:47:06,822 INFO org.apache.hadoop.mapred.TaskTracker: attempt_201404121544_0001_m_000007_0 1.0% 
2014-04-12 15:47:06,849 INFO org.apache.hadoop.mapred.TaskTracker: attempt_201404121544_0001_m_000005_0 1.0% 
2014-04-12 15:47:07,684 INFO org.apache.hadoop.mapred.TaskTracker: attempt_201404121544_0001_m_000009_0 1.0% 
2014-04-12 15:47:08,131 INFO org.apache.hadoop.mapred.TaskTracker: attempt_201404121544_0001_m_000000_0 1.0% 
2014-04-12 15:47:08,683 INFO org.apache.hadoop.mapred.TaskTracker: attempt_201404121544_0001_m_000002_0 1.0% 
2014-04-12 15:47:09,145 INFO org.apache.hadoop.mapred.TaskTracker: attempt_201404121544_0001_m_000011_0 1.0% 
2014-04-12 15:47:09,200 INFO org.apache.hadoop.mapred.TaskTracker: attempt_201404121544_0001_m_000006_0 1.0% 
2014-04-12 15:47:09,331 INFO org.apache.hadoop.mapred.TaskTracker: attempt_201404121544_0001_m_000001_0 1.0% 
2014-04-12 15:47:09,447 INFO org.apache.hadoop.mapred.TaskTracker: attempt_201404121544_0001_m_000008_0 1.0% 
2014-04-12 15:47:09,530 INFO org.apache.hadoop.mapred.TaskTracker: attempt_201404121544_0001_m_000004_0 1.0% 
2014-04-12 15:47:09,542 INFO org.apache.hadoop.mapred.TaskTracker: attempt_201404121544_0001_m_000010_0 1.0% 
2014-04-12 15:47:09,619 INFO org.apache.hadoop.mapred.TaskTracker: attempt_201404121544_0001_m_000003_0 1.0% 
2014-04-12 15:47:09,881 INFO org.apache.hadoop.mapred.TaskTracker: attempt_201404121544_0001_m_000007_0 1.0% 
2014-04-12 15:47:10,515 INFO org.apache.hadoop.mapred.TaskTracker: attempt_201404121544_0001_m_000005_0 1.0% 
2014-04-12 15:47:10,755 INFO org.apache.hadoop.mapred.TaskTracker: attempt_201404121544_0001_m_000009_0 1.0% 
2014-04-12 15:47:11,217 INFO org.apache.hadoop.mapred.TaskTracker: attempt_201404121544_0001_m_000000_0 1.0% 
2014-04-12 15:47:11,741 INFO org.apache.hadoop.mapred.TaskTracker: attempt_201404121544_0001_m_000002_0 1.0% 
2014-04-12 15:47:12,238 INFO org.apache.hadoop.mapred.TaskTracker: attempt_201404121544_0001_m_000011_0 1.0% 
2014-04-12 15:47:12,276 INFO org.apache.hadoop.mapred.TaskTracker: attempt_201404121544_0001_m_000006_0 1.0% 
2014-04-12 15:47:12,403 INFO org.apache.hadoop.mapred.TaskTracker: attempt_201404121544_0001_m_000001_0 1.0% 
2014-04-12 15:47:12,574 INFO org.apache.hadoop.mapred.TaskTracker: attempt_201404121544_0001_m_000008_0 1.0% 
2014-04-12 15:47:12,613 INFO org.apache.hadoop.mapred.TaskTracker: attempt_201404121544_0001_m_000010_0 1.0% 
2014-04-12 15:47:12,614 INFO org.apache.hadoop.mapred.TaskTracker: attempt_201404121544_0001_m_000004_0 1.0% 
2014-04-12 15:47:12,708 INFO org.apache.hadoop.mapred.TaskTracker: attempt_201404121544_0001_m_000003_0 1.0% 
2014-04-12 15:47:13,550 INFO org.apache.hadoop.mapred.TaskTracker: attempt_201404121544_0001_m_000007_0 1.0% 
2014-04-12 15:47:13,550 INFO org.apache.hadoop.mapred.TaskTracker: attempt_201404121544_0001_m_000005_0 1.0% 
2014-04-12 15:47:13,552 INFO org.apache.hadoop.mapred.TaskTracker: attempt_201404121544_0001_m_000007_0 1.0% 
2014-04-12 15:47:13,556 INFO org.apache.hadoop.mapred.TaskTracker: Task attempt_201404121544_0001_m_000007_0 is done.
2014-04-12 15:47:13,556 INFO org.apache.hadoop.mapred.TaskTracker: reported output size for attempt_201404121544_0001_m_000007_0  was 52806609
2014-04-12 15:47:13,557 INFO org.apache.hadoop.mapred.TaskTracker: addFreeSlot : current free slots : 1
2014-04-12 15:47:13,796 INFO org.apache.hadoop.mapred.TaskTracker: attempt_201404121544_0001_m_000009_0 1.0% 
2014-04-12 15:47:13,993 INFO org.apache.hadoop.mapred.TaskTracker: LaunchTaskAction (registerTask): attempt_201404121544_0001_r_000000_0 task's state:UNASSIGNED
2014-04-12 15:47:13,993 INFO org.apache.hadoop.mapred.TaskTracker: Trying to launch : attempt_201404121544_0001_r_000000_0 which needs 1 slots
2014-04-12 15:47:13,993 INFO org.apache.hadoop.mapred.TaskTracker: In TaskLauncher, current free slots : 2 and trying to launch attempt_201404121544_0001_r_000000_0 which needs 1 slots
2014-04-12 15:47:14,002 INFO org.apache.hadoop.mapred.JvmManager: In JvmRunner constructed JVM ID: jvm_201404121544_0001_r_2144658339
2014-04-12 15:47:14,002 INFO org.apache.hadoop.mapred.JvmManager: JVM Runner jvm_201404121544_0001_r_2144658339 spawned.
2014-04-12 15:47:14,003 INFO org.apache.hadoop.mapred.TaskController: Writing commands to /tmp/hadoop/hadoop-jmg3/mapred/local/ttprivate/taskTracker/jmg3/jobcache/job_201404121544_0001/attempt_201404121544_0001_r_000000_0/taskjvm.sh
2014-04-12 15:47:14,248 INFO org.apache.hadoop.mapred.TaskTracker: attempt_201404121544_0001_m_000000_0 1.0% 
2014-04-12 15:47:14,615 INFO org.apache.hadoop.mapred.TaskTracker: JVM with ID: jvm_201404121544_0001_r_2144658339 given task: attempt_201404121544_0001_r_000000_0
2014-04-12 15:47:14,777 INFO org.apache.hadoop.mapred.TaskTracker: attempt_201404121544_0001_m_000002_0 1.0% 
2014-04-12 15:47:14,779 INFO org.apache.hadoop.mapred.TaskTracker: attempt_201404121544_0001_m_000002_0 1.0% 
2014-04-12 15:47:14,780 INFO org.apache.hadoop.mapred.TaskTracker: Task attempt_201404121544_0001_m_000002_0 is done.
2014-04-12 15:47:14,780 INFO org.apache.hadoop.mapred.TaskTracker: reported output size for attempt_201404121544_0001_m_000002_0  was 52197107
2014-04-12 15:47:14,780 INFO org.apache.hadoop.mapred.TaskTracker: addFreeSlot : current free slots : 2
2014-04-12 15:47:15,278 INFO org.apache.hadoop.mapred.TaskTracker: attempt_201404121544_0001_m_000011_0 1.0% 
2014-04-12 15:47:15,281 INFO org.apache.hadoop.mapred.TaskTracker: attempt_201404121544_0001_m_000011_0 1.0% 
2014-04-12 15:47:15,282 INFO org.apache.hadoop.mapred.TaskTracker: Task attempt_201404121544_0001_m_000011_0 is done.
2014-04-12 15:47:15,282 INFO org.apache.hadoop.mapred.TaskTracker: reported output size for attempt_201404121544_0001_m_000011_0  was 51204272
2014-04-12 15:47:15,282 INFO org.apache.hadoop.mapred.TaskTracker: addFreeSlot : current free slots : 3
2014-04-12 15:47:15,310 INFO org.apache.hadoop.mapred.TaskTracker: attempt_201404121544_0001_m_000006_0 1.0% 
2014-04-12 15:47:15,312 INFO org.apache.hadoop.mapred.TaskTracker: attempt_201404121544_0001_m_000006_0 1.0% 
2014-04-12 15:47:15,313 INFO org.apache.hadoop.mapred.TaskTracker: Task attempt_201404121544_0001_m_000006_0 is done.
2014-04-12 15:47:15,313 INFO org.apache.hadoop.mapred.TaskTracker: reported output size for attempt_201404121544_0001_m_000006_0  was 51676996
2014-04-12 15:47:15,314 INFO org.apache.hadoop.mapred.TaskTracker: addFreeSlot : current free slots : 4
2014-04-12 15:47:15,431 INFO org.apache.hadoop.mapred.TaskTracker: attempt_201404121544_0001_m_000001_0 1.0% 
2014-04-12 15:47:15,434 INFO org.apache.hadoop.mapred.TaskTracker: attempt_201404121544_0001_m_000001_0 1.0% 
2014-04-12 15:47:15,435 INFO org.apache.hadoop.mapred.TaskTracker: Task attempt_201404121544_0001_m_000001_0 is done.
2014-04-12 15:47:15,435 INFO org.apache.hadoop.mapred.TaskTracker: reported output size for attempt_201404121544_0001_m_000001_0  was 51831344
2014-04-12 15:47:15,435 INFO org.apache.hadoop.mapred.TaskTracker: addFreeSlot : current free slots : 5
2014-04-12 15:47:15,613 INFO org.apache.hadoop.mapred.TaskTracker: attempt_201404121544_0001_m_000008_0 1.0% 
2014-04-12 15:47:16,082 INFO org.apache.hadoop.mapred.TaskTracker: attempt_201404121544_0001_m_000003_0 1.0% 
2014-04-12 15:47:16,082 INFO org.apache.hadoop.mapred.TaskTracker: attempt_201404121544_0001_m_000004_0 1.0% 
2014-04-12 15:47:16,082 INFO org.apache.hadoop.mapred.TaskTracker: attempt_201404121544_0001_m_000010_0 1.0% 
2014-04-12 15:47:16,084 INFO org.apache.hadoop.mapred.TaskTracker: attempt_201404121544_0001_m_000008_0 1.0% 
2014-04-12 15:47:16,085 INFO org.apache.hadoop.mapred.TaskTracker: attempt_201404121544_0001_m_000010_0 1.0% 
2014-04-12 15:47:16,085 INFO org.apache.hadoop.mapred.TaskTracker: attempt_201404121544_0001_m_000003_0 1.0% 
2014-04-12 15:47:16,086 INFO org.apache.hadoop.mapred.TaskTracker: attempt_201404121544_0001_m_000004_0 1.0% 
2014-04-12 15:47:16,086 INFO org.apache.hadoop.mapred.TaskTracker: Task attempt_201404121544_0001_m_000010_0 is done.
2014-04-12 15:47:16,086 INFO org.apache.hadoop.mapred.TaskTracker: reported output size for attempt_201404121544_0001_m_000010_0  was 52554487
2014-04-12 15:47:16,086 INFO org.apache.hadoop.mapred.TaskTracker: Task attempt_201404121544_0001_m_000008_0 is done.
2014-04-12 15:47:16,086 INFO org.apache.hadoop.mapred.TaskTracker: reported output size for attempt_201404121544_0001_m_000008_0  was 52383082
2014-04-12 15:47:16,087 INFO org.apache.hadoop.mapred.TaskTracker: Task attempt_201404121544_0001_m_000004_0 is done.
2014-04-12 15:47:16,087 INFO org.apache.hadoop.mapred.TaskTracker: reported output size for attempt_201404121544_0001_m_000004_0  was 51961174
2014-04-12 15:47:16,087 INFO org.apache.hadoop.mapred.TaskTracker: addFreeSlot : current free slots : 6
2014-04-12 15:47:16,087 INFO org.apache.hadoop.mapred.TaskTracker: addFreeSlot : current free slots : 7
2014-04-12 15:47:16,087 INFO org.apache.hadoop.mapred.TaskTracker: Task attempt_201404121544_0001_m_000003_0 is done.
2014-04-12 15:47:16,087 INFO org.apache.hadoop.mapred.TaskTracker: reported output size for attempt_201404121544_0001_m_000003_0  was 54534354
2014-04-12 15:47:16,087 INFO org.apache.hadoop.mapred.TaskTracker: addFreeSlot : current free slots : 8
2014-04-12 15:47:16,087 INFO org.apache.hadoop.mapred.TaskTracker: addFreeSlot : current free slots : 9
2014-04-12 15:47:16,342 INFO org.apache.hadoop.mapred.JvmManager: JVM : jvm_201404121544_0001_m_1182119864 exited with exit code 0. Number of tasks it ran: 1
2014-04-12 15:47:16,429 INFO org.apache.hadoop.mapred.JvmManager: JVM : jvm_201404121544_0001_m_1264807939 exited with exit code 0. Number of tasks it ran: 1
2014-04-12 15:47:16,527 INFO org.apache.hadoop.mapred.JvmManager: JVM : jvm_201404121544_0001_m_506815328 exited with exit code 0. Number of tasks it ran: 1
2014-04-12 15:47:16,527 INFO org.apache.hadoop.mapred.JvmManager: JVM : jvm_201404121544_0001_m_1137657692 exited with exit code 0. Number of tasks it ran: 1
2014-04-12 15:47:16,527 INFO org.apache.hadoop.mapred.JvmManager: JVM : jvm_201404121544_0001_m_1458011315 exited with exit code 0. Number of tasks it ran: 1
2014-04-12 15:47:16,527 INFO org.apache.hadoop.mapred.JvmManager: JVM : jvm_201404121544_0001_m_1650911777 exited with exit code 0. Number of tasks it ran: 1
2014-04-12 15:47:16,528 INFO org.apache.hadoop.mapred.JvmManager: JVM : jvm_201404121544_0001_m_1371940000 exited with exit code 0. Number of tasks it ran: 1
2014-04-12 15:47:16,528 INFO org.apache.hadoop.mapred.JvmManager: JVM : jvm_201404121544_0001_m_79447321 exited with exit code 0. Number of tasks it ran: 1
2014-04-12 15:47:16,580 INFO org.apache.hadoop.mapred.TaskTracker: attempt_201404121544_0001_m_000005_0 1.0% 
2014-04-12 15:47:16,583 INFO org.apache.hadoop.mapred.TaskTracker: attempt_201404121544_0001_m_000005_0 1.0% 
2014-04-12 15:47:16,584 INFO org.apache.hadoop.mapred.TaskTracker: Task attempt_201404121544_0001_m_000005_0 is done.
2014-04-12 15:47:16,584 INFO org.apache.hadoop.mapred.TaskTracker: reported output size for attempt_201404121544_0001_m_000005_0  was 52209478
2014-04-12 15:47:16,584 INFO org.apache.hadoop.mapred.TaskTracker: addFreeSlot : current free slots : 10
2014-04-12 15:47:16,826 INFO org.apache.hadoop.mapred.TaskTracker: attempt_201404121544_0001_m_000009_0 1.0% 
2014-04-12 15:47:16,828 INFO org.apache.hadoop.mapred.TaskTracker: attempt_201404121544_0001_m_000009_0 1.0% 
2014-04-12 15:47:16,829 INFO org.apache.hadoop.mapred.TaskTracker: Task attempt_201404121544_0001_m_000009_0 is done.
2014-04-12 15:47:16,829 INFO org.apache.hadoop.mapred.TaskTracker: reported output size for attempt_201404121544_0001_m_000009_0  was 52147070
2014-04-12 15:47:16,830 INFO org.apache.hadoop.mapred.TaskTracker: addFreeSlot : current free slots : 11
2014-04-12 15:47:16,971 INFO org.apache.hadoop.mapred.JvmManager: JVM : jvm_201404121544_0001_m_35763278 exited with exit code 0. Number of tasks it ran: 1
2014-04-12 15:47:17,022 INFO org.apache.hadoop.mapred.TaskTracker: LaunchTaskAction (registerTask): attempt_201404121544_0001_r_000001_0 task's state:UNASSIGNED
2014-04-12 15:47:17,022 INFO org.apache.hadoop.mapred.TaskTracker: Trying to launch : attempt_201404121544_0001_r_000001_0 which needs 1 slots
2014-04-12 15:47:17,022 INFO org.apache.hadoop.mapred.TaskTracker: In TaskLauncher, current free slots : 1 and trying to launch attempt_201404121544_0001_r_000001_0 which needs 1 slots
2014-04-12 15:47:17,028 INFO org.apache.hadoop.mapred.JvmManager: In JvmRunner constructed JVM ID: jvm_201404121544_0001_r_1289738639
2014-04-12 15:47:17,028 INFO org.apache.hadoop.mapred.JvmManager: JVM Runner jvm_201404121544_0001_r_1289738639 spawned.
2014-04-12 15:47:17,029 INFO org.apache.hadoop.mapred.TaskController: Writing commands to /tmp/hadoop/hadoop-jmg3/mapred/local/ttprivate/taskTracker/jmg3/jobcache/job_201404121544_0001/attempt_201404121544_0001_r_000001_0/taskjvm.sh
2014-04-12 15:47:17,277 INFO org.apache.hadoop.mapred.TaskTracker: attempt_201404121544_0001_m_000000_0 1.0% 
2014-04-12 15:47:17,280 INFO org.apache.hadoop.mapred.TaskTracker: attempt_201404121544_0001_m_000000_0 1.0% 
2014-04-12 15:47:17,281 INFO org.apache.hadoop.mapred.TaskTracker: Task attempt_201404121544_0001_m_000000_0 is done.
2014-04-12 15:47:17,281 INFO org.apache.hadoop.mapred.TaskTracker: reported output size for attempt_201404121544_0001_m_000000_0  was 52640327
2014-04-12 15:47:17,281 INFO org.apache.hadoop.mapred.TaskTracker: addFreeSlot : current free slots : 12
2014-04-12 15:47:17,663 INFO org.apache.hadoop.mapred.TaskTracker: JVM with ID: jvm_201404121544_0001_r_1289738639 given task: attempt_201404121544_0001_r_000001_0
2014-04-12 15:47:18,554 INFO org.apache.hadoop.mapred.JvmManager: JVM : jvm_201404121544_0001_m_1925079121 exited with exit code 0. Number of tasks it ran: 1
2014-04-12 15:47:18,554 INFO org.apache.hadoop.mapred.JvmManager: JVM : jvm_201404121544_0001_m_1373906688 exited with exit code 0. Number of tasks it ran: 1
2014-04-12 15:47:18,554 INFO org.apache.hadoop.mapred.JvmManager: JVM : jvm_201404121544_0001_m_1289738639 exited with exit code 0. Number of tasks it ran: 1
2014-04-12 15:47:20,450 INFO org.apache.hadoop.mapred.TaskTracker.clienttrace: src: 192.168.110.214:50061, dest: 192.168.110.214:58237, bytes: 26046374, op: MAPRED_SHUFFLE, cliID: attempt_201404121544_0001_m_000007_0, duration: 103446835
2014-04-12 15:47:21,078 INFO org.apache.hadoop.mapred.TaskTracker: attempt_201404121544_0001_r_000000_0 0.02777778% reduce > copy (1 of 12 at 4.14 MB/s) > 
2014-04-12 15:47:21,395 INFO org.apache.hadoop.mapred.TaskTracker.clienttrace: src: 192.168.110.214:50061, dest: 192.168.110.214:58238, bytes: 25534365, op: MAPRED_SHUFFLE, cliID: attempt_201404121544_0001_m_000001_0, duration: 943405219
2014-04-12 15:47:22,391 INFO org.apache.hadoop.mapred.TaskTracker.clienttrace: src: 192.168.110.214:50061, dest: 192.168.110.214:58239, bytes: 25716025, op: MAPRED_SHUFFLE, cliID: attempt_201404121544_0001_m_000002_0, duration: 992416647
2014-04-12 15:47:24,115 INFO org.apache.hadoop.mapred.TaskTracker: attempt_201404121544_0001_r_000000_0 0.083333336% reduce > copy (3 of 12 at 9.21 MB/s) > 
2014-04-12 15:47:24,129 INFO org.apache.hadoop.mapred.TaskTracker: attempt_201404121544_0001_r_000001_0 0.0% reduce > copy > 
2014-04-12 15:47:24,202 INFO org.apache.hadoop.mapred.TaskTracker.clienttrace: src: 192.168.110.214:50061, dest: 192.168.110.214:58240, bytes: 27189448, op: MAPRED_SHUFFLE, cliID: attempt_201404121544_0001_m_000003_0, duration: 1809757466
2014-04-12 15:47:24,491 INFO org.apache.hadoop.mapred.TaskTracker.clienttrace: src: 192.168.110.214:50061, dest: 192.168.110.214:58241, bytes: 26760235, op: MAPRED_SHUFFLE, cliID: attempt_201404121544_0001_m_000007_0, duration: 294722524
2014-04-12 15:47:24,494 INFO org.apache.hadoop.mapred.TaskTracker.clienttrace: src: 192.168.110.214:50061, dest: 192.168.110.214:58242, bytes: 25575768, op: MAPRED_SHUFFLE, cliID: attempt_201404121544_0001_m_000004_0, duration: 289346841
2014-04-12 15:47:25,534 INFO org.apache.hadoop.mapred.TaskTracker.clienttrace: src: 192.168.110.214:50061, dest: 192.168.110.214:58243, bytes: 26296979, op: MAPRED_SHUFFLE, cliID: attempt_201404121544_0001_m_000001_0, duration: 1040407639
2014-04-12 15:47:25,889 INFO org.apache.hadoop.mapred.TaskTracker.clienttrace: src: 192.168.110.214:50061, dest: 192.168.110.214:58244, bytes: 25763742, op: MAPRED_SHUFFLE, cliID: attempt_201404121544_0001_m_000005_0, duration: 1393707481
2014-04-12 15:47:26,554 INFO org.apache.hadoop.mapred.TaskTracker.clienttrace: src: 192.168.110.214:50061, dest: 192.168.110.214:58245, bytes: 26481082, op: MAPRED_SHUFFLE, cliID: attempt_201404121544_0001_m_000002_0, duration: 966713421
2014-04-12 15:47:27,580 INFO org.apache.hadoop.mapred.TaskTracker.clienttrace: src: 192.168.110.214:50061, dest: 192.168.110.214:58247, bytes: 27344906, op: MAPRED_SHUFFLE, cliID: attempt_201404121544_0001_m_000003_0, duration: 1023682871
2014-04-12 15:47:27,151 INFO org.apache.hadoop.mapred.TaskTracker: attempt_201404121544_0001_r_000000_0 0.16666667% reduce > copy (6 of 12 at 13.51 MB/s) > 
2014-04-12 15:47:28,873 INFO org.apache.hadoop.mapred.TaskTracker.clienttrace: src: 192.168.110.214:50061, dest: 192.168.110.214:58246, bytes: 25532941, op: MAPRED_SHUFFLE, cliID: attempt_201404121544_0001_m_000006_0, duration: 2931864862
2014-04-12 15:47:29,609 INFO org.apache.hadoop.mapred.TaskTracker.clienttrace: src: 192.168.110.214:50061, dest: 192.168.110.214:58248, bytes: 26385406, op: MAPRED_SHUFFLE, cliID: attempt_201404121544_0001_m_000004_0, duration: 817361811
2014-04-12 15:47:29,647 INFO org.apache.hadoop.mapred.TaskTracker.clienttrace: src: 192.168.110.214:50061, dest: 192.168.110.214:58249, bytes: 25796926, op: MAPRED_SHUFFLE, cliID: attempt_201404121544_0001_m_000008_0, duration: 772118768
2014-04-12 15:47:30,167 INFO org.apache.hadoop.mapred.TaskTracker: attempt_201404121544_0001_r_000001_0 0.1388889% reduce > copy (5 of 12 at 10.59 MB/s) > 
2014-04-12 15:47:30,650 INFO org.apache.hadoop.mapred.TaskTracker.clienttrace: src: 192.168.110.214:50061, dest: 192.168.110.214:58250, bytes: 26445736, op: MAPRED_SHUFFLE, cliID: attempt_201404121544_0001_m_000005_0, duration: 1037224120
2014-04-12 15:47:30,671 INFO org.apache.hadoop.mapred.TaskTracker.clienttrace: src: 192.168.110.214:50061, dest: 192.168.110.214:58251, bytes: 25644142, op: MAPRED_SHUFFLE, cliID: attempt_201404121544_0001_m_000009_0, duration: 1021671161
2014-04-12 15:47:31,662 INFO org.apache.hadoop.mapred.TaskTracker.clienttrace: src: 192.168.110.214:50061, dest: 192.168.110.214:58250, bytes: 26144055, op: MAPRED_SHUFFLE, cliID: attempt_201404121544_0001_m_000006_0, duration: 1004891707
2014-04-12 15:47:32,727 INFO org.apache.hadoop.mapred.TaskTracker.clienttrace: src: 192.168.110.214:50061, dest: 192.168.110.214:58252, bytes: 26586156, op: MAPRED_SHUFFLE, cliID: attempt_201404121544_0001_m_000008_0, duration: 1005542766
2014-04-12 15:47:32,681 INFO org.apache.hadoop.mapred.TaskTracker.clienttrace: src: 192.168.110.214:50061, dest: 192.168.110.214:58251, bytes: 25874434, op: MAPRED_SHUFFLE, cliID: attempt_201404121544_0001_m_000010_0, duration: 1955842068
2014-04-12 15:47:31,824 INFO org.apache.hadoop.mapred.TaskTracker: attempt_201404121544_0001_r_000000_0 0.25% reduce > copy (9 of 12 at 13.88 MB/s) > 
2014-04-12 15:47:33,478 INFO org.apache.hadoop.mapred.TaskTracker: attempt_201404121544_0001_r_000001_0 0.19444446% reduce > copy (7 of 12 at 12.66 MB/s) > 
2014-04-12 15:47:33,731 INFO org.apache.hadoop.mapred.TaskTracker.clienttrace: src: 192.168.110.214:50061, dest: 192.168.110.214:58253, bytes: 25275757, op: MAPRED_SHUFFLE, cliID: attempt_201404121544_0001_m_000011_0, duration: 1047658979
2014-04-12 15:47:33,736 INFO org.apache.hadoop.mapred.TaskTracker.clienttrace: src: 192.168.110.214:50061, dest: 192.168.110.214:58254, bytes: 26502928, op: MAPRED_SHUFFLE, cliID: attempt_201404121544_0001_m_000009_0, duration: 257176439
2014-04-12 15:47:35,765 INFO org.apache.hadoop.mapred.TaskTracker.clienttrace: src: 192.168.110.214:50061, dest: 192.168.110.214:58253, bytes: 25922348, op: MAPRED_SHUFFLE, cliID: attempt_201404121544_0001_m_000000_0, duration: 2030066147
2014-04-12 15:47:35,767 INFO org.apache.hadoop.mapred.TaskTracker.clienttrace: src: 192.168.110.214:50061, dest: 192.168.110.214:58254, bytes: 26680053, op: MAPRED_SHUFFLE, cliID: attempt_201404121544_0001_m_000010_0, duration: 2010619378
2014-04-12 15:47:35,817 INFO org.apache.hadoop.mapred.TaskTracker.clienttrace: src: 192.168.110.214:50061, dest: 192.168.110.214:58254, bytes: 25928515, op: MAPRED_SHUFFLE, cliID: attempt_201404121544_0001_m_000011_0, duration: 48888785
2014-04-12 15:47:36,511 INFO org.apache.hadoop.mapred.TaskTracker: attempt_201404121544_0001_r_000000_0 0.30555558% reduce > copy (11 of 12 at 14.25 MB/s) > 
2014-04-12 15:47:36,525 INFO org.apache.hadoop.mapred.TaskTracker: attempt_201404121544_0001_r_000001_0 0.30555558% reduce > copy (11 of 12 at 15.45 MB/s) > 
2014-04-12 15:47:36,541 INFO org.apache.hadoop.mapred.TaskTracker: attempt_201404121544_0001_r_000000_0 0.30555558% reduce > copy (11 of 12 at 14.25 MB/s) > 
2014-04-12 15:47:36,829 INFO org.apache.hadoop.mapred.TaskTracker.clienttrace: src: 192.168.110.214:50061, dest: 192.168.110.214:58254, bytes: 26717979, op: MAPRED_SHUFFLE, cliID: attempt_201404121544_0001_m_000000_0, duration: 1001777060
2014-04-12 15:47:37,403 INFO org.apache.hadoop.mapred.TaskTracker: attempt_201404121544_0001_r_000000_0 0.30555558% reduce > copy (11 of 12 at 14.25 MB/s) > 
2014-04-12 15:47:37,496 INFO org.apache.hadoop.mapred.TaskTracker: attempt_201404121544_0001_r_000001_0 0.30555558% reduce > copy (11 of 12 at 15.45 MB/s) > 
2014-04-12 15:47:38,413 INFO org.apache.hadoop.mapred.TaskTracker: attempt_201404121544_0001_r_000001_0 0.30555558% reduce > copy (11 of 12 at 15.45 MB/s) > 
2014-04-12 15:47:39,545 INFO org.apache.hadoop.mapred.TaskTracker: attempt_201404121544_0001_r_000000_0 0.66668195% reduce > reduce
2014-04-12 15:47:39,571 INFO org.apache.hadoop.mapred.TaskTracker: attempt_201404121544_0001_r_000001_0 0.66669226% reduce > reduce
2014-04-12 15:47:40,910 INFO org.apache.hadoop.mapred.TaskTracker: Task attempt_201404121544_0001_r_000000_0 is in commit-pending, task state:COMMIT_PENDING
2014-04-12 15:47:40,910 INFO org.apache.hadoop.mapred.TaskTracker: attempt_201404121544_0001_r_000000_0 0.66668195% reduce > reduce
2014-04-12 15:47:42,493 INFO org.apache.hadoop.mapred.TaskTracker: Received commit task action for attempt_201404121544_0001_r_000000_0
2014-04-12 15:47:42,577 INFO org.apache.hadoop.mapred.TaskTracker: attempt_201404121544_0001_r_000000_0 0.66668195% reduce > reduce
2014-04-12 15:47:42,603 INFO org.apache.hadoop.mapred.TaskTracker: attempt_201404121544_0001_r_000001_0 0.66669226% reduce > reduce
2014-04-12 15:47:42,818 INFO org.apache.hadoop.mapred.TaskTracker: Task attempt_201404121544_0001_r_000001_0 is in commit-pending, task state:COMMIT_PENDING
2014-04-12 15:47:42,818 INFO org.apache.hadoop.mapred.TaskTracker: attempt_201404121544_0001_r_000001_0 0.66669226% reduce > reduce
2014-04-12 15:47:45,497 INFO org.apache.hadoop.mapred.TaskTracker: Received commit task action for attempt_201404121544_0001_r_000001_0
2014-04-12 15:47:45,606 INFO org.apache.hadoop.mapred.TaskTracker: attempt_201404121544_0001_r_000000_0 0.66668195% reduce > reduce
2014-04-12 15:47:45,608 INFO org.apache.hadoop.mapred.TaskTracker: attempt_201404121544_0001_r_000000_0 0.66668195% reduce > reduce
2014-04-12 15:47:45,609 INFO org.apache.hadoop.mapred.TaskTracker: Task attempt_201404121544_0001_r_000000_0 is done.
2014-04-12 15:47:45,609 INFO org.apache.hadoop.mapred.TaskTracker: reported output size for attempt_201404121544_0001_r_000000_0  was -1
2014-04-12 15:47:45,610 INFO org.apache.hadoop.mapred.TaskTracker: addFreeSlot : current free slots : 1
2014-04-12 15:47:45,937 INFO org.apache.hadoop.mapred.JvmManager: JVM : jvm_201404121544_0001_r_2144658339 exited with exit code 0. Number of tasks it ran: 1
2014-04-12 15:47:48,503 INFO org.apache.hadoop.mapred.TaskTracker: Received KillTaskAction for task: attempt_201404121544_0001_r_000000_0
2014-04-12 15:47:48,503 INFO org.apache.hadoop.mapred.TaskTracker: About to purge task: attempt_201404121544_0001_r_000000_0
2014-04-12 15:47:48,636 INFO org.apache.hadoop.mapred.TaskTracker: attempt_201404121544_0001_r_000001_0 0.66669226% reduce > reduce
2014-04-12 15:47:48,637 INFO org.apache.hadoop.mapred.TaskTracker: attempt_201404121544_0001_r_000001_0 0.66669226% reduce > reduce
2014-04-12 15:47:48,638 INFO org.apache.hadoop.mapred.TaskTracker: Task attempt_201404121544_0001_r_000001_0 is done.
2014-04-12 15:47:48,638 INFO org.apache.hadoop.mapred.TaskTracker: reported output size for attempt_201404121544_0001_r_000001_0  was -1
2014-04-12 15:47:48,639 INFO org.apache.hadoop.mapred.TaskTracker: addFreeSlot : current free slots : 2
2014-04-12 15:47:49,063 INFO org.apache.hadoop.mapred.JvmManager: JVM : jvm_201404121544_0001_r_1289738639 exited with exit code 0. Number of tasks it ran: 1
2014-04-12 15:47:51,514 INFO org.apache.hadoop.mapred.TaskTracker: LaunchTaskAction (registerTask): attempt_201404121544_0001_m_000012_0 task's state:UNASSIGNED
2014-04-12 15:47:51,514 INFO org.apache.hadoop.mapred.TaskTracker: Trying to launch : attempt_201404121544_0001_m_000012_0 which needs 1 slots
2014-04-12 15:47:51,514 INFO org.apache.hadoop.mapred.TaskTracker: Received KillTaskAction for task: attempt_201404121544_0001_r_000001_0
2014-04-12 15:47:51,514 INFO org.apache.hadoop.mapred.TaskTracker: In TaskLauncher, current free slots : 12 and trying to launch attempt_201404121544_0001_m_000012_0 which needs 1 slots
2014-04-12 15:47:51,514 INFO org.apache.hadoop.mapred.TaskTracker: About to purge task: attempt_201404121544_0001_r_000001_0
2014-04-12 15:47:51,519 INFO org.apache.hadoop.mapred.JvmManager: In JvmRunner constructed JVM ID: jvm_201404121544_0001_m_1075276672
2014-04-12 15:47:51,520 INFO org.apache.hadoop.mapred.JvmManager: JVM Runner jvm_201404121544_0001_m_1075276672 spawned.
2014-04-12 15:47:51,521 INFO org.apache.hadoop.mapred.TaskController: Writing commands to /tmp/hadoop/hadoop-jmg3/mapred/local/ttprivate/taskTracker/jmg3/jobcache/job_201404121544_0001/attempt_201404121544_0001_m_000012_0/taskjvm.sh
2014-04-12 15:47:52,131 INFO org.apache.hadoop.mapred.TaskTracker: JVM with ID: jvm_201404121544_0001_m_1075276672 given task: attempt_201404121544_0001_m_000012_0
2014-04-12 15:47:52,622 INFO org.apache.hadoop.mapred.TaskTracker: attempt_201404121544_0001_m_000012_0 0.0% 
2014-04-12 15:47:52,768 INFO org.mortbay.log: org.mortbay.io.nio.SelectorManager$SelectSet@3c0ed339 JVM BUG(s) - injecting delay14 times
2014-04-12 15:47:52,768 INFO org.mortbay.log: org.mortbay.io.nio.SelectorManager$SelectSet@3c0ed339 JVM BUG(s) - recreating selector 14 times, canceled keys 247 times
2014-04-12 15:47:55,540 INFO org.apache.hadoop.mapred.TaskTracker: attempt_201404121544_0001_m_000012_0 0.0% cleanup
2014-04-12 15:47:55,542 INFO org.apache.hadoop.mapred.TaskTracker: Task attempt_201404121544_0001_m_000012_0 is done.
2014-04-12 15:47:55,542 INFO org.apache.hadoop.mapred.TaskTracker: reported output size for attempt_201404121544_0001_m_000012_0  was -1
2014-04-12 15:47:55,542 INFO org.apache.hadoop.mapred.TaskTracker: addFreeSlot : current free slots : 12
2014-04-12 15:47:55,685 INFO org.apache.hadoop.mapred.JvmManager: JVM : jvm_201404121544_0001_m_1075276672 exited with exit code 0. Number of tasks it ran: 1
2014-04-12 15:47:57,560 INFO org.apache.hadoop.mapred.TaskTracker: Received 'KillJobAction' for job: job_201404121544_0001
2014-04-12 15:47:57,561 INFO org.apache.hadoop.mapred.IndexCache: Map ID attempt_201404121544_0001_m_000012_0 not found in cache
2014-04-12 15:47:57,562 INFO org.apache.hadoop.mapred.UserLogCleaner: Adding job_201404121544_0001 for user-log deletion with retainTimeStamp:1397422077562
