2014-04-14 01:15:04,043 INFO org.apache.hadoop.mapred.TaskTracker: STARTUP_MSG: 
/************************************************************
STARTUP_MSG: Starting TaskTracker
STARTUP_MSG:   host = node08.asa-web.amd.com/127.0.1.1
STARTUP_MSG:   args = []
STARTUP_MSG:   version = Unknown
STARTUP_MSG:   build = Unknown -r Unknown; compiled by 'Unknown' on Unknown
************************************************************/
2014-04-14 01:15:04,303 INFO org.apache.hadoop.metrics2.impl.MetricsConfig: loaded properties from hadoop-metrics2.properties
2014-04-14 01:15:04,368 INFO org.apache.hadoop.metrics2.impl.MetricsSourceAdapter: MBean for source MetricsSystem,sub=Stats registered.
2014-04-14 01:15:04,369 INFO org.apache.hadoop.metrics2.impl.MetricsSystemImpl: Scheduled snapshot period at 10 second(s).
2014-04-14 01:15:04,370 INFO org.apache.hadoop.metrics2.impl.MetricsSystemImpl: TaskTracker metrics system started
2014-04-14 01:15:04,721 INFO org.apache.hadoop.metrics2.impl.MetricsSourceAdapter: MBean for source ugi registered.
2014-04-14 01:15:04,731 WARN org.apache.hadoop.metrics2.impl.MetricsSystemImpl: Source name ugi already exists!
2014-04-14 01:15:10,030 INFO org.mortbay.log: Logging to org.slf4j.impl.Log4jLoggerAdapter(org.mortbay.log) via org.mortbay.log.Slf4jLog
2014-04-14 01:15:10,091 INFO org.apache.hadoop.http.HttpServer: Added global filtersafety (class=org.apache.hadoop.http.HttpServer$QuotingInputFilter)
2014-04-14 01:15:10,155 INFO org.apache.hadoop.mapred.TaskLogsTruncater: Initializing logs' truncater with mapRetainSize=-1 and reduceRetainSize=-1
2014-04-14 01:15:10,169 INFO org.apache.hadoop.mapred.TaskTracker: Starting tasktracker with owner as mgrossman
2014-04-14 01:15:10,172 INFO org.apache.hadoop.mapred.TaskTracker: Good mapred local directories are: /tmp/hadoop/hadoop-mgrossman/mapred/local
2014-04-14 01:15:10,183 INFO org.apache.hadoop.util.NativeCodeLoader: Loaded the native-hadoop library
2014-04-14 01:15:10,208 INFO org.apache.hadoop.metrics2.impl.MetricsSourceAdapter: MBean for source jvm registered.
2014-04-14 01:15:10,212 INFO org.apache.hadoop.metrics2.impl.MetricsSourceAdapter: MBean for source TaskTrackerMetrics registered.
2014-04-14 01:15:10,242 INFO org.apache.hadoop.ipc.Server: Starting SocketReader
2014-04-14 01:15:10,251 INFO org.apache.hadoop.metrics2.impl.MetricsSourceAdapter: MBean for source RpcDetailedActivityForPort38855 registered.
2014-04-14 01:15:10,252 INFO org.apache.hadoop.metrics2.impl.MetricsSourceAdapter: MBean for source RpcActivityForPort38855 registered.
2014-04-14 01:15:10,257 INFO org.apache.hadoop.ipc.Server: IPC Server listener on 38855: starting
2014-04-14 01:15:10,257 INFO org.apache.hadoop.ipc.Server: IPC Server Responder: starting
2014-04-14 01:15:10,260 INFO org.apache.hadoop.ipc.Server: IPC Server handler 1 on 38855: starting
2014-04-14 01:15:10,260 INFO org.apache.hadoop.ipc.Server: IPC Server handler 0 on 38855: starting
2014-04-14 01:15:10,260 INFO org.apache.hadoop.ipc.Server: IPC Server handler 2 on 38855: starting
2014-04-14 01:15:10,261 INFO org.apache.hadoop.ipc.Server: IPC Server handler 3 on 38855: starting
2014-04-14 01:15:10,261 INFO org.apache.hadoop.ipc.Server: IPC Server handler 4 on 38855: starting
2014-04-14 01:15:10,261 INFO org.apache.hadoop.ipc.Server: IPC Server handler 5 on 38855: starting
2014-04-14 01:15:10,261 INFO org.apache.hadoop.ipc.Server: IPC Server handler 6 on 38855: starting
2014-04-14 01:15:10,262 INFO org.apache.hadoop.ipc.Server: IPC Server handler 7 on 38855: starting
2014-04-14 01:15:10,262 INFO org.apache.hadoop.mapred.TaskTracker: TaskTracker up at: localhost/127.0.0.1:38855
2014-04-14 01:15:10,262 INFO org.apache.hadoop.mapred.TaskTracker: Starting tracker tracker_node08.asa-web.amd.com:localhost/127.0.0.1:38855
2014-04-14 01:15:30,313 INFO org.apache.hadoop.mapred.TaskTracker: Starting thread: Map-events fetcher for all reduce tasks on tracker_node08.asa-web.amd.com:localhost/127.0.0.1:38855
2014-04-14 01:15:30,322 INFO org.apache.hadoop.util.ProcessTree: setsid exited with exit code 0
2014-04-14 01:15:30,330 INFO org.apache.hadoop.mapred.TaskTracker:  Using ResourceCalculatorPlugin : org.apache.hadoop.util.LinuxResourceCalculatorPlugin@cf9091c
2014-04-14 01:15:30,334 WARN org.apache.hadoop.mapred.TaskTracker: TaskTracker's totalMemoryAllottedForTasks is -1. TaskMemoryManager is disabled.
2014-04-14 01:15:30,339 INFO org.apache.hadoop.mapred.IndexCache: IndexCache created with max memory = 10485760
2014-04-14 01:15:31,707 INFO org.apache.hadoop.metrics2.impl.MetricsSourceAdapter: MBean for source ShuffleServerMetrics registered.
2014-04-14 01:15:31,715 INFO org.apache.hadoop.http.HttpServer: Port returned by webServer.getConnectors()[0].getLocalPort() before open() is -1. Opening the listener on 50061
2014-04-14 01:15:31,715 INFO org.apache.hadoop.http.HttpServer: listener.getLocalPort() returned 50061 webServer.getConnectors()[0].getLocalPort() returned 50061
2014-04-14 01:15:31,715 INFO org.apache.hadoop.http.HttpServer: Jetty bound to port 50061
2014-04-14 01:15:31,716 INFO org.mortbay.log: jetty-6.1.26
2014-04-14 01:15:32,106 INFO org.mortbay.log: Started SelectChannelConnector@0.0.0.0:50061
2014-04-14 01:15:32,106 INFO org.apache.hadoop.mapred.TaskTracker: FILE_CACHE_SIZE for mapOutputServlet set to : 2000
2014-04-14 01:16:29,744 INFO org.apache.hadoop.mapred.TaskTracker: LaunchTaskAction (registerTask): attempt_201404140115_0001_m_000021_0 task's state:UNASSIGNED
2014-04-14 01:16:29,753 INFO org.apache.hadoop.mapred.TaskTracker: Trying to launch : attempt_201404140115_0001_m_000021_0 which needs 1 slots
2014-04-14 01:16:29,753 INFO org.apache.hadoop.mapred.TaskTracker: In TaskLauncher, current free slots : 4 and trying to launch attempt_201404140115_0001_m_000021_0 which needs 1 slots
2014-04-14 01:16:30,141 INFO org.apache.hadoop.mapred.JobLocalizer: Initializing user mgrossman on this TT.
2014-04-14 01:16:30,380 INFO org.apache.hadoop.mapred.JvmManager: In JvmRunner constructed JVM ID: jvm_201404140115_0001_m_777442642
2014-04-14 01:16:30,381 INFO org.apache.hadoop.mapred.JvmManager: JVM Runner jvm_201404140115_0001_m_777442642 spawned.
2014-04-14 01:16:30,386 INFO org.apache.hadoop.mapred.TaskController: Writing commands to /tmp/hadoop/hadoop-mgrossman/mapred/local/ttprivate/taskTracker/mgrossman/jobcache/job_201404140115_0001/attempt_201404140115_0001_m_000021_0/taskjvm.sh
2014-04-14 01:16:31,668 INFO org.apache.hadoop.mapred.TaskTracker: JVM with ID: jvm_201404140115_0001_m_777442642 given task: attempt_201404140115_0001_m_000021_0
2014-04-14 01:16:35,514 INFO org.apache.hadoop.mapred.TaskTracker: attempt_201404140115_0001_m_000021_0 0.0% setup
2014-04-14 01:16:35,518 INFO org.apache.hadoop.mapred.TaskTracker: Task attempt_201404140115_0001_m_000021_0 is done.
2014-04-14 01:16:35,518 INFO org.apache.hadoop.mapred.TaskTracker: reported output size for attempt_201404140115_0001_m_000021_0  was -1
2014-04-14 01:16:35,519 INFO org.apache.hadoop.mapred.TaskTracker: addFreeSlot : current free slots : 4
2014-04-14 01:16:35,763 INFO org.apache.hadoop.mapred.JvmManager: JVM : jvm_201404140115_0001_m_777442642 exited with exit code 0. Number of tasks it ran: 1
2014-04-14 01:16:35,789 INFO org.apache.hadoop.mapred.TaskTracker: LaunchTaskAction (registerTask): attempt_201404140115_0001_m_000000_0 task's state:UNASSIGNED
2014-04-14 01:16:35,789 INFO org.apache.hadoop.mapred.TaskTracker: LaunchTaskAction (registerTask): attempt_201404140115_0001_m_000001_0 task's state:UNASSIGNED
2014-04-14 01:16:35,789 INFO org.apache.hadoop.mapred.TaskTracker: LaunchTaskAction (registerTask): attempt_201404140115_0001_m_000002_0 task's state:UNASSIGNED
2014-04-14 01:16:35,789 INFO org.apache.hadoop.mapred.TaskTracker: LaunchTaskAction (registerTask): attempt_201404140115_0001_m_000003_0 task's state:UNASSIGNED
2014-04-14 01:16:35,789 INFO org.apache.hadoop.mapred.TaskTracker: Trying to launch : attempt_201404140115_0001_m_000000_0 which needs 1 slots
2014-04-14 01:16:35,790 INFO org.apache.hadoop.mapred.TaskTracker: Received KillTaskAction for task: attempt_201404140115_0001_m_000021_0
2014-04-14 01:16:35,790 INFO org.apache.hadoop.mapred.TaskTracker: In TaskLauncher, current free slots : 4 and trying to launch attempt_201404140115_0001_m_000000_0 which needs 1 slots
2014-04-14 01:16:35,790 INFO org.apache.hadoop.mapred.TaskTracker: About to purge task: attempt_201404140115_0001_m_000021_0
2014-04-14 01:16:35,790 INFO org.apache.hadoop.mapred.IndexCache: Map ID attempt_201404140115_0001_m_000021_0 not found in cache
2014-04-14 01:16:35,791 INFO org.apache.hadoop.mapred.TaskTracker: Trying to launch : attempt_201404140115_0001_m_000001_0 which needs 1 slots
2014-04-14 01:16:35,791 INFO org.apache.hadoop.mapred.TaskTracker: In TaskLauncher, current free slots : 3 and trying to launch attempt_201404140115_0001_m_000001_0 which needs 1 slots
2014-04-14 01:16:35,791 INFO org.apache.hadoop.mapred.TaskTracker: Trying to launch : attempt_201404140115_0001_m_000002_0 which needs 1 slots
2014-04-14 01:16:35,791 INFO org.apache.hadoop.mapred.TaskTracker: In TaskLauncher, current free slots : 2 and trying to launch attempt_201404140115_0001_m_000002_0 which needs 1 slots
2014-04-14 01:16:35,791 INFO org.apache.hadoop.mapred.TaskTracker: Trying to launch : attempt_201404140115_0001_m_000003_0 which needs 1 slots
2014-04-14 01:16:35,791 INFO org.apache.hadoop.mapred.TaskTracker: In TaskLauncher, current free slots : 1 and trying to launch attempt_201404140115_0001_m_000003_0 which needs 1 slots
2014-04-14 01:16:35,821 INFO org.apache.hadoop.mapred.JvmManager: In JvmRunner constructed JVM ID: jvm_201404140115_0001_m_1190903784
2014-04-14 01:16:35,821 INFO org.apache.hadoop.mapred.JvmManager: JVM Runner jvm_201404140115_0001_m_1190903784 spawned.
2014-04-14 01:16:35,821 INFO org.apache.hadoop.mapred.JvmManager: In JvmRunner constructed JVM ID: jvm_201404140115_0001_m_1943404142
2014-04-14 01:16:35,825 INFO org.apache.hadoop.mapred.JvmManager: JVM Runner jvm_201404140115_0001_m_1943404142 spawned.
2014-04-14 01:16:35,826 INFO org.apache.hadoop.mapred.JvmManager: In JvmRunner constructed JVM ID: jvm_201404140115_0001_m_672198464
2014-04-14 01:16:35,828 INFO org.apache.hadoop.mapred.JvmManager: JVM Runner jvm_201404140115_0001_m_672198464 spawned.
2014-04-14 01:16:35,828 INFO org.apache.hadoop.mapred.JvmManager: In JvmRunner constructed JVM ID: jvm_201404140115_0001_m_1067045678
2014-04-14 01:16:35,830 INFO org.apache.hadoop.mapred.JvmManager: JVM Runner jvm_201404140115_0001_m_1067045678 spawned.
2014-04-14 01:16:35,837 INFO org.apache.hadoop.mapred.TaskController: Writing commands to /tmp/hadoop/hadoop-mgrossman/mapred/local/ttprivate/taskTracker/mgrossman/jobcache/job_201404140115_0001/attempt_201404140115_0001_m_000001_0/taskjvm.sh
2014-04-14 01:16:35,837 INFO org.apache.hadoop.mapred.TaskController: Writing commands to /tmp/hadoop/hadoop-mgrossman/mapred/local/ttprivate/taskTracker/mgrossman/jobcache/job_201404140115_0001/attempt_201404140115_0001_m_000003_0/taskjvm.sh
2014-04-14 01:16:35,839 INFO org.apache.hadoop.mapred.TaskController: Writing commands to /tmp/hadoop/hadoop-mgrossman/mapred/local/ttprivate/taskTracker/mgrossman/jobcache/job_201404140115_0001/attempt_201404140115_0001_m_000000_0/taskjvm.sh
2014-04-14 01:16:35,837 INFO org.apache.hadoop.mapred.TaskController: Writing commands to /tmp/hadoop/hadoop-mgrossman/mapred/local/ttprivate/taskTracker/mgrossman/jobcache/job_201404140115_0001/attempt_201404140115_0001_m_000002_0/taskjvm.sh
2014-04-14 01:16:35,891 INFO org.apache.hadoop.io.nativeio.NativeIO: Initialized cache for UID to User mapping with a cache timeout of 14400 seconds.
2014-04-14 01:16:35,892 INFO org.apache.hadoop.io.nativeio.NativeIO: Got UserName mgrossman for UID 1007 from the native implementation
2014-04-14 01:16:37,314 INFO org.apache.hadoop.mapred.TaskTracker: JVM with ID: jvm_201404140115_0001_m_1067045678 given task: attempt_201404140115_0001_m_000000_0
2014-04-14 01:16:37,361 INFO org.apache.hadoop.mapred.TaskTracker: JVM with ID: jvm_201404140115_0001_m_1943404142 given task: attempt_201404140115_0001_m_000003_0
2014-04-14 01:16:37,365 INFO org.apache.hadoop.mapred.TaskTracker: JVM with ID: jvm_201404140115_0001_m_1190903784 given task: attempt_201404140115_0001_m_000001_0
2014-04-14 01:16:37,377 INFO org.apache.hadoop.mapred.TaskTracker: JVM with ID: jvm_201404140115_0001_m_672198464 given task: attempt_201404140115_0001_m_000002_0
2014-04-14 01:16:44,721 INFO org.apache.hadoop.mapred.TaskTracker: attempt_201404140115_0001_m_000002_0 0.49334642% 
2014-04-14 01:16:45,018 INFO org.apache.hadoop.mapred.TaskTracker: attempt_201404140115_0001_m_000001_0 0.37783444% 
2014-04-14 01:16:45,331 INFO org.apache.hadoop.mapred.TaskTracker: attempt_201404140115_0001_m_000000_0 0.5526427% 
2014-04-14 01:16:45,486 INFO org.apache.hadoop.mapred.TaskTracker: attempt_201404140115_0001_m_000003_0 0.48680142% 
2014-04-14 01:16:47,762 INFO org.apache.hadoop.mapred.TaskTracker: attempt_201404140115_0001_m_000002_0 1.0% 
2014-04-14 01:16:48,070 INFO org.apache.hadoop.mapred.TaskTracker: attempt_201404140115_0001_m_000001_0 1.0% 
2014-04-14 01:16:48,372 INFO org.apache.hadoop.mapred.TaskTracker: attempt_201404140115_0001_m_000000_0 1.0% 
2014-04-14 01:16:48,529 INFO org.apache.hadoop.mapred.TaskTracker: attempt_201404140115_0001_m_000003_0 1.0% 
2014-04-14 01:16:50,801 INFO org.apache.hadoop.mapred.TaskTracker: attempt_201404140115_0001_m_000002_0 1.0% 
2014-04-14 01:16:51,112 INFO org.apache.hadoop.mapred.TaskTracker: attempt_201404140115_0001_m_000001_0 1.0% 
2014-04-14 01:16:51,410 INFO org.apache.hadoop.mapred.TaskTracker: attempt_201404140115_0001_m_000000_0 1.0% 
2014-04-14 01:16:51,573 INFO org.apache.hadoop.mapred.TaskTracker: attempt_201404140115_0001_m_000003_0 1.0% 
2014-04-14 01:16:54,150 INFO org.apache.hadoop.mapred.TaskTracker: attempt_201404140115_0001_m_000001_0 1.0% 
2014-04-14 01:16:57,446 INFO org.apache.hadoop.mapred.TaskTracker: attempt_201404140115_0001_m_000000_0 1.0% 
2014-04-14 01:16:57,619 INFO org.apache.hadoop.mapred.TaskTracker: attempt_201404140115_0001_m_000003_0 1.0% 
2014-04-14 01:16:59,849 INFO org.apache.hadoop.mapred.TaskTracker: attempt_201404140115_0001_m_000002_0 1.0% 
2014-04-14 01:17:03,192 INFO org.apache.hadoop.mapred.TaskTracker: attempt_201404140115_0001_m_000001_0 1.0% 
2014-04-14 01:17:04,066 INFO org.apache.hadoop.mapred.TaskTracker: Task attempt_201404140115_0001_m_000002_0 is in commit-pending, task state:COMMIT_PENDING
2014-04-14 01:17:04,066 INFO org.apache.hadoop.mapred.TaskTracker: attempt_201404140115_0001_m_000002_0 1.0% 
2014-04-14 01:17:04,585 INFO org.apache.hadoop.mapred.TaskTracker: Task attempt_201404140115_0001_m_000001_0 is in commit-pending, task state:COMMIT_PENDING
2014-04-14 01:17:04,585 INFO org.apache.hadoop.mapred.TaskTracker: attempt_201404140115_0001_m_000001_0 1.0% 
2014-04-14 01:17:05,043 INFO org.apache.hadoop.mapred.TaskTracker: Task attempt_201404140115_0001_m_000000_0 is in commit-pending, task state:COMMIT_PENDING
2014-04-14 01:17:05,043 INFO org.apache.hadoop.mapred.TaskTracker: attempt_201404140115_0001_m_000000_0 1.0% 
2014-04-14 01:17:05,443 INFO org.apache.hadoop.mapred.TaskTracker: Task attempt_201404140115_0001_m_000003_0 is in commit-pending, task state:COMMIT_PENDING
2014-04-14 01:17:05,443 INFO org.apache.hadoop.mapred.TaskTracker: attempt_201404140115_0001_m_000003_0 1.0% 
2014-04-14 01:17:05,899 INFO org.apache.hadoop.mapred.TaskTracker: LaunchTaskAction (registerTask): attempt_201404140115_0001_m_000004_0 task's state:UNASSIGNED
2014-04-14 01:17:05,900 INFO org.apache.hadoop.mapred.TaskTracker: LaunchTaskAction (registerTask): attempt_201404140115_0001_m_000005_0 task's state:UNASSIGNED
2014-04-14 01:17:05,900 INFO org.apache.hadoop.mapred.TaskTracker: LaunchTaskAction (registerTask): attempt_201404140115_0001_m_000006_0 task's state:UNASSIGNED
2014-04-14 01:17:05,900 INFO org.apache.hadoop.mapred.TaskTracker: LaunchTaskAction (registerTask): attempt_201404140115_0001_m_000007_0 task's state:UNASSIGNED
2014-04-14 01:17:05,901 INFO org.apache.hadoop.mapred.TaskTracker: Received commit task action for attempt_201404140115_0001_m_000000_0
2014-04-14 01:17:05,901 INFO org.apache.hadoop.mapred.TaskTracker: Trying to launch : attempt_201404140115_0001_m_000004_0 which needs 1 slots
2014-04-14 01:17:05,901 INFO org.apache.hadoop.mapred.TaskTracker: Received commit task action for attempt_201404140115_0001_m_000001_0
2014-04-14 01:17:05,901 INFO org.apache.hadoop.mapred.TaskTracker: TaskLauncher : Waiting for 1 to launch attempt_201404140115_0001_m_000004_0, currently we have 0 free slots
2014-04-14 01:17:05,901 INFO org.apache.hadoop.mapred.TaskTracker: Received commit task action for attempt_201404140115_0001_m_000002_0
2014-04-14 01:17:05,901 INFO org.apache.hadoop.mapred.TaskTracker: Received commit task action for attempt_201404140115_0001_m_000003_0
2014-04-14 01:17:06,483 INFO org.apache.hadoop.mapred.TaskTracker: attempt_201404140115_0001_m_000000_0 1.0% 
2014-04-14 01:17:06,489 INFO org.apache.hadoop.mapred.TaskTracker: attempt_201404140115_0001_m_000000_0 1.0% 
2014-04-14 01:17:06,491 INFO org.apache.hadoop.mapred.TaskTracker: Task attempt_201404140115_0001_m_000000_0 is done.
2014-04-14 01:17:06,491 INFO org.apache.hadoop.mapred.TaskTracker: reported output size for attempt_201404140115_0001_m_000000_0  was -1
2014-04-14 01:17:06,492 INFO org.apache.hadoop.mapred.TaskTracker: addFreeSlot : current free slots : 1
2014-04-14 01:17:06,493 INFO org.apache.hadoop.mapred.TaskTracker: In TaskLauncher, current free slots : 1 and trying to launch attempt_201404140115_0001_m_000004_0 which needs 1 slots
2014-04-14 01:17:06,493 INFO org.apache.hadoop.mapred.TaskTracker: Trying to launch : attempt_201404140115_0001_m_000005_0 which needs 1 slots
2014-04-14 01:17:06,493 INFO org.apache.hadoop.mapred.TaskTracker: TaskLauncher : Waiting for 1 to launch attempt_201404140115_0001_m_000005_0, currently we have 0 free slots
2014-04-14 01:17:06,501 INFO org.apache.hadoop.mapred.JvmManager: Killing JVM: jvm_201404140115_0001_m_1067045678
2014-04-14 01:17:06,505 INFO org.apache.hadoop.mapred.JvmManager: In JvmRunner constructed JVM ID: jvm_201404140115_0001_m_1526507591
2014-04-14 01:17:06,505 INFO org.apache.hadoop.mapred.JvmManager: JVM Runner jvm_201404140115_0001_m_1526507591 spawned.
2014-04-14 01:17:06,507 INFO org.apache.hadoop.mapred.TaskController: Writing commands to /tmp/hadoop/hadoop-mgrossman/mapred/local/ttprivate/taskTracker/mgrossman/jobcache/job_201404140115_0001/attempt_201404140115_0001_m_000004_0/taskjvm.sh
2014-04-14 01:17:06,667 INFO org.apache.hadoop.mapred.TaskTracker: attempt_201404140115_0001_m_000003_0 1.0% 
2014-04-14 01:17:06,675 INFO org.apache.hadoop.mapred.TaskTracker: attempt_201404140115_0001_m_000003_0 1.0% 
2014-04-14 01:17:06,678 INFO org.apache.hadoop.mapred.TaskTracker: Task attempt_201404140115_0001_m_000003_0 is done.
2014-04-14 01:17:06,678 INFO org.apache.hadoop.mapred.TaskTracker: reported output size for attempt_201404140115_0001_m_000003_0  was -1
2014-04-14 01:17:06,678 INFO org.apache.hadoop.mapred.TaskTracker: addFreeSlot : current free slots : 1
2014-04-14 01:17:06,679 INFO org.apache.hadoop.mapred.TaskTracker: In TaskLauncher, current free slots : 1 and trying to launch attempt_201404140115_0001_m_000005_0 which needs 1 slots
2014-04-14 01:17:06,679 INFO org.apache.hadoop.mapred.TaskTracker: Trying to launch : attempt_201404140115_0001_m_000006_0 which needs 1 slots
2014-04-14 01:17:06,679 INFO org.apache.hadoop.mapred.TaskTracker: TaskLauncher : Waiting for 1 to launch attempt_201404140115_0001_m_000006_0, currently we have 0 free slots
2014-04-14 01:17:06,689 INFO org.apache.hadoop.mapred.JvmManager: Killing JVM: jvm_201404140115_0001_m_1943404142
2014-04-14 01:17:06,692 INFO org.apache.hadoop.mapred.JvmManager: In JvmRunner constructed JVM ID: jvm_201404140115_0001_m_1913800091
2014-04-14 01:17:06,692 INFO org.apache.hadoop.mapred.JvmManager: JVM Runner jvm_201404140115_0001_m_1913800091 spawned.
2014-04-14 01:17:06,696 INFO org.apache.hadoop.mapred.TaskController: Writing commands to /tmp/hadoop/hadoop-mgrossman/mapred/local/ttprivate/taskTracker/mgrossman/jobcache/job_201404140115_0001/attempt_201404140115_0001_m_000005_0/taskjvm.sh
2014-04-14 01:17:06,795 INFO org.apache.hadoop.mapred.JvmManager: JVM : jvm_201404140115_0001_m_1067045678 exited with exit code 0. Number of tasks it ran: 1
2014-04-14 01:17:06,983 INFO org.apache.hadoop.mapred.JvmManager: JVM : jvm_201404140115_0001_m_1943404142 exited with exit code 0. Number of tasks it ran: 1
2014-04-14 01:17:07,402 INFO org.apache.hadoop.mapred.TaskTracker: JVM with ID: jvm_201404140115_0001_m_1526507591 given task: attempt_201404140115_0001_m_000004_0
2014-04-14 01:17:07,574 INFO org.apache.hadoop.mapred.TaskTracker: JVM with ID: jvm_201404140115_0001_m_1913800091 given task: attempt_201404140115_0001_m_000005_0
2014-04-14 01:17:08,894 INFO org.apache.hadoop.mapred.TaskTracker: attempt_201404140115_0001_m_000002_0 1.0% 
2014-04-14 01:17:08,900 INFO org.apache.hadoop.mapred.TaskTracker: attempt_201404140115_0001_m_000002_0 1.0% 
2014-04-14 01:17:08,902 INFO org.apache.hadoop.mapred.TaskTracker: Task attempt_201404140115_0001_m_000002_0 is done.
2014-04-14 01:17:08,902 INFO org.apache.hadoop.mapred.TaskTracker: reported output size for attempt_201404140115_0001_m_000002_0  was -1
2014-04-14 01:17:08,903 INFO org.apache.hadoop.mapred.TaskTracker: addFreeSlot : current free slots : 1
2014-04-14 01:17:08,903 INFO org.apache.hadoop.mapred.TaskTracker: In TaskLauncher, current free slots : 1 and trying to launch attempt_201404140115_0001_m_000006_0 which needs 1 slots
2014-04-14 01:17:08,904 INFO org.apache.hadoop.mapred.TaskTracker: Trying to launch : attempt_201404140115_0001_m_000007_0 which needs 1 slots
2014-04-14 01:17:08,905 INFO org.apache.hadoop.mapred.TaskTracker: TaskLauncher : Waiting for 1 to launch attempt_201404140115_0001_m_000007_0, currently we have 0 free slots
2014-04-14 01:17:08,942 INFO org.apache.hadoop.mapred.JvmManager: Killing JVM: jvm_201404140115_0001_m_672198464
2014-04-14 01:17:08,942 INFO org.apache.hadoop.mapred.TaskTracker: Received commit task action for attempt_201404140115_0001_m_000002_0
2014-04-14 01:17:08,952 INFO org.apache.hadoop.mapred.JvmManager: In JvmRunner constructed JVM ID: jvm_201404140115_0001_m_843482782
2014-04-14 01:17:08,952 INFO org.apache.hadoop.mapred.JvmManager: JVM Runner jvm_201404140115_0001_m_843482782 spawned.
2014-04-14 01:17:08,963 INFO org.apache.hadoop.mapred.TaskController: Writing commands to /tmp/hadoop/hadoop-mgrossman/mapred/local/ttprivate/taskTracker/mgrossman/jobcache/job_201404140115_0001/attempt_201404140115_0001_m_000006_0/taskjvm.sh
2014-04-14 01:17:09,199 INFO org.apache.hadoop.mapred.JvmManager: JVM : jvm_201404140115_0001_m_672198464 exited with exit code 0. Number of tasks it ran: 1
2014-04-14 01:17:09,225 INFO org.apache.hadoop.mapred.TaskTracker: attempt_201404140115_0001_m_000001_0 1.0% 
2014-04-14 01:17:09,235 INFO org.apache.hadoop.mapred.TaskTracker: attempt_201404140115_0001_m_000001_0 1.0% 
2014-04-14 01:17:09,238 INFO org.apache.hadoop.mapred.TaskTracker: Task attempt_201404140115_0001_m_000001_0 is done.
2014-04-14 01:17:09,238 INFO org.apache.hadoop.mapred.TaskTracker: reported output size for attempt_201404140115_0001_m_000001_0  was -1
2014-04-14 01:17:09,238 INFO org.apache.hadoop.mapred.TaskTracker: addFreeSlot : current free slots : 1
2014-04-14 01:17:09,239 INFO org.apache.hadoop.mapred.TaskTracker: In TaskLauncher, current free slots : 1 and trying to launch attempt_201404140115_0001_m_000007_0 which needs 1 slots
2014-04-14 01:17:09,274 INFO org.apache.hadoop.mapred.JvmManager: Killing JVM: jvm_201404140115_0001_m_1190903784
2014-04-14 01:17:09,285 INFO org.apache.hadoop.mapred.JvmManager: In JvmRunner constructed JVM ID: jvm_201404140115_0001_m_854411416
2014-04-14 01:17:09,285 INFO org.apache.hadoop.mapred.JvmManager: JVM Runner jvm_201404140115_0001_m_854411416 spawned.
2014-04-14 01:17:09,287 INFO org.apache.hadoop.mapred.TaskController: Writing commands to /tmp/hadoop/hadoop-mgrossman/mapred/local/ttprivate/taskTracker/mgrossman/jobcache/job_201404140115_0001/attempt_201404140115_0001_m_000007_0/taskjvm.sh
2014-04-14 01:17:09,700 INFO org.apache.hadoop.mapred.JvmManager: JVM : jvm_201404140115_0001_m_1190903784 exited with exit code 0. Number of tasks it ran: 1
2014-04-14 01:17:10,804 INFO org.apache.hadoop.mapred.TaskTracker: JVM with ID: jvm_201404140115_0001_m_843482782 given task: attempt_201404140115_0001_m_000006_0
2014-04-14 01:17:10,871 INFO org.apache.hadoop.mapred.TaskTracker: JVM with ID: jvm_201404140115_0001_m_854411416 given task: attempt_201404140115_0001_m_000007_0
2014-04-14 01:17:14,169 INFO org.apache.hadoop.mapred.TaskTracker: attempt_201404140115_0001_m_000004_0 1.0% 
2014-04-14 01:17:14,387 INFO org.apache.hadoop.mapred.TaskTracker: attempt_201404140115_0001_m_000005_0 0.9185893% 
2014-04-14 01:17:17,221 INFO org.apache.hadoop.mapred.TaskTracker: attempt_201404140115_0001_m_000004_0 1.0% 
2014-04-14 01:17:17,436 INFO org.apache.hadoop.mapred.TaskTracker: attempt_201404140115_0001_m_000005_0 1.0% 
2014-04-14 01:17:18,575 INFO org.apache.hadoop.mapred.TaskTracker: attempt_201404140115_0001_m_000007_0 0.49584553% 
2014-04-14 01:17:19,606 INFO org.apache.hadoop.mapred.TaskTracker: attempt_201404140115_0001_m_000006_0 1.0% 
2014-04-14 01:17:20,265 INFO org.apache.hadoop.mapred.TaskTracker: attempt_201404140115_0001_m_000004_0 1.0% 
2014-04-14 01:17:20,478 INFO org.apache.hadoop.mapred.TaskTracker: attempt_201404140115_0001_m_000005_0 1.0% 
2014-04-14 01:17:21,614 INFO org.apache.hadoop.mapred.TaskTracker: attempt_201404140115_0001_m_000007_0 1.0% 
2014-04-14 01:17:22,648 INFO org.apache.hadoop.mapred.TaskTracker: attempt_201404140115_0001_m_000006_0 1.0% 
2014-04-14 01:17:23,308 INFO org.apache.hadoop.mapred.TaskTracker: attempt_201404140115_0001_m_000004_0 1.0% 
2014-04-14 01:17:23,514 INFO org.apache.hadoop.mapred.TaskTracker: attempt_201404140115_0001_m_000005_0 1.0% 
2014-04-14 01:17:24,655 INFO org.apache.hadoop.mapred.TaskTracker: attempt_201404140115_0001_m_000007_0 1.0% 
2014-04-14 01:17:25,687 INFO org.apache.hadoop.mapred.TaskTracker: attempt_201404140115_0001_m_000006_0 1.0% 
2014-04-14 01:17:27,359 INFO org.apache.hadoop.mapred.TaskTracker: Task attempt_201404140115_0001_m_000004_0 is in commit-pending, task state:COMMIT_PENDING
2014-04-14 01:17:27,359 INFO org.apache.hadoop.mapred.TaskTracker: attempt_201404140115_0001_m_000004_0 1.0% 
2014-04-14 01:17:29,553 INFO org.apache.hadoop.mapred.TaskTracker: attempt_201404140115_0001_m_000005_0 1.0% 
2014-04-14 01:17:30,015 INFO org.apache.hadoop.mapred.TaskTracker: LaunchTaskAction (registerTask): attempt_201404140115_0001_m_000008_0 task's state:UNASSIGNED
2014-04-14 01:17:30,016 INFO org.apache.hadoop.mapred.TaskTracker: Received commit task action for attempt_201404140115_0001_m_000004_0
2014-04-14 01:17:30,016 INFO org.apache.hadoop.mapred.TaskTracker: Trying to launch : attempt_201404140115_0001_m_000008_0 which needs 1 slots
2014-04-14 01:17:30,016 INFO org.apache.hadoop.mapred.TaskTracker: TaskLauncher : Waiting for 1 to launch attempt_201404140115_0001_m_000008_0, currently we have 0 free slots
2014-04-14 01:17:30,130 INFO org.apache.hadoop.mapred.TaskTracker: Task attempt_201404140115_0001_m_000005_0 is in commit-pending, task state:COMMIT_PENDING
2014-04-14 01:17:30,131 INFO org.apache.hadoop.mapred.TaskTracker: attempt_201404140115_0001_m_000005_0 1.0% 
2014-04-14 01:17:30,701 INFO org.apache.hadoop.mapred.TaskTracker: attempt_201404140115_0001_m_000007_0 1.0% 
2014-04-14 01:17:32,349 INFO org.apache.hadoop.mapred.TaskTracker: attempt_201404140115_0001_m_000004_0 1.0% 
2014-04-14 01:17:32,352 INFO org.apache.hadoop.mapred.TaskTracker: attempt_201404140115_0001_m_000004_0 1.0% 
2014-04-14 01:17:32,354 INFO org.apache.hadoop.mapred.TaskTracker: Task attempt_201404140115_0001_m_000004_0 is done.
2014-04-14 01:17:32,354 INFO org.apache.hadoop.mapred.TaskTracker: reported output size for attempt_201404140115_0001_m_000004_0  was -1
2014-04-14 01:17:32,355 INFO org.apache.hadoop.mapred.TaskTracker: addFreeSlot : current free slots : 1
2014-04-14 01:17:32,355 INFO org.apache.hadoop.mapred.TaskTracker: In TaskLauncher, current free slots : 1 and trying to launch attempt_201404140115_0001_m_000008_0 which needs 1 slots
2014-04-14 01:17:32,365 INFO org.apache.hadoop.mapred.JvmManager: Killing JVM: jvm_201404140115_0001_m_1526507591
2014-04-14 01:17:32,369 INFO org.apache.hadoop.mapred.JvmManager: In JvmRunner constructed JVM ID: jvm_201404140115_0001_m_686260742
2014-04-14 01:17:32,369 INFO org.apache.hadoop.mapred.JvmManager: JVM Runner jvm_201404140115_0001_m_686260742 spawned.
2014-04-14 01:17:32,371 INFO org.apache.hadoop.mapred.TaskController: Writing commands to /tmp/hadoop/hadoop-mgrossman/mapred/local/ttprivate/taskTracker/mgrossman/jobcache/job_201404140115_0001/attempt_201404140115_0001_m_000008_0/taskjvm.sh
2014-04-14 01:17:33,030 INFO org.apache.hadoop.mapred.TaskTracker: LaunchTaskAction (registerTask): attempt_201404140115_0001_m_000009_0 task's state:UNASSIGNED
2014-04-14 01:17:33,030 INFO org.apache.hadoop.mapred.TaskTracker: Trying to launch : attempt_201404140115_0001_m_000009_0 which needs 1 slots
2014-04-14 01:17:33,030 INFO org.apache.hadoop.mapred.TaskTracker: TaskLauncher : Waiting for 1 to launch attempt_201404140115_0001_m_000009_0, currently we have 0 free slots
2014-04-14 01:17:33,030 INFO org.apache.hadoop.mapred.TaskTracker: Received commit task action for attempt_201404140115_0001_m_000005_0
2014-04-14 01:17:33,145 INFO org.apache.hadoop.mapred.JvmManager: JVM : jvm_201404140115_0001_m_1526507591 exited with exit code 0. Number of tasks it ran: 1
2014-04-14 01:17:33,342 INFO org.apache.hadoop.mapred.TaskTracker: Task attempt_201404140115_0001_m_000006_0 is in commit-pending, task state:COMMIT_PENDING
2014-04-14 01:17:33,342 INFO org.apache.hadoop.mapred.TaskTracker: attempt_201404140115_0001_m_000006_0 1.0% 
2014-04-14 01:17:33,684 INFO org.apache.hadoop.mapred.TaskTracker: JVM with ID: jvm_201404140115_0001_m_686260742 given task: attempt_201404140115_0001_m_000008_0
2014-04-14 01:17:33,752 INFO org.apache.hadoop.mapred.TaskTracker: Task attempt_201404140115_0001_m_000007_0 is in commit-pending, task state:COMMIT_PENDING
2014-04-14 01:17:33,753 INFO org.apache.hadoop.mapred.TaskTracker: attempt_201404140115_0001_m_000007_0 1.0% 
2014-04-14 01:17:34,727 INFO org.apache.hadoop.mapred.TaskTracker: attempt_201404140115_0001_m_000006_0 1.0% 
2014-04-14 01:17:35,579 INFO org.apache.hadoop.mapred.TaskTracker: attempt_201404140115_0001_m_000005_0 1.0% 
2014-04-14 01:17:35,586 INFO org.apache.hadoop.mapred.TaskTracker: attempt_201404140115_0001_m_000005_0 1.0% 
2014-04-14 01:17:35,587 INFO org.apache.hadoop.mapred.TaskTracker: Task attempt_201404140115_0001_m_000005_0 is done.
2014-04-14 01:17:35,588 INFO org.apache.hadoop.mapred.TaskTracker: reported output size for attempt_201404140115_0001_m_000005_0  was -1
2014-04-14 01:17:35,588 INFO org.apache.hadoop.mapred.TaskTracker: addFreeSlot : current free slots : 1
2014-04-14 01:17:35,588 INFO org.apache.hadoop.mapred.TaskTracker: In TaskLauncher, current free slots : 1 and trying to launch attempt_201404140115_0001_m_000009_0 which needs 1 slots
2014-04-14 01:17:35,614 INFO org.apache.hadoop.mapred.JvmManager: Killing JVM: jvm_201404140115_0001_m_1913800091
2014-04-14 01:17:35,630 INFO org.apache.hadoop.mapred.JvmManager: In JvmRunner constructed JVM ID: jvm_201404140115_0001_m_946098722
2014-04-14 01:17:35,630 INFO org.apache.hadoop.mapred.JvmManager: JVM Runner jvm_201404140115_0001_m_946098722 spawned.
2014-04-14 01:17:35,631 INFO org.apache.hadoop.mapred.TaskController: Writing commands to /tmp/hadoop/hadoop-mgrossman/mapred/local/ttprivate/taskTracker/mgrossman/jobcache/job_201404140115_0001/attempt_201404140115_0001_m_000009_0/taskjvm.sh
2014-04-14 01:17:35,944 INFO org.apache.hadoop.mapred.JvmManager: JVM : jvm_201404140115_0001_m_1913800091 exited with exit code 0. Number of tasks it ran: 1
2014-04-14 01:17:36,049 INFO org.apache.hadoop.mapred.TaskTracker: LaunchTaskAction (registerTask): attempt_201404140115_0001_m_000010_0 task's state:UNASSIGNED
2014-04-14 01:17:36,049 INFO org.apache.hadoop.mapred.TaskTracker: Trying to launch : attempt_201404140115_0001_m_000010_0 which needs 1 slots
2014-04-14 01:17:36,049 INFO org.apache.hadoop.mapred.TaskTracker: TaskLauncher : Waiting for 1 to launch attempt_201404140115_0001_m_000010_0, currently we have 0 free slots
2014-04-14 01:17:36,049 INFO org.apache.hadoop.mapred.TaskTracker: LaunchTaskAction (registerTask): attempt_201404140115_0001_m_000011_0 task's state:UNASSIGNED
2014-04-14 01:17:36,049 INFO org.apache.hadoop.mapred.TaskTracker: Received commit task action for attempt_201404140115_0001_m_000006_0
2014-04-14 01:17:36,049 INFO org.apache.hadoop.mapred.TaskTracker: Received commit task action for attempt_201404140115_0001_m_000007_0
2014-04-14 01:17:36,733 INFO org.apache.hadoop.mapred.TaskTracker: attempt_201404140115_0001_m_000007_0 1.0% 
2014-04-14 01:17:36,769 INFO org.apache.hadoop.mapred.TaskTracker: JVM with ID: jvm_201404140115_0001_m_946098722 given task: attempt_201404140115_0001_m_000009_0
2014-04-14 01:17:37,767 INFO org.apache.hadoop.mapred.TaskTracker: attempt_201404140115_0001_m_000006_0 1.0% 
2014-04-14 01:17:37,770 INFO org.apache.hadoop.mapred.TaskTracker: attempt_201404140115_0001_m_000006_0 1.0% 
2014-04-14 01:17:37,771 INFO org.apache.hadoop.mapred.TaskTracker: Task attempt_201404140115_0001_m_000006_0 is done.
2014-04-14 01:17:37,771 INFO org.apache.hadoop.mapred.TaskTracker: reported output size for attempt_201404140115_0001_m_000006_0  was -1
2014-04-14 01:17:37,772 INFO org.apache.hadoop.mapred.TaskTracker: addFreeSlot : current free slots : 1
2014-04-14 01:17:37,773 INFO org.apache.hadoop.mapred.TaskTracker: In TaskLauncher, current free slots : 1 and trying to launch attempt_201404140115_0001_m_000010_0 which needs 1 slots
2014-04-14 01:17:37,773 INFO org.apache.hadoop.mapred.TaskTracker: Trying to launch : attempt_201404140115_0001_m_000011_0 which needs 1 slots
2014-04-14 01:17:37,773 INFO org.apache.hadoop.mapred.TaskTracker: TaskLauncher : Waiting for 1 to launch attempt_201404140115_0001_m_000011_0, currently we have 0 free slots
2014-04-14 01:17:37,783 INFO org.apache.hadoop.mapred.JvmManager: Killing JVM: jvm_201404140115_0001_m_843482782
2014-04-14 01:17:37,786 INFO org.apache.hadoop.mapred.JvmManager: In JvmRunner constructed JVM ID: jvm_201404140115_0001_m_235305011
2014-04-14 01:17:37,786 INFO org.apache.hadoop.mapred.JvmManager: JVM Runner jvm_201404140115_0001_m_235305011 spawned.
2014-04-14 01:17:37,789 INFO org.apache.hadoop.mapred.TaskController: Writing commands to /tmp/hadoop/hadoop-mgrossman/mapred/local/ttprivate/taskTracker/mgrossman/jobcache/job_201404140115_0001/attempt_201404140115_0001_m_000010_0/taskjvm.sh
2014-04-14 01:17:38,732 INFO org.apache.hadoop.mapred.TaskTracker: JVM with ID: jvm_201404140115_0001_m_235305011 given task: attempt_201404140115_0001_m_000010_0
2014-04-14 01:17:39,048 INFO org.apache.hadoop.mapred.JvmManager: JVM : jvm_201404140115_0001_m_843482782 exited with exit code 0. Number of tasks it ran: 1
2014-04-14 01:17:39,776 INFO org.apache.hadoop.mapred.TaskTracker: attempt_201404140115_0001_m_000007_0 1.0% 
2014-04-14 01:17:39,787 INFO org.apache.hadoop.mapred.TaskTracker: attempt_201404140115_0001_m_000007_0 1.0% 
2014-04-14 01:17:39,789 INFO org.apache.hadoop.mapred.TaskTracker: Task attempt_201404140115_0001_m_000007_0 is done.
2014-04-14 01:17:39,789 INFO org.apache.hadoop.mapred.TaskTracker: reported output size for attempt_201404140115_0001_m_000007_0  was -1
2014-04-14 01:17:39,789 INFO org.apache.hadoop.mapred.TaskTracker: addFreeSlot : current free slots : 1
2014-04-14 01:17:39,789 INFO org.apache.hadoop.mapred.TaskTracker: In TaskLauncher, current free slots : 1 and trying to launch attempt_201404140115_0001_m_000011_0 which needs 1 slots
2014-04-14 01:17:39,813 INFO org.apache.hadoop.mapred.JvmManager: Killing JVM: jvm_201404140115_0001_m_854411416
2014-04-14 01:17:39,821 INFO org.apache.hadoop.mapred.JvmManager: In JvmRunner constructed JVM ID: jvm_201404140115_0001_m_242949100
2014-04-14 01:17:39,822 INFO org.apache.hadoop.mapred.JvmManager: JVM Runner jvm_201404140115_0001_m_242949100 spawned.
2014-04-14 01:17:39,824 INFO org.apache.hadoop.mapred.TaskController: Writing commands to /tmp/hadoop/hadoop-mgrossman/mapred/local/ttprivate/taskTracker/mgrossman/jobcache/job_201404140115_0001/attempt_201404140115_0001_m_000011_0/taskjvm.sh
2014-04-14 01:17:40,687 INFO org.apache.hadoop.mapred.TaskTracker: attempt_201404140115_0001_m_000008_0 1.0% 
2014-04-14 01:17:41,335 INFO org.apache.hadoop.mapred.JvmManager: JVM : jvm_201404140115_0001_m_854411416 exited with exit code 0. Number of tasks it ran: 1
2014-04-14 01:17:41,356 INFO org.apache.hadoop.mapred.TaskTracker: JVM with ID: jvm_201404140115_0001_m_242949100 given task: attempt_201404140115_0001_m_000011_0
2014-04-14 01:17:42,138 INFO org.apache.hadoop.mapred.TaskTracker: Task attempt_201404140115_0001_m_000008_0 is in commit-pending, task state:COMMIT_PENDING
2014-04-14 01:17:42,138 INFO org.apache.hadoop.mapred.TaskTracker: attempt_201404140115_0001_m_000008_0 1.0% 
2014-04-14 01:17:43,572 INFO org.apache.hadoop.mapred.TaskTracker: attempt_201404140115_0001_m_000009_0 0.6737193% 
2014-04-14 01:17:43,719 INFO org.apache.hadoop.mapred.TaskTracker: attempt_201404140115_0001_m_000008_0 1.0% 
2014-04-14 01:17:45,101 INFO org.apache.hadoop.mapred.TaskTracker: LaunchTaskAction (registerTask): attempt_201404140115_0001_m_000012_0 task's state:UNASSIGNED
2014-04-14 01:17:45,101 INFO org.apache.hadoop.mapred.TaskTracker: Trying to launch : attempt_201404140115_0001_m_000012_0 which needs 1 slots
2014-04-14 01:17:45,102 INFO org.apache.hadoop.mapred.TaskTracker: TaskLauncher : Waiting for 1 to launch attempt_201404140115_0001_m_000012_0, currently we have 0 free slots
2014-04-14 01:17:45,102 INFO org.apache.hadoop.mapred.TaskTracker: Received commit task action for attempt_201404140115_0001_m_000008_0
2014-04-14 01:17:45,843 INFO org.apache.hadoop.mapred.TaskTracker: attempt_201404140115_0001_m_000010_0 0.8568137% 
2014-04-14 01:17:46,627 INFO org.apache.hadoop.mapred.TaskTracker: attempt_201404140115_0001_m_000009_0 1.0% 
2014-04-14 01:17:46,761 INFO org.apache.hadoop.mapred.TaskTracker: attempt_201404140115_0001_m_000008_0 1.0% 
2014-04-14 01:17:46,765 INFO org.apache.hadoop.mapred.TaskTracker: attempt_201404140115_0001_m_000008_0 1.0% 
2014-04-14 01:17:46,767 INFO org.apache.hadoop.mapred.TaskTracker: Task attempt_201404140115_0001_m_000008_0 is done.
2014-04-14 01:17:46,767 INFO org.apache.hadoop.mapred.TaskTracker: reported output size for attempt_201404140115_0001_m_000008_0  was -1
2014-04-14 01:17:46,768 INFO org.apache.hadoop.mapred.TaskTracker: addFreeSlot : current free slots : 1
2014-04-14 01:17:46,770 INFO org.apache.hadoop.mapred.TaskTracker: In TaskLauncher, current free slots : 1 and trying to launch attempt_201404140115_0001_m_000012_0 which needs 1 slots
2014-04-14 01:17:46,802 INFO org.apache.hadoop.mapred.JvmManager: Killing JVM: jvm_201404140115_0001_m_686260742
2014-04-14 01:17:46,810 INFO org.apache.hadoop.mapred.JvmManager: In JvmRunner constructed JVM ID: jvm_201404140115_0001_m_1277719086
2014-04-14 01:17:46,810 INFO org.apache.hadoop.mapred.JvmManager: JVM Runner jvm_201404140115_0001_m_1277719086 spawned.
2014-04-14 01:17:46,815 INFO org.apache.hadoop.mapred.TaskController: Writing commands to /tmp/hadoop/hadoop-mgrossman/mapred/local/ttprivate/taskTracker/mgrossman/jobcache/job_201404140115_0001/attempt_201404140115_0001_m_000012_0/taskjvm.sh
2014-04-14 01:17:48,077 INFO org.apache.hadoop.mapred.TaskTracker: JVM with ID: jvm_201404140115_0001_m_1277719086 given task: attempt_201404140115_0001_m_000012_0
2014-04-14 01:17:48,571 INFO org.apache.hadoop.mapred.TaskTracker: attempt_201404140115_0001_m_000011_0 1.0% 
2014-04-14 01:17:48,913 INFO org.apache.hadoop.mapred.TaskTracker: attempt_201404140115_0001_m_000010_0 1.0% 
2014-04-14 01:17:49,671 INFO org.apache.hadoop.mapred.TaskTracker: attempt_201404140115_0001_m_000009_0 1.0% 
2014-04-14 01:17:51,609 INFO org.apache.hadoop.mapred.TaskTracker: attempt_201404140115_0001_m_000011_0 1.0% 
2014-04-14 01:17:51,619 INFO org.apache.hadoop.mapred.JvmManager: JVM : jvm_201404140115_0001_m_686260742 exited with exit code 0. Number of tasks it ran: 1
2014-04-14 01:17:51,968 INFO org.apache.hadoop.mapred.TaskTracker: attempt_201404140115_0001_m_000010_0 1.0% 
2014-04-14 01:17:52,442 INFO org.apache.hadoop.mapred.TaskTracker: Task attempt_201404140115_0001_m_000009_0 is in commit-pending, task state:COMMIT_PENDING
2014-04-14 01:17:52,442 INFO org.apache.hadoop.mapred.TaskTracker: attempt_201404140115_0001_m_000009_0 1.0% 
2014-04-14 01:17:54,132 INFO org.apache.hadoop.mapred.TaskTracker: LaunchTaskAction (registerTask): attempt_201404140115_0001_m_000013_0 task's state:UNASSIGNED
2014-04-14 01:17:54,132 INFO org.apache.hadoop.mapred.TaskTracker: Trying to launch : attempt_201404140115_0001_m_000013_0 which needs 1 slots
2014-04-14 01:17:54,132 INFO org.apache.hadoop.mapred.TaskTracker: TaskLauncher : Waiting for 1 to launch attempt_201404140115_0001_m_000013_0, currently we have 0 free slots
2014-04-14 01:17:54,132 INFO org.apache.hadoop.mapred.TaskTracker: Received commit task action for attempt_201404140115_0001_m_000009_0
2014-04-14 01:17:55,014 INFO org.apache.hadoop.mapred.TaskTracker: attempt_201404140115_0001_m_000010_0 1.0% 
2014-04-14 01:17:55,714 INFO org.apache.hadoop.mapred.TaskTracker: attempt_201404140115_0001_m_000009_0 1.0% 
2014-04-14 01:17:55,718 INFO org.apache.hadoop.mapred.TaskTracker: attempt_201404140115_0001_m_000009_0 1.0% 
2014-04-14 01:17:55,721 INFO org.apache.hadoop.mapred.TaskTracker: Task attempt_201404140115_0001_m_000009_0 is done.
2014-04-14 01:17:55,721 INFO org.apache.hadoop.mapred.TaskTracker: reported output size for attempt_201404140115_0001_m_000009_0  was -1
2014-04-14 01:17:55,721 INFO org.apache.hadoop.mapred.TaskTracker: addFreeSlot : current free slots : 1
2014-04-14 01:17:55,722 INFO org.apache.hadoop.mapred.TaskTracker: In TaskLauncher, current free slots : 1 and trying to launch attempt_201404140115_0001_m_000013_0 which needs 1 slots
2014-04-14 01:17:55,734 INFO org.apache.hadoop.mapred.JvmManager: Killing JVM: jvm_201404140115_0001_m_946098722
2014-04-14 01:17:55,738 INFO org.apache.hadoop.mapred.JvmManager: In JvmRunner constructed JVM ID: jvm_201404140115_0001_m_1371501165
2014-04-14 01:17:55,739 INFO org.apache.hadoop.mapred.JvmManager: JVM Runner jvm_201404140115_0001_m_1371501165 spawned.
2014-04-14 01:17:55,741 INFO org.apache.hadoop.mapred.TaskController: Writing commands to /tmp/hadoop/hadoop-mgrossman/mapred/local/ttprivate/taskTracker/mgrossman/jobcache/job_201404140115_0001/attempt_201404140115_0001_m_000013_0/taskjvm.sh
2014-04-14 01:17:56,795 INFO org.apache.hadoop.mapred.TaskTracker: JVM with ID: jvm_201404140115_0001_m_1371501165 given task: attempt_201404140115_0001_m_000013_0
2014-04-14 01:17:57,654 INFO org.apache.hadoop.mapred.TaskTracker: attempt_201404140115_0001_m_000011_0 1.0% 
2014-04-14 01:17:57,957 INFO org.apache.hadoop.mapred.TaskTracker: attempt_201404140115_0001_m_000012_0 1.0% 
2014-04-14 01:17:58,052 INFO org.apache.hadoop.mapred.TaskTracker: attempt_201404140115_0001_m_000010_0 1.0% 
2014-04-14 01:17:58,835 INFO org.apache.hadoop.mapred.JvmManager: JVM : jvm_201404140115_0001_m_946098722 exited with exit code 0. Number of tasks it ran: 1
2014-04-14 01:17:59,075 INFO org.apache.hadoop.mapred.TaskTracker: Task attempt_201404140115_0001_m_000010_0 is in commit-pending, task state:COMMIT_PENDING
2014-04-14 01:17:59,075 INFO org.apache.hadoop.mapred.TaskTracker: attempt_201404140115_0001_m_000010_0 1.0% 
2014-04-14 01:17:59,658 INFO org.apache.hadoop.mapred.TaskTracker: Task attempt_201404140115_0001_m_000011_0 is in commit-pending, task state:COMMIT_PENDING
2014-04-14 01:17:59,658 INFO org.apache.hadoop.mapred.TaskTracker: attempt_201404140115_0001_m_000011_0 1.0% 
2014-04-14 01:18:00,155 INFO org.apache.hadoop.mapred.TaskTracker: LaunchTaskAction (registerTask): attempt_201404140115_0001_m_000014_0 task's state:UNASSIGNED
2014-04-14 01:18:00,155 INFO org.apache.hadoop.mapred.TaskTracker: LaunchTaskAction (registerTask): attempt_201404140115_0001_m_000015_0 task's state:UNASSIGNED
2014-04-14 01:18:00,156 INFO org.apache.hadoop.mapred.TaskTracker: Received commit task action for attempt_201404140115_0001_m_000010_0
2014-04-14 01:18:00,156 INFO org.apache.hadoop.mapred.TaskTracker: Trying to launch : attempt_201404140115_0001_m_000014_0 which needs 1 slots
2014-04-14 01:18:00,156 INFO org.apache.hadoop.mapred.TaskTracker: Received commit task action for attempt_201404140115_0001_m_000011_0
2014-04-14 01:18:00,156 INFO org.apache.hadoop.mapred.TaskTracker: TaskLauncher : Waiting for 1 to launch attempt_201404140115_0001_m_000014_0, currently we have 0 free slots
2014-04-14 01:18:01,000 INFO org.apache.hadoop.mapred.TaskTracker: attempt_201404140115_0001_m_000012_0 1.0% 
2014-04-14 01:18:03,591 INFO org.apache.hadoop.mapred.TaskTracker: attempt_201404140115_0001_m_000013_0 1.0% 
2014-04-14 01:18:03,693 INFO org.apache.hadoop.mapred.TaskTracker: attempt_201404140115_0001_m_000011_0 1.0% 
2014-04-14 01:18:03,698 INFO org.apache.hadoop.mapred.TaskTracker: attempt_201404140115_0001_m_000011_0 1.0% 
2014-04-14 01:18:03,700 INFO org.apache.hadoop.mapred.TaskTracker: Task attempt_201404140115_0001_m_000011_0 is done.
2014-04-14 01:18:03,700 INFO org.apache.hadoop.mapred.TaskTracker: reported output size for attempt_201404140115_0001_m_000011_0  was -1
2014-04-14 01:18:03,702 INFO org.apache.hadoop.mapred.TaskTracker: addFreeSlot : current free slots : 1
2014-04-14 01:18:03,702 INFO org.apache.hadoop.mapred.TaskTracker: In TaskLauncher, current free slots : 1 and trying to launch attempt_201404140115_0001_m_000014_0 which needs 1 slots
2014-04-14 01:18:03,702 INFO org.apache.hadoop.mapred.TaskTracker: Trying to launch : attempt_201404140115_0001_m_000015_0 which needs 1 slots
2014-04-14 01:18:03,703 INFO org.apache.hadoop.mapred.TaskTracker: TaskLauncher : Waiting for 1 to launch attempt_201404140115_0001_m_000015_0, currently we have 0 free slots
2014-04-14 01:18:03,712 INFO org.apache.hadoop.mapred.JvmManager: Killing JVM: jvm_201404140115_0001_m_242949100
2014-04-14 01:18:03,717 INFO org.apache.hadoop.mapred.JvmManager: In JvmRunner constructed JVM ID: jvm_201404140115_0001_m_1138304609
2014-04-14 01:18:03,717 INFO org.apache.hadoop.mapred.JvmManager: JVM Runner jvm_201404140115_0001_m_1138304609 spawned.
2014-04-14 01:18:03,721 INFO org.apache.hadoop.mapred.TaskController: Writing commands to /tmp/hadoop/hadoop-mgrossman/mapred/local/ttprivate/taskTracker/mgrossman/jobcache/job_201404140115_0001/attempt_201404140115_0001_m_000014_0/taskjvm.sh
2014-04-14 01:18:04,036 INFO org.apache.hadoop.mapred.TaskTracker: attempt_201404140115_0001_m_000012_0 1.0% 
2014-04-14 01:18:04,095 INFO org.apache.hadoop.mapred.TaskTracker: attempt_201404140115_0001_m_000010_0 1.0% 
2014-04-14 01:18:04,099 INFO org.apache.hadoop.mapred.TaskTracker: attempt_201404140115_0001_m_000010_0 1.0% 
2014-04-14 01:18:04,100 INFO org.apache.hadoop.mapred.TaskTracker: Task attempt_201404140115_0001_m_000010_0 is done.
2014-04-14 01:18:04,101 INFO org.apache.hadoop.mapred.TaskTracker: reported output size for attempt_201404140115_0001_m_000010_0  was -1
2014-04-14 01:18:04,104 INFO org.apache.hadoop.mapred.TaskTracker: addFreeSlot : current free slots : 1
2014-04-14 01:18:04,105 INFO org.apache.hadoop.mapred.TaskTracker: In TaskLauncher, current free slots : 1 and trying to launch attempt_201404140115_0001_m_000015_0 which needs 1 slots
2014-04-14 01:18:04,116 INFO org.apache.hadoop.mapred.JvmManager: Killing JVM: jvm_201404140115_0001_m_235305011
2014-04-14 01:18:04,124 INFO org.apache.hadoop.mapred.JvmManager: In JvmRunner constructed JVM ID: jvm_201404140115_0001_m_1452363123
2014-04-14 01:18:04,124 INFO org.apache.hadoop.mapred.JvmManager: JVM Runner jvm_201404140115_0001_m_1452363123 spawned.
2014-04-14 01:18:04,126 INFO org.apache.hadoop.mapred.TaskController: Writing commands to /tmp/hadoop/hadoop-mgrossman/mapred/local/ttprivate/taskTracker/mgrossman/jobcache/job_201404140115_0001/attempt_201404140115_0001_m_000015_0/taskjvm.sh
2014-04-14 01:18:05,239 INFO org.apache.hadoop.mapred.TaskTracker: JVM with ID: jvm_201404140115_0001_m_1138304609 given task: attempt_201404140115_0001_m_000014_0
2014-04-14 01:18:05,550 INFO org.apache.hadoop.mapred.TaskTracker: JVM with ID: jvm_201404140115_0001_m_1452363123 given task: attempt_201404140115_0001_m_000015_0
2014-04-14 01:18:06,258 INFO org.apache.hadoop.mapred.JvmManager: JVM : jvm_201404140115_0001_m_242949100 exited with exit code 0. Number of tasks it ran: 1
2014-04-14 01:18:06,269 INFO org.apache.hadoop.mapred.JvmManager: JVM : jvm_201404140115_0001_m_235305011 exited with exit code 0. Number of tasks it ran: 1
2014-04-14 01:18:06,459 INFO org.apache.hadoop.mapred.TaskTracker: Task attempt_201404140115_0001_m_000012_0 is in commit-pending, task state:COMMIT_PENDING
2014-04-14 01:18:06,459 INFO org.apache.hadoop.mapred.TaskTracker: attempt_201404140115_0001_m_000012_0 1.0% 
2014-04-14 01:18:06,646 INFO org.apache.hadoop.mapred.TaskTracker: attempt_201404140115_0001_m_000013_0 1.0% 
2014-04-14 01:18:06,999 INFO org.apache.hadoop.mapred.TaskTracker: Task attempt_201404140115_0001_m_000013_0 is in commit-pending, task state:COMMIT_PENDING
2014-04-14 01:18:06,999 INFO org.apache.hadoop.mapred.TaskTracker: attempt_201404140115_0001_m_000013_0 1.0% 
2014-04-14 01:18:07,071 INFO org.apache.hadoop.mapred.TaskTracker: attempt_201404140115_0001_m_000012_0 1.0% 
2014-04-14 01:18:09,201 INFO org.apache.hadoop.mapred.TaskTracker: LaunchTaskAction (registerTask): attempt_201404140115_0001_m_000016_0 task's state:UNASSIGNED
2014-04-14 01:18:09,202 INFO org.apache.hadoop.mapred.TaskTracker: LaunchTaskAction (registerTask): attempt_201404140115_0001_m_000017_0 task's state:UNASSIGNED
2014-04-14 01:18:09,202 INFO org.apache.hadoop.mapred.TaskTracker: Received commit task action for attempt_201404140115_0001_m_000012_0
2014-04-14 01:18:09,202 INFO org.apache.hadoop.mapred.TaskTracker: Trying to launch : attempt_201404140115_0001_m_000016_0 which needs 1 slots
2014-04-14 01:18:09,203 INFO org.apache.hadoop.mapred.TaskTracker: Received commit task action for attempt_201404140115_0001_m_000013_0
2014-04-14 01:18:09,203 INFO org.apache.hadoop.mapred.TaskTracker: TaskLauncher : Waiting for 1 to launch attempt_201404140115_0001_m_000016_0, currently we have 0 free slots
2014-04-14 01:18:09,684 INFO org.apache.hadoop.mapred.TaskTracker: attempt_201404140115_0001_m_000013_0 1.0% 
2014-04-14 01:18:10,098 INFO org.apache.hadoop.mapred.TaskTracker: attempt_201404140115_0001_m_000012_0 1.0% 
2014-04-14 01:18:10,101 INFO org.apache.hadoop.mapred.TaskTracker: attempt_201404140115_0001_m_000012_0 1.0% 
2014-04-14 01:18:10,102 INFO org.apache.hadoop.mapred.TaskTracker: Task attempt_201404140115_0001_m_000012_0 is done.
2014-04-14 01:18:10,102 INFO org.apache.hadoop.mapred.TaskTracker: reported output size for attempt_201404140115_0001_m_000012_0  was -1
2014-04-14 01:18:10,103 INFO org.apache.hadoop.mapred.TaskTracker: addFreeSlot : current free slots : 1
2014-04-14 01:18:10,104 INFO org.apache.hadoop.mapred.TaskTracker: In TaskLauncher, current free slots : 1 and trying to launch attempt_201404140115_0001_m_000016_0 which needs 1 slots
2014-04-14 01:18:10,104 INFO org.apache.hadoop.mapred.TaskTracker: Trying to launch : attempt_201404140115_0001_m_000017_0 which needs 1 slots
2014-04-14 01:18:10,104 INFO org.apache.hadoop.mapred.TaskTracker: TaskLauncher : Waiting for 1 to launch attempt_201404140115_0001_m_000017_0, currently we have 0 free slots
2014-04-14 01:18:10,118 INFO org.apache.hadoop.mapred.JvmManager: Killing JVM: jvm_201404140115_0001_m_1277719086
2014-04-14 01:18:10,121 INFO org.apache.hadoop.mapred.JvmManager: In JvmRunner constructed JVM ID: jvm_201404140115_0001_m_921827726
2014-04-14 01:18:10,122 INFO org.apache.hadoop.mapred.JvmManager: JVM Runner jvm_201404140115_0001_m_921827726 spawned.
2014-04-14 01:18:10,123 INFO org.apache.hadoop.mapred.TaskController: Writing commands to /tmp/hadoop/hadoop-mgrossman/mapred/local/ttprivate/taskTracker/mgrossman/jobcache/job_201404140115_0001/attempt_201404140115_0001_m_000016_0/taskjvm.sh
2014-04-14 01:18:11,353 INFO org.apache.hadoop.mapred.TaskTracker: JVM with ID: jvm_201404140115_0001_m_921827726 given task: attempt_201404140115_0001_m_000016_0
2014-04-14 01:18:12,726 INFO org.apache.hadoop.mapred.TaskTracker: attempt_201404140115_0001_m_000013_0 1.0% 
2014-04-14 01:18:12,730 INFO org.apache.hadoop.mapred.TaskTracker: attempt_201404140115_0001_m_000014_0 1.0% 
2014-04-14 01:18:12,732 INFO org.apache.hadoop.mapred.TaskTracker: attempt_201404140115_0001_m_000013_0 1.0% 
2014-04-14 01:18:12,735 INFO org.apache.hadoop.mapred.TaskTracker: Task attempt_201404140115_0001_m_000013_0 is done.
2014-04-14 01:18:12,735 INFO org.apache.hadoop.mapred.TaskTracker: reported output size for attempt_201404140115_0001_m_000013_0  was -1
2014-04-14 01:18:12,738 INFO org.apache.hadoop.mapred.TaskTracker: addFreeSlot : current free slots : 1
2014-04-14 01:18:12,739 INFO org.apache.hadoop.mapred.TaskTracker: In TaskLauncher, current free slots : 1 and trying to launch attempt_201404140115_0001_m_000017_0 which needs 1 slots
2014-04-14 01:18:12,771 INFO org.apache.hadoop.mapred.JvmManager: Killing JVM: jvm_201404140115_0001_m_1371501165
2014-04-14 01:18:12,788 INFO org.apache.hadoop.mapred.JvmManager: In JvmRunner constructed JVM ID: jvm_201404140115_0001_m_607881460
2014-04-14 01:18:12,788 INFO org.apache.hadoop.mapred.JvmManager: JVM Runner jvm_201404140115_0001_m_607881460 spawned.
2014-04-14 01:18:12,797 INFO org.apache.hadoop.mapred.TaskController: Writing commands to /tmp/hadoop/hadoop-mgrossman/mapred/local/ttprivate/taskTracker/mgrossman/jobcache/job_201404140115_0001/attempt_201404140115_0001_m_000017_0/taskjvm.sh
2014-04-14 01:18:12,799 INFO org.apache.hadoop.mapred.TaskTracker: attempt_201404140115_0001_m_000015_0 1.0% 
2014-04-14 01:18:13,773 INFO org.apache.hadoop.mapred.JvmManager: JVM : jvm_201404140115_0001_m_1277719086 exited with exit code 0. Number of tasks it ran: 1
2014-04-14 01:18:13,778 INFO org.apache.hadoop.mapred.JvmManager: JVM : jvm_201404140115_0001_m_1371501165 exited with exit code 0. Number of tasks it ran: 1
2014-04-14 01:18:13,833 INFO org.apache.hadoop.mapred.TaskTracker: JVM with ID: jvm_201404140115_0001_m_607881460 given task: attempt_201404140115_0001_m_000017_0
2014-04-14 01:18:15,769 INFO org.apache.hadoop.mapred.TaskTracker: attempt_201404140115_0001_m_000014_0 1.0% 
2014-04-14 01:18:15,867 INFO org.apache.hadoop.mapred.TaskTracker: attempt_201404140115_0001_m_000015_0 1.0% 
2014-04-14 01:18:18,783 INFO org.apache.hadoop.mapred.TaskTracker: attempt_201404140115_0001_m_000016_0 0.5061319% 
2014-04-14 01:18:18,800 INFO org.apache.hadoop.mapred.TaskTracker: attempt_201404140115_0001_m_000014_0 1.0% 
2014-04-14 01:18:18,916 INFO org.apache.hadoop.mapred.TaskTracker: attempt_201404140115_0001_m_000015_0 1.0% 
2014-04-14 01:18:19,047 INFO org.apache.hadoop.mapred.TaskTracker: Task attempt_201404140115_0001_m_000015_0 is in commit-pending, task state:COMMIT_PENDING
2014-04-14 01:18:19,047 INFO org.apache.hadoop.mapred.TaskTracker: attempt_201404140115_0001_m_000015_0 1.0% 
2014-04-14 01:18:19,523 INFO org.apache.hadoop.mapred.TaskTracker: Task attempt_201404140115_0001_m_000014_0 is in commit-pending, task state:COMMIT_PENDING
2014-04-14 01:18:19,523 INFO org.apache.hadoop.mapred.TaskTracker: attempt_201404140115_0001_m_000014_0 1.0% 
2014-04-14 01:18:21,245 INFO org.apache.hadoop.mapred.TaskTracker: LaunchTaskAction (registerTask): attempt_201404140115_0001_m_000018_0 task's state:UNASSIGNED
2014-04-14 01:18:21,245 INFO org.apache.hadoop.mapred.TaskTracker: Trying to launch : attempt_201404140115_0001_m_000018_0 which needs 1 slots
2014-04-14 01:18:21,245 INFO org.apache.hadoop.mapred.TaskTracker: TaskLauncher : Waiting for 1 to launch attempt_201404140115_0001_m_000018_0, currently we have 0 free slots
2014-04-14 01:18:21,245 INFO org.apache.hadoop.mapred.TaskTracker: LaunchTaskAction (registerTask): attempt_201404140115_0001_m_000019_0 task's state:UNASSIGNED
2014-04-14 01:18:21,245 INFO org.apache.hadoop.mapred.TaskTracker: Received commit task action for attempt_201404140115_0001_m_000014_0
2014-04-14 01:18:21,245 INFO org.apache.hadoop.mapred.TaskTracker: Received commit task action for attempt_201404140115_0001_m_000015_0
2014-04-14 01:18:21,841 INFO org.apache.hadoop.mapred.TaskTracker: attempt_201404140115_0001_m_000014_0 1.0% 
2014-04-14 01:18:21,844 INFO org.apache.hadoop.mapred.TaskTracker: attempt_201404140115_0001_m_000014_0 1.0% 
2014-04-14 01:18:21,845 INFO org.apache.hadoop.mapred.TaskTracker: Task attempt_201404140115_0001_m_000014_0 is done.
2014-04-14 01:18:21,846 INFO org.apache.hadoop.mapred.TaskTracker: reported output size for attempt_201404140115_0001_m_000014_0  was -1
2014-04-14 01:18:21,846 INFO org.apache.hadoop.mapred.TaskTracker: addFreeSlot : current free slots : 1
2014-04-14 01:18:21,847 INFO org.apache.hadoop.mapred.TaskTracker: In TaskLauncher, current free slots : 1 and trying to launch attempt_201404140115_0001_m_000018_0 which needs 1 slots
2014-04-14 01:18:21,847 INFO org.apache.hadoop.mapred.TaskTracker: Trying to launch : attempt_201404140115_0001_m_000019_0 which needs 1 slots
2014-04-14 01:18:21,847 INFO org.apache.hadoop.mapred.TaskTracker: TaskLauncher : Waiting for 1 to launch attempt_201404140115_0001_m_000019_0, currently we have 0 free slots
2014-04-14 01:18:21,855 INFO org.apache.hadoop.mapred.JvmManager: Killing JVM: jvm_201404140115_0001_m_1138304609
2014-04-14 01:18:21,864 INFO org.apache.hadoop.mapred.JvmManager: In JvmRunner constructed JVM ID: jvm_201404140115_0001_m_285354431
2014-04-14 01:18:21,864 INFO org.apache.hadoop.mapred.JvmManager: JVM Runner jvm_201404140115_0001_m_285354431 spawned.
2014-04-14 01:18:21,864 INFO org.apache.hadoop.mapred.TaskTracker: attempt_201404140115_0001_m_000016_0 1.0% 
2014-04-14 01:18:21,867 INFO org.apache.hadoop.mapred.TaskController: Writing commands to /tmp/hadoop/hadoop-mgrossman/mapred/local/ttprivate/taskTracker/mgrossman/jobcache/job_201404140115_0001/attempt_201404140115_0001_m_000018_0/taskjvm.sh
2014-04-14 01:18:21,946 INFO org.apache.hadoop.mapred.TaskTracker: attempt_201404140115_0001_m_000015_0 1.0% 
2014-04-14 01:18:22,891 INFO org.apache.hadoop.mapred.TaskTracker: JVM with ID: jvm_201404140115_0001_m_285354431 given task: attempt_201404140115_0001_m_000018_0
2014-04-14 01:18:24,528 INFO org.apache.hadoop.mapred.TaskTracker: attempt_201404140115_0001_m_000017_0 1.0% 
2014-04-14 01:18:24,904 INFO org.apache.hadoop.mapred.TaskTracker: attempt_201404140115_0001_m_000016_0 1.0% 
2014-04-14 01:18:24,984 INFO org.apache.hadoop.mapred.TaskTracker: attempt_201404140115_0001_m_000015_0 1.0% 
2014-04-14 01:18:24,987 INFO org.apache.hadoop.mapred.TaskTracker: attempt_201404140115_0001_m_000015_0 1.0% 
2014-04-14 01:18:24,989 INFO org.apache.hadoop.mapred.TaskTracker: Task attempt_201404140115_0001_m_000015_0 is done.
2014-04-14 01:18:24,989 INFO org.apache.hadoop.mapred.TaskTracker: reported output size for attempt_201404140115_0001_m_000015_0  was -1
2014-04-14 01:18:24,989 INFO org.apache.hadoop.mapred.TaskTracker: addFreeSlot : current free slots : 1
2014-04-14 01:18:24,990 INFO org.apache.hadoop.mapred.TaskTracker: In TaskLauncher, current free slots : 1 and trying to launch attempt_201404140115_0001_m_000019_0 which needs 1 slots
2014-04-14 01:18:24,997 INFO org.apache.hadoop.mapred.JvmManager: Killing JVM: jvm_201404140115_0001_m_1452363123
2014-04-14 01:18:25,000 INFO org.apache.hadoop.mapred.JvmManager: In JvmRunner constructed JVM ID: jvm_201404140115_0001_m_1074715201
2014-04-14 01:18:25,000 INFO org.apache.hadoop.mapred.JvmManager: JVM Runner jvm_201404140115_0001_m_1074715201 spawned.
2014-04-14 01:18:25,002 INFO org.apache.hadoop.mapred.TaskController: Writing commands to /tmp/hadoop/hadoop-mgrossman/mapred/local/ttprivate/taskTracker/mgrossman/jobcache/job_201404140115_0001/attempt_201404140115_0001_m_000019_0/taskjvm.sh
2014-04-14 01:18:25,627 INFO org.apache.hadoop.mapred.JvmManager: JVM : jvm_201404140115_0001_m_1138304609 exited with exit code 0. Number of tasks it ran: 1
2014-04-14 01:18:25,628 INFO org.apache.hadoop.mapred.JvmManager: JVM : jvm_201404140115_0001_m_1452363123 exited with exit code 0. Number of tasks it ran: 1
2014-04-14 01:18:26,282 INFO org.apache.hadoop.mapred.TaskTracker: JVM with ID: jvm_201404140115_0001_m_1074715201 given task: attempt_201404140115_0001_m_000019_0
2014-04-14 01:18:26,396 INFO org.apache.hadoop.mapred.TaskTracker: Task attempt_201404140115_0001_m_000016_0 is in commit-pending, task state:COMMIT_PENDING
2014-04-14 01:18:26,396 INFO org.apache.hadoop.mapred.TaskTracker: attempt_201404140115_0001_m_000016_0 1.0% 
2014-04-14 01:18:27,273 INFO org.apache.hadoop.mapred.TaskTracker: Received commit task action for attempt_201404140115_0001_m_000016_0
2014-04-14 01:18:27,595 INFO org.apache.hadoop.mapred.TaskTracker: attempt_201404140115_0001_m_000017_0 1.0% 
2014-04-14 01:18:27,955 INFO org.apache.hadoop.mapred.TaskTracker: attempt_201404140115_0001_m_000016_0 1.0% 
2014-04-14 01:18:27,958 INFO org.apache.hadoop.mapred.TaskTracker: attempt_201404140115_0001_m_000016_0 1.0% 
2014-04-14 01:18:27,960 INFO org.apache.hadoop.mapred.TaskTracker: Task attempt_201404140115_0001_m_000016_0 is done.
2014-04-14 01:18:27,960 INFO org.apache.hadoop.mapred.TaskTracker: reported output size for attempt_201404140115_0001_m_000016_0  was -1
2014-04-14 01:18:27,961 INFO org.apache.hadoop.mapred.TaskTracker: addFreeSlot : current free slots : 1
2014-04-14 01:18:28,692 INFO org.apache.hadoop.mapred.JvmManager: JVM : jvm_201404140115_0001_m_921827726 exited with exit code 0. Number of tasks it ran: 1
2014-04-14 01:18:28,867 INFO org.apache.hadoop.mapred.TaskTracker: Task attempt_201404140115_0001_m_000017_0 is in commit-pending, task state:COMMIT_PENDING
2014-04-14 01:18:28,867 INFO org.apache.hadoop.mapred.TaskTracker: attempt_201404140115_0001_m_000017_0 1.0% 
2014-04-14 01:18:29,719 INFO org.apache.hadoop.mapred.TaskTracker: attempt_201404140115_0001_m_000018_0 0.72260815% 
2014-04-14 01:18:30,285 INFO org.apache.hadoop.mapred.TaskTracker: Received commit task action for attempt_201404140115_0001_m_000017_0
2014-04-14 01:18:30,630 INFO org.apache.hadoop.mapred.TaskTracker: attempt_201404140115_0001_m_000017_0 1.0% 
2014-04-14 01:18:32,773 INFO org.apache.hadoop.mapred.TaskTracker: attempt_201404140115_0001_m_000018_0 1.0% 
2014-04-14 01:18:33,678 INFO org.apache.hadoop.mapred.TaskTracker: attempt_201404140115_0001_m_000017_0 1.0% 
2014-04-14 01:18:33,682 INFO org.apache.hadoop.mapred.TaskTracker: attempt_201404140115_0001_m_000017_0 1.0% 
2014-04-14 01:18:33,685 INFO org.apache.hadoop.mapred.TaskTracker: Task attempt_201404140115_0001_m_000017_0 is done.
2014-04-14 01:18:33,685 INFO org.apache.hadoop.mapred.TaskTracker: reported output size for attempt_201404140115_0001_m_000017_0  was -1
2014-04-14 01:18:33,685 INFO org.apache.hadoop.mapred.TaskTracker: addFreeSlot : current free slots : 2
2014-04-14 01:18:33,689 INFO org.apache.hadoop.mapred.TaskTracker: attempt_201404140115_0001_m_000019_0 1.0% 
2014-04-14 01:18:35,809 INFO org.apache.hadoop.mapred.TaskTracker: attempt_201404140115_0001_m_000018_0 1.0% 
2014-04-14 01:18:36,732 INFO org.apache.hadoop.mapred.TaskTracker: attempt_201404140115_0001_m_000019_0 1.0% 
2014-04-14 01:18:37,455 INFO org.apache.hadoop.mapred.JvmManager: JVM : jvm_201404140115_0001_m_607881460 exited with exit code 0. Number of tasks it ran: 1
2014-04-14 01:18:38,313 INFO org.apache.hadoop.mapred.TaskTracker: Task attempt_201404140115_0001_m_000018_0 is in commit-pending, task state:COMMIT_PENDING
2014-04-14 01:18:38,313 INFO org.apache.hadoop.mapred.TaskTracker: attempt_201404140115_0001_m_000018_0 1.0% 
2014-04-14 01:18:38,794 INFO org.apache.hadoop.mapred.TaskTracker: Task attempt_201404140115_0001_m_000019_0 is in commit-pending, task state:COMMIT_PENDING
2014-04-14 01:18:38,794 INFO org.apache.hadoop.mapred.TaskTracker: attempt_201404140115_0001_m_000019_0 1.0% 
2014-04-14 01:18:39,318 INFO org.apache.hadoop.mapred.TaskTracker: Received commit task action for attempt_201404140115_0001_m_000018_0
2014-04-14 01:18:39,318 INFO org.apache.hadoop.mapred.TaskTracker: Received commit task action for attempt_201404140115_0001_m_000019_0
2014-04-14 01:18:39,761 INFO org.apache.hadoop.mapred.TaskTracker: attempt_201404140115_0001_m_000019_0 1.0% 
2014-04-14 01:18:41,842 INFO org.apache.hadoop.mapred.TaskTracker: attempt_201404140115_0001_m_000018_0 1.0% 
2014-04-14 01:18:41,846 INFO org.apache.hadoop.mapred.TaskTracker: attempt_201404140115_0001_m_000018_0 1.0% 
2014-04-14 01:18:41,849 INFO org.apache.hadoop.mapred.TaskTracker: Task attempt_201404140115_0001_m_000018_0 is done.
2014-04-14 01:18:41,849 INFO org.apache.hadoop.mapred.TaskTracker: reported output size for attempt_201404140115_0001_m_000018_0  was -1
2014-04-14 01:18:41,850 INFO org.apache.hadoop.mapred.TaskTracker: addFreeSlot : current free slots : 3
2014-04-14 01:18:42,194 INFO org.apache.hadoop.mapred.JvmManager: JVM : jvm_201404140115_0001_m_285354431 exited with exit code 0. Number of tasks it ran: 1
2014-04-14 01:18:42,793 INFO org.apache.hadoop.mapred.TaskTracker: attempt_201404140115_0001_m_000019_0 1.0% 
2014-04-14 01:18:42,798 INFO org.apache.hadoop.mapred.TaskTracker: attempt_201404140115_0001_m_000019_0 1.0% 
2014-04-14 01:18:42,801 INFO org.apache.hadoop.mapred.TaskTracker: Task attempt_201404140115_0001_m_000019_0 is done.
2014-04-14 01:18:42,801 INFO org.apache.hadoop.mapred.TaskTracker: reported output size for attempt_201404140115_0001_m_000019_0  was -1
2014-04-14 01:18:42,802 INFO org.apache.hadoop.mapred.TaskTracker: addFreeSlot : current free slots : 4
2014-04-14 01:18:43,137 INFO org.apache.hadoop.mapred.JvmManager: JVM : jvm_201404140115_0001_m_1074715201 exited with exit code 0. Number of tasks it ran: 1
2014-04-14 01:18:45,356 INFO org.apache.hadoop.mapred.TaskTracker: LaunchTaskAction (registerTask): attempt_201404140115_0001_m_000020_0 task's state:UNASSIGNED
2014-04-14 01:18:45,356 INFO org.apache.hadoop.mapred.TaskTracker: Trying to launch : attempt_201404140115_0001_m_000020_0 which needs 1 slots
2014-04-14 01:18:45,356 INFO org.apache.hadoop.mapred.TaskTracker: In TaskLauncher, current free slots : 4 and trying to launch attempt_201404140115_0001_m_000020_0 which needs 1 slots
2014-04-14 01:18:45,367 INFO org.apache.hadoop.mapred.JvmManager: In JvmRunner constructed JVM ID: jvm_201404140115_0001_m_198362775
2014-04-14 01:18:45,368 INFO org.apache.hadoop.mapred.JvmManager: JVM Runner jvm_201404140115_0001_m_198362775 spawned.
2014-04-14 01:18:45,371 INFO org.apache.hadoop.mapred.TaskController: Writing commands to /tmp/hadoop/hadoop-mgrossman/mapred/local/ttprivate/taskTracker/mgrossman/jobcache/job_201404140115_0001/attempt_201404140115_0001_m_000020_0/taskjvm.sh
2014-04-14 01:18:46,450 INFO org.apache.hadoop.mapred.TaskTracker: JVM with ID: jvm_201404140115_0001_m_198362775 given task: attempt_201404140115_0001_m_000020_0
2014-04-14 01:18:47,261 INFO org.apache.hadoop.mapred.TaskTracker: attempt_201404140115_0001_m_000020_0 0.0% 
2014-04-14 01:18:50,157 INFO org.apache.hadoop.mapred.TaskTracker: attempt_201404140115_0001_m_000020_0 0.0% cleanup
2014-04-14 01:18:50,159 INFO org.apache.hadoop.mapred.TaskTracker: Task attempt_201404140115_0001_m_000020_0 is done.
2014-04-14 01:18:50,160 INFO org.apache.hadoop.mapred.TaskTracker: reported output size for attempt_201404140115_0001_m_000020_0  was -1
2014-04-14 01:18:50,160 INFO org.apache.hadoop.mapred.TaskTracker: addFreeSlot : current free slots : 4
2014-04-14 01:18:50,397 INFO org.apache.hadoop.mapred.JvmManager: JVM : jvm_201404140115_0001_m_198362775 exited with exit code 0. Number of tasks it ran: 1
2014-04-14 01:18:51,447 INFO org.apache.hadoop.mapred.TaskTracker: Received 'KillJobAction' for job: job_201404140115_0001
2014-04-14 01:18:51,448 INFO org.apache.hadoop.mapred.IndexCache: Map ID attempt_201404140115_0001_m_000004_0 not found in cache
2014-04-14 01:18:51,448 INFO org.apache.hadoop.mapred.IndexCache: Map ID attempt_201404140115_0001_m_000016_0 not found in cache
2014-04-14 01:18:51,449 INFO org.apache.hadoop.mapred.IndexCache: Map ID attempt_201404140115_0001_m_000010_0 not found in cache
2014-04-14 01:18:51,449 INFO org.apache.hadoop.mapred.IndexCache: Map ID attempt_201404140115_0001_m_000005_0 not found in cache
2014-04-14 01:18:51,450 INFO org.apache.hadoop.mapred.IndexCache: Map ID attempt_201404140115_0001_m_000015_0 not found in cache
2014-04-14 01:18:51,450 INFO org.apache.hadoop.mapred.IndexCache: Map ID attempt_201404140115_0001_m_000009_0 not found in cache
2014-04-14 01:18:51,451 INFO org.apache.hadoop.mapred.IndexCache: Map ID attempt_201404140115_0001_m_000011_0 not found in cache
2014-04-14 01:18:51,451 INFO org.apache.hadoop.mapred.IndexCache: Map ID attempt_201404140115_0001_m_000018_0 not found in cache
2014-04-14 01:18:51,451 INFO org.apache.hadoop.mapred.IndexCache: Map ID attempt_201404140115_0001_m_000017_0 not found in cache
2014-04-14 01:18:51,452 INFO org.apache.hadoop.mapred.IndexCache: Map ID attempt_201404140115_0001_m_000003_0 not found in cache
2014-04-14 01:18:51,452 INFO org.apache.hadoop.mapred.IndexCache: Map ID attempt_201404140115_0001_m_000001_0 not found in cache
2014-04-14 01:18:51,452 INFO org.apache.hadoop.mapred.IndexCache: Map ID attempt_201404140115_0001_m_000007_0 not found in cache
2014-04-14 01:18:51,453 INFO org.apache.hadoop.mapred.IndexCache: Map ID attempt_201404140115_0001_m_000019_0 not found in cache
2014-04-14 01:18:51,453 INFO org.apache.hadoop.mapred.IndexCache: Map ID attempt_201404140115_0001_m_000013_0 not found in cache
2014-04-14 01:18:51,454 INFO org.apache.hadoop.mapred.IndexCache: Map ID attempt_201404140115_0001_m_000012_0 not found in cache
2014-04-14 01:18:51,454 INFO org.apache.hadoop.mapred.IndexCache: Map ID attempt_201404140115_0001_m_000002_0 not found in cache
2014-04-14 01:18:51,454 INFO org.apache.hadoop.mapred.IndexCache: Map ID attempt_201404140115_0001_m_000008_0 not found in cache
2014-04-14 01:18:51,455 INFO org.apache.hadoop.mapred.IndexCache: Map ID attempt_201404140115_0001_m_000006_0 not found in cache
2014-04-14 01:18:51,455 INFO org.apache.hadoop.mapred.IndexCache: Map ID attempt_201404140115_0001_m_000000_0 not found in cache
2014-04-14 01:18:51,456 INFO org.apache.hadoop.mapred.IndexCache: Map ID attempt_201404140115_0001_m_000020_0 not found in cache
2014-04-14 01:18:51,456 INFO org.apache.hadoop.mapred.IndexCache: Map ID attempt_201404140115_0001_m_000014_0 not found in cache
2014-04-14 01:18:51,457 INFO org.apache.hadoop.mapred.UserLogCleaner: Adding job_201404140115_0001 for user-log deletion with retainTimeStamp:1397542731457
