2014-04-12 14:33:40,267 INFO org.apache.hadoop.mapred.TaskTracker: STARTUP_MSG: 
/************************************************************
STARTUP_MSG: Starting TaskTracker
STARTUP_MSG:   host = gpu-014.davinci.rice.edu/192.168.110.214
STARTUP_MSG:   args = []
STARTUP_MSG:   version = 1.0.4-SNAPSHOT
STARTUP_MSG:   build =  -r ; compiled by 'jmg3' on Fri Apr 11 17:54:37 CDT 2014
************************************************************/
2014-04-12 14:33:40,435 INFO org.apache.hadoop.metrics2.impl.MetricsConfig: loaded properties from hadoop-metrics2.properties
2014-04-12 14:33:40,489 INFO org.apache.hadoop.metrics2.impl.MetricsSourceAdapter: MBean for source MetricsSystem,sub=Stats registered.
2014-04-12 14:33:40,490 INFO org.apache.hadoop.metrics2.impl.MetricsSystemImpl: Scheduled snapshot period at 10 second(s).
2014-04-12 14:33:40,490 INFO org.apache.hadoop.metrics2.impl.MetricsSystemImpl: TaskTracker metrics system started
2014-04-12 14:33:40,643 INFO org.apache.hadoop.metrics2.impl.MetricsSourceAdapter: MBean for source ugi registered.
2014-04-12 14:33:40,815 INFO org.mortbay.log: Logging to org.slf4j.impl.Log4jLoggerAdapter(org.mortbay.log) via org.mortbay.log.Slf4jLog
2014-04-12 14:33:40,865 INFO org.apache.hadoop.http.HttpServer: Added global filtersafety (class=org.apache.hadoop.http.HttpServer$QuotingInputFilter)
2014-04-12 14:33:40,887 INFO org.apache.hadoop.mapred.TaskLogsTruncater: Initializing logs' truncater with mapRetainSize=-1 and reduceRetainSize=-1
2014-04-12 14:33:40,890 INFO org.apache.hadoop.mapred.TaskTracker: Starting tasktracker with owner as jmg3
2014-04-12 14:33:40,891 INFO org.apache.hadoop.mapred.TaskTracker: Good mapred local directories are: /tmp/hadoop/hadoop-jmg3/mapred/local
2014-04-12 14:33:40,895 WARN org.apache.hadoop.util.NativeCodeLoader: Unable to load native-hadoop library for your platform... using builtin-java classes where applicable
2014-04-12 14:33:40,901 INFO org.apache.hadoop.metrics2.impl.MetricsSourceAdapter: MBean for source jvm registered.
2014-04-12 14:33:40,902 INFO org.apache.hadoop.metrics2.impl.MetricsSourceAdapter: MBean for source TaskTrackerMetrics registered.
2014-04-12 14:33:40,915 INFO org.apache.hadoop.ipc.Server: Starting SocketReader
2014-04-12 14:33:40,917 INFO org.apache.hadoop.metrics2.impl.MetricsSourceAdapter: MBean for source RpcDetailedActivityForPort48109 registered.
2014-04-12 14:33:40,917 INFO org.apache.hadoop.metrics2.impl.MetricsSourceAdapter: MBean for source RpcActivityForPort48109 registered.
2014-04-12 14:33:40,920 INFO org.apache.hadoop.ipc.Server: IPC Server Responder: starting
2014-04-12 14:33:40,920 INFO org.apache.hadoop.ipc.Server: IPC Server listener on 48109: starting
2014-04-12 14:33:40,921 INFO org.apache.hadoop.ipc.Server: IPC Server handler 0 on 48109: starting
2014-04-12 14:33:40,922 INFO org.apache.hadoop.ipc.Server: IPC Server handler 1 on 48109: starting
2014-04-12 14:33:40,923 INFO org.apache.hadoop.ipc.Server: IPC Server handler 2 on 48109: starting
2014-04-12 14:33:40,923 INFO org.apache.hadoop.ipc.Server: IPC Server handler 3 on 48109: starting
2014-04-12 14:33:40,924 INFO org.apache.hadoop.ipc.Server: IPC Server handler 4 on 48109: starting
2014-04-12 14:33:40,925 INFO org.apache.hadoop.ipc.Server: IPC Server handler 5 on 48109: starting
2014-04-12 14:33:40,925 INFO org.apache.hadoop.ipc.Server: IPC Server handler 7 on 48109: starting
2014-04-12 14:33:40,925 INFO org.apache.hadoop.ipc.Server: IPC Server handler 6 on 48109: starting
2014-04-12 14:33:40,926 INFO org.apache.hadoop.ipc.Server: IPC Server handler 8 on 48109: starting
2014-04-12 14:33:40,926 INFO org.apache.hadoop.ipc.Server: IPC Server handler 9 on 48109: starting
2014-04-12 14:33:40,927 INFO org.apache.hadoop.ipc.Server: IPC Server handler 10 on 48109: starting
2014-04-12 14:33:40,927 INFO org.apache.hadoop.ipc.Server: IPC Server handler 11 on 48109: starting
2014-04-12 14:33:40,927 INFO org.apache.hadoop.ipc.Server: IPC Server handler 12 on 48109: starting
2014-04-12 14:33:40,928 INFO org.apache.hadoop.ipc.Server: IPC Server handler 13 on 48109: starting
2014-04-12 14:33:40,928 INFO org.apache.hadoop.ipc.Server: IPC Server handler 14 on 48109: starting
2014-04-12 14:33:40,929 INFO org.apache.hadoop.ipc.Server: IPC Server handler 15 on 48109: starting
2014-04-12 14:33:40,929 INFO org.apache.hadoop.ipc.Server: IPC Server handler 16 on 48109: starting
2014-04-12 14:33:40,929 INFO org.apache.hadoop.ipc.Server: IPC Server handler 17 on 48109: starting
2014-04-12 14:33:40,930 INFO org.apache.hadoop.ipc.Server: IPC Server handler 18 on 48109: starting
2014-04-12 14:33:40,930 INFO org.apache.hadoop.ipc.Server: IPC Server handler 19 on 48109: starting
2014-04-12 14:33:40,931 INFO org.apache.hadoop.ipc.Server: IPC Server handler 20 on 48109: starting
2014-04-12 14:33:40,931 INFO org.apache.hadoop.ipc.Server: IPC Server handler 21 on 48109: starting
2014-04-12 14:33:40,931 INFO org.apache.hadoop.mapred.TaskTracker: TaskTracker up at: localhost/127.0.0.1:48109
2014-04-12 14:33:40,931 INFO org.apache.hadoop.mapred.TaskTracker: Starting tracker tracker_gpu-014.davinci.rice.edu:localhost/127.0.0.1:48109
2014-04-12 14:33:40,931 INFO org.apache.hadoop.ipc.Server: IPC Server handler 22 on 48109: starting
2014-04-12 14:33:40,932 INFO org.apache.hadoop.ipc.Server: IPC Server handler 23 on 48109: starting
2014-04-12 14:34:00,593 INFO org.apache.hadoop.mapred.TaskTracker: Starting thread: Map-events fetcher for all reduce tasks on tracker_gpu-014.davinci.rice.edu:localhost/127.0.0.1:48109
2014-04-12 14:34:00,604 INFO org.apache.hadoop.util.ProcessTree: setsid exited with exit code 0
2014-04-12 14:34:00,608 INFO org.apache.hadoop.mapred.TaskTracker:  Using ResourceCalculatorPlugin : org.apache.hadoop.util.LinuxResourceCalculatorPlugin@260ef584
2014-04-12 14:34:00,610 WARN org.apache.hadoop.mapred.TaskTracker: TaskTracker's totalMemoryAllottedForTasks is -1. TaskMemoryManager is disabled.
2014-04-12 14:34:00,613 INFO org.apache.hadoop.mapred.IndexCache: IndexCache created with max memory = 10485760
2014-04-12 14:34:01,246 INFO org.apache.hadoop.metrics2.impl.MetricsSourceAdapter: MBean for source ShuffleServerMetrics registered.
2014-04-12 14:34:01,249 INFO org.apache.hadoop.http.HttpServer: Port returned by webServer.getConnectors()[0].getLocalPort() before open() is -1. Opening the listener on 50061
2014-04-12 14:34:01,249 INFO org.apache.hadoop.http.HttpServer: listener.getLocalPort() returned 50061 webServer.getConnectors()[0].getLocalPort() returned 50061
2014-04-12 14:34:01,249 INFO org.apache.hadoop.http.HttpServer: Jetty bound to port 50061
2014-04-12 14:34:01,249 INFO org.mortbay.log: jetty-6.1.26
2014-04-12 14:34:01,523 INFO org.mortbay.log: Started SelectChannelConnector@0.0.0.0:50061
2014-04-12 14:34:01,524 INFO org.apache.hadoop.mapred.TaskTracker: FILE_CACHE_SIZE for mapOutputServlet set to : 2000
2014-04-12 14:35:04,769 INFO org.apache.hadoop.mapred.TaskTracker: LaunchTaskAction (registerTask): attempt_201404121433_0001_m_000013_0 task's state:UNASSIGNED
2014-04-12 14:35:04,773 INFO org.apache.hadoop.mapred.TaskTracker: Trying to launch : attempt_201404121433_0001_m_000013_0 which needs 1 slots
2014-04-12 14:35:04,773 INFO org.apache.hadoop.mapred.TaskTracker: In TaskLauncher, current free slots : 12 and trying to launch attempt_201404121433_0001_m_000013_0 which needs 1 slots
2014-04-12 14:35:04,927 INFO org.apache.hadoop.mapred.JobLocalizer: Initializing user jmg3 on this TT.
2014-04-12 14:35:05,058 INFO org.apache.hadoop.mapred.JvmManager: In JvmRunner constructed JVM ID: jvm_201404121433_0001_m_1773446290
2014-04-12 14:35:05,058 INFO org.apache.hadoop.mapred.JvmManager: JVM Runner jvm_201404121433_0001_m_1773446290 spawned.
2014-04-12 14:35:05,060 INFO org.apache.hadoop.mapred.TaskController: Writing commands to /tmp/hadoop/hadoop-jmg3/mapred/local/ttprivate/taskTracker/jmg3/jobcache/job_201404121433_0001/attempt_201404121433_0001_m_000013_0/taskjvm.sh
2014-04-12 14:35:05,715 INFO org.apache.hadoop.mapred.TaskTracker: JVM with ID: jvm_201404121433_0001_m_1773446290 given task: attempt_201404121433_0001_m_000013_0
2014-04-12 14:35:09,147 INFO org.apache.hadoop.mapred.TaskTracker: attempt_201404121433_0001_m_000013_0 0.0% setup
2014-04-12 14:35:09,150 INFO org.apache.hadoop.mapred.TaskTracker: Task attempt_201404121433_0001_m_000013_0 is done.
2014-04-12 14:35:09,150 INFO org.apache.hadoop.mapred.TaskTracker: reported output size for attempt_201404121433_0001_m_000013_0  was -1
2014-04-12 14:35:09,151 INFO org.apache.hadoop.mapred.TaskTracker: addFreeSlot : current free slots : 12
2014-04-12 14:35:09,297 INFO org.apache.hadoop.mapred.JvmManager: JVM : jvm_201404121433_0001_m_1773446290 exited with exit code 0. Number of tasks it ran: 1
2014-04-12 14:35:10,799 INFO org.apache.hadoop.mapred.TaskTracker: LaunchTaskAction (registerTask): attempt_201404121433_0001_m_000000_0 task's state:UNASSIGNED
2014-04-12 14:35:10,800 INFO org.apache.hadoop.mapred.TaskTracker: LaunchTaskAction (registerTask): attempt_201404121433_0001_m_000001_0 task's state:UNASSIGNED
2014-04-12 14:35:10,800 INFO org.apache.hadoop.mapred.TaskTracker: LaunchTaskAction (registerTask): attempt_201404121433_0001_m_000002_0 task's state:UNASSIGNED
2014-04-12 14:35:10,800 INFO org.apache.hadoop.mapred.TaskTracker: LaunchTaskAction (registerTask): attempt_201404121433_0001_m_000003_0 task's state:UNASSIGNED
2014-04-12 14:35:10,801 INFO org.apache.hadoop.mapred.TaskTracker: LaunchTaskAction (registerTask): attempt_201404121433_0001_m_000004_0 task's state:UNASSIGNED
2014-04-12 14:35:10,801 INFO org.apache.hadoop.mapred.TaskTracker: LaunchTaskAction (registerTask): attempt_201404121433_0001_m_000005_0 task's state:UNASSIGNED
2014-04-12 14:35:10,801 INFO org.apache.hadoop.mapred.TaskTracker: LaunchTaskAction (registerTask): attempt_201404121433_0001_m_000006_0 task's state:UNASSIGNED
2014-04-12 14:35:10,802 INFO org.apache.hadoop.mapred.TaskTracker: LaunchTaskAction (registerTask): attempt_201404121433_0001_m_000007_0 task's state:UNASSIGNED
2014-04-12 14:35:10,802 INFO org.apache.hadoop.mapred.TaskTracker: LaunchTaskAction (registerTask): attempt_201404121433_0001_m_000008_0 task's state:UNASSIGNED
2014-04-12 14:35:10,802 INFO org.apache.hadoop.mapred.TaskTracker: LaunchTaskAction (registerTask): attempt_201404121433_0001_m_000009_0 task's state:UNASSIGNED
2014-04-12 14:35:10,803 INFO org.apache.hadoop.mapred.TaskTracker: LaunchTaskAction (registerTask): attempt_201404121433_0001_m_000010_0 task's state:UNASSIGNED
2014-04-12 14:35:10,803 INFO org.apache.hadoop.mapred.TaskTracker: LaunchTaskAction (registerTask): attempt_201404121433_0001_m_000011_0 task's state:UNASSIGNED
2014-04-12 14:35:10,803 INFO org.apache.hadoop.mapred.TaskTracker: Trying to launch : attempt_201404121433_0001_m_000000_0 which needs 1 slots
2014-04-12 14:35:10,803 INFO org.apache.hadoop.mapred.TaskTracker: Received KillTaskAction for task: attempt_201404121433_0001_m_000013_0
2014-04-12 14:35:10,803 INFO org.apache.hadoop.mapred.TaskTracker: In TaskLauncher, current free slots : 12 and trying to launch attempt_201404121433_0001_m_000000_0 which needs 1 slots
2014-04-12 14:35:10,804 INFO org.apache.hadoop.mapred.TaskTracker: About to purge task: attempt_201404121433_0001_m_000013_0
2014-04-12 14:35:10,804 INFO org.apache.hadoop.mapred.TaskTracker: Trying to launch : attempt_201404121433_0001_m_000001_0 which needs 1 slots
2014-04-12 14:35:10,804 INFO org.apache.hadoop.mapred.IndexCache: Map ID attempt_201404121433_0001_m_000013_0 not found in cache
2014-04-12 14:35:10,804 INFO org.apache.hadoop.mapred.TaskTracker: In TaskLauncher, current free slots : 11 and trying to launch attempt_201404121433_0001_m_000001_0 which needs 1 slots
2014-04-12 14:35:10,805 INFO org.apache.hadoop.mapred.TaskTracker: Trying to launch : attempt_201404121433_0001_m_000002_0 which needs 1 slots
2014-04-12 14:35:10,805 INFO org.apache.hadoop.mapred.TaskTracker: In TaskLauncher, current free slots : 10 and trying to launch attempt_201404121433_0001_m_000002_0 which needs 1 slots
2014-04-12 14:35:10,805 INFO org.apache.hadoop.mapred.TaskTracker: Trying to launch : attempt_201404121433_0001_m_000003_0 which needs 1 slots
2014-04-12 14:35:10,805 INFO org.apache.hadoop.mapred.TaskTracker: In TaskLauncher, current free slots : 9 and trying to launch attempt_201404121433_0001_m_000003_0 which needs 1 slots
2014-04-12 14:35:10,806 INFO org.apache.hadoop.mapred.TaskTracker: Trying to launch : attempt_201404121433_0001_m_000004_0 which needs 1 slots
2014-04-12 14:35:10,807 INFO org.apache.hadoop.mapred.TaskTracker: In TaskLauncher, current free slots : 8 and trying to launch attempt_201404121433_0001_m_000004_0 which needs 1 slots
2014-04-12 14:35:10,808 INFO org.apache.hadoop.mapred.TaskTracker: Trying to launch : attempt_201404121433_0001_m_000005_0 which needs 1 slots
2014-04-12 14:35:10,809 INFO org.apache.hadoop.mapred.TaskTracker: In TaskLauncher, current free slots : 7 and trying to launch attempt_201404121433_0001_m_000005_0 which needs 1 slots
2014-04-12 14:35:10,810 INFO org.apache.hadoop.mapred.TaskTracker: Trying to launch : attempt_201404121433_0001_m_000006_0 which needs 1 slots
2014-04-12 14:35:10,810 INFO org.apache.hadoop.mapred.TaskTracker: In TaskLauncher, current free slots : 6 and trying to launch attempt_201404121433_0001_m_000006_0 which needs 1 slots
2014-04-12 14:35:10,810 INFO org.apache.hadoop.mapred.TaskTracker: Trying to launch : attempt_201404121433_0001_m_000007_0 which needs 1 slots
2014-04-12 14:35:10,811 INFO org.apache.hadoop.mapred.TaskTracker: In TaskLauncher, current free slots : 5 and trying to launch attempt_201404121433_0001_m_000007_0 which needs 1 slots
2014-04-12 14:35:10,811 INFO org.apache.hadoop.mapred.TaskTracker: Trying to launch : attempt_201404121433_0001_m_000008_0 which needs 1 slots
2014-04-12 14:35:10,811 INFO org.apache.hadoop.mapred.TaskTracker: In TaskLauncher, current free slots : 4 and trying to launch attempt_201404121433_0001_m_000008_0 which needs 1 slots
2014-04-12 14:35:10,812 INFO org.apache.hadoop.mapred.TaskTracker: Trying to launch : attempt_201404121433_0001_m_000009_0 which needs 1 slots
2014-04-12 14:35:10,812 INFO org.apache.hadoop.mapred.TaskTracker: In TaskLauncher, current free slots : 3 and trying to launch attempt_201404121433_0001_m_000009_0 which needs 1 slots
2014-04-12 14:35:10,813 INFO org.apache.hadoop.mapred.TaskTracker: Trying to launch : attempt_201404121433_0001_m_000010_0 which needs 1 slots
2014-04-12 14:35:10,813 INFO org.apache.hadoop.mapred.TaskTracker: In TaskLauncher, current free slots : 2 and trying to launch attempt_201404121433_0001_m_000010_0 which needs 1 slots
2014-04-12 14:35:10,814 INFO org.apache.hadoop.mapred.TaskTracker: Trying to launch : attempt_201404121433_0001_m_000011_0 which needs 1 slots
2014-04-12 14:35:10,814 INFO org.apache.hadoop.mapred.TaskTracker: In TaskLauncher, current free slots : 1 and trying to launch attempt_201404121433_0001_m_000011_0 which needs 1 slots
2014-04-12 14:35:10,815 INFO org.apache.hadoop.mapred.JvmManager: In JvmRunner constructed JVM ID: jvm_201404121433_0001_m_1754694700
2014-04-12 14:35:10,817 INFO org.apache.hadoop.mapred.JvmManager: JVM Runner jvm_201404121433_0001_m_1754694700 spawned.
2014-04-12 14:35:10,820 INFO org.apache.hadoop.mapred.TaskController: Writing commands to /tmp/hadoop/hadoop-jmg3/mapred/local/ttprivate/taskTracker/jmg3/jobcache/job_201404121433_0001/attempt_201404121433_0001_m_000000_0/taskjvm.sh
2014-04-12 14:35:10,825 INFO org.apache.hadoop.mapred.JvmManager: In JvmRunner constructed JVM ID: jvm_201404121433_0001_m_1043961668
2014-04-12 14:35:10,825 INFO org.apache.hadoop.mapred.JvmManager: JVM Runner jvm_201404121433_0001_m_1043961668 spawned.
2014-04-12 14:35:10,827 INFO org.apache.hadoop.mapred.JvmManager: In JvmRunner constructed JVM ID: jvm_201404121433_0001_m_587047801
2014-04-12 14:35:10,827 INFO org.apache.hadoop.mapred.JvmManager: JVM Runner jvm_201404121433_0001_m_587047801 spawned.
2014-04-12 14:35:10,827 INFO org.apache.hadoop.mapred.JvmManager: In JvmRunner constructed JVM ID: jvm_201404121433_0001_m_734779717
2014-04-12 14:35:10,828 INFO org.apache.hadoop.mapred.JvmManager: JVM Runner jvm_201404121433_0001_m_734779717 spawned.
2014-04-12 14:35:10,828 INFO org.apache.hadoop.mapred.JvmManager: In JvmRunner constructed JVM ID: jvm_201404121433_0001_m_573931813
2014-04-12 14:35:10,829 INFO org.apache.hadoop.mapred.JvmManager: JVM Runner jvm_201404121433_0001_m_573931813 spawned.
2014-04-12 14:35:10,829 INFO org.apache.hadoop.mapred.JvmManager: In JvmRunner constructed JVM ID: jvm_201404121433_0001_m_1290070252
2014-04-12 14:35:10,829 INFO org.apache.hadoop.mapred.JvmManager: JVM Runner jvm_201404121433_0001_m_1290070252 spawned.
2014-04-12 14:35:10,829 INFO org.apache.hadoop.mapred.JvmManager: In JvmRunner constructed JVM ID: jvm_201404121433_0001_m_925022711
2014-04-12 14:35:10,829 INFO org.apache.hadoop.mapred.TaskController: Writing commands to /tmp/hadoop/hadoop-jmg3/mapred/local/ttprivate/taskTracker/jmg3/jobcache/job_201404121433_0001/attempt_201404121433_0001_m_000004_0/taskjvm.sh
2014-04-12 14:35:10,829 INFO org.apache.hadoop.mapred.JvmManager: JVM Runner jvm_201404121433_0001_m_925022711 spawned.
2014-04-12 14:35:10,830 INFO org.apache.hadoop.mapred.TaskController: Writing commands to /tmp/hadoop/hadoop-jmg3/mapred/local/ttprivate/taskTracker/jmg3/jobcache/job_201404121433_0001/attempt_201404121433_0001_m_000008_0/taskjvm.sh
2014-04-12 14:35:10,830 INFO org.apache.hadoop.mapred.JvmManager: In JvmRunner constructed JVM ID: jvm_201404121433_0001_m_1799027212
2014-04-12 14:35:10,830 INFO org.apache.hadoop.mapred.JvmManager: JVM Runner jvm_201404121433_0001_m_1799027212 spawned.
2014-04-12 14:35:10,830 INFO org.apache.hadoop.mapred.TaskController: Writing commands to /tmp/hadoop/hadoop-jmg3/mapred/local/ttprivate/taskTracker/jmg3/jobcache/job_201404121433_0001/attempt_201404121433_0001_m_000003_0/taskjvm.sh
2014-04-12 14:35:10,830 INFO org.apache.hadoop.mapred.JvmManager: In JvmRunner constructed JVM ID: jvm_201404121433_0001_m_475400474
2014-04-12 14:35:10,830 INFO org.apache.hadoop.mapred.TaskController: Writing commands to /tmp/hadoop/hadoop-jmg3/mapred/local/ttprivate/taskTracker/jmg3/jobcache/job_201404121433_0001/attempt_201404121433_0001_m_000002_0/taskjvm.sh
2014-04-12 14:35:10,831 INFO org.apache.hadoop.mapred.JvmManager: JVM Runner jvm_201404121433_0001_m_475400474 spawned.
2014-04-12 14:35:10,831 INFO org.apache.hadoop.mapred.JvmManager: In JvmRunner constructed JVM ID: jvm_201404121433_0001_m_355137094
2014-04-12 14:35:10,832 INFO org.apache.hadoop.mapred.TaskController: Writing commands to /tmp/hadoop/hadoop-jmg3/mapred/local/ttprivate/taskTracker/jmg3/jobcache/job_201404121433_0001/attempt_201404121433_0001_m_000001_0/taskjvm.sh
2014-04-12 14:35:10,833 INFO org.apache.hadoop.mapred.JvmManager: JVM Runner jvm_201404121433_0001_m_355137094 spawned.
2014-04-12 14:35:10,833 INFO org.apache.hadoop.mapred.TaskController: Writing commands to /tmp/hadoop/hadoop-jmg3/mapred/local/ttprivate/taskTracker/jmg3/jobcache/job_201404121433_0001/attempt_201404121433_0001_m_000007_0/taskjvm.sh
2014-04-12 14:35:10,834 INFO org.apache.hadoop.mapred.TaskController: Writing commands to /tmp/hadoop/hadoop-jmg3/mapred/local/ttprivate/taskTracker/jmg3/jobcache/job_201404121433_0001/attempt_201404121433_0001_m_000011_0/taskjvm.sh
2014-04-12 14:35:10,834 INFO org.apache.hadoop.mapred.JvmManager: In JvmRunner constructed JVM ID: jvm_201404121433_0001_m_1232937681
2014-04-12 14:35:10,835 INFO org.apache.hadoop.mapred.JvmManager: JVM Runner jvm_201404121433_0001_m_1232937681 spawned.
2014-04-12 14:35:10,835 INFO org.apache.hadoop.mapred.JvmManager: In JvmRunner constructed JVM ID: jvm_201404121433_0001_m_1980883860
2014-04-12 14:35:10,836 INFO org.apache.hadoop.mapred.TaskController: Writing commands to /tmp/hadoop/hadoop-jmg3/mapred/local/ttprivate/taskTracker/jmg3/jobcache/job_201404121433_0001/attempt_201404121433_0001_m_000009_0/taskjvm.sh
2014-04-12 14:35:10,837 INFO org.apache.hadoop.mapred.TaskController: Writing commands to /tmp/hadoop/hadoop-jmg3/mapred/local/ttprivate/taskTracker/jmg3/jobcache/job_201404121433_0001/attempt_201404121433_0001_m_000010_0/taskjvm.sh
2014-04-12 14:35:10,837 INFO org.apache.hadoop.mapred.JvmManager: JVM Runner jvm_201404121433_0001_m_1980883860 spawned.
2014-04-12 14:35:10,837 INFO org.apache.hadoop.mapred.TaskController: Writing commands to /tmp/hadoop/hadoop-jmg3/mapred/local/ttprivate/taskTracker/jmg3/jobcache/job_201404121433_0001/attempt_201404121433_0001_m_000005_0/taskjvm.sh
2014-04-12 14:35:10,838 INFO org.apache.hadoop.mapred.TaskController: Writing commands to /tmp/hadoop/hadoop-jmg3/mapred/local/ttprivate/taskTracker/jmg3/jobcache/job_201404121433_0001/attempt_201404121433_0001_m_000006_0/taskjvm.sh
2014-04-12 14:35:11,840 INFO org.apache.hadoop.mapred.TaskTracker: JVM with ID: jvm_201404121433_0001_m_1754694700 given task: attempt_201404121433_0001_m_000000_0
2014-04-12 14:35:11,881 INFO org.apache.hadoop.mapred.TaskTracker: JVM with ID: jvm_201404121433_0001_m_1232937681 given task: attempt_201404121433_0001_m_000010_0
2014-04-12 14:35:11,882 INFO org.apache.hadoop.mapred.TaskTracker: JVM with ID: jvm_201404121433_0001_m_587047801 given task: attempt_201404121433_0001_m_000008_0
2014-04-12 14:35:11,882 INFO org.apache.hadoop.mapred.TaskTracker: JVM with ID: jvm_201404121433_0001_m_1799027212 given task: attempt_201404121433_0001_m_000007_0
2014-04-12 14:35:11,901 INFO org.apache.hadoop.mapred.TaskTracker: JVM with ID: jvm_201404121433_0001_m_925022711 given task: attempt_201404121433_0001_m_000011_0
2014-04-12 14:35:11,913 INFO org.apache.hadoop.mapred.TaskTracker: JVM with ID: jvm_201404121433_0001_m_355137094 given task: attempt_201404121433_0001_m_000005_0
2014-04-12 14:35:11,921 INFO org.apache.hadoop.mapred.TaskTracker: JVM with ID: jvm_201404121433_0001_m_573931813 given task: attempt_201404121433_0001_m_000002_0
2014-04-12 14:35:11,926 INFO org.apache.hadoop.mapred.TaskTracker: JVM with ID: jvm_201404121433_0001_m_1043961668 given task: attempt_201404121433_0001_m_000004_0
2014-04-12 14:35:11,927 INFO org.apache.hadoop.mapred.TaskTracker: JVM with ID: jvm_201404121433_0001_m_1290070252 given task: attempt_201404121433_0001_m_000001_0
2014-04-12 14:35:11,947 INFO org.apache.hadoop.mapred.TaskTracker: JVM with ID: jvm_201404121433_0001_m_475400474 given task: attempt_201404121433_0001_m_000009_0
2014-04-12 14:35:11,952 INFO org.apache.hadoop.mapred.TaskTracker: JVM with ID: jvm_201404121433_0001_m_1980883860 given task: attempt_201404121433_0001_m_000006_0
2014-04-12 14:35:11,993 INFO org.apache.hadoop.mapred.TaskTracker: JVM with ID: jvm_201404121433_0001_m_734779717 given task: attempt_201404121433_0001_m_000003_0
2014-04-12 14:35:19,083 INFO org.apache.hadoop.mapred.TaskTracker: attempt_201404121433_0001_m_000000_0 0.20788836% 
2014-04-12 14:35:19,159 INFO org.apache.hadoop.mapred.TaskTracker: attempt_201404121433_0001_m_000002_0 0.13954958% 
2014-04-12 14:35:19,334 INFO org.apache.hadoop.mapred.TaskTracker: attempt_201404121433_0001_m_000004_0 0.14302692% 
2014-04-12 14:35:19,714 INFO org.apache.hadoop.mapred.TaskTracker: attempt_201404121433_0001_m_000010_0 0.1492829% 
2014-04-12 14:35:19,999 INFO org.apache.hadoop.mapred.TaskTracker: attempt_201404121433_0001_m_000009_0 0.14174515% 
2014-04-12 14:35:20,002 INFO org.apache.hadoop.mapred.TaskTracker: attempt_201404121433_0001_m_000005_0 0.13965206% 
2014-04-12 14:35:22,467 INFO org.apache.hadoop.mapred.TaskTracker: attempt_201404121433_0001_m_000007_0 0.2682718% 
2014-04-12 14:35:22,545 INFO org.apache.hadoop.mapred.TaskTracker: attempt_201404121433_0001_m_000008_0 0.22933231% 
2014-04-12 14:35:22,549 INFO org.apache.hadoop.mapred.TaskTracker: attempt_201404121433_0001_m_000002_0 0.26498765% 
2014-04-12 14:35:22,585 INFO org.apache.hadoop.mapred.TaskTracker: attempt_201404121433_0001_m_000006_0 0.21912375% 
2014-04-12 14:35:22,695 INFO org.apache.hadoop.mapred.TaskTracker: attempt_201404121433_0001_m_000000_0 0.3962587% 
2014-04-12 14:35:22,707 INFO org.apache.hadoop.mapred.TaskTracker: attempt_201404121433_0001_m_000004_0 0.29241624% 
2014-04-12 14:35:22,757 INFO org.apache.hadoop.mapred.TaskTracker: attempt_201404121433_0001_m_000001_0 0.28850776% 
2014-04-12 14:35:22,933 INFO org.apache.hadoop.mapred.TaskTracker: attempt_201404121433_0001_m_000011_0 0.3047245% 
2014-04-12 14:35:23,362 INFO org.apache.hadoop.mapred.TaskTracker: attempt_201404121433_0001_m_000009_0 0.30566218% 
2014-04-12 14:35:23,377 INFO org.apache.hadoop.mapred.TaskTracker: attempt_201404121433_0001_m_000010_0 0.29822755% 
2014-04-12 14:35:23,383 INFO org.apache.hadoop.mapred.TaskTracker: attempt_201404121433_0001_m_000005_0 0.2971435% 
2014-04-12 14:35:23,569 INFO org.apache.hadoop.mapred.TaskTracker: attempt_201404121433_0001_m_000003_0 0.26972347% 
2014-04-12 14:35:25,878 INFO org.apache.hadoop.mapred.TaskTracker: attempt_201404121433_0001_m_000002_0 0.37061754% 
2014-04-12 14:35:25,889 INFO org.apache.hadoop.mapred.TaskTracker: attempt_201404121433_0001_m_000007_0 0.36870715% 
2014-04-12 14:35:25,947 INFO org.apache.hadoop.mapred.TaskTracker: attempt_201404121433_0001_m_000006_0 0.31881574% 
2014-04-12 14:35:26,018 INFO org.apache.hadoop.mapred.TaskTracker: attempt_201404121433_0001_m_000000_0 0.49600258% 
2014-04-12 14:35:26,089 INFO org.apache.hadoop.mapred.TaskTracker: attempt_201404121433_0001_m_000008_0 0.32782423% 
2014-04-12 14:35:26,195 INFO org.apache.hadoop.mapred.TaskTracker: attempt_201404121433_0001_m_000001_0 0.3816638% 
2014-04-12 14:35:26,379 INFO org.apache.hadoop.mapred.TaskTracker: attempt_201404121433_0001_m_000011_0 0.400551% 
2014-04-12 14:35:26,401 INFO org.apache.hadoop.mapred.TaskTracker: attempt_201404121433_0001_m_000004_0 0.38567218% 
2014-04-12 14:35:26,768 INFO org.apache.hadoop.mapred.TaskTracker: attempt_201404121433_0001_m_000009_0 0.3877047% 
2014-04-12 14:35:27,006 INFO org.apache.hadoop.mapred.TaskTracker: attempt_201404121433_0001_m_000003_0 0.377469% 
2014-04-12 14:35:27,220 INFO org.apache.hadoop.mapred.TaskTracker: attempt_201404121433_0001_m_000005_0 0.38687062% 
2014-04-12 14:35:28,597 INFO org.apache.hadoop.mapred.TaskTracker: attempt_201404121433_0001_m_000010_0 0.40029845% 
2014-04-12 14:35:29,318 INFO org.apache.hadoop.mapred.TaskTracker: attempt_201404121433_0001_m_000007_0 0.45786878% 
2014-04-12 14:35:29,396 INFO org.apache.hadoop.mapred.TaskTracker: attempt_201404121433_0001_m_000002_0 0.4388827% 
2014-04-12 14:35:29,497 INFO org.apache.hadoop.mapred.TaskTracker: attempt_201404121433_0001_m_000000_0 0.5376228% 
2014-04-12 14:35:29,569 INFO org.apache.hadoop.mapred.TaskTracker: attempt_201404121433_0001_m_000008_0 0.40099147% 
2014-04-12 14:35:29,569 INFO org.apache.hadoop.mapred.TaskTracker: attempt_201404121433_0001_m_000001_0 0.45792332% 
2014-04-12 14:35:29,575 INFO org.apache.hadoop.mapred.TaskTracker: attempt_201404121433_0001_m_000006_0 0.3989503% 
2014-04-12 14:35:29,731 INFO org.apache.hadoop.mapred.TaskTracker: attempt_201404121433_0001_m_000011_0 0.48797923% 
2014-04-12 14:35:29,798 INFO org.apache.hadoop.mapred.TaskTracker: attempt_201404121433_0001_m_000004_0 0.46382126% 
2014-04-12 14:35:30,088 INFO org.apache.hadoop.mapred.TaskTracker: attempt_201404121433_0001_m_000009_0 0.43110067% 
2014-04-12 14:35:30,505 INFO org.apache.hadoop.mapred.TaskTracker: attempt_201404121433_0001_m_000003_0 0.46002373% 
2014-04-12 14:35:32,454 INFO org.apache.hadoop.mapred.TaskTracker: attempt_201404121433_0001_m_000010_0 0.49907443% 
2014-04-12 14:35:32,455 INFO org.apache.hadoop.mapred.TaskTracker: attempt_201404121433_0001_m_000005_0 0.45887604% 
2014-04-12 14:35:32,696 INFO org.apache.hadoop.mapred.TaskTracker: attempt_201404121433_0001_m_000007_0 0.549677% 
2014-04-12 14:35:32,964 INFO org.apache.hadoop.mapred.TaskTracker: attempt_201404121433_0001_m_000000_0 0.6435036% 
2014-04-12 14:35:33,054 INFO org.apache.hadoop.mapred.TaskTracker: attempt_201404121433_0001_m_000008_0 0.50104076% 
2014-04-12 14:35:33,085 INFO org.apache.hadoop.mapred.TaskTracker: attempt_201404121433_0001_m_000011_0 0.55687284% 
2014-04-12 14:35:33,124 INFO org.apache.hadoop.mapred.TaskTracker: attempt_201404121433_0001_m_000002_0 0.5290349% 
2014-04-12 14:35:33,153 INFO org.apache.hadoop.mapred.TaskTracker: attempt_201404121433_0001_m_000006_0 0.5096962% 
2014-04-12 14:35:33,211 INFO org.apache.hadoop.mapred.TaskTracker: attempt_201404121433_0001_m_000004_0 0.55765045% 
2014-04-12 14:35:33,219 INFO org.apache.hadoop.mapred.TaskTracker: attempt_201404121433_0001_m_000001_0 0.5320707% 
2014-04-12 14:35:35,316 INFO org.apache.hadoop.mapred.TaskTracker: attempt_201404121433_0001_m_000009_0 0.5353012% 
2014-04-12 14:35:35,709 INFO org.apache.hadoop.mapred.TaskTracker: attempt_201404121433_0001_m_000010_0 0.5755546% 
2014-04-12 14:35:35,722 INFO org.apache.hadoop.mapred.TaskTracker: attempt_201404121433_0001_m_000005_0 0.57614% 
2014-04-12 14:35:36,033 INFO org.apache.hadoop.mapred.TaskTracker: attempt_201404121433_0001_m_000007_0 0.64856% 
2014-04-12 14:35:36,100 INFO org.apache.hadoop.mapred.TaskTracker: attempt_201404121433_0001_m_000003_0 0.60935956% 
2014-04-12 14:35:36,304 INFO org.apache.hadoop.mapred.TaskTracker: attempt_201404121433_0001_m_000000_0 0.72744757% 
2014-04-12 14:35:36,407 INFO org.apache.hadoop.mapred.TaskTracker: attempt_201404121433_0001_m_000011_0 0.6525215% 
2014-04-12 14:35:36,465 INFO org.apache.hadoop.mapred.TaskTracker: attempt_201404121433_0001_m_000008_0 0.55692476% 
2014-04-12 14:35:36,497 INFO org.apache.hadoop.mapred.TaskTracker: attempt_201404121433_0001_m_000002_0 0.62265354% 
2014-04-12 14:35:36,499 INFO org.apache.hadoop.mapred.TaskTracker: attempt_201404121433_0001_m_000001_0 0.6132014% 
2014-04-12 14:35:36,504 INFO org.apache.hadoop.mapred.TaskTracker: attempt_201404121433_0001_m_000006_0 0.5764717% 
2014-04-12 14:35:36,519 INFO org.apache.hadoop.mapred.TaskTracker: attempt_201404121433_0001_m_000004_0 0.6433276% 
2014-04-12 14:35:38,631 INFO org.apache.hadoop.mapred.TaskTracker: attempt_201404121433_0001_m_000009_0 0.64814574% 
2014-04-12 14:35:39,375 INFO org.apache.hadoop.mapred.TaskTracker: attempt_201404121433_0001_m_000003_0 0.69653577% 
2014-04-12 14:35:39,407 INFO org.apache.hadoop.mapred.TaskTracker: attempt_201404121433_0001_m_000010_0 0.6744829% 
2014-04-12 14:35:39,456 INFO org.apache.hadoop.mapred.TaskTracker: attempt_201404121433_0001_m_000007_0 0.7631379% 
2014-04-12 14:35:39,639 INFO org.apache.hadoop.mapred.TaskTracker: attempt_201404121433_0001_m_000005_0 0.66114247% 
2014-04-12 14:35:39,776 INFO org.apache.hadoop.mapred.TaskTracker: attempt_201404121433_0001_m_000000_0 0.80315566% 
2014-04-12 14:35:39,807 INFO org.apache.hadoop.mapred.TaskTracker: attempt_201404121433_0001_m_000004_0 0.72749215% 
2014-04-12 14:35:39,818 INFO org.apache.hadoop.mapred.TaskTracker: attempt_201404121433_0001_m_000011_0 0.7623629% 
2014-04-12 14:35:39,820 INFO org.apache.hadoop.mapred.TaskTracker: attempt_201404121433_0001_m_000008_0 0.6459082% 
2014-04-12 14:35:39,896 INFO org.apache.hadoop.mapred.TaskTracker: attempt_201404121433_0001_m_000002_0 0.7304031% 
2014-04-12 14:35:39,913 INFO org.apache.hadoop.mapred.TaskTracker: attempt_201404121433_0001_m_000001_0 0.68752617% 
2014-04-12 14:35:40,213 INFO org.apache.hadoop.mapred.TaskTracker: attempt_201404121433_0001_m_000006_0 0.6721538% 
2014-04-12 14:35:41,988 INFO org.apache.hadoop.mapred.TaskTracker: attempt_201404121433_0001_m_000009_0 0.735925% 
2014-04-12 14:35:42,896 INFO org.apache.hadoop.mapred.TaskTracker: attempt_201404121433_0001_m_000003_0 0.78057706% 
2014-04-12 14:35:43,030 INFO org.apache.hadoop.mapred.TaskTracker: attempt_201404121433_0001_m_000005_0 0.75115925% 
2014-04-12 14:35:43,099 INFO org.apache.hadoop.mapred.TaskTracker: attempt_201404121433_0001_m_000007_0 0.84719366% 
2014-04-12 14:35:43,172 INFO org.apache.hadoop.mapred.TaskTracker: attempt_201404121433_0001_m_000004_0 0.8185291% 
2014-04-12 14:35:43,213 INFO org.apache.hadoop.mapred.TaskTracker: attempt_201404121433_0001_m_000011_0 0.8438364% 
2014-04-12 14:35:43,227 INFO org.apache.hadoop.mapred.TaskTracker: attempt_201404121433_0001_m_000008_0 0.7381773% 
2014-04-12 14:35:43,233 INFO org.apache.hadoop.mapred.TaskTracker: attempt_201404121433_0001_m_000002_0 0.82085496% 
2014-04-12 14:35:43,267 INFO org.apache.hadoop.mapred.TaskTracker: attempt_201404121433_0001_m_000001_0 0.77621144% 
2014-04-12 14:35:43,367 INFO org.apache.hadoop.mapred.TaskTracker: attempt_201404121433_0001_m_000000_0 0.89488924% 
2014-04-12 14:35:43,923 INFO org.apache.hadoop.mapred.TaskTracker: attempt_201404121433_0001_m_000006_0 0.7736061% 
2014-04-12 14:35:44,129 INFO org.apache.hadoop.mapred.TaskTracker: attempt_201404121433_0001_m_000010_0 0.77962005% 
2014-04-12 14:35:45,345 INFO org.apache.hadoop.mapred.TaskTracker: attempt_201404121433_0001_m_000009_0 0.83196723% 
2014-04-12 14:35:46,200 INFO org.apache.hadoop.mapred.TaskTracker: attempt_201404121433_0001_m_000003_0 0.8916349% 
2014-04-12 14:35:46,289 INFO org.apache.hadoop.mapred.TaskTracker: attempt_201404121433_0001_m_000005_0 0.8274671% 
2014-04-12 14:35:46,371 INFO org.apache.hadoop.mapred.TaskTracker: attempt_201404121433_0001_m_000007_0 0.9189522% 
2014-04-12 14:35:46,575 INFO org.apache.hadoop.mapred.TaskTracker: attempt_201404121433_0001_m_000008_0 0.8211528% 
2014-04-12 14:35:46,576 INFO org.apache.hadoop.mapred.TaskTracker: attempt_201404121433_0001_m_000002_0 0.9286738% 
2014-04-12 14:35:46,587 INFO org.apache.hadoop.mapred.TaskTracker: attempt_201404121433_0001_m_000011_0 0.9289272% 
2014-04-12 14:35:46,594 INFO org.apache.hadoop.mapred.TaskTracker: attempt_201404121433_0001_m_000001_0 0.8714868% 
2014-04-12 14:35:46,616 INFO org.apache.hadoop.mapred.TaskTracker: attempt_201404121433_0001_m_000000_0 0.9972542% 
2014-04-12 14:35:47,060 INFO org.apache.hadoop.mapred.TaskTracker: attempt_201404121433_0001_m_000004_0 0.91304696% 
2014-04-12 14:35:47,243 INFO org.apache.hadoop.mapred.TaskTracker: attempt_201404121433_0001_m_000006_0 0.8782471% 
2014-04-12 14:35:47,579 INFO org.apache.hadoop.mapred.TaskTracker: attempt_201404121433_0001_m_000010_0 0.8734265% 
2014-04-12 14:35:48,764 INFO org.apache.hadoop.mapred.TaskTracker: attempt_201404121433_0001_m_000009_0 0.9288759% 
2014-04-12 14:35:49,516 INFO org.apache.hadoop.mapred.TaskTracker: attempt_201404121433_0001_m_000003_0 0.9974264% 
2014-04-12 14:35:49,595 INFO org.apache.hadoop.mapred.TaskTracker: attempt_201404121433_0001_m_000007_0 1.0% 
2014-04-12 14:35:49,809 INFO org.apache.hadoop.mapred.TaskTracker: attempt_201404121433_0001_m_000005_0 0.9115417% 
2014-04-12 14:35:49,827 INFO org.apache.hadoop.mapred.TaskTracker: attempt_201404121433_0001_m_000001_0 0.96150815% 
2014-04-12 14:35:49,843 INFO org.apache.hadoop.mapred.TaskTracker: attempt_201404121433_0001_m_000011_0 1.0% 
2014-04-12 14:35:49,859 INFO org.apache.hadoop.mapred.TaskTracker: attempt_201404121433_0001_m_000002_0 1.0% 
2014-04-12 14:35:49,868 INFO org.apache.hadoop.mapred.TaskTracker: attempt_201404121433_0001_m_000000_0 1.0% 
2014-04-12 14:35:49,977 INFO org.apache.hadoop.mapred.TaskTracker: attempt_201404121433_0001_m_000008_0 0.916495% 
2014-04-12 14:35:50,199 INFO org.apache.hadoop.mapred.TaskTracker: attempt_201404121433_0001_m_000004_0 1.0% 
2014-04-12 14:35:50,459 INFO org.apache.hadoop.mapred.TaskTracker: attempt_201404121433_0001_m_000006_0 0.9864341% 
2014-04-12 14:35:50,833 INFO org.apache.hadoop.mapred.TaskTracker: attempt_201404121433_0001_m_000010_0 0.9757993% 
2014-04-12 14:35:52,003 INFO org.apache.hadoop.mapred.TaskTracker: attempt_201404121433_0001_m_000009_0 1.0% 
2014-04-12 14:35:52,718 INFO org.apache.hadoop.mapred.TaskTracker: attempt_201404121433_0001_m_000003_0 1.0% 
2014-04-12 14:35:52,759 INFO org.apache.hadoop.mapred.TaskTracker: attempt_201404121433_0001_m_000007_0 1.0% 
2014-04-12 14:35:53,010 INFO org.apache.hadoop.mapred.TaskTracker: attempt_201404121433_0001_m_000001_0 1.0% 
2014-04-12 14:35:53,037 INFO org.apache.hadoop.mapred.TaskTracker: attempt_201404121433_0001_m_000005_0 1.0% 
2014-04-12 14:35:53,040 INFO org.apache.hadoop.mapred.TaskTracker: attempt_201404121433_0001_m_000011_0 1.0% 
2014-04-12 14:35:53,133 INFO org.apache.hadoop.mapred.TaskTracker: attempt_201404121433_0001_m_000000_0 1.0% 
2014-04-12 14:35:53,139 INFO org.apache.hadoop.mapred.TaskTracker: attempt_201404121433_0001_m_000002_0 1.0% 
2014-04-12 14:35:53,154 INFO org.apache.hadoop.mapred.TaskTracker: attempt_201404121433_0001_m_000008_0 1.0% 
2014-04-12 14:35:53,369 INFO org.apache.hadoop.mapred.TaskTracker: attempt_201404121433_0001_m_000004_0 1.0% 
2014-04-12 14:35:53,601 INFO org.apache.hadoop.mapred.TaskTracker: attempt_201404121433_0001_m_000006_0 1.0% 
2014-04-12 14:35:53,993 INFO org.apache.hadoop.mapred.TaskTracker: attempt_201404121433_0001_m_000010_0 1.0% 
2014-04-12 14:35:55,173 INFO org.apache.hadoop.mapred.TaskTracker: attempt_201404121433_0001_m_000009_0 1.0% 
2014-04-12 14:35:55,853 INFO org.apache.hadoop.mapred.TaskTracker: attempt_201404121433_0001_m_000003_0 1.0% 
2014-04-12 14:35:55,929 INFO org.apache.hadoop.mapred.TaskTracker: attempt_201404121433_0001_m_000007_0 1.0% 
2014-04-12 14:35:56,126 INFO org.apache.hadoop.mapred.TaskTracker: attempt_201404121433_0001_m_000001_0 1.0% 
2014-04-12 14:35:56,139 INFO org.apache.hadoop.mapred.TaskTracker: attempt_201404121433_0001_m_000011_0 1.0% 
2014-04-12 14:35:56,152 INFO org.apache.hadoop.mapred.TaskTracker: attempt_201404121433_0001_m_000005_0 1.0% 
2014-04-12 14:35:56,232 INFO org.apache.hadoop.mapred.TaskTracker: attempt_201404121433_0001_m_000008_0 1.0% 
2014-04-12 14:35:56,236 INFO org.apache.hadoop.mapred.TaskTracker: attempt_201404121433_0001_m_000000_0 1.0% 
2014-04-12 14:35:56,247 INFO org.apache.hadoop.mapred.TaskTracker: attempt_201404121433_0001_m_000002_0 1.0% 
2014-04-12 14:35:56,484 INFO org.apache.hadoop.mapred.TaskTracker: attempt_201404121433_0001_m_000004_0 1.0% 
2014-04-12 14:35:56,706 INFO org.apache.hadoop.mapred.TaskTracker: attempt_201404121433_0001_m_000006_0 1.0% 
2014-04-12 14:35:57,046 INFO org.apache.hadoop.mapred.TaskTracker: attempt_201404121433_0001_m_000010_0 1.0% 
2014-04-12 14:35:58,283 INFO org.apache.hadoop.mapred.TaskTracker: attempt_201404121433_0001_m_000009_0 1.0% 
2014-04-12 14:35:58,997 INFO org.apache.hadoop.mapred.TaskTracker: attempt_201404121433_0001_m_000003_0 1.0% 
2014-04-12 14:35:59,000 INFO org.apache.hadoop.mapred.TaskTracker: attempt_201404121433_0001_m_000007_0 1.0% 
2014-04-12 14:35:59,191 INFO org.apache.hadoop.mapred.TaskTracker: attempt_201404121433_0001_m_000005_0 1.0% 
2014-04-12 14:35:59,224 INFO org.apache.hadoop.mapred.TaskTracker: attempt_201404121433_0001_m_000001_0 1.0% 
2014-04-12 14:35:59,278 INFO org.apache.hadoop.mapred.TaskTracker: attempt_201404121433_0001_m_000011_0 1.0% 
2014-04-12 14:35:59,324 INFO org.apache.hadoop.mapred.TaskTracker: attempt_201404121433_0001_m_000008_0 1.0% 
2014-04-12 14:35:59,324 INFO org.apache.hadoop.mapred.TaskTracker: attempt_201404121433_0001_m_000000_0 1.0% 
2014-04-12 14:35:59,332 INFO org.apache.hadoop.mapred.TaskTracker: attempt_201404121433_0001_m_000002_0 1.0% 
2014-04-12 14:35:59,522 INFO org.apache.hadoop.mapred.TaskTracker: attempt_201404121433_0001_m_000004_0 1.0% 
2014-04-12 14:35:59,794 INFO org.apache.hadoop.mapred.TaskTracker: attempt_201404121433_0001_m_000006_0 1.0% 
2014-04-12 14:36:00,181 INFO org.apache.hadoop.mapred.TaskTracker: attempt_201404121433_0001_m_000010_0 1.0% 
2014-04-12 14:36:01,317 INFO org.apache.hadoop.mapred.TaskTracker: attempt_201404121433_0001_m_000009_0 1.0% 
2014-04-12 14:36:03,466 INFO org.apache.hadoop.mapred.TaskTracker: attempt_201404121433_0001_m_000010_0 1.0% 
2014-04-12 14:36:03,467 INFO org.apache.hadoop.mapred.TaskTracker: attempt_201404121433_0001_m_000006_0 1.0% 
2014-04-12 14:36:03,468 INFO org.apache.hadoop.mapred.TaskTracker: attempt_201404121433_0001_m_000004_0 1.0% 
2014-04-12 14:36:03,468 INFO org.apache.hadoop.mapred.TaskTracker: attempt_201404121433_0001_m_000002_0 1.0% 
2014-04-12 14:36:03,469 INFO org.apache.hadoop.mapred.TaskTracker: attempt_201404121433_0001_m_000008_0 1.0% 
2014-04-12 14:36:03,469 INFO org.apache.hadoop.mapred.TaskTracker: attempt_201404121433_0001_m_000000_0 1.0% 
2014-04-12 14:36:03,469 INFO org.apache.hadoop.mapred.TaskTracker: attempt_201404121433_0001_m_000011_0 1.0% 
2014-04-12 14:36:03,470 INFO org.apache.hadoop.mapred.TaskTracker: attempt_201404121433_0001_m_000001_0 1.0% 
2014-04-12 14:36:03,470 INFO org.apache.hadoop.mapred.TaskTracker: attempt_201404121433_0001_m_000005_0 1.0% 
2014-04-12 14:36:03,471 INFO org.apache.hadoop.mapred.TaskTracker: attempt_201404121433_0001_m_000007_0 1.0% 
2014-04-12 14:36:03,471 INFO org.apache.hadoop.mapred.TaskTracker: attempt_201404121433_0001_m_000003_0 1.0% 
2014-04-12 14:36:06,503 INFO org.apache.hadoop.mapred.TaskTracker: attempt_201404121433_0001_m_000002_0 1.0% 
2014-04-12 14:36:08,063 INFO org.apache.hadoop.mapred.TaskTracker: attempt_201404121433_0001_m_000005_0 1.0% 
2014-04-12 14:36:08,064 INFO org.apache.hadoop.mapred.TaskTracker: attempt_201404121433_0001_m_000009_0 1.0% 
2014-04-12 14:36:08,064 INFO org.apache.hadoop.mapred.TaskTracker: attempt_201404121433_0001_m_000004_0 1.0% 
2014-04-12 14:36:08,064 INFO org.apache.hadoop.mapred.TaskTracker: attempt_201404121433_0001_m_000008_0 1.0% 
2014-04-12 14:36:08,065 INFO org.apache.hadoop.mapred.TaskTracker: attempt_201404121433_0001_m_000003_0 1.0% 
2014-04-12 14:36:08,065 INFO org.apache.hadoop.mapred.TaskTracker: attempt_201404121433_0001_m_000010_0 1.0% 
2014-04-12 14:36:08,066 INFO org.apache.hadoop.mapred.TaskTracker: attempt_201404121433_0001_m_000006_0 1.0% 
2014-04-12 14:36:08,066 INFO org.apache.hadoop.mapred.TaskTracker: attempt_201404121433_0001_m_000000_0 1.0% 
2014-04-12 14:36:08,066 INFO org.apache.hadoop.mapred.TaskTracker: attempt_201404121433_0001_m_000001_0 1.0% 
2014-04-12 14:36:08,067 INFO org.apache.hadoop.mapred.TaskTracker: attempt_201404121433_0001_m_000011_0 1.0% 
2014-04-12 14:36:08,067 INFO org.apache.hadoop.mapred.TaskTracker: attempt_201404121433_0001_m_000007_0 1.0% 
2014-04-12 14:36:08,068 INFO org.apache.hadoop.mapred.TaskTracker: attempt_201404121433_0001_m_000003_0 1.0% 
2014-04-12 14:36:08,068 INFO org.apache.hadoop.mapred.TaskTracker: attempt_201404121433_0001_m_000008_0 1.0% 
2014-04-12 14:36:08,068 INFO org.apache.hadoop.mapred.TaskTracker: attempt_201404121433_0001_m_000006_0 1.0% 
2014-04-12 14:36:08,069 INFO org.apache.hadoop.mapred.TaskTracker: attempt_201404121433_0001_m_000010_0 1.0% 
2014-04-12 14:36:08,069 INFO org.apache.hadoop.mapred.TaskTracker: attempt_201404121433_0001_m_000000_0 1.0% 
2014-04-12 14:36:08,069 INFO org.apache.hadoop.mapred.TaskTracker: attempt_201404121433_0001_m_000001_0 1.0% 
2014-04-12 14:36:08,070 INFO org.apache.hadoop.mapred.TaskTracker: attempt_201404121433_0001_m_000007_0 1.0% 
2014-04-12 14:36:08,070 INFO org.apache.hadoop.mapred.TaskTracker: Task attempt_201404121433_0001_m_000003_0 is done.
2014-04-12 14:36:08,070 INFO org.apache.hadoop.mapred.TaskTracker: reported output size for attempt_201404121433_0001_m_000003_0  was 53120058
2014-04-12 14:36:08,071 INFO org.apache.hadoop.mapred.TaskTracker: attempt_201404121433_0001_m_000011_0 1.0% 
2014-04-12 14:36:08,071 INFO org.apache.hadoop.mapred.TaskTracker: Task attempt_201404121433_0001_m_000010_0 is done.
2014-04-12 14:36:08,071 INFO org.apache.hadoop.mapred.TaskTracker: reported output size for attempt_201404121433_0001_m_000010_0  was 52583539
2014-04-12 14:36:08,072 INFO org.apache.hadoop.mapred.TaskTracker: Task attempt_201404121433_0001_m_000008_0 is done.
2014-04-12 14:36:08,072 INFO org.apache.hadoop.mapred.TaskTracker: reported output size for attempt_201404121433_0001_m_000008_0  was 52484422
2014-04-12 14:36:08,072 INFO org.apache.hadoop.mapred.TaskTracker: Task attempt_201404121433_0001_m_000006_0 is done.
2014-04-12 14:36:08,072 INFO org.apache.hadoop.mapred.TaskTracker: reported output size for attempt_201404121433_0001_m_000006_0  was 51721815
2014-04-12 14:36:08,072 INFO org.apache.hadoop.mapred.TaskTracker: Task attempt_201404121433_0001_m_000001_0 is done.
2014-04-12 14:36:08,072 INFO org.apache.hadoop.mapred.TaskTracker: reported output size for attempt_201404121433_0001_m_000001_0  was 51881023
2014-04-12 14:36:08,073 INFO org.apache.hadoop.mapred.TaskTracker: Task attempt_201404121433_0001_m_000007_0 is done.
2014-04-12 14:36:08,073 INFO org.apache.hadoop.mapred.TaskTracker: reported output size for attempt_201404121433_0001_m_000007_0  was 52806609
2014-04-12 14:36:08,075 INFO org.apache.hadoop.mapred.TaskTracker: Task attempt_201404121433_0001_m_000000_0 is done.
2014-04-12 14:36:08,076 INFO org.apache.hadoop.mapred.TaskTracker: reported output size for attempt_201404121433_0001_m_000000_0  was 52440243
2014-04-12 14:36:08,078 INFO org.apache.hadoop.mapred.TaskTracker: Task attempt_201404121433_0001_m_000011_0 is done.
2014-04-12 14:36:08,078 INFO org.apache.hadoop.mapred.TaskTracker: reported output size for attempt_201404121433_0001_m_000011_0  was 51234489
2014-04-12 14:36:08,391 INFO org.apache.hadoop.mapred.TaskTracker: addFreeSlot : current free slots : 1
2014-04-12 14:36:08,392 INFO org.apache.hadoop.mapred.TaskTracker: addFreeSlot : current free slots : 2
2014-04-12 14:36:08,392 INFO org.apache.hadoop.mapred.TaskTracker: addFreeSlot : current free slots : 3
2014-04-12 14:36:08,392 INFO org.apache.hadoop.mapred.TaskTracker: addFreeSlot : current free slots : 4
2014-04-12 14:36:08,393 INFO org.apache.hadoop.mapred.TaskTracker: addFreeSlot : current free slots : 5
2014-04-12 14:36:08,395 INFO org.apache.hadoop.mapred.TaskTracker: addFreeSlot : current free slots : 6
2014-04-12 14:36:08,396 INFO org.apache.hadoop.mapred.TaskTracker: addFreeSlot : current free slots : 7
2014-04-12 14:36:08,502 INFO org.apache.hadoop.mapred.JvmManager: JVM : jvm_201404121433_0001_m_925022711 exited with exit code 0. Number of tasks it ran: 1
2014-04-12 14:36:08,555 INFO org.apache.hadoop.mapred.JvmManager: JVM : jvm_201404121433_0001_m_587047801 exited with exit code 0. Number of tasks it ran: 1
2014-04-12 14:36:08,556 INFO org.apache.hadoop.mapred.JvmManager: JVM : jvm_201404121433_0001_m_1980883860 exited with exit code 0. Number of tasks it ran: 1
2014-04-12 14:36:08,556 INFO org.apache.hadoop.mapred.JvmManager: JVM : jvm_201404121433_0001_m_1799027212 exited with exit code 0. Number of tasks it ran: 1
2014-04-12 14:36:08,556 INFO org.apache.hadoop.mapred.JvmManager: JVM : jvm_201404121433_0001_m_1290070252 exited with exit code 0. Number of tasks it ran: 1
2014-04-12 14:36:08,557 INFO org.apache.hadoop.mapred.JvmManager: JVM : jvm_201404121433_0001_m_1232937681 exited with exit code 0. Number of tasks it ran: 1
2014-04-12 14:36:08,557 INFO org.apache.hadoop.mapred.JvmManager: JVM : jvm_201404121433_0001_m_1754694700 exited with exit code 0. Number of tasks it ran: 1
2014-04-12 14:36:08,557 INFO org.apache.hadoop.mapred.JvmManager: JVM : jvm_201404121433_0001_m_734779717 exited with exit code 0. Number of tasks it ran: 1
2014-04-12 14:36:09,556 INFO org.apache.hadoop.mapred.TaskTracker: LaunchTaskAction (registerTask): attempt_201404121433_0001_r_000000_0 task's state:UNASSIGNED
2014-04-12 14:36:09,556 INFO org.apache.hadoop.mapred.TaskTracker: Trying to launch : attempt_201404121433_0001_r_000000_0 which needs 1 slots
2014-04-12 14:36:09,556 INFO org.apache.hadoop.mapred.TaskTracker: In TaskLauncher, current free slots : 2 and trying to launch attempt_201404121433_0001_r_000000_0 which needs 1 slots
2014-04-12 14:36:09,566 INFO org.apache.hadoop.mapred.JvmManager: In JvmRunner constructed JVM ID: jvm_201404121433_0001_r_1773446290
2014-04-12 14:36:09,566 INFO org.apache.hadoop.mapred.JvmManager: JVM Runner jvm_201404121433_0001_r_1773446290 spawned.
2014-04-12 14:36:09,568 INFO org.apache.hadoop.mapred.TaskController: Writing commands to /tmp/hadoop/hadoop-jmg3/mapred/local/ttprivate/taskTracker/jmg3/jobcache/job_201404121433_0001/attempt_201404121433_0001_r_000000_0/taskjvm.sh
2014-04-12 14:36:10,204 INFO org.apache.hadoop.mapred.TaskTracker: JVM with ID: jvm_201404121433_0001_r_1773446290 given task: attempt_201404121433_0001_r_000000_0
2014-04-12 14:36:11,091 INFO org.apache.hadoop.mapred.TaskTracker: attempt_201404121433_0001_m_000002_0 1.0% 
2014-04-12 14:36:11,092 INFO org.apache.hadoop.mapred.TaskTracker: attempt_201404121433_0001_m_000009_0 1.0% 
2014-04-12 14:36:11,093 INFO org.apache.hadoop.mapred.TaskTracker: attempt_201404121433_0001_m_000005_0 1.0% 
2014-04-12 14:36:11,093 INFO org.apache.hadoop.mapred.TaskTracker: attempt_201404121433_0001_m_000004_0 1.0% 
2014-04-12 14:36:11,094 INFO org.apache.hadoop.mapred.TaskTracker: attempt_201404121433_0001_m_000002_0 1.0% 
2014-04-12 14:36:11,095 INFO org.apache.hadoop.mapred.TaskTracker: attempt_201404121433_0001_m_000009_0 1.0% 
2014-04-12 14:36:11,095 INFO org.apache.hadoop.mapred.TaskTracker: Task attempt_201404121433_0001_m_000002_0 is done.
2014-04-12 14:36:11,095 INFO org.apache.hadoop.mapred.TaskTracker: reported output size for attempt_201404121433_0001_m_000002_0  was 52164178
2014-04-12 14:36:11,096 INFO org.apache.hadoop.mapred.TaskTracker: attempt_201404121433_0001_m_000005_0 1.0% 
2014-04-12 14:36:11,096 INFO org.apache.hadoop.mapred.TaskTracker: attempt_201404121433_0001_m_000004_0 1.0% 
2014-04-12 14:36:11,096 INFO org.apache.hadoop.mapred.TaskTracker: Task attempt_201404121433_0001_m_000009_0 is done.
2014-04-12 14:36:11,096 INFO org.apache.hadoop.mapred.TaskTracker: reported output size for attempt_201404121433_0001_m_000009_0  was 52159730
2014-04-12 14:36:11,097 INFO org.apache.hadoop.mapred.TaskTracker: Task attempt_201404121433_0001_m_000005_0 is done.
2014-04-12 14:36:11,097 INFO org.apache.hadoop.mapred.TaskTracker: reported output size for attempt_201404121433_0001_m_000005_0  was 52225762
2014-04-12 14:36:11,097 INFO org.apache.hadoop.mapred.TaskTracker: Task attempt_201404121433_0001_m_000004_0 is done.
2014-04-12 14:36:11,097 INFO org.apache.hadoop.mapred.TaskTracker: reported output size for attempt_201404121433_0001_m_000004_0  was 51961174
2014-04-12 14:36:11,339 INFO org.apache.hadoop.mapred.TaskTracker: addFreeSlot : current free slots : 8
2014-04-12 14:36:11,339 INFO org.apache.hadoop.mapred.TaskTracker: addFreeSlot : current free slots : 9
2014-04-12 14:36:12,570 INFO org.apache.hadoop.mapred.TaskTracker: LaunchTaskAction (registerTask): attempt_201404121433_0001_r_000001_0 task's state:UNASSIGNED
2014-04-12 14:36:12,570 INFO org.apache.hadoop.mapred.TaskTracker: Trying to launch : attempt_201404121433_0001_r_000001_0 which needs 1 slots
2014-04-12 14:36:12,570 INFO org.apache.hadoop.mapred.TaskTracker: In TaskLauncher, current free slots : 1 and trying to launch attempt_201404121433_0001_r_000001_0 which needs 1 slots
2014-04-12 14:36:12,577 INFO org.apache.hadoop.mapred.JvmManager: In JvmRunner constructed JVM ID: jvm_201404121433_0001_r_1754694700
2014-04-12 14:36:12,577 INFO org.apache.hadoop.mapred.JvmManager: JVM Runner jvm_201404121433_0001_r_1754694700 spawned.
2014-04-12 14:36:12,578 INFO org.apache.hadoop.mapred.TaskController: Writing commands to /tmp/hadoop/hadoop-jmg3/mapred/local/ttprivate/taskTracker/jmg3/jobcache/job_201404121433_0001/attempt_201404121433_0001_r_000001_0/taskjvm.sh
2014-04-12 14:36:13,187 INFO org.apache.hadoop.mapred.TaskTracker: JVM with ID: jvm_201404121433_0001_r_1754694700 given task: attempt_201404121433_0001_r_000001_0
2014-04-12 14:36:15,276 INFO org.apache.hadoop.mapred.JvmManager: JVM : jvm_201404121433_0001_m_475400474 exited with exit code 0. Number of tasks it ran: 1
2014-04-12 14:36:15,276 INFO org.apache.hadoop.mapred.JvmManager: JVM : jvm_201404121433_0001_m_355137094 exited with exit code 0. Number of tasks it ran: 1
2014-04-12 14:36:15,276 INFO org.apache.hadoop.mapred.JvmManager: JVM : jvm_201404121433_0001_m_1043961668 exited with exit code 0. Number of tasks it ran: 1
2014-04-12 14:36:15,276 INFO org.apache.hadoop.mapred.JvmManager: JVM : jvm_201404121433_0001_m_573931813 exited with exit code 0. Number of tasks it ran: 1
2014-04-12 14:36:16,025 INFO org.apache.hadoop.mapred.TaskTracker.clienttrace: src: 192.168.110.214:50061, dest: 192.168.110.214:53141, bytes: 25823427, op: MAPRED_SHUFFLE, cliID: attempt_201404121433_0001_m_000000_0, duration: 104186988
2014-04-12 14:36:16,619 INFO org.apache.hadoop.mapred.TaskTracker.clienttrace: src: 192.168.110.214:50061, dest: 192.168.110.214:53142, bytes: 25558041, op: MAPRED_SHUFFLE, cliID: attempt_201404121433_0001_m_000001_0, duration: 592022487
2014-04-12 14:36:16,675 INFO org.apache.hadoop.mapred.TaskTracker: attempt_201404121433_0001_r_000000_0 0.05555556% reduce > copy (2 of 12 at 8.17 MB/s) > 
2014-04-12 14:36:17,642 INFO org.apache.hadoop.mapred.TaskTracker.clienttrace: src: 192.168.110.214:50061, dest: 192.168.110.214:53143, bytes: 26202027, op: MAPRED_SHUFFLE, cliID: attempt_201404121433_0001_m_000003_0, duration: 969120766
2014-04-12 14:36:19,712 INFO org.apache.hadoop.mapred.TaskTracker: attempt_201404121433_0001_r_000000_0 0.083333336% reduce > copy (3 of 12 at 10.57 MB/s) > 
2014-04-12 14:36:19,878 INFO org.apache.hadoop.mapred.TaskTracker.clienttrace: src: 192.168.110.214:50061, dest: 192.168.110.214:53144, bytes: 25554841, op: MAPRED_SHUFFLE, cliID: attempt_201404121433_0001_m_000006_0, duration: 2233993187
2014-04-12 14:36:20,876 INFO org.apache.hadoop.mapred.TaskTracker.clienttrace: src: 192.168.110.214:50061, dest: 192.168.110.214:53145, bytes: 26046374, op: MAPRED_SHUFFLE, cliID: attempt_201404121433_0001_m_000007_0, duration: 996420106
2014-04-12 14:36:20,898 INFO org.apache.hadoop.mapred.TaskTracker.clienttrace: src: 192.168.110.214:50061, dest: 192.168.110.214:53146, bytes: 26616816, op: MAPRED_SHUFFLE, cliID: attempt_201404121433_0001_m_000000_0, duration: 377985147
2014-04-12 14:36:21,273 INFO org.apache.hadoop.mapred.TaskTracker: attempt_201404121433_0001_r_000001_0 0.02777778% reduce > copy (1 of 12 at 4.23 MB/s) > 
2014-04-12 14:36:21,923 INFO org.apache.hadoop.mapred.TaskTracker.clienttrace: src: 192.168.110.214:50061, dest: 192.168.110.214:53147, bytes: 25848670, op: MAPRED_SHUFFLE, cliID: attempt_201404121433_0001_m_000008_0, duration: 1044897840
2014-04-12 14:36:22,293 INFO org.apache.hadoop.mapred.TaskTracker.clienttrace: src: 192.168.110.214:50061, dest: 192.168.110.214:53148, bytes: 26322982, op: MAPRED_SHUFFLE, cliID: attempt_201404121433_0001_m_000001_0, duration: 1343641881
2014-04-12 14:36:22,809 INFO org.apache.hadoop.mapred.TaskTracker: attempt_201404121433_0001_r_000000_0 0.16666667% reduce > copy (6 of 12 at 12.32 MB/s) > 
2014-04-12 14:36:23,219 INFO org.apache.hadoop.mapred.TaskTracker.clienttrace: src: 192.168.110.214:50061, dest: 192.168.110.214:53149, bytes: 25884370, op: MAPRED_SHUFFLE, cliID: attempt_201404121433_0001_m_000010_0, duration: 1294601389
2014-04-12 14:36:23,932 INFO org.apache.hadoop.mapred.TaskTracker.clienttrace: src: 192.168.110.214:50061, dest: 192.168.110.214:53150, bytes: 26918031, op: MAPRED_SHUFFLE, cliID: attempt_201404121433_0001_m_000003_0, duration: 1585914384
2014-04-12 14:36:24,309 INFO org.apache.hadoop.mapred.TaskTracker: attempt_201404121433_0001_r_000001_0 0.083333336% reduce > copy (3 of 12 at 8.46 MB/s) > 
2014-04-12 14:36:24,946 INFO org.apache.hadoop.mapred.TaskTracker.clienttrace: src: 192.168.110.214:50061, dest: 192.168.110.214:53151, bytes: 25290830, op: MAPRED_SHUFFLE, cliID: attempt_201404121433_0001_m_000011_0, duration: 1675717957
2014-04-12 14:36:24,963 INFO org.apache.hadoop.mapred.TaskTracker.clienttrace: src: 192.168.110.214:50061, dest: 192.168.110.214:53152, bytes: 26166974, op: MAPRED_SHUFFLE, cliID: attempt_201404121433_0001_m_000006_0, duration: 1028579218
2014-04-12 14:36:25,975 INFO org.apache.hadoop.mapred.TaskTracker.clienttrace: src: 192.168.110.214:50061, dest: 192.168.110.214:53153, bytes: 25699225, op: MAPRED_SHUFFLE, cliID: attempt_201404121433_0001_m_000002_0, duration: 1025617866
2014-04-12 14:36:25,980 INFO org.apache.hadoop.mapred.TaskTracker: attempt_201404121433_0001_r_000000_0 0.22222224% reduce > copy (8 of 12 at 13.11 MB/s) > 
2014-04-12 14:36:25,986 INFO org.apache.hadoop.mapred.TaskTracker.clienttrace: src: 192.168.110.214:50061, dest: 192.168.110.214:53154, bytes: 26760235, op: MAPRED_SHUFFLE, cliID: attempt_201404121433_0001_m_000007_0, duration: 1020901069
2014-04-12 14:36:27,004 INFO org.apache.hadoop.mapred.TaskTracker.clienttrace: src: 192.168.110.214:50061, dest: 192.168.110.214:53155, bytes: 25575768, op: MAPRED_SHUFFLE, cliID: attempt_201404121433_0001_m_000004_0, duration: 1023267586
2014-04-12 14:36:27,006 INFO org.apache.hadoop.mapred.TaskTracker.clienttrace: src: 192.168.110.214:50061, dest: 192.168.110.214:53154, bytes: 26635752, op: MAPRED_SHUFFLE, cliID: attempt_201404121433_0001_m_000008_0, duration: 1016322762
2014-04-12 14:36:27,344 INFO org.apache.hadoop.mapred.TaskTracker: attempt_201404121433_0001_r_000001_0 0.16666667% reduce > copy (6 of 12 at 12.67 MB/s) > 
2014-04-12 14:36:28,032 INFO org.apache.hadoop.mapred.TaskTracker.clienttrace: src: 192.168.110.214:50061, dest: 192.168.110.214:53156, bytes: 25767462, op: MAPRED_SHUFFLE, cliID: attempt_201404121433_0001_m_000005_0, duration: 1026375167
2014-04-12 14:36:28,049 INFO org.apache.hadoop.mapred.TaskTracker.clienttrace: src: 192.168.110.214:50061, dest: 192.168.110.214:53154, bytes: 26699169, op: MAPRED_SHUFFLE, cliID: attempt_201404121433_0001_m_000010_0, duration: 1040138712
2014-04-12 14:36:29,014 INFO org.apache.hadoop.mapred.TaskTracker: attempt_201404121433_0001_r_000000_0 0.30555558% reduce > copy (11 of 12 at 15.01 MB/s) > 
2014-04-12 14:36:29,045 INFO org.apache.hadoop.mapred.TaskTracker.clienttrace: src: 192.168.110.214:50061, dest: 192.168.110.214:53157, bytes: 25653178, op: MAPRED_SHUFFLE, cliID: attempt_201404121433_0001_m_000009_0, duration: 1011364394
2014-04-12 14:36:29,059 INFO org.apache.hadoop.mapred.TaskTracker.clienttrace: src: 192.168.110.214:50061, dest: 192.168.110.214:53154, bytes: 25943659, op: MAPRED_SHUFFLE, cliID: attempt_201404121433_0001_m_000011_0, duration: 1005566787
2014-04-12 14:36:29,789 INFO org.apache.hadoop.mapred.TaskTracker: attempt_201404121433_0001_r_000000_0 0.30555558% reduce > copy (11 of 12 at 15.01 MB/s) > 
2014-04-12 14:36:30,075 INFO org.apache.hadoop.mapred.TaskTracker.clienttrace: src: 192.168.110.214:50061, dest: 192.168.110.214:53154, bytes: 26464953, op: MAPRED_SHUFFLE, cliID: attempt_201404121433_0001_m_000002_0, duration: 1004994941
2014-04-12 14:36:30,378 INFO org.apache.hadoop.mapred.TaskTracker: attempt_201404121433_0001_r_000001_0 0.25% reduce > copy (9 of 12 at 15.17 MB/s) > 
2014-04-12 14:36:30,654 INFO org.apache.hadoop.mapred.TaskTracker: attempt_201404121433_0001_r_000000_0 0.30555558% reduce > copy (11 of 12 at 15.01 MB/s) > 
2014-04-12 14:36:31,092 INFO org.apache.hadoop.mapred.TaskTracker.clienttrace: src: 192.168.110.214:50061, dest: 192.168.110.214:53154, bytes: 26385406, op: MAPRED_SHUFFLE, cliID: attempt_201404121433_0001_m_000004_0, duration: 1007451026
2014-04-12 14:36:32,050 INFO org.apache.hadoop.mapred.TaskTracker: attempt_201404121433_0001_r_000000_0 0.6666853% reduce > reduce
2014-04-12 14:36:32,114 INFO org.apache.hadoop.mapred.TaskTracker.clienttrace: src: 192.168.110.214:50061, dest: 192.168.110.214:53154, bytes: 26458300, op: MAPRED_SHUFFLE, cliID: attempt_201404121433_0001_m_000005_0, duration: 1013910830
2014-04-12 14:36:33,122 INFO org.apache.hadoop.mapred.TaskTracker.clienttrace: src: 192.168.110.214:50061, dest: 192.168.110.214:53154, bytes: 26506552, op: MAPRED_SHUFFLE, cliID: attempt_201404121433_0001_m_000009_0, duration: 1005972936
2014-04-12 14:36:33,319 INFO org.apache.hadoop.mapred.TaskTracker: Task attempt_201404121433_0001_r_000000_0 is in commit-pending, task state:COMMIT_PENDING
2014-04-12 14:36:33,319 INFO org.apache.hadoop.mapred.TaskTracker: attempt_201404121433_0001_r_000000_0 0.6666853% reduce > reduce
2014-04-12 14:36:33,365 INFO org.apache.hadoop.mapred.TaskTracker: attempt_201404121433_0001_r_000001_0 0.25% reduce > copy (9 of 12 at 15.17 MB/s) > 
2014-04-12 14:36:33,442 INFO org.apache.hadoop.mapred.TaskTracker: attempt_201404121433_0001_r_000001_0 0.33333334% reduce > sort
2014-04-12 14:36:33,591 INFO org.apache.hadoop.mapred.TaskTracker: Received commit task action for attempt_201404121433_0001_r_000000_0
2014-04-12 14:36:34,285 INFO org.apache.hadoop.mapred.TaskTracker: attempt_201404121433_0001_r_000001_0 0.33333334% reduce > sort
2014-04-12 14:36:35,081 INFO org.apache.hadoop.mapred.TaskTracker: attempt_201404121433_0001_r_000000_0 0.6666853% reduce > reduce
2014-04-12 14:36:35,083 INFO org.apache.hadoop.mapred.TaskTracker: attempt_201404121433_0001_r_000000_0 0.6666853% reduce > reduce
2014-04-12 14:36:35,084 INFO org.apache.hadoop.mapred.TaskTracker: Task attempt_201404121433_0001_r_000000_0 is done.
2014-04-12 14:36:35,084 INFO org.apache.hadoop.mapred.TaskTracker: reported output size for attempt_201404121433_0001_r_000000_0  was -1
2014-04-12 14:36:35,084 INFO org.apache.hadoop.mapred.TaskTracker: addFreeSlot : current free slots : 1
2014-04-12 14:36:35,257 INFO org.apache.hadoop.mapred.JvmManager: JVM : jvm_201404121433_0001_r_1773446290 exited with exit code 0. Number of tasks it ran: 1
2014-04-12 14:36:36,478 INFO org.apache.hadoop.mapred.TaskTracker: attempt_201404121433_0001_r_000001_0 0.666691% reduce > reduce
2014-04-12 14:36:36,597 INFO org.apache.hadoop.mapred.TaskTracker: Received KillTaskAction for task: attempt_201404121433_0001_r_000000_0
2014-04-12 14:36:36,597 INFO org.apache.hadoop.mapred.TaskTracker: About to purge task: attempt_201404121433_0001_r_000000_0
2014-04-12 14:36:36,819 INFO org.apache.hadoop.mapred.TaskTracker: Task attempt_201404121433_0001_r_000001_0 is in commit-pending, task state:COMMIT_PENDING
2014-04-12 14:36:36,819 INFO org.apache.hadoop.mapred.TaskTracker: attempt_201404121433_0001_r_000001_0 0.666691% reduce > reduce
2014-04-12 14:36:39,509 INFO org.apache.hadoop.mapred.TaskTracker: attempt_201404121433_0001_r_000001_0 0.666691% reduce > reduce
2014-04-12 14:36:39,600 INFO org.apache.hadoop.mapred.TaskTracker: Received commit task action for attempt_201404121433_0001_r_000001_0
2014-04-12 14:36:42,539 INFO org.apache.hadoop.mapred.TaskTracker: attempt_201404121433_0001_r_000001_0 0.666691% reduce > reduce
2014-04-12 14:36:42,540 INFO org.apache.hadoop.mapred.TaskTracker: attempt_201404121433_0001_r_000001_0 0.666691% reduce > reduce
2014-04-12 14:36:42,541 INFO org.apache.hadoop.mapred.TaskTracker: Task attempt_201404121433_0001_r_000001_0 is done.
2014-04-12 14:36:42,541 INFO org.apache.hadoop.mapred.TaskTracker: reported output size for attempt_201404121433_0001_r_000001_0  was -1
2014-04-12 14:36:42,542 INFO org.apache.hadoop.mapred.TaskTracker: addFreeSlot : current free slots : 2
2014-04-12 14:36:42,613 INFO org.apache.hadoop.mapred.TaskTracker: LaunchTaskAction (registerTask): attempt_201404121433_0001_m_000012_0 task's state:UNASSIGNED
2014-04-12 14:36:42,613 INFO org.apache.hadoop.mapred.TaskTracker: Trying to launch : attempt_201404121433_0001_m_000012_0 which needs 1 slots
2014-04-12 14:36:42,613 INFO org.apache.hadoop.mapred.TaskTracker: Received KillTaskAction for task: attempt_201404121433_0001_r_000001_0
2014-04-12 14:36:42,613 INFO org.apache.hadoop.mapred.TaskTracker: In TaskLauncher, current free slots : 9 and trying to launch attempt_201404121433_0001_m_000012_0 which needs 1 slots
2014-04-12 14:36:42,613 INFO org.apache.hadoop.mapred.TaskTracker: About to purge task: attempt_201404121433_0001_r_000001_0
2014-04-12 14:36:42,618 INFO org.apache.hadoop.mapred.JvmManager: In JvmRunner constructed JVM ID: jvm_201404121433_0001_m_1041395792
2014-04-12 14:36:42,619 INFO org.apache.hadoop.mapred.JvmManager: JVM Runner jvm_201404121433_0001_m_1041395792 spawned.
2014-04-12 14:36:42,620 INFO org.apache.hadoop.mapred.TaskController: Writing commands to /tmp/hadoop/hadoop-jmg3/mapred/local/ttprivate/taskTracker/jmg3/jobcache/job_201404121433_0001/attempt_201404121433_0001_m_000012_0/taskjvm.sh
2014-04-12 14:36:43,228 INFO org.apache.hadoop.mapred.TaskTracker: JVM with ID: jvm_201404121433_0001_m_1041395792 given task: attempt_201404121433_0001_m_000012_0
2014-04-12 14:36:43,448 INFO org.apache.hadoop.mapred.JvmManager: JVM : jvm_201404121433_0001_r_1754694700 exited with exit code 0. Number of tasks it ran: 1
2014-04-12 14:36:43,720 INFO org.apache.hadoop.mapred.TaskTracker: attempt_201404121433_0001_m_000012_0 0.0% 
2014-04-12 14:36:46,637 INFO org.apache.hadoop.mapred.TaskTracker: attempt_201404121433_0001_m_000012_0 0.0% cleanup
2014-04-12 14:36:46,639 INFO org.apache.hadoop.mapred.TaskTracker: Task attempt_201404121433_0001_m_000012_0 is done.
2014-04-12 14:36:46,639 INFO org.apache.hadoop.mapred.TaskTracker: reported output size for attempt_201404121433_0001_m_000012_0  was -1
2014-04-12 14:36:46,639 INFO org.apache.hadoop.mapred.TaskTracker: addFreeSlot : current free slots : 9
2014-04-12 14:36:46,792 INFO org.apache.hadoop.mapred.JvmManager: JVM : jvm_201404121433_0001_m_1041395792 exited with exit code 0. Number of tasks it ran: 1
2014-04-12 14:36:48,662 INFO org.apache.hadoop.mapred.TaskTracker: Received 'KillJobAction' for job: job_201404121433_0001
2014-04-12 14:36:48,663 INFO org.apache.hadoop.mapred.IndexCache: Map ID attempt_201404121433_0001_m_000012_0 not found in cache
2014-04-12 14:36:48,664 INFO org.apache.hadoop.mapred.UserLogCleaner: Adding job_201404121433_0001 for user-log deletion with retainTimeStamp:1397417808664
