2014-04-14 02:20:42,320 INFO org.apache.hadoop.mapred.TaskTracker: STARTUP_MSG: 
/************************************************************
STARTUP_MSG: Starting TaskTracker
STARTUP_MSG:   host = node08.asa-web.amd.com/127.0.1.1
STARTUP_MSG:   args = []
STARTUP_MSG:   version = Unknown
STARTUP_MSG:   build = Unknown -r Unknown; compiled by 'Unknown' on Unknown
************************************************************/
2014-04-14 02:20:42,591 INFO org.apache.hadoop.metrics2.impl.MetricsConfig: loaded properties from hadoop-metrics2.properties
2014-04-14 02:20:42,653 INFO org.apache.hadoop.metrics2.impl.MetricsSourceAdapter: MBean for source MetricsSystem,sub=Stats registered.
2014-04-14 02:20:42,654 INFO org.apache.hadoop.metrics2.impl.MetricsSystemImpl: Scheduled snapshot period at 10 second(s).
2014-04-14 02:20:42,654 INFO org.apache.hadoop.metrics2.impl.MetricsSystemImpl: TaskTracker metrics system started
2014-04-14 02:20:43,005 INFO org.apache.hadoop.metrics2.impl.MetricsSourceAdapter: MBean for source ugi registered.
2014-04-14 02:20:43,011 WARN org.apache.hadoop.metrics2.impl.MetricsSystemImpl: Source name ugi already exists!
2014-04-14 02:20:48,306 INFO org.mortbay.log: Logging to org.slf4j.impl.Log4jLoggerAdapter(org.mortbay.log) via org.mortbay.log.Slf4jLog
2014-04-14 02:20:48,380 INFO org.apache.hadoop.http.HttpServer: Added global filtersafety (class=org.apache.hadoop.http.HttpServer$QuotingInputFilter)
2014-04-14 02:20:48,444 INFO org.apache.hadoop.mapred.TaskLogsTruncater: Initializing logs' truncater with mapRetainSize=-1 and reduceRetainSize=-1
2014-04-14 02:20:48,459 INFO org.apache.hadoop.mapred.TaskTracker: Starting tasktracker with owner as mgrossman
2014-04-14 02:20:48,461 INFO org.apache.hadoop.mapred.TaskTracker: Good mapred local directories are: /tmp/hadoop/hadoop-mgrossman/mapred/local
2014-04-14 02:20:48,472 INFO org.apache.hadoop.util.NativeCodeLoader: Loaded the native-hadoop library
2014-04-14 02:20:48,499 INFO org.apache.hadoop.metrics2.impl.MetricsSourceAdapter: MBean for source jvm registered.
2014-04-14 02:20:48,502 INFO org.apache.hadoop.metrics2.impl.MetricsSourceAdapter: MBean for source TaskTrackerMetrics registered.
2014-04-14 02:20:48,532 INFO org.apache.hadoop.ipc.Server: Starting SocketReader
2014-04-14 02:20:48,542 INFO org.apache.hadoop.metrics2.impl.MetricsSourceAdapter: MBean for source RpcDetailedActivityForPort42341 registered.
2014-04-14 02:20:48,543 INFO org.apache.hadoop.metrics2.impl.MetricsSourceAdapter: MBean for source RpcActivityForPort42341 registered.
2014-04-14 02:20:48,548 INFO org.apache.hadoop.ipc.Server: IPC Server Responder: starting
2014-04-14 02:20:48,548 INFO org.apache.hadoop.ipc.Server: IPC Server listener on 42341: starting
2014-04-14 02:20:48,551 INFO org.apache.hadoop.ipc.Server: IPC Server handler 0 on 42341: starting
2014-04-14 02:20:48,552 INFO org.apache.hadoop.ipc.Server: IPC Server handler 1 on 42341: starting
2014-04-14 02:20:48,552 INFO org.apache.hadoop.ipc.Server: IPC Server handler 2 on 42341: starting
2014-04-14 02:20:48,552 INFO org.apache.hadoop.ipc.Server: IPC Server handler 3 on 42341: starting
2014-04-14 02:20:48,553 INFO org.apache.hadoop.ipc.Server: IPC Server handler 4 on 42341: starting
2014-04-14 02:20:48,553 INFO org.apache.hadoop.ipc.Server: IPC Server handler 6 on 42341: starting
2014-04-14 02:20:48,553 INFO org.apache.hadoop.ipc.Server: IPC Server handler 7 on 42341: starting
2014-04-14 02:20:48,553 INFO org.apache.hadoop.ipc.Server: IPC Server handler 5 on 42341: starting
2014-04-14 02:20:48,554 INFO org.apache.hadoop.mapred.TaskTracker: TaskTracker up at: localhost/127.0.0.1:42341
2014-04-14 02:20:48,554 INFO org.apache.hadoop.mapred.TaskTracker: Starting tracker tracker_node08.asa-web.amd.com:localhost/127.0.0.1:42341
2014-04-14 02:20:58,638 INFO org.apache.hadoop.mapred.TaskTracker: Starting thread: Map-events fetcher for all reduce tasks on tracker_node08.asa-web.amd.com:localhost/127.0.0.1:42341
2014-04-14 02:20:58,650 INFO org.apache.hadoop.util.ProcessTree: setsid exited with exit code 0
2014-04-14 02:20:58,657 INFO org.apache.hadoop.mapred.TaskTracker:  Using ResourceCalculatorPlugin : org.apache.hadoop.util.LinuxResourceCalculatorPlugin@31c513eb
2014-04-14 02:20:58,661 WARN org.apache.hadoop.mapred.TaskTracker: TaskTracker's totalMemoryAllottedForTasks is -1. TaskMemoryManager is disabled.
2014-04-14 02:20:58,666 INFO org.apache.hadoop.mapred.IndexCache: IndexCache created with max memory = 10485760
2014-04-14 02:21:00,834 INFO org.apache.hadoop.metrics2.impl.MetricsSourceAdapter: MBean for source ShuffleServerMetrics registered.
2014-04-14 02:21:00,841 INFO org.apache.hadoop.http.HttpServer: Port returned by webServer.getConnectors()[0].getLocalPort() before open() is -1. Opening the listener on 50061
2014-04-14 02:21:00,842 INFO org.apache.hadoop.http.HttpServer: listener.getLocalPort() returned 50061 webServer.getConnectors()[0].getLocalPort() returned 50061
2014-04-14 02:21:00,842 INFO org.apache.hadoop.http.HttpServer: Jetty bound to port 50061
2014-04-14 02:21:00,842 INFO org.mortbay.log: jetty-6.1.26
2014-04-14 02:21:01,235 INFO org.mortbay.log: Started SelectChannelConnector@0.0.0.0:50061
2014-04-14 02:21:01,236 INFO org.apache.hadoop.mapred.TaskTracker: FILE_CACHE_SIZE for mapOutputServlet set to : 2000
2014-04-14 02:22:07,876 INFO org.apache.hadoop.mapred.TaskTracker: LaunchTaskAction (registerTask): attempt_201404140220_0001_m_000021_0 task's state:UNASSIGNED
2014-04-14 02:22:07,886 INFO org.apache.hadoop.mapred.TaskTracker: Trying to launch : attempt_201404140220_0001_m_000021_0 which needs 1 slots
2014-04-14 02:22:07,886 INFO org.apache.hadoop.mapred.TaskTracker: In TaskLauncher, current free slots : 4 and trying to launch attempt_201404140220_0001_m_000021_0 which needs 1 slots
2014-04-14 02:22:08,264 INFO org.apache.hadoop.mapred.JobLocalizer: Initializing user mgrossman on this TT.
2014-04-14 02:22:08,502 INFO org.apache.hadoop.mapred.JvmManager: In JvmRunner constructed JVM ID: jvm_201404140220_0001_m_778522207
2014-04-14 02:22:08,503 INFO org.apache.hadoop.mapred.JvmManager: JVM Runner jvm_201404140220_0001_m_778522207 spawned.
2014-04-14 02:22:08,508 INFO org.apache.hadoop.mapred.TaskController: Writing commands to /tmp/hadoop/hadoop-mgrossman/mapred/local/ttprivate/taskTracker/mgrossman/jobcache/job_201404140220_0001/attempt_201404140220_0001_m_000021_0/taskjvm.sh
2014-04-14 02:22:09,652 INFO org.apache.hadoop.mapred.TaskTracker: JVM with ID: jvm_201404140220_0001_m_778522207 given task: attempt_201404140220_0001_m_000021_0
2014-04-14 02:22:13,410 INFO org.apache.hadoop.mapred.TaskTracker: attempt_201404140220_0001_m_000021_0 0.0% setup
2014-04-14 02:22:13,414 INFO org.apache.hadoop.mapred.TaskTracker: Task attempt_201404140220_0001_m_000021_0 is done.
2014-04-14 02:22:13,414 INFO org.apache.hadoop.mapred.TaskTracker: reported output size for attempt_201404140220_0001_m_000021_0  was -1
2014-04-14 02:22:13,416 INFO org.apache.hadoop.mapred.TaskTracker: addFreeSlot : current free slots : 4
2014-04-14 02:22:13,654 INFO org.apache.hadoop.mapred.JvmManager: JVM : jvm_201404140220_0001_m_778522207 exited with exit code 0. Number of tasks it ran: 1
2014-04-14 02:22:13,748 INFO org.apache.hadoop.io.nativeio.NativeIO: Initialized cache for UID to User mapping with a cache timeout of 14400 seconds.
2014-04-14 02:22:13,749 INFO org.apache.hadoop.io.nativeio.NativeIO: Got UserName mgrossman for UID 1007 from the native implementation
2014-04-14 02:22:13,930 INFO org.apache.hadoop.mapred.TaskTracker: LaunchTaskAction (registerTask): attempt_201404140220_0001_m_000000_0 task's state:UNASSIGNED
2014-04-14 02:22:13,930 INFO org.apache.hadoop.mapred.TaskTracker: LaunchTaskAction (registerTask): attempt_201404140220_0001_m_000001_0 task's state:UNASSIGNED
2014-04-14 02:22:13,931 INFO org.apache.hadoop.mapred.TaskTracker: LaunchTaskAction (registerTask): attempt_201404140220_0001_m_000002_0 task's state:UNASSIGNED
2014-04-14 02:22:13,931 INFO org.apache.hadoop.mapred.TaskTracker: LaunchTaskAction (registerTask): attempt_201404140220_0001_m_000003_0 task's state:UNASSIGNED
2014-04-14 02:22:13,931 INFO org.apache.hadoop.mapred.TaskTracker: Trying to launch : attempt_201404140220_0001_m_000000_0 which needs 1 slots
2014-04-14 02:22:13,931 INFO org.apache.hadoop.mapred.TaskTracker: Received KillTaskAction for task: attempt_201404140220_0001_m_000021_0
2014-04-14 02:22:13,932 INFO org.apache.hadoop.mapred.TaskTracker: In TaskLauncher, current free slots : 4 and trying to launch attempt_201404140220_0001_m_000000_0 which needs 1 slots
2014-04-14 02:22:13,932 INFO org.apache.hadoop.mapred.TaskTracker: About to purge task: attempt_201404140220_0001_m_000021_0
2014-04-14 02:22:13,932 INFO org.apache.hadoop.mapred.TaskTracker: Trying to launch : attempt_201404140220_0001_m_000001_0 which needs 1 slots
2014-04-14 02:22:13,932 INFO org.apache.hadoop.mapred.TaskTracker: In TaskLauncher, current free slots : 3 and trying to launch attempt_201404140220_0001_m_000001_0 which needs 1 slots
2014-04-14 02:22:13,932 INFO org.apache.hadoop.mapred.IndexCache: Map ID attempt_201404140220_0001_m_000021_0 not found in cache
2014-04-14 02:22:13,934 INFO org.apache.hadoop.mapred.TaskTracker: Trying to launch : attempt_201404140220_0001_m_000002_0 which needs 1 slots
2014-04-14 02:22:13,934 INFO org.apache.hadoop.mapred.TaskTracker: In TaskLauncher, current free slots : 2 and trying to launch attempt_201404140220_0001_m_000002_0 which needs 1 slots
2014-04-14 02:22:13,937 INFO org.apache.hadoop.mapred.TaskTracker: Trying to launch : attempt_201404140220_0001_m_000003_0 which needs 1 slots
2014-04-14 02:22:13,938 INFO org.apache.hadoop.mapred.TaskTracker: In TaskLauncher, current free slots : 1 and trying to launch attempt_201404140220_0001_m_000003_0 which needs 1 slots
2014-04-14 02:22:13,955 INFO org.apache.hadoop.mapred.JvmManager: In JvmRunner constructed JVM ID: jvm_201404140220_0001_m_920172002
2014-04-14 02:22:13,955 INFO org.apache.hadoop.mapred.JvmManager: JVM Runner jvm_201404140220_0001_m_920172002 spawned.
2014-04-14 02:22:13,958 INFO org.apache.hadoop.mapred.TaskController: Writing commands to /tmp/hadoop/hadoop-mgrossman/mapred/local/ttprivate/taskTracker/mgrossman/jobcache/job_201404140220_0001/attempt_201404140220_0001_m_000001_0/taskjvm.sh
2014-04-14 02:22:13,968 INFO org.apache.hadoop.mapred.JvmManager: In JvmRunner constructed JVM ID: jvm_201404140220_0001_m_861326221
2014-04-14 02:22:13,968 INFO org.apache.hadoop.mapred.JvmManager: JVM Runner jvm_201404140220_0001_m_861326221 spawned.
2014-04-14 02:22:13,970 INFO org.apache.hadoop.mapred.JvmManager: In JvmRunner constructed JVM ID: jvm_201404140220_0001_m_1099239449
2014-04-14 02:22:13,972 INFO org.apache.hadoop.mapred.JvmManager: JVM Runner jvm_201404140220_0001_m_1099239449 spawned.
2014-04-14 02:22:13,973 INFO org.apache.hadoop.mapred.JvmManager: In JvmRunner constructed JVM ID: jvm_201404140220_0001_m_448077711
2014-04-14 02:22:13,975 INFO org.apache.hadoop.mapred.JvmManager: JVM Runner jvm_201404140220_0001_m_448077711 spawned.
2014-04-14 02:22:13,976 INFO org.apache.hadoop.mapred.TaskController: Writing commands to /tmp/hadoop/hadoop-mgrossman/mapred/local/ttprivate/taskTracker/mgrossman/jobcache/job_201404140220_0001/attempt_201404140220_0001_m_000002_0/taskjvm.sh
2014-04-14 02:22:13,995 INFO org.apache.hadoop.mapred.TaskController: Writing commands to /tmp/hadoop/hadoop-mgrossman/mapred/local/ttprivate/taskTracker/mgrossman/jobcache/job_201404140220_0001/attempt_201404140220_0001_m_000003_0/taskjvm.sh
2014-04-14 02:22:13,995 INFO org.apache.hadoop.mapred.TaskController: Writing commands to /tmp/hadoop/hadoop-mgrossman/mapred/local/ttprivate/taskTracker/mgrossman/jobcache/job_201404140220_0001/attempt_201404140220_0001_m_000000_0/taskjvm.sh
2014-04-14 02:22:15,397 INFO org.apache.hadoop.mapred.TaskTracker: JVM with ID: jvm_201404140220_0001_m_448077711 given task: attempt_201404140220_0001_m_000000_0
2014-04-14 02:22:15,414 INFO org.apache.hadoop.mapred.TaskTracker: JVM with ID: jvm_201404140220_0001_m_861326221 given task: attempt_201404140220_0001_m_000002_0
2014-04-14 02:22:15,420 INFO org.apache.hadoop.mapred.TaskTracker: JVM with ID: jvm_201404140220_0001_m_920172002 given task: attempt_201404140220_0001_m_000001_0
2014-04-14 02:22:15,421 INFO org.apache.hadoop.mapred.TaskTracker: JVM with ID: jvm_201404140220_0001_m_1099239449 given task: attempt_201404140220_0001_m_000003_0
2014-04-14 02:22:22,720 INFO org.apache.hadoop.mapred.TaskTracker: attempt_201404140220_0001_m_000000_0 0.5866043% 
2014-04-14 02:22:22,993 INFO org.apache.hadoop.mapred.TaskTracker: attempt_201404140220_0001_m_000002_0 0.5278782% 
2014-04-14 02:22:23,172 INFO org.apache.hadoop.mapred.TaskTracker: attempt_201404140220_0001_m_000001_0 0.43130857% 
2014-04-14 02:22:23,410 INFO org.apache.hadoop.mapred.TaskTracker: attempt_201404140220_0001_m_000003_0 0.49742457% 
2014-04-14 02:22:25,772 INFO org.apache.hadoop.mapred.TaskTracker: attempt_201404140220_0001_m_000000_0 1.0% 
2014-04-14 02:22:26,037 INFO org.apache.hadoop.mapred.TaskTracker: attempt_201404140220_0001_m_000002_0 1.0% 
2014-04-14 02:22:26,216 INFO org.apache.hadoop.mapred.TaskTracker: attempt_201404140220_0001_m_000001_0 1.0% 
2014-04-14 02:22:26,459 INFO org.apache.hadoop.mapred.TaskTracker: attempt_201404140220_0001_m_000003_0 1.0% 
2014-04-14 02:22:28,817 INFO org.apache.hadoop.mapred.TaskTracker: attempt_201404140220_0001_m_000000_0 1.0% 
2014-04-14 02:22:29,075 INFO org.apache.hadoop.mapred.TaskTracker: attempt_201404140220_0001_m_000002_0 1.0% 
2014-04-14 02:22:29,255 INFO org.apache.hadoop.mapred.TaskTracker: attempt_201404140220_0001_m_000001_0 1.0% 
2014-04-14 02:22:29,504 INFO org.apache.hadoop.mapred.TaskTracker: attempt_201404140220_0001_m_000003_0 1.0% 
2014-04-14 02:22:32,119 INFO org.apache.hadoop.mapred.TaskTracker: attempt_201404140220_0001_m_000002_0 1.0% 
2014-04-14 02:22:35,297 INFO org.apache.hadoop.mapred.TaskTracker: attempt_201404140220_0001_m_000001_0 1.0% 
2014-04-14 02:22:35,548 INFO org.apache.hadoop.mapred.TaskTracker: attempt_201404140220_0001_m_000003_0 1.0% 
2014-04-14 02:22:37,865 INFO org.apache.hadoop.mapred.TaskTracker: attempt_201404140220_0001_m_000000_0 1.0% 
2014-04-14 02:22:38,587 INFO org.apache.hadoop.mapred.TaskTracker: attempt_201404140220_0001_m_000003_0 1.0% 
2014-04-14 02:22:41,166 INFO org.apache.hadoop.mapred.TaskTracker: attempt_201404140220_0001_m_000002_0 1.0% 
2014-04-14 02:22:42,144 INFO org.apache.hadoop.mapred.TaskTracker: Task attempt_201404140220_0001_m_000000_0 is in commit-pending, task state:COMMIT_PENDING
2014-04-14 02:22:42,145 INFO org.apache.hadoop.mapred.TaskTracker: attempt_201404140220_0001_m_000000_0 1.0% 
2014-04-14 02:22:42,611 INFO org.apache.hadoop.mapred.TaskTracker: Task attempt_201404140220_0001_m_000002_0 is in commit-pending, task state:COMMIT_PENDING
2014-04-14 02:22:42,611 INFO org.apache.hadoop.mapred.TaskTracker: attempt_201404140220_0001_m_000002_0 1.0% 
2014-04-14 02:22:43,140 INFO org.apache.hadoop.mapred.TaskTracker: Task attempt_201404140220_0001_m_000001_0 is in commit-pending, task state:COMMIT_PENDING
2014-04-14 02:22:43,140 INFO org.apache.hadoop.mapred.TaskTracker: attempt_201404140220_0001_m_000001_0 1.0% 
2014-04-14 02:22:43,507 INFO org.apache.hadoop.mapred.TaskTracker: Task attempt_201404140220_0001_m_000003_0 is in commit-pending, task state:COMMIT_PENDING
2014-04-14 02:22:43,508 INFO org.apache.hadoop.mapred.TaskTracker: attempt_201404140220_0001_m_000003_0 1.0% 
2014-04-14 02:22:44,045 INFO org.apache.hadoop.mapred.TaskTracker: LaunchTaskAction (registerTask): attempt_201404140220_0001_m_000004_0 task's state:UNASSIGNED
2014-04-14 02:22:44,045 INFO org.apache.hadoop.mapred.TaskTracker: LaunchTaskAction (registerTask): attempt_201404140220_0001_m_000005_0 task's state:UNASSIGNED
2014-04-14 02:22:44,046 INFO org.apache.hadoop.mapred.TaskTracker: LaunchTaskAction (registerTask): attempt_201404140220_0001_m_000006_0 task's state:UNASSIGNED
2014-04-14 02:22:44,046 INFO org.apache.hadoop.mapred.TaskTracker: LaunchTaskAction (registerTask): attempt_201404140220_0001_m_000007_0 task's state:UNASSIGNED
2014-04-14 02:22:44,046 INFO org.apache.hadoop.mapred.TaskTracker: Received commit task action for attempt_201404140220_0001_m_000000_0
2014-04-14 02:22:44,047 INFO org.apache.hadoop.mapred.TaskTracker: Trying to launch : attempt_201404140220_0001_m_000004_0 which needs 1 slots
2014-04-14 02:22:44,047 INFO org.apache.hadoop.mapred.TaskTracker: Received commit task action for attempt_201404140220_0001_m_000001_0
2014-04-14 02:22:44,047 INFO org.apache.hadoop.mapred.TaskTracker: TaskLauncher : Waiting for 1 to launch attempt_201404140220_0001_m_000004_0, currently we have 0 free slots
2014-04-14 02:22:44,047 INFO org.apache.hadoop.mapred.TaskTracker: Received commit task action for attempt_201404140220_0001_m_000002_0
2014-04-14 02:22:44,047 INFO org.apache.hadoop.mapred.TaskTracker: Received commit task action for attempt_201404140220_0001_m_000003_0
2014-04-14 02:22:44,333 INFO org.apache.hadoop.mapred.TaskTracker: attempt_201404140220_0001_m_000001_0 1.0% 
2014-04-14 02:22:44,338 INFO org.apache.hadoop.mapred.TaskTracker: attempt_201404140220_0001_m_000001_0 1.0% 
2014-04-14 02:22:44,341 INFO org.apache.hadoop.mapred.TaskTracker: Task attempt_201404140220_0001_m_000001_0 is done.
2014-04-14 02:22:44,341 INFO org.apache.hadoop.mapred.TaskTracker: reported output size for attempt_201404140220_0001_m_000001_0  was -1
2014-04-14 02:22:44,342 INFO org.apache.hadoop.mapred.TaskTracker: addFreeSlot : current free slots : 1
2014-04-14 02:22:44,342 INFO org.apache.hadoop.mapred.TaskTracker: In TaskLauncher, current free slots : 1 and trying to launch attempt_201404140220_0001_m_000004_0 which needs 1 slots
2014-04-14 02:22:44,342 INFO org.apache.hadoop.mapred.TaskTracker: Trying to launch : attempt_201404140220_0001_m_000005_0 which needs 1 slots
2014-04-14 02:22:44,343 INFO org.apache.hadoop.mapred.TaskTracker: TaskLauncher : Waiting for 1 to launch attempt_201404140220_0001_m_000005_0, currently we have 0 free slots
2014-04-14 02:22:44,349 INFO org.apache.hadoop.mapred.JvmManager: Killing JVM: jvm_201404140220_0001_m_920172002
2014-04-14 02:22:44,352 INFO org.apache.hadoop.mapred.JvmManager: In JvmRunner constructed JVM ID: jvm_201404140220_0001_m_599874171
2014-04-14 02:22:44,352 INFO org.apache.hadoop.mapred.JvmManager: JVM Runner jvm_201404140220_0001_m_599874171 spawned.
2014-04-14 02:22:44,354 INFO org.apache.hadoop.mapred.TaskController: Writing commands to /tmp/hadoop/hadoop-mgrossman/mapred/local/ttprivate/taskTracker/mgrossman/jobcache/job_201404140220_0001/attempt_201404140220_0001_m_000004_0/taskjvm.sh
2014-04-14 02:22:44,596 INFO org.apache.hadoop.mapred.TaskTracker: attempt_201404140220_0001_m_000003_0 1.0% 
2014-04-14 02:22:44,598 INFO org.apache.hadoop.mapred.TaskTracker: Task attempt_201404140220_0001_m_000003_0 is done.
2014-04-14 02:22:44,599 INFO org.apache.hadoop.mapred.TaskTracker: reported output size for attempt_201404140220_0001_m_000003_0  was -1
2014-04-14 02:22:44,599 INFO org.apache.hadoop.mapred.TaskTracker: addFreeSlot : current free slots : 1
2014-04-14 02:22:44,602 INFO org.apache.hadoop.mapred.TaskTracker: In TaskLauncher, current free slots : 1 and trying to launch attempt_201404140220_0001_m_000005_0 which needs 1 slots
2014-04-14 02:22:44,603 INFO org.apache.hadoop.mapred.TaskTracker: Trying to launch : attempt_201404140220_0001_m_000006_0 which needs 1 slots
2014-04-14 02:22:44,603 INFO org.apache.hadoop.mapred.TaskTracker: TaskLauncher : Waiting for 1 to launch attempt_201404140220_0001_m_000006_0, currently we have 0 free slots
2014-04-14 02:22:44,613 INFO org.apache.hadoop.mapred.JvmManager: Killing JVM: jvm_201404140220_0001_m_1099239449
2014-04-14 02:22:44,619 INFO org.apache.hadoop.mapred.JvmManager: In JvmRunner constructed JVM ID: jvm_201404140220_0001_m_163545964
2014-04-14 02:22:44,619 INFO org.apache.hadoop.mapred.JvmManager: JVM Runner jvm_201404140220_0001_m_163545964 spawned.
2014-04-14 02:22:44,622 INFO org.apache.hadoop.mapred.TaskController: Writing commands to /tmp/hadoop/hadoop-mgrossman/mapred/local/ttprivate/taskTracker/mgrossman/jobcache/job_201404140220_0001/attempt_201404140220_0001_m_000005_0/taskjvm.sh
2014-04-14 02:22:44,640 INFO org.apache.hadoop.mapred.JvmManager: JVM : jvm_201404140220_0001_m_920172002 exited with exit code 0. Number of tasks it ran: 1
2014-04-14 02:22:44,787 INFO org.apache.hadoop.mapred.JvmManager: JVM : jvm_201404140220_0001_m_1099239449 exited with exit code 0. Number of tasks it ran: 1
2014-04-14 02:22:45,250 INFO org.apache.hadoop.mapred.TaskTracker: JVM with ID: jvm_201404140220_0001_m_599874171 given task: attempt_201404140220_0001_m_000004_0
2014-04-14 02:22:45,514 INFO org.apache.hadoop.mapred.TaskTracker: JVM with ID: jvm_201404140220_0001_m_163545964 given task: attempt_201404140220_0001_m_000005_0
2014-04-14 02:22:46,911 INFO org.apache.hadoop.mapred.TaskTracker: attempt_201404140220_0001_m_000000_0 1.0% 
2014-04-14 02:22:46,915 INFO org.apache.hadoop.mapred.TaskTracker: attempt_201404140220_0001_m_000000_0 1.0% 
2014-04-14 02:22:46,918 INFO org.apache.hadoop.mapred.TaskTracker: Task attempt_201404140220_0001_m_000000_0 is done.
2014-04-14 02:22:46,918 INFO org.apache.hadoop.mapred.TaskTracker: reported output size for attempt_201404140220_0001_m_000000_0  was -1
2014-04-14 02:22:46,918 INFO org.apache.hadoop.mapred.TaskTracker: addFreeSlot : current free slots : 1
2014-04-14 02:22:46,919 INFO org.apache.hadoop.mapred.TaskTracker: In TaskLauncher, current free slots : 1 and trying to launch attempt_201404140220_0001_m_000006_0 which needs 1 slots
2014-04-14 02:22:46,919 INFO org.apache.hadoop.mapred.TaskTracker: Trying to launch : attempt_201404140220_0001_m_000007_0 which needs 1 slots
2014-04-14 02:22:46,919 INFO org.apache.hadoop.mapred.TaskTracker: TaskLauncher : Waiting for 1 to launch attempt_201404140220_0001_m_000007_0, currently we have 0 free slots
2014-04-14 02:22:46,935 INFO org.apache.hadoop.mapred.JvmManager: Killing JVM: jvm_201404140220_0001_m_448077711
2014-04-14 02:22:46,954 INFO org.apache.hadoop.mapred.JvmManager: In JvmRunner constructed JVM ID: jvm_201404140220_0001_m_525716075
2014-04-14 02:22:46,954 INFO org.apache.hadoop.mapred.JvmManager: JVM Runner jvm_201404140220_0001_m_525716075 spawned.
2014-04-14 02:22:46,969 INFO org.apache.hadoop.mapred.TaskController: Writing commands to /tmp/hadoop/hadoop-mgrossman/mapred/local/ttprivate/taskTracker/mgrossman/jobcache/job_201404140220_0001/attempt_201404140220_0001_m_000006_0/taskjvm.sh
2014-04-14 02:22:47,210 INFO org.apache.hadoop.mapred.TaskTracker: attempt_201404140220_0001_m_000002_0 1.0% 
2014-04-14 02:22:47,216 INFO org.apache.hadoop.mapred.TaskTracker: attempt_201404140220_0001_m_000002_0 1.0% 
2014-04-14 02:22:47,218 INFO org.apache.hadoop.mapred.TaskTracker: Task attempt_201404140220_0001_m_000002_0 is done.
2014-04-14 02:22:47,218 INFO org.apache.hadoop.mapred.TaskTracker: reported output size for attempt_201404140220_0001_m_000002_0  was -1
2014-04-14 02:22:47,218 INFO org.apache.hadoop.mapred.TaskTracker: addFreeSlot : current free slots : 1
2014-04-14 02:22:47,219 INFO org.apache.hadoop.mapred.TaskTracker: In TaskLauncher, current free slots : 1 and trying to launch attempt_201404140220_0001_m_000007_0 which needs 1 slots
2014-04-14 02:22:47,246 INFO org.apache.hadoop.mapred.JvmManager: Killing JVM: jvm_201404140220_0001_m_861326221
2014-04-14 02:22:47,262 INFO org.apache.hadoop.mapred.JvmManager: In JvmRunner constructed JVM ID: jvm_201404140220_0001_m_684151506
2014-04-14 02:22:47,262 INFO org.apache.hadoop.mapred.JvmManager: JVM Runner jvm_201404140220_0001_m_684151506 spawned.
2014-04-14 02:22:47,266 INFO org.apache.hadoop.mapred.TaskController: Writing commands to /tmp/hadoop/hadoop-mgrossman/mapred/local/ttprivate/taskTracker/mgrossman/jobcache/job_201404140220_0001/attempt_201404140220_0001_m_000007_0/taskjvm.sh
2014-04-14 02:22:47,268 INFO org.apache.hadoop.mapred.JvmManager: JVM : jvm_201404140220_0001_m_448077711 exited with exit code 0. Number of tasks it ran: 1
2014-04-14 02:22:47,507 INFO org.apache.hadoop.mapred.JvmManager: JVM : jvm_201404140220_0001_m_861326221 exited with exit code 0. Number of tasks it ran: 1
2014-04-14 02:22:48,904 INFO org.apache.hadoop.mapred.TaskTracker: JVM with ID: jvm_201404140220_0001_m_525716075 given task: attempt_201404140220_0001_m_000006_0
2014-04-14 02:22:49,006 INFO org.apache.hadoop.mapred.TaskTracker: JVM with ID: jvm_201404140220_0001_m_684151506 given task: attempt_201404140220_0001_m_000007_0
2014-04-14 02:22:52,267 INFO org.apache.hadoop.mapred.TaskTracker: attempt_201404140220_0001_m_000005_0 0.9185893% 
2014-04-14 02:22:53,193 INFO org.apache.hadoop.mapred.TaskTracker: attempt_201404140220_0001_m_000004_0 1.0% 
2014-04-14 02:22:55,319 INFO org.apache.hadoop.mapred.TaskTracker: attempt_201404140220_0001_m_000005_0 1.0% 
2014-04-14 02:22:56,251 INFO org.apache.hadoop.mapred.TaskTracker: attempt_201404140220_0001_m_000004_0 1.0% 
2014-04-14 02:22:56,452 INFO org.apache.hadoop.mapred.TaskTracker: attempt_201404140220_0001_m_000006_0 0.48742992% 
2014-04-14 02:22:57,141 INFO org.apache.hadoop.mapred.TaskTracker: attempt_201404140220_0001_m_000007_0 0.73625666% 
2014-04-14 02:22:58,357 INFO org.apache.hadoop.mapred.TaskTracker: attempt_201404140220_0001_m_000005_0 1.0% 
2014-04-14 02:22:59,291 INFO org.apache.hadoop.mapred.TaskTracker: attempt_201404140220_0001_m_000004_0 1.0% 
2014-04-14 02:22:59,494 INFO org.apache.hadoop.mapred.TaskTracker: attempt_201404140220_0001_m_000006_0 1.0% 
2014-04-14 02:23:00,183 INFO org.apache.hadoop.mapred.TaskTracker: attempt_201404140220_0001_m_000007_0 1.0% 
2014-04-14 02:23:01,391 INFO org.apache.hadoop.mapred.TaskTracker: attempt_201404140220_0001_m_000005_0 1.0% 
2014-04-14 02:23:02,332 INFO org.apache.hadoop.mapred.TaskTracker: attempt_201404140220_0001_m_000004_0 1.0% 
2014-04-14 02:23:02,537 INFO org.apache.hadoop.mapred.TaskTracker: attempt_201404140220_0001_m_000006_0 1.0% 
2014-04-14 02:23:03,224 INFO org.apache.hadoop.mapred.TaskTracker: attempt_201404140220_0001_m_000007_0 1.0% 
2014-04-14 02:23:04,434 INFO org.apache.hadoop.mapred.TaskTracker: attempt_201404140220_0001_m_000005_0 1.0% 
2014-04-14 02:23:04,515 INFO org.apache.hadoop.mapred.TaskTracker: Task attempt_201404140220_0001_m_000004_0 is in commit-pending, task state:COMMIT_PENDING
2014-04-14 02:23:04,516 INFO org.apache.hadoop.mapred.TaskTracker: attempt_201404140220_0001_m_000004_0 1.0% 
2014-04-14 02:23:04,910 INFO org.apache.hadoop.mapred.TaskTracker: Task attempt_201404140220_0001_m_000005_0 is in commit-pending, task state:COMMIT_PENDING
2014-04-14 02:23:04,910 INFO org.apache.hadoop.mapred.TaskTracker: attempt_201404140220_0001_m_000005_0 1.0% 
2014-04-14 02:23:05,144 INFO org.apache.hadoop.mapred.TaskTracker: LaunchTaskAction (registerTask): attempt_201404140220_0001_m_000008_0 task's state:UNASSIGNED
2014-04-14 02:23:05,145 INFO org.apache.hadoop.mapred.TaskTracker: LaunchTaskAction (registerTask): attempt_201404140220_0001_m_000009_0 task's state:UNASSIGNED
2014-04-14 02:23:05,145 INFO org.apache.hadoop.mapred.TaskTracker: Received commit task action for attempt_201404140220_0001_m_000004_0
2014-04-14 02:23:05,145 INFO org.apache.hadoop.mapred.TaskTracker: Trying to launch : attempt_201404140220_0001_m_000008_0 which needs 1 slots
2014-04-14 02:23:05,145 INFO org.apache.hadoop.mapred.TaskTracker: Received commit task action for attempt_201404140220_0001_m_000005_0
2014-04-14 02:23:05,146 INFO org.apache.hadoop.mapred.TaskTracker: TaskLauncher : Waiting for 1 to launch attempt_201404140220_0001_m_000008_0, currently we have 0 free slots
2014-04-14 02:23:05,574 INFO org.apache.hadoop.mapred.TaskTracker: attempt_201404140220_0001_m_000006_0 1.0% 
2014-04-14 02:23:07,440 INFO org.apache.hadoop.mapred.TaskTracker: attempt_201404140220_0001_m_000005_0 1.0% 
2014-04-14 02:23:07,443 INFO org.apache.hadoop.mapred.TaskTracker: Task attempt_201404140220_0001_m_000005_0 is done.
2014-04-14 02:23:07,443 INFO org.apache.hadoop.mapred.TaskTracker: reported output size for attempt_201404140220_0001_m_000005_0  was -1
2014-04-14 02:23:07,444 INFO org.apache.hadoop.mapred.TaskTracker: addFreeSlot : current free slots : 1
2014-04-14 02:23:07,444 INFO org.apache.hadoop.mapred.TaskTracker: In TaskLauncher, current free slots : 1 and trying to launch attempt_201404140220_0001_m_000008_0 which needs 1 slots
2014-04-14 02:23:07,445 INFO org.apache.hadoop.mapred.TaskTracker: Trying to launch : attempt_201404140220_0001_m_000009_0 which needs 1 slots
2014-04-14 02:23:07,446 INFO org.apache.hadoop.mapred.TaskTracker: TaskLauncher : Waiting for 1 to launch attempt_201404140220_0001_m_000009_0, currently we have 0 free slots
2014-04-14 02:23:07,455 INFO org.apache.hadoop.mapred.JvmManager: Killing JVM: jvm_201404140220_0001_m_163545964
2014-04-14 02:23:07,462 INFO org.apache.hadoop.mapred.JvmManager: In JvmRunner constructed JVM ID: jvm_201404140220_0001_m_819956718
2014-04-14 02:23:07,462 INFO org.apache.hadoop.mapred.JvmManager: JVM Runner jvm_201404140220_0001_m_819956718 spawned.
2014-04-14 02:23:07,465 INFO org.apache.hadoop.mapred.TaskController: Writing commands to /tmp/hadoop/hadoop-mgrossman/mapred/local/ttprivate/taskTracker/mgrossman/jobcache/job_201404140220_0001/attempt_201404140220_0001_m_000008_0/taskjvm.sh
2014-04-14 02:23:08,388 INFO org.apache.hadoop.mapred.TaskTracker: attempt_201404140220_0001_m_000004_0 1.0% 
2014-04-14 02:23:08,391 INFO org.apache.hadoop.mapred.TaskTracker: attempt_201404140220_0001_m_000004_0 1.0% 
2014-04-14 02:23:08,393 INFO org.apache.hadoop.mapred.TaskTracker: Task attempt_201404140220_0001_m_000004_0 is done.
2014-04-14 02:23:08,393 INFO org.apache.hadoop.mapred.TaskTracker: reported output size for attempt_201404140220_0001_m_000004_0  was -1
2014-04-14 02:23:08,393 INFO org.apache.hadoop.mapred.TaskTracker: addFreeSlot : current free slots : 1
2014-04-14 02:23:08,394 INFO org.apache.hadoop.mapred.TaskTracker: In TaskLauncher, current free slots : 1 and trying to launch attempt_201404140220_0001_m_000009_0 which needs 1 slots
2014-04-14 02:23:08,403 INFO org.apache.hadoop.mapred.JvmManager: Killing JVM: jvm_201404140220_0001_m_599874171
2014-04-14 02:23:08,407 INFO org.apache.hadoop.mapred.JvmManager: In JvmRunner constructed JVM ID: jvm_201404140220_0001_m_1519245633
2014-04-14 02:23:08,407 INFO org.apache.hadoop.mapred.JvmManager: JVM Runner jvm_201404140220_0001_m_1519245633 spawned.
2014-04-14 02:23:08,409 INFO org.apache.hadoop.mapred.TaskController: Writing commands to /tmp/hadoop/hadoop-mgrossman/mapred/local/ttprivate/taskTracker/mgrossman/jobcache/job_201404140220_0001/attempt_201404140220_0001_m_000009_0/taskjvm.sh
2014-04-14 02:23:08,428 INFO org.apache.hadoop.mapred.TaskTracker: JVM with ID: jvm_201404140220_0001_m_819956718 given task: attempt_201404140220_0001_m_000008_0
2014-04-14 02:23:09,281 INFO org.apache.hadoop.mapred.TaskTracker: attempt_201404140220_0001_m_000007_0 1.0% 
2014-04-14 02:23:09,626 INFO org.apache.hadoop.mapred.JvmManager: JVM : jvm_201404140220_0001_m_163545964 exited with exit code 0. Number of tasks it ran: 1
2014-04-14 02:23:09,640 INFO org.apache.hadoop.mapred.JvmManager: JVM : jvm_201404140220_0001_m_599874171 exited with exit code 0. Number of tasks it ran: 1
2014-04-14 02:23:09,865 INFO org.apache.hadoop.mapred.TaskTracker: Task attempt_201404140220_0001_m_000006_0 is in commit-pending, task state:COMMIT_PENDING
2014-04-14 02:23:09,866 INFO org.apache.hadoop.mapred.TaskTracker: attempt_201404140220_0001_m_000006_0 1.0% 
2014-04-14 02:23:09,930 INFO org.apache.hadoop.mapred.TaskTracker: JVM with ID: jvm_201404140220_0001_m_1519245633 given task: attempt_201404140220_0001_m_000009_0
2014-04-14 02:23:10,360 INFO org.apache.hadoop.mapred.TaskTracker: Task attempt_201404140220_0001_m_000007_0 is in commit-pending, task state:COMMIT_PENDING
2014-04-14 02:23:10,360 INFO org.apache.hadoop.mapred.TaskTracker: attempt_201404140220_0001_m_000007_0 1.0% 
2014-04-14 02:23:11,176 INFO org.apache.hadoop.mapred.TaskTracker: LaunchTaskAction (registerTask): attempt_201404140220_0001_m_000010_0 task's state:UNASSIGNED
2014-04-14 02:23:11,176 INFO org.apache.hadoop.mapred.TaskTracker: Trying to launch : attempt_201404140220_0001_m_000010_0 which needs 1 slots
2014-04-14 02:23:11,176 INFO org.apache.hadoop.mapred.TaskTracker: TaskLauncher : Waiting for 1 to launch attempt_201404140220_0001_m_000010_0, currently we have 0 free slots
2014-04-14 02:23:11,177 INFO org.apache.hadoop.mapred.TaskTracker: LaunchTaskAction (registerTask): attempt_201404140220_0001_m_000011_0 task's state:UNASSIGNED
2014-04-14 02:23:11,177 INFO org.apache.hadoop.mapred.TaskTracker: Received commit task action for attempt_201404140220_0001_m_000006_0
2014-04-14 02:23:11,177 INFO org.apache.hadoop.mapred.TaskTracker: Received commit task action for attempt_201404140220_0001_m_000007_0
2014-04-14 02:23:11,620 INFO org.apache.hadoop.mapred.TaskTracker: attempt_201404140220_0001_m_000006_0 1.0% 
2014-04-14 02:23:12,286 INFO org.apache.hadoop.mapred.TaskTracker: attempt_201404140220_0001_m_000007_0 1.0% 
2014-04-14 02:23:12,288 INFO org.apache.hadoop.mapred.TaskTracker: Task attempt_201404140220_0001_m_000007_0 is done.
2014-04-14 02:23:12,288 INFO org.apache.hadoop.mapred.TaskTracker: reported output size for attempt_201404140220_0001_m_000007_0  was -1
2014-04-14 02:23:12,288 INFO org.apache.hadoop.mapred.TaskTracker: addFreeSlot : current free slots : 1
2014-04-14 02:23:12,290 INFO org.apache.hadoop.mapred.TaskTracker: In TaskLauncher, current free slots : 1 and trying to launch attempt_201404140220_0001_m_000010_0 which needs 1 slots
2014-04-14 02:23:12,291 INFO org.apache.hadoop.mapred.TaskTracker: Trying to launch : attempt_201404140220_0001_m_000011_0 which needs 1 slots
2014-04-14 02:23:12,291 INFO org.apache.hadoop.mapred.TaskTracker: TaskLauncher : Waiting for 1 to launch attempt_201404140220_0001_m_000011_0, currently we have 0 free slots
2014-04-14 02:23:12,307 INFO org.apache.hadoop.mapred.JvmManager: Killing JVM: jvm_201404140220_0001_m_684151506
2014-04-14 02:23:12,314 INFO org.apache.hadoop.mapred.JvmManager: In JvmRunner constructed JVM ID: jvm_201404140220_0001_m_1660955300
2014-04-14 02:23:12,314 INFO org.apache.hadoop.mapred.JvmManager: JVM Runner jvm_201404140220_0001_m_1660955300 spawned.
2014-04-14 02:23:12,315 INFO org.apache.hadoop.mapred.TaskController: Writing commands to /tmp/hadoop/hadoop-mgrossman/mapred/local/ttprivate/taskTracker/mgrossman/jobcache/job_201404140220_0001/attempt_201404140220_0001_m_000010_0/taskjvm.sh
2014-04-14 02:23:12,655 INFO org.apache.hadoop.mapred.JvmManager: JVM : jvm_201404140220_0001_m_684151506 exited with exit code 0. Number of tasks it ran: 1
2014-04-14 02:23:13,569 INFO org.apache.hadoop.mapred.TaskTracker: JVM with ID: jvm_201404140220_0001_m_1660955300 given task: attempt_201404140220_0001_m_000010_0
2014-04-14 02:23:14,659 INFO org.apache.hadoop.mapred.TaskTracker: attempt_201404140220_0001_m_000006_0 1.0% 
2014-04-14 02:23:14,667 INFO org.apache.hadoop.mapred.TaskTracker: attempt_201404140220_0001_m_000006_0 1.0% 
2014-04-14 02:23:14,669 INFO org.apache.hadoop.mapred.TaskTracker: Task attempt_201404140220_0001_m_000006_0 is done.
2014-04-14 02:23:14,670 INFO org.apache.hadoop.mapred.TaskTracker: reported output size for attempt_201404140220_0001_m_000006_0  was -1
2014-04-14 02:23:14,670 INFO org.apache.hadoop.mapred.TaskTracker: addFreeSlot : current free slots : 1
2014-04-14 02:23:14,671 INFO org.apache.hadoop.mapred.TaskTracker: In TaskLauncher, current free slots : 1 and trying to launch attempt_201404140220_0001_m_000011_0 which needs 1 slots
2014-04-14 02:23:14,687 INFO org.apache.hadoop.mapred.JvmManager: Killing JVM: jvm_201404140220_0001_m_525716075
2014-04-14 02:23:14,691 INFO org.apache.hadoop.mapred.JvmManager: In JvmRunner constructed JVM ID: jvm_201404140220_0001_m_1436243379
2014-04-14 02:23:14,692 INFO org.apache.hadoop.mapred.JvmManager: JVM Runner jvm_201404140220_0001_m_1436243379 spawned.
2014-04-14 02:23:14,696 INFO org.apache.hadoop.mapred.TaskController: Writing commands to /tmp/hadoop/hadoop-mgrossman/mapred/local/ttprivate/taskTracker/mgrossman/jobcache/job_201404140220_0001/attempt_201404140220_0001_m_000011_0/taskjvm.sh
2014-04-14 02:23:15,814 INFO org.apache.hadoop.mapred.TaskTracker: attempt_201404140220_0001_m_000008_0 1.0% 
2014-04-14 02:23:15,962 INFO org.apache.hadoop.mapred.TaskTracker: JVM with ID: jvm_201404140220_0001_m_1436243379 given task: attempt_201404140220_0001_m_000011_0
2014-04-14 02:23:17,188 INFO org.apache.hadoop.mapred.JvmManager: JVM : jvm_201404140220_0001_m_525716075 exited with exit code 0. Number of tasks it ran: 1
2014-04-14 02:23:17,554 INFO org.apache.hadoop.mapred.TaskTracker: attempt_201404140220_0001_m_000009_0 1.0% 
2014-04-14 02:23:18,884 INFO org.apache.hadoop.mapred.TaskTracker: attempt_201404140220_0001_m_000008_0 1.0% 
2014-04-14 02:23:20,612 INFO org.apache.hadoop.mapred.TaskTracker: attempt_201404140220_0001_m_000009_0 1.0% 
2014-04-14 02:23:21,419 INFO org.apache.hadoop.mapred.TaskTracker: attempt_201404140220_0001_m_000010_0 0.46906093% 
2014-04-14 02:23:21,941 INFO org.apache.hadoop.mapred.TaskTracker: attempt_201404140220_0001_m_000008_0 1.0% 
2014-04-14 02:23:22,311 INFO org.apache.hadoop.mapred.TaskTracker: Task attempt_201404140220_0001_m_000009_0 is in commit-pending, task state:COMMIT_PENDING
2014-04-14 02:23:22,311 INFO org.apache.hadoop.mapred.TaskTracker: attempt_201404140220_0001_m_000009_0 1.0% 
2014-04-14 02:23:22,773 INFO org.apache.hadoop.mapred.TaskTracker: attempt_201404140220_0001_m_000011_0 1.0% 
2014-04-14 02:23:23,223 INFO org.apache.hadoop.mapred.TaskTracker: LaunchTaskAction (registerTask): attempt_201404140220_0001_m_000012_0 task's state:UNASSIGNED
2014-04-14 02:23:23,223 INFO org.apache.hadoop.mapred.TaskTracker: Received commit task action for attempt_201404140220_0001_m_000009_0
2014-04-14 02:23:23,224 INFO org.apache.hadoop.mapred.TaskTracker: Trying to launch : attempt_201404140220_0001_m_000012_0 which needs 1 slots
2014-04-14 02:23:23,224 INFO org.apache.hadoop.mapred.TaskTracker: TaskLauncher : Waiting for 1 to launch attempt_201404140220_0001_m_000012_0, currently we have 0 free slots
2014-04-14 02:23:23,649 INFO org.apache.hadoop.mapred.TaskTracker: attempt_201404140220_0001_m_000009_0 1.0% 
2014-04-14 02:23:23,654 INFO org.apache.hadoop.mapred.TaskTracker: attempt_201404140220_0001_m_000009_0 1.0% 
2014-04-14 02:23:23,656 INFO org.apache.hadoop.mapred.TaskTracker: Task attempt_201404140220_0001_m_000009_0 is done.
2014-04-14 02:23:23,657 INFO org.apache.hadoop.mapred.TaskTracker: reported output size for attempt_201404140220_0001_m_000009_0  was -1
2014-04-14 02:23:23,657 INFO org.apache.hadoop.mapred.TaskTracker: addFreeSlot : current free slots : 1
2014-04-14 02:23:23,657 INFO org.apache.hadoop.mapred.TaskTracker: In TaskLauncher, current free slots : 1 and trying to launch attempt_201404140220_0001_m_000012_0 which needs 1 slots
2014-04-14 02:23:23,668 INFO org.apache.hadoop.mapred.JvmManager: Killing JVM: jvm_201404140220_0001_m_1519245633
2014-04-14 02:23:23,675 INFO org.apache.hadoop.mapred.JvmManager: In JvmRunner constructed JVM ID: jvm_201404140220_0001_m_165145588
2014-04-14 02:23:23,675 INFO org.apache.hadoop.mapred.JvmManager: JVM Runner jvm_201404140220_0001_m_165145588 spawned.
2014-04-14 02:23:23,678 INFO org.apache.hadoop.mapred.TaskController: Writing commands to /tmp/hadoop/hadoop-mgrossman/mapred/local/ttprivate/taskTracker/mgrossman/jobcache/job_201404140220_0001/attempt_201404140220_0001_m_000012_0/taskjvm.sh
2014-04-14 02:23:24,467 INFO org.apache.hadoop.mapred.TaskTracker: attempt_201404140220_0001_m_000010_0 1.0% 
2014-04-14 02:23:24,671 INFO org.apache.hadoop.mapred.TaskTracker: JVM with ID: jvm_201404140220_0001_m_165145588 given task: attempt_201404140220_0001_m_000012_0
2014-04-14 02:23:24,973 INFO org.apache.hadoop.mapred.TaskTracker: attempt_201404140220_0001_m_000008_0 1.0% 
2014-04-14 02:23:25,813 INFO org.apache.hadoop.mapred.TaskTracker: attempt_201404140220_0001_m_000011_0 1.0% 
2014-04-14 02:23:26,684 INFO org.apache.hadoop.mapred.JvmManager: JVM : jvm_201404140220_0001_m_1519245633 exited with exit code 0. Number of tasks it ran: 1
2014-04-14 02:23:26,985 INFO org.apache.hadoop.mapred.TaskTracker: Task attempt_201404140220_0001_m_000008_0 is in commit-pending, task state:COMMIT_PENDING
2014-04-14 02:23:26,985 INFO org.apache.hadoop.mapred.TaskTracker: attempt_201404140220_0001_m_000008_0 1.0% 
2014-04-14 02:23:27,508 INFO org.apache.hadoop.mapred.TaskTracker: attempt_201404140220_0001_m_000010_0 1.0% 
2014-04-14 02:23:28,019 INFO org.apache.hadoop.mapred.TaskTracker: attempt_201404140220_0001_m_000008_0 1.0% 
2014-04-14 02:23:29,245 INFO org.apache.hadoop.mapred.TaskTracker: LaunchTaskAction (registerTask): attempt_201404140220_0001_m_000013_0 task's state:UNASSIGNED
2014-04-14 02:23:29,245 INFO org.apache.hadoop.mapred.TaskTracker: Trying to launch : attempt_201404140220_0001_m_000013_0 which needs 1 slots
2014-04-14 02:23:29,245 INFO org.apache.hadoop.mapred.TaskTracker: TaskLauncher : Waiting for 1 to launch attempt_201404140220_0001_m_000013_0, currently we have 0 free slots
2014-04-14 02:23:29,245 INFO org.apache.hadoop.mapred.TaskTracker: Received commit task action for attempt_201404140220_0001_m_000008_0
2014-04-14 02:23:30,548 INFO org.apache.hadoop.mapred.TaskTracker: attempt_201404140220_0001_m_000010_0 1.0% 
2014-04-14 02:23:31,054 INFO org.apache.hadoop.mapred.TaskTracker: attempt_201404140220_0001_m_000008_0 1.0% 
2014-04-14 02:23:31,058 INFO org.apache.hadoop.mapred.TaskTracker: attempt_201404140220_0001_m_000008_0 1.0% 
2014-04-14 02:23:31,059 INFO org.apache.hadoop.mapred.TaskTracker: Task attempt_201404140220_0001_m_000008_0 is done.
2014-04-14 02:23:31,060 INFO org.apache.hadoop.mapred.TaskTracker: reported output size for attempt_201404140220_0001_m_000008_0  was -1
2014-04-14 02:23:31,060 INFO org.apache.hadoop.mapred.TaskTracker: addFreeSlot : current free slots : 1
2014-04-14 02:23:31,060 INFO org.apache.hadoop.mapred.TaskTracker: In TaskLauncher, current free slots : 1 and trying to launch attempt_201404140220_0001_m_000013_0 which needs 1 slots
2014-04-14 02:23:31,066 INFO org.apache.hadoop.mapred.JvmManager: Killing JVM: jvm_201404140220_0001_m_819956718
2014-04-14 02:23:31,069 INFO org.apache.hadoop.mapred.JvmManager: In JvmRunner constructed JVM ID: jvm_201404140220_0001_m_1019241279
2014-04-14 02:23:31,070 INFO org.apache.hadoop.mapred.JvmManager: JVM Runner jvm_201404140220_0001_m_1019241279 spawned.
2014-04-14 02:23:31,072 INFO org.apache.hadoop.mapred.TaskController: Writing commands to /tmp/hadoop/hadoop-mgrossman/mapred/local/ttprivate/taskTracker/mgrossman/jobcache/job_201404140220_0001/attempt_201404140220_0001_m_000013_0/taskjvm.sh
2014-04-14 02:23:31,512 INFO org.apache.hadoop.mapred.TaskTracker: attempt_201404140220_0001_m_000012_0 1.0% 
2014-04-14 02:23:31,859 INFO org.apache.hadoop.mapred.TaskTracker: attempt_201404140220_0001_m_000011_0 1.0% 
2014-04-14 02:23:32,107 INFO org.apache.hadoop.mapred.TaskTracker: JVM with ID: jvm_201404140220_0001_m_1019241279 given task: attempt_201404140220_0001_m_000013_0
2014-04-14 02:23:33,590 INFO org.apache.hadoop.mapred.TaskTracker: attempt_201404140220_0001_m_000010_0 1.0% 
2014-04-14 02:23:33,741 INFO org.apache.hadoop.mapred.JvmManager: JVM : jvm_201404140220_0001_m_819956718 exited with exit code 0. Number of tasks it ran: 1
2014-04-14 02:23:33,964 INFO org.apache.hadoop.mapred.TaskTracker: Task attempt_201404140220_0001_m_000010_0 is in commit-pending, task state:COMMIT_PENDING
2014-04-14 02:23:33,964 INFO org.apache.hadoop.mapred.TaskTracker: attempt_201404140220_0001_m_000010_0 1.0% 
2014-04-14 02:23:34,528 INFO org.apache.hadoop.mapred.TaskTracker: Task attempt_201404140220_0001_m_000011_0 is in commit-pending, task state:COMMIT_PENDING
2014-04-14 02:23:34,528 INFO org.apache.hadoop.mapred.TaskTracker: attempt_201404140220_0001_m_000011_0 1.0% 
2014-04-14 02:23:34,565 INFO org.apache.hadoop.mapred.TaskTracker: attempt_201404140220_0001_m_000012_0 1.0% 
2014-04-14 02:23:35,272 INFO org.apache.hadoop.mapred.TaskTracker: LaunchTaskAction (registerTask): attempt_201404140220_0001_m_000014_0 task's state:UNASSIGNED
2014-04-14 02:23:35,272 INFO org.apache.hadoop.mapred.TaskTracker: LaunchTaskAction (registerTask): attempt_201404140220_0001_m_000015_0 task's state:UNASSIGNED
2014-04-14 02:23:35,272 INFO org.apache.hadoop.mapred.TaskTracker: Received commit task action for attempt_201404140220_0001_m_000010_0
2014-04-14 02:23:35,272 INFO org.apache.hadoop.mapred.TaskTracker: Trying to launch : attempt_201404140220_0001_m_000014_0 which needs 1 slots
2014-04-14 02:23:35,272 INFO org.apache.hadoop.mapred.TaskTracker: Received commit task action for attempt_201404140220_0001_m_000011_0
2014-04-14 02:23:35,272 INFO org.apache.hadoop.mapred.TaskTracker: TaskLauncher : Waiting for 1 to launch attempt_201404140220_0001_m_000014_0, currently we have 0 free slots
2014-04-14 02:23:36,598 INFO org.apache.hadoop.mapred.TaskTracker: attempt_201404140220_0001_m_000010_0 1.0% 
2014-04-14 02:23:36,600 INFO org.apache.hadoop.mapred.TaskTracker: Task attempt_201404140220_0001_m_000010_0 is done.
2014-04-14 02:23:36,600 INFO org.apache.hadoop.mapred.TaskTracker: reported output size for attempt_201404140220_0001_m_000010_0  was -1
2014-04-14 02:23:36,600 INFO org.apache.hadoop.mapred.TaskTracker: addFreeSlot : current free slots : 1
2014-04-14 02:23:36,601 INFO org.apache.hadoop.mapred.TaskTracker: In TaskLauncher, current free slots : 1 and trying to launch attempt_201404140220_0001_m_000014_0 which needs 1 slots
2014-04-14 02:23:36,601 INFO org.apache.hadoop.mapred.TaskTracker: Trying to launch : attempt_201404140220_0001_m_000015_0 which needs 1 slots
2014-04-14 02:23:36,601 INFO org.apache.hadoop.mapred.TaskTracker: TaskLauncher : Waiting for 1 to launch attempt_201404140220_0001_m_000015_0, currently we have 0 free slots
2014-04-14 02:23:36,615 INFO org.apache.hadoop.mapred.JvmManager: Killing JVM: jvm_201404140220_0001_m_1660955300
2014-04-14 02:23:36,619 INFO org.apache.hadoop.mapred.JvmManager: In JvmRunner constructed JVM ID: jvm_201404140220_0001_m_2050053087
2014-04-14 02:23:36,620 INFO org.apache.hadoop.mapred.JvmManager: JVM Runner jvm_201404140220_0001_m_2050053087 spawned.
2014-04-14 02:23:36,622 INFO org.apache.hadoop.mapred.TaskController: Writing commands to /tmp/hadoop/hadoop-mgrossman/mapred/local/ttprivate/taskTracker/mgrossman/jobcache/job_201404140220_0001/attempt_201404140220_0001_m_000014_0/taskjvm.sh
2014-04-14 02:23:37,606 INFO org.apache.hadoop.mapred.TaskTracker: attempt_201404140220_0001_m_000012_0 1.0% 
2014-04-14 02:23:37,782 INFO org.apache.hadoop.mapred.TaskTracker: JVM with ID: jvm_201404140220_0001_m_2050053087 given task: attempt_201404140220_0001_m_000014_0
2014-04-14 02:23:37,901 INFO org.apache.hadoop.mapred.TaskTracker: attempt_201404140220_0001_m_000011_0 1.0% 
2014-04-14 02:23:37,908 INFO org.apache.hadoop.mapred.TaskTracker: attempt_201404140220_0001_m_000011_0 1.0% 
2014-04-14 02:23:37,910 INFO org.apache.hadoop.mapred.TaskTracker: Task attempt_201404140220_0001_m_000011_0 is done.
2014-04-14 02:23:37,910 INFO org.apache.hadoop.mapred.TaskTracker: reported output size for attempt_201404140220_0001_m_000011_0  was -1
2014-04-14 02:23:37,911 INFO org.apache.hadoop.mapred.TaskTracker: addFreeSlot : current free slots : 1
2014-04-14 02:23:37,912 INFO org.apache.hadoop.mapred.TaskTracker: In TaskLauncher, current free slots : 1 and trying to launch attempt_201404140220_0001_m_000015_0 which needs 1 slots
2014-04-14 02:23:37,931 INFO org.apache.hadoop.mapred.JvmManager: Killing JVM: jvm_201404140220_0001_m_1436243379
2014-04-14 02:23:37,950 INFO org.apache.hadoop.mapred.JvmManager: In JvmRunner constructed JVM ID: jvm_201404140220_0001_m_955524627
2014-04-14 02:23:37,951 INFO org.apache.hadoop.mapred.JvmManager: JVM Runner jvm_201404140220_0001_m_955524627 spawned.
2014-04-14 02:23:37,952 INFO org.apache.hadoop.mapred.TaskController: Writing commands to /tmp/hadoop/hadoop-mgrossman/mapred/local/ttprivate/taskTracker/mgrossman/jobcache/job_201404140220_0001/attempt_201404140220_0001_m_000015_0/taskjvm.sh
2014-04-14 02:23:38,852 INFO org.apache.hadoop.mapred.JvmManager: JVM : jvm_201404140220_0001_m_1660955300 exited with exit code 0. Number of tasks it ran: 1
2014-04-14 02:23:38,867 INFO org.apache.hadoop.mapred.JvmManager: JVM : jvm_201404140220_0001_m_1436243379 exited with exit code 0. Number of tasks it ran: 1
2014-04-14 02:23:39,081 INFO org.apache.hadoop.mapred.TaskTracker: Task attempt_201404140220_0001_m_000012_0 is in commit-pending, task state:COMMIT_PENDING
2014-04-14 02:23:39,082 INFO org.apache.hadoop.mapred.TaskTracker: attempt_201404140220_0001_m_000012_0 1.0% 
2014-04-14 02:23:39,228 INFO org.apache.hadoop.mapred.TaskTracker: attempt_201404140220_0001_m_000013_0 1.0% 
2014-04-14 02:23:39,248 INFO org.apache.hadoop.mapred.TaskTracker: JVM with ID: jvm_201404140220_0001_m_955524627 given task: attempt_201404140220_0001_m_000015_0
2014-04-14 02:23:40,650 INFO org.apache.hadoop.mapred.TaskTracker: attempt_201404140220_0001_m_000012_0 1.0% 
2014-04-14 02:23:41,298 INFO org.apache.hadoop.mapred.TaskTracker: LaunchTaskAction (registerTask): attempt_201404140220_0001_m_000016_0 task's state:UNASSIGNED
2014-04-14 02:23:41,298 INFO org.apache.hadoop.mapred.TaskTracker: Trying to launch : attempt_201404140220_0001_m_000016_0 which needs 1 slots
2014-04-14 02:23:41,298 INFO org.apache.hadoop.mapred.TaskTracker: TaskLauncher : Waiting for 1 to launch attempt_201404140220_0001_m_000016_0, currently we have 0 free slots
2014-04-14 02:23:41,298 INFO org.apache.hadoop.mapred.TaskTracker: Received commit task action for attempt_201404140220_0001_m_000012_0
2014-04-14 02:23:41,783 INFO org.apache.hadoop.mapred.TaskTracker: Task attempt_201404140220_0001_m_000013_0 is in commit-pending, task state:COMMIT_PENDING
2014-04-14 02:23:41,783 INFO org.apache.hadoop.mapred.TaskTracker: attempt_201404140220_0001_m_000013_0 1.0% 
2014-04-14 02:23:42,258 INFO org.apache.hadoop.mapred.TaskTracker: attempt_201404140220_0001_m_000013_0 1.0% 
2014-04-14 02:23:43,716 INFO org.apache.hadoop.mapred.TaskTracker: attempt_201404140220_0001_m_000012_0 1.0% 
2014-04-14 02:23:43,720 INFO org.apache.hadoop.mapred.TaskTracker: attempt_201404140220_0001_m_000012_0 1.0% 
2014-04-14 02:23:43,730 INFO org.apache.hadoop.mapred.TaskTracker: Task attempt_201404140220_0001_m_000012_0 is done.
2014-04-14 02:23:43,730 INFO org.apache.hadoop.mapred.TaskTracker: reported output size for attempt_201404140220_0001_m_000012_0  was -1
2014-04-14 02:23:43,730 INFO org.apache.hadoop.mapred.TaskTracker: addFreeSlot : current free slots : 1
2014-04-14 02:23:43,731 INFO org.apache.hadoop.mapred.TaskTracker: In TaskLauncher, current free slots : 1 and trying to launch attempt_201404140220_0001_m_000016_0 which needs 1 slots
2014-04-14 02:23:43,743 INFO org.apache.hadoop.mapred.JvmManager: Killing JVM: jvm_201404140220_0001_m_165145588
2014-04-14 02:23:43,752 INFO org.apache.hadoop.mapred.JvmManager: In JvmRunner constructed JVM ID: jvm_201404140220_0001_m_849568504
2014-04-14 02:23:43,752 INFO org.apache.hadoop.mapred.JvmManager: JVM Runner jvm_201404140220_0001_m_849568504 spawned.
2014-04-14 02:23:43,754 INFO org.apache.hadoop.mapred.TaskController: Writing commands to /tmp/hadoop/hadoop-mgrossman/mapred/local/ttprivate/taskTracker/mgrossman/jobcache/job_201404140220_0001/attempt_201404140220_0001_m_000016_0/taskjvm.sh
2014-04-14 02:23:44,062 INFO org.apache.hadoop.mapred.JvmManager: JVM : jvm_201404140220_0001_m_165145588 exited with exit code 0. Number of tasks it ran: 1
2014-04-14 02:23:44,312 INFO org.apache.hadoop.mapred.TaskTracker: LaunchTaskAction (registerTask): attempt_201404140220_0001_m_000017_0 task's state:UNASSIGNED
2014-04-14 02:23:44,312 INFO org.apache.hadoop.mapred.TaskTracker: Received commit task action for attempt_201404140220_0001_m_000013_0
2014-04-14 02:23:44,312 INFO org.apache.hadoop.mapred.TaskTracker: Trying to launch : attempt_201404140220_0001_m_000017_0 which needs 1 slots
2014-04-14 02:23:44,312 INFO org.apache.hadoop.mapred.TaskTracker: TaskLauncher : Waiting for 1 to launch attempt_201404140220_0001_m_000017_0, currently we have 0 free slots
2014-04-14 02:23:45,148 INFO org.apache.hadoop.mapred.TaskTracker: attempt_201404140220_0001_m_000014_0 0.96055794% 
2014-04-14 02:23:45,174 INFO org.apache.hadoop.mapred.TaskTracker: JVM with ID: jvm_201404140220_0001_m_849568504 given task: attempt_201404140220_0001_m_000016_0
2014-04-14 02:23:45,308 INFO org.apache.hadoop.mapred.TaskTracker: attempt_201404140220_0001_m_000013_0 1.0% 
2014-04-14 02:23:45,311 INFO org.apache.hadoop.mapred.TaskTracker: attempt_201404140220_0001_m_000013_0 1.0% 
2014-04-14 02:23:45,313 INFO org.apache.hadoop.mapred.TaskTracker: Task attempt_201404140220_0001_m_000013_0 is done.
2014-04-14 02:23:45,313 INFO org.apache.hadoop.mapred.TaskTracker: reported output size for attempt_201404140220_0001_m_000013_0  was -1
2014-04-14 02:23:45,313 INFO org.apache.hadoop.mapred.TaskTracker: addFreeSlot : current free slots : 1
2014-04-14 02:23:45,314 INFO org.apache.hadoop.mapred.TaskTracker: In TaskLauncher, current free slots : 1 and trying to launch attempt_201404140220_0001_m_000017_0 which needs 1 slots
2014-04-14 02:23:45,339 INFO org.apache.hadoop.mapred.JvmManager: Killing JVM: jvm_201404140220_0001_m_1019241279
2014-04-14 02:23:45,344 INFO org.apache.hadoop.mapred.JvmManager: In JvmRunner constructed JVM ID: jvm_201404140220_0001_m_379877441
2014-04-14 02:23:45,344 INFO org.apache.hadoop.mapred.JvmManager: JVM Runner jvm_201404140220_0001_m_379877441 spawned.
2014-04-14 02:23:45,346 INFO org.apache.hadoop.mapred.TaskController: Writing commands to /tmp/hadoop/hadoop-mgrossman/mapred/local/ttprivate/taskTracker/mgrossman/jobcache/job_201404140220_0001/attempt_201404140220_0001_m_000017_0/taskjvm.sh
2014-04-14 02:23:46,122 INFO org.apache.hadoop.mapred.TaskTracker: attempt_201404140220_0001_m_000015_0 1.0% 
2014-04-14 02:23:46,639 INFO org.apache.hadoop.mapred.TaskTracker: JVM with ID: jvm_201404140220_0001_m_379877441 given task: attempt_201404140220_0001_m_000017_0
2014-04-14 02:23:48,191 INFO org.apache.hadoop.mapred.TaskTracker: attempt_201404140220_0001_m_000014_0 1.0% 
2014-04-14 02:23:48,335 INFO org.apache.hadoop.mapred.JvmManager: JVM : jvm_201404140220_0001_m_1019241279 exited with exit code 0. Number of tasks it ran: 1
2014-04-14 02:23:49,240 INFO org.apache.hadoop.mapred.TaskTracker: attempt_201404140220_0001_m_000015_0 1.0% 
2014-04-14 02:23:51,224 INFO org.apache.hadoop.mapred.TaskTracker: attempt_201404140220_0001_m_000014_0 1.0% 
2014-04-14 02:23:52,280 INFO org.apache.hadoop.mapred.TaskTracker: attempt_201404140220_0001_m_000015_0 1.0% 
2014-04-14 02:23:52,497 INFO org.apache.hadoop.mapred.TaskTracker: attempt_201404140220_0001_m_000016_0 0.67892% 
2014-04-14 02:23:53,416 INFO org.apache.hadoop.mapred.TaskTracker: Task attempt_201404140220_0001_m_000014_0 is in commit-pending, task state:COMMIT_PENDING
2014-04-14 02:23:53,416 INFO org.apache.hadoop.mapred.TaskTracker: attempt_201404140220_0001_m_000014_0 1.0% 
2014-04-14 02:23:53,479 INFO org.apache.hadoop.mapred.TaskTracker: attempt_201404140220_0001_m_000017_0 0.95983726% 
2014-04-14 02:23:54,261 INFO org.apache.hadoop.mapred.TaskTracker: attempt_201404140220_0001_m_000014_0 1.0% 
2014-04-14 02:23:55,316 INFO org.apache.hadoop.mapred.TaskTracker: attempt_201404140220_0001_m_000015_0 1.0% 
2014-04-14 02:23:55,538 INFO org.apache.hadoop.mapred.TaskTracker: attempt_201404140220_0001_m_000016_0 1.0% 
2014-04-14 02:23:56,351 INFO org.apache.hadoop.mapred.TaskTracker: LaunchTaskAction (registerTask): attempt_201404140220_0001_m_000018_0 task's state:UNASSIGNED
2014-04-14 02:23:56,351 INFO org.apache.hadoop.mapred.TaskTracker: Received commit task action for attempt_201404140220_0001_m_000014_0
2014-04-14 02:23:56,351 INFO org.apache.hadoop.mapred.TaskTracker: Trying to launch : attempt_201404140220_0001_m_000018_0 which needs 1 slots
2014-04-14 02:23:56,351 INFO org.apache.hadoop.mapred.TaskTracker: TaskLauncher : Waiting for 1 to launch attempt_201404140220_0001_m_000018_0, currently we have 0 free slots
2014-04-14 02:23:56,522 INFO org.apache.hadoop.mapred.TaskTracker: attempt_201404140220_0001_m_000017_0 1.0% 
2014-04-14 02:23:57,296 INFO org.apache.hadoop.mapred.TaskTracker: attempt_201404140220_0001_m_000014_0 1.0% 
2014-04-14 02:23:57,299 INFO org.apache.hadoop.mapred.TaskTracker: attempt_201404140220_0001_m_000014_0 1.0% 
2014-04-14 02:23:57,302 INFO org.apache.hadoop.mapred.TaskTracker: Task attempt_201404140220_0001_m_000014_0 is done.
2014-04-14 02:23:57,302 INFO org.apache.hadoop.mapred.TaskTracker: reported output size for attempt_201404140220_0001_m_000014_0  was -1
2014-04-14 02:23:57,302 INFO org.apache.hadoop.mapred.TaskTracker: addFreeSlot : current free slots : 1
2014-04-14 02:23:57,302 INFO org.apache.hadoop.mapred.TaskTracker: In TaskLauncher, current free slots : 1 and trying to launch attempt_201404140220_0001_m_000018_0 which needs 1 slots
2014-04-14 02:23:57,309 INFO org.apache.hadoop.mapred.JvmManager: Killing JVM: jvm_201404140220_0001_m_2050053087
2014-04-14 02:23:57,313 INFO org.apache.hadoop.mapred.JvmManager: In JvmRunner constructed JVM ID: jvm_201404140220_0001_m_1605641017
2014-04-14 02:23:57,313 INFO org.apache.hadoop.mapred.JvmManager: JVM Runner jvm_201404140220_0001_m_1605641017 spawned.
2014-04-14 02:23:57,315 INFO org.apache.hadoop.mapred.TaskController: Writing commands to /tmp/hadoop/hadoop-mgrossman/mapred/local/ttprivate/taskTracker/mgrossman/jobcache/job_201404140220_0001/attempt_201404140220_0001_m_000018_0/taskjvm.sh
2014-04-14 02:23:58,305 INFO org.apache.hadoop.mapred.TaskTracker: JVM with ID: jvm_201404140220_0001_m_1605641017 given task: attempt_201404140220_0001_m_000018_0
2014-04-14 02:23:58,357 INFO org.apache.hadoop.mapred.TaskTracker: attempt_201404140220_0001_m_000015_0 1.0% 
2014-04-14 02:23:58,573 INFO org.apache.hadoop.mapred.TaskTracker: attempt_201404140220_0001_m_000016_0 1.0% 
2014-04-14 02:23:59,561 INFO org.apache.hadoop.mapred.TaskTracker: attempt_201404140220_0001_m_000017_0 1.0% 
2014-04-14 02:24:00,180 INFO org.apache.hadoop.mapred.JvmManager: JVM : jvm_201404140220_0001_m_2050053087 exited with exit code 0. Number of tasks it ran: 1
2014-04-14 02:24:00,423 INFO org.apache.hadoop.mapred.TaskTracker: Task attempt_201404140220_0001_m_000015_0 is in commit-pending, task state:COMMIT_PENDING
2014-04-14 02:24:00,423 INFO org.apache.hadoop.mapred.TaskTracker: attempt_201404140220_0001_m_000015_0 1.0% 
2014-04-14 02:24:01,004 INFO org.apache.hadoop.mapred.TaskTracker: Task attempt_201404140220_0001_m_000016_0 is in commit-pending, task state:COMMIT_PENDING
2014-04-14 02:24:01,004 INFO org.apache.hadoop.mapred.TaskTracker: attempt_201404140220_0001_m_000016_0 1.0% 
2014-04-14 02:24:01,624 INFO org.apache.hadoop.mapred.TaskTracker: attempt_201404140220_0001_m_000016_0 1.0% 
2014-04-14 02:24:02,374 INFO org.apache.hadoop.mapred.TaskTracker: LaunchTaskAction (registerTask): attempt_201404140220_0001_m_000019_0 task's state:UNASSIGNED
2014-04-14 02:24:02,375 INFO org.apache.hadoop.mapred.TaskTracker: Received commit task action for attempt_201404140220_0001_m_000015_0
2014-04-14 02:24:02,375 INFO org.apache.hadoop.mapred.TaskTracker: Received commit task action for attempt_201404140220_0001_m_000016_0
2014-04-14 02:24:02,375 INFO org.apache.hadoop.mapred.TaskTracker: Trying to launch : attempt_201404140220_0001_m_000019_0 which needs 1 slots
2014-04-14 02:24:02,375 INFO org.apache.hadoop.mapred.TaskTracker: TaskLauncher : Waiting for 1 to launch attempt_201404140220_0001_m_000019_0, currently we have 0 free slots
2014-04-14 02:24:04,395 INFO org.apache.hadoop.mapred.TaskTracker: attempt_201404140220_0001_m_000015_0 1.0% 
2014-04-14 02:24:04,398 INFO org.apache.hadoop.mapred.TaskTracker: attempt_201404140220_0001_m_000015_0 1.0% 
2014-04-14 02:24:04,400 INFO org.apache.hadoop.mapred.TaskTracker: Task attempt_201404140220_0001_m_000015_0 is done.
2014-04-14 02:24:04,400 INFO org.apache.hadoop.mapred.TaskTracker: reported output size for attempt_201404140220_0001_m_000015_0  was -1
2014-04-14 02:24:04,401 INFO org.apache.hadoop.mapred.TaskTracker: addFreeSlot : current free slots : 1
2014-04-14 02:24:04,401 INFO org.apache.hadoop.mapred.TaskTracker: In TaskLauncher, current free slots : 1 and trying to launch attempt_201404140220_0001_m_000019_0 which needs 1 slots
2014-04-14 02:24:04,407 INFO org.apache.hadoop.mapred.JvmManager: Killing JVM: jvm_201404140220_0001_m_955524627
2014-04-14 02:24:04,410 INFO org.apache.hadoop.mapred.JvmManager: In JvmRunner constructed JVM ID: jvm_201404140220_0001_m_159849735
2014-04-14 02:24:04,410 INFO org.apache.hadoop.mapred.JvmManager: JVM Runner jvm_201404140220_0001_m_159849735 spawned.
2014-04-14 02:24:04,412 INFO org.apache.hadoop.mapred.TaskController: Writing commands to /tmp/hadoop/hadoop-mgrossman/mapred/local/ttprivate/taskTracker/mgrossman/jobcache/job_201404140220_0001/attempt_201404140220_0001_m_000019_0/taskjvm.sh
2014-04-14 02:24:04,674 INFO org.apache.hadoop.mapred.TaskTracker: attempt_201404140220_0001_m_000016_0 1.0% 
2014-04-14 02:24:04,677 INFO org.apache.hadoop.mapred.TaskTracker: attempt_201404140220_0001_m_000016_0 1.0% 
2014-04-14 02:24:04,679 INFO org.apache.hadoop.mapred.TaskTracker: Task attempt_201404140220_0001_m_000016_0 is done.
2014-04-14 02:24:04,679 INFO org.apache.hadoop.mapred.TaskTracker: reported output size for attempt_201404140220_0001_m_000016_0  was -1
2014-04-14 02:24:04,680 INFO org.apache.hadoop.mapred.TaskTracker: addFreeSlot : current free slots : 1
2014-04-14 02:24:05,113 INFO org.apache.hadoop.mapred.TaskTracker: attempt_201404140220_0001_m_000018_0 1.0% 
2014-04-14 02:24:05,271 INFO org.apache.hadoop.mapred.JvmManager: JVM : jvm_201404140220_0001_m_955524627 exited with exit code 0. Number of tasks it ran: 1
2014-04-14 02:24:05,278 INFO org.apache.hadoop.mapred.JvmManager: JVM : jvm_201404140220_0001_m_849568504 exited with exit code 0. Number of tasks it ran: 1
2014-04-14 02:24:05,441 INFO org.apache.hadoop.mapred.TaskTracker: Task attempt_201404140220_0001_m_000017_0 is in commit-pending, task state:COMMIT_PENDING
2014-04-14 02:24:05,441 INFO org.apache.hadoop.mapred.TaskTracker: attempt_201404140220_0001_m_000017_0 1.0% 
2014-04-14 02:24:05,547 INFO org.apache.hadoop.mapred.TaskTracker: JVM with ID: jvm_201404140220_0001_m_159849735 given task: attempt_201404140220_0001_m_000019_0
2014-04-14 02:24:05,600 INFO org.apache.hadoop.mapred.TaskTracker: attempt_201404140220_0001_m_000017_0 1.0% 
2014-04-14 02:24:07,959 INFO org.apache.hadoop.mapred.TaskTracker: Task attempt_201404140220_0001_m_000018_0 is in commit-pending, task state:COMMIT_PENDING
2014-04-14 02:24:07,959 INFO org.apache.hadoop.mapred.TaskTracker: attempt_201404140220_0001_m_000018_0 1.0% 
2014-04-14 02:24:08,145 INFO org.apache.hadoop.mapred.TaskTracker: attempt_201404140220_0001_m_000018_0 1.0% 
2014-04-14 02:24:08,407 INFO org.apache.hadoop.mapred.TaskTracker: Received commit task action for attempt_201404140220_0001_m_000017_0
2014-04-14 02:24:08,407 INFO org.apache.hadoop.mapred.TaskTracker: Received commit task action for attempt_201404140220_0001_m_000018_0
2014-04-14 02:24:08,633 INFO org.apache.hadoop.mapred.TaskTracker: attempt_201404140220_0001_m_000017_0 1.0% 
2014-04-14 02:24:08,635 INFO org.apache.hadoop.mapred.TaskTracker: attempt_201404140220_0001_m_000017_0 1.0% 
2014-04-14 02:24:08,637 INFO org.apache.hadoop.mapred.TaskTracker: Task attempt_201404140220_0001_m_000017_0 is done.
2014-04-14 02:24:08,637 INFO org.apache.hadoop.mapred.TaskTracker: reported output size for attempt_201404140220_0001_m_000017_0  was -1
2014-04-14 02:24:08,637 INFO org.apache.hadoop.mapred.TaskTracker: addFreeSlot : current free slots : 2
2014-04-14 02:24:08,983 INFO org.apache.hadoop.mapred.JvmManager: JVM : jvm_201404140220_0001_m_379877441 exited with exit code 0. Number of tasks it ran: 1
2014-04-14 02:24:11,181 INFO org.apache.hadoop.mapred.TaskTracker: attempt_201404140220_0001_m_000018_0 1.0% 
2014-04-14 02:24:11,186 INFO org.apache.hadoop.mapred.TaskTracker: attempt_201404140220_0001_m_000018_0 1.0% 
2014-04-14 02:24:11,188 INFO org.apache.hadoop.mapred.TaskTracker: Task attempt_201404140220_0001_m_000018_0 is done.
2014-04-14 02:24:11,188 INFO org.apache.hadoop.mapred.TaskTracker: reported output size for attempt_201404140220_0001_m_000018_0  was -1
2014-04-14 02:24:11,189 INFO org.apache.hadoop.mapred.TaskTracker: addFreeSlot : current free slots : 3
2014-04-14 02:24:11,647 INFO org.apache.hadoop.mapred.JvmManager: JVM : jvm_201404140220_0001_m_1605641017 exited with exit code 0. Number of tasks it ran: 1
2014-04-14 02:24:12,342 INFO org.apache.hadoop.mapred.TaskTracker: attempt_201404140220_0001_m_000019_0 1.0% 
2014-04-14 02:24:14,993 INFO org.apache.hadoop.mapred.TaskTracker: Task attempt_201404140220_0001_m_000019_0 is in commit-pending, task state:COMMIT_PENDING
2014-04-14 02:24:14,993 INFO org.apache.hadoop.mapred.TaskTracker: attempt_201404140220_0001_m_000019_0 1.0% 
2014-04-14 02:24:15,376 INFO org.apache.hadoop.mapred.TaskTracker: attempt_201404140220_0001_m_000019_0 1.0% 
2014-04-14 02:24:17,439 INFO org.apache.hadoop.mapred.TaskTracker: Received commit task action for attempt_201404140220_0001_m_000019_0
2014-04-14 02:24:18,404 INFO org.apache.hadoop.mapred.TaskTracker: attempt_201404140220_0001_m_000019_0 1.0% 
2014-04-14 02:24:18,409 INFO org.apache.hadoop.mapred.TaskTracker: attempt_201404140220_0001_m_000019_0 1.0% 
2014-04-14 02:24:18,411 INFO org.apache.hadoop.mapred.TaskTracker: Task attempt_201404140220_0001_m_000019_0 is done.
2014-04-14 02:24:18,411 INFO org.apache.hadoop.mapred.TaskTracker: reported output size for attempt_201404140220_0001_m_000019_0  was -1
2014-04-14 02:24:18,412 INFO org.apache.hadoop.mapred.TaskTracker: addFreeSlot : current free slots : 4
2014-04-14 02:24:18,767 INFO org.apache.hadoop.mapred.JvmManager: JVM : jvm_201404140220_0001_m_159849735 exited with exit code 0. Number of tasks it ran: 1
2014-04-14 02:24:20,466 INFO org.apache.hadoop.mapred.TaskTracker: LaunchTaskAction (registerTask): attempt_201404140220_0001_m_000020_0 task's state:UNASSIGNED
2014-04-14 02:24:20,466 INFO org.apache.hadoop.mapred.TaskTracker: Trying to launch : attempt_201404140220_0001_m_000020_0 which needs 1 slots
2014-04-14 02:24:20,466 INFO org.apache.hadoop.mapred.TaskTracker: In TaskLauncher, current free slots : 4 and trying to launch attempt_201404140220_0001_m_000020_0 which needs 1 slots
2014-04-14 02:24:20,475 INFO org.apache.hadoop.mapred.JvmManager: In JvmRunner constructed JVM ID: jvm_201404140220_0001_m_27000100
2014-04-14 02:24:20,476 INFO org.apache.hadoop.mapred.JvmManager: JVM Runner jvm_201404140220_0001_m_27000100 spawned.
2014-04-14 02:24:20,479 INFO org.apache.hadoop.mapred.TaskController: Writing commands to /tmp/hadoop/hadoop-mgrossman/mapred/local/ttprivate/taskTracker/mgrossman/jobcache/job_201404140220_0001/attempt_201404140220_0001_m_000020_0/taskjvm.sh
2014-04-14 02:24:21,634 INFO org.apache.hadoop.mapred.TaskTracker: JVM with ID: jvm_201404140220_0001_m_27000100 given task: attempt_201404140220_0001_m_000020_0
2014-04-14 02:24:22,475 INFO org.apache.hadoop.mapred.TaskTracker: attempt_201404140220_0001_m_000020_0 0.0% 
2014-04-14 02:24:25,379 INFO org.apache.hadoop.mapred.TaskTracker: attempt_201404140220_0001_m_000020_0 0.0% cleanup
2014-04-14 02:24:25,382 INFO org.apache.hadoop.mapred.TaskTracker: Task attempt_201404140220_0001_m_000020_0 is done.
2014-04-14 02:24:25,382 INFO org.apache.hadoop.mapred.TaskTracker: reported output size for attempt_201404140220_0001_m_000020_0  was -1
2014-04-14 02:24:25,382 INFO org.apache.hadoop.mapred.TaskTracker: addFreeSlot : current free slots : 4
2014-04-14 02:24:25,616 INFO org.apache.hadoop.mapred.JvmManager: JVM : jvm_201404140220_0001_m_27000100 exited with exit code 0. Number of tasks it ran: 1
2014-04-14 02:24:26,556 INFO org.apache.hadoop.mapred.TaskTracker: Received 'KillJobAction' for job: job_201404140220_0001
2014-04-14 02:24:26,557 INFO org.apache.hadoop.mapred.IndexCache: Map ID attempt_201404140220_0001_m_000016_0 not found in cache
2014-04-14 02:24:26,557 INFO org.apache.hadoop.mapred.IndexCache: Map ID attempt_201404140220_0001_m_000009_0 not found in cache
2014-04-14 02:24:26,558 INFO org.apache.hadoop.mapred.IndexCache: Map ID attempt_201404140220_0001_m_000002_0 not found in cache
2014-04-14 02:24:26,558 INFO org.apache.hadoop.mapred.IndexCache: Map ID attempt_201404140220_0001_m_000015_0 not found in cache
2014-04-14 02:24:26,559 INFO org.apache.hadoop.mapred.IndexCache: Map ID attempt_201404140220_0001_m_000003_0 not found in cache
2014-04-14 02:24:26,559 INFO org.apache.hadoop.mapred.IndexCache: Map ID attempt_201404140220_0001_m_000001_0 not found in cache
2014-04-14 02:24:26,560 INFO org.apache.hadoop.mapred.IndexCache: Map ID attempt_201404140220_0001_m_000007_0 not found in cache
2014-04-14 02:24:26,560 INFO org.apache.hadoop.mapred.IndexCache: Map ID attempt_201404140220_0001_m_000014_0 not found in cache
2014-04-14 02:24:26,561 INFO org.apache.hadoop.mapred.IndexCache: Map ID attempt_201404140220_0001_m_000020_0 not found in cache
2014-04-14 02:24:26,561 INFO org.apache.hadoop.mapred.IndexCache: Map ID attempt_201404140220_0001_m_000008_0 not found in cache
2014-04-14 02:24:26,562 INFO org.apache.hadoop.mapred.IndexCache: Map ID attempt_201404140220_0001_m_000019_0 not found in cache
2014-04-14 02:24:26,562 INFO org.apache.hadoop.mapred.IndexCache: Map ID attempt_201404140220_0001_m_000013_0 not found in cache
2014-04-14 02:24:26,563 INFO org.apache.hadoop.mapred.IndexCache: Map ID attempt_201404140220_0001_m_000018_0 not found in cache
2014-04-14 02:24:26,563 INFO org.apache.hadoop.mapred.IndexCache: Map ID attempt_201404140220_0001_m_000012_0 not found in cache
2014-04-14 02:24:26,564 INFO org.apache.hadoop.mapred.IndexCache: Map ID attempt_201404140220_0001_m_000000_0 not found in cache
2014-04-14 02:24:26,564 INFO org.apache.hadoop.mapred.IndexCache: Map ID attempt_201404140220_0001_m_000006_0 not found in cache
2014-04-14 02:24:26,565 INFO org.apache.hadoop.mapred.IndexCache: Map ID attempt_201404140220_0001_m_000004_0 not found in cache
2014-04-14 02:24:26,565 INFO org.apache.hadoop.mapred.IndexCache: Map ID attempt_201404140220_0001_m_000011_0 not found in cache
2014-04-14 02:24:26,566 INFO org.apache.hadoop.mapred.IndexCache: Map ID attempt_201404140220_0001_m_000010_0 not found in cache
2014-04-14 02:24:26,566 INFO org.apache.hadoop.mapred.IndexCache: Map ID attempt_201404140220_0001_m_000017_0 not found in cache
2014-04-14 02:24:26,566 INFO org.apache.hadoop.mapred.IndexCache: Map ID attempt_201404140220_0001_m_000005_0 not found in cache
2014-04-14 02:24:26,567 INFO org.apache.hadoop.mapred.UserLogCleaner: Adding job_201404140220_0001 for user-log deletion with retainTimeStamp:1397546666567
