2014-04-14 01:06:00,876 INFO org.apache.hadoop.mapred.TaskTracker: STARTUP_MSG: 
/************************************************************
STARTUP_MSG: Starting TaskTracker
STARTUP_MSG:   host = node08.asa-web.amd.com/127.0.1.1
STARTUP_MSG:   args = []
STARTUP_MSG:   version = Unknown
STARTUP_MSG:   build = Unknown -r Unknown; compiled by 'Unknown' on Unknown
************************************************************/
2014-04-14 01:06:01,155 INFO org.apache.hadoop.metrics2.impl.MetricsConfig: loaded properties from hadoop-metrics2.properties
2014-04-14 01:06:01,213 INFO org.apache.hadoop.metrics2.impl.MetricsSourceAdapter: MBean for source MetricsSystem,sub=Stats registered.
2014-04-14 01:06:01,214 INFO org.apache.hadoop.metrics2.impl.MetricsSystemImpl: Scheduled snapshot period at 10 second(s).
2014-04-14 01:06:01,214 INFO org.apache.hadoop.metrics2.impl.MetricsSystemImpl: TaskTracker metrics system started
2014-04-14 01:06:01,574 INFO org.apache.hadoop.metrics2.impl.MetricsSourceAdapter: MBean for source ugi registered.
2014-04-14 01:06:01,585 WARN org.apache.hadoop.metrics2.impl.MetricsSystemImpl: Source name ugi already exists!
2014-04-14 01:06:06,888 INFO org.mortbay.log: Logging to org.slf4j.impl.Log4jLoggerAdapter(org.mortbay.log) via org.mortbay.log.Slf4jLog
2014-04-14 01:06:06,948 INFO org.apache.hadoop.http.HttpServer: Added global filtersafety (class=org.apache.hadoop.http.HttpServer$QuotingInputFilter)
2014-04-14 01:06:07,015 INFO org.apache.hadoop.mapred.TaskLogsTruncater: Initializing logs' truncater with mapRetainSize=-1 and reduceRetainSize=-1
2014-04-14 01:06:07,030 INFO org.apache.hadoop.mapred.TaskTracker: Starting tasktracker with owner as mgrossman
2014-04-14 01:06:07,033 INFO org.apache.hadoop.mapred.TaskTracker: Good mapred local directories are: /tmp/hadoop/hadoop-mgrossman/mapred/local
2014-04-14 01:06:07,043 INFO org.apache.hadoop.util.NativeCodeLoader: Loaded the native-hadoop library
2014-04-14 01:06:07,074 INFO org.apache.hadoop.metrics2.impl.MetricsSourceAdapter: MBean for source jvm registered.
2014-04-14 01:06:07,078 INFO org.apache.hadoop.metrics2.impl.MetricsSourceAdapter: MBean for source TaskTrackerMetrics registered.
2014-04-14 01:06:07,108 INFO org.apache.hadoop.ipc.Server: Starting SocketReader
2014-04-14 01:06:07,117 INFO org.apache.hadoop.metrics2.impl.MetricsSourceAdapter: MBean for source RpcDetailedActivityForPort48259 registered.
2014-04-14 01:06:07,118 INFO org.apache.hadoop.metrics2.impl.MetricsSourceAdapter: MBean for source RpcActivityForPort48259 registered.
2014-04-14 01:06:07,123 INFO org.apache.hadoop.ipc.Server: IPC Server listener on 48259: starting
2014-04-14 01:06:07,123 INFO org.apache.hadoop.ipc.Server: IPC Server Responder: starting
2014-04-14 01:06:07,128 INFO org.apache.hadoop.ipc.Server: IPC Server handler 0 on 48259: starting
2014-04-14 01:06:07,128 INFO org.apache.hadoop.ipc.Server: IPC Server handler 1 on 48259: starting
2014-04-14 01:06:07,128 INFO org.apache.hadoop.ipc.Server: IPC Server handler 3 on 48259: starting
2014-04-14 01:06:07,128 INFO org.apache.hadoop.ipc.Server: IPC Server handler 4 on 48259: starting
2014-04-14 01:06:07,128 INFO org.apache.hadoop.ipc.Server: IPC Server handler 2 on 48259: starting
2014-04-14 01:06:07,129 INFO org.apache.hadoop.ipc.Server: IPC Server handler 5 on 48259: starting
2014-04-14 01:06:07,129 INFO org.apache.hadoop.ipc.Server: IPC Server handler 6 on 48259: starting
2014-04-14 01:06:07,129 INFO org.apache.hadoop.mapred.TaskTracker: TaskTracker up at: localhost/127.0.0.1:48259
2014-04-14 01:06:07,129 INFO org.apache.hadoop.ipc.Server: IPC Server handler 7 on 48259: starting
2014-04-14 01:06:07,130 INFO org.apache.hadoop.mapred.TaskTracker: Starting tracker tracker_node08.asa-web.amd.com:localhost/127.0.0.1:48259
2014-04-14 01:06:16,966 INFO org.apache.hadoop.mapred.TaskTracker: Starting thread: Map-events fetcher for all reduce tasks on tracker_node08.asa-web.amd.com:localhost/127.0.0.1:48259
2014-04-14 01:06:16,988 INFO org.apache.hadoop.util.ProcessTree: setsid exited with exit code 0
2014-04-14 01:06:16,994 INFO org.apache.hadoop.mapred.TaskTracker:  Using ResourceCalculatorPlugin : org.apache.hadoop.util.LinuxResourceCalculatorPlugin@78ab10ed
2014-04-14 01:06:16,998 WARN org.apache.hadoop.mapred.TaskTracker: TaskTracker's totalMemoryAllottedForTasks is -1. TaskMemoryManager is disabled.
2014-04-14 01:06:17,006 INFO org.apache.hadoop.mapred.IndexCache: IndexCache created with max memory = 10485760
2014-04-14 01:06:17,216 INFO org.apache.hadoop.metrics2.impl.MetricsSourceAdapter: MBean for source ShuffleServerMetrics registered.
2014-04-14 01:06:17,225 INFO org.apache.hadoop.http.HttpServer: Port returned by webServer.getConnectors()[0].getLocalPort() before open() is -1. Opening the listener on 50061
2014-04-14 01:06:17,225 INFO org.apache.hadoop.http.HttpServer: listener.getLocalPort() returned 50061 webServer.getConnectors()[0].getLocalPort() returned 50061
2014-04-14 01:06:17,226 INFO org.apache.hadoop.http.HttpServer: Jetty bound to port 50061
2014-04-14 01:06:17,226 INFO org.mortbay.log: jetty-6.1.26
2014-04-14 01:06:17,605 INFO org.mortbay.log: Started SelectChannelConnector@0.0.0.0:50061
2014-04-14 01:06:17,605 INFO org.apache.hadoop.mapred.TaskTracker: FILE_CACHE_SIZE for mapOutputServlet set to : 2000
2014-04-14 01:07:24,294 INFO org.apache.hadoop.mapred.TaskTracker: LaunchTaskAction (registerTask): attempt_201404140105_0001_m_000021_0 task's state:UNASSIGNED
2014-04-14 01:07:24,304 INFO org.apache.hadoop.mapred.TaskTracker: Trying to launch : attempt_201404140105_0001_m_000021_0 which needs 1 slots
2014-04-14 01:07:24,304 INFO org.apache.hadoop.mapred.TaskTracker: In TaskLauncher, current free slots : 4 and trying to launch attempt_201404140105_0001_m_000021_0 which needs 1 slots
2014-04-14 01:07:24,706 INFO org.apache.hadoop.mapred.JobLocalizer: Initializing user mgrossman on this TT.
2014-04-14 01:07:24,941 INFO org.apache.hadoop.mapred.JvmManager: In JvmRunner constructed JVM ID: jvm_201404140105_0001_m_117647016
2014-04-14 01:07:24,942 INFO org.apache.hadoop.mapred.JvmManager: JVM Runner jvm_201404140105_0001_m_117647016 spawned.
2014-04-14 01:07:24,947 INFO org.apache.hadoop.mapred.TaskController: Writing commands to /tmp/hadoop/hadoop-mgrossman/mapred/local/ttprivate/taskTracker/mgrossman/jobcache/job_201404140105_0001/attempt_201404140105_0001_m_000021_0/taskjvm.sh
2014-04-14 01:07:26,293 INFO org.apache.hadoop.mapred.TaskTracker: JVM with ID: jvm_201404140105_0001_m_117647016 given task: attempt_201404140105_0001_m_000021_0
2014-04-14 01:07:30,145 INFO org.apache.hadoop.mapred.TaskTracker: attempt_201404140105_0001_m_000021_0 0.0% setup
2014-04-14 01:07:30,149 INFO org.apache.hadoop.mapred.TaskTracker: Task attempt_201404140105_0001_m_000021_0 is done.
2014-04-14 01:07:30,149 INFO org.apache.hadoop.mapred.TaskTracker: reported output size for attempt_201404140105_0001_m_000021_0  was -1
2014-04-14 01:07:30,151 INFO org.apache.hadoop.mapred.TaskTracker: addFreeSlot : current free slots : 4
2014-04-14 01:07:30,345 INFO org.apache.hadoop.mapred.TaskTracker: LaunchTaskAction (registerTask): attempt_201404140105_0001_m_000000_0 task's state:UNASSIGNED
2014-04-14 01:07:30,346 INFO org.apache.hadoop.mapred.TaskTracker: LaunchTaskAction (registerTask): attempt_201404140105_0001_m_000001_0 task's state:UNASSIGNED
2014-04-14 01:07:30,346 INFO org.apache.hadoop.mapred.TaskTracker: LaunchTaskAction (registerTask): attempt_201404140105_0001_m_000002_0 task's state:UNASSIGNED
2014-04-14 01:07:30,347 INFO org.apache.hadoop.mapred.TaskTracker: LaunchTaskAction (registerTask): attempt_201404140105_0001_m_000003_0 task's state:UNASSIGNED
2014-04-14 01:07:30,347 INFO org.apache.hadoop.mapred.TaskTracker: Trying to launch : attempt_201404140105_0001_m_000000_0 which needs 1 slots
2014-04-14 01:07:30,347 INFO org.apache.hadoop.mapred.TaskTracker: Received KillTaskAction for task: attempt_201404140105_0001_m_000021_0
2014-04-14 01:07:30,347 INFO org.apache.hadoop.mapred.TaskTracker: In TaskLauncher, current free slots : 4 and trying to launch attempt_201404140105_0001_m_000000_0 which needs 1 slots
2014-04-14 01:07:30,347 INFO org.apache.hadoop.mapred.TaskTracker: About to purge task: attempt_201404140105_0001_m_000021_0
2014-04-14 01:07:30,347 INFO org.apache.hadoop.mapred.TaskTracker: Trying to launch : attempt_201404140105_0001_m_000001_0 which needs 1 slots
2014-04-14 01:07:30,347 INFO org.apache.hadoop.mapred.TaskTracker: In TaskLauncher, current free slots : 3 and trying to launch attempt_201404140105_0001_m_000001_0 which needs 1 slots
2014-04-14 01:07:30,348 INFO org.apache.hadoop.mapred.TaskTracker: Trying to launch : attempt_201404140105_0001_m_000002_0 which needs 1 slots
2014-04-14 01:07:30,348 INFO org.apache.hadoop.mapred.TaskTracker: In TaskLauncher, current free slots : 2 and trying to launch attempt_201404140105_0001_m_000002_0 which needs 1 slots
2014-04-14 01:07:30,348 INFO org.apache.hadoop.mapred.IndexCache: Map ID attempt_201404140105_0001_m_000021_0 not found in cache
2014-04-14 01:07:30,348 INFO org.apache.hadoop.mapred.TaskTracker: Trying to launch : attempt_201404140105_0001_m_000003_0 which needs 1 slots
2014-04-14 01:07:30,349 INFO org.apache.hadoop.mapred.TaskTracker: In TaskLauncher, current free slots : 1 and trying to launch attempt_201404140105_0001_m_000003_0 which needs 1 slots
2014-04-14 01:07:30,366 INFO org.apache.hadoop.mapred.JvmManager: In JvmRunner constructed JVM ID: jvm_201404140105_0001_m_1263656152
2014-04-14 01:07:30,369 INFO org.apache.hadoop.mapred.JvmManager: JVM Runner jvm_201404140105_0001_m_1263656152 spawned.
2014-04-14 01:07:30,370 INFO org.apache.hadoop.mapred.JvmManager: In JvmRunner constructed JVM ID: jvm_201404140105_0001_m_313773805
2014-04-14 01:07:30,370 INFO org.apache.hadoop.mapred.JvmManager: JVM Runner jvm_201404140105_0001_m_313773805 spawned.
2014-04-14 01:07:30,374 INFO org.apache.hadoop.mapred.JvmManager: In JvmRunner constructed JVM ID: jvm_201404140105_0001_m_114753538
2014-04-14 01:07:30,375 INFO org.apache.hadoop.mapred.JvmManager: JVM Runner jvm_201404140105_0001_m_114753538 spawned.
2014-04-14 01:07:30,378 INFO org.apache.hadoop.mapred.JvmManager: Killing JVM: jvm_201404140105_0001_m_117647016
2014-04-14 01:07:30,378 INFO org.apache.hadoop.mapred.TaskController: Writing commands to /tmp/hadoop/hadoop-mgrossman/mapred/local/ttprivate/taskTracker/mgrossman/jobcache/job_201404140105_0001/attempt_201404140105_0001_m_000001_0/taskjvm.sh
2014-04-14 01:07:30,378 INFO org.apache.hadoop.mapred.TaskController: Writing commands to /tmp/hadoop/hadoop-mgrossman/mapred/local/ttprivate/taskTracker/mgrossman/jobcache/job_201404140105_0001/attempt_201404140105_0001_m_000000_0/taskjvm.sh
2014-04-14 01:07:30,384 INFO org.apache.hadoop.mapred.TaskController: Writing commands to /tmp/hadoop/hadoop-mgrossman/mapred/local/ttprivate/taskTracker/mgrossman/jobcache/job_201404140105_0001/attempt_201404140105_0001_m_000002_0/taskjvm.sh
2014-04-14 01:07:30,392 INFO org.apache.hadoop.mapred.JvmManager: In JvmRunner constructed JVM ID: jvm_201404140105_0001_m_917339398
2014-04-14 01:07:30,393 INFO org.apache.hadoop.mapred.JvmManager: JVM Runner jvm_201404140105_0001_m_917339398 spawned.
2014-04-14 01:07:30,394 INFO org.apache.hadoop.mapred.JvmManager: JVM : jvm_201404140105_0001_m_117647016 exited with exit code 0. Number of tasks it ran: 1
2014-04-14 01:07:30,397 INFO org.apache.hadoop.mapred.TaskController: Writing commands to /tmp/hadoop/hadoop-mgrossman/mapred/local/ttprivate/taskTracker/mgrossman/jobcache/job_201404140105_0001/attempt_201404140105_0001_m_000003_0/taskjvm.sh
2014-04-14 01:07:30,557 INFO org.apache.hadoop.io.nativeio.NativeIO: Initialized cache for UID to User mapping with a cache timeout of 14400 seconds.
2014-04-14 01:07:30,565 INFO org.apache.hadoop.io.nativeio.NativeIO: Got UserName mgrossman for UID 1007 from the native implementation
2014-04-14 01:07:31,896 INFO org.apache.hadoop.mapred.TaskTracker: JVM with ID: jvm_201404140105_0001_m_313773805 given task: attempt_201404140105_0001_m_000000_0
2014-04-14 01:07:31,930 INFO org.apache.hadoop.mapred.TaskTracker: JVM with ID: jvm_201404140105_0001_m_114753538 given task: attempt_201404140105_0001_m_000002_0
2014-04-14 01:07:31,931 INFO org.apache.hadoop.mapred.TaskTracker: JVM with ID: jvm_201404140105_0001_m_1263656152 given task: attempt_201404140105_0001_m_000001_0
2014-04-14 01:07:31,932 INFO org.apache.hadoop.mapred.TaskTracker: JVM with ID: jvm_201404140105_0001_m_917339398 given task: attempt_201404140105_0001_m_000003_0
2014-04-14 01:07:39,793 INFO org.apache.hadoop.mapred.TaskTracker: attempt_201404140105_0001_m_000003_0 0.49345115% 
2014-04-14 01:07:39,978 INFO org.apache.hadoop.mapred.TaskTracker: attempt_201404140105_0001_m_000001_0 0.40947282% 
2014-04-14 01:07:40,091 INFO org.apache.hadoop.mapred.TaskTracker: attempt_201404140105_0001_m_000000_0 0.5372354% 
2014-04-14 01:07:40,283 INFO org.apache.hadoop.mapred.TaskTracker: attempt_201404140105_0001_m_000002_0 0.5215194% 
2014-04-14 01:07:42,838 INFO org.apache.hadoop.mapred.TaskTracker: attempt_201404140105_0001_m_000003_0 1.0% 
2014-04-14 01:07:43,039 INFO org.apache.hadoop.mapred.TaskTracker: attempt_201404140105_0001_m_000001_0 1.0% 
2014-04-14 01:07:43,151 INFO org.apache.hadoop.mapred.TaskTracker: attempt_201404140105_0001_m_000000_0 1.0% 
2014-04-14 01:07:43,325 INFO org.apache.hadoop.mapred.TaskTracker: attempt_201404140105_0001_m_000002_0 1.0% 
2014-04-14 01:07:45,882 INFO org.apache.hadoop.mapred.TaskTracker: attempt_201404140105_0001_m_000003_0 1.0% 
2014-04-14 01:07:46,079 INFO org.apache.hadoop.mapred.TaskTracker: attempt_201404140105_0001_m_000001_0 1.0% 
2014-04-14 01:07:46,195 INFO org.apache.hadoop.mapred.TaskTracker: attempt_201404140105_0001_m_000000_0 1.0% 
2014-04-14 01:07:46,365 INFO org.apache.hadoop.mapred.TaskTracker: attempt_201404140105_0001_m_000002_0 1.0% 
2014-04-14 01:07:49,121 INFO org.apache.hadoop.mapred.TaskTracker: attempt_201404140105_0001_m_000001_0 1.0% 
2014-04-14 01:07:52,242 INFO org.apache.hadoop.mapred.TaskTracker: attempt_201404140105_0001_m_000000_0 1.0% 
2014-04-14 01:07:52,409 INFO org.apache.hadoop.mapred.TaskTracker: attempt_201404140105_0001_m_000002_0 1.0% 
2014-04-14 01:07:54,929 INFO org.apache.hadoop.mapred.TaskTracker: attempt_201404140105_0001_m_000003_0 1.0% 
2014-04-14 01:07:55,447 INFO org.apache.hadoop.mapred.TaskTracker: attempt_201404140105_0001_m_000002_0 1.0% 
2014-04-14 01:07:57,966 INFO org.apache.hadoop.mapred.TaskTracker: attempt_201404140105_0001_m_000003_0 1.0% 
2014-04-14 01:07:58,168 INFO org.apache.hadoop.mapred.TaskTracker: attempt_201404140105_0001_m_000001_0 1.0% 
2014-04-14 01:07:59,269 INFO org.apache.hadoop.mapred.TaskTracker: Task attempt_201404140105_0001_m_000003_0 is in commit-pending, task state:COMMIT_PENDING
2014-04-14 01:07:59,269 INFO org.apache.hadoop.mapred.TaskTracker: attempt_201404140105_0001_m_000003_0 1.0% 
2014-04-14 01:07:59,828 INFO org.apache.hadoop.mapred.TaskTracker: Task attempt_201404140105_0001_m_000001_0 is in commit-pending, task state:COMMIT_PENDING
2014-04-14 01:07:59,828 INFO org.apache.hadoop.mapred.TaskTracker: attempt_201404140105_0001_m_000001_0 1.0% 
2014-04-14 01:08:00,312 INFO org.apache.hadoop.mapred.TaskTracker: Task attempt_201404140105_0001_m_000000_0 is in commit-pending, task state:COMMIT_PENDING
2014-04-14 01:08:00,312 INFO org.apache.hadoop.mapred.TaskTracker: attempt_201404140105_0001_m_000000_0 1.0% 
2014-04-14 01:08:00,443 INFO org.apache.hadoop.mapred.TaskTracker: LaunchTaskAction (registerTask): attempt_201404140105_0001_m_000004_0 task's state:UNASSIGNED
2014-04-14 01:08:00,443 INFO org.apache.hadoop.mapred.TaskTracker: LaunchTaskAction (registerTask): attempt_201404140105_0001_m_000005_0 task's state:UNASSIGNED
2014-04-14 01:08:00,443 INFO org.apache.hadoop.mapred.TaskTracker: LaunchTaskAction (registerTask): attempt_201404140105_0001_m_000006_0 task's state:UNASSIGNED
2014-04-14 01:08:00,444 INFO org.apache.hadoop.mapred.TaskTracker: Received commit task action for attempt_201404140105_0001_m_000000_0
2014-04-14 01:08:00,444 INFO org.apache.hadoop.mapred.TaskTracker: Trying to launch : attempt_201404140105_0001_m_000004_0 which needs 1 slots
2014-04-14 01:08:00,444 INFO org.apache.hadoop.mapred.TaskTracker: Received commit task action for attempt_201404140105_0001_m_000001_0
2014-04-14 01:08:00,444 INFO org.apache.hadoop.mapred.TaskTracker: TaskLauncher : Waiting for 1 to launch attempt_201404140105_0001_m_000004_0, currently we have 0 free slots
2014-04-14 01:08:00,444 INFO org.apache.hadoop.mapred.TaskTracker: Received commit task action for attempt_201404140105_0001_m_000003_0
2014-04-14 01:08:00,716 INFO org.apache.hadoop.mapred.TaskTracker: Task attempt_201404140105_0001_m_000002_0 is in commit-pending, task state:COMMIT_PENDING
2014-04-14 01:08:00,716 INFO org.apache.hadoop.mapred.TaskTracker: attempt_201404140105_0001_m_000002_0 1.0% 
2014-04-14 01:08:01,177 INFO org.apache.hadoop.mapred.TaskTracker: attempt_201404140105_0001_m_000001_0 1.0% 
2014-04-14 01:08:01,180 INFO org.apache.hadoop.mapred.TaskTracker: Task attempt_201404140105_0001_m_000001_0 is done.
2014-04-14 01:08:01,180 INFO org.apache.hadoop.mapred.TaskTracker: reported output size for attempt_201404140105_0001_m_000001_0  was -1
2014-04-14 01:08:01,182 INFO org.apache.hadoop.mapred.TaskTracker: addFreeSlot : current free slots : 1
2014-04-14 01:08:01,182 INFO org.apache.hadoop.mapred.TaskTracker: In TaskLauncher, current free slots : 1 and trying to launch attempt_201404140105_0001_m_000004_0 which needs 1 slots
2014-04-14 01:08:01,184 INFO org.apache.hadoop.mapred.TaskTracker: Trying to launch : attempt_201404140105_0001_m_000005_0 which needs 1 slots
2014-04-14 01:08:01,184 INFO org.apache.hadoop.mapred.TaskTracker: TaskLauncher : Waiting for 1 to launch attempt_201404140105_0001_m_000005_0, currently we have 0 free slots
2014-04-14 01:08:01,197 INFO org.apache.hadoop.mapred.JvmManager: Killing JVM: jvm_201404140105_0001_m_1263656152
2014-04-14 01:08:01,199 INFO org.apache.hadoop.mapred.JvmManager: In JvmRunner constructed JVM ID: jvm_201404140105_0001_m_2070076240
2014-04-14 01:08:01,199 INFO org.apache.hadoop.mapred.JvmManager: JVM Runner jvm_201404140105_0001_m_2070076240 spawned.
2014-04-14 01:08:01,201 INFO org.apache.hadoop.mapred.TaskController: Writing commands to /tmp/hadoop/hadoop-mgrossman/mapred/local/ttprivate/taskTracker/mgrossman/jobcache/job_201404140105_0001/attempt_201404140105_0001_m_000004_0/taskjvm.sh
2014-04-14 01:08:01,277 INFO org.apache.hadoop.mapred.TaskTracker: attempt_201404140105_0001_m_000000_0 1.0% 
2014-04-14 01:08:01,458 INFO org.apache.hadoop.mapred.JvmManager: JVM : jvm_201404140105_0001_m_1263656152 exited with exit code 0. Number of tasks it ran: 1
2014-04-14 01:08:02,158 INFO org.apache.hadoop.mapred.TaskTracker: JVM with ID: jvm_201404140105_0001_m_2070076240 given task: attempt_201404140105_0001_m_000004_0
2014-04-14 01:08:03,470 INFO org.apache.hadoop.mapred.TaskTracker: LaunchTaskAction (registerTask): attempt_201404140105_0001_m_000007_0 task's state:UNASSIGNED
2014-04-14 01:08:03,470 INFO org.apache.hadoop.mapred.TaskTracker: Received commit task action for attempt_201404140105_0001_m_000002_0
2014-04-14 01:08:03,997 INFO org.apache.hadoop.mapred.TaskTracker: attempt_201404140105_0001_m_000003_0 1.0% 
2014-04-14 01:08:04,000 INFO org.apache.hadoop.mapred.TaskTracker: attempt_201404140105_0001_m_000003_0 1.0% 
2014-04-14 01:08:04,001 INFO org.apache.hadoop.mapred.TaskTracker: Task attempt_201404140105_0001_m_000003_0 is done.
2014-04-14 01:08:04,001 INFO org.apache.hadoop.mapred.TaskTracker: reported output size for attempt_201404140105_0001_m_000003_0  was -1
2014-04-14 01:08:04,002 INFO org.apache.hadoop.mapred.TaskTracker: addFreeSlot : current free slots : 1
2014-04-14 01:08:04,003 INFO org.apache.hadoop.mapred.TaskTracker: In TaskLauncher, current free slots : 1 and trying to launch attempt_201404140105_0001_m_000005_0 which needs 1 slots
2014-04-14 01:08:04,003 INFO org.apache.hadoop.mapred.TaskTracker: Trying to launch : attempt_201404140105_0001_m_000006_0 which needs 1 slots
2014-04-14 01:08:04,003 INFO org.apache.hadoop.mapred.TaskTracker: TaskLauncher : Waiting for 1 to launch attempt_201404140105_0001_m_000006_0, currently we have 0 free slots
2014-04-14 01:08:04,011 INFO org.apache.hadoop.mapred.JvmManager: Killing JVM: jvm_201404140105_0001_m_917339398
2014-04-14 01:08:04,016 INFO org.apache.hadoop.mapred.JvmManager: In JvmRunner constructed JVM ID: jvm_201404140105_0001_m_791740862
2014-04-14 01:08:04,016 INFO org.apache.hadoop.mapred.JvmManager: JVM Runner jvm_201404140105_0001_m_791740862 spawned.
2014-04-14 01:08:04,018 INFO org.apache.hadoop.mapred.TaskController: Writing commands to /tmp/hadoop/hadoop-mgrossman/mapred/local/ttprivate/taskTracker/mgrossman/jobcache/job_201404140105_0001/attempt_201404140105_0001_m_000005_0/taskjvm.sh
2014-04-14 01:08:04,218 INFO org.apache.hadoop.mapred.JvmManager: JVM : jvm_201404140105_0001_m_917339398 exited with exit code 0. Number of tasks it ran: 1
2014-04-14 01:08:04,315 INFO org.apache.hadoop.mapred.TaskTracker: attempt_201404140105_0001_m_000000_0 1.0% 
2014-04-14 01:08:04,320 INFO org.apache.hadoop.mapred.TaskTracker: attempt_201404140105_0001_m_000000_0 1.0% 
2014-04-14 01:08:04,321 INFO org.apache.hadoop.mapred.TaskTracker: Task attempt_201404140105_0001_m_000000_0 is done.
2014-04-14 01:08:04,321 INFO org.apache.hadoop.mapred.TaskTracker: reported output size for attempt_201404140105_0001_m_000000_0  was -1
2014-04-14 01:08:04,322 INFO org.apache.hadoop.mapred.TaskTracker: addFreeSlot : current free slots : 1
2014-04-14 01:08:04,322 INFO org.apache.hadoop.mapred.TaskTracker: In TaskLauncher, current free slots : 1 and trying to launch attempt_201404140105_0001_m_000006_0 which needs 1 slots
2014-04-14 01:08:04,322 INFO org.apache.hadoop.mapred.TaskTracker: Trying to launch : attempt_201404140105_0001_m_000007_0 which needs 1 slots
2014-04-14 01:08:04,323 INFO org.apache.hadoop.mapred.TaskTracker: TaskLauncher : Waiting for 1 to launch attempt_201404140105_0001_m_000007_0, currently we have 0 free slots
2014-04-14 01:08:04,337 INFO org.apache.hadoop.mapred.JvmManager: Killing JVM: jvm_201404140105_0001_m_313773805
2014-04-14 01:08:04,340 INFO org.apache.hadoop.mapred.JvmManager: In JvmRunner constructed JVM ID: jvm_201404140105_0001_m_1727147642
2014-04-14 01:08:04,340 INFO org.apache.hadoop.mapred.JvmManager: JVM Runner jvm_201404140105_0001_m_1727147642 spawned.
2014-04-14 01:08:04,342 INFO org.apache.hadoop.mapred.TaskController: Writing commands to /tmp/hadoop/hadoop-mgrossman/mapred/local/ttprivate/taskTracker/mgrossman/jobcache/job_201404140105_0001/attempt_201404140105_0001_m_000006_0/taskjvm.sh
2014-04-14 01:08:04,493 INFO org.apache.hadoop.mapred.TaskTracker: attempt_201404140105_0001_m_000002_0 1.0% 
2014-04-14 01:08:04,496 INFO org.apache.hadoop.mapred.TaskTracker: attempt_201404140105_0001_m_000002_0 1.0% 
2014-04-14 01:08:04,498 INFO org.apache.hadoop.mapred.TaskTracker: Task attempt_201404140105_0001_m_000002_0 is done.
2014-04-14 01:08:04,498 INFO org.apache.hadoop.mapred.TaskTracker: reported output size for attempt_201404140105_0001_m_000002_0  was -1
2014-04-14 01:08:04,498 INFO org.apache.hadoop.mapred.TaskTracker: addFreeSlot : current free slots : 1
2014-04-14 01:08:04,499 INFO org.apache.hadoop.mapred.TaskTracker: In TaskLauncher, current free slots : 1 and trying to launch attempt_201404140105_0001_m_000007_0 which needs 1 slots
2014-04-14 01:08:04,526 INFO org.apache.hadoop.mapred.JvmManager: Killing JVM: jvm_201404140105_0001_m_114753538
2014-04-14 01:08:04,550 INFO org.apache.hadoop.mapred.JvmManager: In JvmRunner constructed JVM ID: jvm_201404140105_0001_m_2003105764
2014-04-14 01:08:04,550 INFO org.apache.hadoop.mapred.JvmManager: JVM Runner jvm_201404140105_0001_m_2003105764 spawned.
2014-04-14 01:08:04,553 INFO org.apache.hadoop.mapred.JvmManager: JVM : jvm_201404140105_0001_m_313773805 exited with exit code 0. Number of tasks it ran: 1
2014-04-14 01:08:04,554 INFO org.apache.hadoop.mapred.TaskController: Writing commands to /tmp/hadoop/hadoop-mgrossman/mapred/local/ttprivate/taskTracker/mgrossman/jobcache/job_201404140105_0001/attempt_201404140105_0001_m_000007_0/taskjvm.sh
2014-04-14 01:08:04,769 INFO org.apache.hadoop.mapred.JvmManager: JVM : jvm_201404140105_0001_m_114753538 exited with exit code 0. Number of tasks it ran: 1
2014-04-14 01:08:05,596 INFO org.apache.hadoop.mapred.TaskTracker: JVM with ID: jvm_201404140105_0001_m_791740862 given task: attempt_201404140105_0001_m_000005_0
2014-04-14 01:08:05,971 INFO org.apache.hadoop.mapred.TaskTracker: JVM with ID: jvm_201404140105_0001_m_1727147642 given task: attempt_201404140105_0001_m_000006_0
2014-04-14 01:08:06,316 INFO org.apache.hadoop.mapred.TaskTracker: JVM with ID: jvm_201404140105_0001_m_2003105764 given task: attempt_201404140105_0001_m_000007_0
2014-04-14 01:08:09,126 INFO org.apache.hadoop.mapred.TaskTracker: attempt_201404140105_0001_m_000004_0 1.0% 
2014-04-14 01:08:12,193 INFO org.apache.hadoop.mapred.TaskTracker: attempt_201404140105_0001_m_000004_0 1.0% 
2014-04-14 01:08:13,237 INFO org.apache.hadoop.mapred.TaskTracker: attempt_201404140105_0001_m_000005_0 0.03422731% 
2014-04-14 01:08:13,742 INFO org.apache.hadoop.mapred.TaskTracker: attempt_201404140105_0001_m_000007_0 0.036374997% 
2014-04-14 01:08:13,760 INFO org.apache.hadoop.mapred.TaskTracker: attempt_201404140105_0001_m_000006_0 0.6215516% 
2014-04-14 01:08:16,315 INFO org.apache.hadoop.mapred.TaskTracker: attempt_201404140105_0001_m_000005_0 0.057636555% 
2014-04-14 01:08:16,822 INFO org.apache.hadoop.mapred.TaskTracker: attempt_201404140105_0001_m_000007_0 0.061175153% 
2014-04-14 01:08:16,860 INFO org.apache.hadoop.mapred.TaskTracker: attempt_201404140105_0001_m_000006_0 1.0% 
2014-04-14 01:08:19,366 INFO org.apache.hadoop.mapred.TaskTracker: attempt_201404140105_0001_m_000005_0 0.07905764% 
2014-04-14 01:08:19,884 INFO org.apache.hadoop.mapred.TaskTracker: attempt_201404140105_0001_m_000007_0 0.08448408% 
2014-04-14 01:08:20,019 INFO org.apache.hadoop.mapred.TaskTracker: attempt_201404140105_0001_m_000006_0 1.0% 
2014-04-14 01:08:22,414 INFO org.apache.hadoop.mapred.TaskTracker: attempt_201404140105_0001_m_000005_0 0.103541724% 
2014-04-14 01:08:22,950 INFO org.apache.hadoop.mapred.TaskTracker: attempt_201404140105_0001_m_000007_0 0.114098206% 
2014-04-14 01:08:24,299 INFO org.apache.hadoop.mapred.TaskTracker: attempt_201404140105_0001_m_000004_0 1.0% 
2014-04-14 01:08:25,462 INFO org.apache.hadoop.mapred.TaskTracker: attempt_201404140105_0001_m_000005_0 0.12944876% 
2014-04-14 01:08:26,030 INFO org.apache.hadoop.mapred.TaskTracker: attempt_201404140105_0001_m_000007_0 0.14391212% 
2014-04-14 01:08:27,411 INFO org.apache.hadoop.mapred.TaskTracker: attempt_201404140105_0001_m_000004_0 1.0% 
2014-04-14 01:08:28,551 INFO org.apache.hadoop.mapred.TaskTracker: attempt_201404140105_0001_m_000005_0 0.1546514% 
2014-04-14 01:08:29,087 INFO org.apache.hadoop.mapred.TaskTracker: attempt_201404140105_0001_m_000007_0 0.1710703% 
2014-04-14 01:08:31,614 INFO org.apache.hadoop.mapred.TaskTracker: attempt_201404140105_0001_m_000005_0 0.179505% 
2014-04-14 01:08:32,132 INFO org.apache.hadoop.mapred.TaskTracker: attempt_201404140105_0001_m_000006_0 1.0% 
2014-04-14 01:08:32,173 INFO org.apache.hadoop.mapred.TaskTracker: attempt_201404140105_0001_m_000007_0 0.2008369% 
2014-04-14 01:08:34,659 INFO org.apache.hadoop.mapred.TaskTracker: attempt_201404140105_0001_m_000005_0 0.20576784% 
2014-04-14 01:08:35,224 INFO org.apache.hadoop.mapred.TaskTracker: attempt_201404140105_0001_m_000007_0 0.22716008% 
2014-04-14 01:08:35,250 INFO org.apache.hadoop.mapred.TaskTracker: attempt_201404140105_0001_m_000006_0 1.0% 
2014-04-14 01:08:37,691 INFO org.apache.hadoop.mapred.TaskTracker: attempt_201404140105_0001_m_000005_0 0.23326327% 
2014-04-14 01:08:37,974 INFO org.apache.hadoop.mapred.TaskTracker: Task attempt_201404140105_0001_m_000004_0 is in commit-pending, task state:COMMIT_PENDING
2014-04-14 01:08:37,975 INFO org.apache.hadoop.mapred.TaskTracker: attempt_201404140105_0001_m_000004_0 1.0% 
2014-04-14 01:08:38,253 INFO org.apache.hadoop.mapred.TaskTracker: attempt_201404140105_0001_m_000007_0 0.25709274% 
2014-04-14 01:08:39,503 INFO org.apache.hadoop.mapred.TaskTracker: attempt_201404140105_0001_m_000004_0 1.0% 
2014-04-14 01:08:39,575 INFO org.apache.hadoop.mapred.TaskTracker: LaunchTaskAction (registerTask): attempt_201404140105_0001_m_000008_0 task's state:UNASSIGNED
2014-04-14 01:08:39,576 INFO org.apache.hadoop.mapred.TaskTracker: Received commit task action for attempt_201404140105_0001_m_000004_0
2014-04-14 01:08:39,576 INFO org.apache.hadoop.mapred.TaskTracker: Trying to launch : attempt_201404140105_0001_m_000008_0 which needs 1 slots
2014-04-14 01:08:39,576 INFO org.apache.hadoop.mapred.TaskTracker: TaskLauncher : Waiting for 1 to launch attempt_201404140105_0001_m_000008_0, currently we have 0 free slots
2014-04-14 01:08:40,747 INFO org.apache.hadoop.mapred.TaskTracker: attempt_201404140105_0001_m_000005_0 0.2684327% 
2014-04-14 01:08:41,297 INFO org.apache.hadoop.mapred.TaskTracker: attempt_201404140105_0001_m_000007_0 0.29243517% 
2014-04-14 01:08:42,142 INFO org.apache.hadoop.mapred.TaskTracker: Task attempt_201404140105_0001_m_000006_0 is in commit-pending, task state:COMMIT_PENDING
2014-04-14 01:08:42,142 INFO org.apache.hadoop.mapred.TaskTracker: attempt_201404140105_0001_m_000006_0 1.0% 
2014-04-14 01:08:42,525 INFO org.apache.hadoop.mapred.TaskTracker: attempt_201404140105_0001_m_000004_0 1.0% 
2014-04-14 01:08:42,527 INFO org.apache.hadoop.mapred.TaskTracker: attempt_201404140105_0001_m_000004_0 1.0% 
2014-04-14 01:08:42,529 INFO org.apache.hadoop.mapred.TaskTracker: Task attempt_201404140105_0001_m_000004_0 is done.
2014-04-14 01:08:42,529 INFO org.apache.hadoop.mapred.TaskTracker: reported output size for attempt_201404140105_0001_m_000004_0  was -1
2014-04-14 01:08:42,744 INFO org.apache.hadoop.mapred.JvmManager: JVM : jvm_201404140105_0001_m_2070076240 exited with exit code 0. Number of tasks it ran: 1
2014-04-14 01:08:43,048 INFO org.apache.hadoop.mapred.TaskTracker: addFreeSlot : current free slots : 1
2014-04-14 01:08:43,048 INFO org.apache.hadoop.mapred.TaskTracker: In TaskLauncher, current free slots : 1 and trying to launch attempt_201404140105_0001_m_000008_0 which needs 1 slots
2014-04-14 01:08:43,061 INFO org.apache.hadoop.mapred.JvmManager: In JvmRunner constructed JVM ID: jvm_201404140105_0001_m_942866316
2014-04-14 01:08:43,061 INFO org.apache.hadoop.mapred.JvmManager: JVM Runner jvm_201404140105_0001_m_942866316 spawned.
2014-04-14 01:08:43,063 INFO org.apache.hadoop.mapred.TaskController: Writing commands to /tmp/hadoop/hadoop-mgrossman/mapred/local/ttprivate/taskTracker/mgrossman/jobcache/job_201404140105_0001/attempt_201404140105_0001_m_000008_0/taskjvm.sh
2014-04-14 01:08:43,066 INFO org.apache.hadoop.mapred.TaskTracker: LaunchTaskAction (registerTask): attempt_201404140105_0001_m_000009_0 task's state:UNASSIGNED
2014-04-14 01:08:43,066 INFO org.apache.hadoop.mapred.TaskTracker: Received commit task action for attempt_201404140105_0001_m_000006_0
2014-04-14 01:08:43,066 INFO org.apache.hadoop.mapred.TaskTracker: Trying to launch : attempt_201404140105_0001_m_000009_0 which needs 1 slots
2014-04-14 01:08:43,066 INFO org.apache.hadoop.mapred.TaskTracker: TaskLauncher : Waiting for 1 to launch attempt_201404140105_0001_m_000009_0, currently we have 0 free slots
2014-04-14 01:08:43,783 INFO org.apache.hadoop.mapred.TaskTracker: attempt_201404140105_0001_m_000005_0 0.30911198% 
2014-04-14 01:08:44,028 INFO org.apache.hadoop.mapred.TaskTracker: JVM with ID: jvm_201404140105_0001_m_942866316 given task: attempt_201404140105_0001_m_000008_0
2014-04-14 01:08:44,293 INFO org.apache.hadoop.mapred.TaskTracker: attempt_201404140105_0001_m_000006_0 1.0% 
2014-04-14 01:08:44,296 INFO org.apache.hadoop.mapred.TaskTracker: attempt_201404140105_0001_m_000006_0 1.0% 
2014-04-14 01:08:44,297 INFO org.apache.hadoop.mapred.TaskTracker: Task attempt_201404140105_0001_m_000006_0 is done.
2014-04-14 01:08:44,297 INFO org.apache.hadoop.mapred.TaskTracker: reported output size for attempt_201404140105_0001_m_000006_0  was -1
2014-04-14 01:08:44,351 INFO org.apache.hadoop.mapred.TaskTracker: attempt_201404140105_0001_m_000007_0 0.3336471% 
2014-04-14 01:08:44,615 INFO org.apache.hadoop.mapred.JvmManager: JVM : jvm_201404140105_0001_m_1727147642 exited with exit code 0. Number of tasks it ran: 1
2014-04-14 01:08:44,713 INFO org.apache.hadoop.mapred.TaskTracker: addFreeSlot : current free slots : 1
2014-04-14 01:08:44,713 INFO org.apache.hadoop.mapred.TaskTracker: In TaskLauncher, current free slots : 1 and trying to launch attempt_201404140105_0001_m_000009_0 which needs 1 slots
2014-04-14 01:08:44,725 INFO org.apache.hadoop.mapred.JvmManager: In JvmRunner constructed JVM ID: jvm_201404140105_0001_m_1986385357
2014-04-14 01:08:44,725 INFO org.apache.hadoop.mapred.JvmManager: JVM Runner jvm_201404140105_0001_m_1986385357 spawned.
2014-04-14 01:08:44,727 INFO org.apache.hadoop.mapred.TaskController: Writing commands to /tmp/hadoop/hadoop-mgrossman/mapred/local/ttprivate/taskTracker/mgrossman/jobcache/job_201404140105_0001/attempt_201404140105_0001_m_000009_0/taskjvm.sh
2014-04-14 01:08:45,925 INFO org.apache.hadoop.mapred.TaskTracker: JVM with ID: jvm_201404140105_0001_m_1986385357 given task: attempt_201404140105_0001_m_000009_0
2014-04-14 01:08:46,843 INFO org.apache.hadoop.mapred.TaskTracker: attempt_201404140105_0001_m_000005_0 0.34804785% 
2014-04-14 01:08:47,375 INFO org.apache.hadoop.mapred.TaskTracker: attempt_201404140105_0001_m_000007_0 0.37457532% 
2014-04-14 01:08:49,910 INFO org.apache.hadoop.mapred.TaskTracker: attempt_201404140105_0001_m_000005_0 0.3881783% 
2014-04-14 01:08:50,431 INFO org.apache.hadoop.mapred.TaskTracker: attempt_201404140105_0001_m_000007_0 0.41748142% 
2014-04-14 01:08:51,239 INFO org.apache.hadoop.mapred.TaskTracker: attempt_201404140105_0001_m_000008_0 0.05030247% 
2014-04-14 01:08:52,951 INFO org.apache.hadoop.mapred.TaskTracker: attempt_201404140105_0001_m_000005_0 0.42525512% 
2014-04-14 01:08:53,163 INFO org.apache.hadoop.mapred.TaskTracker: attempt_201404140105_0001_m_000009_0 0.7435433% 
2014-04-14 01:08:53,467 INFO org.apache.hadoop.mapred.TaskTracker: attempt_201404140105_0001_m_000007_0 0.45915905% 
2014-04-14 01:08:54,293 INFO org.apache.hadoop.mapred.TaskTracker: attempt_201404140105_0001_m_000008_0 0.07977942% 
2014-04-14 01:08:56,004 INFO org.apache.hadoop.mapred.TaskTracker: attempt_201404140105_0001_m_000005_0 0.45911995% 
2014-04-14 01:08:56,208 INFO org.apache.hadoop.mapred.TaskTracker: attempt_201404140105_0001_m_000009_0 1.0% 
2014-04-14 01:08:56,528 INFO org.apache.hadoop.mapred.TaskTracker: attempt_201404140105_0001_m_000007_0 0.49603185% 
2014-04-14 01:08:57,337 INFO org.apache.hadoop.mapred.TaskTracker: attempt_201404140105_0001_m_000008_0 0.109574005% 
2014-04-14 01:08:57,761 INFO org.apache.hadoop.mapred.TaskTracker: Task attempt_201404140105_0001_m_000009_0 is in commit-pending, task state:COMMIT_PENDING
2014-04-14 01:08:57,761 INFO org.apache.hadoop.mapred.TaskTracker: attempt_201404140105_0001_m_000009_0 1.0% 
2014-04-14 01:08:58,108 INFO org.apache.hadoop.mapred.TaskTracker: LaunchTaskAction (registerTask): attempt_201404140105_0001_m_000010_0 task's state:UNASSIGNED
2014-04-14 01:08:58,108 INFO org.apache.hadoop.mapred.TaskTracker: Trying to launch : attempt_201404140105_0001_m_000010_0 which needs 1 slots
2014-04-14 01:08:58,108 INFO org.apache.hadoop.mapred.TaskTracker: TaskLauncher : Waiting for 1 to launch attempt_201404140105_0001_m_000010_0, currently we have 0 free slots
2014-04-14 01:08:58,108 INFO org.apache.hadoop.mapred.TaskTracker: Received commit task action for attempt_201404140105_0001_m_000009_0
2014-04-14 01:08:59,030 INFO org.apache.hadoop.mapred.TaskTracker: attempt_201404140105_0001_m_000005_0 0.49497467% 
2014-04-14 01:08:59,233 INFO org.apache.hadoop.mapred.TaskTracker: attempt_201404140105_0001_m_000009_0 1.0% 
2014-04-14 01:08:59,235 INFO org.apache.hadoop.mapred.TaskTracker: attempt_201404140105_0001_m_000009_0 1.0% 
2014-04-14 01:08:59,236 INFO org.apache.hadoop.mapred.TaskTracker: Task attempt_201404140105_0001_m_000009_0 is done.
2014-04-14 01:08:59,236 INFO org.apache.hadoop.mapred.TaskTracker: reported output size for attempt_201404140105_0001_m_000009_0  was -1
2014-04-14 01:08:59,237 INFO org.apache.hadoop.mapred.TaskTracker: addFreeSlot : current free slots : 1
2014-04-14 01:08:59,239 INFO org.apache.hadoop.mapred.TaskTracker: In TaskLauncher, current free slots : 1 and trying to launch attempt_201404140105_0001_m_000010_0 which needs 1 slots
2014-04-14 01:08:59,267 INFO org.apache.hadoop.mapred.JvmManager: Killing JVM: jvm_201404140105_0001_m_1986385357
2014-04-14 01:08:59,271 INFO org.apache.hadoop.mapred.JvmManager: In JvmRunner constructed JVM ID: jvm_201404140105_0001_m_1296467861
2014-04-14 01:08:59,271 INFO org.apache.hadoop.mapred.JvmManager: JVM Runner jvm_201404140105_0001_m_1296467861 spawned.
2014-04-14 01:08:59,272 INFO org.apache.hadoop.mapred.TaskController: Writing commands to /tmp/hadoop/hadoop-mgrossman/mapred/local/ttprivate/taskTracker/mgrossman/jobcache/job_201404140105_0001/attempt_201404140105_0001_m_000010_0/taskjvm.sh
2014-04-14 01:08:59,534 INFO org.apache.hadoop.mapred.JvmManager: JVM : jvm_201404140105_0001_m_1986385357 exited with exit code 0. Number of tasks it ran: 1
2014-04-14 01:08:59,583 INFO org.apache.hadoop.mapred.TaskTracker: attempt_201404140105_0001_m_000007_0 0.5362584% 
2014-04-14 01:09:00,383 INFO org.apache.hadoop.mapred.TaskTracker: attempt_201404140105_0001_m_000008_0 0.15107399% 
2014-04-14 01:09:00,654 INFO org.apache.hadoop.mapred.TaskTracker: JVM with ID: jvm_201404140105_0001_m_1296467861 given task: attempt_201404140105_0001_m_000010_0
2014-04-14 01:09:02,083 INFO org.apache.hadoop.mapred.TaskTracker: attempt_201404140105_0001_m_000005_0 0.53307897% 
2014-04-14 01:09:02,642 INFO org.apache.hadoop.mapred.TaskTracker: attempt_201404140105_0001_m_000007_0 0.57701606% 
2014-04-14 01:09:03,443 INFO org.apache.hadoop.mapred.TaskTracker: attempt_201404140105_0001_m_000008_0 0.19232343% 
2014-04-14 01:09:05,127 INFO org.apache.hadoop.mapred.TaskTracker: attempt_201404140105_0001_m_000005_0 0.5699467% 
2014-04-14 01:09:05,681 INFO org.apache.hadoop.mapred.TaskTracker: attempt_201404140105_0001_m_000007_0 0.61651194% 
2014-04-14 01:09:06,499 INFO org.apache.hadoop.mapred.TaskTracker: attempt_201404140105_0001_m_000008_0 0.23357502% 
2014-04-14 01:09:07,929 INFO org.apache.hadoop.mapred.TaskTracker: attempt_201404140105_0001_m_000010_0 0.5461589% 
2014-04-14 01:09:08,161 INFO org.apache.hadoop.mapred.TaskTracker: attempt_201404140105_0001_m_000005_0 0.60780084% 
2014-04-14 01:09:08,731 INFO org.apache.hadoop.mapred.TaskTracker: attempt_201404140105_0001_m_000007_0 0.6522255% 
2014-04-14 01:09:09,543 INFO org.apache.hadoop.mapred.TaskTracker: attempt_201404140105_0001_m_000008_0 0.2748688% 
2014-04-14 01:09:10,976 INFO org.apache.hadoop.mapred.TaskTracker: attempt_201404140105_0001_m_000010_0 1.0% 
2014-04-14 01:09:11,189 INFO org.apache.hadoop.mapred.TaskTracker: attempt_201404140105_0001_m_000005_0 0.6418982% 
2014-04-14 01:09:11,756 INFO org.apache.hadoop.mapred.TaskTracker: attempt_201404140105_0001_m_000007_0 0.6842538% 
2014-04-14 01:09:12,566 INFO org.apache.hadoop.mapred.TaskTracker: attempt_201404140105_0001_m_000008_0 0.3124026% 
2014-04-14 01:09:12,828 INFO org.apache.hadoop.mapred.TaskTracker: Task attempt_201404140105_0001_m_000010_0 is in commit-pending, task state:COMMIT_PENDING
2014-04-14 01:09:12,828 INFO org.apache.hadoop.mapred.TaskTracker: attempt_201404140105_0001_m_000010_0 1.0% 
2014-04-14 01:09:13,142 INFO org.apache.hadoop.mapred.TaskTracker: LaunchTaskAction (registerTask): attempt_201404140105_0001_m_000011_0 task's state:UNASSIGNED
2014-04-14 01:09:13,142 INFO org.apache.hadoop.mapred.TaskTracker: Trying to launch : attempt_201404140105_0001_m_000011_0 which needs 1 slots
2014-04-14 01:09:13,142 INFO org.apache.hadoop.mapred.TaskTracker: TaskLauncher : Waiting for 1 to launch attempt_201404140105_0001_m_000011_0, currently we have 0 free slots
2014-04-14 01:09:13,142 INFO org.apache.hadoop.mapred.TaskTracker: Received commit task action for attempt_201404140105_0001_m_000010_0
2014-04-14 01:09:14,015 INFO org.apache.hadoop.mapred.TaskTracker: attempt_201404140105_0001_m_000010_0 1.0% 
2014-04-14 01:09:14,018 INFO org.apache.hadoop.mapred.TaskTracker: attempt_201404140105_0001_m_000010_0 1.0% 
2014-04-14 01:09:14,019 INFO org.apache.hadoop.mapred.TaskTracker: Task attempt_201404140105_0001_m_000010_0 is done.
2014-04-14 01:09:14,019 INFO org.apache.hadoop.mapred.TaskTracker: reported output size for attempt_201404140105_0001_m_000010_0  was -1
2014-04-14 01:09:14,020 INFO org.apache.hadoop.mapred.TaskTracker: addFreeSlot : current free slots : 1
2014-04-14 01:09:14,020 INFO org.apache.hadoop.mapred.TaskTracker: In TaskLauncher, current free slots : 1 and trying to launch attempt_201404140105_0001_m_000011_0 which needs 1 slots
2014-04-14 01:09:14,044 INFO org.apache.hadoop.mapred.JvmManager: Killing JVM: jvm_201404140105_0001_m_1296467861
2014-04-14 01:09:14,051 INFO org.apache.hadoop.mapred.JvmManager: In JvmRunner constructed JVM ID: jvm_201404140105_0001_m_227654350
2014-04-14 01:09:14,051 INFO org.apache.hadoop.mapred.JvmManager: JVM Runner jvm_201404140105_0001_m_227654350 spawned.
2014-04-14 01:09:14,059 INFO org.apache.hadoop.mapred.TaskController: Writing commands to /tmp/hadoop/hadoop-mgrossman/mapred/local/ttprivate/taskTracker/mgrossman/jobcache/job_201404140105_0001/attempt_201404140105_0001_m_000011_0/taskjvm.sh
2014-04-14 01:09:14,238 INFO org.apache.hadoop.mapred.TaskTracker: attempt_201404140105_0001_m_000005_0 0.67875576% 
2014-04-14 01:09:14,320 INFO org.apache.hadoop.mapred.JvmManager: JVM : jvm_201404140105_0001_m_1296467861 exited with exit code 0. Number of tasks it ran: 1
2014-04-14 01:09:14,804 INFO org.apache.hadoop.mapred.TaskTracker: attempt_201404140105_0001_m_000007_0 0.7243178% 
2014-04-14 01:09:15,462 INFO org.apache.hadoop.mapred.TaskTracker: JVM with ID: jvm_201404140105_0001_m_227654350 given task: attempt_201404140105_0001_m_000011_0
2014-04-14 01:09:15,635 INFO org.apache.hadoop.mapred.TaskTracker: attempt_201404140105_0001_m_000008_0 0.35283676% 
2014-04-14 01:09:17,274 INFO org.apache.hadoop.mapred.TaskTracker: attempt_201404140105_0001_m_000005_0 0.7169239% 
2014-04-14 01:09:17,867 INFO org.apache.hadoop.mapred.TaskTracker: attempt_201404140105_0001_m_000007_0 0.7673889% 
2014-04-14 01:09:18,683 INFO org.apache.hadoop.mapred.TaskTracker: attempt_201404140105_0001_m_000008_0 0.39149043% 
2014-04-14 01:09:20,311 INFO org.apache.hadoop.mapred.TaskTracker: attempt_201404140105_0001_m_000005_0 0.7540477% 
2014-04-14 01:09:20,900 INFO org.apache.hadoop.mapred.TaskTracker: attempt_201404140105_0001_m_000007_0 0.8085043% 
2014-04-14 01:09:21,743 INFO org.apache.hadoop.mapred.TaskTracker: attempt_201404140105_0001_m_000008_0 0.43109876% 
2014-04-14 01:09:22,706 INFO org.apache.hadoop.mapred.TaskTracker: attempt_201404140105_0001_m_000011_0 0.87155724% 
2014-04-14 01:09:23,346 INFO org.apache.hadoop.mapred.TaskTracker: attempt_201404140105_0001_m_000005_0 0.79002136% 
2014-04-14 01:09:23,933 INFO org.apache.hadoop.mapred.TaskTracker: attempt_201404140105_0001_m_000007_0 0.8482185% 
2014-04-14 01:09:24,792 INFO org.apache.hadoop.mapred.TaskTracker: attempt_201404140105_0001_m_000008_0 0.46986628% 
2014-04-14 01:09:25,751 INFO org.apache.hadoop.mapred.TaskTracker: attempt_201404140105_0001_m_000011_0 1.0% 
2014-04-14 01:09:26,368 INFO org.apache.hadoop.mapred.TaskTracker: attempt_201404140105_0001_m_000005_0 0.82373005% 
2014-04-14 01:09:26,956 INFO org.apache.hadoop.mapred.TaskTracker: attempt_201404140105_0001_m_000007_0 0.88369656% 
2014-04-14 01:09:27,096 INFO org.apache.hadoop.mapred.TaskTracker: Task attempt_201404140105_0001_m_000011_0 is in commit-pending, task state:COMMIT_PENDING
2014-04-14 01:09:27,096 INFO org.apache.hadoop.mapred.TaskTracker: attempt_201404140105_0001_m_000011_0 1.0% 
2014-04-14 01:09:27,814 INFO org.apache.hadoop.mapred.TaskTracker: attempt_201404140105_0001_m_000008_0 0.5078362% 
2014-04-14 01:09:28,184 INFO org.apache.hadoop.mapred.TaskTracker: LaunchTaskAction (registerTask): attempt_201404140105_0001_m_000012_0 task's state:UNASSIGNED
2014-04-14 01:09:28,184 INFO org.apache.hadoop.mapred.TaskTracker: Trying to launch : attempt_201404140105_0001_m_000012_0 which needs 1 slots
2014-04-14 01:09:28,184 INFO org.apache.hadoop.mapred.TaskTracker: TaskLauncher : Waiting for 1 to launch attempt_201404140105_0001_m_000012_0, currently we have 0 free slots
2014-04-14 01:09:28,184 INFO org.apache.hadoop.mapred.TaskTracker: Received commit task action for attempt_201404140105_0001_m_000011_0
2014-04-14 01:09:28,784 INFO org.apache.hadoop.mapred.TaskTracker: attempt_201404140105_0001_m_000011_0 1.0% 
2014-04-14 01:09:29,388 INFO org.apache.hadoop.mapred.TaskTracker: attempt_201404140105_0001_m_000005_0 0.8639586% 
2014-04-14 01:09:29,976 INFO org.apache.hadoop.mapred.TaskTracker: attempt_201404140105_0001_m_000007_0 0.9245308% 
2014-04-14 01:09:30,842 INFO org.apache.hadoop.mapred.TaskTracker: attempt_201404140105_0001_m_000008_0 0.5488026% 
2014-04-14 01:09:31,817 INFO org.apache.hadoop.mapred.TaskTracker: attempt_201404140105_0001_m_000011_0 1.0% 
2014-04-14 01:09:31,819 INFO org.apache.hadoop.mapred.TaskTracker: attempt_201404140105_0001_m_000011_0 1.0% 
2014-04-14 01:09:31,821 INFO org.apache.hadoop.mapred.TaskTracker: Task attempt_201404140105_0001_m_000011_0 is done.
2014-04-14 01:09:31,821 INFO org.apache.hadoop.mapred.TaskTracker: reported output size for attempt_201404140105_0001_m_000011_0  was -1
2014-04-14 01:09:31,821 INFO org.apache.hadoop.mapred.TaskTracker: addFreeSlot : current free slots : 1
2014-04-14 01:09:31,822 INFO org.apache.hadoop.mapred.TaskTracker: In TaskLauncher, current free slots : 1 and trying to launch attempt_201404140105_0001_m_000012_0 which needs 1 slots
2014-04-14 01:09:31,848 INFO org.apache.hadoop.mapred.JvmManager: Killing JVM: jvm_201404140105_0001_m_227654350
2014-04-14 01:09:31,852 INFO org.apache.hadoop.mapred.JvmManager: In JvmRunner constructed JVM ID: jvm_201404140105_0001_m_2140242325
2014-04-14 01:09:31,853 INFO org.apache.hadoop.mapred.JvmManager: JVM Runner jvm_201404140105_0001_m_2140242325 spawned.
2014-04-14 01:09:31,857 INFO org.apache.hadoop.mapred.TaskController: Writing commands to /tmp/hadoop/hadoop-mgrossman/mapred/local/ttprivate/taskTracker/mgrossman/jobcache/job_201404140105_0001/attempt_201404140105_0001_m_000012_0/taskjvm.sh
2014-04-14 01:09:32,106 INFO org.apache.hadoop.mapred.JvmManager: JVM : jvm_201404140105_0001_m_227654350 exited with exit code 0. Number of tasks it ran: 1
2014-04-14 01:09:32,429 INFO org.apache.hadoop.mapred.TaskTracker: attempt_201404140105_0001_m_000005_0 0.9043373% 
2014-04-14 01:09:33,025 INFO org.apache.hadoop.mapred.TaskTracker: attempt_201404140105_0001_m_000007_0 0.96322817% 
2014-04-14 01:09:33,285 INFO org.apache.hadoop.mapred.TaskTracker: JVM with ID: jvm_201404140105_0001_m_2140242325 given task: attempt_201404140105_0001_m_000012_0
2014-04-14 01:09:33,893 INFO org.apache.hadoop.mapred.TaskTracker: attempt_201404140105_0001_m_000008_0 0.5886921% 
2014-04-14 01:09:35,525 INFO org.apache.hadoop.mapred.TaskTracker: attempt_201404140105_0001_m_000005_0 0.94029164% 
2014-04-14 01:09:35,929 INFO org.apache.hadoop.mapred.TaskTracker: Task attempt_201404140105_0001_m_000007_0 is in commit-pending, task state:COMMIT_PENDING
2014-04-14 01:09:35,929 INFO org.apache.hadoop.mapred.TaskTracker: attempt_201404140105_0001_m_000007_0 0.96322817% 
2014-04-14 01:09:36,161 INFO org.apache.hadoop.mapred.TaskTracker: attempt_201404140105_0001_m_000007_0 1.0% 
2014-04-14 01:09:36,920 INFO org.apache.hadoop.mapred.TaskTracker: attempt_201404140105_0001_m_000008_0 0.6273796% 
2014-04-14 01:09:37,211 INFO org.apache.hadoop.mapred.TaskTracker: LaunchTaskAction (registerTask): attempt_201404140105_0001_m_000013_0 task's state:UNASSIGNED
2014-04-14 01:09:37,211 INFO org.apache.hadoop.mapred.TaskTracker: Received commit task action for attempt_201404140105_0001_m_000007_0
2014-04-14 01:09:37,211 INFO org.apache.hadoop.mapred.TaskTracker: Trying to launch : attempt_201404140105_0001_m_000013_0 which needs 1 slots
2014-04-14 01:09:37,211 INFO org.apache.hadoop.mapred.TaskTracker: TaskLauncher : Waiting for 1 to launch attempt_201404140105_0001_m_000013_0, currently we have 0 free slots
2014-04-14 01:09:38,585 INFO org.apache.hadoop.mapred.TaskTracker: attempt_201404140105_0001_m_000005_0 0.977413% 
2014-04-14 01:09:39,178 INFO org.apache.hadoop.mapred.TaskTracker: attempt_201404140105_0001_m_000007_0 1.0% 
2014-04-14 01:09:39,181 INFO org.apache.hadoop.mapred.TaskTracker: attempt_201404140105_0001_m_000007_0 1.0% 
2014-04-14 01:09:39,182 INFO org.apache.hadoop.mapred.TaskTracker: Task attempt_201404140105_0001_m_000007_0 is done.
2014-04-14 01:09:39,182 INFO org.apache.hadoop.mapred.TaskTracker: reported output size for attempt_201404140105_0001_m_000007_0  was -1
2014-04-14 01:09:39,487 INFO org.apache.hadoop.mapred.TaskTracker: addFreeSlot : current free slots : 1
2014-04-14 01:09:39,487 INFO org.apache.hadoop.mapred.TaskTracker: In TaskLauncher, current free slots : 1 and trying to launch attempt_201404140105_0001_m_000013_0 which needs 1 slots
2014-04-14 01:09:39,500 INFO org.apache.hadoop.mapred.JvmManager: Killing JVM: jvm_201404140105_0001_m_2003105764
2014-04-14 01:09:39,503 INFO org.apache.hadoop.mapred.JvmManager: In JvmRunner constructed JVM ID: jvm_201404140105_0001_m_1860697225
2014-04-14 01:09:39,503 INFO org.apache.hadoop.mapred.JvmManager: JVM Runner jvm_201404140105_0001_m_1860697225 spawned.
2014-04-14 01:09:39,505 INFO org.apache.hadoop.mapred.TaskController: Writing commands to /tmp/hadoop/hadoop-mgrossman/mapred/local/ttprivate/taskTracker/mgrossman/jobcache/job_201404140105_0001/attempt_201404140105_0001_m_000013_0/taskjvm.sh
2014-04-14 01:09:40,024 INFO org.apache.hadoop.mapred.TaskTracker: attempt_201404140105_0001_m_000008_0 0.6649888% 
2014-04-14 01:09:40,031 INFO org.apache.hadoop.mapred.JvmManager: JVM : jvm_201404140105_0001_m_2003105764 exited with exit code 0. Number of tasks it ran: 1
2014-04-14 01:09:40,744 INFO org.apache.hadoop.mapred.TaskTracker: Task attempt_201404140105_0001_m_000005_0 is in commit-pending, task state:COMMIT_PENDING
2014-04-14 01:09:40,745 INFO org.apache.hadoop.mapred.TaskTracker: attempt_201404140105_0001_m_000005_0 0.977413% 
2014-04-14 01:09:40,866 INFO org.apache.hadoop.mapred.TaskTracker: JVM with ID: jvm_201404140105_0001_m_1860697225 given task: attempt_201404140105_0001_m_000013_0
2014-04-14 01:09:40,957 INFO org.apache.hadoop.mapred.TaskTracker: attempt_201404140105_0001_m_000012_0 1.0% 
2014-04-14 01:09:41,619 INFO org.apache.hadoop.mapred.TaskTracker: attempt_201404140105_0001_m_000005_0 1.0% 
2014-04-14 01:09:43,078 INFO org.apache.hadoop.mapred.TaskTracker: attempt_201404140105_0001_m_000008_0 0.7015792% 
2014-04-14 01:09:43,150 INFO org.apache.hadoop.mapred.TaskTracker: Task attempt_201404140105_0001_m_000012_0 is in commit-pending, task state:COMMIT_PENDING
2014-04-14 01:09:43,150 INFO org.apache.hadoop.mapred.TaskTracker: attempt_201404140105_0001_m_000012_0 1.0% 
2014-04-14 01:09:43,235 INFO org.apache.hadoop.mapred.TaskTracker: LaunchTaskAction (registerTask): attempt_201404140105_0001_m_000014_0 task's state:UNASSIGNED
2014-04-14 01:09:43,236 INFO org.apache.hadoop.mapred.TaskTracker: LaunchTaskAction (registerTask): attempt_201404140105_0001_m_000015_0 task's state:UNASSIGNED
2014-04-14 01:09:43,236 INFO org.apache.hadoop.mapred.TaskTracker: Received commit task action for attempt_201404140105_0001_m_000005_0
2014-04-14 01:09:43,236 INFO org.apache.hadoop.mapred.TaskTracker: Trying to launch : attempt_201404140105_0001_m_000014_0 which needs 1 slots
2014-04-14 01:09:43,236 INFO org.apache.hadoop.mapred.TaskTracker: Received commit task action for attempt_201404140105_0001_m_000012_0
2014-04-14 01:09:43,236 INFO org.apache.hadoop.mapred.TaskTracker: TaskLauncher : Waiting for 1 to launch attempt_201404140105_0001_m_000014_0, currently we have 0 free slots
2014-04-14 01:09:43,986 INFO org.apache.hadoop.mapred.TaskTracker: attempt_201404140105_0001_m_000012_0 1.0% 
2014-04-14 01:09:44,635 INFO org.apache.hadoop.mapred.TaskTracker: attempt_201404140105_0001_m_000005_0 1.0% 
2014-04-14 01:09:44,639 INFO org.apache.hadoop.mapred.TaskTracker: attempt_201404140105_0001_m_000005_0 1.0% 
2014-04-14 01:09:44,640 INFO org.apache.hadoop.mapred.TaskTracker: Task attempt_201404140105_0001_m_000005_0 is done.
2014-04-14 01:09:44,640 INFO org.apache.hadoop.mapred.TaskTracker: reported output size for attempt_201404140105_0001_m_000005_0  was -1
2014-04-14 01:09:45,051 INFO org.apache.hadoop.mapred.TaskTracker: addFreeSlot : current free slots : 1
2014-04-14 01:09:45,051 INFO org.apache.hadoop.mapred.TaskTracker: In TaskLauncher, current free slots : 1 and trying to launch attempt_201404140105_0001_m_000014_0 which needs 1 slots
2014-04-14 01:09:45,051 INFO org.apache.hadoop.mapred.TaskTracker: Trying to launch : attempt_201404140105_0001_m_000015_0 which needs 1 slots
2014-04-14 01:09:45,051 INFO org.apache.hadoop.mapred.TaskTracker: TaskLauncher : Waiting for 1 to launch attempt_201404140105_0001_m_000015_0, currently we have 0 free slots
2014-04-14 01:09:45,064 INFO org.apache.hadoop.mapred.JvmManager: Killing JVM: jvm_201404140105_0001_m_791740862
2014-04-14 01:09:45,067 INFO org.apache.hadoop.mapred.JvmManager: In JvmRunner constructed JVM ID: jvm_201404140105_0001_m_1527500029
2014-04-14 01:09:45,067 INFO org.apache.hadoop.mapred.JvmManager: JVM Runner jvm_201404140105_0001_m_1527500029 spawned.
2014-04-14 01:09:45,068 INFO org.apache.hadoop.mapred.TaskController: Writing commands to /tmp/hadoop/hadoop-mgrossman/mapred/local/ttprivate/taskTracker/mgrossman/jobcache/job_201404140105_0001/attempt_201404140105_0001_m_000014_0/taskjvm.sh
2014-04-14 01:09:46,122 INFO org.apache.hadoop.mapred.TaskTracker: attempt_201404140105_0001_m_000008_0 0.7400176% 
2014-04-14 01:09:46,318 INFO org.apache.hadoop.mapred.TaskTracker: JVM with ID: jvm_201404140105_0001_m_1527500029 given task: attempt_201404140105_0001_m_000014_0
2014-04-14 01:09:46,732 INFO org.apache.hadoop.mapred.JvmManager: JVM : jvm_201404140105_0001_m_791740862 exited with exit code 0. Number of tasks it ran: 1
2014-04-14 01:09:47,020 INFO org.apache.hadoop.mapred.TaskTracker: attempt_201404140105_0001_m_000012_0 1.0% 
2014-04-14 01:09:47,023 INFO org.apache.hadoop.mapred.TaskTracker: attempt_201404140105_0001_m_000012_0 1.0% 
2014-04-14 01:09:47,025 INFO org.apache.hadoop.mapred.TaskTracker: Task attempt_201404140105_0001_m_000012_0 is done.
2014-04-14 01:09:47,025 INFO org.apache.hadoop.mapred.TaskTracker: reported output size for attempt_201404140105_0001_m_000012_0  was -1
2014-04-14 01:09:47,030 INFO org.apache.hadoop.mapred.TaskTracker: addFreeSlot : current free slots : 1
2014-04-14 01:09:47,030 INFO org.apache.hadoop.mapred.TaskTracker: In TaskLauncher, current free slots : 1 and trying to launch attempt_201404140105_0001_m_000015_0 which needs 1 slots
2014-04-14 01:09:47,044 INFO org.apache.hadoop.mapred.JvmManager: Killing JVM: jvm_201404140105_0001_m_2140242325
2014-04-14 01:09:47,053 INFO org.apache.hadoop.mapred.JvmManager: In JvmRunner constructed JVM ID: jvm_201404140105_0001_m_660994921
2014-04-14 01:09:47,054 INFO org.apache.hadoop.mapred.JvmManager: JVM Runner jvm_201404140105_0001_m_660994921 spawned.
2014-04-14 01:09:47,055 INFO org.apache.hadoop.mapred.TaskController: Writing commands to /tmp/hadoop/hadoop-mgrossman/mapred/local/ttprivate/taskTracker/mgrossman/jobcache/job_201404140105_0001/attempt_201404140105_0001_m_000015_0/taskjvm.sh
2014-04-14 01:09:47,644 INFO org.apache.hadoop.mapred.TaskTracker: attempt_201404140105_0001_m_000013_0 1.0% 
2014-04-14 01:09:48,447 INFO org.apache.hadoop.mapred.TaskTracker: JVM with ID: jvm_201404140105_0001_m_660994921 given task: attempt_201404140105_0001_m_000015_0
2014-04-14 01:09:48,969 INFO org.apache.hadoop.mapred.JvmManager: JVM : jvm_201404140105_0001_m_2140242325 exited with exit code 0. Number of tasks it ran: 1
2014-04-14 01:09:49,170 INFO org.apache.hadoop.mapred.TaskTracker: attempt_201404140105_0001_m_000008_0 0.7725101% 
2014-04-14 01:09:49,765 INFO org.apache.hadoop.mapred.TaskTracker: Task attempt_201404140105_0001_m_000013_0 is in commit-pending, task state:COMMIT_PENDING
2014-04-14 01:09:49,765 INFO org.apache.hadoop.mapred.TaskTracker: attempt_201404140105_0001_m_000013_0 1.0% 
2014-04-14 01:09:50,671 INFO org.apache.hadoop.mapred.TaskTracker: attempt_201404140105_0001_m_000013_0 1.0% 
2014-04-14 01:09:52,208 INFO org.apache.hadoop.mapred.TaskTracker: attempt_201404140105_0001_m_000008_0 0.81010765% 
2014-04-14 01:09:52,268 INFO org.apache.hadoop.mapred.TaskTracker: LaunchTaskAction (registerTask): attempt_201404140105_0001_m_000016_0 task's state:UNASSIGNED
2014-04-14 01:09:52,268 INFO org.apache.hadoop.mapred.TaskTracker: Trying to launch : attempt_201404140105_0001_m_000016_0 which needs 1 slots
2014-04-14 01:09:52,268 INFO org.apache.hadoop.mapred.TaskTracker: TaskLauncher : Waiting for 1 to launch attempt_201404140105_0001_m_000016_0, currently we have 0 free slots
2014-04-14 01:09:52,268 INFO org.apache.hadoop.mapred.TaskTracker: Received commit task action for attempt_201404140105_0001_m_000013_0
2014-04-14 01:09:53,505 INFO org.apache.hadoop.mapred.TaskTracker: attempt_201404140105_0001_m_000014_0 1.0% 
2014-04-14 01:09:53,707 INFO org.apache.hadoop.mapred.TaskTracker: attempt_201404140105_0001_m_000013_0 1.0% 
2014-04-14 01:09:53,710 INFO org.apache.hadoop.mapred.TaskTracker: attempt_201404140105_0001_m_000013_0 1.0% 
2014-04-14 01:09:53,712 INFO org.apache.hadoop.mapred.TaskTracker: Task attempt_201404140105_0001_m_000013_0 is done.
2014-04-14 01:09:53,712 INFO org.apache.hadoop.mapred.TaskTracker: reported output size for attempt_201404140105_0001_m_000013_0  was -1
2014-04-14 01:09:53,713 INFO org.apache.hadoop.mapred.TaskTracker: addFreeSlot : current free slots : 1
2014-04-14 01:09:53,713 INFO org.apache.hadoop.mapred.TaskTracker: In TaskLauncher, current free slots : 1 and trying to launch attempt_201404140105_0001_m_000016_0 which needs 1 slots
2014-04-14 01:09:53,751 INFO org.apache.hadoop.mapred.JvmManager: Killing JVM: jvm_201404140105_0001_m_1860697225
2014-04-14 01:09:53,761 INFO org.apache.hadoop.mapred.JvmManager: In JvmRunner constructed JVM ID: jvm_201404140105_0001_m_1502554702
2014-04-14 01:09:53,762 INFO org.apache.hadoop.mapred.JvmManager: JVM Runner jvm_201404140105_0001_m_1502554702 spawned.
2014-04-14 01:09:53,763 INFO org.apache.hadoop.mapred.TaskController: Writing commands to /tmp/hadoop/hadoop-mgrossman/mapred/local/ttprivate/taskTracker/mgrossman/jobcache/job_201404140105_0001/attempt_201404140105_0001_m_000016_0/taskjvm.sh
2014-04-14 01:09:54,974 INFO org.apache.hadoop.mapred.TaskTracker: JVM with ID: jvm_201404140105_0001_m_1502554702 given task: attempt_201404140105_0001_m_000016_0
2014-04-14 01:09:55,248 INFO org.apache.hadoop.mapred.TaskTracker: attempt_201404140105_0001_m_000008_0 0.8443428% 
2014-04-14 01:09:56,143 INFO org.apache.hadoop.mapred.JvmManager: JVM : jvm_201404140105_0001_m_1860697225 exited with exit code 0. Number of tasks it ran: 1
2014-04-14 01:09:56,321 INFO org.apache.hadoop.mapred.TaskTracker: attempt_201404140105_0001_m_000015_0 1.0% 
2014-04-14 01:09:56,595 INFO org.apache.hadoop.mapred.TaskTracker: attempt_201404140105_0001_m_000014_0 1.0% 
2014-04-14 01:09:58,276 INFO org.apache.hadoop.mapred.TaskTracker: attempt_201404140105_0001_m_000008_0 0.8773165% 
2014-04-14 01:09:59,386 INFO org.apache.hadoop.mapred.TaskTracker: attempt_201404140105_0001_m_000015_0 1.0% 
2014-04-14 01:09:59,630 INFO org.apache.hadoop.mapred.TaskTracker: attempt_201404140105_0001_m_000014_0 1.0% 
2014-04-14 01:10:01,209 INFO org.apache.hadoop.mapred.TaskTracker: Task attempt_201404140105_0001_m_000014_0 is in commit-pending, task state:COMMIT_PENDING
2014-04-14 01:10:01,209 INFO org.apache.hadoop.mapred.TaskTracker: attempt_201404140105_0001_m_000014_0 1.0% 
2014-04-14 01:10:01,298 INFO org.apache.hadoop.mapred.TaskTracker: LaunchTaskAction (registerTask): attempt_201404140105_0001_m_000017_0 task's state:UNASSIGNED
2014-04-14 01:10:01,298 INFO org.apache.hadoop.mapred.TaskTracker: Trying to launch : attempt_201404140105_0001_m_000017_0 which needs 1 slots
2014-04-14 01:10:01,298 INFO org.apache.hadoop.mapred.TaskTracker: TaskLauncher : Waiting for 1 to launch attempt_201404140105_0001_m_000017_0, currently we have 0 free slots
2014-04-14 01:10:01,298 INFO org.apache.hadoop.mapred.TaskTracker: Received commit task action for attempt_201404140105_0001_m_000014_0
2014-04-14 01:10:01,317 INFO org.apache.hadoop.mapred.TaskTracker: attempt_201404140105_0001_m_000008_0 0.9119553% 
2014-04-14 01:10:02,398 INFO org.apache.hadoop.mapred.TaskTracker: attempt_201404140105_0001_m_000016_0 1.0% 
2014-04-14 01:10:02,418 INFO org.apache.hadoop.mapred.TaskTracker: attempt_201404140105_0001_m_000015_0 1.0% 
2014-04-14 01:10:02,668 INFO org.apache.hadoop.mapred.TaskTracker: attempt_201404140105_0001_m_000014_0 1.0% 
2014-04-14 01:10:02,671 INFO org.apache.hadoop.mapred.TaskTracker: attempt_201404140105_0001_m_000014_0 1.0% 
2014-04-14 01:10:02,673 INFO org.apache.hadoop.mapred.TaskTracker: Task attempt_201404140105_0001_m_000014_0 is done.
2014-04-14 01:10:02,673 INFO org.apache.hadoop.mapred.TaskTracker: reported output size for attempt_201404140105_0001_m_000014_0  was -1
2014-04-14 01:10:02,673 INFO org.apache.hadoop.mapred.TaskTracker: addFreeSlot : current free slots : 1
2014-04-14 01:10:02,673 INFO org.apache.hadoop.mapred.TaskTracker: In TaskLauncher, current free slots : 1 and trying to launch attempt_201404140105_0001_m_000017_0 which needs 1 slots
2014-04-14 01:10:02,682 INFO org.apache.hadoop.mapred.JvmManager: Killing JVM: jvm_201404140105_0001_m_1527500029
2014-04-14 01:10:02,686 INFO org.apache.hadoop.mapred.JvmManager: In JvmRunner constructed JVM ID: jvm_201404140105_0001_m_357404454
2014-04-14 01:10:02,686 INFO org.apache.hadoop.mapred.JvmManager: JVM Runner jvm_201404140105_0001_m_357404454 spawned.
2014-04-14 01:10:02,687 INFO org.apache.hadoop.mapred.TaskController: Writing commands to /tmp/hadoop/hadoop-mgrossman/mapred/local/ttprivate/taskTracker/mgrossman/jobcache/job_201404140105_0001/attempt_201404140105_0001_m_000017_0/taskjvm.sh
2014-04-14 01:10:03,454 INFO org.apache.hadoop.mapred.JvmManager: JVM : jvm_201404140105_0001_m_1527500029 exited with exit code 0. Number of tasks it ran: 1
2014-04-14 01:10:03,652 INFO org.apache.hadoop.mapred.TaskTracker: Task attempt_201404140105_0001_m_000015_0 is in commit-pending, task state:COMMIT_PENDING
2014-04-14 01:10:03,652 INFO org.apache.hadoop.mapred.TaskTracker: attempt_201404140105_0001_m_000015_0 1.0% 
2014-04-14 01:10:03,823 INFO org.apache.hadoop.mapred.TaskTracker: JVM with ID: jvm_201404140105_0001_m_357404454 given task: attempt_201404140105_0001_m_000017_0
2014-04-14 01:10:04,311 INFO org.apache.hadoop.mapred.TaskTracker: LaunchTaskAction (registerTask): attempt_201404140105_0001_m_000018_0 task's state:UNASSIGNED
2014-04-14 01:10:04,311 INFO org.apache.hadoop.mapred.TaskTracker: Received commit task action for attempt_201404140105_0001_m_000015_0
2014-04-14 01:10:04,311 INFO org.apache.hadoop.mapred.TaskTracker: Trying to launch : attempt_201404140105_0001_m_000018_0 which needs 1 slots
2014-04-14 01:10:04,311 INFO org.apache.hadoop.mapred.TaskTracker: TaskLauncher : Waiting for 1 to launch attempt_201404140105_0001_m_000018_0, currently we have 0 free slots
2014-04-14 01:10:04,350 INFO org.apache.hadoop.mapred.TaskTracker: attempt_201404140105_0001_m_000008_0 0.9491482% 
2014-04-14 01:10:05,439 INFO org.apache.hadoop.mapred.TaskTracker: attempt_201404140105_0001_m_000016_0 1.0% 
2014-04-14 01:10:05,467 INFO org.apache.hadoop.mapred.TaskTracker: attempt_201404140105_0001_m_000015_0 1.0% 
2014-04-14 01:10:05,470 INFO org.apache.hadoop.mapred.TaskTracker: attempt_201404140105_0001_m_000015_0 1.0% 
2014-04-14 01:10:05,472 INFO org.apache.hadoop.mapred.TaskTracker: Task attempt_201404140105_0001_m_000015_0 is done.
2014-04-14 01:10:05,472 INFO org.apache.hadoop.mapred.TaskTracker: reported output size for attempt_201404140105_0001_m_000015_0  was -1
2014-04-14 01:10:05,473 INFO org.apache.hadoop.mapred.TaskTracker: addFreeSlot : current free slots : 1
2014-04-14 01:10:05,474 INFO org.apache.hadoop.mapred.TaskTracker: In TaskLauncher, current free slots : 1 and trying to launch attempt_201404140105_0001_m_000018_0 which needs 1 slots
2014-04-14 01:10:05,488 INFO org.apache.hadoop.mapred.JvmManager: Killing JVM: jvm_201404140105_0001_m_660994921
2014-04-14 01:10:05,491 INFO org.apache.hadoop.mapred.JvmManager: In JvmRunner constructed JVM ID: jvm_201404140105_0001_m_408105056
2014-04-14 01:10:05,491 INFO org.apache.hadoop.mapred.JvmManager: JVM Runner jvm_201404140105_0001_m_408105056 spawned.
2014-04-14 01:10:05,493 INFO org.apache.hadoop.mapred.TaskController: Writing commands to /tmp/hadoop/hadoop-mgrossman/mapred/local/ttprivate/taskTracker/mgrossman/jobcache/job_201404140105_0001/attempt_201404140105_0001_m_000018_0/taskjvm.sh
2014-04-14 01:10:05,761 INFO org.apache.hadoop.mapred.JvmManager: JVM : jvm_201404140105_0001_m_660994921 exited with exit code 0. Number of tasks it ran: 1
2014-04-14 01:10:06,468 INFO org.apache.hadoop.mapred.TaskTracker: Task attempt_201404140105_0001_m_000016_0 is in commit-pending, task state:COMMIT_PENDING
2014-04-14 01:10:06,468 INFO org.apache.hadoop.mapred.TaskTracker: attempt_201404140105_0001_m_000016_0 1.0% 
2014-04-14 01:10:06,740 INFO org.apache.hadoop.mapred.TaskTracker: JVM with ID: jvm_201404140105_0001_m_408105056 given task: attempt_201404140105_0001_m_000018_0
2014-04-14 01:10:07,324 INFO org.apache.hadoop.mapred.TaskTracker: LaunchTaskAction (registerTask): attempt_201404140105_0001_m_000019_0 task's state:UNASSIGNED
2014-04-14 01:10:07,324 INFO org.apache.hadoop.mapred.TaskTracker: Trying to launch : attempt_201404140105_0001_m_000019_0 which needs 1 slots
2014-04-14 01:10:07,324 INFO org.apache.hadoop.mapred.TaskTracker: TaskLauncher : Waiting for 1 to launch attempt_201404140105_0001_m_000019_0, currently we have 0 free slots
2014-04-14 01:10:07,324 INFO org.apache.hadoop.mapred.TaskTracker: Received commit task action for attempt_201404140105_0001_m_000016_0
2014-04-14 01:10:07,372 INFO org.apache.hadoop.mapred.TaskTracker: attempt_201404140105_0001_m_000008_0 0.98708045% 
2014-04-14 01:10:08,355 INFO org.apache.hadoop.mapred.TaskTracker: Task attempt_201404140105_0001_m_000008_0 is in commit-pending, task state:COMMIT_PENDING
2014-04-14 01:10:08,355 INFO org.apache.hadoop.mapred.TaskTracker: attempt_201404140105_0001_m_000008_0 0.98708045% 
2014-04-14 01:10:08,469 INFO org.apache.hadoop.mapred.TaskTracker: attempt_201404140105_0001_m_000016_0 1.0% 
2014-04-14 01:10:08,480 INFO org.apache.hadoop.mapred.TaskTracker: attempt_201404140105_0001_m_000016_0 1.0% 
2014-04-14 01:10:08,482 INFO org.apache.hadoop.mapred.TaskTracker: Task attempt_201404140105_0001_m_000016_0 is done.
2014-04-14 01:10:08,482 INFO org.apache.hadoop.mapred.TaskTracker: reported output size for attempt_201404140105_0001_m_000016_0  was -1
2014-04-14 01:10:08,482 INFO org.apache.hadoop.mapred.TaskTracker: addFreeSlot : current free slots : 1
2014-04-14 01:10:08,483 INFO org.apache.hadoop.mapred.TaskTracker: In TaskLauncher, current free slots : 1 and trying to launch attempt_201404140105_0001_m_000019_0 which needs 1 slots
2014-04-14 01:10:08,499 INFO org.apache.hadoop.mapred.JvmManager: Killing JVM: jvm_201404140105_0001_m_1502554702
2014-04-14 01:10:08,507 INFO org.apache.hadoop.mapred.JvmManager: In JvmRunner constructed JVM ID: jvm_201404140105_0001_m_330983436
2014-04-14 01:10:08,507 INFO org.apache.hadoop.mapred.JvmManager: JVM Runner jvm_201404140105_0001_m_330983436 spawned.
2014-04-14 01:10:08,509 INFO org.apache.hadoop.mapred.TaskController: Writing commands to /tmp/hadoop/hadoop-mgrossman/mapred/local/ttprivate/taskTracker/mgrossman/jobcache/job_201404140105_0001/attempt_201404140105_0001_m_000019_0/taskjvm.sh
2014-04-14 01:10:08,837 INFO org.apache.hadoop.mapred.JvmManager: JVM : jvm_201404140105_0001_m_1502554702 exited with exit code 0. Number of tasks it ran: 1
2014-04-14 01:10:10,046 INFO org.apache.hadoop.mapred.TaskTracker: JVM with ID: jvm_201404140105_0001_m_330983436 given task: attempt_201404140105_0001_m_000019_0
2014-04-14 01:10:10,337 INFO org.apache.hadoop.mapred.TaskTracker: Received commit task action for attempt_201404140105_0001_m_000008_0
2014-04-14 01:10:10,411 INFO org.apache.hadoop.mapred.TaskTracker: attempt_201404140105_0001_m_000008_0 1.0% 
2014-04-14 01:10:10,706 INFO org.apache.hadoop.mapred.TaskTracker: attempt_201404140105_0001_m_000017_0 1.0% 
2014-04-14 01:10:13,432 INFO org.apache.hadoop.mapred.TaskTracker: attempt_201404140105_0001_m_000008_0 1.0% 
2014-04-14 01:10:13,434 INFO org.apache.hadoop.mapred.TaskTracker: attempt_201404140105_0001_m_000008_0 1.0% 
2014-04-14 01:10:13,436 INFO org.apache.hadoop.mapred.TaskTracker: Task attempt_201404140105_0001_m_000008_0 is done.
2014-04-14 01:10:13,436 INFO org.apache.hadoop.mapred.TaskTracker: reported output size for attempt_201404140105_0001_m_000008_0  was -1
2014-04-14 01:10:13,749 INFO org.apache.hadoop.mapred.TaskTracker: attempt_201404140105_0001_m_000017_0 1.0% 
2014-04-14 01:10:13,812 INFO org.apache.hadoop.mapred.TaskTracker: addFreeSlot : current free slots : 1
2014-04-14 01:10:14,355 INFO org.apache.hadoop.mapred.TaskTracker: attempt_201404140105_0001_m_000018_0 1.0% 
2014-04-14 01:10:15,243 INFO org.apache.hadoop.mapred.JvmManager: JVM : jvm_201404140105_0001_m_942866316 exited with exit code 0. Number of tasks it ran: 1
2014-04-14 01:10:15,967 INFO org.apache.hadoop.mapred.TaskTracker: Task attempt_201404140105_0001_m_000017_0 is in commit-pending, task state:COMMIT_PENDING
2014-04-14 01:10:15,967 INFO org.apache.hadoop.mapred.TaskTracker: attempt_201404140105_0001_m_000017_0 1.0% 
2014-04-14 01:10:16,358 INFO org.apache.hadoop.mapred.TaskTracker: Received commit task action for attempt_201404140105_0001_m_000017_0
2014-04-14 01:10:16,784 INFO org.apache.hadoop.mapred.TaskTracker: attempt_201404140105_0001_m_000017_0 1.0% 
2014-04-14 01:10:17,415 INFO org.apache.hadoop.mapred.TaskTracker: attempt_201404140105_0001_m_000018_0 1.0% 
2014-04-14 01:10:18,283 INFO org.apache.hadoop.mapred.TaskTracker: Task attempt_201404140105_0001_m_000018_0 is in commit-pending, task state:COMMIT_PENDING
2014-04-14 01:10:18,283 INFO org.apache.hadoop.mapred.TaskTracker: attempt_201404140105_0001_m_000018_0 1.0% 
2014-04-14 01:10:19,369 INFO org.apache.hadoop.mapred.TaskTracker: Received commit task action for attempt_201404140105_0001_m_000018_0
2014-04-14 01:10:19,821 INFO org.apache.hadoop.mapred.TaskTracker: attempt_201404140105_0001_m_000017_0 1.0% 
2014-04-14 01:10:19,826 INFO org.apache.hadoop.mapred.TaskTracker: attempt_201404140105_0001_m_000017_0 1.0% 
2014-04-14 01:10:19,829 INFO org.apache.hadoop.mapred.TaskTracker: Task attempt_201404140105_0001_m_000017_0 is done.
2014-04-14 01:10:19,829 INFO org.apache.hadoop.mapred.TaskTracker: reported output size for attempt_201404140105_0001_m_000017_0  was -1
2014-04-14 01:10:19,830 INFO org.apache.hadoop.mapred.TaskTracker: addFreeSlot : current free slots : 2
2014-04-14 01:10:20,009 INFO org.apache.hadoop.mapred.TaskTracker: attempt_201404140105_0001_m_000019_0 1.0% 
2014-04-14 01:10:20,406 INFO org.apache.hadoop.mapred.JvmManager: JVM : jvm_201404140105_0001_m_357404454 exited with exit code 0. Number of tasks it ran: 1
2014-04-14 01:10:20,458 INFO org.apache.hadoop.mapred.TaskTracker: attempt_201404140105_0001_m_000018_0 1.0% 
2014-04-14 01:10:20,461 INFO org.apache.hadoop.mapred.TaskTracker: attempt_201404140105_0001_m_000018_0 1.0% 
2014-04-14 01:10:20,463 INFO org.apache.hadoop.mapred.TaskTracker: Task attempt_201404140105_0001_m_000018_0 is done.
2014-04-14 01:10:20,463 INFO org.apache.hadoop.mapred.TaskTracker: reported output size for attempt_201404140105_0001_m_000018_0  was -1
2014-04-14 01:10:20,464 INFO org.apache.hadoop.mapred.TaskTracker: addFreeSlot : current free slots : 3
2014-04-14 01:10:22,261 INFO org.apache.hadoop.mapred.JvmManager: JVM : jvm_201404140105_0001_m_408105056 exited with exit code 0. Number of tasks it ran: 1
2014-04-14 01:10:23,043 INFO org.apache.hadoop.mapred.TaskTracker: attempt_201404140105_0001_m_000019_0 1.0% 
2014-04-14 01:10:23,073 INFO org.apache.hadoop.mapred.TaskTracker: Task attempt_201404140105_0001_m_000019_0 is in commit-pending, task state:COMMIT_PENDING
2014-04-14 01:10:23,074 INFO org.apache.hadoop.mapred.TaskTracker: attempt_201404140105_0001_m_000019_0 1.0% 
2014-04-14 01:10:25,395 INFO org.apache.hadoop.mapred.TaskTracker: Received commit task action for attempt_201404140105_0001_m_000019_0
2014-04-14 01:10:26,077 INFO org.apache.hadoop.mapred.TaskTracker: attempt_201404140105_0001_m_000019_0 1.0% 
2014-04-14 01:10:29,107 INFO org.apache.hadoop.mapred.TaskTracker: attempt_201404140105_0001_m_000019_0 1.0% 
2014-04-14 01:10:29,112 INFO org.apache.hadoop.mapred.TaskTracker: attempt_201404140105_0001_m_000019_0 1.0% 
2014-04-14 01:10:29,115 INFO org.apache.hadoop.mapred.TaskTracker: Task attempt_201404140105_0001_m_000019_0 is done.
2014-04-14 01:10:29,115 INFO org.apache.hadoop.mapred.TaskTracker: reported output size for attempt_201404140105_0001_m_000019_0  was -1
2014-04-14 01:10:29,116 INFO org.apache.hadoop.mapred.TaskTracker: addFreeSlot : current free slots : 4
2014-04-14 01:10:29,450 INFO org.apache.hadoop.mapred.JvmManager: JVM : jvm_201404140105_0001_m_330983436 exited with exit code 0. Number of tasks it ran: 1
2014-04-14 01:10:31,430 INFO org.apache.hadoop.mapred.TaskTracker: LaunchTaskAction (registerTask): attempt_201404140105_0001_m_000020_0 task's state:UNASSIGNED
2014-04-14 01:10:31,430 INFO org.apache.hadoop.mapred.TaskTracker: Trying to launch : attempt_201404140105_0001_m_000020_0 which needs 1 slots
2014-04-14 01:10:31,430 INFO org.apache.hadoop.mapred.TaskTracker: In TaskLauncher, current free slots : 4 and trying to launch attempt_201404140105_0001_m_000020_0 which needs 1 slots
2014-04-14 01:10:31,440 INFO org.apache.hadoop.mapred.JvmManager: In JvmRunner constructed JVM ID: jvm_201404140105_0001_m_1344306190
2014-04-14 01:10:31,440 INFO org.apache.hadoop.mapred.JvmManager: JVM Runner jvm_201404140105_0001_m_1344306190 spawned.
2014-04-14 01:10:31,443 INFO org.apache.hadoop.mapred.TaskController: Writing commands to /tmp/hadoop/hadoop-mgrossman/mapred/local/ttprivate/taskTracker/mgrossman/jobcache/job_201404140105_0001/attempt_201404140105_0001_m_000020_0/taskjvm.sh
2014-04-14 01:10:32,473 INFO org.apache.hadoop.mapred.TaskTracker: JVM with ID: jvm_201404140105_0001_m_1344306190 given task: attempt_201404140105_0001_m_000020_0
2014-04-14 01:10:33,298 INFO org.apache.hadoop.mapred.TaskTracker: attempt_201404140105_0001_m_000020_0 0.0% 
2014-04-14 01:10:36,192 INFO org.apache.hadoop.mapred.TaskTracker: attempt_201404140105_0001_m_000020_0 0.0% cleanup
2014-04-14 01:10:36,194 INFO org.apache.hadoop.mapred.TaskTracker: Task attempt_201404140105_0001_m_000020_0 is done.
2014-04-14 01:10:36,195 INFO org.apache.hadoop.mapred.TaskTracker: reported output size for attempt_201404140105_0001_m_000020_0  was -1
2014-04-14 01:10:36,195 INFO org.apache.hadoop.mapred.TaskTracker: addFreeSlot : current free slots : 4
2014-04-14 01:10:36,422 INFO org.apache.hadoop.mapred.JvmManager: JVM : jvm_201404140105_0001_m_1344306190 exited with exit code 0. Number of tasks it ran: 1
2014-04-14 01:10:37,524 INFO org.apache.hadoop.mapred.TaskTracker: Received 'KillJobAction' for job: job_201404140105_0001
2014-04-14 01:10:37,525 INFO org.apache.hadoop.mapred.IndexCache: Map ID attempt_201404140105_0001_m_000016_0 not found in cache
2014-04-14 01:10:37,526 INFO org.apache.hadoop.mapred.IndexCache: Map ID attempt_201404140105_0001_m_000004_0 not found in cache
2014-04-14 01:10:37,526 INFO org.apache.hadoop.mapred.IndexCache: Map ID attempt_201404140105_0001_m_000011_0 not found in cache
2014-04-14 01:10:37,526 INFO org.apache.hadoop.mapred.IndexCache: Map ID attempt_201404140105_0001_m_000002_0 not found in cache
2014-04-14 01:10:37,527 INFO org.apache.hadoop.mapred.IndexCache: Map ID attempt_201404140105_0001_m_000010_0 not found in cache
2014-04-14 01:10:37,527 INFO org.apache.hadoop.mapred.IndexCache: Map ID attempt_201404140105_0001_m_000017_0 not found in cache
2014-04-14 01:10:37,527 INFO org.apache.hadoop.mapred.IndexCache: Map ID attempt_201404140105_0001_m_000003_0 not found in cache
2014-04-14 01:10:37,528 INFO org.apache.hadoop.mapred.IndexCache: Map ID attempt_201404140105_0001_m_000000_0 not found in cache
2014-04-14 01:10:37,528 INFO org.apache.hadoop.mapred.IndexCache: Map ID attempt_201404140105_0001_m_000018_0 not found in cache
2014-04-14 01:10:37,529 INFO org.apache.hadoop.mapred.IndexCache: Map ID attempt_201404140105_0001_m_000012_0 not found in cache
2014-04-14 01:10:37,529 INFO org.apache.hadoop.mapred.IndexCache: Map ID attempt_201404140105_0001_m_000006_0 not found in cache
2014-04-14 01:10:37,529 INFO org.apache.hadoop.mapred.IndexCache: Map ID attempt_201404140105_0001_m_000001_0 not found in cache
2014-04-14 01:10:37,530 INFO org.apache.hadoop.mapred.IndexCache: Map ID attempt_201404140105_0001_m_000005_0 not found in cache
2014-04-14 01:10:37,530 INFO org.apache.hadoop.mapred.IndexCache: Map ID attempt_201404140105_0001_m_000019_0 not found in cache
2014-04-14 01:10:37,531 INFO org.apache.hadoop.mapred.IndexCache: Map ID attempt_201404140105_0001_m_000014_0 not found in cache
2014-04-14 01:10:37,531 INFO org.apache.hadoop.mapred.IndexCache: Map ID attempt_201404140105_0001_m_000020_0 not found in cache
2014-04-14 01:10:37,531 INFO org.apache.hadoop.mapred.IndexCache: Map ID attempt_201404140105_0001_m_000013_0 not found in cache
2014-04-14 01:10:37,532 INFO org.apache.hadoop.mapred.IndexCache: Map ID attempt_201404140105_0001_m_000007_0 not found in cache
2014-04-14 01:10:37,532 INFO org.apache.hadoop.mapred.IndexCache: Map ID attempt_201404140105_0001_m_000009_0 not found in cache
2014-04-14 01:10:37,532 INFO org.apache.hadoop.mapred.IndexCache: Map ID attempt_201404140105_0001_m_000015_0 not found in cache
2014-04-14 01:10:37,533 INFO org.apache.hadoop.mapred.IndexCache: Map ID attempt_201404140105_0001_m_000008_0 not found in cache
2014-04-14 01:10:37,534 INFO org.apache.hadoop.mapred.UserLogCleaner: Adding job_201404140105_0001 for user-log deletion with retainTimeStamp:1397542237534
