2014-04-14 01:48:37,966 INFO org.apache.hadoop.mapred.TaskTracker: STARTUP_MSG: 
/************************************************************
STARTUP_MSG: Starting TaskTracker
STARTUP_MSG:   host = node08.asa-web.amd.com/127.0.1.1
STARTUP_MSG:   args = []
STARTUP_MSG:   version = Unknown
STARTUP_MSG:   build = Unknown -r Unknown; compiled by 'Unknown' on Unknown
************************************************************/
2014-04-14 01:48:38,210 INFO org.apache.hadoop.metrics2.impl.MetricsConfig: loaded properties from hadoop-metrics2.properties
2014-04-14 01:48:38,275 INFO org.apache.hadoop.metrics2.impl.MetricsSourceAdapter: MBean for source MetricsSystem,sub=Stats registered.
2014-04-14 01:48:38,276 INFO org.apache.hadoop.metrics2.impl.MetricsSystemImpl: Scheduled snapshot period at 10 second(s).
2014-04-14 01:48:38,276 INFO org.apache.hadoop.metrics2.impl.MetricsSystemImpl: TaskTracker metrics system started
2014-04-14 01:48:38,622 INFO org.apache.hadoop.metrics2.impl.MetricsSourceAdapter: MBean for source ugi registered.
2014-04-14 01:48:38,630 WARN org.apache.hadoop.metrics2.impl.MetricsSystemImpl: Source name ugi already exists!
2014-04-14 01:48:43,937 INFO org.mortbay.log: Logging to org.slf4j.impl.Log4jLoggerAdapter(org.mortbay.log) via org.mortbay.log.Slf4jLog
2014-04-14 01:48:44,003 INFO org.apache.hadoop.http.HttpServer: Added global filtersafety (class=org.apache.hadoop.http.HttpServer$QuotingInputFilter)
2014-04-14 01:48:44,071 INFO org.apache.hadoop.mapred.TaskLogsTruncater: Initializing logs' truncater with mapRetainSize=-1 and reduceRetainSize=-1
2014-04-14 01:48:44,086 INFO org.apache.hadoop.mapred.TaskTracker: Starting tasktracker with owner as mgrossman
2014-04-14 01:48:44,089 INFO org.apache.hadoop.mapred.TaskTracker: Good mapred local directories are: /tmp/hadoop/hadoop-mgrossman/mapred/local
2014-04-14 01:48:44,100 INFO org.apache.hadoop.util.NativeCodeLoader: Loaded the native-hadoop library
2014-04-14 01:48:44,130 INFO org.apache.hadoop.metrics2.impl.MetricsSourceAdapter: MBean for source jvm registered.
2014-04-14 01:48:44,134 INFO org.apache.hadoop.metrics2.impl.MetricsSourceAdapter: MBean for source TaskTrackerMetrics registered.
2014-04-14 01:48:44,162 INFO org.apache.hadoop.ipc.Server: Starting SocketReader
2014-04-14 01:48:44,171 INFO org.apache.hadoop.metrics2.impl.MetricsSourceAdapter: MBean for source RpcDetailedActivityForPort43498 registered.
2014-04-14 01:48:44,172 INFO org.apache.hadoop.metrics2.impl.MetricsSourceAdapter: MBean for source RpcActivityForPort43498 registered.
2014-04-14 01:48:44,177 INFO org.apache.hadoop.ipc.Server: IPC Server listener on 43498: starting
2014-04-14 01:48:44,177 INFO org.apache.hadoop.ipc.Server: IPC Server Responder: starting
2014-04-14 01:48:44,180 INFO org.apache.hadoop.ipc.Server: IPC Server handler 0 on 43498: starting
2014-04-14 01:48:44,180 INFO org.apache.hadoop.ipc.Server: IPC Server handler 1 on 43498: starting
2014-04-14 01:48:44,180 INFO org.apache.hadoop.ipc.Server: IPC Server handler 2 on 43498: starting
2014-04-14 01:48:44,181 INFO org.apache.hadoop.ipc.Server: IPC Server handler 3 on 43498: starting
2014-04-14 01:48:44,181 INFO org.apache.hadoop.ipc.Server: IPC Server handler 4 on 43498: starting
2014-04-14 01:48:44,181 INFO org.apache.hadoop.ipc.Server: IPC Server handler 5 on 43498: starting
2014-04-14 01:48:44,182 INFO org.apache.hadoop.ipc.Server: IPC Server handler 6 on 43498: starting
2014-04-14 01:48:44,183 INFO org.apache.hadoop.ipc.Server: IPC Server handler 7 on 43498: starting
2014-04-14 01:48:44,183 INFO org.apache.hadoop.mapred.TaskTracker: TaskTracker up at: localhost/127.0.0.1:43498
2014-04-14 01:48:44,183 INFO org.apache.hadoop.mapred.TaskTracker: Starting tracker tracker_node08.asa-web.amd.com:localhost/127.0.0.1:43498
2014-04-14 01:48:54,204 INFO org.apache.hadoop.mapred.TaskTracker: Starting thread: Map-events fetcher for all reduce tasks on tracker_node08.asa-web.amd.com:localhost/127.0.0.1:43498
2014-04-14 01:48:54,220 INFO org.apache.hadoop.util.ProcessTree: setsid exited with exit code 0
2014-04-14 01:48:54,225 INFO org.apache.hadoop.mapred.TaskTracker:  Using ResourceCalculatorPlugin : org.apache.hadoop.util.LinuxResourceCalculatorPlugin@cf9091c
2014-04-14 01:48:54,229 WARN org.apache.hadoop.mapred.TaskTracker: TaskTracker's totalMemoryAllottedForTasks is -1. TaskMemoryManager is disabled.
2014-04-14 01:48:54,236 INFO org.apache.hadoop.mapred.IndexCache: IndexCache created with max memory = 10485760
2014-04-14 01:48:56,385 INFO org.apache.hadoop.metrics2.impl.MetricsSourceAdapter: MBean for source ShuffleServerMetrics registered.
2014-04-14 01:48:56,392 INFO org.apache.hadoop.http.HttpServer: Port returned by webServer.getConnectors()[0].getLocalPort() before open() is -1. Opening the listener on 50061
2014-04-14 01:48:56,392 INFO org.apache.hadoop.http.HttpServer: listener.getLocalPort() returned 50061 webServer.getConnectors()[0].getLocalPort() returned 50061
2014-04-14 01:48:56,393 INFO org.apache.hadoop.http.HttpServer: Jetty bound to port 50061
2014-04-14 01:48:56,393 INFO org.mortbay.log: jetty-6.1.26
2014-04-14 01:48:56,798 INFO org.mortbay.log: Started SelectChannelConnector@0.0.0.0:50061
2014-04-14 01:48:56,798 INFO org.apache.hadoop.mapred.TaskTracker: FILE_CACHE_SIZE for mapOutputServlet set to : 2000
2014-04-14 01:50:03,476 INFO org.apache.hadoop.mapred.TaskTracker: LaunchTaskAction (registerTask): attempt_201404140148_0001_m_000021_0 task's state:UNASSIGNED
2014-04-14 01:50:03,485 INFO org.apache.hadoop.mapred.TaskTracker: Trying to launch : attempt_201404140148_0001_m_000021_0 which needs 1 slots
2014-04-14 01:50:03,485 INFO org.apache.hadoop.mapred.TaskTracker: In TaskLauncher, current free slots : 4 and trying to launch attempt_201404140148_0001_m_000021_0 which needs 1 slots
2014-04-14 01:50:03,874 INFO org.apache.hadoop.mapred.JobLocalizer: Initializing user mgrossman on this TT.
2014-04-14 01:50:04,116 INFO org.apache.hadoop.mapred.JvmManager: In JvmRunner constructed JVM ID: jvm_201404140148_0001_m_1048969741
2014-04-14 01:50:04,116 INFO org.apache.hadoop.mapred.JvmManager: JVM Runner jvm_201404140148_0001_m_1048969741 spawned.
2014-04-14 01:50:04,122 INFO org.apache.hadoop.mapred.TaskController: Writing commands to /tmp/hadoop/hadoop-mgrossman/mapred/local/ttprivate/taskTracker/mgrossman/jobcache/job_201404140148_0001/attempt_201404140148_0001_m_000021_0/taskjvm.sh
2014-04-14 01:50:05,227 INFO org.apache.hadoop.mapred.TaskTracker: JVM with ID: jvm_201404140148_0001_m_1048969741 given task: attempt_201404140148_0001_m_000021_0
2014-04-14 01:50:09,024 INFO org.apache.hadoop.mapred.TaskTracker: attempt_201404140148_0001_m_000021_0 0.0% setup
2014-04-14 01:50:09,028 INFO org.apache.hadoop.mapred.TaskTracker: Task attempt_201404140148_0001_m_000021_0 is done.
2014-04-14 01:50:09,028 INFO org.apache.hadoop.mapred.TaskTracker: reported output size for attempt_201404140148_0001_m_000021_0  was -1
2014-04-14 01:50:09,030 INFO org.apache.hadoop.mapred.TaskTracker: addFreeSlot : current free slots : 4
2014-04-14 01:50:09,275 INFO org.apache.hadoop.mapred.JvmManager: JVM : jvm_201404140148_0001_m_1048969741 exited with exit code 0. Number of tasks it ran: 1
2014-04-14 01:50:09,342 INFO org.apache.hadoop.io.nativeio.NativeIO: Initialized cache for UID to User mapping with a cache timeout of 14400 seconds.
2014-04-14 01:50:09,343 INFO org.apache.hadoop.io.nativeio.NativeIO: Got UserName mgrossman for UID 1007 from the native implementation
2014-04-14 01:50:09,528 INFO org.apache.hadoop.mapred.TaskTracker: LaunchTaskAction (registerTask): attempt_201404140148_0001_m_000000_0 task's state:UNASSIGNED
2014-04-14 01:50:09,529 INFO org.apache.hadoop.mapred.TaskTracker: LaunchTaskAction (registerTask): attempt_201404140148_0001_m_000001_0 task's state:UNASSIGNED
2014-04-14 01:50:09,529 INFO org.apache.hadoop.mapred.TaskTracker: LaunchTaskAction (registerTask): attempt_201404140148_0001_m_000002_0 task's state:UNASSIGNED
2014-04-14 01:50:09,529 INFO org.apache.hadoop.mapred.TaskTracker: LaunchTaskAction (registerTask): attempt_201404140148_0001_m_000003_0 task's state:UNASSIGNED
2014-04-14 01:50:09,530 INFO org.apache.hadoop.mapred.TaskTracker: Trying to launch : attempt_201404140148_0001_m_000000_0 which needs 1 slots
2014-04-14 01:50:09,530 INFO org.apache.hadoop.mapred.TaskTracker: Received KillTaskAction for task: attempt_201404140148_0001_m_000021_0
2014-04-14 01:50:09,530 INFO org.apache.hadoop.mapred.TaskTracker: In TaskLauncher, current free slots : 4 and trying to launch attempt_201404140148_0001_m_000000_0 which needs 1 slots
2014-04-14 01:50:09,530 INFO org.apache.hadoop.mapred.TaskTracker: About to purge task: attempt_201404140148_0001_m_000021_0
2014-04-14 01:50:09,530 INFO org.apache.hadoop.mapred.TaskTracker: Trying to launch : attempt_201404140148_0001_m_000001_0 which needs 1 slots
2014-04-14 01:50:09,530 INFO org.apache.hadoop.mapred.TaskTracker: In TaskLauncher, current free slots : 3 and trying to launch attempt_201404140148_0001_m_000001_0 which needs 1 slots
2014-04-14 01:50:09,531 INFO org.apache.hadoop.mapred.TaskTracker: Trying to launch : attempt_201404140148_0001_m_000002_0 which needs 1 slots
2014-04-14 01:50:09,531 INFO org.apache.hadoop.mapred.TaskTracker: In TaskLauncher, current free slots : 2 and trying to launch attempt_201404140148_0001_m_000002_0 which needs 1 slots
2014-04-14 01:50:09,531 INFO org.apache.hadoop.mapred.IndexCache: Map ID attempt_201404140148_0001_m_000021_0 not found in cache
2014-04-14 01:50:09,532 INFO org.apache.hadoop.mapred.TaskTracker: Trying to launch : attempt_201404140148_0001_m_000003_0 which needs 1 slots
2014-04-14 01:50:09,532 INFO org.apache.hadoop.mapred.TaskTracker: In TaskLauncher, current free slots : 1 and trying to launch attempt_201404140148_0001_m_000003_0 which needs 1 slots
2014-04-14 01:50:09,557 INFO org.apache.hadoop.mapred.JvmManager: In JvmRunner constructed JVM ID: jvm_201404140148_0001_m_1970856419
2014-04-14 01:50:09,558 INFO org.apache.hadoop.mapred.JvmManager: JVM Runner jvm_201404140148_0001_m_1970856419 spawned.
2014-04-14 01:50:09,562 INFO org.apache.hadoop.mapred.JvmManager: In JvmRunner constructed JVM ID: jvm_201404140148_0001_m_1251694528
2014-04-14 01:50:09,562 INFO org.apache.hadoop.mapred.JvmManager: JVM Runner jvm_201404140148_0001_m_1251694528 spawned.
2014-04-14 01:50:09,563 INFO org.apache.hadoop.mapred.JvmManager: In JvmRunner constructed JVM ID: jvm_201404140148_0001_m_1427330312
2014-04-14 01:50:09,563 INFO org.apache.hadoop.mapred.JvmManager: JVM Runner jvm_201404140148_0001_m_1427330312 spawned.
2014-04-14 01:50:09,564 INFO org.apache.hadoop.mapred.JvmManager: In JvmRunner constructed JVM ID: jvm_201404140148_0001_m_1355265760
2014-04-14 01:50:09,564 INFO org.apache.hadoop.mapred.JvmManager: JVM Runner jvm_201404140148_0001_m_1355265760 spawned.
2014-04-14 01:50:09,564 INFO org.apache.hadoop.mapred.TaskController: Writing commands to /tmp/hadoop/hadoop-mgrossman/mapred/local/ttprivate/taskTracker/mgrossman/jobcache/job_201404140148_0001/attempt_201404140148_0001_m_000002_0/taskjvm.sh
2014-04-14 01:50:09,567 INFO org.apache.hadoop.mapred.TaskController: Writing commands to /tmp/hadoop/hadoop-mgrossman/mapred/local/ttprivate/taskTracker/mgrossman/jobcache/job_201404140148_0001/attempt_201404140148_0001_m_000003_0/taskjvm.sh
2014-04-14 01:50:09,582 INFO org.apache.hadoop.mapred.TaskController: Writing commands to /tmp/hadoop/hadoop-mgrossman/mapred/local/ttprivate/taskTracker/mgrossman/jobcache/job_201404140148_0001/attempt_201404140148_0001_m_000000_0/taskjvm.sh
2014-04-14 01:50:09,583 INFO org.apache.hadoop.mapred.TaskController: Writing commands to /tmp/hadoop/hadoop-mgrossman/mapred/local/ttprivate/taskTracker/mgrossman/jobcache/job_201404140148_0001/attempt_201404140148_0001_m_000001_0/taskjvm.sh
2014-04-14 01:50:10,994 INFO org.apache.hadoop.mapred.TaskTracker: JVM with ID: jvm_201404140148_0001_m_1251694528 given task: attempt_201404140148_0001_m_000003_0
2014-04-14 01:50:11,005 INFO org.apache.hadoop.mapred.TaskTracker: JVM with ID: jvm_201404140148_0001_m_1427330312 given task: attempt_201404140148_0001_m_000000_0
2014-04-14 01:50:11,039 INFO org.apache.hadoop.mapred.TaskTracker: JVM with ID: jvm_201404140148_0001_m_1355265760 given task: attempt_201404140148_0001_m_000001_0
2014-04-14 01:50:11,054 INFO org.apache.hadoop.mapred.TaskTracker: JVM with ID: jvm_201404140148_0001_m_1970856419 given task: attempt_201404140148_0001_m_000002_0
2014-04-14 01:50:18,565 INFO org.apache.hadoop.mapred.TaskTracker: attempt_201404140148_0001_m_000002_0 0.6889399% 
2014-04-14 01:50:18,739 INFO org.apache.hadoop.mapred.TaskTracker: attempt_201404140148_0001_m_000003_0 0.47713673% 
2014-04-14 01:50:18,953 INFO org.apache.hadoop.mapred.TaskTracker: attempt_201404140148_0001_m_000001_0 0.3826283% 
2014-04-14 01:50:19,350 INFO org.apache.hadoop.mapred.TaskTracker: attempt_201404140148_0001_m_000000_0 0.53636086% 
2014-04-14 01:50:21,613 INFO org.apache.hadoop.mapred.TaskTracker: attempt_201404140148_0001_m_000002_0 1.0% 
2014-04-14 01:50:21,782 INFO org.apache.hadoop.mapred.TaskTracker: attempt_201404140148_0001_m_000003_0 1.0% 
2014-04-14 01:50:21,999 INFO org.apache.hadoop.mapred.TaskTracker: attempt_201404140148_0001_m_000001_0 1.0% 
2014-04-14 01:50:22,391 INFO org.apache.hadoop.mapred.TaskTracker: attempt_201404140148_0001_m_000000_0 1.0% 
2014-04-14 01:50:24,657 INFO org.apache.hadoop.mapred.TaskTracker: attempt_201404140148_0001_m_000002_0 1.0% 
2014-04-14 01:50:24,824 INFO org.apache.hadoop.mapred.TaskTracker: attempt_201404140148_0001_m_000003_0 1.0% 
2014-04-14 01:50:25,041 INFO org.apache.hadoop.mapred.TaskTracker: attempt_201404140148_0001_m_000001_0 1.0% 
2014-04-14 01:50:25,433 INFO org.apache.hadoop.mapred.TaskTracker: attempt_201404140148_0001_m_000000_0 1.0% 
2014-04-14 01:50:27,872 INFO org.apache.hadoop.mapred.TaskTracker: attempt_201404140148_0001_m_000003_0 1.0% 
2014-04-14 01:50:31,082 INFO org.apache.hadoop.mapred.TaskTracker: attempt_201404140148_0001_m_000001_0 1.0% 
2014-04-14 01:50:31,477 INFO org.apache.hadoop.mapred.TaskTracker: attempt_201404140148_0001_m_000000_0 1.0% 
2014-04-14 01:50:33,704 INFO org.apache.hadoop.mapred.TaskTracker: attempt_201404140148_0001_m_000002_0 1.0% 
2014-04-14 01:50:34,519 INFO org.apache.hadoop.mapred.TaskTracker: attempt_201404140148_0001_m_000000_0 1.0% 
2014-04-14 01:50:36,921 INFO org.apache.hadoop.mapred.TaskTracker: attempt_201404140148_0001_m_000003_0 1.0% 
2014-04-14 01:50:38,084 INFO org.apache.hadoop.mapred.TaskTracker: Task attempt_201404140148_0001_m_000002_0 is in commit-pending, task state:COMMIT_PENDING
2014-04-14 01:50:38,084 INFO org.apache.hadoop.mapred.TaskTracker: attempt_201404140148_0001_m_000002_0 1.0% 
2014-04-14 01:50:38,490 INFO org.apache.hadoop.mapred.TaskTracker: Task attempt_201404140148_0001_m_000003_0 is in commit-pending, task state:COMMIT_PENDING
2014-04-14 01:50:38,491 INFO org.apache.hadoop.mapred.TaskTracker: attempt_201404140148_0001_m_000003_0 1.0% 
2014-04-14 01:50:39,026 INFO org.apache.hadoop.mapred.TaskTracker: Task attempt_201404140148_0001_m_000001_0 is in commit-pending, task state:COMMIT_PENDING
2014-04-14 01:50:39,026 INFO org.apache.hadoop.mapred.TaskTracker: attempt_201404140148_0001_m_000001_0 1.0% 
2014-04-14 01:50:39,485 INFO org.apache.hadoop.mapred.TaskTracker: Task attempt_201404140148_0001_m_000000_0 is in commit-pending, task state:COMMIT_PENDING
2014-04-14 01:50:39,485 INFO org.apache.hadoop.mapred.TaskTracker: attempt_201404140148_0001_m_000000_0 1.0% 
2014-04-14 01:50:39,639 INFO org.apache.hadoop.mapred.TaskTracker: LaunchTaskAction (registerTask): attempt_201404140148_0001_m_000004_0 task's state:UNASSIGNED
2014-04-14 01:50:39,640 INFO org.apache.hadoop.mapred.TaskTracker: LaunchTaskAction (registerTask): attempt_201404140148_0001_m_000005_0 task's state:UNASSIGNED
2014-04-14 01:50:39,640 INFO org.apache.hadoop.mapred.TaskTracker: LaunchTaskAction (registerTask): attempt_201404140148_0001_m_000006_0 task's state:UNASSIGNED
2014-04-14 01:50:39,640 INFO org.apache.hadoop.mapred.TaskTracker: LaunchTaskAction (registerTask): attempt_201404140148_0001_m_000007_0 task's state:UNASSIGNED
2014-04-14 01:50:39,641 INFO org.apache.hadoop.mapred.TaskTracker: Trying to launch : attempt_201404140148_0001_m_000004_0 which needs 1 slots
2014-04-14 01:50:39,641 INFO org.apache.hadoop.mapred.TaskTracker: Received commit task action for attempt_201404140148_0001_m_000000_0
2014-04-14 01:50:39,641 INFO org.apache.hadoop.mapred.TaskTracker: TaskLauncher : Waiting for 1 to launch attempt_201404140148_0001_m_000004_0, currently we have 0 free slots
2014-04-14 01:50:39,641 INFO org.apache.hadoop.mapred.TaskTracker: Received commit task action for attempt_201404140148_0001_m_000001_0
2014-04-14 01:50:39,641 INFO org.apache.hadoop.mapred.TaskTracker: Received commit task action for attempt_201404140148_0001_m_000002_0
2014-04-14 01:50:39,641 INFO org.apache.hadoop.mapred.TaskTracker: Received commit task action for attempt_201404140148_0001_m_000003_0
2014-04-14 01:50:40,120 INFO org.apache.hadoop.mapred.TaskTracker: attempt_201404140148_0001_m_000001_0 1.0% 
2014-04-14 01:50:40,125 INFO org.apache.hadoop.mapred.TaskTracker: attempt_201404140148_0001_m_000001_0 1.0% 
2014-04-14 01:50:40,128 INFO org.apache.hadoop.mapred.TaskTracker: Task attempt_201404140148_0001_m_000001_0 is done.
2014-04-14 01:50:40,128 INFO org.apache.hadoop.mapred.TaskTracker: reported output size for attempt_201404140148_0001_m_000001_0  was -1
2014-04-14 01:50:40,129 INFO org.apache.hadoop.mapred.TaskTracker: addFreeSlot : current free slots : 1
2014-04-14 01:50:40,129 INFO org.apache.hadoop.mapred.TaskTracker: In TaskLauncher, current free slots : 1 and trying to launch attempt_201404140148_0001_m_000004_0 which needs 1 slots
2014-04-14 01:50:40,130 INFO org.apache.hadoop.mapred.TaskTracker: Trying to launch : attempt_201404140148_0001_m_000005_0 which needs 1 slots
2014-04-14 01:50:40,130 INFO org.apache.hadoop.mapred.TaskTracker: TaskLauncher : Waiting for 1 to launch attempt_201404140148_0001_m_000005_0, currently we have 0 free slots
2014-04-14 01:50:40,137 INFO org.apache.hadoop.mapred.JvmManager: Killing JVM: jvm_201404140148_0001_m_1355265760
2014-04-14 01:50:40,141 INFO org.apache.hadoop.mapred.JvmManager: In JvmRunner constructed JVM ID: jvm_201404140148_0001_m_794129059
2014-04-14 01:50:40,141 INFO org.apache.hadoop.mapred.JvmManager: JVM Runner jvm_201404140148_0001_m_794129059 spawned.
2014-04-14 01:50:40,142 INFO org.apache.hadoop.mapred.TaskController: Writing commands to /tmp/hadoop/hadoop-mgrossman/mapred/local/ttprivate/taskTracker/mgrossman/jobcache/job_201404140148_0001/attempt_201404140148_0001_m_000004_0/taskjvm.sh
2014-04-14 01:50:40,338 INFO org.apache.hadoop.mapred.JvmManager: JVM : jvm_201404140148_0001_m_1355265760 exited with exit code 0. Number of tasks it ran: 1
2014-04-14 01:50:40,548 INFO org.apache.hadoop.mapred.TaskTracker: attempt_201404140148_0001_m_000000_0 1.0% 
2014-04-14 01:50:40,554 INFO org.apache.hadoop.mapred.TaskTracker: attempt_201404140148_0001_m_000000_0 1.0% 
2014-04-14 01:50:40,557 INFO org.apache.hadoop.mapred.TaskTracker: Task attempt_201404140148_0001_m_000000_0 is done.
2014-04-14 01:50:40,557 INFO org.apache.hadoop.mapred.TaskTracker: reported output size for attempt_201404140148_0001_m_000000_0  was -1
2014-04-14 01:50:40,557 INFO org.apache.hadoop.mapred.TaskTracker: addFreeSlot : current free slots : 1
2014-04-14 01:50:40,557 INFO org.apache.hadoop.mapred.TaskTracker: In TaskLauncher, current free slots : 1 and trying to launch attempt_201404140148_0001_m_000005_0 which needs 1 slots
2014-04-14 01:50:40,558 INFO org.apache.hadoop.mapred.TaskTracker: Trying to launch : attempt_201404140148_0001_m_000006_0 which needs 1 slots
2014-04-14 01:50:40,558 INFO org.apache.hadoop.mapred.TaskTracker: TaskLauncher : Waiting for 1 to launch attempt_201404140148_0001_m_000006_0, currently we have 0 free slots
2014-04-14 01:50:40,571 INFO org.apache.hadoop.mapred.JvmManager: Killing JVM: jvm_201404140148_0001_m_1427330312
2014-04-14 01:50:40,576 INFO org.apache.hadoop.mapred.JvmManager: In JvmRunner constructed JVM ID: jvm_201404140148_0001_m_1835510438
2014-04-14 01:50:40,576 INFO org.apache.hadoop.mapred.JvmManager: JVM Runner jvm_201404140148_0001_m_1835510438 spawned.
2014-04-14 01:50:40,578 INFO org.apache.hadoop.mapred.TaskController: Writing commands to /tmp/hadoop/hadoop-mgrossman/mapred/local/ttprivate/taskTracker/mgrossman/jobcache/job_201404140148_0001/attempt_201404140148_0001_m_000005_0/taskjvm.sh
2014-04-14 01:50:40,875 INFO org.apache.hadoop.mapred.JvmManager: JVM : jvm_201404140148_0001_m_1427330312 exited with exit code 0. Number of tasks it ran: 1
2014-04-14 01:50:41,072 INFO org.apache.hadoop.mapred.TaskTracker: JVM with ID: jvm_201404140148_0001_m_794129059 given task: attempt_201404140148_0001_m_000004_0
2014-04-14 01:50:41,513 INFO org.apache.hadoop.mapred.TaskTracker: JVM with ID: jvm_201404140148_0001_m_1835510438 given task: attempt_201404140148_0001_m_000005_0
2014-04-14 01:50:42,737 INFO org.apache.hadoop.mapred.TaskTracker: attempt_201404140148_0001_m_000002_0 1.0% 
2014-04-14 01:50:42,742 INFO org.apache.hadoop.mapred.TaskTracker: attempt_201404140148_0001_m_000002_0 1.0% 
2014-04-14 01:50:42,744 INFO org.apache.hadoop.mapred.TaskTracker: Task attempt_201404140148_0001_m_000002_0 is done.
2014-04-14 01:50:42,744 INFO org.apache.hadoop.mapred.TaskTracker: reported output size for attempt_201404140148_0001_m_000002_0  was -1
2014-04-14 01:50:42,744 INFO org.apache.hadoop.mapred.TaskTracker: addFreeSlot : current free slots : 1
2014-04-14 01:50:42,745 INFO org.apache.hadoop.mapred.TaskTracker: In TaskLauncher, current free slots : 1 and trying to launch attempt_201404140148_0001_m_000006_0 which needs 1 slots
2014-04-14 01:50:42,745 INFO org.apache.hadoop.mapred.TaskTracker: Trying to launch : attempt_201404140148_0001_m_000007_0 which needs 1 slots
2014-04-14 01:50:42,745 INFO org.apache.hadoop.mapred.TaskTracker: TaskLauncher : Waiting for 1 to launch attempt_201404140148_0001_m_000007_0, currently we have 0 free slots
2014-04-14 01:50:42,755 INFO org.apache.hadoop.mapred.JvmManager: Killing JVM: jvm_201404140148_0001_m_1970856419
2014-04-14 01:50:42,758 INFO org.apache.hadoop.mapred.JvmManager: In JvmRunner constructed JVM ID: jvm_201404140148_0001_m_1807658628
2014-04-14 01:50:42,759 INFO org.apache.hadoop.mapred.JvmManager: JVM Runner jvm_201404140148_0001_m_1807658628 spawned.
2014-04-14 01:50:42,771 INFO org.apache.hadoop.mapred.TaskController: Writing commands to /tmp/hadoop/hadoop-mgrossman/mapred/local/ttprivate/taskTracker/mgrossman/jobcache/job_201404140148_0001/attempt_201404140148_0001_m_000006_0/taskjvm.sh
2014-04-14 01:50:42,949 INFO org.apache.hadoop.mapred.TaskTracker: attempt_201404140148_0001_m_000003_0 1.0% 
2014-04-14 01:50:42,952 INFO org.apache.hadoop.mapred.TaskTracker: attempt_201404140148_0001_m_000003_0 1.0% 
2014-04-14 01:50:42,954 INFO org.apache.hadoop.mapred.TaskTracker: Task attempt_201404140148_0001_m_000003_0 is done.
2014-04-14 01:50:42,954 INFO org.apache.hadoop.mapred.TaskTracker: reported output size for attempt_201404140148_0001_m_000003_0  was -1
2014-04-14 01:50:42,956 INFO org.apache.hadoop.mapred.TaskTracker: addFreeSlot : current free slots : 1
2014-04-14 01:50:42,957 INFO org.apache.hadoop.mapred.TaskTracker: In TaskLauncher, current free slots : 1 and trying to launch attempt_201404140148_0001_m_000007_0 which needs 1 slots
2014-04-14 01:50:42,979 INFO org.apache.hadoop.mapred.JvmManager: JVM : jvm_201404140148_0001_m_1970856419 exited with exit code 0. Number of tasks it ran: 1
2014-04-14 01:50:42,984 INFO org.apache.hadoop.mapred.JvmManager: Killing JVM: jvm_201404140148_0001_m_1251694528
2014-04-14 01:50:43,003 INFO org.apache.hadoop.mapred.JvmManager: In JvmRunner constructed JVM ID: jvm_201404140148_0001_m_1297160607
2014-04-14 01:50:43,004 INFO org.apache.hadoop.mapred.JvmManager: JVM Runner jvm_201404140148_0001_m_1297160607 spawned.
2014-04-14 01:50:43,019 INFO org.apache.hadoop.mapred.TaskController: Writing commands to /tmp/hadoop/hadoop-mgrossman/mapred/local/ttprivate/taskTracker/mgrossman/jobcache/job_201404140148_0001/attempt_201404140148_0001_m_000007_0/taskjvm.sh
2014-04-14 01:50:43,246 INFO org.apache.hadoop.mapred.JvmManager: JVM : jvm_201404140148_0001_m_1251694528 exited with exit code 0. Number of tasks it ran: 1
2014-04-14 01:50:44,428 INFO org.apache.hadoop.mapred.TaskTracker: JVM with ID: jvm_201404140148_0001_m_1807658628 given task: attempt_201404140148_0001_m_000006_0
2014-04-14 01:50:44,904 INFO org.apache.hadoop.mapred.TaskTracker: JVM with ID: jvm_201404140148_0001_m_1297160607 given task: attempt_201404140148_0001_m_000007_0
2014-04-14 01:50:48,268 INFO org.apache.hadoop.mapred.TaskTracker: attempt_201404140148_0001_m_000005_0 0.9185893% 
2014-04-14 01:50:49,085 INFO org.apache.hadoop.mapred.TaskTracker: attempt_201404140148_0001_m_000004_0 1.0% 
2014-04-14 01:50:51,357 INFO org.apache.hadoop.mapred.TaskTracker: attempt_201404140148_0001_m_000005_0 1.0% 
2014-04-14 01:50:52,125 INFO org.apache.hadoop.mapred.TaskTracker: attempt_201404140148_0001_m_000004_0 1.0% 
2014-04-14 01:50:52,339 INFO org.apache.hadoop.mapred.TaskTracker: attempt_201404140148_0001_m_000006_0 0.4848211% 
2014-04-14 01:50:52,570 INFO org.apache.hadoop.mapred.TaskTracker: attempt_201404140148_0001_m_000007_0 0.5052981% 
2014-04-14 01:50:54,405 INFO org.apache.hadoop.mapred.TaskTracker: attempt_201404140148_0001_m_000005_0 1.0% 
2014-04-14 01:50:55,170 INFO org.apache.hadoop.mapred.TaskTracker: attempt_201404140148_0001_m_000004_0 1.0% 
2014-04-14 01:50:55,382 INFO org.apache.hadoop.mapred.TaskTracker: attempt_201404140148_0001_m_000006_0 1.0% 
2014-04-14 01:50:55,614 INFO org.apache.hadoop.mapred.TaskTracker: attempt_201404140148_0001_m_000007_0 1.0% 
2014-04-14 01:50:57,448 INFO org.apache.hadoop.mapred.TaskTracker: attempt_201404140148_0001_m_000005_0 1.0% 
2014-04-14 01:50:58,203 INFO org.apache.hadoop.mapred.TaskTracker: attempt_201404140148_0001_m_000004_0 1.0% 
2014-04-14 01:50:58,424 INFO org.apache.hadoop.mapred.TaskTracker: attempt_201404140148_0001_m_000006_0 1.0% 
2014-04-14 01:50:58,653 INFO org.apache.hadoop.mapred.TaskTracker: attempt_201404140148_0001_m_000007_0 1.0% 
2014-04-14 01:51:00,360 INFO org.apache.hadoop.mapred.TaskTracker: Task attempt_201404140148_0001_m_000004_0 is in commit-pending, task state:COMMIT_PENDING
2014-04-14 01:51:00,361 INFO org.apache.hadoop.mapred.TaskTracker: attempt_201404140148_0001_m_000004_0 1.0% 
2014-04-14 01:51:00,481 INFO org.apache.hadoop.mapred.TaskTracker: attempt_201404140148_0001_m_000005_0 1.0% 
2014-04-14 01:51:00,744 INFO org.apache.hadoop.mapred.TaskTracker: LaunchTaskAction (registerTask): attempt_201404140148_0001_m_000008_0 task's state:UNASSIGNED
2014-04-14 01:51:00,744 INFO org.apache.hadoop.mapred.TaskTracker: Received commit task action for attempt_201404140148_0001_m_000004_0
2014-04-14 01:51:00,744 INFO org.apache.hadoop.mapred.TaskTracker: Trying to launch : attempt_201404140148_0001_m_000008_0 which needs 1 slots
2014-04-14 01:51:00,744 INFO org.apache.hadoop.mapred.TaskTracker: TaskLauncher : Waiting for 1 to launch attempt_201404140148_0001_m_000008_0, currently we have 0 free slots
2014-04-14 01:51:00,783 INFO org.apache.hadoop.mapred.TaskTracker: Task attempt_201404140148_0001_m_000005_0 is in commit-pending, task state:COMMIT_PENDING
2014-04-14 01:51:00,784 INFO org.apache.hadoop.mapred.TaskTracker: attempt_201404140148_0001_m_000005_0 1.0% 
2014-04-14 01:51:01,466 INFO org.apache.hadoop.mapred.TaskTracker: attempt_201404140148_0001_m_000006_0 1.0% 
2014-04-14 01:51:03,760 INFO org.apache.hadoop.mapred.TaskTracker: LaunchTaskAction (registerTask): attempt_201404140148_0001_m_000009_0 task's state:UNASSIGNED
2014-04-14 01:51:03,760 INFO org.apache.hadoop.mapred.TaskTracker: Received commit task action for attempt_201404140148_0001_m_000005_0
2014-04-14 01:51:04,246 INFO org.apache.hadoop.mapred.TaskTracker: attempt_201404140148_0001_m_000004_0 1.0% 
2014-04-14 01:51:04,249 INFO org.apache.hadoop.mapred.TaskTracker: attempt_201404140148_0001_m_000004_0 1.0% 
2014-04-14 01:51:04,250 INFO org.apache.hadoop.mapred.TaskTracker: Task attempt_201404140148_0001_m_000004_0 is done.
2014-04-14 01:51:04,250 INFO org.apache.hadoop.mapred.TaskTracker: reported output size for attempt_201404140148_0001_m_000004_0  was -1
2014-04-14 01:51:04,251 INFO org.apache.hadoop.mapred.TaskTracker: addFreeSlot : current free slots : 1
2014-04-14 01:51:04,251 INFO org.apache.hadoop.mapred.TaskTracker: In TaskLauncher, current free slots : 1 and trying to launch attempt_201404140148_0001_m_000008_0 which needs 1 slots
2014-04-14 01:51:04,251 INFO org.apache.hadoop.mapred.TaskTracker: Trying to launch : attempt_201404140148_0001_m_000009_0 which needs 1 slots
2014-04-14 01:51:04,252 INFO org.apache.hadoop.mapred.TaskTracker: TaskLauncher : Waiting for 1 to launch attempt_201404140148_0001_m_000009_0, currently we have 0 free slots
2014-04-14 01:51:04,259 INFO org.apache.hadoop.mapred.JvmManager: Killing JVM: jvm_201404140148_0001_m_794129059
2014-04-14 01:51:04,262 INFO org.apache.hadoop.mapred.JvmManager: In JvmRunner constructed JVM ID: jvm_201404140148_0001_m_1369610280
2014-04-14 01:51:04,262 INFO org.apache.hadoop.mapred.JvmManager: JVM Runner jvm_201404140148_0001_m_1369610280 spawned.
2014-04-14 01:51:04,264 INFO org.apache.hadoop.mapred.TaskController: Writing commands to /tmp/hadoop/hadoop-mgrossman/mapred/local/ttprivate/taskTracker/mgrossman/jobcache/job_201404140148_0001/attempt_201404140148_0001_m_000008_0/taskjvm.sh
2014-04-14 01:51:04,701 INFO org.apache.hadoop.mapred.TaskTracker: attempt_201404140148_0001_m_000007_0 1.0% 
2014-04-14 01:51:05,329 INFO org.apache.hadoop.mapred.TaskTracker: JVM with ID: jvm_201404140148_0001_m_1369610280 given task: attempt_201404140148_0001_m_000008_0
2014-04-14 01:51:05,498 INFO org.apache.hadoop.mapred.JvmManager: JVM : jvm_201404140148_0001_m_794129059 exited with exit code 0. Number of tasks it ran: 1
2014-04-14 01:51:05,701 INFO org.apache.hadoop.mapred.TaskTracker: Task attempt_201404140148_0001_m_000006_0 is in commit-pending, task state:COMMIT_PENDING
2014-04-14 01:51:05,701 INFO org.apache.hadoop.mapred.TaskTracker: attempt_201404140148_0001_m_000006_0 1.0% 
2014-04-14 01:51:06,195 INFO org.apache.hadoop.mapred.TaskTracker: Task attempt_201404140148_0001_m_000007_0 is in commit-pending, task state:COMMIT_PENDING
2014-04-14 01:51:06,195 INFO org.apache.hadoop.mapred.TaskTracker: attempt_201404140148_0001_m_000007_0 1.0% 
2014-04-14 01:51:06,516 INFO org.apache.hadoop.mapred.TaskTracker: attempt_201404140148_0001_m_000005_0 1.0% 
2014-04-14 01:51:06,519 INFO org.apache.hadoop.mapred.TaskTracker: attempt_201404140148_0001_m_000005_0 1.0% 
2014-04-14 01:51:06,520 INFO org.apache.hadoop.mapred.TaskTracker: Task attempt_201404140148_0001_m_000005_0 is done.
2014-04-14 01:51:06,520 INFO org.apache.hadoop.mapred.TaskTracker: reported output size for attempt_201404140148_0001_m_000005_0  was -1
2014-04-14 01:51:06,521 INFO org.apache.hadoop.mapred.TaskTracker: addFreeSlot : current free slots : 1
2014-04-14 01:51:06,521 INFO org.apache.hadoop.mapred.TaskTracker: In TaskLauncher, current free slots : 1 and trying to launch attempt_201404140148_0001_m_000009_0 which needs 1 slots
2014-04-14 01:51:06,526 INFO org.apache.hadoop.mapred.JvmManager: Killing JVM: jvm_201404140148_0001_m_1835510438
2014-04-14 01:51:06,530 INFO org.apache.hadoop.mapred.JvmManager: In JvmRunner constructed JVM ID: jvm_201404140148_0001_m_1151535993
2014-04-14 01:51:06,533 INFO org.apache.hadoop.mapred.JvmManager: JVM Runner jvm_201404140148_0001_m_1151535993 spawned.
2014-04-14 01:51:06,536 INFO org.apache.hadoop.mapred.TaskController: Writing commands to /tmp/hadoop/hadoop-mgrossman/mapred/local/ttprivate/taskTracker/mgrossman/jobcache/job_201404140148_0001/attempt_201404140148_0001_m_000009_0/taskjvm.sh
2014-04-14 01:51:06,749 INFO org.apache.hadoop.mapred.JvmManager: JVM : jvm_201404140148_0001_m_1835510438 exited with exit code 0. Number of tasks it ran: 1
2014-04-14 01:51:06,781 INFO org.apache.hadoop.mapred.TaskTracker: LaunchTaskAction (registerTask): attempt_201404140148_0001_m_000010_0 task's state:UNASSIGNED
2014-04-14 01:51:06,782 INFO org.apache.hadoop.mapred.TaskTracker: LaunchTaskAction (registerTask): attempt_201404140148_0001_m_000011_0 task's state:UNASSIGNED
2014-04-14 01:51:06,782 INFO org.apache.hadoop.mapred.TaskTracker: Received commit task action for attempt_201404140148_0001_m_000006_0
2014-04-14 01:51:06,782 INFO org.apache.hadoop.mapred.TaskTracker: Trying to launch : attempt_201404140148_0001_m_000010_0 which needs 1 slots
2014-04-14 01:51:06,782 INFO org.apache.hadoop.mapred.TaskTracker: Received commit task action for attempt_201404140148_0001_m_000007_0
2014-04-14 01:51:06,782 INFO org.apache.hadoop.mapred.TaskTracker: TaskLauncher : Waiting for 1 to launch attempt_201404140148_0001_m_000010_0, currently we have 0 free slots
2014-04-14 01:51:07,508 INFO org.apache.hadoop.mapred.TaskTracker: attempt_201404140148_0001_m_000006_0 1.0% 
2014-04-14 01:51:07,585 INFO org.apache.hadoop.mapred.TaskTracker: JVM with ID: jvm_201404140148_0001_m_1151535993 given task: attempt_201404140148_0001_m_000009_0
2014-04-14 01:51:07,705 INFO org.apache.hadoop.mapred.TaskTracker: attempt_201404140148_0001_m_000007_0 1.0% 
2014-04-14 01:51:07,707 INFO org.apache.hadoop.mapred.TaskTracker: Task attempt_201404140148_0001_m_000007_0 is done.
2014-04-14 01:51:07,707 INFO org.apache.hadoop.mapred.TaskTracker: reported output size for attempt_201404140148_0001_m_000007_0  was -1
2014-04-14 01:51:07,708 INFO org.apache.hadoop.mapred.TaskTracker: addFreeSlot : current free slots : 1
2014-04-14 01:51:07,708 INFO org.apache.hadoop.mapred.TaskTracker: In TaskLauncher, current free slots : 1 and trying to launch attempt_201404140148_0001_m_000010_0 which needs 1 slots
2014-04-14 01:51:07,709 INFO org.apache.hadoop.mapred.TaskTracker: Trying to launch : attempt_201404140148_0001_m_000011_0 which needs 1 slots
2014-04-14 01:51:07,709 INFO org.apache.hadoop.mapred.TaskTracker: TaskLauncher : Waiting for 1 to launch attempt_201404140148_0001_m_000011_0, currently we have 0 free slots
2014-04-14 01:51:07,738 INFO org.apache.hadoop.mapred.JvmManager: Killing JVM: jvm_201404140148_0001_m_1297160607
2014-04-14 01:51:07,782 INFO org.apache.hadoop.mapred.JvmManager: In JvmRunner constructed JVM ID: jvm_201404140148_0001_m_1452775197
2014-04-14 01:51:07,782 INFO org.apache.hadoop.mapred.JvmManager: JVM Runner jvm_201404140148_0001_m_1452775197 spawned.
2014-04-14 01:51:07,787 INFO org.apache.hadoop.mapred.TaskController: Writing commands to /tmp/hadoop/hadoop-mgrossman/mapred/local/ttprivate/taskTracker/mgrossman/jobcache/job_201404140148_0001/attempt_201404140148_0001_m_000010_0/taskjvm.sh
2014-04-14 01:51:08,084 INFO org.apache.hadoop.mapred.JvmManager: JVM : jvm_201404140148_0001_m_1297160607 exited with exit code 0. Number of tasks it ran: 1
2014-04-14 01:51:09,050 INFO org.apache.hadoop.mapred.TaskTracker: JVM with ID: jvm_201404140148_0001_m_1452775197 given task: attempt_201404140148_0001_m_000010_0
2014-04-14 01:51:10,547 INFO org.apache.hadoop.mapred.TaskTracker: attempt_201404140148_0001_m_000006_0 1.0% 
2014-04-14 01:51:10,557 INFO org.apache.hadoop.mapred.TaskTracker: attempt_201404140148_0001_m_000006_0 1.0% 
2014-04-14 01:51:10,560 INFO org.apache.hadoop.mapred.TaskTracker: Task attempt_201404140148_0001_m_000006_0 is done.
2014-04-14 01:51:10,560 INFO org.apache.hadoop.mapred.TaskTracker: reported output size for attempt_201404140148_0001_m_000006_0  was -1
2014-04-14 01:51:10,560 INFO org.apache.hadoop.mapred.TaskTracker: addFreeSlot : current free slots : 1
2014-04-14 01:51:10,561 INFO org.apache.hadoop.mapred.TaskTracker: In TaskLauncher, current free slots : 1 and trying to launch attempt_201404140148_0001_m_000011_0 which needs 1 slots
2014-04-14 01:51:10,588 INFO org.apache.hadoop.mapred.JvmManager: Killing JVM: jvm_201404140148_0001_m_1807658628
2014-04-14 01:51:10,600 INFO org.apache.hadoop.mapred.JvmManager: In JvmRunner constructed JVM ID: jvm_201404140148_0001_m_448497290
2014-04-14 01:51:10,600 INFO org.apache.hadoop.mapred.JvmManager: JVM Runner jvm_201404140148_0001_m_448497290 spawned.
2014-04-14 01:51:10,603 INFO org.apache.hadoop.mapred.TaskController: Writing commands to /tmp/hadoop/hadoop-mgrossman/mapred/local/ttprivate/taskTracker/mgrossman/jobcache/job_201404140148_0001/attempt_201404140148_0001_m_000011_0/taskjvm.sh
2014-04-14 01:51:11,580 INFO org.apache.hadoop.mapred.JvmManager: JVM : jvm_201404140148_0001_m_1807658628 exited with exit code 0. Number of tasks it ran: 1
2014-04-14 01:51:12,320 INFO org.apache.hadoop.mapred.TaskTracker: attempt_201404140148_0001_m_000008_0 1.0% 
2014-04-14 01:51:12,368 INFO org.apache.hadoop.mapred.TaskTracker: JVM with ID: jvm_201404140148_0001_m_448497290 given task: attempt_201404140148_0001_m_000011_0
2014-04-14 01:51:15,361 INFO org.apache.hadoop.mapred.TaskTracker: attempt_201404140148_0001_m_000008_0 1.0% 
2014-04-14 01:51:16,064 INFO org.apache.hadoop.mapred.TaskTracker: attempt_201404140148_0001_m_000009_0 1.0% 
2014-04-14 01:51:16,619 INFO org.apache.hadoop.mapred.TaskTracker: attempt_201404140148_0001_m_000010_0 0.91598344% 
2014-04-14 01:51:16,867 INFO org.apache.hadoop.mapred.TaskTracker: Task attempt_201404140148_0001_m_000008_0 is in commit-pending, task state:COMMIT_PENDING
2014-04-14 01:51:16,868 INFO org.apache.hadoop.mapred.TaskTracker: attempt_201404140148_0001_m_000008_0 1.0% 
2014-04-14 01:51:18,400 INFO org.apache.hadoop.mapred.TaskTracker: attempt_201404140148_0001_m_000008_0 1.0% 
2014-04-14 01:51:18,826 INFO org.apache.hadoop.mapred.TaskTracker: LaunchTaskAction (registerTask): attempt_201404140148_0001_m_000012_0 task's state:UNASSIGNED
2014-04-14 01:51:18,826 INFO org.apache.hadoop.mapred.TaskTracker: Trying to launch : attempt_201404140148_0001_m_000012_0 which needs 1 slots
2014-04-14 01:51:18,827 INFO org.apache.hadoop.mapred.TaskTracker: TaskLauncher : Waiting for 1 to launch attempt_201404140148_0001_m_000012_0, currently we have 0 free slots
2014-04-14 01:51:18,827 INFO org.apache.hadoop.mapred.TaskTracker: Received commit task action for attempt_201404140148_0001_m_000008_0
2014-04-14 01:51:19,107 INFO org.apache.hadoop.mapred.TaskTracker: attempt_201404140148_0001_m_000009_0 1.0% 
2014-04-14 01:51:19,658 INFO org.apache.hadoop.mapred.TaskTracker: attempt_201404140148_0001_m_000010_0 1.0% 
2014-04-14 01:51:21,438 INFO org.apache.hadoop.mapred.TaskTracker: attempt_201404140148_0001_m_000008_0 1.0% 
2014-04-14 01:51:21,442 INFO org.apache.hadoop.mapred.TaskTracker: attempt_201404140148_0001_m_000008_0 1.0% 
2014-04-14 01:51:21,445 INFO org.apache.hadoop.mapred.TaskTracker: Task attempt_201404140148_0001_m_000008_0 is done.
2014-04-14 01:51:21,445 INFO org.apache.hadoop.mapred.TaskTracker: reported output size for attempt_201404140148_0001_m_000008_0  was -1
2014-04-14 01:51:21,445 INFO org.apache.hadoop.mapred.TaskTracker: addFreeSlot : current free slots : 1
2014-04-14 01:51:21,446 INFO org.apache.hadoop.mapred.TaskTracker: In TaskLauncher, current free slots : 1 and trying to launch attempt_201404140148_0001_m_000012_0 which needs 1 slots
2014-04-14 01:51:21,454 INFO org.apache.hadoop.mapred.JvmManager: Killing JVM: jvm_201404140148_0001_m_1369610280
2014-04-14 01:51:21,458 INFO org.apache.hadoop.mapred.JvmManager: In JvmRunner constructed JVM ID: jvm_201404140148_0001_m_1024305667
2014-04-14 01:51:21,459 INFO org.apache.hadoop.mapred.JvmManager: JVM Runner jvm_201404140148_0001_m_1024305667 spawned.
2014-04-14 01:51:21,463 INFO org.apache.hadoop.mapred.TaskController: Writing commands to /tmp/hadoop/hadoop-mgrossman/mapred/local/ttprivate/taskTracker/mgrossman/jobcache/job_201404140148_0001/attempt_201404140148_0001_m_000012_0/taskjvm.sh
2014-04-14 01:51:22,144 INFO org.apache.hadoop.mapred.TaskTracker: attempt_201404140148_0001_m_000009_0 1.0% 
2014-04-14 01:51:22,434 INFO org.apache.hadoop.mapred.TaskTracker: JVM with ID: jvm_201404140148_0001_m_1024305667 given task: attempt_201404140148_0001_m_000012_0
2014-04-14 01:51:22,694 INFO org.apache.hadoop.mapred.TaskTracker: attempt_201404140148_0001_m_000010_0 1.0% 
2014-04-14 01:51:22,859 INFO org.apache.hadoop.mapred.TaskTracker: attempt_201404140148_0001_m_000011_0 1.0% 
2014-04-14 01:51:25,178 INFO org.apache.hadoop.mapred.TaskTracker: attempt_201404140148_0001_m_000009_0 1.0% 
2014-04-14 01:51:25,540 INFO org.apache.hadoop.mapred.JvmManager: JVM : jvm_201404140148_0001_m_1369610280 exited with exit code 0. Number of tasks it ran: 1
2014-04-14 01:51:25,771 INFO org.apache.hadoop.mapred.TaskTracker: Task attempt_201404140148_0001_m_000009_0 is in commit-pending, task state:COMMIT_PENDING
2014-04-14 01:51:25,771 INFO org.apache.hadoop.mapred.TaskTracker: attempt_201404140148_0001_m_000009_0 1.0% 
2014-04-14 01:51:25,910 INFO org.apache.hadoop.mapred.TaskTracker: attempt_201404140148_0001_m_000011_0 1.0% 
2014-04-14 01:51:26,322 INFO org.apache.hadoop.mapred.TaskTracker: Task attempt_201404140148_0001_m_000010_0 is in commit-pending, task state:COMMIT_PENDING
2014-04-14 01:51:26,322 INFO org.apache.hadoop.mapred.TaskTracker: attempt_201404140148_0001_m_000010_0 1.0% 
2014-04-14 01:51:27,860 INFO org.apache.hadoop.mapred.TaskTracker: LaunchTaskAction (registerTask): attempt_201404140148_0001_m_000013_0 task's state:UNASSIGNED
2014-04-14 01:51:27,861 INFO org.apache.hadoop.mapred.TaskTracker: LaunchTaskAction (registerTask): attempt_201404140148_0001_m_000014_0 task's state:UNASSIGNED
2014-04-14 01:51:27,861 INFO org.apache.hadoop.mapred.TaskTracker: Received commit task action for attempt_201404140148_0001_m_000009_0
2014-04-14 01:51:27,861 INFO org.apache.hadoop.mapred.TaskTracker: Trying to launch : attempt_201404140148_0001_m_000013_0 which needs 1 slots
2014-04-14 01:51:27,861 INFO org.apache.hadoop.mapred.TaskTracker: Received commit task action for attempt_201404140148_0001_m_000010_0
2014-04-14 01:51:27,861 INFO org.apache.hadoop.mapred.TaskTracker: TaskLauncher : Waiting for 1 to launch attempt_201404140148_0001_m_000013_0, currently we have 0 free slots
2014-04-14 01:51:28,754 INFO org.apache.hadoop.mapred.TaskTracker: attempt_201404140148_0001_m_000010_0 1.0% 
2014-04-14 01:51:28,760 INFO org.apache.hadoop.mapred.TaskTracker: attempt_201404140148_0001_m_000010_0 1.0% 
2014-04-14 01:51:28,762 INFO org.apache.hadoop.mapred.TaskTracker: Task attempt_201404140148_0001_m_000010_0 is done.
2014-04-14 01:51:28,762 INFO org.apache.hadoop.mapred.TaskTracker: reported output size for attempt_201404140148_0001_m_000010_0  was -1
2014-04-14 01:51:28,762 INFO org.apache.hadoop.mapred.TaskTracker: addFreeSlot : current free slots : 1
2014-04-14 01:51:28,763 INFO org.apache.hadoop.mapred.TaskTracker: In TaskLauncher, current free slots : 1 and trying to launch attempt_201404140148_0001_m_000013_0 which needs 1 slots
2014-04-14 01:51:28,763 INFO org.apache.hadoop.mapred.TaskTracker: Trying to launch : attempt_201404140148_0001_m_000014_0 which needs 1 slots
2014-04-14 01:51:28,763 INFO org.apache.hadoop.mapred.TaskTracker: TaskLauncher : Waiting for 1 to launch attempt_201404140148_0001_m_000014_0, currently we have 0 free slots
2014-04-14 01:51:28,780 INFO org.apache.hadoop.mapred.JvmManager: Killing JVM: jvm_201404140148_0001_m_1452775197
2014-04-14 01:51:28,784 INFO org.apache.hadoop.mapred.JvmManager: In JvmRunner constructed JVM ID: jvm_201404140148_0001_m_1355681437
2014-04-14 01:51:28,784 INFO org.apache.hadoop.mapred.JvmManager: JVM Runner jvm_201404140148_0001_m_1355681437 spawned.
2014-04-14 01:51:28,786 INFO org.apache.hadoop.mapred.TaskController: Writing commands to /tmp/hadoop/hadoop-mgrossman/mapred/local/ttprivate/taskTracker/mgrossman/jobcache/job_201404140148_0001/attempt_201404140148_0001_m_000013_0/taskjvm.sh
2014-04-14 01:51:28,951 INFO org.apache.hadoop.mapred.TaskTracker: attempt_201404140148_0001_m_000011_0 1.0% 
2014-04-14 01:51:29,406 INFO org.apache.hadoop.mapred.TaskTracker: attempt_201404140148_0001_m_000012_0 1.0% 
2014-04-14 01:51:29,896 INFO org.apache.hadoop.mapred.TaskTracker: JVM with ID: jvm_201404140148_0001_m_1355681437 given task: attempt_201404140148_0001_m_000013_0
2014-04-14 01:51:30,560 INFO org.apache.hadoop.mapred.JvmManager: JVM : jvm_201404140148_0001_m_1452775197 exited with exit code 0. Number of tasks it ran: 1
2014-04-14 01:51:30,755 INFO org.apache.hadoop.mapred.TaskTracker: Task attempt_201404140148_0001_m_000011_0 is in commit-pending, task state:COMMIT_PENDING
2014-04-14 01:51:30,756 INFO org.apache.hadoop.mapred.TaskTracker: attempt_201404140148_0001_m_000011_0 1.0% 
2014-04-14 01:51:30,877 INFO org.apache.hadoop.mapred.TaskTracker: LaunchTaskAction (registerTask): attempt_201404140148_0001_m_000015_0 task's state:UNASSIGNED
2014-04-14 01:51:30,877 INFO org.apache.hadoop.mapred.TaskTracker: Received commit task action for attempt_201404140148_0001_m_000011_0
2014-04-14 01:51:31,216 INFO org.apache.hadoop.mapred.TaskTracker: attempt_201404140148_0001_m_000009_0 1.0% 
2014-04-14 01:51:31,222 INFO org.apache.hadoop.mapred.TaskTracker: attempt_201404140148_0001_m_000009_0 1.0% 
2014-04-14 01:51:31,223 INFO org.apache.hadoop.mapred.TaskTracker: Task attempt_201404140148_0001_m_000009_0 is done.
2014-04-14 01:51:31,224 INFO org.apache.hadoop.mapred.TaskTracker: reported output size for attempt_201404140148_0001_m_000009_0  was -1
2014-04-14 01:51:31,224 INFO org.apache.hadoop.mapred.TaskTracker: addFreeSlot : current free slots : 1
2014-04-14 01:51:31,224 INFO org.apache.hadoop.mapred.TaskTracker: In TaskLauncher, current free slots : 1 and trying to launch attempt_201404140148_0001_m_000014_0 which needs 1 slots
2014-04-14 01:51:31,225 INFO org.apache.hadoop.mapred.TaskTracker: Trying to launch : attempt_201404140148_0001_m_000015_0 which needs 1 slots
2014-04-14 01:51:31,226 INFO org.apache.hadoop.mapred.TaskTracker: TaskLauncher : Waiting for 1 to launch attempt_201404140148_0001_m_000015_0, currently we have 0 free slots
2014-04-14 01:51:31,575 INFO org.apache.hadoop.mapred.JvmManager: Killing JVM: jvm_201404140148_0001_m_1151535993
2014-04-14 01:51:31,580 INFO org.apache.hadoop.mapred.JvmManager: In JvmRunner constructed JVM ID: jvm_201404140148_0001_m_1071261044
2014-04-14 01:51:31,580 INFO org.apache.hadoop.mapred.JvmManager: JVM Runner jvm_201404140148_0001_m_1071261044 spawned.
2014-04-14 01:51:31,582 INFO org.apache.hadoop.mapred.TaskController: Writing commands to /tmp/hadoop/hadoop-mgrossman/mapred/local/ttprivate/taskTracker/mgrossman/jobcache/job_201404140148_0001/attempt_201404140148_0001_m_000014_0/taskjvm.sh
2014-04-14 01:51:31,989 INFO org.apache.hadoop.mapred.TaskTracker: attempt_201404140148_0001_m_000011_0 1.0% 
2014-04-14 01:51:31,993 INFO org.apache.hadoop.mapred.TaskTracker: attempt_201404140148_0001_m_000011_0 1.0% 
2014-04-14 01:51:31,994 INFO org.apache.hadoop.mapred.TaskTracker: Task attempt_201404140148_0001_m_000011_0 is done.
2014-04-14 01:51:31,995 INFO org.apache.hadoop.mapred.TaskTracker: reported output size for attempt_201404140148_0001_m_000011_0  was -1
2014-04-14 01:51:31,995 INFO org.apache.hadoop.mapred.TaskTracker: addFreeSlot : current free slots : 1
2014-04-14 01:51:31,995 INFO org.apache.hadoop.mapred.TaskTracker: In TaskLauncher, current free slots : 1 and trying to launch attempt_201404140148_0001_m_000015_0 which needs 1 slots
2014-04-14 01:51:32,007 INFO org.apache.hadoop.mapred.JvmManager: Killing JVM: jvm_201404140148_0001_m_448497290
2014-04-14 01:51:32,012 INFO org.apache.hadoop.mapred.JvmManager: In JvmRunner constructed JVM ID: jvm_201404140148_0001_m_1980081185
2014-04-14 01:51:32,012 INFO org.apache.hadoop.mapred.JvmManager: JVM Runner jvm_201404140148_0001_m_1980081185 spawned.
2014-04-14 01:51:32,014 INFO org.apache.hadoop.mapred.TaskController: Writing commands to /tmp/hadoop/hadoop-mgrossman/mapred/local/ttprivate/taskTracker/mgrossman/jobcache/job_201404140148_0001/attempt_201404140148_0001_m_000015_0/taskjvm.sh
2014-04-14 01:51:32,449 INFO org.apache.hadoop.mapred.TaskTracker: attempt_201404140148_0001_m_000012_0 1.0% 
2014-04-14 01:51:32,793 INFO org.apache.hadoop.mapred.JvmManager: JVM : jvm_201404140148_0001_m_1151535993 exited with exit code 0. Number of tasks it ran: 1
2014-04-14 01:51:32,809 INFO org.apache.hadoop.mapred.JvmManager: JVM : jvm_201404140148_0001_m_448497290 exited with exit code 0. Number of tasks it ran: 1
2014-04-14 01:51:32,877 INFO org.apache.hadoop.mapred.TaskTracker: JVM with ID: jvm_201404140148_0001_m_1071261044 given task: attempt_201404140148_0001_m_000014_0
2014-04-14 01:51:33,544 INFO org.apache.hadoop.mapred.TaskTracker: JVM with ID: jvm_201404140148_0001_m_1980081185 given task: attempt_201404140148_0001_m_000015_0
2014-04-14 01:51:33,638 INFO org.apache.hadoop.mapred.TaskTracker: Task attempt_201404140148_0001_m_000012_0 is in commit-pending, task state:COMMIT_PENDING
2014-04-14 01:51:33,638 INFO org.apache.hadoop.mapred.TaskTracker: attempt_201404140148_0001_m_000012_0 1.0% 
2014-04-14 01:51:33,897 INFO org.apache.hadoop.mapred.TaskTracker: LaunchTaskAction (registerTask): attempt_201404140148_0001_m_000016_0 task's state:UNASSIGNED
2014-04-14 01:51:33,899 INFO org.apache.hadoop.mapred.TaskTracker: Trying to launch : attempt_201404140148_0001_m_000016_0 which needs 1 slots
2014-04-14 01:51:33,899 INFO org.apache.hadoop.mapred.TaskTracker: TaskLauncher : Waiting for 1 to launch attempt_201404140148_0001_m_000016_0, currently we have 0 free slots
2014-04-14 01:51:33,899 INFO org.apache.hadoop.mapred.TaskTracker: Received commit task action for attempt_201404140148_0001_m_000012_0
2014-04-14 01:51:35,480 INFO org.apache.hadoop.mapred.TaskTracker: attempt_201404140148_0001_m_000012_0 1.0% 
2014-04-14 01:51:35,492 INFO org.apache.hadoop.mapred.TaskTracker: attempt_201404140148_0001_m_000012_0 1.0% 
2014-04-14 01:51:35,493 INFO org.apache.hadoop.mapred.TaskTracker: Task attempt_201404140148_0001_m_000012_0 is done.
2014-04-14 01:51:35,493 INFO org.apache.hadoop.mapred.TaskTracker: reported output size for attempt_201404140148_0001_m_000012_0  was -1
2014-04-14 01:51:35,494 INFO org.apache.hadoop.mapred.TaskTracker: addFreeSlot : current free slots : 1
2014-04-14 01:51:35,494 INFO org.apache.hadoop.mapred.TaskTracker: In TaskLauncher, current free slots : 1 and trying to launch attempt_201404140148_0001_m_000016_0 which needs 1 slots
2014-04-14 01:51:35,507 INFO org.apache.hadoop.mapred.JvmManager: Killing JVM: jvm_201404140148_0001_m_1024305667
2014-04-14 01:51:35,550 INFO org.apache.hadoop.mapred.JvmManager: In JvmRunner constructed JVM ID: jvm_201404140148_0001_m_1686437602
2014-04-14 01:51:35,550 INFO org.apache.hadoop.mapred.JvmManager: JVM Runner jvm_201404140148_0001_m_1686437602 spawned.
2014-04-14 01:51:35,552 INFO org.apache.hadoop.mapred.TaskController: Writing commands to /tmp/hadoop/hadoop-mgrossman/mapred/local/ttprivate/taskTracker/mgrossman/jobcache/job_201404140148_0001/attempt_201404140148_0001_m_000016_0/taskjvm.sh
2014-04-14 01:51:36,032 INFO org.apache.hadoop.mapred.JvmManager: JVM : jvm_201404140148_0001_m_1024305667 exited with exit code 0. Number of tasks it ran: 1
2014-04-14 01:51:37,456 INFO org.apache.hadoop.mapred.TaskTracker: JVM with ID: jvm_201404140148_0001_m_1686437602 given task: attempt_201404140148_0001_m_000016_0
2014-04-14 01:51:37,483 INFO org.apache.hadoop.mapred.TaskTracker: attempt_201404140148_0001_m_000013_0 0.49654746% 
2014-04-14 01:51:40,245 INFO org.apache.hadoop.mapred.TaskTracker: attempt_201404140148_0001_m_000014_0 0.63321537% 
2014-04-14 01:51:40,590 INFO org.apache.hadoop.mapred.TaskTracker: attempt_201404140148_0001_m_000015_0 0.8059704% 
2014-04-14 01:51:40,596 INFO org.apache.hadoop.mapred.TaskTracker: attempt_201404140148_0001_m_000013_0 1.0% 
2014-04-14 01:51:43,293 INFO org.apache.hadoop.mapred.TaskTracker: attempt_201404140148_0001_m_000014_0 1.0% 
2014-04-14 01:51:43,630 INFO org.apache.hadoop.mapred.TaskTracker: attempt_201404140148_0001_m_000013_0 1.0% 
2014-04-14 01:51:43,631 INFO org.apache.hadoop.mapred.TaskTracker: attempt_201404140148_0001_m_000015_0 1.0% 
2014-04-14 01:51:45,107 INFO org.apache.hadoop.mapred.TaskTracker: attempt_201404140148_0001_m_000016_0 1.0% 
2014-04-14 01:51:46,336 INFO org.apache.hadoop.mapred.TaskTracker: attempt_201404140148_0001_m_000014_0 1.0% 
2014-04-14 01:51:46,669 INFO org.apache.hadoop.mapred.TaskTracker: attempt_201404140148_0001_m_000015_0 1.0% 
2014-04-14 01:51:46,673 INFO org.apache.hadoop.mapred.TaskTracker: attempt_201404140148_0001_m_000013_0 1.0% 
2014-04-14 01:51:48,146 INFO org.apache.hadoop.mapred.TaskTracker: attempt_201404140148_0001_m_000016_0 1.0% 
2014-04-14 01:51:49,717 INFO org.apache.hadoop.mapred.TaskTracker: attempt_201404140148_0001_m_000015_0 1.0% 
2014-04-14 01:51:49,720 INFO org.apache.hadoop.mapred.TaskTracker: attempt_201404140148_0001_m_000013_0 1.0% 
2014-04-14 01:51:51,602 INFO org.apache.hadoop.mapred.TaskTracker: Task attempt_201404140148_0001_m_000013_0 is in commit-pending, task state:COMMIT_PENDING
2014-04-14 01:51:51,603 INFO org.apache.hadoop.mapred.TaskTracker: attempt_201404140148_0001_m_000013_0 1.0% 
2014-04-14 01:51:51,950 INFO org.apache.hadoop.mapred.TaskTracker: LaunchTaskAction (registerTask): attempt_201404140148_0001_m_000017_0 task's state:UNASSIGNED
2014-04-14 01:51:51,951 INFO org.apache.hadoop.mapred.TaskTracker: Received commit task action for attempt_201404140148_0001_m_000013_0
2014-04-14 01:51:51,951 INFO org.apache.hadoop.mapred.TaskTracker: Trying to launch : attempt_201404140148_0001_m_000017_0 which needs 1 slots
2014-04-14 01:51:51,951 INFO org.apache.hadoop.mapred.TaskTracker: TaskLauncher : Waiting for 1 to launch attempt_201404140148_0001_m_000017_0, currently we have 0 free slots
2014-04-14 01:51:52,379 INFO org.apache.hadoop.mapred.TaskTracker: attempt_201404140148_0001_m_000014_0 1.0% 
2014-04-14 01:51:52,727 INFO org.apache.hadoop.mapred.TaskTracker: attempt_201404140148_0001_m_000013_0 1.0% 
2014-04-14 01:51:52,729 INFO org.apache.hadoop.mapred.TaskTracker: Task attempt_201404140148_0001_m_000013_0 is done.
2014-04-14 01:51:52,729 INFO org.apache.hadoop.mapred.TaskTracker: reported output size for attempt_201404140148_0001_m_000013_0  was -1
2014-04-14 01:51:52,730 INFO org.apache.hadoop.mapred.TaskTracker: addFreeSlot : current free slots : 1
2014-04-14 01:51:52,731 INFO org.apache.hadoop.mapred.TaskTracker: In TaskLauncher, current free slots : 1 and trying to launch attempt_201404140148_0001_m_000017_0 which needs 1 slots
2014-04-14 01:51:52,748 INFO org.apache.hadoop.mapred.JvmManager: Killing JVM: jvm_201404140148_0001_m_1355681437
2014-04-14 01:51:52,757 INFO org.apache.hadoop.mapred.JvmManager: In JvmRunner constructed JVM ID: jvm_201404140148_0001_m_1631824856
2014-04-14 01:51:52,757 INFO org.apache.hadoop.mapred.JvmManager: JVM Runner jvm_201404140148_0001_m_1631824856 spawned.
2014-04-14 01:51:52,758 INFO org.apache.hadoop.mapred.TaskTracker: attempt_201404140148_0001_m_000015_0 1.0% 
2014-04-14 01:51:52,759 INFO org.apache.hadoop.mapred.TaskController: Writing commands to /tmp/hadoop/hadoop-mgrossman/mapred/local/ttprivate/taskTracker/mgrossman/jobcache/job_201404140148_0001/attempt_201404140148_0001_m_000017_0/taskjvm.sh
2014-04-14 01:51:53,753 INFO org.apache.hadoop.mapred.TaskTracker: JVM with ID: jvm_201404140148_0001_m_1631824856 given task: attempt_201404140148_0001_m_000017_0
2014-04-14 01:51:55,935 INFO org.apache.hadoop.mapred.JvmManager: JVM : jvm_201404140148_0001_m_1355681437 exited with exit code 0. Number of tasks it ran: 1
2014-04-14 01:51:56,209 INFO org.apache.hadoop.mapred.TaskTracker: Task attempt_201404140148_0001_m_000014_0 is in commit-pending, task state:COMMIT_PENDING
2014-04-14 01:51:56,209 INFO org.apache.hadoop.mapred.TaskTracker: attempt_201404140148_0001_m_000014_0 1.0% 
2014-04-14 01:51:56,749 INFO org.apache.hadoop.mapred.TaskTracker: Task attempt_201404140148_0001_m_000015_0 is in commit-pending, task state:COMMIT_PENDING
2014-04-14 01:51:56,749 INFO org.apache.hadoop.mapred.TaskTracker: attempt_201404140148_0001_m_000015_0 1.0% 
2014-04-14 01:51:57,053 INFO org.apache.hadoop.mapred.TaskTracker: Task attempt_201404140148_0001_m_000016_0 is in commit-pending, task state:COMMIT_PENDING
2014-04-14 01:51:57,053 INFO org.apache.hadoop.mapred.TaskTracker: attempt_201404140148_0001_m_000016_0 1.0% 
2014-04-14 01:51:57,179 INFO org.apache.hadoop.mapred.TaskTracker: attempt_201404140148_0001_m_000016_0 1.0% 
2014-04-14 01:51:57,980 INFO org.apache.hadoop.mapred.TaskTracker: LaunchTaskAction (registerTask): attempt_201404140148_0001_m_000018_0 task's state:UNASSIGNED
2014-04-14 01:51:57,980 INFO org.apache.hadoop.mapred.TaskTracker: Trying to launch : attempt_201404140148_0001_m_000018_0 which needs 1 slots
2014-04-14 01:51:57,980 INFO org.apache.hadoop.mapred.TaskTracker: TaskLauncher : Waiting for 1 to launch attempt_201404140148_0001_m_000018_0, currently we have 0 free slots
2014-04-14 01:51:57,980 INFO org.apache.hadoop.mapred.TaskTracker: LaunchTaskAction (registerTask): attempt_201404140148_0001_m_000019_0 task's state:UNASSIGNED
2014-04-14 01:51:57,981 INFO org.apache.hadoop.mapred.TaskTracker: Received commit task action for attempt_201404140148_0001_m_000014_0
2014-04-14 01:51:57,981 INFO org.apache.hadoop.mapred.TaskTracker: Received commit task action for attempt_201404140148_0001_m_000015_0
2014-04-14 01:51:57,981 INFO org.apache.hadoop.mapred.TaskTracker: Received commit task action for attempt_201404140148_0001_m_000016_0
2014-04-14 01:51:58,389 INFO org.apache.hadoop.mapred.TaskTracker: attempt_201404140148_0001_m_000014_0 1.0% 
2014-04-14 01:51:58,392 INFO org.apache.hadoop.mapred.TaskTracker: Task attempt_201404140148_0001_m_000014_0 is done.
2014-04-14 01:51:58,392 INFO org.apache.hadoop.mapred.TaskTracker: reported output size for attempt_201404140148_0001_m_000014_0  was -1
2014-04-14 01:51:58,392 INFO org.apache.hadoop.mapred.TaskTracker: addFreeSlot : current free slots : 1
2014-04-14 01:51:58,393 INFO org.apache.hadoop.mapred.TaskTracker: In TaskLauncher, current free slots : 1 and trying to launch attempt_201404140148_0001_m_000018_0 which needs 1 slots
2014-04-14 01:51:58,393 INFO org.apache.hadoop.mapred.TaskTracker: Trying to launch : attempt_201404140148_0001_m_000019_0 which needs 1 slots
2014-04-14 01:51:58,393 INFO org.apache.hadoop.mapred.TaskTracker: TaskLauncher : Waiting for 1 to launch attempt_201404140148_0001_m_000019_0, currently we have 0 free slots
2014-04-14 01:51:58,405 INFO org.apache.hadoop.mapred.JvmManager: Killing JVM: jvm_201404140148_0001_m_1071261044
2014-04-14 01:51:58,410 INFO org.apache.hadoop.mapred.JvmManager: In JvmRunner constructed JVM ID: jvm_201404140148_0001_m_1304967093
2014-04-14 01:51:58,411 INFO org.apache.hadoop.mapred.JvmManager: JVM Runner jvm_201404140148_0001_m_1304967093 spawned.
2014-04-14 01:51:58,414 INFO org.apache.hadoop.mapred.TaskController: Writing commands to /tmp/hadoop/hadoop-mgrossman/mapred/local/ttprivate/taskTracker/mgrossman/jobcache/job_201404140148_0001/attempt_201404140148_0001_m_000018_0/taskjvm.sh
2014-04-14 01:51:59,445 INFO org.apache.hadoop.mapred.TaskTracker: JVM with ID: jvm_201404140148_0001_m_1304967093 given task: attempt_201404140148_0001_m_000018_0
2014-04-14 01:52:00,212 INFO org.apache.hadoop.mapred.TaskTracker: attempt_201404140148_0001_m_000016_0 1.0% 
2014-04-14 01:52:00,221 INFO org.apache.hadoop.mapred.TaskTracker: attempt_201404140148_0001_m_000016_0 1.0% 
2014-04-14 01:52:00,222 INFO org.apache.hadoop.mapred.TaskTracker: Task attempt_201404140148_0001_m_000016_0 is done.
2014-04-14 01:52:00,222 INFO org.apache.hadoop.mapred.TaskTracker: reported output size for attempt_201404140148_0001_m_000016_0  was -1
2014-04-14 01:52:00,223 INFO org.apache.hadoop.mapred.TaskTracker: addFreeSlot : current free slots : 1
2014-04-14 01:52:00,223 INFO org.apache.hadoop.mapred.TaskTracker: In TaskLauncher, current free slots : 1 and trying to launch attempt_201404140148_0001_m_000019_0 which needs 1 slots
2014-04-14 01:52:00,230 INFO org.apache.hadoop.mapred.JvmManager: Killing JVM: jvm_201404140148_0001_m_1686437602
2014-04-14 01:52:00,248 INFO org.apache.hadoop.mapred.JvmManager: In JvmRunner constructed JVM ID: jvm_201404140148_0001_m_983846651
2014-04-14 01:52:00,248 INFO org.apache.hadoop.mapred.JvmManager: JVM Runner jvm_201404140148_0001_m_983846651 spawned.
2014-04-14 01:52:00,251 INFO org.apache.hadoop.mapred.TaskController: Writing commands to /tmp/hadoop/hadoop-mgrossman/mapred/local/ttprivate/taskTracker/mgrossman/jobcache/job_201404140148_0001/attempt_201404140148_0001_m_000019_0/taskjvm.sh
2014-04-14 01:52:00,294 INFO org.apache.hadoop.mapred.JvmManager: JVM : jvm_201404140148_0001_m_1071261044 exited with exit code 0. Number of tasks it ran: 1
2014-04-14 01:52:00,661 INFO org.apache.hadoop.mapred.TaskTracker: attempt_201404140148_0001_m_000017_0 1.0% 
2014-04-14 01:52:01,308 INFO org.apache.hadoop.mapred.TaskTracker: JVM with ID: jvm_201404140148_0001_m_983846651 given task: attempt_201404140148_0001_m_000019_0
2014-04-14 01:52:01,798 INFO org.apache.hadoop.mapred.TaskTracker: attempt_201404140148_0001_m_000015_0 1.0% 
2014-04-14 01:52:01,801 INFO org.apache.hadoop.mapred.TaskTracker: attempt_201404140148_0001_m_000015_0 1.0% 
2014-04-14 01:52:01,803 INFO org.apache.hadoop.mapred.TaskTracker: Task attempt_201404140148_0001_m_000015_0 is done.
2014-04-14 01:52:01,803 INFO org.apache.hadoop.mapred.TaskTracker: reported output size for attempt_201404140148_0001_m_000015_0  was -1
2014-04-14 01:52:01,804 INFO org.apache.hadoop.mapred.TaskTracker: addFreeSlot : current free slots : 1
2014-04-14 01:52:02,456 INFO org.apache.hadoop.mapred.JvmManager: JVM : jvm_201404140148_0001_m_1686437602 exited with exit code 0. Number of tasks it ran: 1
2014-04-14 01:52:02,469 INFO org.apache.hadoop.mapred.JvmManager: JVM : jvm_201404140148_0001_m_1980081185 exited with exit code 0. Number of tasks it ran: 1
2014-04-14 01:52:03,146 INFO org.apache.hadoop.mapred.TaskTracker: Task attempt_201404140148_0001_m_000017_0 is in commit-pending, task state:COMMIT_PENDING
2014-04-14 01:52:03,147 INFO org.apache.hadoop.mapred.TaskTracker: attempt_201404140148_0001_m_000017_0 1.0% 
2014-04-14 01:52:03,693 INFO org.apache.hadoop.mapred.TaskTracker: attempt_201404140148_0001_m_000017_0 1.0% 
2014-04-14 01:52:04,017 INFO org.apache.hadoop.mapred.TaskTracker: Received commit task action for attempt_201404140148_0001_m_000017_0
2014-04-14 01:52:06,335 INFO org.apache.hadoop.mapred.TaskTracker: attempt_201404140148_0001_m_000018_0 0.94217575% 
2014-04-14 01:52:06,724 INFO org.apache.hadoop.mapred.TaskTracker: attempt_201404140148_0001_m_000017_0 1.0% 
2014-04-14 01:52:06,729 INFO org.apache.hadoop.mapred.TaskTracker: attempt_201404140148_0001_m_000017_0 1.0% 
2014-04-14 01:52:06,731 INFO org.apache.hadoop.mapred.TaskTracker: Task attempt_201404140148_0001_m_000017_0 is done.
2014-04-14 01:52:06,731 INFO org.apache.hadoop.mapred.TaskTracker: reported output size for attempt_201404140148_0001_m_000017_0  was -1
2014-04-14 01:52:06,731 INFO org.apache.hadoop.mapred.TaskTracker: addFreeSlot : current free slots : 2
2014-04-14 01:52:08,447 INFO org.apache.hadoop.mapred.TaskTracker: attempt_201404140148_0001_m_000019_0 1.0% 
2014-04-14 01:52:09,374 INFO org.apache.hadoop.mapred.TaskTracker: attempt_201404140148_0001_m_000018_0 1.0% 
2014-04-14 01:52:09,676 INFO org.apache.hadoop.mapred.JvmManager: JVM : jvm_201404140148_0001_m_1631824856 exited with exit code 0. Number of tasks it ran: 1
2014-04-14 01:52:11,493 INFO org.apache.hadoop.mapred.TaskTracker: attempt_201404140148_0001_m_000019_0 1.0% 
2014-04-14 01:52:12,415 INFO org.apache.hadoop.mapred.TaskTracker: attempt_201404140148_0001_m_000018_0 1.0% 
2014-04-14 01:52:14,537 INFO org.apache.hadoop.mapred.TaskTracker: attempt_201404140148_0001_m_000019_0 1.0% 
2014-04-14 01:52:14,811 INFO org.apache.hadoop.mapred.TaskTracker: Task attempt_201404140148_0001_m_000019_0 is in commit-pending, task state:COMMIT_PENDING
2014-04-14 01:52:14,811 INFO org.apache.hadoop.mapred.TaskTracker: attempt_201404140148_0001_m_000019_0 1.0% 
2014-04-14 01:52:15,307 INFO org.apache.hadoop.mapred.TaskTracker: Task attempt_201404140148_0001_m_000018_0 is in commit-pending, task state:COMMIT_PENDING
2014-04-14 01:52:15,308 INFO org.apache.hadoop.mapred.TaskTracker: attempt_201404140148_0001_m_000018_0 1.0% 
2014-04-14 01:52:15,449 INFO org.apache.hadoop.mapred.TaskTracker: attempt_201404140148_0001_m_000018_0 1.0% 
2014-04-14 01:52:16,054 INFO org.apache.hadoop.mapred.TaskTracker: Received commit task action for attempt_201404140148_0001_m_000018_0
2014-04-14 01:52:16,054 INFO org.apache.hadoop.mapred.TaskTracker: Received commit task action for attempt_201404140148_0001_m_000019_0
2014-04-14 01:52:17,580 INFO org.apache.hadoop.mapred.TaskTracker: attempt_201404140148_0001_m_000019_0 1.0% 
2014-04-14 01:52:17,585 INFO org.apache.hadoop.mapred.TaskTracker: attempt_201404140148_0001_m_000019_0 1.0% 
2014-04-14 01:52:17,587 INFO org.apache.hadoop.mapred.TaskTracker: Task attempt_201404140148_0001_m_000019_0 is done.
2014-04-14 01:52:17,588 INFO org.apache.hadoop.mapred.TaskTracker: reported output size for attempt_201404140148_0001_m_000019_0  was -1
2014-04-14 01:52:17,588 INFO org.apache.hadoop.mapred.TaskTracker: addFreeSlot : current free slots : 3
2014-04-14 01:52:17,917 INFO org.apache.hadoop.mapred.JvmManager: JVM : jvm_201404140148_0001_m_983846651 exited with exit code 0. Number of tasks it ran: 1
2014-04-14 01:52:18,480 INFO org.apache.hadoop.mapred.TaskTracker: attempt_201404140148_0001_m_000018_0 1.0% 
2014-04-14 01:52:18,483 INFO org.apache.hadoop.mapred.TaskTracker: attempt_201404140148_0001_m_000018_0 1.0% 
2014-04-14 01:52:18,484 INFO org.apache.hadoop.mapred.TaskTracker: Task attempt_201404140148_0001_m_000018_0 is done.
2014-04-14 01:52:18,484 INFO org.apache.hadoop.mapred.TaskTracker: reported output size for attempt_201404140148_0001_m_000018_0  was -1
2014-04-14 01:52:18,485 INFO org.apache.hadoop.mapred.TaskTracker: addFreeSlot : current free slots : 4
2014-04-14 01:52:18,858 INFO org.apache.hadoop.mapred.JvmManager: JVM : jvm_201404140148_0001_m_1304967093 exited with exit code 0. Number of tasks it ran: 1
2014-04-14 01:52:19,082 INFO org.apache.hadoop.mapred.TaskTracker: LaunchTaskAction (registerTask): attempt_201404140148_0001_m_000020_0 task's state:UNASSIGNED
2014-04-14 01:52:19,083 INFO org.apache.hadoop.mapred.TaskTracker: Trying to launch : attempt_201404140148_0001_m_000020_0 which needs 1 slots
2014-04-14 01:52:19,083 INFO org.apache.hadoop.mapred.TaskTracker: In TaskLauncher, current free slots : 4 and trying to launch attempt_201404140148_0001_m_000020_0 which needs 1 slots
2014-04-14 01:52:19,091 INFO org.apache.hadoop.mapred.JvmManager: In JvmRunner constructed JVM ID: jvm_201404140148_0001_m_1312905128
2014-04-14 01:52:19,092 INFO org.apache.hadoop.mapred.JvmManager: JVM Runner jvm_201404140148_0001_m_1312905128 spawned.
2014-04-14 01:52:19,095 INFO org.apache.hadoop.mapred.TaskController: Writing commands to /tmp/hadoop/hadoop-mgrossman/mapred/local/ttprivate/taskTracker/mgrossman/jobcache/job_201404140148_0001/attempt_201404140148_0001_m_000020_0/taskjvm.sh
2014-04-14 01:52:20,242 INFO org.apache.hadoop.mapred.TaskTracker: JVM with ID: jvm_201404140148_0001_m_1312905128 given task: attempt_201404140148_0001_m_000020_0
2014-04-14 01:52:21,123 INFO org.apache.hadoop.mapred.TaskTracker: attempt_201404140148_0001_m_000020_0 0.0% 
2014-04-14 01:52:24,031 INFO org.apache.hadoop.mapred.TaskTracker: attempt_201404140148_0001_m_000020_0 0.0% cleanup
2014-04-14 01:52:24,033 INFO org.apache.hadoop.mapred.TaskTracker: Task attempt_201404140148_0001_m_000020_0 is done.
2014-04-14 01:52:24,034 INFO org.apache.hadoop.mapred.TaskTracker: reported output size for attempt_201404140148_0001_m_000020_0  was -1
2014-04-14 01:52:24,034 INFO org.apache.hadoop.mapred.TaskTracker: addFreeSlot : current free slots : 4
2014-04-14 01:52:24,273 INFO org.apache.hadoop.mapred.JvmManager: JVM : jvm_201404140148_0001_m_1312905128 exited with exit code 0. Number of tasks it ran: 1
2014-04-14 01:52:25,166 INFO org.apache.hadoop.mapred.TaskTracker: Received 'KillJobAction' for job: job_201404140148_0001
2014-04-14 01:52:25,167 INFO org.apache.hadoop.mapred.IndexCache: Map ID attempt_201404140148_0001_m_000010_0 not found in cache
2014-04-14 01:52:25,167 INFO org.apache.hadoop.mapred.IndexCache: Map ID attempt_201404140148_0001_m_000015_0 not found in cache
2014-04-14 01:52:25,167 INFO org.apache.hadoop.mapred.IndexCache: Map ID attempt_201404140148_0001_m_000003_0 not found in cache
2014-04-14 01:52:25,168 INFO org.apache.hadoop.mapred.IndexCache: Map ID attempt_201404140148_0001_m_000016_0 not found in cache
2014-04-14 01:52:25,168 INFO org.apache.hadoop.mapred.IndexCache: Map ID attempt_201404140148_0001_m_000009_0 not found in cache
2014-04-14 01:52:25,169 INFO org.apache.hadoop.mapred.IndexCache: Map ID attempt_201404140148_0001_m_000017_0 not found in cache
2014-04-14 01:52:25,169 INFO org.apache.hadoop.mapred.IndexCache: Map ID attempt_201404140148_0001_m_000005_0 not found in cache
2014-04-14 01:52:25,169 INFO org.apache.hadoop.mapred.IndexCache: Map ID attempt_201404140148_0001_m_000011_0 not found in cache
2014-04-14 01:52:25,170 INFO org.apache.hadoop.mapred.IndexCache: Map ID attempt_201404140148_0001_m_000018_0 not found in cache
2014-04-14 01:52:25,170 INFO org.apache.hadoop.mapred.IndexCache: Map ID attempt_201404140148_0001_m_000004_0 not found in cache
2014-04-14 01:52:25,171 INFO org.apache.hadoop.mapred.IndexCache: Map ID attempt_201404140148_0001_m_000013_0 not found in cache
2014-04-14 01:52:25,171 INFO org.apache.hadoop.mapred.IndexCache: Map ID attempt_201404140148_0001_m_000001_0 not found in cache
2014-04-14 01:52:25,171 INFO org.apache.hadoop.mapred.IndexCache: Map ID attempt_201404140148_0001_m_000012_0 not found in cache
2014-04-14 01:52:25,172 INFO org.apache.hadoop.mapred.IndexCache: Map ID attempt_201404140148_0001_m_000006_0 not found in cache
2014-04-14 01:52:25,172 INFO org.apache.hadoop.mapred.IndexCache: Map ID attempt_201404140148_0001_m_000019_0 not found in cache
2014-04-14 01:52:25,172 INFO org.apache.hadoop.mapred.IndexCache: Map ID attempt_201404140148_0001_m_000002_0 not found in cache
2014-04-14 01:52:25,173 INFO org.apache.hadoop.mapred.IndexCache: Map ID attempt_201404140148_0001_m_000020_0 not found in cache
2014-04-14 01:52:25,173 INFO org.apache.hadoop.mapred.IndexCache: Map ID attempt_201404140148_0001_m_000008_0 not found in cache
2014-04-14 01:52:25,174 INFO org.apache.hadoop.mapred.IndexCache: Map ID attempt_201404140148_0001_m_000000_0 not found in cache
2014-04-14 01:52:25,174 INFO org.apache.hadoop.mapred.IndexCache: Map ID attempt_201404140148_0001_m_000007_0 not found in cache
2014-04-14 01:52:25,174 INFO org.apache.hadoop.mapred.IndexCache: Map ID attempt_201404140148_0001_m_000014_0 not found in cache
2014-04-14 01:52:25,175 INFO org.apache.hadoop.mapred.UserLogCleaner: Adding job_201404140148_0001 for user-log deletion with retainTimeStamp:1397544745174
